<?xml version="1.0" encoding="UTF-8"?>
<tsduck>
  <EIT service_id="1" transport_stream_id="1" original_network_id="1">
    <event event_id="1" start_time="2023:03:01 20:00:00" duration="00:30:00"/>
    <event event_id="2" start_time="2023:03:01 20:30:00" duration="00:30:00"/>
    <event event_id="3" start_time="2023:03:01 21:00:00" duration="00:30:00"/>
    <event event_id="4" start_time="2023:03:01 21:30:00" duration="00:30:00"/>
    <event event_id="5" start_time="2023:03:01 22:00:00" duration="00:30:00"/>
    <event event_id="6" start_time="2023:03:01 22:30:00" duration="00:30:00"/>
    <event event_id="7" start_time="2023:03:01 23:00:00" duration="00:30:00"/>
    <event event_id="8" start_time="2023:03:01 23:30:00" duration="00:30:00"/>
    <event event_id="9" start_time="2023:03:02 00:00:00" duration="00:30:00"/>
    <event event_id="10" start_time="2023:03:02 00:30:00" duration="00:30:00"/>
    <event event_id="11" start_time="2023:03:02 01:00:00" duration="00:30:00"/>
    <event event_id="12" start_time="2023:03:02 01:30:00" duration="00:30:00"/>
    <event event_id="13" start_time="2023:03:02 02:00:00" duration="00:30:00"/>
    <event event_id="14" start_time="2023:03:02 02:30:00" duration="00:30:00"/>
    <event event_id="15" start_time="2023:03:02 03:00:00" duration="00:30:00"/>
    <event event_id="16" start_time="2023:03:02 03:30:00" duration="00:30:00"/>
    <event event_id="17" start_time="2023:03:02 04:00:00" duration="00:30:00"/>
    <event event_id="18" start_time="2023:03:02 04:30:00" duration="00:30:00"/>
    <event event_id="19" start_time="2023:03:02 05:00:00" duration="00:30:00"/>
    <event event_id="20" start_time="2023:03:02 05:30:00" duration="00:30:00"/>
    <event event_id="21" start_time="2023:03:02 06:00:00" duration="00:30:00"/>
    <event event_id="22" start_time="2023:03:02 06:30:00" duration="00:30:00"/>
    <event event_id="23" start_time="2023:03:02 07:00:00" duration="00:30:00"/>
    <event event_id="24" start_time="2023:03:02 07:30:00" duration="00:30:00"/>
    <event event_id="25" start_time="2023:03:02 08:00:00" duration="00:30:00"/>
    <event event_id="26" start_time="2023:03:02 08:30:00" duration="00:30:00"/>
    <event event_id="27" start_time="2023:03:02 09:00:00" duration="00:30:00"/>
    <event event_id="28" start_time="2023:03:02 09:30:00" duration="00:30:00"/>
    <event event_id="29" start_time="2023:03:02 10:00:00" duration="00:30:00"/>
    <event event_id="30" start_time="2023:03:02 10:30:00" duration="00:30:00"/>
    <event event_id="31" start_time="2023:03:02 11:00:00" duration="00:30:00"/>
    <event event_id="32" start_time="2023:03:02 11:30:00" duration="00:30:00"/>
    <event event_id="33" start_time="2023:03:02 12:00:00" duration="00:30:00"/>
    <event event_id="34" start_time="2023:03:02 12:30:00" duration="00:30:00"/>
    <event event_id="35" start_time="2023:03:02 13:00:00" duration="00:30:00"/>
    <event event_id="36" start_time="2023:03:02 13:30:00" duration="00:30:00"/>
    <event event_id="37" start_time="2023:03:02 14:00:00" duration="00:30:00"/>
    <event event_id="38" start_time="2023:03:02 14:30:00" duration="00:30:00"/>
    <event event_id="39" start_time="2023:03:02 15:00:00" duration="00:30:00"/>
    <event event_id="40" start_time="2023:03:02 15:30:00" duration="00:30:00"/>
    <event event_id="41" start_time="2023:03:02 16:00:00" duration="00:30:00"/>
    <event event_id="42" start_time="2023:03:02 16:30:00" duration="00:30:00"/>
    <event event_id="43" start_time="2023:03:02 17:00:00" duration="00:30:00"/>
    <event event_id="44" start_time="2023:03:02 17:30:00" duration="00:30:00"/>
    <event event_id="45" start_time="2023:03:02 18:00:00" duration="00:30:00"/>
    <event event_id="46" start_time="2023:03:02 18:30:00" duration="00:30:00"/>
    <event event_id="47" start_time="2023:03:02 19:00:00" duration="00:30:00"/>
    <event event_id="48" start_time="2023:03:02 19:30:00" duration="00:30:00"/>
    <event event_id="49" start_time="2023:03:02 20:00:00" duration="00:30:00"/>
    <event event_id="50" start_time="2023:03:02 20:30:00" duration="00:30:00"/>
    <event event_id="51" start_time="2023:03:02 21:00:00" duration="00:30:00"/>
    <event event_id="52" start_time="2023:03:02 21:30:00" duration="00:30:00"/>
    <event event_id="53" start_time="2023:03:02 22:00:00" duration="00:30:00"/>
    <event event_id="54" start_time="2023:03:02 22:30:00" duration="00:30:00"/>
    <event event_id="55" start_time="2023:03:02 23:00:00" duration="00:30:00"/>
    <event event_id="56" start_time="2023:03:02 23:30:00" duration="00:30:00"/>
    <event event_id="57" start_time="2023:03:03 00:00:00" duration="00:30:00"/>
    <event event_id="58" start_time="2023:03:03 00:30:00" duration="00:30:00"/>
    <event event_id="59" start_time="2023:03:03 01:00:00" duration="00:30:00"/>
    <event event_id="60" start_time="2023:03:03 01:30:00" duration="00:30:00"/>
    <event event_id="61" start_time="2023:03:03 02:00:00" duration="00:30:00"/>
    <event event_id="62" start_time="2023:03:03 02:30:00" duration="00:30:00"/>
    <event event_id="63" start_time="2023:03:03 03:00:00" duration="00:30:00"/>
    <event event_id="64" start_time="2023:03:03 03:30:00" duration="00:30:00"/>
    <event event_id="65" start_time="2023:03:03 04:00:00" duration="00:30:00"/>
    <event event_id="66" start_time="2023:03:03 04:30:00" duration="00:30:00"/>
    <event event_id="67" start_time="2023:03:03 05:00:00" duration="00:30:00"/>
    <event event_id="68" start_time="2023:03:03 05:30:00" duration="00:30:00"/>
    <event event_id="69" start_time="2023:03:03 06:00:00" duration="00:30:00"/>
    <event event_id="70" start_time="2023:03:03 06:30:00" duration="00:30:00"/>
    <event event_id="71" start_time="2023:03:03 07:00:00" duration="00:30:00"/>
    <event event_id="72" start_time="2023:03:03 07:30:00" duration="00:30:00"/>
    <event event_id="73" start_time="2023:03:03 08:00:00" duration="00:30:00"/>
    <event event_id="74" start_time="2023:03:03 08:30:00" duration="00:30:00"/>
    <event event_id="75" start_time="2023:03:03 09:00:00" duration="00:30:00"/>
    <event event_id="76" start_time="2023:03:03 09:30:00" duration="00:30:00"/>
    <event event_id="77" start_time="2023:03:03 10:00:00" duration="00:30:00"/>
    <event event_id="78" start_time="2023:03:03 10:30:00" duration="00:30:00"/>
    <event event_id="79" start_time="2023:03:03 11:00:00" duration="00:30:00"/>
    <event event_id="80" start_time="2023:03:03 11:30:00" duration="00:30:00"/>
    <event event_id="81" start_time="2023:03:03 12:00:00" duration="00:30:00"/>
    <event event_id="82" start_time="2023:03:03 12:30:00" duration="00:30:00"/>
    <event event_id="83" start_time="2023:03:03 13:00:00" duration="00:30:00"/>
    <event event_id="84" start_time="2023:03:03 13:30:00" duration="00:30:00"/>
    <event event_id="85" start_time="2023:03:03 14:00:00" duration="00:30:00"/>
    <event event_id="86" start_time="2023:03:03 14:30:00" duration="00:30:00"/>
    <event event_id="87" start_time="2023:03:03 15:00:00" duration="00:30:00"/>
    <event event_id="88" start_time="2023:03:03 15:30:00" duration="00:30:00"/>
    <event event_id="89" start_time="2023:03:03 16:00:00" duration="00:30:00"/>
    <event event_id="90" start_time="2023:03:03 16:30:00" duration="00:30:00"/>
    <event event_id="91" start_time="2023:03:03 17:00:00" duration="00:30:00"/>
    <event event_id="92" start_time="2023:03:03 17:30:00" duration="00:30:00"/>
    <event event_id="93" start_time="2023:03:03 18:00:00" duration="00:30:00"/>
    <event event_id="94" start_time="2023:03:03 18:30:00" duration="00:30:00"/>
    <event event_id="95" start_time="2023:03:03 19:00:00" duration="00:30:00"/>
    <event event_id="96" start_time="2023:03:03 19:30:00" duration="00:30:00"/>
    <event event_id="97" start_time="2023:03:03 20:00:00" duration="00:30:00"/>
    <event event_id="98" start_time="2023:03:03 20:30:00" duration="00:30:00"/>
    <event event_id="99" start_time="2023:03:03 21:00:00" duration="00:30:00"/>
    <event event_id="100" start_time="2023:03:03 21:30:00" duration="00:30:00"/>
    <event event_id="101" start_time="2023:03:03 22:00:00" duration="00:30:00"/>
    <event event_id="102" start_time="2023:03:03 22:30:00" duration="00:30:00"/>
    <event event_id="103" start_time="2023:03:03 23:00:00" duration="00:30:00"/>
    <event event_id="104" start_time="2023:03:03 23:30:00" duration="00:30:00"/>
    <event event_id="105" start_time="2023:03:04 00:00:00" duration="00:30:00"/>
    <event event_id="106" start_time="2023:03:04 00:30:00" duration="00:30:00"/>
    <event event_id="107" start_time="2023:03:04 01:00:00" duration="00:30:00"/>
    <event event_id="108" start_time="2023:03:04 01:30:00" duration="00:30:00"/>
    <event event_id="109" start_time="2023:03:04 02:00:00" duration="00:30:00"/>
    <event event_id="110" start_time="2023:03:04 02:30:00" duration="00:30:00"/>
    <event event_id="111" start_time="2023:03:04 03:00:00" duration="00:30:00"/>
    <event event_id="112" start_time="2023:03:04 03:30:00" duration="00:30:00"/>
    <event event_id="113" start_time="2023:03:04 04:00:00" duration="00:30:00"/>
    <event event_id="114" start_time="2023:03:04 04:30:00" duration="00:30:00"/>
    <event event_id="115" start_time="2023:03:04 05:00:00" duration="00:30:00"/>
    <event event_id="116" start_time="2023:03:04 05:30:00" duration="00:30:00"/>
    <event event_id="117" start_time="2023:03:04 06:00:00" duration="00:30:00"/>
    <event event_id="118" start_time="2023:03:04 06:30:00" duration="00:30:00"/>
    <event event_id="119" start_time="2023:03:04 07:00:00" duration="00:30:00"/>
    <event event_id="120" start_time="2023:03:04 07:30:00" duration="00:30:00"/>
    <event event_id="121" start_time="2023:03:04 08:00:00" duration="00:30:00"/>
    <event event_id="122" start_time="2023:03:04 08:30:00" duration="00:30:00"/>
    <event event_id="123" start_time="2023:03:04 09:00:00" duration="00:30:00"/>
    <event event_id="124" start_time="2023:03:04 09:30:00" duration="00:30:00"/>
    <event event_id="125" start_time="2023:03:04 10:00:00" duration="00:30:00"/>
    <event event_id="126" start_time="2023:03:04 10:30:00" duration="00:30:00"/>
    <event event_id="127" start_time="2023:03:04 11:00:00" duration="00:30:00"/>
    <event event_id="128" start_time="2023:03:04 11:30:00" duration="00:30:00"/>
    <event event_id="129" start_time="2023:03:04 12:00:00" duration="00:30:00"/>
    <event event_id="130" start_time="2023:03:04 12:30:00" duration="00:30:00"/>
    <event event_id="131" start_time="2023:03:04 13:00:00" duration="00:30:00"/>
    <event event_id="132" start_time="2023:03:04 13:30:00" duration="00:30:00"/>
    <event event_id="133" start_time="2023:03:04 14:00:00" duration="00:30:00"/>
    <event event_id="134" start_time="2023:03:04 14:30:00" duration="00:30:00"/>
    <event event_id="135" start_time="2023:03:04 15:00:00" duration="00:30:00"/>
    <event event_id="136" start_time="2023:03:04 15:30:00" duration="00:30:00"/>
    <event event_id="137" start_time="2023:03:04 16:00:00" duration="00:30:00"/>
    <event event_id="138" start_time="2023:03:04 16:30:00" duration="00:30:00"/>
    <event event_id="139" start_time="2023:03:04 17:00:00" duration="00:30:00"/>
    <event event_id="140" start_time="2023:03:04 17:30:00" duration="00:30:00"/>
    <event event_id="141" start_time="2023:03:04 18:00:00" duration="00:30:00"/>
    <event event_id="142" start_time="2023:03:04 18:30:00" duration="00:30:00"/>
    <event event_id="143" start_time="2023:03:04 19:00:00" duration="00:30:00"/>
    <event event_id="144" start_time="2023:03:04 19:30:00" duration="00:30:00"/>
    <event event_id="145" start_time="2023:03:04 20:00:00" duration="00:30:00"/>
    <event event_id="146" start_time="2023:03:04 20:30:00" duration="00:30:00"/>
    <event event_id="147" start_time="2023:03:04 21:00:00" duration="00:30:00"/>
    <event event_id="148" start_time="2023:03:04 21:30:00" duration="00:30:00"/>
    <event event_id="149" start_time="2023:03:04 22:00:00" duration="00:30:00"/>
    <event event_id="150" start_time="2023:03:04 22:30:00" duration="00:30:00"/>
    <event event_id="151" start_time="2023:03:04 23:00:00" duration="00:30:00"/>
    <event event_id="152" start_time="2023:03:04 23:30:00" duration="00:30:00"/>
    <event event_id="153" start_time="2023:03:05 00:00:00" duration="00:30:00"/>
    <event event_id="154" start_time="2023:03:05 00:30:00" duration="00:30:00"/>
    <event event_id="155" start_time="2023:03:05 01:00:00" duration="00:30:00"/>
    <event event_id="156" start_time="2023:03:05 01:30:00" duration="00:30:00"/>
    <event event_id="157" start_time="2023:03:05 02:00:00" duration="00:30:00"/>
    <event event_id="158" start_time="2023:03:05 02:30:00" duration="00:30:00"/>
    <event event_id="159" start_time="2023:03:05 03:00:00" duration="00:30:00"/>
    <event event_id="160" start_time="2023:03:05 03:30:00" duration="00:30:00"/>
    <event event_id="161" start_time="2023:03:05 04:00:00" duration="00:30:00"/>
    <event event_id="162" start_time="2023:03:05 04:30:00" duration="00:30:00"/>
    <event event_id="163" start_time="2023:03:05 05:00:00" duration="00:30:00"/>
    <event event_id="164" start_time="2023:03:05 05:30:00" duration="00:30:00"/>
    <event event_id="165" start_time="2023:03:05 06:00:00" duration="00:30:00"/>
    <event event_id="166" start_time="2023:03:05 06:30:00" duration="00:30:00"/>
    <event event_id="167" start_time="2023:03:05 07:00:00" duration="00:30:00"/>
    <event event_id="168" start_time="2023:03:05 07:30:00" duration="00:30:00"/>
    <event event_id="169" start_time="2023:03:05 08:00:00" duration="00:30:00"/>
    <event event_id="170" start_time="2023:03:05 08:30:00" duration="00:30:00"/>
    <event event_id="171" start_time="2023:03:05 09:00:00" duration="00:30:00"/>
    <event event_id="172" start_time="2023:03:05 09:30:00" duration="00:30:00"/>
    <event event_id="173" start_time="2023:03:05 10:00:00" duration="00:30:00"/>
    <event event_id="174" start_time="2023:03:05 10:30:00" duration="00:30:00"/>
    <event event_id="175" start_time="2023:03:05 11:00:00" duration="00:30:00"/>
    <event event_id="176" start_time="2023:03:05 11:30:00" duration="00:30:00"/>
    <event event_id="177" start_time="2023:03:05 12:00:00" duration="00:30:00"/>
    <event event_id="178" start_time="2023:03:05 12:30:00" duration="00:30:00"/>
    <event event_id="179" start_time="2023:03:05 13:00:00" duration="00:30:00"/>
    <event event_id="180" start_time="2023:03:05 13:30:00" duration="00:30:00"/>
    <event event_id="181" start_time="2023:03:05 14:00:00" duration="00:30:00"/>
    <event event_id="182" start_time="2023:03:05 14:30:00" duration="00:30:00"/>
    <event event_id="183" start_time="2023:03:05 15:00:00" duration="00:30:00"/>
    <event event_id="184" start_time="2023:03:05 15:30:00" duration="00:30:00"/>
    <event event_id="185" start_time="2023:03:05 16:00:00" duration="00:30:00"/>
    <event event_id="186" start_time="2023:03:05 16:30:00" duration="00:30:00"/>
    <event event_id="187" start_time="2023:03:05 17:00:00" duration="00:30:00"/>
    <event event_id="188" start_time="2023:03:05 17:30:00" duration="00:30:00"/>
    <event event_id="189" start_time="2023:03:05 18:00:00" duration="00:30:00"/>
    <event event_id="190" start_time="2023:03:05 18:30:00" duration="00:30:00"/>
    <event event_id="191" start_time="2023:03:05 19:00:00" duration="00:30:00"/>
    <event event_id="192" start_time="2023:03:05 19:30:00" duration="00:30:00"/>
    <event event_id="193" start_time="2023:03:05 20:00:00" duration="00:30:00"/>
    <event event_id="194" start_time="2023:03:05 20:30:00" duration="00:30:00"/>
    <event event_id="195" start_time="2023:03:05 21:00:00" duration="00:30:00"/>
    <event event_id="196" start_time="2023:03:05 21:30:00" duration="00:30:00"/>
    <event event_id="197" start_time="2023:03:05 22:00:00" duration="00:30:00"/>
    <event event_id="198" start_time="2023:03:05 22:30:00" duration="00:30:00"/>
    <event event_id="199" start_time="2023:03:05 23:00:00" duration="00:30:00"/>
    <event event_id="200" start_time="2023:03:05 23:30:00" duration="00:30:00"/>
    <event event_id="201" start_time="2023:03:06 00:00:00" duration="00:30:00"/>
    <event event_id="202" start_time="2023:03:06 00:30:00" duration="00:30:00"/>
    <event event_id="203" start_time="2023:03:06 01:00:00" duration="00:30:00"/>
    <event event_id="204" start_time="2023:03:06 01:30:00" duration="00:30:00"/>
    <event event_id="205" start_time="2023:03:06 02:00:00" duration="00:30:00"/>
    <event event_id="206" start_time="2023:03:06 02:30:00" duration="00:30:00"/>
    <event event_id="207" start_time="2023:03:06 03:00:00" duration="00:30:00"/>
    <event event_id="208" start_time="2023:03:06 03:30:00" duration="00:30:00"/>
    <event event_id="209" start_time="2023:03:06 04:00:00" duration="00:30:00"/>
    <event event_id="210" start_time="2023:03:06 04:30:00" duration="00:30:00"/>
    <event event_id="211" start_time="2023:03:06 05:00:00" duration="00:30:00"/>
    <event event_id="212" start_time="2023:03:06 05:30:00" duration="00:30:00"/>
    <event event_id="213" start_time="2023:03:06 06:00:00" duration="00:30:00"/>
    <event event_id="214" start_time="2023:03:06 06:30:00" duration="00:30:00"/>
    <event event_id="215" start_time="2023:03:06 07:00:00" duration="00:30:00"/>
    <event event_id="216" start_time="2023:03:06 07:30:00" duration="00:30:00"/>
    <event event_id="217" start_time="2023:03:06 08:00:00" duration="00:30:00"/>
    <event event_id="218" start_time="2023:03:06 08:30:00" duration="00:30:00"/>
    <event event_id="219" start_time="2023:03:06 09:00:00" duration="00:30:00"/>
    <event event_id="220" start_time="2023:03:06 09:30:00" duration="00:30:00"/>
    <event event_id="221" start_time="2023:03:06 10:00:00" duration="00:30:00"/>
    <event event_id="222" start_time="2023:03:06 10:30:00" duration="00:30:00"/>
    <event event_id="223" start_time="2023:03:06 11:00:00" duration="00:30:00"/>
    <event event_id="224" start_time="2023:03:06 11:30:00" duration="00:30:00"/>
    <event event_id="225" start_time="2023:03:06 12:00:00" duration="00:30:00"/>
    <event event_id="226" start_time="2023:03:06 12:30:00" duration="00:30:00"/>
    <event event_id="227" start_time="2023:03:06 13:00:00" duration="00:30:00"/>
    <event event_id="228" start_time="2023:03:06 13:30:00" duration="00:30:00"/>
    <event event_id="229" start_time="2023:03:06 14:00:00" duration="00:30:00"/>
    <event event_id="230" start_time="2023:03:06 14:30:00" duration="00:30:00"/>
    <event event_id="231" start_time="2023:03:06 15:00:00" duration="00:30:00"/>
    <event event_id="232" start_time="2023:03:06 15:30:00" duration="00:30:00"/>
    <event event_id="233" start_time="2023:03:06 16:00:00" duration="00:30:00"/>
    <event event_id="234" start_time="2023:03:06 16:30:00" duration="00:30:00"/>
    <event event_id="235" start_time="2023:03:06 17:00:00" duration="00:30:00"/>
    <event event_id="236" start_time="2023:03:06 17:30:00" duration="00:30:00"/>
    <event event_id="237" start_time="2023:03:06 18:00:00" duration="00:30:00"/>
    <event event_id="238" start_time="2023:03:06 18:30:00" duration="00:30:00"/>
    <event event_id="239" start_time="2023:03:06 19:00:00" duration="00:30:00"/>
    <event event_id="240" start_time="2023:03:06 19:30:00" duration="00:30:00"/>
    <event event_id="241" start_time="2023:03:06 20:00:00" duration="00:30:00"/>
    <event event_id="242" start_time="2023:03:06 20:30:00" duration="00:30:00"/>
    <event event_id="243" start_time="2023:03:06 21:00:00" duration="00:30:00"/>
    <event event_id="244" start_time="2023:03:06 21:30:00" duration="00:30:00"/>
    <event event_id="245" start_time="2023:03:06 22:00:00" duration="00:30:00"/>
    <event event_id="246" start_time="2023:03:06 22:30:00" duration="00:30:00"/>
    <event event_id="247" start_time="2023:03:06 23:00:00" duration="00:30:00"/>
    <event event_id="248" start_time="2023:03:06 23:30:00" duration="00:30:00"/>
    <event event_id="249" start_time="2023:03:07 00:00:00" duration="00:30:00"/>
    <event event_id="250" start_time="2023:03:07 00:30:00" duration="00:30:00"/>
    <event event_id="251" start_time="2023:03:07 01:00:00" duration="00:30:00"/>
    <event event_id="252" start_time="2023:03:07 01:30:00" duration="00:30:00"/>
    <event event_id="253" start_time="2023:03:07 02:00:00" duration="00:30:00"/>
    <event event_id="254" start_time="2023:03:07 02:30:00" duration="00:30:00"/>
    <event event_id="255" start_time="2023:03:07 03:00:00" duration="00:30:00"/>
    <event event_id="256" start_time="2023:03:07 03:30:00" duration="00:30:00"/>
    <event event_id="257" start_time="2023:03:07 04:00:00" duration="00:30:00"/>
    <event event_id="258" start_time="2023:03:07 04:30:00" duration="00:30:00"/>
    <event event_id="259" start_time="2023:03:07 05:00:00" duration="00:30:00"/>
    <event event_id="260" start_time="2023:03:07 05:30:00" duration="00:30:00"/>
    <event event_id="261" start_time="2023:03:07 06:00:00" duration="00:30:00"/>
    <event event_id="262" start_time="2023:03:07 06:30:00" duration="00:30:00"/>
    <event event_id="263" start_time="2023:03:07 07:00:00" duration="00:30:00"/>
    <event event_id="264" start_time="2023:03:07 07:30:00" duration="00:30:00"/>
    <event event_id="265" start_time="2023:03:07 08:00:00" duration="00:30:00"/>
    <event event_id="266" start_time="2023:03:07 08:30:00" duration="00:30:00"/>
    <event event_id="267" start_time="2023:03:07 09:00:00" duration="00:30:00"/>
    <event event_id="268" start_time="2023:03:07 09:30:00" duration="00:30:00"/>
    <event event_id="269" start_time="2023:03:07 10:00:00" duration="00:30:00"/>
    <event event_id="270" start_time="2023:03:07 10:30:00" duration="00:30:00"/>
    <event event_id="271" start_time="2023:03:07 11:00:00" duration="00:30:00"/>
    <event event_id="272" start_time="2023:03:07 11:30:00" duration="00:30:00"/>
    <event event_id="273" start_time="2023:03:07 12:00:00" duration="00:30:00"/>
    <event event_id="274" start_time="2023:03:07 12:30:00" duration="00:30:00"/>
    <event event_id="275" start_time="2023:03:07 13:00:00" duration="00:30:00"/>
    <event event_id="276" start_time="2023:03:07 13:30:00" duration="00:30:00"/>
    <event event_id="277" start_time="2023:03:07 14:00:00" duration="00:30:00"/>
    <event event_id="278" start_time="2023:03:07 14:30:00" duration="00:30:00"/>
    <event event_id="279" start_time="2023:03:07 15:00:00" duration="00:30:00"/>
    <event event_id="280" start_time="2023:03:07 15:30:00" duration="00:30:00"/>
    <event event_id="281" start_time="2023:03:07 16:00:00" duration="00:30:00"/>
    <event event_id="282" start_time="2023:03:07 16:30:00" duration="00:30:00"/>
    <event event_id="283" start_time="2023:03:07 17:00:00" duration="00:30:00"/>
    <event event_id="284" start_time="2023:03:07 17:30:00" duration="00:30:00"/>
    <event event_id="285" start_time="2023:03:07 18:00:00" duration="00:30:00"/>
    <event event_id="286" start_time="2023:03:07 18:30:00" duration="00:30:00"/>
    <event event_id="287" start_time="2023:03:07 19:00:00" duration="00:30:00"/>
    <event event_id="288" start_time="2023:03:07 19:30:00" duration="00:30:00"/>
    <event event_id="289" start_time="2023:03:07 20:00:00" duration="00:30:00"/>
  </EIT>
</tsduck>
