<?xml version="1.0" encoding="UTF-8"?>
<tsduck>

  <MGT version="12">
    <table type="TVCT-current" PID="0x1FFB" version_number="11" number_bytes="218"/>
    <table type="ETT" PID="0x1E80" version_number="10" number_bytes="68"/>
    <table type="EIT-0" PID="0x1D00" version_number="10" number_bytes="1,423"/>
    <table type="EIT-1" PID="0x1D01" version_number="10" number_bytes="1,708"/>
    <table type="EIT-2" PID="0x1D02" version_number="10" number_bytes="1,487"/>
    <table type="EIT-3" PID="0x1D03" version_number="10" number_bytes="1,087"/>
    <table type="ETT-0" PID="0x1E00" version_number="10" number_bytes="1,848"/>
    <table type="ETT-1" PID="0x1E01" version_number="10" number_bytes="1,845"/>
    <table type="ETT-2" PID="0x1E02" version_number="10" number_bytes="2,524"/>
    <table type="ETT-3" PID="0x1E03" version_number="10" number_bytes="1,898"/>
    <table type="RRT-1" PID="0x1FFB" version_number="0" number_bytes="979"/>
  </MGT>

  <STT system_time="1236854921" GPS_UTC_offset="12" DS_status="false" DS_day_of_month="3" DS_hour="15"/>

  <TVCT version="11" current="true" transport_stream_id="0x1FE1">

    <channel short_name="KULX   "
             major_channel_number="10" minor_channel_number="1"
             modulation_mode="8-VSB" carrier_frequency="0"
             channel_TSID="0x1FE1" program_number="0x0003"
             ETM_location="1" access_controlled="false" hidden="false" hide_guide="false"
             service_type="dtv" source_id="0x0001">
      <service_location_descriptor PCR_PID="0x0031">
        <component stream_type="0x02" elementary_PID="0x0031"/>
        <component stream_type="0x81" elementary_PID="0x0034" ISO_639_language_code="eng"/>
        <component stream_type="0x81" elementary_PID="0x0035" ISO_639_language_code="eng"/>
      </service_location_descriptor>
    </channel>

    <channel short_name="TelXito"
             major_channel_number="10" minor_channel_number="2"
             modulation_mode="8-VSB" carrier_frequency="0"
             channel_TSID="0x1FE1" program_number="0x0004"
             ETM_location="1" access_controlled="false" hidden="false" hide_guide="false"
             service_type="dtv" source_id="0x0002">
      <service_location_descriptor PCR_PID="0x0041">
        <component stream_type="0x02" elementary_PID="0x0041"/>
        <component stream_type="0x81" elementary_PID="0x0044" ISO_639_language_code="eng"/>
      </service_location_descriptor>
    </channel>

    <channel short_name="LightTV"
             major_channel_number="10" minor_channel_number="3"
             modulation_mode="8-VSB" carrier_frequency="0"
             channel_TSID="0x1FE1" program_number="0x0005"
             ETM_location="0" access_controlled="false" hidden="false" hide_guide="false"
             service_type="dtv" source_id="0x0003">
      <service_location_descriptor PCR_PID="0x0051">
        <component stream_type="0x02" elementary_PID="0x0051"/>
        <component stream_type="0x81" elementary_PID="0x0054" ISO_639_language_code="eng"/>
      </service_location_descriptor>
    </channel>

    <channel short_name="Quest  "
             major_channel_number="10" minor_channel_number="4"
             modulation_mode="8-VSB" carrier_frequency="0"
             channel_TSID="0x1FE1" program_number="0x0006"
             ETM_location="0" access_controlled="false" hidden="false" hide_guide="false"
             service_type="dtv" source_id="0x0004">
      <service_location_descriptor PCR_PID="0x0061">
        <component stream_type="0x02" elementary_PID="0x0061"/>
        <component stream_type="0x81" elementary_PID="0x0064" ISO_639_language_code="eng"/>
      </service_location_descriptor>
    </channel>

  </TVCT>

</tsduck>
