<?xml version="1.0" encoding="UTF-8"?>
<tsduck>
  <PMT version="10" current="true" service_id="0x2261" PCR_PID="0x006E">
    <CA_descriptor CA_system_id="0x1811" CA_PID="0x00A6">
      <private_data>
        02 33 15
      </private_data>
    </CA_descriptor>
    <CA_descriptor CA_system_id="0x1863" CA_PID="0x00B0">
      <private_data>
        02 33 42
      </private_data>
    </CA_descriptor>
    <CA_descriptor CA_system_id="0x1883" CA_PID="0x00B1">
      <private_data>
        02 33 11
      </private_data>
    </CA_descriptor>
    <CA_descriptor CA_system_id="0x1863" CA_PID="0x00AB">
      <private_data>
        02 33 43
      </private_data>
    </CA_descriptor>
    <CA_descriptor CA_system_id="0x0500" CA_PID="0x00B4">
      <private_data>
        10 01 01 13 01 20 14 03 03 28 30
      </private_data>
    </CA_descriptor>
    <CA_descriptor CA_system_id="0x0500" CA_PID="0x00B6">
      <private_data>
        10 01 01 13 01 20 14 03 03 29 40
      </private_data>
    </CA_descriptor>
    <CA_descriptor CA_system_id="0x0500" CA_PID="0x00BB">
      <private_data>
        10 01 01 13 01 20 14 03 04 0F 40
      </private_data>
    </CA_descriptor>
    <component elementary_PID="0x006E" stream_type="0x1B"/>
    <component elementary_PID="0x0079" stream_type="0x06">
      <ISO_639_language_descriptor>
        <language code="fra" audio_type="0x00"/>
      </ISO_639_language_descriptor>
      <AC3_descriptor component_type="0x44"/>
    </component>
    <component elementary_PID="0x007A" stream_type="0x06">
      <AC3_descriptor component_type="0x44"/>
      <ISO_639_language_descriptor>
        <language code="eng" audio_type="0x00"/>
      </ISO_639_language_descriptor>
    </component>
    <component elementary_PID="0x007B" stream_type="0x06">
      <ISO_639_language_descriptor>
        <language code="qad" audio_type="0x00"/>
      </ISO_639_language_descriptor>
      <AC3_descriptor component_type="0x42"/>
    </component>
    <component elementary_PID="0x008E" stream_type="0x06">
      <subtitling_descriptor>
        <subtitling language_code="fra" subtitling_type="0x10" composition_page_id="0x0001" ancillary_page_id="0x0002"/>
      </subtitling_descriptor>
    </component>
    <component elementary_PID="0x008F" stream_type="0x06">
      <subtitling_descriptor>
        <subtitling language_code="fra" subtitling_type="0x20" composition_page_id="0x0003" ancillary_page_id="0x0004"/>
      </subtitling_descriptor>
    </component>
  </PMT>
  <CAT version="8" current="true">
    <CA_descriptor CA_system_id="0x1811" CA_PID="0x1449">
      <private_data>
        02 FE 22
      </private_data>
    </CA_descriptor>
    <CA_descriptor CA_system_id="0x1811" CA_PID="0x164E">
      <private_data>
        02 33 41
      </private_data>
    </CA_descriptor>
    <CA_descriptor CA_system_id="0x1811" CA_PID="0x1647">
      <private_data>
        02 33 17
      </private_data>
    </CA_descriptor>
    <CA_descriptor CA_system_id="0x1811" CA_PID="0x1646">
      <private_data>
        02 33 15
      </private_data>
    </CA_descriptor>
    <CA_descriptor CA_system_id="0x1811" CA_PID="0x1645">
      <private_data>
        02 33 11
      </private_data>
    </CA_descriptor>
    <CA_descriptor CA_system_id="0x1863" CA_PID="0x1650">
      <private_data>
        06 33 41 33 42 33 43
      </private_data>
    </CA_descriptor>
    <CA_descriptor CA_system_id="0x0500" CA_PID="0x168A">
      <private_data>
        13 01 20 14 03 04 0F 40
      </private_data>
    </CA_descriptor>
    <CA_descriptor CA_system_id="0x0500" CA_PID="0x1690">
      <private_data>
        13 01 20 14 03 03 28 30 14 03 D0 00 C0
      </private_data>
    </CA_descriptor>
    <CA_descriptor CA_system_id="0x0500" CA_PID="0x168F">
      <private_data>
        13 01 20 14 03 03 29 40
      </private_data>
    </CA_descriptor>
    <CA_descriptor CA_system_id="0x0500" CA_PID="0x1699">
      <private_data>
        13 01 20 14 03 03 29 20
      </private_data>
    </CA_descriptor>
    <CA_descriptor CA_system_id="0x0500" CA_PID="0x168C">
      <private_data>
        13 01 20 14 03 03 0B 00 14 03 03 28 30
      </private_data>
    </CA_descriptor>
    <CA_descriptor CA_system_id="0x1883" CA_PID="0x165D">
      <private_data>
        06 33 41 33 11 33 15
      </private_data>
    </CA_descriptor>
  </CAT>
</tsduck>
