<?xml version="1.0" encoding="UTF-8"?>
<tsduck>

  <MGT version="12">
    <table type="TVCT-current" PID="0x1FFB" version_number="11" number_bytes="218"/>
    <table type="ETT" PID="0x1E80" version_number="10" number_bytes="68"/>
    <table type="EIT-0" PID="0x1D00" version_number="10" number_bytes="1,423"/>
    <table type="EIT-1" PID="0x1D01" version_number="10" number_bytes="1,708"/>
    <table type="EIT-2" PID="0x1D02" version_number="10" number_bytes="1,487"/>
    <table type="EIT-3" PID="0x1D03" version_number="10" number_bytes="1,087"/>
    <table type="ETT-0" PID="0x1E00" version_number="10" number_bytes="1,848"/>
    <table type="ETT-1" PID="0x1E01" version_number="10" number_bytes="1,845"/>
    <table type="ETT-2" PID="0x1E02" version_number="10" number_bytes="2,524"/>
    <table type="ETT-3" PID="0x1E03" version_number="10" number_bytes="1,898"/>
    <table type="RRT-1" PID="0x1FFB" version_number="0" number_bytes="979"/>
  </MGT>

  <STT system_time="1236854921" GPS_UTC_offset="12" DS_status="false" DS_day_of_month="3" DS_hour="15"/>

  <TVCT version="11" current="true" transport_stream_id="0x1FE1">

    <channel short_name="KULX   "
             major_channel_number="10" minor_channel_number="1"
             modulation_mode="8-VSB" carrier_frequency="0"
             channel_TSID="0x1FE1" program_number="0x0003"
             ETM_location="1" access_controlled="false" hidden="false" hide_guide="false"
             service_type="dtv" source_id="0x0001">
      <service_location_descriptor PCR_PID="0x0031">
        <component stream_type="0x02" elementary_PID="0x0031"/>
        <component stream_type="0x81" elementary_PID="0x0034" ISO_639_language_code="eng"/>
        <component stream_type="0x81" elementary_PID="0x0035" ISO_639_language_code="eng"/>
      </service_location_descriptor>
    </channel>

    <channel short_name="TelXito"
             major_channel_number="10" minor_channel_number="2"
             modulation_mode="8-VSB" carrier_frequency="0"
             channel_TSID="0x1FE1" program_number="0x0004"
             ETM_location="1" access_controlled="false" hidden="false" hide_guide="false"
             service_type="dtv" source_id="0x0002">
      <service_location_descriptor PCR_PID="0x0041">
        <component stream_type="0x02" elementary_PID="0x0041"/>
        <component stream_type="0x81" elementary_PID="0x0044" ISO_639_language_code="eng"/>
      </service_location_descriptor>
    </channel>

    <channel short_name="LightTV"
             major_channel_number="10" minor_channel_number="3"
             modulation_mode="8-VSB" carrier_frequency="0"
             channel_TSID="0x1FE1" program_number="0x0005"
             ETM_location="0" access_controlled="false" hidden="false" hide_guide="false"
             service_type="dtv" source_id="0x0003">
      <service_location_descriptor PCR_PID="0x0051">
        <component stream_type="0x02" elementary_PID="0x0051"/>
        <component stream_type="0x81" elementary_PID="0x0054" ISO_639_language_code="eng"/>
      </service_location_descriptor>
    </channel>

    <channel short_name="Quest  "
             major_channel_number="10" minor_channel_number="4"
             modulation_mode="8-VSB" carrier_frequency="0"
             channel_TSID="0x1FE1" program_number="0x0006"
             ETM_location="0" access_controlled="false" hidden="false" hide_guide="false"
             service_type="dtv" source_id="0x0004">
      <service_location_descriptor PCR_PID="0x0061">
        <component stream_type="0x02" elementary_PID="0x0061"/>
        <component stream_type="0x81" elementary_PID="0x0064" ISO_639_language_code="eng"/>
      </service_location_descriptor>
    </channel>

  </TVCT>

  <MGT>
    <component_name_descriptor/>
    <component_name_descriptor>
      <component_name_string>
        <string language="eng" text="Component name"/>
        <string language="foo" text="Bar name"/>
      </component_name_string>
    </component_name_descriptor>
    <extended_channel_name_descriptor/>
    <extended_channel_name_descriptor>
      <long_channel_name_text>
        <string language="eng" text="Long channel name"/>
      </long_channel_name_text>
    </extended_channel_name_descriptor>
    <service_location_descriptor/>
    <service_location_descriptor PCR_PID="0x1234">
      <component stream_type="0x02" elementary_PID="0x0567" ISO_639_language_code="eng"/>
      <component stream_type="0x03" elementary_PID="0x09AB"/>
      <component stream_type="0x04" elementary_PID="0x1DEF" ISO_639_language_code="foo"/>
    </service_location_descriptor>
    <ATSC_AC3_audio_stream_descriptor
        sample_rate_code="0x02"
        bsid="0x01"
        bit_rate_code="0x03"
        surround_mode="0x01"
        bsmod="0x02"
        asvcflags="0xEF"
        num_channels="0x05"
        full_svc="true"/>
    <ATSC_AC3_audio_stream_descriptor
        sample_rate_code="0x01"
        bsid="0x06"
        bit_rate_code="0x10"
        surround_mode="0x00"
        bsmod="0x01"
        num_channels="0x08"
        full_svc="false"
        mainid="0x06"
        priority="0"
        text="Text string"
        language="eng"
        language_2="foo">
      <additional_info>
        0123456789
      </additional_info>
    </ATSC_AC3_audio_stream_descriptor>
    <ATSC_EAC3_audio_descriptor
        mixinfoexists="false"
        full_service="true"
        audio_service_type="0x00"
        number_of_channels="0x06"/>
    <ATSC_EAC3_audio_descriptor
        mixinfoexists="true"
        full_service="false"
        audio_service_type="0x05"
        number_of_channels="0x03"
        bsid="0x0F"
        priority="2"
        mainid="0x04"
        asvc="0xEF"
        substream1="0x12"
        substream2="0x34"
        substream3="0x56"
        language="eng"
        language_2="foo"
        substream1_lang="s01"
        substream2_lang="s02"
        substream3_lang="s03">
      <additional_info>
        9876543210
      </additional_info>
    </ATSC_EAC3_audio_descriptor>
    <genre_descriptor/>
    <genre_descriptor>
      <attribute value="0x20"/>
      <attribute value="0x7F"/>
      <attribute value="0xA3"/>
    </genre_descriptor>
    <ATSC_stuffing_descriptor/>
    <ATSC_stuffing_descriptor>
      012345 6789
    </ATSC_stuffing_descriptor>
    <redistribution_control_descriptor/>
    <redistribution_control_descriptor>
      <rc_information/>
    </redistribution_control_descriptor>
    <redistribution_control_descriptor>
      <rc_information>
        98 76 54 32 10
      </rc_information>
    </redistribution_control_descriptor>
    <ATSC_time_shifted_service_descriptor/>
    <ATSC_time_shifted_service_descriptor>
      <service time_shift="5" major_channel_number="1" minor_channel_number="2"/>
      <service time_shift="30" major_channel_number="100" minor_channel_number="200"/>
    </ATSC_time_shifted_service_descriptor>
    <caption_service_descriptor/>
    <caption_service_descriptor>
      <service language="foo"
               digital_cc="false"
               line21_field="true"
               easy_reader="true"
               wide_aspect_ratio="false"/>
      <service language="bar"
               digital_cc="true"
               caption_service_number="0x23"
               easy_reader="false"
               wide_aspect_ratio="true"/>
    </caption_service_descriptor>
    <content_advisory_descriptor/>
    <content_advisory_descriptor>
      <region rating_region="1"/>
      <region rating_region="2">
        <dimension rating_dimension_j="10" rating_value="1"/>
        <dimension rating_dimension_j="20" rating_value="2"/>
        <dimension rating_dimension_j="30" rating_value="3"/>
      </region>
      <region rating_region="3">
        <rating_description>
          <string language="eng" text="English text"/>
          <string language="foo" text="Foo text"/>
        </rating_description>
      </region>
      <region rating_region="4">
        <dimension rating_dimension_j="12" rating_value="10"/>
        <dimension rating_dimension_j="22" rating_value="11"/>
        <dimension rating_dimension_j="32" rating_value="12"/>
        <rating_description>
          <string language="Bar" text="Bar text"/>
        </rating_description>
      </region>
    </content_advisory_descriptor>
  </MGT>
    
</tsduck>
