<?xml version="1.0" encoding="UTF-8"?>
<tsduck>

  <PMT service_id="0">

    <private_data_specifier_descriptor private_data_specifier="eacem"/>

    <eacem_stream_identifier_descriptor version_byte="4"/>

    <eacem_preferred_name_identifier_descriptor name_id="0x27"/>

    <eacem_preferred_name_list_descriptor/>

    <eacem_preferred_name_list_descriptor>
      <language code="fre"/>
      <language code="deu">
        <name name_id="1" name="für uns"/>
        <name name_id="2" name="Große Kanal"/>
      </language>
      <language code="esp">
        <name name_id="189" name="Mañana"/>
      </language>
    </eacem_preferred_name_list_descriptor>

  </PMT>

</tsduck>
