<?xml version="1.0" encoding="UTF-8"?>
<tsduck>
  <_tables>
    <PAT version="uint5, default=0"
         current="bool, default=true"
         transport_stream_id="uint16, required"
         network_PID="uint13, optional">
      <_any in="_metadata"/>
      <!-- One per service -->
      <service service_id="uint16, required" program_map_PID="uint13, required"/>
    </PAT>
  </_tables>
  <_descriptors>
    <CA_identifier_descriptor>
      <!-- One per CAS -->
      <CA_system_id value="uint16, required"/>
    </CA_identifier_descriptor>
    <CA_service_descriptor
        CA_system_id="uint16, required"
        ca_broadcaster_group_id="uint8, required"
        message_control="uint8, required">
      <!-- One per service -->
      <service id="uint16, required"/>
    </CA_service_descriptor>
  </_descriptors>
</tsduck>
