<?xml version="1.0" encoding="UTF-8"?>
<tsduck>
  <NIT network_id="1">
    <transport_stream transport_stream_id="10" original_network_id="1234" preferred_section="0"/>
    <transport_stream transport_stream_id="11" original_network_id="1234" preferred_section="1"/>
    <transport_stream transport_stream_id="12" original_network_id="1234" preferred_section="2"/>
    <transport_stream transport_stream_id="13" original_network_id="1234" preferred_section="3"/>
    <transport_stream transport_stream_id="14" original_network_id="1234" preferred_section="4"/>
    <transport_stream transport_stream_id="15" original_network_id="1234" preferred_section="5"/>
    <transport_stream transport_stream_id="16" original_network_id="1234" preferred_section="6"/>
    <transport_stream transport_stream_id="17" original_network_id="1234" preferred_section="7"/>
    <transport_stream transport_stream_id="18" original_network_id="1234" preferred_section="8"/>
  </NIT>
</tsduck>
