<?xml version='1.0' encoding='UTF-8'?>
<tsduck>
  <EIT type="pf" version="8" actual="true" current="true" service_id="1039" transport_stream_id="13" original_network_id="70">
    <event event_id="43119" start_time="2022-10-14 13:00:00" duration="02:00:00" running_status="running" CA_mode="false">
      <short_event_descriptor language_code="nor">
	<event_name>NRK nyheter</event_name>
      </short_event_descriptor>
    </event>
    <event event_id="43120" start_time="2022-10-14 15:00:00" duration="00:30:00" running_status="not-running" CA_mode="false">
      <short_event_descriptor language_code="nor">
	<event_name>NRK nyheter</event_name>
      </short_event_descriptor>
    </event>
  </EIT>
  <EIT type="pf" version="8" actual="true" current="true" service_id="1040" transport_stream_id="13" original_network_id="70">
    <event event_id="54818" start_time="2022-10-14 13:15:00" duration="00:50:00" running_status="running" CA_mode="false">
      <short_event_descriptor language_code="nor">
	<event_name>Dr√∏mmeslottet (R)</event_name>
      </short_event_descriptor>
    </event>
    <event event_id="54056" start_time="2022-10-14 14:05:00" duration="00:55:00" running_status="not-running" CA_mode="false">
      <short_event_descriptor language_code="nor">
	<event_name>To liv (R)</event_name>
      </short_event_descriptor>
    </event>
  </EIT>
  <EIT type="pf" version="8" actual="true" current="true" service_id="1041" transport_stream_id="13" original_network_id="70">
    <event event_id="53918" start_time="2022-10-14 13:55:00" duration="00:20:00" running_status="running" CA_mode="false">
      <short_event_descriptor language_code="nor">
	<event_name>Dyrevenn (R)</event_name>
      </short_event_descriptor>
    </event>
    <event event_id="53919" start_time="2022-10-14 14:15:00" duration="00:05:00" running_status="not-running" CA_mode="false">
      <short_event_descriptor language_code="nor">
	<event_name>Bernie</event_name>
      </short_event_descriptor>
    </event>
  </EIT>
</tsduck>
