<?xml version="1.0" encoding="UTF-8"?>
<tsduck>
  <splice_information_table>
    <splice_schedule>
      <splice_event
          splice_event_id="0x78914861"
          out_of_network="true"
          utc_splice_time="1301652672"
          unique_program_id="0x4562">
      </splice_event>
      <splice_event
          splice_event_id="0x12345678"
          out_of_network="false"
          unique_program_id="0xABCD">
        <component component_tag="1" utc_splice_time="1301652682"/>
        <component component_tag="2" utc_splice_time="1301652692"/>
      </splice_event>
    </splice_schedule>
  </splice_information_table>
</tsduck>
