<?xml version="1.0" encoding="UTF-8"?>
<tsduck>

  <splice_information_table>
    <splice_insert
        splice_event_id="0x01020304"
        out_of_network="true"
        splice_immediate="true"
        unique_program_id="100"/>
  </splice_information_table>

  <splice_information_table>
    <splice_insert
        splice_event_id="0x01020305"
        out_of_network="true"
        splice_immediate="true"
        unique_program_id="100"/>
  </splice_information_table>

  <splice_information_table>
    <splice_insert
        splice_event_id="0x01020306"
        out_of_network="true"
        splice_immediate="true"
        unique_program_id="100"/>
  </splice_information_table>

  <splice_information_table>
    <splice_insert
        splice_event_id="0x01020307"
        out_of_network="true"
        splice_immediate="true"
        unique_program_id="100"/>
  </splice_information_table>

</tsduck>
