<?xml version="1.0" encoding="UTF-8"?>
<tsduck>

  <PMT service_id="0">

    <component_descriptor stream_content="1" component_type="2" language_code="fre"/>

    <component_descriptor
        stream_content="9"
        stream_content_ext="1"
        component_type="2"
        component_tag="15"
        language_code="eng"
        text="A string description"/>

    <AAC_descriptor profile_and_level="0x45"/>

    <AAC_descriptor
        profile_and_level="0x21"
        SAOC_DE="true"
        AAC_type="0x40">
      <additional_info>
        0123456789
      </additional_info>
    </AAC_descriptor>

    <DTS_descriptor
        sample_rate_code="0x0D"
        bit_rate_code="0x08"
        nblks="0x10"
        fsize="0x1234"
        surround_mode="0x09"/>

    <DTS_descriptor
        sample_rate_code="0x0D"
        bit_rate_code="0x08"
        nblks="0x10"
        fsize="0x1234"
        surround_mode="0x09"
        lfe="true"
        extended_surround="0x02">
      <additional_info>
        78 96 54 12
      </additional_info>
    </DTS_descriptor>

    <cable_delivery_system_descriptor
        frequency="312000000"
        symbol_rate="27450000"
        FEC_inner="3/5"/>

    <cable_delivery_system_descriptor
        frequency="220123789"
        FEC_outer="none"
        modulation="64-QAM"
        symbol_rate="18000000"
        FEC_inner="3/4"/>

    <application_signalling_descriptor/>

    <application_signalling_descriptor>
      <application application_type="0x1234" AIT_version_number="12"/>
      <application application_type="0x5678" AIT_version_number="31"/>
    </application_signalling_descriptor>

    <teletext_descriptor>
      <teletext language_code="fra" teletext_type="0x05" page_number="888"/>
      <teletext language_code="fra" teletext_type="0x02" page_number="889"/>
    </teletext_descriptor>

    <teletext_descriptor/>

    <VBI_teletext_descriptor>
      <teletext language_code="fra" teletext_type="0x05" page_number="888"/>
      <teletext language_code="fra" teletext_type="0x02" page_number="889"/>
    </VBI_teletext_descriptor>

    <VBI_teletext_descriptor/>

    <VBI_data_descriptor/>

    <VBI_data_descriptor>
      <service data_service_id="1">
        <field/>
        <field line_offset="10"/>
        <field field_parity="true" line_offset="20"/>
      </service>
      <service data_service_id="3">
        <reserved>
          01234567 89ABCDEF
        </reserved>
      </service>
    </VBI_data_descriptor>

    <maximum_bitrate_descriptor maximum_bitrate="6,800,000"/>

    <time_shifted_event_descriptor reference_service_id="0x1234" reference_event_id="0x5678"/>

    <time_shifted_service_descriptor reference_service_id="0x9ABC"/>

    <NVOD_reference_descriptor/>

    <NVOD_reference_descriptor>
      <service transport_stream_id="0x1234" original_network_id="0x5678" service_id="0x9ABC"/>
      <service transport_stream_id="0xFEDC" original_network_id="0xBA98" service_id="0x7654"/>
    </NVOD_reference_descriptor>

    <scrambling_descriptor scrambling_mode="0x02"/>
    <scrambling_descriptor scrambling_mode="0x70"/>

    <CP_descriptor CP_system_id="1" CP_PID="0x200"/>

    <CP_descriptor CP_system_id="0x5678" CP_PID="0x1BCD">
      <private_data>01 23 45 67 89</private_data>
    </CP_descriptor>

    <CP_identifier_descriptor/>

    <CP_identifier_descriptor>
      <CP_system_id value="0x0000"/>
      <CP_system_id value="0x0001"/>
      <CP_system_id value="0x0002"/>
      <CP_system_id value="0x0100"/>
      <CP_system_id value="0x0101"/>
      <CP_system_id value="0x1234"/>
    </CP_identifier_descriptor>

    <service_identifier_descriptor service_identifier="Foo service"/>

    <multilingual_bouquet_name_descriptor/>

    <multilingual_bouquet_name_descriptor>
      <language code="foo" bouquet_name="Foo bouquet"/>
      <language code="bar" bouquet_name="Bar maid"/>
    </multilingual_bouquet_name_descriptor>

    <multilingual_network_name_descriptor/>

    <multilingual_network_name_descriptor>
      <language code="foo" network_name="Foo network"/>
      <language code="bar" network_name="Bar maid"/>
    </multilingual_network_name_descriptor>

    <multilingual_component_descriptor component_tag="7"/>

    <multilingual_component_descriptor component_tag="10">
      <language code="foo" description="Foo component"/>
      <language code="bar" description="Bar component"/>
    </multilingual_component_descriptor>

    <multilingual_service_name_descriptor/>

    <multilingual_service_name_descriptor>
      <language code="foo" service_provider_name="Foo provider" service_name="Foo service"/>
      <language code="bar" service_provider_name="Bar provider" service_name="Bar maid"/>
    </multilingual_service_name_descriptor>

    <AC4_descriptor/>

    <AC4_descriptor
        ac4_dialog_enhancement_enabled="false"
        ac4_channel_mode="1">
      <ac4_dsi_toc>
        12 35 65 32 23
      </ac4_dsi_toc>
    </AC4_descriptor>

    <AC4_descriptor>
      <additional_info>
        78 96 23 12 45 46
      </additional_info>
    </AC4_descriptor>

    <AC4_descriptor
        ac4_dialog_enhancement_enabled="true"
        ac4_channel_mode="2">
      <ac4_dsi_toc>
        12 35 65 32 23
      </ac4_dsi_toc>
      <additional_info>
        78 96 23 12 45 46
      </additional_info>
    </AC4_descriptor>

    <service_move_descriptor
        new_original_network_id="0x1234"
        new_transport_stream_id="0x5678"
        new_service_id="0xABCD"/>

    <service_availability_descriptor availability="true"/>

    <service_availability_descriptor availability="false">
      <cell id="0x1234"/>
      <cell id="0x5678"/>
      <cell id="0x9ABC"/>
    </service_availability_descriptor>

    <stuffing_descriptor/>

    <stuffing_descriptor>
      01 23 45 67 89
    </stuffing_descriptor>

    <AVC_timing_and_HRD_descriptor
        hrd_management_valid="true"
        fixed_frame_rate="false"
        temporal_poc="true"
        picture_to_display_conversion="false"/>

    <AVC_timing_and_HRD_descriptor
        hrd_management_valid="false"
        num_units_in_tick="1234567"
        fixed_frame_rate="true"
        temporal_poc="false"
        picture_to_display_conversion="true"/>

    <AVC_timing_and_HRD_descriptor
        hrd_management_valid="true"
        N_90khz="789654"
        K_90khz="365214"
        num_units_in_tick="741369"
        fixed_frame_rate="true"
        temporal_poc="false"
        picture_to_display_conversion="false"/>

    <HEVC_timing_and_HRD_descriptor
        hrd_management_valid="true"/>

    <HEVC_timing_and_HRD_descriptor
        hrd_management_valid="false"
        target_schedule_idx="0x1F"
        num_units_in_tick="1234567"/>

    <HEVC_timing_and_HRD_descriptor
        hrd_management_valid="true"
        target_schedule_idx="0x05"
        N_90khz="789654"
        K_90khz="365214"
        num_units_in_tick="741369"/>

    <HEVC_video_descriptor
        profile_space="1"
        tier_flag="true"
        profile_idc="0x1F"
        profile_compatibility_indication="0x87654321"
        progressive_source_flag="true"
        interlaced_source_flag="false"
        non_packed_constraint_flag="true"
        frame_only_constraint_flag="false"
        level_idc="0xAB"
        HEVC_still_present_flag="true"
        HEVC_24hr_picture_present_flag="false"/>

    <HEVC_video_descriptor
        profile_space="2"
        tier_flag="false"
        profile_idc="4"
        profile_compatibility_indication="0x12345678"
        progressive_source_flag="false"
        interlaced_source_flag="true"
        non_packed_constraint_flag="false"
        frame_only_constraint_flag="true"
        copied_44bits="0xABCDEF12345"
        level_idc="0x56"
        HEVC_still_present_flag="false"
        HEVC_24hr_picture_present_flag="true"
        sub_pic_hrd_params_not_present="false"
        HDR_WCG_idc="2"
        temporal_id_min="1"
        temporal_id_max="4"/>

    <external_ES_ID_descriptor external_ES_ID="0x4567"/>

    <MPEG4_audio_descriptor MPEG4_audio_profile_and_level="0x12"/>

    <MPEG4_video_descriptor MPEG4_visual_profile_and_level="0x34"/>

    <data_stream_alignment_descriptor alignment_type="0x03"/>

    <hierarchy_descriptor
        temporal_scalability="true"
        spatial_scalability="false"
        quality_scalability="true"
        hierarchy_type="9"
        hierarchy_layer_index="10"
        tref_present="false"
        hierarchy_embedded_layer_index="11"
        hierarchy_channel="12"/>

    <audio_stream_descriptor
        free_format="true"
        ID="0"
        layer="2"
        variable_rate_audio="false"/>

    <video_stream_descriptor
        multiple_frame_rate="true"
        frame_rate_code="2"
        MPEG_1_only="true"
        constrained_parameter="false"
        still_picture="true"/>

    <video_stream_descriptor
        multiple_frame_rate="false"
        frame_rate_code="3"
        MPEG_1_only="false"
        constrained_parameter="true"
        still_picture="false"
        profile_and_level_indication="0x30"
        chroma_format="2"
        frame_rate_extension="false"/>

    <target_background_grid_descriptor
        horizontal_size="100"
        vertical_size="200"
        aspect_ratio_information="3"/>

    <video_window_descriptor
        horizontal_offset="50"
        vertical_offset="70"
        window_priority="1"/>

    <smoothing_buffer_descriptor
        sb_leak_rate="0x123456"
        sb_size="0x258963"/>

    <time_slice_fec_identifier_descriptor
        time_slicing="true"
        mpe_fec="1"
        frame_size="2"
        max_burst_duration="0x45"
        max_average_rate="8">
    </time_slice_fec_identifier_descriptor>

    <time_slice_fec_identifier_descriptor
        time_slicing="false"
        mpe_fec="0"
        frame_size="3"
        max_burst_duration="0x67"
        max_average_rate="3"
        time_slice_fec_id="9">
      <id_selector_bytes>0123456789</id_selector_bytes>
    </time_slice_fec_identifier_descriptor>

    <ECM_repetition_rate_descriptor
        CA_system_id="0x1234"
        ECM_repetition_rate="100"/>

    <ECM_repetition_rate_descriptor
        CA_system_id="0x5678"
        ECM_repetition_rate="200">
      <private_data>78963214</private_data>
    </ECM_repetition_rate_descriptor>

    <service_relocated_descriptor
        old_original_network_id="0x1234"
        old_transport_stream_id="0x5678"
        old_service_id="0xABCD"/>

    <system_clock_descriptor
        external_clock_reference="false"
        clock_accuracy_integer="47"
        clock_accuracy_exponent="3"/>

    <multiplex_buffer_utilization_descriptor/>

    <multiplex_buffer_utilization_descriptor
        LTW_offset_lower_bound="12345"
        LTW_offset_upper_bound="23895"/>

    <copyright_descriptor copyright_identifier="0x1234"/>

    <copyright_descriptor copyright_identifier="0x6789">
      <additional_copyright_info>
        78 96 32 14 52
      </additional_copyright_info>
    </copyright_descriptor>

    <IBP_descriptor
        closed_gop="false"
        identical_gop="true"
        max_gop_length="24"/>

    <SL_descriptor ES_ID="0x9876"/>

    <carousel_identifier_descriptor carousel_id="0x12345678"/>

    <carousel_identifier_descriptor carousel_id="0x96325874">
      <private_data>
        45 69 87
      </private_data>
    </carousel_identifier_descriptor>

    <association_tag_descriptor
        association_tag="0x5823"
        use="0x7854"/>

    <association_tag_descriptor
        association_tag="0x8523"
        use="0x9654">
      <selector_bytes>
        85 23 69
      </selector_bytes>
      <private_data>
        12 25 74 89 63
      </private_data>
    </association_tag_descriptor>

    <deferred_association_tags_descriptor
        transport_stream_id="0x1234"
        program_number="0x5678"/>

    <deferred_association_tags_descriptor
        transport_stream_id="0x7896"
        program_number="0x7418">
      <association tag="0x9654"/>
      <association tag="0x1236"/>
      <association tag="0x8546"/>
      <private_data>
        78 96 54 12 36
      </private_data>
    </deferred_association_tags_descriptor>

  </PMT>

  <discontinuity_information_table transition="false"/>

  <discontinuity_information_table transition="true"/>

  <selection_information_table version="12">
    <partial_transport_stream_descriptor peak_rate="0x12345"/>
    <service service_id="0x4567" running_status="not-running"/>
    <service service_id="0x7418" running_status="running">
    <partial_transport_stream_descriptor
        peak_rate="0x78964"
        minimum_overall_smoothing_rate="0x96325"
        maximum_overall_smoothing_buffer="0x1234"/>
    </service>
  </selection_information_table>

  <TSDT>

    <transport_stream_descriptor compliance="DVB"/>

    <CI_ancillary_data_descriptor/>

    <CI_ancillary_data_descriptor>
      <ancillary_data>
        12 34 56 78 9A
      </ancillary_data>
    </CI_ancillary_data_descriptor>

    <DTS_neural_descriptor config_id="0x02"/>

    <DTS_neural_descriptor config_id="0x05">
      <additional_info>
        01 89 45
      </additional_info>
    </DTS_neural_descriptor>

    <audio_preselection_descriptor/>

    <audio_preselection_descriptor>
      <preselection
          preselection_id="1"
          audio_rendering_indication="2"
          audio_description="false"
          spoken_subtitles="true"
          dialogue_enhancement="false"
          interactivity_enabled="true"/>
      <preselection
          preselection_id="2"
          audio_rendering_indication="3"
          audio_description="true"
          dialogue_enhancement="true"
          ISO_639_language_code="foo"
          message_id="0xAB">
        <multi_stream_info>
          <component tag="1"/>
          <component tag="2"/>
        </multi_stream_info>
        <future_extension>
          25 89 63 21 47
        </future_extension>
      </preselection>
    </audio_preselection_descriptor>

    <protection_message_descriptor/>

    <protection_message_descriptor>
      <component tag="0x07"/>
      <component tag="0xEA"/>
      <component tag="0x2F"/>
    </protection_message_descriptor>

    <C2_delivery_system_descriptor
        plp_id="4"
        data_slice_id="7"
        C2_system_tuning_frequency="123,456,789"
        C2_system_tuning_frequency_type="0"
        active_OFDM_symbol_duration="1"
        guard_interval="1/64"/>

    <C2_delivery_system_descriptor
        plp_id="0xCD"
        data_slice_id="0xFA"
        C2_system_tuning_frequency="3,698,741,258"
        C2_system_tuning_frequency_type="1"
        active_OFDM_symbol_duration="2"
        guard_interval="6"/>

    <C2_bundle_delivery_system_descriptor/>

    <C2_bundle_delivery_system_descriptor>
      <plp plp_id="4"
           data_slice_id="7"
           C2_system_tuning_frequency="123,456,789"
           C2_system_tuning_frequency_type="0"
           active_OFDM_symbol_duration="1"
           guard_interval="1/64"
           master_channel="true"/>
      <plp plp_id="0xCD"
           data_slice_id="0xFA"
           C2_system_tuning_frequency="3,698,741,258"
           C2_system_tuning_frequency_type="1"
           active_OFDM_symbol_duration="2"
           guard_interval="6"
           master_channel="false"/>
    </C2_bundle_delivery_system_descriptor>

    <T2_delivery_system_descriptor plp_id="0xAB" T2_system_id="0xCDEF"/>

    <T2_delivery_system_descriptor plp_id="0x12" T2_system_id="0x3456">
      <extension
          SISO_MISO="MISO"
          bandwidth="1.712MHz"
          guard_interval="19/128"
          transmission_mode="32k"
          other_frequency="true"
          tfs="false">
        <cell cell_id="0x6789">
          <centre_frequency value="3,456,789,120"/>
        </cell>
      </extension>
    </T2_delivery_system_descriptor>

    <T2_delivery_system_descriptor plp_id="0x56" T2_system_id="0x789A">
      <extension
          SISO_MISO="SISO"
          bandwidth="10MHz"
          guard_interval="19/256"
          transmission_mode="1k"
          other_frequency="false"
          tfs="true">
        <cell cell_id="0x1234"/>
        <cell cell_id="0x678A">
          <centre_frequency value="1,234,567,890"/>
          <centre_frequency value="987,654,320"/>
          <centre_frequency value="2,654,321,140"/>
          <subcell cell_id_extension="0x12" transposer_frequency="4,012,369,980"/>
          <subcell cell_id_extension="0xFA" transposer_frequency="1,789,123,450"/>
        </cell>
      </extension>
    </T2_delivery_system_descriptor>

    <SH_delivery_system_descriptor diversity_mode="0x05"/>

    <SH_delivery_system_descriptor diversity_mode="0x0A">
      <modulation>
        <OFDM
            bandwidth="1.7MHz"
            priority="1"
            constellation_and_hierarchy="2"
            code_rate="5"
            guard_interval="1/16"
            transmission_mode="4k"
            common_frequency="false"/>
        <interleaver
            common_multiplier="5"/>
      </modulation>
      <modulation>
        <TDM
            polarization="vertical"
            roll_off="0.15"
            modulation_mode="16APSK"
            code_rate="2"
            symbol_rate="1"/>
        <interleaver
            common_multiplier="7"
            nof_late_taps="24"
            nof_slices="54"
            slice_distance="102"
            non_late_increments="45"/>
      </modulation>
    </SH_delivery_system_descriptor>

    <S2X_satellite_delivery_system_descriptor
        receiver_profiles="0x15"
        S2X_mode="2"
        TS_GS_S2X_mode="1"
        timeslice_number="0xBC">
      <master_channel
          frequency="34,567,890,000"
          orbital_position="19.2"
          west_east_flag="east"
          polarization="horizontal"
          roll_off="0.15"
          symbol_rate="123,456,700"/>
      <reserved_future_use>
        0123 456789
      </reserved_future_use>
    </S2X_satellite_delivery_system_descriptor>

    <S2X_satellite_delivery_system_descriptor
        receiver_profiles="0x0A"
        S2X_mode="3"
        TS_GS_S2X_mode="3"
        scrambling_sequence_index="0x023456">
      <master_channel
          frequency="876,543,210,000"
          orbital_position="3.7"
          west_east_flag="west"
          polarization="vertical"
          roll_off="0.10"
          symbol_rate="456,789,600"/>
      <channel_bond
          frequency="65,432,180,000"
          orbital_position="34.0"
          west_east_flag="east"
          polarization="right"
          roll_off="0.05"
          symbol_rate="24,675,400"
          input_stream_identifier="0xBD"/>
      <channel_bond
          frequency="6,543,670,000"
          orbital_position="123.4"
          west_east_flag="west"
          polarization="left"
          roll_off="0.25"
          symbol_rate="876,400"
          input_stream_identifier="0x2E"/>
    </S2X_satellite_delivery_system_descriptor>

    <frequency_list_descriptor coding_type="satellite">
      <centre_frequency value="123,456,780,000"/>
      <centre_frequency value="3,876,430,000"/>
      <centre_frequency value="120,000"/>
    </frequency_list_descriptor>

    <frequency_list_descriptor coding_type="cable">
      <centre_frequency value="9,876,543,200"/>
    </frequency_list_descriptor>

    <frequency_list_descriptor coding_type="terrestrial">
      <centre_frequency value="825,000,000"/>
      <centre_frequency value="39,123,456,780"/>
    </frequency_list_descriptor>

    <cell_frequency_link_descriptor/>

    <cell_frequency_link_descriptor>
      <cell cell_id="0x1234" frequency="1,234,456,780">
        <subcell cell_id_extension="0xAB" transposer_frequency="12,345,678,910"/>
      </cell>
      <cell cell_id="0x5678" frequency="9,876,543,210"/>
      <cell cell_id="0x9ABC" frequency="234,567,890">
        <subcell cell_id_extension="0xCD" transposer_frequency="876,650"/>
        <subcell cell_id_extension="0xEF" transposer_frequency="654,654,120"/>
      </cell>
    </cell_frequency_link_descriptor>

    <cell_list_descriptor/>

    <cell_list_descriptor>
      <cell cell_id="0x1234"
            cell_latitude="0"
            cell_longitude="32767"
            cell_extent_of_latitude="0"
            cell_extent_of_longitude="4095"/>
      <cell cell_id="0x5678"
            cell_latitude="-32768"
            cell_longitude="0"
            cell_extent_of_latitude="4095"
            cell_extent_of_longitude="0"/>
      <cell cell_id="0x9ABC"
            cell_latitude="0"
            cell_longitude="16384"
            cell_extent_of_latitude="50"
            cell_extent_of_longitude="100">
        <subcell cell_id_extension="0x12"
                 subcell_latitude="16384"
                 subcell_longitude="-16384"
                 subcell_extent_of_latitude="2048"
                 subcell_extent_of_longitude="1024"/>
        <subcell cell_id_extension="0x34"
                 subcell_latitude="8192"
                 subcell_longitude="-8192"
                 subcell_extent_of_latitude="512"
                 subcell_extent_of_longitude="256"/>
        <subcell cell_id_extension="0x56"
                 subcell_latitude="-4096"
                 subcell_longitude="4096"
                 subcell_extent_of_latitude="128"
                 subcell_extent_of_longitude="64"/>
      </cell>
    </cell_list_descriptor>

    <DTS_HD_descriptor/>

    <DTS_HD_descriptor>
      <additional_info>
        0123456789
      </additional_info>
    </DTS_HD_descriptor>

    <DTS_HD_descriptor>
      <substream_core
          channel_count="7"
          LFE="true"
          sampling_frequency="5"
          sample_resolution="false">
        <asset_info
            asset_construction="2"
            vbr="false"
            post_encode_br_scaling="false"
            bit_rate="45"
            component_type="0x52"
            ISO_639_language_code="foo"/>
        <asset_info
            asset_construction="13"
            vbr="true"
            post_encode_br_scaling="true"
            bit_rate="0x12C"
            component_type="0x24"/>
      </substream_core>
      <substream_2
          channel_count="3"
          LFE="false"
          sampling_frequency="14"
          sample_resolution="true">
        <asset_info
            asset_construction="11"
            vbr="true"
            post_encode_br_scaling="false"
            bit_rate="127"/>
      </substream_2>
      <additional_info>
        7894
      </additional_info>
    </DTS_HD_descriptor>

    <URI_linkage_descriptor uri_linkage_type="1" uri="foo://bar/" min_polling_interval="400"/>

    <URI_linkage_descriptor uri_linkage_type="0xAB" uri="http://foo/bar/">
      <private_data>
        12 34 5678
      </private_data>
    </URI_linkage_descriptor>

    <network_change_notify_descriptor/>

    <network_change_notify_descriptor>
      <cell cell_id="0x1234"/>
      <cell cell_id="0x5678">
        <change network_change_id="0xAB"
                network_change_version="0xCD"
                start_time_of_change="2019-12-11 23:12:34"
                change_duration="08:52:03"
                receiver_category="0"
                change_type="0x02"
                message_id="0x81"/>
        <change network_change_id="0xEF"
                network_change_version="0x67"
                start_time_of_change="2020-01-02 02:34:56"
                change_duration="11:32:45"
                receiver_category="1"
                change_type="0x0B"
                message_id="0x83"
                invariant_ts_tsid="0xDEAD"
                invariant_ts_onid="0xBEEF"/>
      </cell>
    </network_change_notify_descriptor>

    <DSNG_descriptor station_identification="Foo, bar"/>

    <FTA_content_management_descriptor
        user_defined="true"
        do_not_scramble="false"
        control_remote_access_over_internet="2"
        do_not_apply_revocation="true"/>

    <FTA_content_management_descriptor
        user_defined="false"
        do_not_scramble="true"
        control_remote_access_over_internet="0"
        do_not_apply_revocation="false"/>

    <PDC_descriptor programme_identification_label="11-30 23:45"/>

    <short_smoothing_buffer_descriptor sb_size="1" sb_leak_rate="20"/>

    <short_smoothing_buffer_descriptor sb_size="2" sb_leak_rate="41">
      0123456789
    </short_smoothing_buffer_descriptor>

    <video_depth_range_descriptor/>

    <video_depth_range_descriptor>
      <range range_type="0" video_max_disparity_hint="-2048" video_min_disparity_hint="2047"/>
      <range range_type="0" video_max_disparity_hint="123" video_min_disparity_hint="-123"/>
      <range range_type="1"/>
      <range range_type="2">
        <range_selector>
          01 23 45
        </range_selector>
      </range>
    </video_depth_range_descriptor>

    <target_region_descriptor country_code="foo"/>

    <target_region_descriptor country_code="bar">
      <region/>
      <region country_code="foo"
              primary_region_code="0x12"/>
      <region primary_region_code="0x34"
              secondary_region_code="0x56"/>
      <region country_code="abc"
              primary_region_code="0x78"
              secondary_region_code="0x9A"
              tertiary_region_code="0xBCDE"/>
    </target_region_descriptor>

    <target_region_name_descriptor
        country_code="foo"
        ISO_639_language_code="bar"/>

    <target_region_name_descriptor
        country_code="ABC"
        ISO_639_language_code="DEF">
      <region region_name="region foo 1"
              primary_region_code="0x12"/>
      <region region_name="region bar 2"
              primary_region_code="0x34"
              secondary_region_code="0x56"
              tertiary_region_code="0x789A"/>
    </target_region_name_descriptor>

    <image_icon_descriptor
        descriptor_number="0"
        last_descriptor_number="12"
        icon_id="4"
        icon_transport_mode="0"
        coordinate_system="2"
        icon_horizontal_origin="999"
        icon_vertical_origin="456"
        icon_type="image/png">
      <icon_data>
        0123456789ABCDEF
      </icon_data>
    </image_icon_descriptor>

    <image_icon_descriptor
        descriptor_number="0"
        last_descriptor_number="7"
        icon_id="6"
        icon_transport_mode="1"
        icon_type="image/jpeg"
        url="http://foo/bar.jpg"/>

    <image_icon_descriptor
        descriptor_number="3"
        last_descriptor_number="3"
        icon_id="6">
      <icon_data>
        0123456789
      </icon_data>
    </image_icon_descriptor>

    <announcement_support_descriptor/>

    <announcement_support_descriptor>
      <announcement
          announcement_type="1"
          reference_type="0"/>
      <announcement
          announcement_type="4"
          reference_type="2"
          original_network_id="0x1234"
          transport_stream_id="0x5678"
          service_id="0x9ABC"
          component_tag="0xDE"/>
    </announcement_support_descriptor>

    <telephone_descriptor
        foreign_availability="true"
        connection_type="2"/>

    <telephone_descriptor
        foreign_availability="false"
        connection_type="30"
        country_prefix="12"
        international_area_code="456-789"
        operator_code="1"
        national_area_code="234"
        core_number="567 789 0123"/>

    <mosaic_descriptor
        mosaic_entry_point="true"
        number_of_horizontal_elementary_cells="0"
        number_of_vertical_elementary_cells="7"/>

    <mosaic_descriptor
        mosaic_entry_point="false"
        number_of_horizontal_elementary_cells="1"
        number_of_vertical_elementary_cells="5">
      <cell logical_cell_id="0x34"
            logical_cell_presentation_info="2"
            cell_linkage_info="1"
            bouquet_id="0x1234"/>
      <cell logical_cell_id="0x16"
            logical_cell_presentation_info="1"
            cell_linkage_info="2"
            original_network_id="0x789A"
            transport_stream_id="0xBCDE"
            service_id="0xF012">
        <elementary_cell id="0x02"/>
        <elementary_cell id="0x03"/>
        <elementary_cell id="0x34"/>
      </cell>
      <cell logical_cell_id="0x1A"
            logical_cell_presentation_info="3"
            cell_linkage_info="4"
            original_network_id="0xFEDC"
            transport_stream_id="0xBA98"
            service_id="0x7654"
            event_id="0x3210">
        <elementary_cell id="0x1F"/>
        <elementary_cell id="0x2E"/>
      </cell>
    </mosaic_descriptor>

  </TSDT>

</tsduck>
