<?xml version="1.0" encoding="UTF-8"?>
<tsduck>

  <CAT>

    <ISDB_access_control_descriptor CA_system_id="4" PID="100"/>

    <ISDB_access_control_descriptor CA_system_id="10" transmission_type="2" PID="200">
      <private_data>
        0123456789
      </private_data>
    </ISDB_access_control_descriptor>

  </CAT>

</tsduck>
