<?xml version="1.0" encoding="UTF-8"?>
<tsduck>

  <PMT service_id="0">
      <component elementary_PID="13" stream_type="1"/>
      <component elementary_PID="10" stream_type="2"/>
      <component elementary_PID="15" stream_type="3"/>
      <component elementary_PID="18" stream_type="4"/>
      <component elementary_PID="16" stream_type="5"/>
      <component elementary_PID="19" stream_type="6"/>
      <component elementary_PID="12" stream_type="7"/>
      <component elementary_PID="11" stream_type="8"/>
  </PMT>

</tsduck>
