<?xml version="1.0" encoding="UTF-8"?>
<tsduck>

  <CAT>

    <ISDB_access_control_descriptor CA_system_id="4" PID="100"/>

    <ISDB_access_control_descriptor CA_system_id="10" transmission_type="2" PID="200">
      <private_data>
        0123456789
      </private_data>
    </ISDB_access_control_descriptor>

    <data_component_descriptor data_component_id="10"/>

    <data_component_descriptor data_component_id="12">
      <additional_data_component_info>
        23 45 67
      </additional_data_component_info>
    </data_component_descriptor>

    <digital_copy_control_descriptor digital_recording_control_data="3"/>

    <digital_copy_control_descriptor
        digital_recording_control_data="1"
        user_defined="2"
        maximum_bitrate="5">
      <component_control
          component_tag="100"
          digital_recording_control_data="0"
          user_defined="10"/>
      <component_control
          component_tag="101"
          digital_recording_control_data="1"
          user_defined="12"
          maximum_bitrate="40"/>
    </digital_copy_control_descriptor>

  </CAT>

</tsduck>
