<?xml version="1.0" encoding="UTF-8"?>
<tsduck>

  <CAT>
    <adaptation_field_data_descriptor adaptation_field_data_identifier="0x00"/>
    <adaptation_field_data_descriptor adaptation_field_data_identifier="0xFF"/>
    <ancillary_data_descriptor ancillary_data_identifier="0x00"/>
    <ancillary_data_descriptor ancillary_data_identifier="0xFF"/>
  </CAT>

  <INT platform_id="0x123456">

    <target_IP_address_descriptor IPv4_addr_mask="12.34.56.78"/>

    <target_IP_address_descriptor IPv4_addr_mask="12.34.56.78">
      <address IPv4_addr="1.2.3.4"/>
      <address IPv4_addr="54.124.12.78"/>
    </target_IP_address_descriptor>

    <target_IP_slash_descriptor/>

    <target_IP_slash_descriptor>
      <address IPv4_addr="1.2.3.4" IPv4_slash_mask="16"/>
      <address IPv4_addr="5.6.7.8" IPv4_slash_mask="24"/>
    </target_IP_slash_descriptor>

    <target_IP_source_slash_descriptor/>

    <target_IP_source_slash_descriptor>
      <address
          IPv4_source_addr="1.2.3.4" IPv4_source_slash_mask="8"
          IPv4_dest_addr="5.6.7.8" IPv4_dest_slash_mask="16"/>
      <address
          IPv4_source_addr="45.85.35.14" IPv4_source_slash_mask="24"
          IPv4_dest_addr="123.124.178.1" IPv4_dest_slash_mask="25"/>
    </target_IP_source_slash_descriptor>

    <target_IPv6_address_descriptor IPv6_addr_mask="ffff:ffff:ff00::"/>

    <target_IPv6_address_descriptor IPv6_addr_mask="ffff:f0::">
      <address IPv6_addr="fe80::93a3:dea0:2108:b81e"/>
      <address IPv6_addr="fe80::ba3:a0:8:be"/>
    </target_IPv6_address_descriptor>

    <target_IPv6_slash_descriptor/>

    <target_IPv6_slash_descriptor>
      <address IPv6_addr="1:2:3:4:5:6:7:8" IPv6_slash_mask="72"/>
      <address IPv6_addr="fe80::93a3:dea0:2108:b81e" IPv6_slash_mask="128"/>
    </target_IPv6_slash_descriptor>

    <target_IPv6_source_slash_descriptor/>

    <target_IPv6_source_slash_descriptor>
      <address
          IPv6_source_addr="41:252:53:48:95:996:a7:ced8" IPv6_source_slash_mask="8"
          IPv6_dest_addr="fe80::93a3:dea0:2108:b81e" IPv6_dest_slash_mask="16"/>
      <address
          IPv6_source_addr="fe80::ba3:a0:8:be" IPv6_source_slash_mask="128"
          IPv6_dest_addr="::1" IPv6_dest_slash_mask="64"/>
    </target_IPv6_source_slash_descriptor>

    <target_MAC_address_descriptor MAC_addr_mask="01:A3:E4:BA:45:74">
      <address MAC_addr="AB:CD:EF:01:23:45"/>
    </target_MAC_address_descriptor>

    <target_MAC_address_range_descriptor>
      <range MAC_addr_low="12:78:65:32:59:32" MAC_addr_high="78:44:54:54:98:87"/>
    </target_MAC_address_range_descriptor>

    <target_serial_number_descriptor/>

    <target_serial_number_descriptor>
      12 34 56 78
    </target_serial_number_descriptor>

    <target_smartcard_descriptor super_CA_system_id="0x98765432"/>

    <target_smartcard_descriptor super_CA_system_id="0x12345678">
      45 89 32 84 21 54
    </target_smartcard_descriptor>

    <IPMAC_generic_stream_location_descriptor
        interactive_network_id="0x1234"
        modulation_system_type="DVB-T2"/>

    <IPMAC_generic_stream_location_descriptor
        interactive_network_id="0x1234"
        modulation_system_type="0xAB"
        modulation_system_id="0x7894"
        PHY_stream_id="0x4568">
      <selector_bytes>12 34 56 78</selector_bytes>
    </IPMAC_generic_stream_location_descriptor>

    <ISP_access_mode_descriptor access_mode="dialup"/>

    <ISP_access_mode_descriptor access_mode="0xBC"/>

  </INT>

  <AIT application_type="1">

    <application_name_descriptor/>

    <application_name_descriptor>
      <language code="foo" application_name="Foo app"/>
      <language code="bar" application_name="Bar app"/>
    </application_name_descriptor>

    <application_signalling_descriptor/>

    <application_signalling_descriptor>
      <application application_type="1" AIT_version_number="2"/>
      <application application_type="3" AIT_version_number="4"/>
    </application_signalling_descriptor>

    <application_usage_descriptor usage_type="1"/>

    <dvb_j_application_descriptor/>

    <dvb_j_application_descriptor>
      <parameter value="sample"/>
      <parameter value="parameter"/>
      <parameter value="test"/>
    </dvb_j_application_descriptor>

    <dvb_j_application_location_descriptor
        base_directory="/base/dir"
        classpath_extension="ext/dir;other/dir2"
        initial_class="entryPoint"/>

    <dvb_html_application_descriptor/>

    <dvb_html_application_descriptor parameter="sample param">
      <application id="1"/>
      <application id="10"/>
      <application id="100"/>
    </dvb_html_application_descriptor>

    <dvb_html_application_boundary_descriptor
        label="sample label"
        regular_expression="regexp[.*]"/>

    <dvb_html_application_location_descriptor
        physical_root="sample/root"
        initial_path="and/sample/path"/>

    <ip_signalling_descriptor platform_id="0x12345"/>

    <prefetch_descriptor transport_protocol_label="1"/>

    <prefetch_descriptor transport_protocol_label="2">
      <module label="mod1" prefetch_priority="20"/>
      <module label="Module 2" prefetch_priority="75"/>
    </prefetch_descriptor>

    <DII_location_descriptor transport_protocol_label="3"/>

    <DII_location_descriptor transport_protocol_label="4">
      <module DII_identification="1" association_tag="2"/>
      <module DII_identification="3" association_tag="4"/>
      <module DII_identification="5" association_tag="6"/>
      <module DII_identification="7" association_tag="8"/>
    </DII_location_descriptor>

    <transport_protocol_descriptor transport_protocol_label="5">
      <object_carousel
          original_network_id="1"
          transport_stream_id="2"
          service_id="3"
          component_tag="34"/>
    </transport_protocol_descriptor>

    <transport_protocol_descriptor transport_protocol_label="6">
      <object_carousel component_tag="35"/>
    </transport_protocol_descriptor>

    <transport_protocol_descriptor transport_protocol_label="7">
      <ip_mpe alignment_indicator="true"/>
    </transport_protocol_descriptor>

    <transport_protocol_descriptor transport_protocol_label="8">
      <ip_mpe
          original_network_id="10"
          transport_stream_id="11"
          service_id="12"
          alignment_indicator="false">
        <url value="foo://bar/"/>
        <url value="foo2://bar3/"/>
      </ip_mpe>
    </transport_protocol_descriptor>

    <transport_protocol_descriptor transport_protocol_label="9">
      <http>
        <url base="http://a/">
          <extension value="a/b"/>
          <extension value="c/d/e"/>
          <extension value="f"/>
        </url>
      </http>
    </transport_protocol_descriptor>

    <transport_protocol_descriptor transport_protocol_label="10">
      <protocol id="0x1234">
        45 63 21 47 89 52 01
      </protocol>
    </transport_protocol_descriptor>

    <transport_protocol_descriptor transport_protocol_label="11">
      <protocol id="0x5678"/>
    </transport_protocol_descriptor>

  </AIT>

</tsduck>
