<?xml version="1.0" encoding="UTF-8"?>
<tsduck>
  <EIT transport_stream_id="!0x0003" x-node="delete"/>
  <EIT>
    <event>
      <parental_rating_descriptor>
        <country rating="0x07" x-node="delete(EIT)"/>
      </parental_rating_descriptor>
    </event>
  </EIT>
</tsduck>
