<?xml version="1.0" encoding="UTF-8"?>
<tsduck>
  <defaults delivery="DVB-T" bandwidth="4,000,000" directory="."/>
  <channel frequency="473,000,000" file="test-001.ts"/>
  <channel frequency="482,500,000" file="test-040.ts"/>
  <channel frequency="490,000,000" file="test-062.ts"/>
  <channel frequency="498,000,000" file="test-083.ts"/>
</tsduck>
