<?xml version="1.0" encoding="UTF-8"?>
<tsduck>

  <PMT service_id="0">

    <component_descriptor stream_content="1" component_type="2" language_code="fre"/>

    <component_descriptor
        stream_content="9"
        stream_content_ext="1"
        component_type="2"
        component_tag="15"
        language_code="eng"
        text="A string description"/>

    <AAC_descriptor profile_and_level="0x45"/>

    <AAC_descriptor
        profile_and_level="0x21"
        SAOC_DE="true"
        AAC_type="0x40">
      <additional_info>
        0123456789
      </additional_info>
    </AAC_descriptor>
    
    <DTS_descriptor
        sample_rate_code="0x0D"
        bit_rate_code="0x08"
        nblks="0x10"
        fsize="0x1234"
        surround_mode="0x09"/>

    <DTS_descriptor
        sample_rate_code="0x0D"
        bit_rate_code="0x08"
        nblks="0x10"
        fsize="0x1234"
        surround_mode="0x09"
        lfe="true"
        extended_surround="0x02">
      <additional_info>
        78 96 54 12
      </additional_info>
    </DTS_descriptor>

    <cable_delivery_system_descriptor
        frequency="312000000"
        symbol_rate="27450000"
        FEC_inner="3/5"/>

    <cable_delivery_system_descriptor
        frequency="220123789"
        FEC_outer="none"
        modulation="64-QAM"
        symbol_rate="18000000"
        FEC_inner="3/4"/>

    <application_signalling_descriptor/>

    <application_signalling_descriptor>
      <application application_type="0x1234" AIT_version_number="12"/>
      <application application_type="0x5678" AIT_version_number="31"/>
    </application_signalling_descriptor>

    <teletext_descriptor>
      <teletext language_code="fra" teletext_type="0x05" page_number="888"/>
      <teletext language_code="fra" teletext_type="0x02" page_number="889"/>
    </teletext_descriptor>

    <teletext_descriptor/>

    <VBI_teletext_descriptor>
      <teletext language_code="fra" teletext_type="0x05" page_number="888"/>
      <teletext language_code="fra" teletext_type="0x02" page_number="889"/>
    </VBI_teletext_descriptor>

    <VBI_teletext_descriptor/>

    <VBI_data_descriptor/>

    <VBI_data_descriptor>
      <service data_service_id="1">
        <field/>
        <field line_offset="10"/>
        <field field_parity="true" line_offset="20"/>
      </service>
      <service data_service_id="3">
        <reserved>
          01234567 89ABCDEF
        </reserved>
      </service>
    </VBI_data_descriptor>

    <maximum_bitrate_descriptor maximum_bitrate="6,800,000"/>

    <time_shifted_event_descriptor reference_service_id="0x1234" reference_event_id="0x5678"/>

    <time_shifted_service_descriptor reference_service_id="0x9ABC"/>

    <NVOD_reference_descriptor/>

    <NVOD_reference_descriptor>
      <service transport_stream_id="0x1234" original_network_id="0x5678" service_id="0x9ABC"/>
      <service transport_stream_id="0xFEDC" original_network_id="0xBA98" service_id="0x7654"/>
    </NVOD_reference_descriptor>

  </PMT>

</tsduck>
