<?xml version="1.0" encoding="UTF-8"?>
<tsduck>
  <TOP>
    <L1>
      <L2 c="!112" x-add-d="foo"/>
      <L2 c="121" x-node=" delete "/>
      <L2 c="222" x-node=" delete (top) "/>
      <L2 c="312" x-node="delete(l1)"/>
    </L1>
  </TOP>
</tsduck>
