<?xml version="1.0" encoding="UTF-8"?>
<tsduck>

  <generic_short_table table_id="0x81">
    01 02 03 04 05 06 07 08
  </generic_short_table>
  <generic_short_table table_id="0x81">
    01 02 03 04 05 06 07 08
  </generic_short_table>
  <generic_short_table table_id="0x81">
    01 02 03 04 05 06 07 08
  </generic_short_table>
  <generic_short_table table_id="0x81">
    01 02 03 04 05 06 07 08
  </generic_short_table>

  <generic_short_table table_id="0x80">
    DEADBEEF
  </generic_short_table>
  <generic_short_table table_id="0x80">
    DEADBEEF
  </generic_short_table>
  <generic_short_table table_id="0x80">
    DEADBEEF
  </generic_short_table>
  <generic_short_table table_id="0x80">
    DEADBEEF
  </generic_short_table>

  <generic_short_table table_id="0x81">
    F00BAC
  </generic_short_table>
  <generic_short_table table_id="0x81">
    F00BAC
  </generic_short_table>
  <generic_short_table table_id="0x81">
    F00BAC
  </generic_short_table>
  <generic_short_table table_id="0x81">
    F00BAC
  </generic_short_table>

</tsduck>
