<?xml version="1.0" encoding="UTF-8"?>
<tsduck>

  <MGT version="12">
    <table type="TVCT-current" PID="0x1FFB" version_number="11" number_bytes="218"/>
    <table type="ETT" PID="0x1E80" version_number="10" number_bytes="68"/>
    <table type="EIT-0" PID="0x1D00" version_number="10" number_bytes="1,423"/>
    <table type="EIT-1" PID="0x1D01" version_number="10" number_bytes="1,708"/>
    <table type="EIT-2" PID="0x1D02" version_number="10" number_bytes="1,487"/>
    <table type="EIT-3" PID="0x1D03" version_number="10" number_bytes="1,087"/>
    <table type="ETT-0" PID="0x1E00" version_number="10" number_bytes="1,848"/>
    <table type="ETT-1" PID="0x1E01" version_number="10" number_bytes="1,845"/>
    <table type="ETT-2" PID="0x1E02" version_number="10" number_bytes="2,524"/>
    <table type="ETT-3" PID="0x1E03" version_number="10" number_bytes="1,898"/>
    <table type="RRT-1" PID="0x1FFB" version_number="0" number_bytes="979"/>
  </MGT>

  <STT system_time="1236854921" GPS_UTC_offset="12" DS_status="false" DS_day_of_month="3" DS_hour="15"/>

  <TVCT version="11" current="true" transport_stream_id="0x1FE1">

    <channel short_name="KULX   "
             major_channel_number="10" minor_channel_number="1"
             modulation_mode="8-VSB" carrier_frequency="0"
             channel_TSID="0x1FE1" program_number="0x0003"
             ETM_location="1" access_controlled="false" hidden="false" hide_guide="false"
             service_type="dtv" source_id="0x0001">
      <generic_descriptor tag="0xA1">
        E0 31 03 02 E0 31 00 00 00 81 E0 34 65 6E 67 81
        E0 35 65 6E 67
      </generic_descriptor>
    </channel>

    <channel short_name="TelXito"
             major_channel_number="10" minor_channel_number="2"
             modulation_mode="8-VSB" carrier_frequency="0"
             channel_TSID="0x1FE1" program_number="0x0004"
             ETM_location="1" access_controlled="false" hidden="false" hide_guide="false"
             service_type="dtv" source_id="0x0002">
      <generic_descriptor tag="0xA1">
        E0 41 02 02 E0 41 00 00 00 81 E0 44 65 6E 67
      </generic_descriptor>
    </channel>

    <channel short_name="LightTV"
             major_channel_number="10" minor_channel_number="3"
             modulation_mode="8-VSB" carrier_frequency="0"
             channel_TSID="0x1FE1" program_number="0x0005"
             ETM_location="0" access_controlled="false" hidden="false" hide_guide="false"
             service_type="dtv" source_id="0x0003">
      <generic_descriptor tag="0xA1">
        E0 51 02 02 E0 51 00 00 00 81 E0 54 65 6E 67
      </generic_descriptor>
    </channel>

    <channel short_name="Quest  "
             major_channel_number="10" minor_channel_number="4"
             modulation_mode="8-VSB" carrier_frequency="0"
             channel_TSID="0x1FE1" program_number="0x0006"
             ETM_location="0" access_controlled="false" hidden="false" hide_guide="false"
             service_type="dtv" source_id="0x0004">
      <generic_descriptor tag="0xA1">
        E0 61 02 02 E0 61 00 00 00 81 E0 64 65 6E 67
      </generic_descriptor>
    </channel>

  </TVCT>

</tsduck>
