<?xml version="1.0" encoding="UTF-8"?>
<!-- comment file 1 -->
<tsduck>

  <_any in="_tables"/>

  <_metadata>
    <metadata PID="uint13, optional"
              time="YYYY-MM-DD hh:mm:ss, optional"
              first_ts_packet="uint64, optional"
              last_ts_packet="uint64, optional"/>
  </_metadata>

  <_tables>

    <!-- Generic short table -->
    <generic_short_table
        table_id="uint8, required"
        private="bool, default=true">

      Hexadecimal content.

      Generic table with binary payload of one short section,
      to be used when a specific table is not yet implemented.
      The body of this element shall contain an even number of
      hexadecimal digits, the payload of the short section.

      The private indicator shall be false on MPEG-defined sections
      and preferably true on DVB-defined and user-defined sections.

      <_any in="_metadata"/>
    </generic_short_table>

    <!-- Generic long table -->
    <generic_long_table
        table_id="uint8, required"
        table_id_ext="uint16, default=0xFFFF"
        version="uint5, default=0"
        current="bool, default=true"
        private="bool, default=true">
     <_any in="_metadata"/>
      <!-- One per section -->
      <section>

        Hexadecimal content.

        Generic table with binary payload of long sections,
        to be used when a specific table is not yet implemented.
        The body of the section elements shall contain an even number of
        hexadecimal digits, the payload of the long section. The CRC32
        field is not part of this payload, it will be recomputed.

        The private indicator shall be false on MPEG-defined sections
        and preferably true on DVB-defined and user-defined sections.

      </section>
    </generic_long_table>

  </_tables>

  <_descriptors>

    <generic_descriptor tag="uint8, required">

      Hexadecimal content.

      Generic descriptor with binary payload, to be used when a specific
      descriptor is not yet implemented. The body of this element shall
      contain an even number of hexadecimal digits.

    </generic_descriptor>

  </_descriptors>

</tsduck>
