<tsduck>
  <EIT type="0" version="1" current="true" actual="true" service_id="0x64" transport_stream_id="0x01" original_network_id="0x233A">
    <event event_id="0x100" start_time="2021-08-07 15:10:30" duration="00:10:00" running_status="0" CA_mode="false">
      <short_event_descriptor language_code="eng">
        <event_name>event 1 100</event_name>
        <text>This is event number 1 on service 100</text>
      </short_event_descriptor>
    </event>
    <event event_id="0x101" start_time="2021-08-07 15:20:30" duration="00:10:00" running_status="0" CA_mode="false">
      <short_event_descriptor language_code="eng">
        <event_name>event 2 100</event_name>
        <text>This is event number 2 on service 100</text>
      </short_event_descriptor>
    </event>
    <event event_id="0x102" start_time="2021-08-07 15:30:30" duration="00:10:00" running_status="0" CA_mode="false">
      <short_event_descriptor language_code="eng">
        <event_name>event 3 100</event_name>
        <text>This is event number 3 on service 100</text>
      </short_event_descriptor>
    </event>
    <event event_id="0x103" start_time="2021-08-07 15:40:30" duration="00:10:00" running_status="0" CA_mode="false">
      <short_event_descriptor language_code="eng">
        <event_name>event 4 100</event_name>
        <text>This is event number 4 on service 100</text>
      </short_event_descriptor>
    </event>
    <event event_id="0x104" start_time="2021-08-07 15:50:30" duration="00:10:00" running_status="0" CA_mode="false">
      <short_event_descriptor language_code="eng">
        <event_name>event 5 100</event_name>
        <text>This is event number 5 on service 100</text>
      </short_event_descriptor>
    </event>
    <event event_id="0x105" start_time="2021-08-07 16:00:30" duration="00:10:00" running_status="0" CA_mode="false">
      <short_event_descriptor language_code="eng">
        <event_name>event 6 100</event_name>
        <text>This is event number 6 on service 100</text>
      </short_event_descriptor>
    </event>
    <event event_id="0x106" start_time="2021-08-07 16:10:30" duration="00:10:00" running_status="0" CA_mode="false">
      <short_event_descriptor language_code="eng">
        <event_name>event 7 100</event_name>
        <text>This is event number 7 on service 100</text>
      </short_event_descriptor>
    </event>
    <event event_id="0x107" start_time="2021-08-07 16:20:30" duration="00:10:00" running_status="0" CA_mode="false">
      <short_event_descriptor language_code="eng">
        <event_name>event 8 100</event_name>
        <text>This is event number 8 on service 100</text>
      </short_event_descriptor>
    </event>
    <event event_id="0x108" start_time="2021-08-07 16:30:30" duration="00:10:00" running_status="0" CA_mode="false">
      <short_event_descriptor language_code="eng">
        <event_name>event 9 100</event_name>
        <text>This is event number 9 on service 100</text>
      </short_event_descriptor>
    </event>
    <event event_id="0x109" start_time="2021-08-07 16:40:30" duration="00:10:00" running_status="0" CA_mode="false">
      <short_event_descriptor language_code="eng">
        <event_name>event 10 100</event_name>
        <text>This is event number 10 on service 100</text>
      </short_event_descriptor>
    </event>
    <event event_id="0x10a" start_time="2021-08-07 16:50:30" duration="00:10:00" running_status="0" CA_mode="false">
      <short_event_descriptor language_code="eng">
        <event_name>event 11 100</event_name>
        <text>This is event number 11 on service 100</text>
      </short_event_descriptor>
    </event>
  </EIT>
  <EIT type="0" version="1" current="true" actual="true" service_id="0x66" transport_stream_id="0x01" original_network_id="0x233A">
    <event event_id="0x10b" start_time="2021-08-07 15:10:30" duration="00:10:00" running_status="0" CA_mode="false">
      <short_event_descriptor language_code="eng">
        <event_name>event 1 102</event_name>
        <text>This is event number 1 on service 102</text>
      </short_event_descriptor>
    </event>
    <event event_id="0x10c" start_time="2021-08-07 15:20:30" duration="00:10:00" running_status="0" CA_mode="false">
      <short_event_descriptor language_code="eng">
        <event_name>event 2 102</event_name>
        <text>This is event number 2 on service 102</text>
      </short_event_descriptor>
    </event>
    <event event_id="0x10d" start_time="2021-08-07 15:30:30" duration="00:10:00" running_status="0" CA_mode="false">
      <short_event_descriptor language_code="eng">
        <event_name>event 3 102</event_name>
        <text>This is event number 3 on service 102</text>
      </short_event_descriptor>
    </event>
    <event event_id="0x10e" start_time="2021-08-07 15:40:30" duration="00:10:00" running_status="0" CA_mode="false">
      <short_event_descriptor language_code="eng">
        <event_name>event 4 102</event_name>
        <text>This is event number 4 on service 102</text>
      </short_event_descriptor>
    </event>
    <event event_id="0x10f" start_time="2021-08-07 15:50:30" duration="00:10:00" running_status="0" CA_mode="false">
      <short_event_descriptor language_code="eng">
        <event_name>event 5 102</event_name>
        <text>This is event number 5 on service 102</text>
      </short_event_descriptor>
    </event>
    <event event_id="0x110" start_time="2021-08-07 16:00:30" duration="00:10:00" running_status="0" CA_mode="false">
      <short_event_descriptor language_code="eng">
        <event_name>event 6 102</event_name>
        <text>This is event number 6 on service 102</text>
      </short_event_descriptor>
    </event>
    <event event_id="0x111" start_time="2021-08-07 16:10:30" duration="00:10:00" running_status="0" CA_mode="false">
      <short_event_descriptor language_code="eng">
        <event_name>event 7 102</event_name>
        <text>This is event number 7 on service 102</text>
      </short_event_descriptor>
    </event>
    <event event_id="0x112" start_time="2021-08-07 16:20:30" duration="00:10:00" running_status="0" CA_mode="false">
      <short_event_descriptor language_code="eng">
        <event_name>event 8 102</event_name>
        <text>This is event number 8 on service 102</text>
      </short_event_descriptor>
    </event>
    <event event_id="0x113" start_time="2021-08-07 16:30:30" duration="00:10:00" running_status="0" CA_mode="false">
      <short_event_descriptor language_code="eng">
        <event_name>event 9 102</event_name>
        <text>This is event number 9 on service 102</text>
      </short_event_descriptor>
    </event>
    <event event_id="0x114" start_time="2021-08-07 16:40:30" duration="00:10:00" running_status="0" CA_mode="false">
      <short_event_descriptor language_code="eng">
        <event_name>event 10 102</event_name>
        <text>This is event number 10 on service 102</text>
      </short_event_descriptor>
    </event>
    <event event_id="0x115" start_time="2021-08-07 16:50:30" duration="00:10:00" running_status="0" CA_mode="false">
      <short_event_descriptor language_code="eng">
        <event_name>event 11 102</event_name>
        <text>This is event number 11 on service 102</text>
      </short_event_descriptor>
    </event>
  </EIT>
  <EIT type="0" version="1" current="true" actual="true" service_id="0x68" transport_stream_id="0x01" original_network_id="0x233A">
    <event event_id="0x116" start_time="2021-08-07 15:10:30" duration="00:10:00" running_status="0" CA_mode="false">
      <short_event_descriptor language_code="eng">
        <event_name>event 1 104</event_name>
        <text>This is event number 1 on service 104</text>
      </short_event_descriptor>
    </event>
    <event event_id="0x117" start_time="2021-08-07 15:20:30" duration="00:10:00" running_status="0" CA_mode="false">
      <short_event_descriptor language_code="eng">
        <event_name>event 2 104</event_name>
        <text>This is event number 2 on service 104</text>
      </short_event_descriptor>
    </event>
    <event event_id="0x118" start_time="2021-08-07 15:30:30" duration="00:10:00" running_status="0" CA_mode="false">
      <short_event_descriptor language_code="eng">
        <event_name>event 3 104</event_name>
        <text>This is event number 3 on service 104</text>
      </short_event_descriptor>
    </event>
    <event event_id="0x119" start_time="2021-08-07 15:40:30" duration="00:10:00" running_status="0" CA_mode="false">
      <short_event_descriptor language_code="eng">
        <event_name>event 4 104</event_name>
        <text>This is event number 4 on service 104</text>
      </short_event_descriptor>
    </event>
    <event event_id="0x11a" start_time="2021-08-07 15:50:30" duration="00:10:00" running_status="0" CA_mode="false">
      <short_event_descriptor language_code="eng">
        <event_name>event 5 104</event_name>
        <text>This is event number 5 on service 104</text>
      </short_event_descriptor>
    </event>
    <event event_id="0x11b" start_time="2021-08-07 16:00:30" duration="00:10:00" running_status="0" CA_mode="false">
      <short_event_descriptor language_code="eng">
        <event_name>event 6 104</event_name>
        <text>This is event number 6 on service 104</text>
      </short_event_descriptor>
    </event>
    <event event_id="0x11c" start_time="2021-08-07 16:10:30" duration="00:10:00" running_status="0" CA_mode="false">
      <short_event_descriptor language_code="eng">
        <event_name>event 7 104</event_name>
        <text>This is event number 7 on service 104</text>
      </short_event_descriptor>
    </event>
    <event event_id="0x11d" start_time="2021-08-07 16:20:30" duration="00:10:00" running_status="0" CA_mode="false">
      <short_event_descriptor language_code="eng">
        <event_name>event 8 104</event_name>
        <text>This is event number 8 on service 104</text>
      </short_event_descriptor>
    </event>
    <event event_id="0x11e" start_time="2021-08-07 16:30:30" duration="00:10:00" running_status="0" CA_mode="false">
      <short_event_descriptor language_code="eng">
        <event_name>event 9 104</event_name>
        <text>This is event number 9 on service 104</text>
      </short_event_descriptor>
    </event>
    <event event_id="0x11f" start_time="2021-08-07 16:40:30" duration="00:10:00" running_status="0" CA_mode="false">
      <short_event_descriptor language_code="eng">
        <event_name>event 10 104</event_name>
        <text>This is event number 10 on service 104</text>
      </short_event_descriptor>
    </event>
    <event event_id="0x120" start_time="2021-08-07 16:50:30" duration="00:10:00" running_status="0" CA_mode="false">
      <short_event_descriptor language_code="eng">
        <event_name>event 11 104</event_name>
        <text>This is event number 11 on service 104</text>
      </short_event_descriptor>
    </event>
  </EIT>
  <EIT type="0" version="1" current="true" actual="true" service_id="0x69" transport_stream_id="0x01" original_network_id="0x233A">
    <event event_id="0x121" start_time="2021-08-07 15:10:30" duration="00:10:00" running_status="0" CA_mode="false">
      <short_event_descriptor language_code="eng">
        <event_name>event 1 105</event_name>
        <text>This is event number 1 on service 105</text>
      </short_event_descriptor>
    </event>
    <event event_id="0x122" start_time="2021-08-07 15:20:30" duration="00:10:00" running_status="0" CA_mode="false">
      <short_event_descriptor language_code="eng">
        <event_name>event 2 105</event_name>
        <text>This is event number 2 on service 105</text>
      </short_event_descriptor>
    </event>
    <event event_id="0x123" start_time="2021-08-07 15:30:30" duration="00:10:00" running_status="0" CA_mode="false">
      <short_event_descriptor language_code="eng">
        <event_name>event 3 105</event_name>
        <text>This is event number 3 on service 105</text>
      </short_event_descriptor>
    </event>
    <event event_id="0x124" start_time="2021-08-07 15:40:30" duration="00:10:00" running_status="0" CA_mode="false">
      <short_event_descriptor language_code="eng">
        <event_name>event 4 105</event_name>
        <text>This is event number 4 on service 105</text>
      </short_event_descriptor>
    </event>
    <event event_id="0x125" start_time="2021-08-07 15:50:30" duration="00:10:00" running_status="0" CA_mode="false">
      <short_event_descriptor language_code="eng">
        <event_name>event 5 105</event_name>
        <text>This is event number 5 on service 105</text>
      </short_event_descriptor>
    </event>
    <event event_id="0x126" start_time="2021-08-07 16:00:30" duration="00:10:00" running_status="0" CA_mode="false">
      <short_event_descriptor language_code="eng">
        <event_name>event 6 105</event_name>
        <text>This is event number 6 on service 105</text>
      </short_event_descriptor>
    </event>
    <event event_id="0x127" start_time="2021-08-07 16:10:30" duration="00:10:00" running_status="0" CA_mode="false">
      <short_event_descriptor language_code="eng">
        <event_name>event 7 105</event_name>
        <text>This is event number 7 on service 105</text>
      </short_event_descriptor>
    </event>
    <event event_id="0x128" start_time="2021-08-07 16:20:30" duration="00:10:00" running_status="0" CA_mode="false">
      <short_event_descriptor language_code="eng">
        <event_name>event 8 105</event_name>
        <text>This is event number 8 on service 105</text>
      </short_event_descriptor>
    </event>
    <event event_id="0x129" start_time="2021-08-07 16:30:30" duration="00:10:00" running_status="0" CA_mode="false">
      <short_event_descriptor language_code="eng">
        <event_name>event 9 105</event_name>
        <text>This is event number 9 on service 105</text>
      </short_event_descriptor>
    </event>
    <event event_id="0x12a" start_time="2021-08-07 16:40:30" duration="00:10:00" running_status="0" CA_mode="false">
      <short_event_descriptor language_code="eng">
        <event_name>event 10 105</event_name>
        <text>This is event number 10 on service 105</text>
      </short_event_descriptor>
    </event>
    <event event_id="0x12b" start_time="2021-08-07 16:50:30" duration="00:10:00" running_status="0" CA_mode="false">
      <short_event_descriptor language_code="eng">
        <event_name>event 11 105</event_name>
        <text>This is event number 11 on service 105</text>
      </short_event_descriptor>
    </event>
  </EIT>
</tsduck>
