<?xml version="1.0" encoding="UTF-8"?>
<tsduck>

  <PMT service_id="0">

    <AVS3_video_descriptor
        profile_id="50"
        level_id="85"
        multiple_frame_rate_flag="false"
        frame_rate_code="8"
        sample_precision="2"
        chroma_format="1"
        temporal_id_flag="false"
        td_mode_flag="true"
        library_stream_flag="false"
        library_picture_enable_flag="true"
        colour_primaries="9"
        transfer_characteristics="14"
        matrix_coefficients="8"/>

    <vvc_subpictures_descriptor
        default_service_mode="true"
        processing_mode="1"
        service_description="whole mosaic">
      <subpicture component_tag="1" subpicture_id="0"/>
      <subpicture component_tag="1" subpicture_id="1"/>
      <subpicture component_tag="1" subpicture_id="2"/>
      <subpicture component_tag="1" subpicture_id="3"/>
    </vvc_subpictures_descriptor>

    <vvc_subpictures_descriptor
        default_service_mode="false"
        processing_mode="2"/>

    <vvc_subpictures_descriptor
        default_service_mode="false"
        processing_mode="6"
        service_description="picture-in-picture">
      <subpicture component_tag="1" subpicture_id="1"/>
      <subpicture component_tag="1" subpicture_id="2"/>
      <subpicture component_tag="1" subpicture_id="0"/>
      <subpicture component_tag="1" subpicture_id="3"/>
      <subpicture component_tag="1" subpicture_id="4"/>
    </vvc_subpictures_descriptor>

    <EVC_timing_and_HRD_descriptor
        hrd_management_valid="true"
        N_90khz="0x12345678"
        K_90khz="0xDEADBEEF"
        num_units_in_tick="0x87654321"/>

    <EVC_timing_and_HRD_descriptor
        hrd_management_valid="false"/>

    <EVC_video_descriptor
        profile_idc="0xFE"
        level_idc="0xC5"
        toolset_idc_h="0x98765432"
        toolset_idc_l="0x45698523"
        progressive_source_flag="true"
        interlaced_source_flag="false"
        non_packed_constraint_flag="true"
        frame_only_constraint_flag="false"
        EVC_still_present_flag="false"
        EVC_24hr_picture_present_flag="true"/>

    <EVC_video_descriptor
        profile_idc="0x18"
        level_idc="0x76"
        toolset_idc_h="0x45876239"
        toolset_idc_l="0x25812398"
        progressive_source_flag="false"
        interlaced_source_flag="true"
        non_packed_constraint_flag="false"
        frame_only_constraint_flag="true"
        EVC_still_present_flag="true"
        EVC_24hr_picture_present_flag="false"
        HDR_WCG_idc="2"
        video_properties_tag="9"
        temporal_id_min="2"
        temporal_id_max="5"/>

    <LCEVC_linkage_descriptor/>

    <LCEVC_linkage_descriptor>
      <lcevc_stream_tag>
        01 23 45
      </lcevc_stream_tag>
    </LCEVC_linkage_descriptor>

    <LCEVC_video_descriptor
        lcevc_stream_tag="0x56"
        profile_idc="5"
        level_idc="9"
        sublevel_idc="1"
        processed_planes_type_flag="true"
        picture_type_bit_flag="false"
        field_type_bit_flag="true"
        HDR_WCG_idc="2"
        video_properties_tag="6"/>

    <VVC_timing_and_HRD_descriptor
        hrd_management_valid="false"/>

    <VVC_timing_and_HRD_descriptor
        hrd_management_valid="true"
        N_90khz="0x12398756"
        K_90khz="0x14785236"
        num_units_in_tick="0x96325841"/>

    <VVC_video_descriptor
        profile_idc="0x01"
        tier_flag="false"
        progressive_source_flag="true"
        interlaced_source_flag="false"
        non_packed_constraint_flag="true"
        frame_only_constraint_flag="false"
        level_idc="0x50"
        VVC_still_present_flag="false"
        VVC_24hr_picture_present_flag="true"
        HDR_WCG_idc="2"
        video_properties_tag="4"/>

    <VVC_video_descriptor
        profile_idc="0x01"
        tier_flag="false"
        progressive_source_flag="false"
        interlaced_source_flag="true"
        non_packed_constraint_flag="false"
        frame_only_constraint_flag="true"
        level_idc="0x66"
        VVC_still_present_flag="true"
        VVC_24hr_picture_present_flag="false"
        HDR_WCG_idc="0"
        video_properties_tag="0"
        temporal_id_min="3"
        temporal_id_max="5">
      <sub_profile_idc value="0x12369874"/>
      <sub_profile_idc value="0x01236985"/>
      <sub_profile_idc value="0x41558723"/>
    </VVC_video_descriptor>

    <MPEGH_3D_audio_descriptor
        mpegh_3da_profile_level_indication="0xAB"
        interactivity_enabled="false"
        reference_channel_layout="0x34">
      <reserved>
        0123456789
      </reserved>
    </MPEGH_3D_audio_descriptor>

    <MPEGH_3D_audio_descriptor
        mpegh_3da_profile_level_indication="0xCD"
        interactivity_enabled="true"
        reference_channel_layout="0x12">
      <CompatibleSetIndication>
        010203040511
      </CompatibleSetIndication>
    </MPEGH_3D_audio_descriptor>

    <MPEGH_3D_audio_descriptor
        mpegh_3da_profile_level_indication="0xEF"
        interactivity_enabled="false"
        reference_channel_layout="0x23">
      <CompatibleSetIndication>
        0112
      </CompatibleSetIndication>
      <reserved>
        456789
      </reserved>
    </MPEGH_3D_audio_descriptor>

  </PMT>

</tsduck>
