<?xml version="1.0" encoding="UTF-8"?>
<tsduck>

  <SAT version="1" current="true" satellite_table_id="0" table_count="0">
 
	<!-- satellite_table_id=0 -> satellite_position_v2_info -->
	<satellite_position_v2_info>
	
		<satellite_position satellite_id="0x192">
			<geostationary orbital_position="19.2" west_east_flag="east"/>
		</satellite_position>
		
		<satellite_position satellite_id="0x123456">
			<earth_orbiting 
				epoch_year="22" day_of_the_year="176" day_fraction="14.75"
				mean_motion_first_derivative="23456.78" mean_motion_second_derivative="123.4567"
				drag_term="0.00001" inclination="35.791"
				right_ascension_of_the_ascending_node="65.12"
				eccentricity="0.34"
				argument_of_perigree="17.89"
				mean_anomaly="0.034" mean_motion="12.345"/>
		</satellite_position>
		
	</satellite_position_v2_info>

  </SAT>

  <SAT version="1" current="true" satellite_table_id="0" table_count="0">
 
	<!-- satellite_table_id=0 -> satellite_position_v2_info -->
	<satellite_position_v2_info>
	
		<satellite_position satellite_id="0x111111">
			<geostationary orbital_position="21.7" west_east_flag="west"/>
		</satellite_position>
				
	</satellite_position_v2_info>

  </SAT>

  <SAT version="1" current="true" satellite_table_id="1" table_count="0">
 
	<!-- satellite_table_id=1 -> cell_fragment_info -->
	<cell_fragment_info>
	
		<cell_fragment cell_fragment_id="1" first_occurence="true" last_occurence="false"
			center_latitude="45234" center_longitude="-19200" max_distance="10000">
			<delivery_system id="0xBEEFBEEF"/>
			<new_delivery_system id="0xDEAD0001" 
				time_of_application_base="1238472730" time_of_application_ext="456"/>
			<new_delivery_system id="0xDEAD0002" 
				time_of_application_base="22222730" time_of_application_ext="501"/>
				
			<obsolescent_delivery_system id="0x00000001"
				time_of_obsolescence_base="123456789" time_of_obsolescence_ext="1"/>
		</cell_fragment>
		
	</cell_fragment_info>

  </SAT>


  <SAT version="1" current="true" satellite_table_id="2" table_count="0">
 
	<!-- satellite_table_id=2 -> time_association_info -->
	<time_association_info association_type="0"
		ncr_base="98765" ncr_ext="432"
		association_timestamp_seconds="12345678901234" association_timestamp_nanoseconds="567890123"/>
		
  </SAT>


  <SAT version="1" current="true" satellite_table_id="2" table_count="0">
 
	<!-- satellite_table_id=2 -> time_association_info -->
	<time_association_info association_type="1"
		leap59="true" leap61="false" past_leap59="false" past_leap61="true"
		ncr_base="65535" ncr_ext="255"
		association_timestamp_seconds="200000002" association_timestamp_nanoseconds="200000002"/>
		
  </SAT>


  <SAT version="1" current="true" satellite_table_id="3" table_count="0">
 
	<!-- satellite_table_id=3 -> beamhopping_timeplan_info -->
	<beamhopping_timeplan_info>
	
		<beamhopping_timeplan
			id="0xDEAD0000"
			time_of_application_base="0x100000000" time_of_application_ext="0x100"
			cycle_duration_base="0x100" cycle_duration_ext="0x100">
			<time_plan_mode_0
				dwell_duration_base="2000"
				dwell_duration_ext="200"
				on_time_base="1000"
				on_time_ext="100"/>
		</beamhopping_timeplan>

		<beamhopping_timeplan
			id="0xDEAD1000"
			time_of_application_base="0x100000001" time_of_application_ext="0x101"
			cycle_duration_base="0x101" cycle_duration_ext="0x101">
			<time_plan_mode_1 current_slot="5">
				<slot id="1" transmission_on="true"/>
				<slot id="2" transmission_on="false"/>
				<slot id="3" transmission_on="true"/>
				<slot id="5" transmission_on="true"/>
				<slot id="4" transmission_on="false"/>
				<slot id="6" transmission_on="false"/>
			</time_plan_mode_1>
		</beamhopping_timeplan>
		
		<beamhopping_timeplan
			id="0xDEAD2000"
			time_of_application_base="0x100000002" time_of_application_ext="0x102"
			cycle_duration_base="0x102" cycle_duration_ext="0x102">
			<time_plan_mode_2
				grid_size_base="0x1111" grid_size_ext="0x11"
				revisit_duration_base="0x2222" revisit_duration_ext="0x22"
				sleep_time_base="0x3333" sleep_time_ext="0x33"
				sleep_duration_base="0x4444" sleep_duration_ext="0x44"/>
		</beamhopping_timeplan>
		
	</beamhopping_timeplan_info>
	
  </SAT>
  
  
</tsduck>
