<?xml version="1.0" encoding="UTF-8"?>
<tsduck>

  <CAT>

    <ISDB_access_control_descriptor CA_system_id="4" PID="100"/>

    <ISDB_access_control_descriptor CA_system_id="10" transmission_type="2" PID="200">
      <private_data>
        0123456789
      </private_data>
    </ISDB_access_control_descriptor>

    <data_component_descriptor data_component_id="10"/>

    <data_component_descriptor data_component_id="12">
      <additional_data_component_info>
        23 45 67
      </additional_data_component_info>
    </data_component_descriptor>

    <digital_copy_control_descriptor digital_recording_control_data="3"/>

    <digital_copy_control_descriptor
        digital_recording_control_data="1"
        user_defined="2"
        maximum_bitrate="5">
      <component_control
          component_tag="100"
          digital_recording_control_data="0"
          user_defined="10"/>
      <component_control
          component_tag="101"
          digital_recording_control_data="1"
          user_defined="12"
          maximum_bitrate="40"/>
    </digital_copy_control_descriptor>

    <ISDB_terrestrial_delivery_system_descriptor area_code="0x123" guard_interval="1/32" transmission_mode="8k"/>

    <ISDB_terrestrial_delivery_system_descriptor area_code="0xFED" guard_interval="1/16" transmission_mode="mode1">
      <frequency value="600,000,000"/>
      <frequency value="650,000,000"/>
      <frequency value="700,000,000"/>
      <frequency value="750,000,000"/>
    </ISDB_terrestrial_delivery_system_descriptor>

    <partial_reception_descriptor/>

    <partial_reception_descriptor>
      <service id="0x1234"/>
      <service id="0x5678"/>
      <service id="0x9ABC"/>
    </partial_reception_descriptor>

    <TS_information_descriptor remote_control_key_id="0xAB" ts_name="foo"/>

    <TS_information_descriptor remote_control_key_id="0x12" ts_name="bar">
      <transmission_type transmission_type_info="0xEF">
        <service id="0x1234"/>
        <service id="0x5678"/>
        <service id="0x9ABC"/>
      </transmission_type>
      <transmission_type transmission_type_info="0x23"/>
      <reserved_future_use>
        CD EF 12 56
      </reserved_future_use>
    </TS_information_descriptor>

    <logo_transmission_descriptor
        logo_transmission_type="1"
        logo_id="2"
        logo_version="0xABC"
        download_data_id="0x1234"/>

    <logo_transmission_descriptor logo_transmission_type="2" logo_id="0x123"/>

    <logo_transmission_descriptor logo_transmission_type="3" logo_char="log text"/>

    <logo_transmission_descriptor logo_transmission_type="0xDE">
      <reserved_future_use>
        1234 5678
      </reserved_future_use>
    </logo_transmission_descriptor>

    <video_decode_control_descriptor
        still_picture="true"
        sequence_end_code="false"
        video_encode_format="2"/>

    <video_decode_control_descriptor
        still_picture="false"
        sequence_end_code="true"
        video_encode_format="3"
        reserved_future_use="2"/>

    <system_management_descriptor
        broadcasting_flag="0"
        broadcasting_identifier="1"
        additional_broadcasting_identification="0x23"/>

    <system_management_descriptor
        broadcasting_flag="1"
        broadcasting_identifier="2"
        additional_broadcasting_identification="0xAB">
      <additional_identification_info>
        987654
      </additional_identification_info>
    </system_management_descriptor>

    <broadcaster_name_descriptor name="test name"/>

    <content_availability_descriptor
        copy_restriction_mode="true"
        image_constraint_token="false"
        retention_mode="true"
        retention_state="1"
        encryption_mode="false"/>

    <content_availability_descriptor
        copy_restriction_mode="false"
        image_constraint_token="true"
        retention_mode="false"
        retention_state="2"
        encryption_mode="true">
      <reserved_future_use>
        01 23 5678
      </reserved_future_use>
    </content_availability_descriptor>

  </CAT>

  <BIT original_network_id="0x123" broadcast_view_propriety="false"/>

  <BIT version="23" original_network_id="0x8765" broadcast_view_propriety="true">
    <data_component_descriptor data_component_id="0x1234"/>
    <data_component_descriptor data_component_id="0x5678"/>
    <broadcaster broadcaster_id="0xAB"/>
    <broadcaster broadcaster_id="0xCD">
      <data_component_descriptor data_component_id="0x9ABC"/>
      <data_component_descriptor data_component_id="0xDEF1"/>
      <data_component_descriptor data_component_id="0x2345"/>
    </broadcaster>
  </BIT>

  <CAT version="2">

    <audio_component_descriptor
        component_type="0x08"
        component_tag="0x12"
        stream_type="0x04"
        quality_indicator="1"
        sampling_rate="2"
        ISO_639_language_code="jpn"/>

    <audio_component_descriptor
        stream_content="0xE"
        component_type="0x40"
        component_tag="0x34"
        stream_type="0x11"
        simulcast_group_tag="0x45"
        main_component="false"
        quality_indicator="3"
        sampling_rate="6"
        ISO_639_language_code="foo"
        ISO_639_language_code_2="bar"
        text="sample text"/>

  </CAT>

</tsduck>
