<?xml version="1.0" encoding="UTF-8"?>
<tsduck>

  <PMT service_id="0">

    <private_data_specifier_descriptor private_data_specifier="eacem"/>

    <eacem_stream_identifier_descriptor version_byte="4"/>

    <eacem_preferred_name_identifier_descriptor name_id="0x27"/>

    <eacem_preferred_name_list_descriptor/>

    <eacem_preferred_name_list_descriptor>
      <language code="fre"/>
      <language code="deu">
        <name name_id="1" name="für uns"/>
        <name name_id="2" name="Große Kanal"/>
      </language>
      <language code="esp">
        <name name_id="189" name="Mañana"/>
      </language>
    </eacem_preferred_name_list_descriptor>

    <eacem_logical_channel_number_descriptor/>

    <eacem_logical_channel_number_descriptor>
      <service service_id="0x1234" logical_channel_number="11"/>
      <service service_id="0x5678" logical_channel_number="22" visible_service="false"/>
      <service service_id="0x9ABC" logical_channel_number="33" visible_service="true"/>
    </eacem_logical_channel_number_descriptor>

    <eacem_HD_simulcast_logical_channel_descriptor/>

    <eacem_HD_simulcast_logical_channel_descriptor>
      <service service_id="0x1234" logical_channel_number="101"/>
      <service service_id="0x5678" logical_channel_number="202" visible_service="false"/>
      <service service_id="0x9ABC" logical_channel_number="303" visible_service="true"/>
    </eacem_HD_simulcast_logical_channel_descriptor>

  </PMT>

</tsduck>
