<?xml version="1.0" encoding="UTF-8"?>
<tsduck>
  <splice_information_table protocol_version="0" pts_adjustment="0" tier="0x0FFF">
    <splice_schedule>
      <splice_event splice_event_id="0x78914861" splice_event_cancel="false" out_of_network="true" unique_program_id="0x4562" avail_num="0" avails_expected="0" utc_splice_time="2021-04-05 10:11:12"/>
      <splice_event splice_event_id="0x12345678" splice_event_cancel="false" out_of_network="false" unique_program_id="0xABCD" avail_num="0" avails_expected="0">
        <component component_tag="1" utc_splice_time="2021-04-05 10:11:22"/>
        <component component_tag="2" utc_splice_time="2021-04-05 10:11:32"/>
      </splice_event>
    </splice_schedule>
  </splice_information_table>
</tsduck>
