<?xml version="1.0" encoding="UTF-8"?>
<tsduck>
  <cable_emergency_alert_table sequence_number="1" protocol_version="0" EAS_event_ID="0x1234" EAS_originator_code="CIV" EAS_event_code="EQW" alert_priority="11">
    <location state_code="11" county_subdivision="1" county_code="222"/>
  </cable_emergency_alert_table>
  <cable_emergency_alert_table sequence_number="2" protocol_version="0" EAS_event_ID="0x8765" EAS_originator_code="FOO" EAS_event_code="BAR" alert_message_time_remaining="30" event_start_time="2016-09-15 21:12:45" event_duration="15" alert_priority="11" details_OOB_source_ID="0x7413" details_major_channel_number="12" details_minor_channel_number="15" audio_OOB_source_ID="0x9654">
    <nature_of_activation_text>
      <string language="eng" text="Warning message"/>
      <string language="foo" text="Glooby boolga"/>
    </nature_of_activation_text>
    <alert_text>
      <string language="eng" text="This is a long message text without real meaning."/>
      <string language="fre" text="Tout Ã§a ne veut pas dire grand chose."/>
    </alert_text>
    <location state_code="1" county_subdivision="0" county_code="841"/>
    <location state_code="2" county_subdivision="5" county_code="123"/>
    <location state_code="3" county_subdivision="4" county_code="431"/>
    <exception major_channel_number="1" minor_channel_number="2"/>
    <exception major_channel_number="3" minor_channel_number="123"/>
    <exception OOB_source_ID="0x0753"/>
    <exception OOB_source_ID="0x1597"/>
    <EAS_inband_details_channel_descriptor details_RF_channel="11" details_program_number="0x1234"/>
    <EAS_inband_exception_channels_descriptor/>
    <EAS_inband_exception_channels_descriptor>
      <exception RF_channel="10" program_number="0x1234"/>
      <exception RF_channel="22" program_number="0x5235"/>
    </EAS_inband_exception_channels_descriptor>
    <EAS_metadata_descriptor fragment_number="1"/>
    <EAS_metadata_descriptor fragment_number="2">&lt;AlertText&gt;&lt;Foo/&gt;&lt;/AlertText&gt;</EAS_metadata_descriptor>
    <EAS_audio_file_descriptor/>
    <EAS_audio_file_descriptor>
      <file audio_format="0x02" audio_source="0x00"/>
      <file audio_format="0x02" file_name="FOO-AUDIO.WAV" audio_source="0x01" program_number="0x5678" carousel_id="0x12345678" application_id="0x9876"/>
      <file audio_format="0x03" file_name="bar.wav" audio_source="0x02" program_number="0x4569" download_id="0x15975315" module_id="0x85245691" application_id="0x1258"/>
    </EAS_audio_file_descriptor>
  </cable_emergency_alert_table>
</tsduck>
