<?xml version="1.0" encoding="UTF-8"?>
<tsduck>
  <cable_emergency_alert_table sequence_number="5" protocol_version="0" EAS_event_ID="0x0A75" EAS_originator_code="EAS" EAS_event_code="RWT" alert_message_time_remaining="29" event_duration="15" alert_priority="15" details_OOB_source_ID="0x2613" details_major_channel_number="15" details_minor_channel_number="20">
    <metadata PID="8,187"/>
    <nature_of_activation_text>
      <string language="eng" text="REQUIRED WEEKLY TEST"/>
    </nature_of_activation_text>
    <location state_code="42" county_subdivision="0" county_code="91"/>
    <location state_code="42" county_subdivision="0" county_code="101"/>
    <EAS_inband_details_channel_descriptor details_RF_channel="15" details_program_number="0x0014"/>
  </cable_emergency_alert_table>
</tsduck>
