<?xml version="1.0" encoding="UTF-8"?>
<tsduck>
  <TOP a="1">
    <L1 b="11">
      <L2 c="111" d="foo"/>
      <L2 c="112"/>
      <L2 c="113" d="foo"/>
    </L1>
    <L1 b="12">
      <L2 c="122" d="foo"/>
      <L2 c="123" d="foo"/>
    </L1>
  </TOP>
  <TOP a="3">
    <L1 b="32">
      <L2 c="321" d="foo"/>
      <L2 c="322" d="foo"/>
      <L2 c="323" d="foo"/>
    </L1>
  </TOP>
</tsduck>
