<?xml version="1.0" encoding="UTF-8"?>
<tsduck>
  <INT version="6" current="true" action_type="0x01" processing_order="0x00" platform_id="0x00000004">
    <metadata PID="200"/>
    <IPMAC_platform_name_descriptor language_code="eng" text="CANALETTO"/>
    <IPMAC_platform_provider_name_descriptor language_code="eng" text="EUTELSAT"/>
    <device>
      <target>
        <target_IP_slash_descriptor>
          <address IPv4_addr="224.20.20.1" IPv4_slash_mask="32"/>
          <address IPv4_addr="224.20.20.2" IPv4_slash_mask="32"/>
          <address IPv4_addr="224.20.20.3" IPv4_slash_mask="32"/>
          <address IPv4_addr="224.20.20.4" IPv4_slash_mask="32"/>
        </target_IP_slash_descriptor>
      </target>
      <operational>
        <IPMAC_stream_location_descriptor network_id="0x007E" original_network_id="0x007E" transport_stream_id="0xEB8C" service_id="0x000A" component_tag="0x01"/>
      </operational>
    </device>
    <device>
      <target>
        <target_IP_slash_descriptor>
          <address IPv4_addr="224.20.20.13" IPv4_slash_mask="32"/>
          <address IPv4_addr="224.20.20.14" IPv4_slash_mask="32"/>
          <address IPv4_addr="224.20.20.15" IPv4_slash_mask="32"/>
          <address IPv4_addr="224.20.20.16" IPv4_slash_mask="32"/>
        </target_IP_slash_descriptor>
      </target>
      <operational>
        <IPMAC_stream_location_descriptor network_id="0x007E" original_network_id="0x007E" transport_stream_id="0xEB8C" service_id="0x000A" component_tag="0x02"/>
      </operational>
    </device>
    <device>
      <target>
        <target_IP_slash_descriptor>
          <address IPv4_addr="224.10.10.1" IPv4_slash_mask="32"/>
          <address IPv4_addr="224.10.10.2" IPv4_slash_mask="32"/>
          <address IPv4_addr="224.20.20.24" IPv4_slash_mask="32"/>
        </target_IP_slash_descriptor>
      </target>
      <operational>
        <IPMAC_stream_location_descriptor network_id="0x007E" original_network_id="0x007E" transport_stream_id="0xEB8C" service_id="0x000A" component_tag="0x03"/>
      </operational>
    </device>
    <device>
      <target>
        <target_IP_slash_descriptor>
          <address IPv4_addr="224.20.20.5" IPv4_slash_mask="32"/>
          <address IPv4_addr="224.20.20.6" IPv4_slash_mask="32"/>
          <address IPv4_addr="224.20.20.7" IPv4_slash_mask="32"/>
          <address IPv4_addr="224.20.20.8" IPv4_slash_mask="32"/>
        </target_IP_slash_descriptor>
      </target>
      <operational>
        <IPMAC_stream_location_descriptor network_id="0x007E" original_network_id="0x007E" transport_stream_id="0xEB8C" service_id="0x000A" component_tag="0x04"/>
      </operational>
    </device>
    <device>
      <target>
        <target_IP_slash_descriptor>
          <address IPv4_addr="224.20.20.9" IPv4_slash_mask="32"/>
          <address IPv4_addr="224.20.20.10" IPv4_slash_mask="32"/>
          <address IPv4_addr="224.20.20.11" IPv4_slash_mask="32"/>
          <address IPv4_addr="224.20.20.12" IPv4_slash_mask="32"/>
        </target_IP_slash_descriptor>
      </target>
      <operational>
        <IPMAC_stream_location_descriptor network_id="0x007E" original_network_id="0x007E" transport_stream_id="0xEB8C" service_id="0x000A" component_tag="0x05"/>
      </operational>
    </device>
    <device>
      <target>
        <target_IP_slash_descriptor>
          <address IPv4_addr="224.20.20.17" IPv4_slash_mask="32"/>
          <address IPv4_addr="224.20.20.18" IPv4_slash_mask="32"/>
          <address IPv4_addr="224.20.20.19" IPv4_slash_mask="32"/>
          <address IPv4_addr="224.20.20.20" IPv4_slash_mask="32"/>
        </target_IP_slash_descriptor>
      </target>
      <operational>
        <IPMAC_stream_location_descriptor network_id="0x007E" original_network_id="0x007E" transport_stream_id="0xEB8C" service_id="0x000A" component_tag="0x06"/>
      </operational>
    </device>
    <device>
      <target>
        <target_IP_slash_descriptor>
          <address IPv4_addr="224.20.20.21" IPv4_slash_mask="32"/>
          <address IPv4_addr="224.20.20.22" IPv4_slash_mask="32"/>
          <address IPv4_addr="224.20.20.23" IPv4_slash_mask="32"/>
          <address IPv4_addr="224.20.20.25" IPv4_slash_mask="32"/>
          <address IPv4_addr="224.20.20.30" IPv4_slash_mask="32"/>
          <address IPv4_addr="224.20.20.200" IPv4_slash_mask="32"/>
        </target_IP_slash_descriptor>
      </target>
      <operational>
        <IPMAC_stream_location_descriptor network_id="0x007E" original_network_id="0x007E" transport_stream_id="0xEB8C" service_id="0x000A" component_tag="0x07"/>
      </operational>
    </device>
  </INT>
</tsduck>
