<?xml version="1.0" encoding="UTF-8"?>
<tsduck>
  <TDT UTC_time="2017-08-23 14:03:10">
    <metadata PID="20"/>
  </TDT>
</tsduck>
