<?xml version="1.0" encoding="UTF-8"?>
<tsduck>
  <PAT version="1" current="true" transport_stream_id="0x0001" network_PID="0x0010">
    <metadata PID="100" first_ts_packet="0" last_ts_packet="0"/>
    <service service_id="0x0001" program_map_PID="0x0064"/>
    <service service_id="0x0002" program_map_PID="0x00C8"/>
  </PAT>
  <PAT version="2" current="true" transport_stream_id="0x0001" network_PID="0x0010">
    <metadata PID="100" first_ts_packet="5" last_ts_packet="5"/>
    <service service_id="0x0001" program_map_PID="0x0064"/>
    <service service_id="0x0004" program_map_PID="0x0190"/>
  </PAT>
</tsduck>
