<?xml version="1.0" encoding="UTF-8"?>
<tsduck>
  <generic_short_table table_id="0x81" private="true">
    <metadata PID="100" first_ts_packet="0" last_ts_packet="0"/>
    01 02 03 04 05 06 07 08
  </generic_short_table>
  <generic_short_table table_id="0x81" private="true">
    <metadata PID="100" first_ts_packet="1" last_ts_packet="1"/>
    01 02 03 04 05 06 07 08
  </generic_short_table>
  <generic_short_table table_id="0x81" private="true">
    <metadata PID="100" first_ts_packet="2" last_ts_packet="2"/>
    01 02 03 04 05 06 07 08
  </generic_short_table>
  <generic_short_table table_id="0x81" private="true">
    <metadata PID="100" first_ts_packet="3" last_ts_packet="3"/>
    01 02 03 04 05 06 07 08
  </generic_short_table>
  <generic_short_table table_id="0x80" private="true">
    <metadata PID="100" first_ts_packet="4" last_ts_packet="4"/>
    DE AD BE EF
  </generic_short_table>
  <generic_short_table table_id="0x80" private="true">
    <metadata PID="100" first_ts_packet="5" last_ts_packet="5"/>
    DE AD BE EF
  </generic_short_table>
  <generic_short_table table_id="0x80" private="true">
    <metadata PID="100" first_ts_packet="6" last_ts_packet="6"/>
    DE AD BE EF
  </generic_short_table>
  <generic_short_table table_id="0x80" private="true">
    <metadata PID="100" first_ts_packet="7" last_ts_packet="7"/>
    DE AD BE EF
  </generic_short_table>
  <generic_short_table table_id="0x81" private="true">
    <metadata PID="100" first_ts_packet="8" last_ts_packet="8"/>
    F0 0B AC
  </generic_short_table>
  <generic_short_table table_id="0x81" private="true">
    <metadata PID="100" first_ts_packet="9" last_ts_packet="9"/>
    F0 0B AC
  </generic_short_table>
  <generic_short_table table_id="0x81" private="true">
    <metadata PID="100" first_ts_packet="10" last_ts_packet="10"/>
    F0 0B AC
  </generic_short_table>
  <generic_short_table table_id="0x81" private="true">
    <metadata PID="100" first_ts_packet="11" last_ts_packet="11"/>
    F0 0B AC
  </generic_short_table>
</tsduck>
