<?xml version="1.0" encoding="UTF-8"?>
<tsduck>
  <PMT version="0" current="true" service_id="0x0000">
    <component elementary_PID="0x000D" stream_type="0x01"/>
    <component elementary_PID="0x000A" stream_type="0x02"/>
    <component elementary_PID="0x000F" stream_type="0x03"/>
    <component elementary_PID="0x0012" stream_type="0x04"/>
    <component elementary_PID="0x0010" stream_type="0x05"/>
    <component elementary_PID="0x0013" stream_type="0x06"/>
    <component elementary_PID="0x000C" stream_type="0x07"/>
    <component elementary_PID="0x000B" stream_type="0x08"/>
  </PMT>
</tsduck>
