<?xml version="1.0" encoding="UTF-8"?>
<tsduck>
  <generic_short_table table_id="0x81" private="true">
    <metadata PID="100" first_ts_packet="0" last_ts_packet="0"/>
    01 02 03 04 05 06 07 08
  </generic_short_table>
  <generic_short_table table_id="0x80" private="true">
    <metadata PID="100" first_ts_packet="4" last_ts_packet="4"/>
    DE AD BE EF
  </generic_short_table>
  <generic_short_table table_id="0x81" private="true">
    <metadata PID="100" first_ts_packet="8" last_ts_packet="8"/>
    F0 0B AC
  </generic_short_table>
</tsduck>
