<?xml version="1.0" encoding="UTF-8"?>
<tsduck>
  <PMT version="0" current="true" service_id="0x0000">
    <!-- PID 0x00C8 (200) -->
    <component_descriptor stream_content="0x01" stream_content_ext="0x0F" component_type="0x02" component_tag="0x00" language_code="fre" text=""/>
    <component_descriptor stream_content="0x09" stream_content_ext="0x01" component_type="0x02" component_tag="0x0F" language_code="eng" text="A string description"/>
    <AAC_descriptor profile_and_level="0x45" SAOC_DE="false"/>
    <AAC_descriptor profile_and_level="0x21" SAOC_DE="true" AAC_type="0x40">
      <additional_info>
        01 23 45 67 89
      </additional_info>
    </AAC_descriptor>
    <DTS_descriptor sample_rate_code="0x0D" bit_rate_code="0x08" nblks="0x10" fsize="0x1234" surround_mode="0x09" lfe="false" extended_surround="0x00"/>
    <DTS_descriptor sample_rate_code="0x0D" bit_rate_code="0x08" nblks="0x10" fsize="0x1234" surround_mode="0x09" lfe="true" extended_surround="0x02">
      <additional_info>
        78 96 54 12
      </additional_info>
    </DTS_descriptor>
    <cable_delivery_system_descriptor frequency="312,000,000" FEC_outer="RS" modulation="16-QAM" symbol_rate="27,450,000" FEC_inner="3/5"/>
    <cable_delivery_system_descriptor frequency="220,123,700" FEC_outer="none" modulation="64-QAM" symbol_rate="18,000,000" FEC_inner="3/4"/>
    <application_signalling_descriptor/>
    <application_signalling_descriptor>
      <application application_type="0x1234" AIT_version_number="0x0C"/>
      <application application_type="0x5678" AIT_version_number="0x1F"/>
    </application_signalling_descriptor>
    <teletext_descriptor>
      <teletext language_code="fra" teletext_type="0x05" page_number="888"/>
      <teletext language_code="fra" teletext_type="0x02" page_number="889"/>
    </teletext_descriptor>
    <teletext_descriptor/>
    <VBI_teletext_descriptor>
      <teletext language_code="fra" teletext_type="0x05" page_number="888"/>
      <teletext language_code="fra" teletext_type="0x02" page_number="889"/>
    </VBI_teletext_descriptor>
    <VBI_teletext_descriptor/>
    <VBI_data_descriptor/>
    <VBI_data_descriptor>
      <service data_service_id="1">
        <field field_parity="false" line_offset="0"/>
        <field field_parity="false" line_offset="10"/>
        <field field_parity="true" line_offset="20"/>
      </service>
      <service data_service_id="3">
        <reserved>
          01 23 45 67 89 AB CD EF
        </reserved>
      </service>
    </VBI_data_descriptor>
    <maximum_bitrate_descriptor maximum_bitrate="6,800,000"/>
    <time_shifted_event_descriptor reference_service_id="0x1234" reference_event_id="0x5678"/>
    <time_shifted_service_descriptor reference_service_id="0x9ABC"/>
    <NVOD_reference_descriptor/>
    <NVOD_reference_descriptor>
      <service transport_stream_id="0x1234" original_network_id="0x5678" service_id="0x9ABC"/>
      <service transport_stream_id="0xFEDC" original_network_id="0xBA98" service_id="0x7654"/>
    </NVOD_reference_descriptor>
    <scrambling_descriptor scrambling_mode="0x02"/>
    <scrambling_descriptor scrambling_mode="0x70"/>
    <CP_descriptor CP_system_id="0x0001" CP_PID="0x0200"/>
    <CP_descriptor CP_system_id="0x5678" CP_PID="0x1BCD">
      <private_data>
        01 23 45 67 89
      </private_data>
    </CP_descriptor>
    <CP_identifier_descriptor/>
    <CP_identifier_descriptor>
      <CP_system_id value="0x0000"/>
      <CP_system_id value="0x0001"/>
      <CP_system_id value="0x0002"/>
      <CP_system_id value="0x0100"/>
      <CP_system_id value="0x0101"/>
      <CP_system_id value="0x1234"/>
    </CP_identifier_descriptor>
    <service_identifier_descriptor service_identifier="Foo service"/>
    <multilingual_bouquet_name_descriptor/>
    <multilingual_bouquet_name_descriptor>
      <language code="foo" bouquet_name="Foo bouquet"/>
      <language code="bar" bouquet_name="Bar maid"/>
    </multilingual_bouquet_name_descriptor>
    <multilingual_network_name_descriptor/>
    <multilingual_network_name_descriptor>
      <language code="foo" network_name="Foo network"/>
      <language code="bar" network_name="Bar maid"/>
    </multilingual_network_name_descriptor>
    <multilingual_component_descriptor component_tag="7"/>
    <multilingual_component_descriptor component_tag="10">
      <language code="foo" description="Foo component"/>
      <language code="bar" description="Bar component"/>
    </multilingual_component_descriptor>
    <multilingual_service_name_descriptor/>
    <multilingual_service_name_descriptor>
      <language code="foo" service_provider_name="Foo provider" service_name="Foo service"/>
      <language code="bar" service_provider_name="Bar provider" service_name="Bar maid"/>
    </multilingual_service_name_descriptor>
    <AC4_descriptor/>
    <AC4_descriptor ac4_dialog_enhancement_enabled="false" ac4_channel_mode="1">
      <ac4_dsi_toc>
        12 35 65 32 23
      </ac4_dsi_toc>
    </AC4_descriptor>
    <AC4_descriptor>
      <additional_info>
        78 96 23 12 45 46
      </additional_info>
    </AC4_descriptor>
    <AC4_descriptor ac4_dialog_enhancement_enabled="true" ac4_channel_mode="2">
      <ac4_dsi_toc>
        12 35 65 32 23
      </ac4_dsi_toc>
      <additional_info>
        78 96 23 12 45 46
      </additional_info>
    </AC4_descriptor>
  </PMT>
</tsduck>
