<?xml version="1.0" encoding="UTF-8"?>
<tsduck>
  <PMT version="7" current="true" service_id="0x2DAA">
    <!-- PID 0x0057 (87), first TS packet: 1,223, last: 1,330 -->
    <component elementary_PID="0x0062" stream_type="0xE0">
      <data_broadcast_id_descriptor data_broadcast_id="0x000A">
        <selector_bytes>
          06 00 0D F9 00 00 00
        </selector_bytes>
      </data_broadcast_id_descriptor>
      <private_data_specifier_descriptor private_data_specifier="0x00006001"/>
      <generic_descriptor tag="0xEC">
        AF 12 01 00 4F FF FA 00 28 1F
      </generic_descriptor>
    </component>
    <component elementary_PID="0x0065" stream_type="0xE0">
      <data_broadcast_id_descriptor data_broadcast_id="0x000A">
        <selector_bytes>
          06 00 0D F9 00 00 00
        </selector_bytes>
      </data_broadcast_id_descriptor>
      <private_data_specifier_descriptor private_data_specifier="0x00006001"/>
      <generic_descriptor tag="0xEC">
        AF 13 01 00 52 FF FA 00 5C 1F
      </generic_descriptor>
    </component>
    <component elementary_PID="0x0067" stream_type="0xE0">
      <data_broadcast_id_descriptor data_broadcast_id="0x000A">
        <selector_bytes>
          06 00 0D F9 00 00 00
        </selector_bytes>
      </data_broadcast_id_descriptor>
      <private_data_specifier_descriptor private_data_specifier="0x00006001"/>
      <generic_descriptor tag="0xEC">
        AF 13 01 00 52 FF FA 00 5C 1F
      </generic_descriptor>
    </component>
    <component elementary_PID="0x0068" stream_type="0xE0">
      <data_broadcast_id_descriptor data_broadcast_id="0x000A">
        <selector_bytes>
          06 00 0D F9 00 00 00
        </selector_bytes>
      </data_broadcast_id_descriptor>
      <private_data_specifier_descriptor private_data_specifier="0x00006001"/>
      <generic_descriptor tag="0xEC">
        AF 13 01 00 52 FF FA 00 5C 1F
      </generic_descriptor>
    </component>
    <component elementary_PID="0x0069" stream_type="0xE0">
      <data_broadcast_id_descriptor data_broadcast_id="0x000A">
        <selector_bytes>
          06 00 0D F9 00 00 00
        </selector_bytes>
      </data_broadcast_id_descriptor>
      <private_data_specifier_descriptor private_data_specifier="0x00006001"/>
      <generic_descriptor tag="0xEC">
        67 63 A3 00 5A FF FA 00 44 1F
      </generic_descriptor>
    </component>
    <component elementary_PID="0x006B" stream_type="0xE0">
      <data_broadcast_id_descriptor data_broadcast_id="0x000A">
        <selector_bytes>
          06 00 0D F9 00 00 00
        </selector_bytes>
      </data_broadcast_id_descriptor>
      <private_data_specifier_descriptor private_data_specifier="0x00006001"/>
      <generic_descriptor tag="0xEC">
        67 63 A3 00 5A FF FA 00 44 1F
      </generic_descriptor>
    </component>
  </PMT>
  <PAT version="0" current="true" transport_stream_id="0x2774" network_PID="0x0010">
    <!-- PID 0x0000 (0), first TS packet: 1,835, last: 1,835 -->
    <service service_id="0x0585" program_map_PID="0x045B"/>
    <service service_id="0x05BD" program_map_PID="0x045A"/>
    <service service_id="0x2D46" program_map_PID="0x0057"/>
    <service service_id="0x2D4F" program_map_PID="0x0056"/>
    <service service_id="0x2D51" program_map_PID="0x044F"/>
    <service service_id="0x2D53" program_map_PID="0x0450"/>
    <service service_id="0x2D54" program_map_PID="0x044E"/>
    <service service_id="0x2D55" program_map_PID="0x0451"/>
    <service service_id="0x2D56" program_map_PID="0x0453"/>
    <service service_id="0x2D57" program_map_PID="0x044D"/>
    <service service_id="0x2D5B" program_map_PID="0x0459"/>
    <service service_id="0x2D5D" program_map_PID="0x0454"/>
    <service service_id="0x2D5F" program_map_PID="0x0455"/>
    <service service_id="0x2D61" program_map_PID="0x0456"/>
    <service service_id="0x2D62" program_map_PID="0x0457"/>
    <service service_id="0x2D63" program_map_PID="0x0458"/>
    <service service_id="0x2D65" program_map_PID="0x0452"/>
    <service service_id="0x2D68" program_map_PID="0x045E"/>
  </PAT>
  <PMT version="6" current="true" service_id="0x2D63" PCR_PID="0x00AB">
    <!-- PID 0x0458 (1112), first TS packet: 383, last: 1,872 -->
    <component elementary_PID="0x00AB" stream_type="0x02">
      <stream_identifier_descriptor component_tag="0x01"/>
      <CA_descriptor CA_system_id="0x0919" CA_PID="0x064B"/>
      <CA_descriptor CA_system_id="0x093B" CA_PID="0x06AF"/>
      <CA_descriptor CA_system_id="0x09CD" CA_PID="0x0713"/>
    </component>
    <component elementary_PID="0x01BC" stream_type="0x04">
      <CA_descriptor CA_system_id="0x0919" CA_PID="0x064B"/>
      <CA_descriptor CA_system_id="0x093B" CA_PID="0x06AF"/>
      <CA_descriptor CA_system_id="0x09CD" CA_PID="0x0713"/>
      <ISO_639_language_descriptor>
        <language code="ita" audio_type="0x00"/>
      </ISO_639_language_descriptor>
    </component>
    <component elementary_PID="0x01BD" stream_type="0x04">
      <CA_descriptor CA_system_id="0x0919" CA_PID="0x064B"/>
      <CA_descriptor CA_system_id="0x093B" CA_PID="0x06AF"/>
      <CA_descriptor CA_system_id="0x09CD" CA_PID="0x0713"/>
      <ISO_639_language_descriptor>
        <language code="und" audio_type="0x00"/>
      </ISO_639_language_descriptor>
    </component>
    <component elementary_PID="0x0318" stream_type="0x05">
      <private_data_indicator_descriptor private_data_indicator="0x4F545600"/>
      <generic_descriptor tag="0x90">
        90
      </generic_descriptor>
      <generic_descriptor tag="0xFE">
        53 4B 59 01
      </generic_descriptor>
    </component>
    <component elementary_PID="0x07DD" stream_type="0x05">
      <private_data_indicator_descriptor private_data_indicator="0x4F545600"/>
      <generic_descriptor tag="0x90">
        9D
      </generic_descriptor>
      <generic_descriptor tag="0xFE">
        54 47 54 00
      </generic_descriptor>
    </component>
    <component elementary_PID="0x0898" stream_type="0x05">
      <private_data_indicator_descriptor private_data_indicator="0x4F545600"/>
      <generic_descriptor tag="0x90">
        90
      </generic_descriptor>
      <generic_descriptor tag="0xFE">
        54 47 54 02
      </generic_descriptor>
    </component>
    <component elementary_PID="0x1589" stream_type="0x05">
      <stream_identifier_descriptor component_tag="0x09"/>
      <maximum_bitrate_descriptor maximum_bitrate="514,800"/>
      <data_broadcast_id_descriptor data_broadcast_id="0x010B">
        <selector_bytes>
          02 05 00 09 14 00 01
        </selector_bytes>
      </data_broadcast_id_descriptor>
    </component>
    <component elementary_PID="0x16D2" stream_type="0x05">
      <stream_identifier_descriptor component_tag="0x08"/>
      <maximum_bitrate_descriptor maximum_bitrate="514,800"/>
      <data_broadcast_id_descriptor data_broadcast_id="0x010B">
        <selector_bytes>
          02 05 00 08 14 00 00
        </selector_bytes>
      </data_broadcast_id_descriptor>
    </component>
  </PMT>
  <PMT version="0" current="true" service_id="0x2D62" PCR_PID="0x00AA">
    <!-- PID 0x0457 (1111), first TS packet: 397, last: 1,887 -->
    <component elementary_PID="0x00AA" stream_type="0x02">
      <stream_identifier_descriptor component_tag="0x01"/>
      <CA_descriptor CA_system_id="0x0919" CA_PID="0x064A"/>
      <CA_descriptor CA_system_id="0x093B" CA_PID="0x06AE"/>
      <CA_descriptor CA_system_id="0x09CD" CA_PID="0x0712"/>
    </component>
    <component elementary_PID="0x01B8" stream_type="0x04">
      <CA_descriptor CA_system_id="0x0919" CA_PID="0x064A"/>
      <CA_descriptor CA_system_id="0x093B" CA_PID="0x06AE"/>
      <CA_descriptor CA_system_id="0x09CD" CA_PID="0x0712"/>
      <ISO_639_language_descriptor>
        <language code="ita" audio_type="0x00"/>
      </ISO_639_language_descriptor>
    </component>
    <component elementary_PID="0x01B9" stream_type="0x04">
      <CA_descriptor CA_system_id="0x0919" CA_PID="0x064A"/>
      <CA_descriptor CA_system_id="0x093B" CA_PID="0x06AE"/>
      <CA_descriptor CA_system_id="0x09CD" CA_PID="0x0712"/>
      <ISO_639_language_descriptor>
        <language code="und" audio_type="0x00"/>
      </ISO_639_language_descriptor>
    </component>
    <component elementary_PID="0x0318" stream_type="0x05">
      <private_data_indicator_descriptor private_data_indicator="0x4F545600"/>
      <generic_descriptor tag="0x90">
        90
      </generic_descriptor>
      <generic_descriptor tag="0xFE">
        53 4B 59 01
      </generic_descriptor>
    </component>
    <component elementary_PID="0x07DC" stream_type="0x05">
      <private_data_indicator_descriptor private_data_indicator="0x4F545600"/>
      <generic_descriptor tag="0x90">
        9D
      </generic_descriptor>
      <generic_descriptor tag="0xFE">
        54 47 54 00
      </generic_descriptor>
    </component>
    <component elementary_PID="0x0898" stream_type="0x05">
      <private_data_indicator_descriptor private_data_indicator="0x4F545600"/>
      <generic_descriptor tag="0x90">
        90
      </generic_descriptor>
      <generic_descriptor tag="0xFE">
        54 47 54 02
      </generic_descriptor>
    </component>
    <component elementary_PID="0x1589" stream_type="0x05">
      <stream_identifier_descriptor component_tag="0x09"/>
      <maximum_bitrate_descriptor maximum_bitrate="514,800"/>
      <data_broadcast_id_descriptor data_broadcast_id="0x010B">
        <selector_bytes>
          02 05 00 09 14 00 01
        </selector_bytes>
      </data_broadcast_id_descriptor>
    </component>
    <component elementary_PID="0x16D1" stream_type="0x05">
      <stream_identifier_descriptor component_tag="0x08"/>
      <maximum_bitrate_descriptor maximum_bitrate="514,800"/>
      <data_broadcast_id_descriptor data_broadcast_id="0x010B">
        <selector_bytes>
          02 05 00 08 14 00 00
        </selector_bytes>
      </data_broadcast_id_descriptor>
    </component>
  </PMT>
  <PMT version="0" current="true" service_id="0x2D5D" PCR_PID="0x00A7">
    <!-- PID 0x0454 (1108), first TS packet: 434, last: 1,931 -->
    <component elementary_PID="0x00A7" stream_type="0x02">
      <stream_identifier_descriptor component_tag="0x01"/>
      <CA_descriptor CA_system_id="0x0919" CA_PID="0x0647"/>
      <CA_descriptor CA_system_id="0x093B" CA_PID="0x06AB"/>
      <CA_descriptor CA_system_id="0x09CD" CA_PID="0x070F"/>
    </component>
    <component elementary_PID="0x01AC" stream_type="0x04">
      <CA_descriptor CA_system_id="0x0919" CA_PID="0x0647"/>
      <CA_descriptor CA_system_id="0x093B" CA_PID="0x06AB"/>
      <CA_descriptor CA_system_id="0x09CD" CA_PID="0x070F"/>
      <ISO_639_language_descriptor>
        <language code="ita" audio_type="0x00"/>
      </ISO_639_language_descriptor>
    </component>
    <component elementary_PID="0x01AD" stream_type="0x04">
      <CA_descriptor CA_system_id="0x0919" CA_PID="0x0647"/>
      <CA_descriptor CA_system_id="0x093B" CA_PID="0x06AB"/>
      <CA_descriptor CA_system_id="0x09CD" CA_PID="0x070F"/>
      <ISO_639_language_descriptor>
        <language code="und" audio_type="0x00"/>
      </ISO_639_language_descriptor>
    </component>
    <component elementary_PID="0x0318" stream_type="0x05">
      <private_data_indicator_descriptor private_data_indicator="0x4F545600"/>
      <generic_descriptor tag="0x90">
        90
      </generic_descriptor>
      <generic_descriptor tag="0xFE">
        53 4B 59 01
      </generic_descriptor>
    </component>
    <component elementary_PID="0x07D9" stream_type="0x05">
      <private_data_indicator_descriptor private_data_indicator="0x4F545600"/>
      <generic_descriptor tag="0x90">
        9D
      </generic_descriptor>
      <generic_descriptor tag="0xFE">
        54 47 54 00
      </generic_descriptor>
    </component>
    <component elementary_PID="0x0898" stream_type="0x05">
      <private_data_indicator_descriptor private_data_indicator="0x4F545600"/>
      <generic_descriptor tag="0x90">
        90
      </generic_descriptor>
      <generic_descriptor tag="0xFE">
        54 47 54 02
      </generic_descriptor>
    </component>
    <component elementary_PID="0x1589" stream_type="0x05">
      <stream_identifier_descriptor component_tag="0x09"/>
      <maximum_bitrate_descriptor maximum_bitrate="514,800"/>
      <data_broadcast_id_descriptor data_broadcast_id="0x010B">
        <selector_bytes>
          02 05 00 09 14 00 01
        </selector_bytes>
      </data_broadcast_id_descriptor>
    </component>
    <component elementary_PID="0x16CE" stream_type="0x05">
      <stream_identifier_descriptor component_tag="0x08"/>
      <maximum_bitrate_descriptor maximum_bitrate="514,800"/>
      <data_broadcast_id_descriptor data_broadcast_id="0x010B">
        <selector_bytes>
          02 05 00 08 14 00 00
        </selector_bytes>
      </data_broadcast_id_descriptor>
    </component>
  </PMT>
  <PMT version="1" current="true" service_id="0x2D5F" PCR_PID="0x00A8">
    <!-- PID 0x0455 (1109), first TS packet: 492, last: 1,989 -->
    <component elementary_PID="0x00A8" stream_type="0x02">
      <stream_identifier_descriptor component_tag="0x01"/>
      <CA_descriptor CA_system_id="0x0919" CA_PID="0x0648"/>
      <CA_descriptor CA_system_id="0x093B" CA_PID="0x06AC"/>
      <CA_descriptor CA_system_id="0x09CD" CA_PID="0x0710"/>
    </component>
    <component elementary_PID="0x01B0" stream_type="0x04">
      <CA_descriptor CA_system_id="0x0919" CA_PID="0x0648"/>
      <CA_descriptor CA_system_id="0x093B" CA_PID="0x06AC"/>
      <CA_descriptor CA_system_id="0x09CD" CA_PID="0x0710"/>
      <ISO_639_language_descriptor>
        <language code="ita" audio_type="0x00"/>
      </ISO_639_language_descriptor>
    </component>
    <component elementary_PID="0x01B1" stream_type="0x04">
      <CA_descriptor CA_system_id="0x0919" CA_PID="0x0648"/>
      <CA_descriptor CA_system_id="0x093B" CA_PID="0x06AC"/>
      <CA_descriptor CA_system_id="0x09CD" CA_PID="0x0710"/>
      <ISO_639_language_descriptor>
        <language code="und" audio_type="0x00"/>
      </ISO_639_language_descriptor>
    </component>
    <component elementary_PID="0x0318" stream_type="0x05">
      <private_data_indicator_descriptor private_data_indicator="0x4F545600"/>
      <generic_descriptor tag="0x90">
        90
      </generic_descriptor>
      <generic_descriptor tag="0xFE">
        53 4B 59 01
      </generic_descriptor>
    </component>
    <component elementary_PID="0x07DA" stream_type="0x05">
      <private_data_indicator_descriptor private_data_indicator="0x4F545600"/>
      <generic_descriptor tag="0x90">
        9D
      </generic_descriptor>
      <generic_descriptor tag="0xFE">
        54 47 54 00
      </generic_descriptor>
    </component>
    <component elementary_PID="0x0898" stream_type="0x05">
      <private_data_indicator_descriptor private_data_indicator="0x4F545600"/>
      <generic_descriptor tag="0x90">
        90
      </generic_descriptor>
      <generic_descriptor tag="0xFE">
        54 47 54 02
      </generic_descriptor>
    </component>
    <component elementary_PID="0x1589" stream_type="0x05">
      <stream_identifier_descriptor component_tag="0x09"/>
      <maximum_bitrate_descriptor maximum_bitrate="514,800"/>
      <data_broadcast_id_descriptor data_broadcast_id="0x010B">
        <selector_bytes>
          02 05 00 09 14 00 01
        </selector_bytes>
      </data_broadcast_id_descriptor>
    </component>
    <component elementary_PID="0x16CF" stream_type="0x05">
      <stream_identifier_descriptor component_tag="0x08"/>
      <maximum_bitrate_descriptor maximum_bitrate="514,800"/>
      <data_broadcast_id_descriptor data_broadcast_id="0x010B">
        <selector_bytes>
          02 05 00 08 14 00 00
        </selector_bytes>
      </data_broadcast_id_descriptor>
    </component>
  </PMT>
  <PMT version="4" current="true" service_id="0x2D5B" PCR_PID="0x00AE">
    <!-- PID 0x0459 (1113), first TS packet: 2,024, last: 2,024 -->
    <component elementary_PID="0x00AE" stream_type="0x02">
      <stream_identifier_descriptor component_tag="0x01"/>
      <CA_descriptor CA_system_id="0x0919" CA_PID="0x064E"/>
      <CA_descriptor CA_system_id="0x093B" CA_PID="0x06B2"/>
      <CA_descriptor CA_system_id="0x09CD" CA_PID="0x0716"/>
    </component>
    <component elementary_PID="0x01AE" stream_type="0x04">
      <CA_descriptor CA_system_id="0x0919" CA_PID="0x064E"/>
      <CA_descriptor CA_system_id="0x093B" CA_PID="0x06B2"/>
      <CA_descriptor CA_system_id="0x09CD" CA_PID="0x0716"/>
      <ISO_639_language_descriptor>
        <language code="ita" audio_type="0x00"/>
      </ISO_639_language_descriptor>
    </component>
    <component elementary_PID="0x01AF" stream_type="0x04">
      <CA_descriptor CA_system_id="0x0919" CA_PID="0x064E"/>
      <CA_descriptor CA_system_id="0x093B" CA_PID="0x06B2"/>
      <CA_descriptor CA_system_id="0x09CD" CA_PID="0x0716"/>
      <ISO_639_language_descriptor>
        <language code="und" audio_type="0x00"/>
      </ISO_639_language_descriptor>
    </component>
  </PMT>
  <PMT version="8" current="true" service_id="0x2D55" PCR_PID="0x00A4">
    <!-- PID 0x0451 (1105), first TS packet: 2,074, last: 2,074 -->
    <component elementary_PID="0x00A4" stream_type="0x02">
      <CA_descriptor CA_system_id="0x0919" CA_PID="0x0644"/>
      <CA_descriptor CA_system_id="0x093B" CA_PID="0x06A8"/>
      <CA_descriptor CA_system_id="0x09CD" CA_PID="0x070C"/>
    </component>
    <component elementary_PID="0x01A0" stream_type="0x04">
      <CA_descriptor CA_system_id="0x0919" CA_PID="0x0644"/>
      <CA_descriptor CA_system_id="0x093B" CA_PID="0x06A8"/>
      <CA_descriptor CA_system_id="0x09CD" CA_PID="0x070C"/>
      <ISO_639_language_descriptor>
        <language code="ita" audio_type="0x00"/>
      </ISO_639_language_descriptor>
    </component>
    <component elementary_PID="0x01A1" stream_type="0x04">
      <CA_descriptor CA_system_id="0x0919" CA_PID="0x0644"/>
      <CA_descriptor CA_system_id="0x093B" CA_PID="0x06A8"/>
      <CA_descriptor CA_system_id="0x09CD" CA_PID="0x070C"/>
      <ISO_639_language_descriptor>
        <language code="und" audio_type="0x00"/>
      </ISO_639_language_descriptor>
    </component>
    <component elementary_PID="0x01A2" stream_type="0x06">
      <CA_descriptor CA_system_id="0x0919" CA_PID="0x0644"/>
      <CA_descriptor CA_system_id="0x093B" CA_PID="0x06A8"/>
      <CA_descriptor CA_system_id="0x09CD" CA_PID="0x070C"/>
      <DVB_AC3_descriptor component_type="0x44"/>
      <ISO_639_language_descriptor>
        <language code="ita" audio_type="0x00"/>
      </ISO_639_language_descriptor>
    </component>
    <component elementary_PID="0x02C1" stream_type="0x06">
      <teletext_descriptor>
        <teletext language_code="ita" teletext_type="0x01" page_number="100"/>
        <teletext language_code="ita" teletext_type="0x02" page_number="777"/>
        <teletext language_code="eng" teletext_type="0x02" page_number="778"/>
      </teletext_descriptor>
    </component>
  </PMT>
  <PMT version="11" current="true" service_id="0x2D54" PCR_PID="0x00A1">
    <!-- PID 0x044E (1102), first TS packet: 2,110, last: 2,110 -->
    <component elementary_PID="0x00A1" stream_type="0x02">
      <CA_descriptor CA_system_id="0x0919" CA_PID="0x0641"/>
      <CA_descriptor CA_system_id="0x093B" CA_PID="0x06A5"/>
      <CA_descriptor CA_system_id="0x09CD" CA_PID="0x0709"/>
    </component>
    <component elementary_PID="0x0194" stream_type="0x04">
      <CA_descriptor CA_system_id="0x0919" CA_PID="0x0641"/>
      <CA_descriptor CA_system_id="0x093B" CA_PID="0x06A5"/>
      <CA_descriptor CA_system_id="0x09CD" CA_PID="0x0709"/>
      <ISO_639_language_descriptor>
        <language code="ita" audio_type="0x00"/>
      </ISO_639_language_descriptor>
    </component>
    <component elementary_PID="0x0195" stream_type="0x04">
      <CA_descriptor CA_system_id="0x0919" CA_PID="0x0641"/>
      <CA_descriptor CA_system_id="0x093B" CA_PID="0x06A5"/>
      <CA_descriptor CA_system_id="0x09CD" CA_PID="0x0709"/>
      <ISO_639_language_descriptor>
        <language code="und" audio_type="0x00"/>
      </ISO_639_language_descriptor>
    </component>
    <component elementary_PID="0x0196" stream_type="0x06">
      <CA_descriptor CA_system_id="0x0919" CA_PID="0x0641"/>
      <CA_descriptor CA_system_id="0x093B" CA_PID="0x06A5"/>
      <CA_descriptor CA_system_id="0x09CD" CA_PID="0x0709"/>
      <DVB_AC3_descriptor component_type="0x44"/>
      <ISO_639_language_descriptor>
        <language code="ita" audio_type="0x00"/>
      </ISO_639_language_descriptor>
    </component>
    <component elementary_PID="0x02BE" stream_type="0x06">
      <teletext_descriptor>
        <teletext language_code="ita" teletext_type="0x01" page_number="100"/>
        <teletext language_code="ita" teletext_type="0x02" page_number="777"/>
        <teletext language_code="eng" teletext_type="0x02" page_number="778"/>
      </teletext_descriptor>
    </component>
  </PMT>
  <PMT version="8" current="true" service_id="0x2D57" PCR_PID="0x00A0">
    <!-- PID 0x044D (1101), first TS packet: 2,124, last: 2,124 -->
    <component elementary_PID="0x00A0" stream_type="0x02">
      <CA_descriptor CA_system_id="0x0919" CA_PID="0x0640"/>
      <CA_descriptor CA_system_id="0x093B" CA_PID="0x06A4"/>
      <CA_descriptor CA_system_id="0x09CD" CA_PID="0x0708"/>
    </component>
    <component elementary_PID="0x0190" stream_type="0x04">
      <CA_descriptor CA_system_id="0x0919" CA_PID="0x0640"/>
      <CA_descriptor CA_system_id="0x093B" CA_PID="0x06A4"/>
      <CA_descriptor CA_system_id="0x09CD" CA_PID="0x0708"/>
      <ISO_639_language_descriptor>
        <language code="ita" audio_type="0x00"/>
      </ISO_639_language_descriptor>
    </component>
    <component elementary_PID="0x0191" stream_type="0x04">
      <CA_descriptor CA_system_id="0x0919" CA_PID="0x0640"/>
      <CA_descriptor CA_system_id="0x093B" CA_PID="0x06A4"/>
      <CA_descriptor CA_system_id="0x09CD" CA_PID="0x0708"/>
      <ISO_639_language_descriptor>
        <language code="und" audio_type="0x00"/>
      </ISO_639_language_descriptor>
    </component>
    <component elementary_PID="0x0192" stream_type="0x06">
      <CA_descriptor CA_system_id="0x0919" CA_PID="0x0640"/>
      <CA_descriptor CA_system_id="0x093B" CA_PID="0x06A4"/>
      <CA_descriptor CA_system_id="0x09CD" CA_PID="0x0708"/>
      <DVB_AC3_descriptor component_type="0x44"/>
      <ISO_639_language_descriptor>
        <language code="ita" audio_type="0x00"/>
      </ISO_639_language_descriptor>
    </component>
    <component elementary_PID="0x02BD" stream_type="0x06">
      <teletext_descriptor>
        <teletext language_code="ita" teletext_type="0x01" page_number="100"/>
        <teletext language_code="ita" teletext_type="0x02" page_number="777"/>
        <teletext language_code="eng" teletext_type="0x02" page_number="778"/>
      </teletext_descriptor>
    </component>
  </PMT>
  <PMT version="8" current="true" service_id="0x2D56" PCR_PID="0x00A6">
    <!-- PID 0x0453 (1107), first TS packet: 2,165, last: 2,165 -->
    <component elementary_PID="0x00A6" stream_type="0x02">
      <stream_identifier_descriptor component_tag="0x01"/>
      <CA_descriptor CA_system_id="0x0919" CA_PID="0x0646"/>
      <CA_descriptor CA_system_id="0x093B" CA_PID="0x06AA"/>
      <CA_descriptor CA_system_id="0x09CD" CA_PID="0x070E"/>
    </component>
    <component elementary_PID="0x01A8" stream_type="0x04">
      <CA_descriptor CA_system_id="0x0919" CA_PID="0x0646"/>
      <CA_descriptor CA_system_id="0x093B" CA_PID="0x06AA"/>
      <CA_descriptor CA_system_id="0x09CD" CA_PID="0x070E"/>
      <ISO_639_language_descriptor>
        <language code="ita" audio_type="0x00"/>
      </ISO_639_language_descriptor>
    </component>
    <component elementary_PID="0x01A9" stream_type="0x04">
      <CA_descriptor CA_system_id="0x0919" CA_PID="0x0646"/>
      <CA_descriptor CA_system_id="0x093B" CA_PID="0x06AA"/>
      <CA_descriptor CA_system_id="0x09CD" CA_PID="0x070E"/>
      <ISO_639_language_descriptor>
        <language code="und" audio_type="0x00"/>
      </ISO_639_language_descriptor>
    </component>
  </PMT>
  <PMT version="8" current="true" service_id="0x2D51" PCR_PID="0x00A2">
    <!-- PID 0x044F (1103), first TS packet: 2,179, last: 2,179 -->
    <component elementary_PID="0x00A2" stream_type="0x02">
      <CA_descriptor CA_system_id="0x0919" CA_PID="0x0642"/>
      <CA_descriptor CA_system_id="0x093B" CA_PID="0x06A6"/>
      <CA_descriptor CA_system_id="0x09CD" CA_PID="0x070A"/>
    </component>
    <component elementary_PID="0x0198" stream_type="0x04">
      <CA_descriptor CA_system_id="0x0919" CA_PID="0x0642"/>
      <CA_descriptor CA_system_id="0x093B" CA_PID="0x06A6"/>
      <CA_descriptor CA_system_id="0x09CD" CA_PID="0x070A"/>
      <ISO_639_language_descriptor>
        <language code="ita" audio_type="0x00"/>
      </ISO_639_language_descriptor>
    </component>
    <component elementary_PID="0x0199" stream_type="0x04">
      <CA_descriptor CA_system_id="0x0919" CA_PID="0x0642"/>
      <CA_descriptor CA_system_id="0x093B" CA_PID="0x06A6"/>
      <CA_descriptor CA_system_id="0x09CD" CA_PID="0x070A"/>
      <ISO_639_language_descriptor>
        <language code="und" audio_type="0x00"/>
      </ISO_639_language_descriptor>
    </component>
    <component elementary_PID="0x019A" stream_type="0x06">
      <CA_descriptor CA_system_id="0x0919" CA_PID="0x0642"/>
      <CA_descriptor CA_system_id="0x093B" CA_PID="0x06A6"/>
      <CA_descriptor CA_system_id="0x09CD" CA_PID="0x070A"/>
      <DVB_AC3_descriptor component_type="0x44"/>
      <ISO_639_language_descriptor>
        <language code="ita" audio_type="0x00"/>
      </ISO_639_language_descriptor>
    </component>
    <component elementary_PID="0x02BF" stream_type="0x06">
      <teletext_descriptor>
        <teletext language_code="ita" teletext_type="0x01" page_number="100"/>
        <teletext language_code="ita" teletext_type="0x02" page_number="777"/>
        <teletext language_code="eng" teletext_type="0x02" page_number="778"/>
      </teletext_descriptor>
    </component>
  </PMT>
  <PMT version="8" current="true" service_id="0x2D53" PCR_PID="0x00A3">
    <!-- PID 0x0450 (1104), first TS packet: 2,225, last: 2,225 -->
    <component elementary_PID="0x00A3" stream_type="0x02">
      <CA_descriptor CA_system_id="0x0919" CA_PID="0x0643"/>
      <CA_descriptor CA_system_id="0x093B" CA_PID="0x06A7"/>
      <CA_descriptor CA_system_id="0x09CD" CA_PID="0x070B"/>
    </component>
    <component elementary_PID="0x019C" stream_type="0x04">
      <CA_descriptor CA_system_id="0x0919" CA_PID="0x0643"/>
      <CA_descriptor CA_system_id="0x093B" CA_PID="0x06A7"/>
      <CA_descriptor CA_system_id="0x09CD" CA_PID="0x070B"/>
      <ISO_639_language_descriptor>
        <language code="ita" audio_type="0x00"/>
      </ISO_639_language_descriptor>
    </component>
    <component elementary_PID="0x019D" stream_type="0x04">
      <CA_descriptor CA_system_id="0x0919" CA_PID="0x0643"/>
      <CA_descriptor CA_system_id="0x093B" CA_PID="0x06A7"/>
      <CA_descriptor CA_system_id="0x09CD" CA_PID="0x070B"/>
      <ISO_639_language_descriptor>
        <language code="und" audio_type="0x00"/>
      </ISO_639_language_descriptor>
    </component>
    <component elementary_PID="0x019E" stream_type="0x06">
      <CA_descriptor CA_system_id="0x0919" CA_PID="0x0643"/>
      <CA_descriptor CA_system_id="0x093B" CA_PID="0x06A7"/>
      <CA_descriptor CA_system_id="0x09CD" CA_PID="0x070B"/>
      <DVB_AC3_descriptor component_type="0x44"/>
      <ISO_639_language_descriptor>
        <language code="ita" audio_type="0x00"/>
      </ISO_639_language_descriptor>
    </component>
    <component elementary_PID="0x02C0" stream_type="0x06">
      <teletext_descriptor>
        <teletext language_code="ita" teletext_type="0x01" page_number="100"/>
        <teletext language_code="ita" teletext_type="0x02" page_number="777"/>
        <teletext language_code="eng" teletext_type="0x02" page_number="778"/>
      </teletext_descriptor>
    </component>
  </PMT>
  <PMT version="8" current="true" service_id="0x0585" PCR_PID="0x00AC">
    <!-- PID 0x045B (1115), first TS packet: 2,238, last: 2,238 -->
    <component elementary_PID="0x00AC" stream_type="0x02">
      <CA_descriptor CA_system_id="0x0919" CA_PID="0x064C"/>
      <CA_descriptor CA_system_id="0x093B" CA_PID="0x06B0"/>
      <CA_descriptor CA_system_id="0x09CD" CA_PID="0x0714"/>
    </component>
    <component elementary_PID="0x01C0" stream_type="0x04">
      <CA_descriptor CA_system_id="0x0919" CA_PID="0x064C"/>
      <CA_descriptor CA_system_id="0x093B" CA_PID="0x06B0"/>
      <CA_descriptor CA_system_id="0x09CD" CA_PID="0x0714"/>
      <ISO_639_language_descriptor>
        <language code="ita" audio_type="0x00"/>
      </ISO_639_language_descriptor>
    </component>
    <component elementary_PID="0x01C1" stream_type="0x04">
      <CA_descriptor CA_system_id="0x0919" CA_PID="0x064C"/>
      <CA_descriptor CA_system_id="0x093B" CA_PID="0x06B0"/>
      <CA_descriptor CA_system_id="0x09CD" CA_PID="0x0714"/>
      <ISO_639_language_descriptor>
        <language code="und" audio_type="0x00"/>
      </ISO_639_language_descriptor>
    </component>
  </PMT>
  <PMT version="0" current="true" service_id="0x2D68" PCR_PID="0x00AF">
    <!-- PID 0x045E (1118), first TS packet: 2,279, last: 2,279 -->
    <component elementary_PID="0x00AF" stream_type="0x02">
      <CA_descriptor CA_system_id="0x0919" CA_PID="0x064F"/>
      <CA_descriptor CA_system_id="0x093B" CA_PID="0x06B3"/>
      <CA_descriptor CA_system_id="0x09CD" CA_PID="0x0717"/>
    </component>
    <component elementary_PID="0x01CC" stream_type="0x06">
      <DVB_AC3_descriptor component_type="0x42" bsid="0x08" mainid="0x00" asvc="0x00"/>
      <ISO_639_language_descriptor>
        <language code="ita" audio_type="0x00"/>
      </ISO_639_language_descriptor>
      <registration_descriptor format_identifier="0x41432D33"/>
      <CA_descriptor CA_system_id="0x0919" CA_PID="0x064F"/>
      <CA_descriptor CA_system_id="0x093B" CA_PID="0x06B3"/>
      <CA_descriptor CA_system_id="0x09CD" CA_PID="0x0717"/>
    </component>
    <component elementary_PID="0x01CD" stream_type="0x04">
      <CA_descriptor CA_system_id="0x0919" CA_PID="0x064F"/>
      <CA_descriptor CA_system_id="0x093B" CA_PID="0x06B3"/>
      <CA_descriptor CA_system_id="0x09CD" CA_PID="0x0717"/>
      <ISO_639_language_descriptor>
        <language code="und" audio_type="0x00"/>
      </ISO_639_language_descriptor>
    </component>
    <component elementary_PID="0x02C3" stream_type="0x06">
      <teletext_descriptor>
        <teletext language_code="ita" teletext_type="0x01" page_number="100"/>
        <teletext language_code="ita" teletext_type="0x02" page_number="777"/>
        <teletext language_code="eng" teletext_type="0x02" page_number="778"/>
      </teletext_descriptor>
    </component>
  </PMT>
  <PMT version="8" current="true" service_id="0x2D65" PCR_PID="0x00A5">
    <!-- PID 0x0452 (1106), first TS packet: 2,293, last: 2,293 -->
    <component elementary_PID="0x00A5" stream_type="0x02">
      <CA_descriptor CA_system_id="0x0919" CA_PID="0x0645"/>
      <CA_descriptor CA_system_id="0x093B" CA_PID="0x06A9"/>
      <CA_descriptor CA_system_id="0x09CD" CA_PID="0x070D"/>
    </component>
    <component elementary_PID="0x01A4" stream_type="0x04">
      <CA_descriptor CA_system_id="0x0919" CA_PID="0x0645"/>
      <CA_descriptor CA_system_id="0x093B" CA_PID="0x06A9"/>
      <CA_descriptor CA_system_id="0x09CD" CA_PID="0x070D"/>
      <ISO_639_language_descriptor>
        <language code="ita" audio_type="0x00"/>
      </ISO_639_language_descriptor>
    </component>
    <component elementary_PID="0x01A5" stream_type="0x04">
      <CA_descriptor CA_system_id="0x0919" CA_PID="0x0645"/>
      <CA_descriptor CA_system_id="0x093B" CA_PID="0x06A9"/>
      <CA_descriptor CA_system_id="0x09CD" CA_PID="0x070D"/>
      <ISO_639_language_descriptor>
        <language code="und" audio_type="0x00"/>
      </ISO_639_language_descriptor>
    </component>
    <component elementary_PID="0x01A6" stream_type="0x06">
      <CA_descriptor CA_system_id="0x0919" CA_PID="0x0645"/>
      <CA_descriptor CA_system_id="0x093B" CA_PID="0x06A9"/>
      <CA_descriptor CA_system_id="0x09CD" CA_PID="0x070D"/>
      <DVB_AC3_descriptor component_type="0x44"/>
      <ISO_639_language_descriptor>
        <language code="ita" audio_type="0x00"/>
      </ISO_639_language_descriptor>
    </component>
    <component elementary_PID="0x02C2" stream_type="0x06">
      <teletext_descriptor>
        <teletext language_code="ita" teletext_type="0x01" page_number="100"/>
        <teletext language_code="ita" teletext_type="0x02" page_number="777"/>
        <teletext language_code="eng" teletext_type="0x02" page_number="778"/>
      </teletext_descriptor>
    </component>
  </PMT>
  <PMT version="8" current="true" service_id="0x05BD" PCR_PID="0x00AD">
    <!-- PID 0x045A (1114), first TS packet: 2,335, last: 2,335 -->
    <component elementary_PID="0x00AD" stream_type="0x02">
      <CA_descriptor CA_system_id="0x0919" CA_PID="0x064D"/>
      <CA_descriptor CA_system_id="0x093B" CA_PID="0x06B1"/>
      <CA_descriptor CA_system_id="0x09CD" CA_PID="0x0715"/>
    </component>
    <component elementary_PID="0x01C4" stream_type="0x04">
      <CA_descriptor CA_system_id="0x0919" CA_PID="0x064D"/>
      <CA_descriptor CA_system_id="0x093B" CA_PID="0x06B1"/>
      <CA_descriptor CA_system_id="0x09CD" CA_PID="0x0715"/>
      <ISO_639_language_descriptor>
        <language code="ita" audio_type="0x00"/>
      </ISO_639_language_descriptor>
    </component>
    <component elementary_PID="0x01C5" stream_type="0x04">
      <CA_descriptor CA_system_id="0x0919" CA_PID="0x064D"/>
      <CA_descriptor CA_system_id="0x093B" CA_PID="0x06B1"/>
      <CA_descriptor CA_system_id="0x09CD" CA_PID="0x0715"/>
      <ISO_639_language_descriptor>
        <language code="und" audio_type="0x00"/>
      </ISO_639_language_descriptor>
    </component>
  </PMT>
  <PMT version="0" current="true" service_id="0x2D61" PCR_PID="0x00A9">
    <!-- PID 0x0456 (1110), first TS packet: 853, last: 2,349 -->
    <component elementary_PID="0x00A9" stream_type="0x02">
      <stream_identifier_descriptor component_tag="0x01"/>
      <CA_descriptor CA_system_id="0x0919" CA_PID="0x0649"/>
      <CA_descriptor CA_system_id="0x093B" CA_PID="0x06AD"/>
      <CA_descriptor CA_system_id="0x09CD" CA_PID="0x0711"/>
    </component>
    <component elementary_PID="0x01B4" stream_type="0x04">
      <CA_descriptor CA_system_id="0x0919" CA_PID="0x0649"/>
      <CA_descriptor CA_system_id="0x093B" CA_PID="0x06AD"/>
      <CA_descriptor CA_system_id="0x09CD" CA_PID="0x0711"/>
      <ISO_639_language_descriptor>
        <language code="ita" audio_type="0x00"/>
      </ISO_639_language_descriptor>
    </component>
    <component elementary_PID="0x01B5" stream_type="0x04">
      <CA_descriptor CA_system_id="0x0919" CA_PID="0x0649"/>
      <CA_descriptor CA_system_id="0x093B" CA_PID="0x06AD"/>
      <CA_descriptor CA_system_id="0x09CD" CA_PID="0x0711"/>
      <ISO_639_language_descriptor>
        <language code="und" audio_type="0x00"/>
      </ISO_639_language_descriptor>
    </component>
    <component elementary_PID="0x0318" stream_type="0x05">
      <private_data_indicator_descriptor private_data_indicator="0x4F545600"/>
      <generic_descriptor tag="0x90">
        90
      </generic_descriptor>
      <generic_descriptor tag="0xFE">
        53 4B 59 01
      </generic_descriptor>
    </component>
    <component elementary_PID="0x07DB" stream_type="0x05">
      <private_data_indicator_descriptor private_data_indicator="0x4F545600"/>
      <generic_descriptor tag="0x90">
        9D
      </generic_descriptor>
      <generic_descriptor tag="0xFE">
        54 47 54 00
      </generic_descriptor>
    </component>
    <component elementary_PID="0x0898" stream_type="0x05">
      <private_data_indicator_descriptor private_data_indicator="0x4F545600"/>
      <generic_descriptor tag="0x90">
        90
      </generic_descriptor>
      <generic_descriptor tag="0xFE">
        54 47 54 02
      </generic_descriptor>
    </component>
    <component elementary_PID="0x1589" stream_type="0x05">
      <stream_identifier_descriptor component_tag="0x09"/>
      <maximum_bitrate_descriptor maximum_bitrate="514,800"/>
      <data_broadcast_id_descriptor data_broadcast_id="0x010B">
        <selector_bytes>
          02 05 00 09 14 00 01
        </selector_bytes>
      </data_broadcast_id_descriptor>
    </component>
    <component elementary_PID="0x16D0" stream_type="0x05">
      <stream_identifier_descriptor component_tag="0x08"/>
      <maximum_bitrate_descriptor maximum_bitrate="514,800"/>
      <data_broadcast_id_descriptor data_broadcast_id="0x010B">
        <selector_bytes>
          02 05 00 08 14 00 00
        </selector_bytes>
      </data_broadcast_id_descriptor>
    </component>
  </PMT>
  <CAT version="0" current="true">
    <!-- PID 0x0001 (1), first TS packet: 2,490, last: 2,490 -->
    <CA_descriptor CA_system_id="0x0919" CA_PID="0x012D"/>
    <CA_descriptor CA_system_id="0x093B" CA_PID="0x012D"/>
    <CA_descriptor CA_system_id="0x09CD" CA_PID="0x012D"/>
  </CAT>
  <PMT version="16" current="true" service_id="0x2D4F">
    <!-- PID 0x0056 (86), first TS packet: 2,599, last: 2,599 -->
    <component elementary_PID="0x0034" stream_type="0x05">
      <private_data_specifier_descriptor private_data_specifier="0x00000002"/>
      <generic_descriptor tag="0xB0">
        04
      </generic_descriptor>
    </component>
    <component elementary_PID="0x0050" stream_type="0x05">
      <private_data_specifier_descriptor private_data_specifier="0x00000002"/>
      <generic_descriptor tag="0xB0">
        10
      </generic_descriptor>
    </component>
    <component elementary_PID="0x0052" stream_type="0x05">
      <private_data_specifier_descriptor private_data_specifier="0x00000002"/>
      <generic_descriptor tag="0xB0">
        40
      </generic_descriptor>
    </component>
    <component elementary_PID="0x0053" stream_type="0x05">
      <private_data_specifier_descriptor private_data_specifier="0x00000002"/>
      <generic_descriptor tag="0xB0">
        41
      </generic_descriptor>
    </component>
    <component elementary_PID="0x0054" stream_type="0x05">
      <private_data_specifier_descriptor private_data_specifier="0x00000002"/>
      <generic_descriptor tag="0xB0">
        42
      </generic_descriptor>
    </component>
    <component elementary_PID="0x0055" stream_type="0x05">
      <private_data_specifier_descriptor private_data_specifier="0x4F545600"/>
      <generic_descriptor tag="0x90">
        C0
      </generic_descriptor>
    </component>
    <component elementary_PID="0x0058" stream_type="0x05">
      <data_broadcast_id_descriptor data_broadcast_id="0x010B">
        <selector_bytes>
          02 04 00 07 FF 00
        </selector_bytes>
      </data_broadcast_id_descriptor>
    </component>
  </PMT>
  <EIT type="pf" version="27" current="true" actual="true" service_id="0x2D5B" transport_stream_id="0x2774" original_network_id="0xFBFF" last_table_id="0x4E">
    <!-- PID 0x0012 (18), first TS packet: 1,627, last: 4,680 -->
    <event event_id="0x00E3" start_time="2017-08-23 10:15:00" duration="01:45:00" running_status="running" CA_mode="true">
      <short_event_descriptor language_code="ita">
        <event_name>Basket: Francia - Italia</event_name>
        <text></text>
      </short_event_descriptor>
      <extended_event_descriptor descriptor_number="0" last_descriptor_number="0" language_code="ita">
        <text>Torneo di Tolosa - L'Italia di Ettore Messina affronta la Francia, un'altra delle squadre che si sta preparando all'appuntamento con Eurobasket. Telecronaca di Flavio Tranquillo e Davide Pessina.</text>
      </extended_event_descriptor>
      <component_descriptor stream_content="0x01" stream_content_ext="0x0F" component_type="0x01" component_tag="0xFF" language_code="   " text=""/>
      <component_descriptor stream_content="0x02" stream_content_ext="0x0F" component_type="0x03" component_tag="0xFF" language_code="ita" text=""/>
      <private_data_specifier_descriptor private_data_specifier="0x00000002"/>
      <content_descriptor>
        <content content_nibble_level_1="0" content_nibble_level_2="0" user_byte="0x00"/>
      </content_descriptor>
      <generic_descriptor tag="0xCC">
        07 FF
      </generic_descriptor>
    </event>
    <event event_id="0x00E0" start_time="2017-08-23 12:00:00" duration="00:15:00" running_status="not-running" CA_mode="true">
      <short_event_descriptor language_code="ita">
        <event_name>Basket Room - Luigi Datome</event_name>
        <text></text>
      </short_event_descriptor>
      <extended_event_descriptor descriptor_number="0" last_descriptor_number="0" language_code="ita">
        <text>Speciale Nazionale: Flavio Tranquillo intervista Luigi Datome, uno sguardo profondo dentro la Nazionale che si sta preparando in vista dei prossimi Europei. In esclusiva tutte le 76 partite del torneo.</text>
      </extended_event_descriptor>
      <component_descriptor stream_content="0x01" stream_content_ext="0x0F" component_type="0x01" component_tag="0xFF" language_code="   " text=""/>
      <component_descriptor stream_content="0x02" stream_content_ext="0x0F" component_type="0x03" component_tag="0xFF" language_code="ita" text=""/>
      <private_data_specifier_descriptor private_data_specifier="0x00000002"/>
      <content_descriptor>
        <content content_nibble_level_1="0" content_nibble_level_2="0" user_byte="0x00"/>
      </content_descriptor>
      <generic_descriptor tag="0xCC">
        07 FF
      </generic_descriptor>
    </event>
  </EIT>
  <SDT version="29" current="true" transport_stream_id="0x1B58" original_network_id="0x013E" actual="false">
    <!-- PID 0x0011 (17), first TS packet: 1,325, last: 5,866 -->
    <service service_id="0x02C0" EIT_schedule="false" EIT_present_following="false" CA_mode="true" running_status="running">
      <service_descriptor service_type="0x01" service_provider_name="SkyItalia" service_name="TEST"/>
      <country_availability_descriptor country_availability="true">
        <country country_code="ITA"/>
      </country_availability_descriptor>
      <private_data_specifier_descriptor private_data_specifier="0x00000002"/>
      <generic_descriptor tag="0xB2">
        00 40 F0 02
      </generic_descriptor>
    </service>
    <service service_id="0x02C1" EIT_schedule="false" EIT_present_following="false" CA_mode="true" running_status="running">
      <service_descriptor service_type="0x01" service_provider_name="SkyItalia" service_name="ARM 1"/>
      <country_availability_descriptor country_availability="true">
        <country country_code="ITA"/>
      </country_availability_descriptor>
      <private_data_specifier_descriptor private_data_specifier="0x00000002"/>
      <generic_descriptor tag="0xB2">
        00 40 F0 02
      </generic_descriptor>
    </service>
    <service service_id="0x02C2" EIT_schedule="true" EIT_present_following="false" CA_mode="true" running_status="running">
      <service_descriptor service_type="0x01" service_provider_name="SkyItalia" service_name="Aljazeera Mubasher"/>
      <country_availability_descriptor country_availability="true">
        <country country_code="ITA"/>
      </country_availability_descriptor>
      <private_data_specifier_descriptor private_data_specifier="0x00000002"/>
      <generic_descriptor tag="0xB2">
        1C C0 F0 02
      </generic_descriptor>
    </service>
    <service service_id="0x02C4" EIT_schedule="true" EIT_present_following="false" CA_mode="true" running_status="running">
      <time_shifted_service_descriptor reference_service_id="0x0BEF"/>
      <private_data_specifier_descriptor private_data_specifier="0x00000002"/>
      <generic_descriptor tag="0xB2">
        1C C0 B0 02
      </generic_descriptor>
      <generic_descriptor tag="0xC0">
        05 41 6C 20 4A 61 7A 65 65 72 61
      </generic_descriptor>
    </service>
    <service service_id="0x02CA" EIT_schedule="false" EIT_present_following="false" CA_mode="true" running_status="running">
      <service_descriptor service_type="0x01" service_provider_name="SkyItalia" service_name="OUT IP DATA TS1"/>
      <country_availability_descriptor country_availability="true">
        <country country_code="ITA"/>
      </country_availability_descriptor>
      <private_data_specifier_descriptor private_data_specifier="0x00000002"/>
      <generic_descriptor tag="0xB2">
        00 40 F0 02
      </generic_descriptor>
    </service>
    <service service_id="0x02D1" EIT_schedule="false" EIT_present_following="false" CA_mode="true" running_status="running">
      <service_descriptor service_type="0x01" service_provider_name="SkyItalia" service_name="BETHEL"/>
      <country_availability_descriptor country_availability="true">
        <country country_code="ITA"/>
      </country_availability_descriptor>
      <private_data_specifier_descriptor private_data_specifier="0x00000002"/>
      <generic_descriptor tag="0xB2">
        00 4F E0 02
      </generic_descriptor>
    </service>
    <service service_id="0x02D3" EIT_schedule="true" EIT_present_following="false" CA_mode="true" running_status="running">
      <service_descriptor service_type="0x01" service_provider_name="SkyItalia" service_name="Sender Neu Jerusalem"/>
      <country_availability_descriptor country_availability="true">
        <country country_code="ITA"/>
      </country_availability_descriptor>
      <private_data_specifier_descriptor private_data_specifier="0x00000002"/>
      <generic_descriptor tag="0xB2">
        1C C0 F0 02
      </generic_descriptor>
    </service>
    <service service_id="0x02DC" EIT_schedule="false" EIT_present_following="false" CA_mode="true" running_status="running">
      <service_descriptor service_type="0x02" service_provider_name="SkyItalia" service_name="Radio Maria"/>
      <country_availability_descriptor country_availability="true">
        <country country_code="ITA"/>
      </country_availability_descriptor>
      <private_data_specifier_descriptor private_data_specifier="0x00000002"/>
      <generic_descriptor tag="0xB2">
        00 C0 D1 5F 32 9E B0 93 A7 6C 7E
      </generic_descriptor>
    </service>
    <service service_id="0x02E0" EIT_schedule="false" EIT_present_following="false" CA_mode="true" running_status="running">
      <service_descriptor service_type="0x02" service_provider_name="SkyItalia" service_name="RDS"/>
      <country_availability_descriptor country_availability="true">
        <country country_code="ITA"/>
      </country_availability_descriptor>
      <private_data_specifier_descriptor private_data_specifier="0x00000002"/>
      <generic_descriptor tag="0xB2">
        00 40 F0 02
      </generic_descriptor>
    </service>
    <service service_id="0x02E1" EIT_schedule="true" EIT_present_following="false" CA_mode="true" running_status="running">
      <service_descriptor service_type="0x02" service_provider_name="SkyItalia" service_name="Dimensione Suono Roma"/>
      <country_availability_descriptor country_availability="true">
        <country country_code="ITA"/>
      </country_availability_descriptor>
      <private_data_specifier_descriptor private_data_specifier="0x00000002"/>
      <generic_descriptor tag="0xB2">
        1C C0 D1 5F 21 43 15 5F C0 AF 4D A1 C5 72 72 85
        3E
      </generic_descriptor>
    </service>
    <service service_id="0x02E2" EIT_schedule="true" EIT_present_following="false" CA_mode="true" running_status="running">
      <service_descriptor service_type="0x02" service_provider_name="SkyItalia" service_name="Radio Italia Anni &apos;60"/>
      <country_availability_descriptor country_availability="true">
        <country country_code="ITA"/>
      </country_availability_descriptor>
      <private_data_specifier_descriptor private_data_specifier="0x00000002"/>
      <generic_descriptor tag="0xB2">
        1C C0 D1 5F 32 9E B0 93 C4 50 AB DC 50 96 5F 26
      </generic_descriptor>
    </service>
    <service service_id="0x02E8" EIT_schedule="false" EIT_present_following="false" CA_mode="true" running_status="running">
      <service_descriptor service_type="0x02" service_provider_name="SkyItalia" service_name="Radio Padre Pio"/>
      <country_availability_descriptor country_availability="true">
        <country country_code="ITA"/>
      </country_availability_descriptor>
      <private_data_specifier_descriptor private_data_specifier="0x00000002"/>
      <generic_descriptor tag="0xB2">
        00 CF C1 5F 32 9E B0 93 A0 F5 B7 4E 80 48
      </generic_descriptor>
    </service>
    <service service_id="0x02ED" EIT_schedule="false" EIT_present_following="false" CA_mode="true" running_status="running">
      <service_descriptor service_type="0x02" service_provider_name="SkyItalia" service_name="Radio Eurospin"/>
      <country_availability_descriptor country_availability="true">
        <country country_code="ITA"/>
      </country_availability_descriptor>
      <private_data_specifier_descriptor private_data_specifier="0x00000002"/>
      <generic_descriptor tag="0xB2">
        00 40 F0 02
      </generic_descriptor>
    </service>
    <service service_id="0x02F8" EIT_schedule="false" EIT_present_following="false" CA_mode="true" running_status="running">
      <service_descriptor service_type="0x02" service_provider_name="SkyItalia" service_name="Radio Padania Libera"/>
      <country_availability_descriptor country_availability="true">
        <country country_code="ITA"/>
      </country_availability_descriptor>
      <private_data_specifier_descriptor private_data_specifier="0x00000002"/>
      <generic_descriptor tag="0xB2">
        00 40 F0 02
      </generic_descriptor>
    </service>
    <service service_id="0x02F9" EIT_schedule="false" EIT_present_following="false" CA_mode="true" running_status="running">
      <service_descriptor service_type="0x02" service_provider_name="SkyItalia" service_name="Radio Radicale"/>
      <country_availability_descriptor country_availability="true">
        <country country_code="ITA"/>
      </country_availability_descriptor>
      <private_data_specifier_descriptor private_data_specifier="0x00000002"/>
      <generic_descriptor tag="0xB2">
        00 C0 D1 5F 32 9E B0 93 94 F5 87 93 D4
      </generic_descriptor>
    </service>
    <service service_id="0x030E" EIT_schedule="false" EIT_present_following="false" CA_mode="true" running_status="running">
      <service_descriptor service_type="0x01" service_provider_name="SkyItalia" service_name="RIK Sat"/>
      <country_availability_descriptor country_availability="true">
        <country country_code="ITA"/>
      </country_availability_descriptor>
      <private_data_specifier_descriptor private_data_specifier="0x00000002"/>
      <generic_descriptor tag="0xB2">
        00 4F E0 02
      </generic_descriptor>
    </service>
    <service service_id="0x030F" EIT_schedule="false" EIT_present_following="false" CA_mode="true" running_status="running">
      <service_descriptor service_type="0x01" service_provider_name="SkyItalia" service_name="CLASS NEWS msnbc"/>
      <country_availability_descriptor country_availability="true">
        <country country_code="ITA"/>
      </country_availability_descriptor>
      <private_data_specifier_descriptor private_data_specifier="0x00000002"/>
      <generic_descriptor tag="0xB2">
        00 4F E0 02
      </generic_descriptor>
    </service>
    <service service_id="0x0BEF" EIT_schedule="true" EIT_present_following="false" CA_mode="true" running_status="undefined">
      <service_descriptor service_type="0x04" service_provider_name="SkyItalia" service_name="REF 3055"/>
      <country_availability_descriptor country_availability="true">
        <country country_code="ITA"/>
      </country_availability_descriptor>
      <NVOD_reference_descriptor>
        <service transport_stream_id="0x1B58" original_network_id="0x013E" service_id="0x02C4"/>
        <service transport_stream_id="0x3138" original_network_id="0x013E" service_id="0x06B0"/>
        <service transport_stream_id="0x22C4" original_network_id="0x013E" service_id="0x07E1"/>
        <service transport_stream_id="0x1518" original_network_id="0x013E" service_id="0x0CE6"/>
        <service transport_stream_id="0x1518" original_network_id="0x013E" service_id="0x0CF2"/>
        <service transport_stream_id="0x33F4" original_network_id="0x013E" service_id="0x132B"/>
        <service transport_stream_id="0x1C20" original_network_id="0x013E" service_id="0x1C22"/>
        <service transport_stream_id="0x1C20" original_network_id="0x013E" service_id="0x1C38"/>
        <service transport_stream_id="0x24B8" original_network_id="0x013E" service_id="0x200B"/>
        <service transport_stream_id="0x24B8" original_network_id="0x013E" service_id="0x200C"/>
        <service transport_stream_id="0x24B8" original_network_id="0x013E" service_id="0x2010"/>
        <service transport_stream_id="0x13EF" original_network_id="0x013E" service_id="0x2529"/>
        <service transport_stream_id="0x3CF0" original_network_id="0x013E" service_id="0x29D1"/>
        <service transport_stream_id="0x2CEC" original_network_id="0x013E" service_id="0x439F"/>
        <service transport_stream_id="0x0258" original_network_id="0x013E" service_id="0x44DD"/>
      </NVOD_reference_descriptor>
      <private_data_specifier_descriptor private_data_specifier="0x00000002"/>
      <generic_descriptor tag="0xB2">
        1C 41 B0 02
      </generic_descriptor>
    </service>
  </SDT>
  <SDT version="28" current="true" transport_stream_id="0x2B5C" original_network_id="0x013E" actual="false">
    <!-- PID 0x0011 (17), first TS packet: 5,991, last: 6,287 -->
    <service service_id="0x11FC" EIT_schedule="false" EIT_present_following="false" CA_mode="true" running_status="running">
      <service_descriptor service_type="0x01" service_provider_name="SkyItalia" service_name="MTA INTL"/>
      <country_availability_descriptor country_availability="true">
        <country country_code="ITA"/>
      </country_availability_descriptor>
      <private_data_specifier_descriptor private_data_specifier="0x00000002"/>
      <generic_descriptor tag="0xB2">
        00 4F E0 02
      </generic_descriptor>
    </service>
    <service service_id="0x1206" EIT_schedule="false" EIT_present_following="false" CA_mode="true" running_status="running">
      <service_descriptor service_type="0x02" service_provider_name="SkyItalia" service_name="NPR"/>
      <country_availability_descriptor country_availability="true">
        <country country_code="ITA"/>
      </country_availability_descriptor>
      <private_data_specifier_descriptor private_data_specifier="0x00000002"/>
      <generic_descriptor tag="0xB2">
        00 4F E0 02
      </generic_descriptor>
    </service>
    <service service_id="0x1207" EIT_schedule="false" EIT_present_following="false" CA_mode="true" running_status="running">
      <service_descriptor service_type="0x01" service_provider_name="SkyItalia" service_name="NPRTEST"/>
      <country_availability_descriptor country_availability="true">
        <country country_code="ITA"/>
      </country_availability_descriptor>
      <private_data_specifier_descriptor private_data_specifier="0x00000002"/>
      <generic_descriptor tag="0xB2">
        00 4F E0 02
      </generic_descriptor>
    </service>
    <service service_id="0x120E" EIT_schedule="false" EIT_present_following="false" CA_mode="true" running_status="running">
      <service_descriptor service_type="0x01" service_provider_name="SkyItalia" service_name="THENDRAL"/>
      <country_availability_descriptor country_availability="true">
        <country country_code="ITA"/>
      </country_availability_descriptor>
      <private_data_specifier_descriptor private_data_specifier="0x00000002"/>
      <generic_descriptor tag="0xB2">
        00 4F E0 02
      </generic_descriptor>
    </service>
    <service service_id="0x1216" EIT_schedule="false" EIT_present_following="false" CA_mode="true" running_status="running">
      <service_descriptor service_type="0x02" service_provider_name="SkyItalia" service_name="RDPI RADIO"/>
      <country_availability_descriptor country_availability="true">
        <country country_code="ITA"/>
      </country_availability_descriptor>
      <private_data_specifier_descriptor private_data_specifier="0x00000002"/>
      <generic_descriptor tag="0xB2">
        00 4F E0 02
      </generic_descriptor>
    </service>
    <service service_id="0x121B" EIT_schedule="false" EIT_present_following="false" CA_mode="true" running_status="running">
      <service_descriptor service_type="0x02" service_provider_name="SkyItalia" service_name="RADIO A1"/>
      <country_availability_descriptor country_availability="true">
        <country country_code="ITA"/>
      </country_availability_descriptor>
      <private_data_specifier_descriptor private_data_specifier="0x00000002"/>
      <generic_descriptor tag="0xB2">
        00 4F E0 02
      </generic_descriptor>
    </service>
    <service service_id="0x123E" EIT_schedule="false" EIT_present_following="false" CA_mode="true" running_status="running">
      <service_descriptor service_type="0x01" service_provider_name="SkyItalia" service_name="ZAGROS"/>
      <country_availability_descriptor country_availability="true">
        <country country_code="ITA"/>
      </country_availability_descriptor>
      <private_data_specifier_descriptor private_data_specifier="0x00000002"/>
      <generic_descriptor tag="0xB2">
        00 4F E0 02
      </generic_descriptor>
    </service>
    <service service_id="0x123F" EIT_schedule="false" EIT_present_following="false" CA_mode="true" running_status="running">
      <service_descriptor service_type="0x01" service_provider_name="SkyItalia" service_name="SAAMENTV"/>
      <country_availability_descriptor country_availability="true">
        <country country_code="ITA"/>
      </country_availability_descriptor>
      <private_data_specifier_descriptor private_data_specifier="0x00000002"/>
      <generic_descriptor tag="0xB2">
        00 4F E0 02
      </generic_descriptor>
    </service>
    <service service_id="0x1242" EIT_schedule="false" EIT_present_following="false" CA_mode="true" running_status="running">
      <service_descriptor service_type="0x01" service_provider_name="SkyItalia" service_name="ARIANA AFGHANISTAN"/>
      <country_availability_descriptor country_availability="true">
        <country country_code="ITA"/>
      </country_availability_descriptor>
      <private_data_specifier_descriptor private_data_specifier="0x00000002"/>
      <generic_descriptor tag="0xB2">
        00 4F E0 02
      </generic_descriptor>
    </service>
    <service service_id="0x1243" EIT_schedule="false" EIT_present_following="false" CA_mode="true" running_status="running">
      <service_descriptor service_type="0x01" service_provider_name="SkyItalia" service_name="ANDISHEH"/>
      <country_availability_descriptor country_availability="true">
        <country country_code="ITA"/>
      </country_availability_descriptor>
      <private_data_specifier_descriptor private_data_specifier="0x00000002"/>
      <generic_descriptor tag="0xB2">
        00 4F E0 02
      </generic_descriptor>
    </service>
  </SDT>
  <EIT type="pf" version="20" current="true" actual="true" service_id="0x2D68" transport_stream_id="0x2774" original_network_id="0xFBFF" last_table_id="0x4E">
    <!-- PID 0x0012 (18), first TS packet: 5,018, last: 7,790 -->
    <event event_id="0x01C8" start_time="2017-08-23 11:00:38" duration="00:05:00" running_status="running" CA_mode="true">
      <time_shifted_event_descriptor reference_service_id="0x0BB8" reference_event_id="0x9AB0"/>
      <component_descriptor stream_content="0x01" stream_content_ext="0x0F" component_type="0x01" component_tag="0xFF" language_code="   " text=""/>
      <component_descriptor stream_content="0x02" stream_content_ext="0x0F" component_type="0x03" component_tag="0xFF" language_code="ita" text=""/>
      <private_data_specifier_descriptor private_data_specifier="0x00000002"/>
      <generic_descriptor tag="0xCC">
        03 FF
      </generic_descriptor>
    </event>
    <event event_id="0x01CA" start_time="2017-08-23 11:05:38" duration="00:47:30" running_status="not-running" CA_mode="true">
      <time_shifted_event_descriptor reference_service_id="0x0BB8" reference_event_id="0x3000"/>
      <component_descriptor stream_content="0x01" stream_content_ext="0x0F" component_type="0x01" component_tag="0xFF" language_code="   " text=""/>
      <component_descriptor stream_content="0x02" stream_content_ext="0x0F" component_type="0x03" component_tag="0xFF" language_code="ita" text=""/>
      <private_data_specifier_descriptor private_data_specifier="0x00000002"/>
      <generic_descriptor tag="0xCC">
        07 FF
      </generic_descriptor>
      <generic_descriptor tag="0xC6">
        85 49 4E 54 52 41 54 54 45 4E 49 4D 45 4E 54 4F
        20 2D 20 53 6B 79 20 55 6E 6F 20 72 69 70 65 72
        63 6F 72 72 65 20 6C 61 20 73 74 6F 72 69 61 20
        64 65 6C 6C 61 20 72 65 67 69 6E 61 20 45 6C 69
        73 61 62 65 74 74 61 20 49 49 2E 20 53 63 6F 70
        72 69 20 6C 61 20 73 65 7A 69 6F 6E 65 20 49 6E
        74 72 61 74 74 65 6E 69 6D 65 6E 74 6F 20 2D 20
        52 6F 79 61 6C 20 46 61 6D 69 6C 79 20 6F 6E 20
        64 65 6D 61 6E 64 07 53 6B 79 20 55 6E 6F
      </generic_descriptor>
      <generic_descriptor tag="0xD1">
        00 0C 26 4E E2 84 87 5A E2 88 E2 89 00 00 BF
      </generic_descriptor>
    </event>
  </EIT>
  <EIT type="pf" version="14" current="true" actual="true" service_id="0x2D5D" transport_stream_id="0x2774" original_network_id="0xFBFF" last_table_id="0x4E">
    <!-- PID 0x0012 (18), first TS packet: 7,116, last: 8,484 -->
    <event event_id="0x0016" start_time="2017-08-23 04:00:00" duration="12:00:00" running_status="running" CA_mode="true">
      <short_event_descriptor language_code="ita">
        <event_name>Sky Calcio</event_name>
        <text></text>
      </short_event_descriptor>
      <extended_event_descriptor descriptor_number="0" last_descriptor_number="0" language_code="ita">
        <text>Prossimamente campionato italiano di serie A,Serie B e calcio internazionale.</text>
      </extended_event_descriptor>
      <component_descriptor stream_content="0x01" stream_content_ext="0x0F" component_type="0x01" component_tag="0xFF" language_code="   " text=""/>
      <component_descriptor stream_content="0x02" stream_content_ext="0x0F" component_type="0x03" component_tag="0xFF" language_code="ita" text=""/>
      <private_data_specifier_descriptor private_data_specifier="0x00000002"/>
      <content_descriptor>
        <content content_nibble_level_1="0" content_nibble_level_2="0" user_byte="0x00"/>
      </content_descriptor>
      <generic_descriptor tag="0xCC">
        07 FF
      </generic_descriptor>
    </event>
    <event event_id="0x0017" start_time="2017-08-23 16:00:00" duration="12:00:00" running_status="not-running" CA_mode="true">
      <short_event_descriptor language_code="ita">
        <event_name>Sky Calcio</event_name>
        <text></text>
      </short_event_descriptor>
      <extended_event_descriptor descriptor_number="0" last_descriptor_number="0" language_code="ita">
        <text>Prossimamente campionato italiano di serie A,Serie B e calcio internazionale.</text>
      </extended_event_descriptor>
      <component_descriptor stream_content="0x01" stream_content_ext="0x0F" component_type="0x01" component_tag="0xFF" language_code="   " text=""/>
      <component_descriptor stream_content="0x02" stream_content_ext="0x0F" component_type="0x03" component_tag="0xFF" language_code="ita" text=""/>
      <private_data_specifier_descriptor private_data_specifier="0x00000002"/>
      <content_descriptor>
        <content content_nibble_level_1="0" content_nibble_level_2="0" user_byte="0x00"/>
      </content_descriptor>
      <generic_descriptor tag="0xCC">
        07 FF
      </generic_descriptor>
    </event>
  </EIT>
  <EIT type="pf" version="9" current="true" actual="true" service_id="0x2D53" transport_stream_id="0x2774" original_network_id="0xFBFF" last_table_id="0x4E">
    <!-- PID 0x0012 (18), first TS packet: 8,144, last: 8,843 -->
    <event event_id="0x01EB" start_time="2017-08-23 11:00:00" duration="02:00:00" running_status="running" CA_mode="true">
      <short_event_descriptor language_code="ita">
        <event_name>Primafila</event_name>
        <text></text>
      </short_event_descriptor>
      <extended_event_descriptor descriptor_number="0" last_descriptor_number="0" language_code="ita">
        <text>Per conoscere gli orari di programmazione, premi il tasto "PRIMAFILA" del tuo telecomando.</text>
      </extended_event_descriptor>
      <component_descriptor stream_content="0x01" stream_content_ext="0x0F" component_type="0x01" component_tag="0xFF" language_code="   " text=""/>
      <component_descriptor stream_content="0x02" stream_content_ext="0x0F" component_type="0x03" component_tag="0xFF" language_code="ita" text=""/>
      <private_data_specifier_descriptor private_data_specifier="0x00000002"/>
      <content_descriptor>
        <content content_nibble_level_1="0" content_nibble_level_2="0" user_byte="0x00"/>
      </content_descriptor>
      <generic_descriptor tag="0xCC">
        07 FF
      </generic_descriptor>
    </event>
    <event event_id="0x01DC" start_time="2017-08-23 13:00:00" duration="02:00:00" running_status="not-running" CA_mode="true">
      <short_event_descriptor language_code="ita">
        <event_name>Primafila</event_name>
        <text></text>
      </short_event_descriptor>
      <extended_event_descriptor descriptor_number="0" last_descriptor_number="0" language_code="ita">
        <text>Per conoscere gli orari di programmazione, premi il tasto "PRIMAFILA" del tuo telecomando.</text>
      </extended_event_descriptor>
      <component_descriptor stream_content="0x01" stream_content_ext="0x0F" component_type="0x01" component_tag="0xFF" language_code="   " text=""/>
      <component_descriptor stream_content="0x02" stream_content_ext="0x0F" component_type="0x03" component_tag="0xFF" language_code="ita" text=""/>
      <private_data_specifier_descriptor private_data_specifier="0x00000002"/>
      <content_descriptor>
        <content content_nibble_level_1="0" content_nibble_level_2="0" user_byte="0x00"/>
      </content_descriptor>
      <generic_descriptor tag="0xCC">
        07 FF
      </generic_descriptor>
    </event>
  </EIT>
  <SDT version="29" current="true" transport_stream_id="0x2CEC" original_network_id="0x013E" actual="false">
    <!-- PID 0x0011 (17), first TS packet: 9,256, last: 9,414 -->
    <service service_id="0x0BEA" EIT_schedule="true" EIT_present_following="false" CA_mode="true" running_status="undefined">
      <service_descriptor service_type="0x04" service_provider_name="SkyItalia" service_name="REF 3050"/>
      <country_availability_descriptor country_availability="true">
        <country country_code="ITA"/>
      </country_availability_descriptor>
      <NVOD_reference_descriptor>
        <service transport_stream_id="0x02BC" original_network_id="0x013E" service_id="0x000C"/>
        <service transport_stream_id="0x2FA8" original_network_id="0x013E" service_id="0x1D26"/>
        <service transport_stream_id="0x1388" original_network_id="0x013E" service_id="0x35D4"/>
        <service transport_stream_id="0x2CEC" original_network_id="0x013E" service_id="0x43DD"/>
      </NVOD_reference_descriptor>
      <private_data_specifier_descriptor private_data_specifier="0x00000002"/>
      <generic_descriptor tag="0xB2">
        1C C1 F0 02
      </generic_descriptor>
    </service>
    <service service_id="0x0BEF" EIT_schedule="true" EIT_present_following="false" CA_mode="true" running_status="undefined">
      <service_descriptor service_type="0x04" service_provider_name="SkyItalia" service_name="REF 3055"/>
      <country_availability_descriptor country_availability="true">
        <country country_code="ITA"/>
      </country_availability_descriptor>
      <NVOD_reference_descriptor>
        <service transport_stream_id="0x1B58" original_network_id="0x013E" service_id="0x02C4"/>
        <service transport_stream_id="0x3138" original_network_id="0x013E" service_id="0x06B0"/>
        <service transport_stream_id="0x22C4" original_network_id="0x013E" service_id="0x07E1"/>
        <service transport_stream_id="0x1518" original_network_id="0x013E" service_id="0x0CE6"/>
        <service transport_stream_id="0x1518" original_network_id="0x013E" service_id="0x0CF2"/>
        <service transport_stream_id="0x33F4" original_network_id="0x013E" service_id="0x132B"/>
        <service transport_stream_id="0x1C20" original_network_id="0x013E" service_id="0x1C22"/>
        <service transport_stream_id="0x1C20" original_network_id="0x013E" service_id="0x1C38"/>
        <service transport_stream_id="0x24B8" original_network_id="0x013E" service_id="0x200B"/>
        <service transport_stream_id="0x24B8" original_network_id="0x013E" service_id="0x200C"/>
        <service transport_stream_id="0x24B8" original_network_id="0x013E" service_id="0x2010"/>
        <service transport_stream_id="0x13EF" original_network_id="0x013E" service_id="0x2529"/>
        <service transport_stream_id="0x3CF0" original_network_id="0x013E" service_id="0x29D1"/>
        <service transport_stream_id="0x2CEC" original_network_id="0x013E" service_id="0x439F"/>
        <service transport_stream_id="0x0258" original_network_id="0x013E" service_id="0x44DD"/>
      </NVOD_reference_descriptor>
      <private_data_specifier_descriptor private_data_specifier="0x00000002"/>
      <generic_descriptor tag="0xB2">
        1C 41 B0 02
      </generic_descriptor>
    </service>
    <service service_id="0x439F" EIT_schedule="true" EIT_present_following="false" CA_mode="true" running_status="running">
      <time_shifted_service_descriptor reference_service_id="0x0BEF"/>
      <private_data_specifier_descriptor private_data_specifier="0x00000002"/>
      <generic_descriptor tag="0xB2">
        1C 40 B0 02
      </generic_descriptor>
      <generic_descriptor tag="0xC0">
        05 42 56 4E
      </generic_descriptor>
    </service>
    <service service_id="0x43A8" EIT_schedule="false" EIT_present_following="false" CA_mode="true" running_status="running">
      <service_descriptor service_type="0x01" service_provider_name="SkyItalia" service_name="Thai Global Network"/>
      <country_availability_descriptor country_availability="true">
        <country country_code="ITA"/>
      </country_availability_descriptor>
      <private_data_specifier_descriptor private_data_specifier="0x00000002"/>
      <generic_descriptor tag="0xB2">
        00 4F E0 02
      </generic_descriptor>
    </service>
    <service service_id="0x43DD" EIT_schedule="true" EIT_present_following="false" CA_mode="true" running_status="running">
      <time_shifted_service_descriptor reference_service_id="0x0BEA"/>
      <private_data_specifier_descriptor private_data_specifier="0x00000002"/>
      <generic_descriptor tag="0xB2">
        1C C0 F0 02
      </generic_descriptor>
      <generic_descriptor tag="0xC0">
        05 54 68 65 20 57 6F 72 64 20 4E 65 74 77 6F 72
        6B
      </generic_descriptor>
    </service>
  </SDT>
  <SDT version="29" current="true" transport_stream_id="0x1C20" original_network_id="0x013E" actual="false">
    <!-- PID 0x0011 (17), first TS packet: 7,684, last: 11,440 -->
    <service service_id="0x0BEF" EIT_schedule="true" EIT_present_following="false" CA_mode="true" running_status="undefined">
      <service_descriptor service_type="0x04" service_provider_name="SkyItalia" service_name="REF 3055"/>
      <country_availability_descriptor country_availability="true">
        <country country_code="ITA"/>
      </country_availability_descriptor>
      <NVOD_reference_descriptor>
        <service transport_stream_id="0x1B58" original_network_id="0x013E" service_id="0x02C4"/>
        <service transport_stream_id="0x3138" original_network_id="0x013E" service_id="0x06B0"/>
        <service transport_stream_id="0x22C4" original_network_id="0x013E" service_id="0x07E1"/>
        <service transport_stream_id="0x1518" original_network_id="0x013E" service_id="0x0CE6"/>
        <service transport_stream_id="0x1518" original_network_id="0x013E" service_id="0x0CF2"/>
        <service transport_stream_id="0x33F4" original_network_id="0x013E" service_id="0x132B"/>
        <service transport_stream_id="0x1C20" original_network_id="0x013E" service_id="0x1C22"/>
        <service transport_stream_id="0x1C20" original_network_id="0x013E" service_id="0x1C38"/>
        <service transport_stream_id="0x24B8" original_network_id="0x013E" service_id="0x200B"/>
        <service transport_stream_id="0x24B8" original_network_id="0x013E" service_id="0x200C"/>
        <service transport_stream_id="0x24B8" original_network_id="0x013E" service_id="0x2010"/>
        <service transport_stream_id="0x13EF" original_network_id="0x013E" service_id="0x2529"/>
        <service transport_stream_id="0x3CF0" original_network_id="0x013E" service_id="0x29D1"/>
        <service transport_stream_id="0x2CEC" original_network_id="0x013E" service_id="0x439F"/>
        <service transport_stream_id="0x0258" original_network_id="0x013E" service_id="0x44DD"/>
      </NVOD_reference_descriptor>
      <private_data_specifier_descriptor private_data_specifier="0x00000002"/>
      <generic_descriptor tag="0xB2">
        1C 41 B0 02
      </generic_descriptor>
    </service>
    <service service_id="0x0E2E" EIT_schedule="true" EIT_present_following="false" CA_mode="true" running_status="running">
      <service_descriptor service_type="0x02" service_provider_name="SkyItalia" service_name="Radio Freccia"/>
      <country_availability_descriptor country_availability="true">
        <country country_code="ITA"/>
      </country_availability_descriptor>
      <private_data_specifier_descriptor private_data_specifier="0x00000002"/>
      <generic_descriptor tag="0xB2">
        1C C0 D1 5F 32 9E B0 93 C6 6E B9 E4 7E
      </generic_descriptor>
    </service>
    <service service_id="0x0E31" EIT_schedule="true" EIT_present_following="false" CA_mode="true" running_status="running">
      <service_descriptor service_type="0x02" service_provider_name="SkyItalia" service_name="Virgin Radio"/>
      <country_availability_descriptor country_availability="true">
        <country country_code="ITA"/>
      </country_availability_descriptor>
      <private_data_specifier_descriptor private_data_specifier="0x00000002"/>
      <generic_descriptor tag="0xB2">
        1C C1 D1 5F 2D 3B ED D7 72 85 CE 30
      </generic_descriptor>
    </service>
    <service service_id="0x0E3A" EIT_schedule="true" EIT_present_following="false" CA_mode="true" running_status="running">
      <service_descriptor service_type="0x02" service_provider_name="SkyItalia" service_name="RTL 102.5"/>
      <country_availability_descriptor country_availability="true">
        <country country_code="ITA"/>
      </country_availability_descriptor>
      <private_data_specifier_descriptor private_data_specifier="0x00000002"/>
      <generic_descriptor tag="0xB2">
        1C C1 D1 5F 24 3A DF B5 85 96 E7 FC BA 0A 28 F5
        C2
      </generic_descriptor>
    </service>
    <service service_id="0x0E3B" EIT_schedule="true" EIT_present_following="false" CA_mode="true" running_status="running">
      <service_descriptor service_type="0x02" service_provider_name="SkyItalia" service_name="Radio Zeta Italiana"/>
      <country_availability_descriptor country_availability="true">
        <country country_code="ITA"/>
      </country_availability_descriptor>
      <private_data_specifier_descriptor private_data_specifier="0x00000002"/>
      <generic_descriptor tag="0xB2">
        1C C0 D1 5F 32 9E B0 93 8A 6A EF DE 23 7F 85
      </generic_descriptor>
    </service>
    <service service_id="0x0E48" EIT_schedule="true" EIT_present_following="false" CA_mode="true" running_status="running">
      <service_descriptor service_type="0x02" service_provider_name="SkyItalia" service_name="Radio Popolare"/>
      <country_availability_descriptor country_availability="true">
        <country country_code="ITA"/>
      </country_availability_descriptor>
      <private_data_specifier_descriptor private_data_specifier="0x00000002"/>
      <generic_descriptor tag="0xB2">
        1C C0 D1 5F 32 9E B0 93 A0 28 CB 33 74
      </generic_descriptor>
    </service>
    <service service_id="0x1C21" EIT_schedule="true" EIT_present_following="false" CA_mode="true" running_status="running">
      <service_descriptor service_type="0x01" service_provider_name="SkyItalia" service_name="Duna TV"/>
      <country_availability_descriptor country_availability="true">
        <country country_code="ITA"/>
      </country_availability_descriptor>
      <private_data_specifier_descriptor private_data_specifier="0x00000002"/>
      <generic_descriptor tag="0xB2">
        1C C0 F0 02
      </generic_descriptor>
    </service>
    <service service_id="0x1C22" EIT_schedule="true" EIT_present_following="false" CA_mode="true" running_status="running">
      <time_shifted_service_descriptor reference_service_id="0x0BEF"/>
      <private_data_specifier_descriptor private_data_specifier="0x00000002"/>
      <generic_descriptor tag="0xB2">
        1C C0 B0 02
      </generic_descriptor>
      <generic_descriptor tag="0xC0">
        05 54 75 6E 69 73 20 37
      </generic_descriptor>
    </service>
    <service service_id="0x1C29" EIT_schedule="false" EIT_present_following="false" CA_mode="true" running_status="running">
      <service_descriptor service_type="0x01" service_provider_name="SkyItalia" service_name="UNIVERSAL TV"/>
      <country_availability_descriptor country_availability="true">
        <country country_code="ITA"/>
      </country_availability_descriptor>
      <private_data_specifier_descriptor private_data_specifier="0x00000002"/>
      <generic_descriptor tag="0xB2">
        00 4F E0 02
      </generic_descriptor>
    </service>
    <service service_id="0x1C2B" EIT_schedule="false" EIT_present_following="false" CA_mode="true" running_status="running">
      <service_descriptor service_type="0x02" service_provider_name="SkyItalia" service_name="MR1-KOSSUTH"/>
      <country_availability_descriptor country_availability="true">
        <country country_code="ITA"/>
      </country_availability_descriptor>
      <private_data_specifier_descriptor private_data_specifier="0x00000002"/>
      <generic_descriptor tag="0xB2">
        00 4F E0 02
      </generic_descriptor>
    </service>
    <service service_id="0x1C2C" EIT_schedule="false" EIT_present_following="false" CA_mode="true" running_status="running">
      <service_descriptor service_type="0x02" service_provider_name="SkyItalia" service_name="MR2-PETOFI"/>
      <country_availability_descriptor country_availability="true">
        <country country_code="ITA"/>
      </country_availability_descriptor>
      <private_data_specifier_descriptor private_data_specifier="0x00000002"/>
      <generic_descriptor tag="0xB2">
        00 4F E0 02
      </generic_descriptor>
    </service>
    <service service_id="0x1C2E" EIT_schedule="false" EIT_present_following="false" CA_mode="true" running_status="running">
      <service_descriptor service_type="0x02" service_provider_name="SkyItalia" service_name="RETE SPORT"/>
      <country_availability_descriptor country_availability="true">
        <country country_code="ITA"/>
      </country_availability_descriptor>
      <private_data_specifier_descriptor private_data_specifier="0x00000002"/>
      <generic_descriptor tag="0xB2">
        00 4F E0 02
      </generic_descriptor>
    </service>
    <service service_id="0x1C2F" EIT_schedule="false" EIT_present_following="false" CA_mode="true" running_status="running">
      <service_descriptor service_type="0x02" service_provider_name="SkyItalia" service_name="Radio 6"/>
      <country_availability_descriptor country_availability="true">
        <country country_code="ITA"/>
      </country_availability_descriptor>
      <private_data_specifier_descriptor private_data_specifier="0x00000002"/>
      <generic_descriptor tag="0xB2">
        00 4F E0 02
      </generic_descriptor>
    </service>
    <service service_id="0x1C30" EIT_schedule="true" EIT_present_following="false" CA_mode="true" running_status="running">
      <service_descriptor service_type="0x02" service_provider_name="SkyItalia" service_name="Margherita"/>
      <country_availability_descriptor country_availability="true">
        <country country_code="ITA"/>
      </country_availability_descriptor>
      <private_data_specifier_descriptor private_data_specifier="0x00000002"/>
      <generic_descriptor tag="0xB2">
        1C C0 D1 5F 34 ED 87 6D 5B 1E FC
      </generic_descriptor>
    </service>
    <service service_id="0x1C34" EIT_schedule="false" EIT_present_following="false" CA_mode="true" running_status="running">
      <service_descriptor service_type="0x01" service_provider_name="SkyItalia" service_name="CaspioNet"/>
      <country_availability_descriptor country_availability="true">
        <country country_code="ITA"/>
      </country_availability_descriptor>
      <private_data_specifier_descriptor private_data_specifier="0x00000002"/>
      <generic_descriptor tag="0xB2">
        00 4F E0 02
      </generic_descriptor>
    </service>
    <service service_id="0x1C35" EIT_schedule="false" EIT_present_following="false" CA_mode="true" running_status="running">
      <service_descriptor service_type="0x01" service_provider_name="SkyItalia" service_name="AL SHABABIYAH"/>
      <country_availability_descriptor country_availability="true">
        <country country_code="ITA"/>
      </country_availability_descriptor>
      <private_data_specifier_descriptor private_data_specifier="0x00000002"/>
      <generic_descriptor tag="0xB2">
        00 4F E0 02
      </generic_descriptor>
    </service>
    <service service_id="0x1C36" EIT_schedule="false" EIT_present_following="false" CA_mode="true" running_status="running">
      <service_descriptor service_type="0x01" service_provider_name="SkyItalia" service_name="Lider TV"/>
      <country_availability_descriptor country_availability="true">
        <country country_code="ITA"/>
      </country_availability_descriptor>
      <private_data_specifier_descriptor private_data_specifier="0x00000002"/>
      <generic_descriptor tag="0xB2">
        00 4F E0 02
      </generic_descriptor>
    </service>
    <service service_id="0x1C38" EIT_schedule="true" EIT_present_following="false" CA_mode="true" running_status="running">
      <time_shifted_service_descriptor reference_service_id="0x0BEF"/>
      <private_data_specifier_descriptor private_data_specifier="0x00000002"/>
      <generic_descriptor tag="0xB2">
        1C C0 B0 02
      </generic_descriptor>
      <generic_descriptor tag="0xC0">
        05 43 43 54 56 2D 34
      </generic_descriptor>
    </service>
    <service service_id="0x1C52" EIT_schedule="false" EIT_present_following="false" CA_mode="true" running_status="running">
      <service_descriptor service_type="0x02" service_provider_name="SkyItalia" service_name="R.TUNISIE NATIONALE"/>
      <country_availability_descriptor country_availability="true">
        <country country_code="ITA"/>
      </country_availability_descriptor>
      <private_data_specifier_descriptor private_data_specifier="0x00000002"/>
      <generic_descriptor tag="0xB2">
        00 4F E0 02
      </generic_descriptor>
    </service>
    <service service_id="0x1C53" EIT_schedule="false" EIT_present_following="false" CA_mode="true" running_status="running">
      <service_descriptor service_type="0x02" service_provider_name="SkyItalia" service_name="R.TUNISIE INTERNATIONALE"/>
      <country_availability_descriptor country_availability="true">
        <country country_code="ITA"/>
      </country_availability_descriptor>
      <private_data_specifier_descriptor private_data_specifier="0x00000002"/>
      <generic_descriptor tag="0xB2">
        00 4F E0 02
      </generic_descriptor>
    </service>
    <service service_id="0x1C55" EIT_schedule="true" EIT_present_following="false" CA_mode="true" running_status="running">
      <service_descriptor service_type="0x01" service_provider_name="SkyItalia" service_name="SMtv SAN MARINO"/>
      <country_availability_descriptor country_availability="true">
        <country country_code="ITA"/>
      </country_availability_descriptor>
      <private_data_specifier_descriptor private_data_specifier="0x00000002"/>
      <generic_descriptor tag="0xB2">
        1C 40 B0 02
      </generic_descriptor>
    </service>
    <service service_id="0x1C58" EIT_schedule="true" EIT_present_following="false" CA_mode="true" running_status="running">
      <service_descriptor service_type="0x01" service_provider_name="SkyItalia" service_name="People TV-Rete7"/>
      <country_availability_descriptor country_availability="true">
        <country country_code="ITA"/>
      </country_availability_descriptor>
      <private_data_specifier_descriptor private_data_specifier="0x00000002"/>
      <generic_descriptor tag="0xB2">
        1C C0 F0 02
      </generic_descriptor>
    </service>
    <service service_id="0x1C59" EIT_schedule="false" EIT_present_following="false" CA_mode="true" running_status="running">
      <service_descriptor service_type="0x01" service_provider_name="SkyItalia" service_name="CNC WORLD"/>
      <country_availability_descriptor country_availability="true">
        <country country_code="ITA"/>
      </country_availability_descriptor>
      <private_data_specifier_descriptor private_data_specifier="0x00000002"/>
      <generic_descriptor tag="0xB2">
        00 FF E0 02
      </generic_descriptor>
    </service>
  </SDT>
  <EIT type="pf" version="13" current="true" actual="true" service_id="0x2D5F" transport_stream_id="0x2774" original_network_id="0xFBFF" last_table_id="0x4E">
    <!-- PID 0x0012 (18), first TS packet: 9,171, last: 12,280 -->
    <event event_id="0x0015" start_time="2017-08-23 04:00:00" duration="12:00:00" running_status="running" CA_mode="true">
      <short_event_descriptor language_code="ita">
        <event_name>Sky Calcio</event_name>
        <text></text>
      </short_event_descriptor>
      <extended_event_descriptor descriptor_number="0" last_descriptor_number="0" language_code="ita">
        <text>Prossimamente campionato italiano di serie A,Serie B e calcio internazionale.</text>
      </extended_event_descriptor>
      <component_descriptor stream_content="0x01" stream_content_ext="0x0F" component_type="0x01" component_tag="0xFF" language_code="   " text=""/>
      <component_descriptor stream_content="0x02" stream_content_ext="0x0F" component_type="0x03" component_tag="0xFF" language_code="ita" text=""/>
      <private_data_specifier_descriptor private_data_specifier="0x00000002"/>
      <content_descriptor>
        <content content_nibble_level_1="0" content_nibble_level_2="0" user_byte="0x00"/>
      </content_descriptor>
      <generic_descriptor tag="0xCC">
        07 FF
      </generic_descriptor>
    </event>
    <event event_id="0x0016" start_time="2017-08-23 16:00:00" duration="12:00:00" running_status="not-running" CA_mode="true">
      <short_event_descriptor language_code="ita">
        <event_name>Sky Calcio</event_name>
        <text></text>
      </short_event_descriptor>
      <extended_event_descriptor descriptor_number="0" last_descriptor_number="0" language_code="ita">
        <text>Prossimamente campionato italiano di serie A,Serie B e calcio internazionale.</text>
      </extended_event_descriptor>
      <component_descriptor stream_content="0x01" stream_content_ext="0x0F" component_type="0x01" component_tag="0xFF" language_code="   " text=""/>
      <component_descriptor stream_content="0x02" stream_content_ext="0x0F" component_type="0x03" component_tag="0xFF" language_code="ita" text=""/>
      <private_data_specifier_descriptor private_data_specifier="0x00000002"/>
      <content_descriptor>
        <content content_nibble_level_1="0" content_nibble_level_2="0" user_byte="0x00"/>
      </content_descriptor>
      <generic_descriptor tag="0xCC">
        07 FF
      </generic_descriptor>
    </event>
  </EIT>
  <EIT type="pf" version="5" current="true" actual="true" service_id="0x0585" transport_stream_id="0x2774" original_network_id="0xFBFF" last_table_id="0x4E">
    <!-- PID 0x0012 (18), first TS packet: 9,517, last: 12,949 -->
    <event event_id="0x0359" start_time="2017-08-23 10:15:00" duration="01:00:00" running_status="running" CA_mode="true">
      <short_event_descriptor language_code="ita">
        <event_name>La seconda casa non si scorda mai</event_name>
        <text></text>
      </short_event_descriptor>
      <extended_event_descriptor descriptor_number="0" last_descriptor_number="1" language_code="ita">
        <text>S3 Ep10 Val d'Orcia - Cuore della Toscana - Mariano e Mara vogliono acquistare una seconda casa nella campagna toscana, non troppo distante dalla loro citta', Roma. Oggi Giulia e Nicola si sfideranno in Val d'Orcia, tra dolci colline e borghi pitto</text>
      </extended_event_descriptor>
      <extended_event_descriptor descriptor_number="1" last_descriptor_number="1" language_code="ita">
        <text>reschi. Chi trovera' la casa perfetta?</text>
      </extended_event_descriptor>
      <component_descriptor stream_content="0x01" stream_content_ext="0x0F" component_type="0x01" component_tag="0xFF" language_code="   " text=""/>
      <component_descriptor stream_content="0x02" stream_content_ext="0x0F" component_type="0x03" component_tag="0xFF" language_code="ita" text=""/>
      <private_data_specifier_descriptor private_data_specifier="0x00000002"/>
      <content_descriptor>
        <content content_nibble_level_1="0" content_nibble_level_2="0" user_byte="0x00"/>
      </content_descriptor>
      <generic_descriptor tag="0xCC">
        07 FF
      </generic_descriptor>
    </event>
    <event event_id="0x0363" start_time="2017-08-23 11:15:00" duration="00:55:00" running_status="not-running" CA_mode="true">
      <short_event_descriptor language_code="ita">
        <event_name>100% Sexy</event_name>
        <text></text>
      </short_event_descriptor>
      <extended_event_descriptor descriptor_number="0" last_descriptor_number="0" language_code="ita">
        <text>S1 Ep5 Venere prende il sopravvento - Sophie di notte diventa la Venere di Milo, la drag queen piu' esagerata della citta'. Thomas invece ha solo abiti da donna e vorrebbe riappropriarsi del suo lato maschile.</text>
      </extended_event_descriptor>
      <component_descriptor stream_content="0x01" stream_content_ext="0x0F" component_type="0x01" component_tag="0xFF" language_code="   " text=""/>
      <component_descriptor stream_content="0x02" stream_content_ext="0x0F" component_type="0x03" component_tag="0xFF" language_code="ita" text=""/>
      <private_data_specifier_descriptor private_data_specifier="0x00000002"/>
      <content_descriptor>
        <content content_nibble_level_1="0" content_nibble_level_2="0" user_byte="0x00"/>
      </content_descriptor>
      <generic_descriptor tag="0xCC">
        07 FF
      </generic_descriptor>
    </event>
  </EIT>
  <EIT type="pf" version="2" current="true" actual="true" service_id="0x2D54" transport_stream_id="0x2774" original_network_id="0xFBFF" last_table_id="0x4E">
    <!-- PID 0x0012 (18), first TS packet: 10,554, last: 13,973 -->
    <event event_id="0x0132" start_time="2017-08-23 11:00:00" duration="01:34:41" running_status="running" CA_mode="true">
      <short_event_descriptor language_code="ita">
        <event_name>Sopravvissuti</event_name>
        <text></text>
      </short_event_descriptor>
      <extended_event_descriptor descriptor_number="0" last_descriptor_number="1" language_code="ita">
        <text>Cod. 141168 - Per info, prezzi e promozioni premi il tasto Primafila. - (2015) di Craig Zobel. Con Margot Robbie, Chris Pine. Dal romanzo visionario di Robert C. O'Brien, un dramma apocalittico con Margot Robbie e Chris Pine. Al termine della guerr</text>
      </extended_event_descriptor>
      <extended_event_descriptor descriptor_number="1" last_descriptor_number="1" language_code="ita">
        <text>a nucleare, una ragazza gestisce una fattoria in una zona ancora vivibile ed Ł convinta di essere l'unica superstite. Si ricrederΩ con larrivo di due sconosciuti.</text>
      </extended_event_descriptor>
      <parental_rating_descriptor>
        <country country_code="ITA" rating="0x09"/>
      </parental_rating_descriptor>
      <component_descriptor stream_content="0x01" stream_content_ext="0x0F" component_type="0x01" component_tag="0xFF" language_code="   " text=""/>
      <component_descriptor stream_content="0x02" stream_content_ext="0x0F" component_type="0x03" component_tag="0xFF" language_code="ita" text=""/>
      <private_data_specifier_descriptor private_data_specifier="0x00000002"/>
      <content_descriptor>
        <content content_nibble_level_1="0" content_nibble_level_2="0" user_byte="0xC0"/>
      </content_descriptor>
      <generic_descriptor tag="0xCC">
        0F FF
      </generic_descriptor>
      <generic_descriptor tag="0xC5">
        FF F1 09 3B 00 00 04 00 6F 90 6D C0 02 DA 75 5C
        FB F5 32 BD 45 C6 FC 98 6A 40 A7 EC 50 60 E1 60
        7C AA 5C 66 FB C5 ED A7 A8 3D AF E4 57 22 92 1F
        25 1A 12 63 86 8A DC A6 2C 05 0F 96 53 3F C2 B1
        1B 30 26 CB D3 9C D4 F0 7F 94 69 34 16 F2 6C 4C
        D3 AD 4E 55 4C E3 DD 9E 51 99 01 B6 6C 63 3C C5
        94 42 32 F8 A8 F1 0D 5C 26 A9 3E F6 52 6D 33 2D
        FF 10 ED BE 1F 50 D6 94
      </generic_descriptor>
      <generic_descriptor tag="0xC5">
        FF F1 09 19 00 00 04 00 6F 90 6D C0 02 EE AE 61
        19 F7 FC 6E B1 51 37 82 03 A7 43 D0 56 A7 CF 14
        5B 02 01 91 06 B7 70 3D 2F 9B C9 3C ED 74 52 5A
        26 AE FB CA B1 C1 AB 28 D9 89 50 7B A5 51 33 F6
        99 5D 12 2C 96 1E 99 8F 98 2A 0A AA 0A E8 60 45
        C3 26 77 25 26 F1 B8 6F 75 F4 54 54 0E 9A 66 4E
        71 B9 5E 53 60 F0 6C 93 F3 68 EA 6B 7E 8A 22 FD
        1C 09 6D B5 74 B6 17 1C
      </generic_descriptor>
      <generic_descriptor tag="0xC5">
        FF F1 09 CD 00 00 04 00 6F 90 6D C8 04 A1 52 46
        AB C1 95 CA 81 7A 49 9F 66 4F 35 D7 7B BC 63 F6
        3A 88 87 9E EE 28 D0 45 E6 DC 71 22 D5 50 A8 A9
        ED 09 14 02 69 CD 42 8A 8F 94 DC 57 1C F7 68 BE
        A9 B7 B8 FA 24 28 C8 12 21 07 4A 19 63 93 56 06
        35 A0 B8 26 18 D9 EB 9A 47 BB 5D 5D 54 FF 2A D0
        98 3C 9D 2F C2 0F 11 70 87 20 08 36 A3 AB D0 08
        71 5F 61 13 AE E7 BA 1B
      </generic_descriptor>
    </event>
    <event event_id="0x0179" start_time="2017-08-23 12:34:41" duration="00:25:19" running_status="not-running" CA_mode="true">
      <short_event_descriptor language_code="ita">
        <event_name>Alle 15:00 Sopravvissuti</event_name>
        <text></text>
      </short_event_descriptor>
      <extended_event_descriptor descriptor_number="0" last_descriptor_number="1" language_code="ita">
        <text>Cod. 141168 - Per info, prezzi e promozioni premi il tasto Primafila. - (2015) di Craig Zobel. Con Margot Robbie, Chris Pine. Dal romanzo visionario di Robert C. O'Brien, un dramma apocalittico con Margot Robbie e Chris Pine. Al termine della guerr</text>
      </extended_event_descriptor>
      <extended_event_descriptor descriptor_number="1" last_descriptor_number="1" language_code="ita">
        <text>a nucleare, una ragazza gestisce una fattoria in una zona ancora vivibile ed Ł convinta di essere l'unica superstite. Si ricrederΩ con larrivo di due sconosciuti.</text>
      </extended_event_descriptor>
      <component_descriptor stream_content="0x01" stream_content_ext="0x0F" component_type="0x01" component_tag="0xFF" language_code="   " text=""/>
      <component_descriptor stream_content="0x02" stream_content_ext="0x0F" component_type="0x03" component_tag="0xFF" language_code="ita" text=""/>
      <private_data_specifier_descriptor private_data_specifier="0x00000002"/>
      <content_descriptor>
        <content content_nibble_level_1="0" content_nibble_level_2="0" user_byte="0x00"/>
      </content_descriptor>
      <generic_descriptor tag="0xCC">
        07 FF
      </generic_descriptor>
    </event>
  </EIT>
  <SDT version="29" current="true" transport_stream_id="0x2DB4" original_network_id="0x013E" actual="false">
    <!-- PID 0x0011 (17), first TS packet: 12,090, last: 17,138 -->
    <service service_id="0x1005" EIT_schedule="true" EIT_present_following="false" CA_mode="true" running_status="running">
      <service_descriptor service_type="0x01" service_provider_name="SkyItalia" service_name="Rolsat"/>
      <country_availability_descriptor country_availability="true">
        <country country_code="ITA"/>
      </country_availability_descriptor>
      <private_data_specifier_descriptor private_data_specifier="0x00000002"/>
      <generic_descriptor tag="0xB2">
        1C C0 F0 02
      </generic_descriptor>
    </service>
    <service service_id="0x1069" EIT_schedule="true" EIT_present_following="false" CA_mode="true" running_status="running">
      <service_descriptor service_type="0x01" service_provider_name="SkyItalia" service_name="Nostradamus"/>
      <country_availability_descriptor country_availability="true">
        <country country_code="ITA"/>
      </country_availability_descriptor>
      <private_data_specifier_descriptor private_data_specifier="0x00000002"/>
      <generic_descriptor tag="0xB2">
        1C C0 F0 02
      </generic_descriptor>
    </service>
    <service service_id="0x1131" EIT_schedule="true" EIT_present_following="false" CA_mode="true" running_status="running">
      <service_descriptor service_type="0x01" service_provider_name="SkyItalia" service_name="Telemodena"/>
      <country_availability_descriptor country_availability="true">
        <country country_code="ITA"/>
      </country_availability_descriptor>
      <private_data_specifier_descriptor private_data_specifier="0x00000002"/>
      <generic_descriptor tag="0xB2">
        1C C0 F0 02
      </generic_descriptor>
    </service>
    <service service_id="0x1195" EIT_schedule="true" EIT_present_following="false" CA_mode="true" running_status="running">
      <service_descriptor service_type="0x01" service_provider_name="SkyItalia" service_name="Shop Windows TV"/>
      <country_availability_descriptor country_availability="true">
        <country country_code="ITA"/>
      </country_availability_descriptor>
      <private_data_specifier_descriptor private_data_specifier="0x00000002"/>
      <generic_descriptor tag="0xB2">
        1C C0 F0 02
      </generic_descriptor>
    </service>
    <service service_id="0x11F9" EIT_schedule="true" EIT_present_following="false" CA_mode="true" running_status="running">
      <service_descriptor service_type="0x01" service_provider_name="SkyItalia" service_name="Napoli TLA"/>
      <country_availability_descriptor country_availability="true">
        <country country_code="ITA"/>
      </country_availability_descriptor>
      <private_data_specifier_descriptor private_data_specifier="0x00000002"/>
      <generic_descriptor tag="0xB2">
        1C C0 F0 02
      </generic_descriptor>
    </service>
    <service service_id="0x1389" EIT_schedule="true" EIT_present_following="false" CA_mode="true" running_status="running">
      <service_descriptor service_type="0x01" service_provider_name="SkyItalia" service_name="Canale Italia"/>
      <country_availability_descriptor country_availability="true">
        <country country_code="ITA"/>
      </country_availability_descriptor>
      <private_data_specifier_descriptor private_data_specifier="0x00000002"/>
      <generic_descriptor tag="0xB2">
        1C C0 F0 02
      </generic_descriptor>
    </service>
    <service service_id="0x2FAB" EIT_schedule="true" EIT_present_following="false" CA_mode="true" running_status="running">
      <service_descriptor service_type="0x01" service_provider_name="SkyItalia" service_name="Automoto Tv"/>
      <country_availability_descriptor country_availability="true">
        <country country_code="ITA"/>
      </country_availability_descriptor>
      <private_data_specifier_descriptor private_data_specifier="0x00000002"/>
      <generic_descriptor tag="0xB2">
        1C 41 30 31 33 9E DF 5B A7 5D F6 3B AC 90 D9 E9
        37 F8 88 14 EA 7F 7E D7 1F 1A 72 D8 AA 5C 4F 8B
        C8 4D 5A 6E F6 AE 31 55 FA 58 3C DB 0F E7 F9 14
        F7 90 92 0F 5F D7 9A 41 27 27 37 BA 49 C9 A4 E7
        1A B8 BC 12 0C 67 B6 61 EF 10 93 72 F1 97 68
      </generic_descriptor>
    </service>
    <service service_id="0x2FAE" EIT_schedule="true" EIT_present_following="false" CA_mode="true" running_status="running">
      <service_descriptor service_type="0x01" service_provider_name="SkyItalia" service_name="LazioTV"/>
      <country_availability_descriptor country_availability="true">
        <country country_code="ITA"/>
      </country_availability_descriptor>
      <private_data_specifier_descriptor private_data_specifier="0x00000002"/>
      <generic_descriptor tag="0xB2">
        1C C0 F0 02
      </generic_descriptor>
    </service>
    <service service_id="0x2FB0" EIT_schedule="true" EIT_present_following="false" CA_mode="true" running_status="running">
      <service_descriptor service_type="0x01" service_provider_name="SkyItalia" service_name="Lombardia SAT"/>
      <country_availability_descriptor country_availability="true">
        <country country_code="ITA"/>
      </country_availability_descriptor>
      <private_data_specifier_descriptor private_data_specifier="0x00000002"/>
      <generic_descriptor tag="0xB2">
        1C C0 F0 02
      </generic_descriptor>
    </service>
    <service service_id="0x2FB1" EIT_schedule="true" EIT_present_following="false" CA_mode="true" running_status="running">
      <service_descriptor service_type="0x01" service_provider_name="SkyItalia" service_name="TRM h24"/>
      <country_availability_descriptor country_availability="true">
        <country country_code="ITA"/>
      </country_availability_descriptor>
      <private_data_specifier_descriptor private_data_specifier="0x00000002"/>
      <generic_descriptor tag="0xB2">
        1C 40 B0 02
      </generic_descriptor>
    </service>
    <service service_id="0x2FB2" EIT_schedule="true" EIT_present_following="false" CA_mode="true" running_status="running">
      <service_descriptor service_type="0x01" service_provider_name="SkyItalia" service_name="Donna e Sposa"/>
      <country_availability_descriptor country_availability="true">
        <country country_code="ITA"/>
      </country_availability_descriptor>
      <private_data_specifier_descriptor private_data_specifier="0x00000002"/>
      <generic_descriptor tag="0xB2">
        1C 41 90 02
      </generic_descriptor>
    </service>
    <service service_id="0x2FB5" EIT_schedule="true" EIT_present_following="false" CA_mode="true" running_status="running">
      <service_descriptor service_type="0x01" service_provider_name="SkyItalia" service_name="TLC Telecampione"/>
      <country_availability_descriptor country_availability="true">
        <country country_code="ITA"/>
      </country_availability_descriptor>
      <private_data_specifier_descriptor private_data_specifier="0x00000002"/>
      <generic_descriptor tag="0xB2">
        1C C0 F0 02
      </generic_descriptor>
    </service>
    <service service_id="0x2FB6" EIT_schedule="true" EIT_present_following="false" CA_mode="true" running_status="running">
      <service_descriptor service_type="0x01" service_provider_name="SkyItalia" service_name="TRC SAT"/>
      <country_availability_descriptor country_availability="true">
        <country country_code="ITA"/>
      </country_availability_descriptor>
      <private_data_specifier_descriptor private_data_specifier="0x00000002"/>
      <generic_descriptor tag="0xB2">
        1C C0 F0 02
      </generic_descriptor>
    </service>
    <service service_id="0x2FB7" EIT_schedule="true" EIT_present_following="false" CA_mode="true" running_status="running">
      <service_descriptor service_type="0x01" service_provider_name="SkyItalia" service_name="Marcopolo"/>
      <country_availability_descriptor country_availability="true">
        <country country_code="ITA"/>
      </country_availability_descriptor>
      <private_data_specifier_descriptor private_data_specifier="0x00000002"/>
      <generic_descriptor tag="0xB2">
        1C C0 F0 02
      </generic_descriptor>
    </service>
    <service service_id="0x2FB8" EIT_schedule="true" EIT_present_following="false" CA_mode="false" running_status="running">
      <service_descriptor service_type="0x01" service_provider_name="SkyItalia" service_name="Italia Channel"/>
      <country_availability_descriptor country_availability="true">
        <country country_code="ITA"/>
      </country_availability_descriptor>
      <private_data_specifier_descriptor private_data_specifier="0x00000002"/>
      <generic_descriptor tag="0xB2">
        1C C1 F0 02
      </generic_descriptor>
    </service>
    <service service_id="0x2FB9" EIT_schedule="true" EIT_present_following="false" CA_mode="true" running_status="running">
      <service_descriptor service_type="0x01" service_provider_name="SkyItalia" service_name="Mediatext.it"/>
      <country_availability_descriptor country_availability="true">
        <country country_code="ITA"/>
      </country_availability_descriptor>
      <private_data_specifier_descriptor private_data_specifier="0x00000002"/>
      <generic_descriptor tag="0xB2">
        1C C0 F0 02
      </generic_descriptor>
    </service>
    <service service_id="0x2FBA" EIT_schedule="true" EIT_present_following="false" CA_mode="true" running_status="running">
      <service_descriptor service_type="0x01" service_provider_name="SkyItalia" service_name="Pianeta TV"/>
      <country_availability_descriptor country_availability="true">
        <country country_code="ITA"/>
      </country_availability_descriptor>
      <private_data_specifier_descriptor private_data_specifier="0x00000002"/>
      <generic_descriptor tag="0xB2">
        1C C0 F0 02
      </generic_descriptor>
    </service>
    <service service_id="0x2FBB" EIT_schedule="true" EIT_present_following="false" CA_mode="true" running_status="running">
      <service_descriptor service_type="0x01" service_provider_name="SkyItalia" service_name="QUORE TV"/>
      <country_availability_descriptor country_availability="true">
        <country country_code="ITA"/>
      </country_availability_descriptor>
      <private_data_specifier_descriptor private_data_specifier="0x00000002"/>
      <generic_descriptor tag="0xB2">
        1C C0 F0 02
      </generic_descriptor>
    </service>
    <service service_id="0x2FBC" EIT_schedule="true" EIT_present_following="false" CA_mode="true" running_status="running">
      <service_descriptor service_type="0x01" service_provider_name="SkyItalia" service_name="Arteinvestimenti.it"/>
      <country_availability_descriptor country_availability="true">
        <country country_code="ITA"/>
      </country_availability_descriptor>
      <private_data_specifier_descriptor private_data_specifier="0x00000002"/>
      <generic_descriptor tag="0xB2">
        1C C0 F0 02
      </generic_descriptor>
    </service>
    <service service_id="0x2FBD" EIT_schedule="true" EIT_present_following="false" CA_mode="true" running_status="running">
      <service_descriptor service_type="0x01" service_provider_name="SkyItalia" service_name="Viva l&apos;Italia Channel"/>
      <country_availability_descriptor country_availability="true">
        <country country_code="ITA"/>
      </country_availability_descriptor>
      <private_data_specifier_descriptor private_data_specifier="0x00000002"/>
      <generic_descriptor tag="0xB2">
        1C C0 F0 02
      </generic_descriptor>
    </service>
    <service service_id="0x2FBE" EIT_schedule="true" EIT_present_following="false" CA_mode="false" running_status="running">
      <service_descriptor service_type="0x01" service_provider_name="SkyItalia" service_name="Made in Italy"/>
      <country_availability_descriptor country_availability="true">
        <country country_code="ITA"/>
      </country_availability_descriptor>
      <private_data_specifier_descriptor private_data_specifier="0x00000002"/>
      <generic_descriptor tag="0xB2">
        1C C1 F0 02
      </generic_descriptor>
    </service>
    <service service_id="0x2FBF" EIT_schedule="true" EIT_present_following="false" CA_mode="true" running_status="running">
      <service_descriptor service_type="0x01" service_provider_name="SkyItalia" service_name="TV Art Live"/>
      <country_availability_descriptor country_availability="true">
        <country country_code="ITA"/>
      </country_availability_descriptor>
      <private_data_specifier_descriptor private_data_specifier="0x00000002"/>
      <generic_descriptor tag="0xB2">
        1C C0 F0 02
      </generic_descriptor>
    </service>
    <service service_id="0x2FC0" EIT_schedule="true" EIT_present_following="false" CA_mode="true" running_status="running">
      <service_descriptor service_type="0x01" service_provider_name="SkyItalia" service_name="ALL IN CHANNEL"/>
      <country_availability_descriptor country_availability="true">
        <country country_code="ITA"/>
      </country_availability_descriptor>
      <private_data_specifier_descriptor private_data_specifier="0x00000002"/>
      <generic_descriptor tag="0xB2">
        1C C0 F0 02
      </generic_descriptor>
    </service>
    <service service_id="0x2FC3" EIT_schedule="true" EIT_present_following="false" CA_mode="true" running_status="running">
      <service_descriptor service_type="0x19" service_provider_name="SkyItalia" service_name="NOVE HD"/>
      <country_availability_descriptor country_availability="true">
        <country country_code="ITA"/>
      </country_availability_descriptor>
      <private_data_specifier_descriptor private_data_specifier="0x00000002"/>
      <generic_descriptor tag="0xB2">
        1C 41 30 02
      </generic_descriptor>
    </service>
    <service service_id="0x2FC4" EIT_schedule="true" EIT_present_following="false" CA_mode="true" running_status="running">
      <service_descriptor service_type="0x19" service_provider_name="SkyItalia" service_name="Gambero Rosso HD"/>
      <country_availability_descriptor country_availability="true">
        <country country_code="ITA"/>
      </country_availability_descriptor>
      <private_data_specifier_descriptor private_data_specifier="0x00000002"/>
      <generic_descriptor tag="0xB2">
        1C 41 90 02
      </generic_descriptor>
    </service>
  </SDT>
  <EIT type="pf" version="14" current="true" actual="true" service_id="0x2D61" transport_stream_id="0x2774" original_network_id="0xFBFF" last_table_id="0x4E">
    <!-- PID 0x0012 (18), first TS packet: 14,327, last: 17,425 -->
    <event event_id="0x0015" start_time="2017-08-23 04:00:00" duration="12:00:00" running_status="running" CA_mode="true">
      <short_event_descriptor language_code="ita">
        <event_name>Sky Calcio</event_name>
        <text></text>
      </short_event_descriptor>
      <extended_event_descriptor descriptor_number="0" last_descriptor_number="0" language_code="ita">
        <text>Prossimamente campionato italiano di serie A,Serie B e calcio internazionale.</text>
      </extended_event_descriptor>
      <component_descriptor stream_content="0x01" stream_content_ext="0x0F" component_type="0x01" component_tag="0xFF" language_code="   " text=""/>
      <component_descriptor stream_content="0x02" stream_content_ext="0x0F" component_type="0x03" component_tag="0xFF" language_code="ita" text=""/>
      <private_data_specifier_descriptor private_data_specifier="0x00000002"/>
      <content_descriptor>
        <content content_nibble_level_1="0" content_nibble_level_2="0" user_byte="0x00"/>
      </content_descriptor>
      <generic_descriptor tag="0xCC">
        07 FF
      </generic_descriptor>
    </event>
    <event event_id="0x0016" start_time="2017-08-23 16:00:00" duration="12:00:00" running_status="not-running" CA_mode="true">
      <short_event_descriptor language_code="ita">
        <event_name>Sky Calcio</event_name>
        <text></text>
      </short_event_descriptor>
      <extended_event_descriptor descriptor_number="0" last_descriptor_number="0" language_code="ita">
        <text>Prossimamente campionato italiano di serie A,Serie B e calcio internazionale.</text>
      </extended_event_descriptor>
      <component_descriptor stream_content="0x01" stream_content_ext="0x0F" component_type="0x01" component_tag="0xFF" language_code="   " text=""/>
      <component_descriptor stream_content="0x02" stream_content_ext="0x0F" component_type="0x03" component_tag="0xFF" language_code="ita" text=""/>
      <private_data_specifier_descriptor private_data_specifier="0x00000002"/>
      <content_descriptor>
        <content content_nibble_level_1="0" content_nibble_level_2="0" user_byte="0x00"/>
      </content_descriptor>
      <generic_descriptor tag="0xCC">
        07 FF
      </generic_descriptor>
    </event>
  </EIT>
  <SDT version="28" current="true" transport_stream_id="0x1388" original_network_id="0x013E" actual="false">
    <!-- PID 0x0011 (17), first TS packet: 9,570, last: 18,036 -->
    <service service_id="0x0BE0" EIT_schedule="true" EIT_present_following="false" CA_mode="true" running_status="undefined">
      <service_descriptor service_type="0x04" service_provider_name="SkyItalia" service_name="REF 3040"/>
      <country_availability_descriptor country_availability="true">
        <country country_code="ITA"/>
      </country_availability_descriptor>
      <NVOD_reference_descriptor>
        <service transport_stream_id="0x1388" original_network_id="0x013E" service_id="0x35D0"/>
        <service transport_stream_id="0x1388" original_network_id="0x013E" service_id="0x35D5"/>
        <service transport_stream_id="0x3DB8" original_network_id="0x013E" service_id="0x425C"/>
      </NVOD_reference_descriptor>
      <private_data_specifier_descriptor private_data_specifier="0x00000002"/>
      <generic_descriptor tag="0xB2">
        1C C1 F0 02
      </generic_descriptor>
    </service>
    <service service_id="0x0BEA" EIT_schedule="true" EIT_present_following="false" CA_mode="true" running_status="undefined">
      <service_descriptor service_type="0x04" service_provider_name="SkyItalia" service_name="REF 3050"/>
      <country_availability_descriptor country_availability="true">
        <country country_code="ITA"/>
      </country_availability_descriptor>
      <NVOD_reference_descriptor>
        <service transport_stream_id="0x02BC" original_network_id="0x013E" service_id="0x000C"/>
        <service transport_stream_id="0x2FA8" original_network_id="0x013E" service_id="0x1D26"/>
        <service transport_stream_id="0x1388" original_network_id="0x013E" service_id="0x35D4"/>
        <service transport_stream_id="0x2CEC" original_network_id="0x013E" service_id="0x43DD"/>
      </NVOD_reference_descriptor>
      <private_data_specifier_descriptor private_data_specifier="0x00000002"/>
      <generic_descriptor tag="0xB2">
        1C C1 F0 02
      </generic_descriptor>
    </service>
    <service service_id="0x0BF4" EIT_schedule="true" EIT_present_following="false" CA_mode="true" running_status="undefined">
      <service_descriptor service_type="0x04" service_provider_name="SkyItalia" service_name="REF 3060"/>
      <country_availability_descriptor country_availability="true">
        <country country_code="ITA"/>
      </country_availability_descriptor>
      <NVOD_reference_descriptor>
        <service transport_stream_id="0x1388" original_network_id="0x013E" service_id="0x35CF"/>
        <service transport_stream_id="0x3DB8" original_network_id="0x013E" service_id="0x4266"/>
      </NVOD_reference_descriptor>
      <private_data_specifier_descriptor private_data_specifier="0x00000002"/>
      <generic_descriptor tag="0xB2">
        1C C1 F0 02
      </generic_descriptor>
    </service>
    <service service_id="0x34BC" EIT_schedule="true" EIT_present_following="false" CA_mode="true" running_status="running">
      <country_availability_descriptor country_availability="true">
        <country country_code="ITA"/>
      </country_availability_descriptor>
      <private_data_specifier_descriptor private_data_specifier="0x00000002"/>
      <service_descriptor service_type="0x83" service_provider_name="SkyItalia" service_name="IEPG Data"/>
      <generic_descriptor tag="0xB2">
        1C 41 F0 02
      </generic_descriptor>
    </service>
    <service service_id="0x3591" EIT_schedule="false" EIT_present_following="false" CA_mode="true" running_status="running">
      <service_descriptor service_type="0x02" service_provider_name="SkyItalia" service_name="RADIO 1"/>
      <country_availability_descriptor country_availability="true">
        <country country_code="ITA"/>
      </country_availability_descriptor>
      <private_data_specifier_descriptor private_data_specifier="0x00000002"/>
      <generic_descriptor tag="0xB2">
        00 4F E0 02
      </generic_descriptor>
    </service>
    <service service_id="0x3592" EIT_schedule="false" EIT_present_following="false" CA_mode="true" running_status="running">
      <service_descriptor service_type="0x02" service_provider_name="SkyItalia" service_name="RADIO 3"/>
      <country_availability_descriptor country_availability="true">
        <country country_code="ITA"/>
      </country_availability_descriptor>
      <private_data_specifier_descriptor private_data_specifier="0x00000002"/>
      <generic_descriptor tag="0xB2">
        00 4F E0 02
      </generic_descriptor>
    </service>
    <service service_id="0x3593" EIT_schedule="false" EIT_present_following="false" CA_mode="true" running_status="running">
      <service_descriptor service_type="0x02" service_provider_name="SkyItalia" service_name="RADIO 4"/>
      <country_availability_descriptor country_availability="true">
        <country country_code="ITA"/>
      </country_availability_descriptor>
      <private_data_specifier_descriptor private_data_specifier="0x00000002"/>
      <generic_descriptor tag="0xB2">
        00 4F E0 02
      </generic_descriptor>
    </service>
    <service service_id="0x3594" EIT_schedule="false" EIT_present_following="false" CA_mode="true" running_status="running">
      <service_descriptor service_type="0x02" service_provider_name="SkyItalia" service_name="RADIO 5"/>
      <country_availability_descriptor country_availability="true">
        <country country_code="ITA"/>
      </country_availability_descriptor>
      <private_data_specifier_descriptor private_data_specifier="0x00000002"/>
      <generic_descriptor tag="0xB2">
        00 4F E0 02
      </generic_descriptor>
    </service>
    <service service_id="0x3595" EIT_schedule="false" EIT_present_following="false" CA_mode="true" running_status="running">
      <service_descriptor service_type="0x02" service_provider_name="SkyItalia" service_name="Radio Clasica"/>
      <country_availability_descriptor country_availability="true">
        <country country_code="ITA"/>
      </country_availability_descriptor>
      <private_data_specifier_descriptor private_data_specifier="0x00000002"/>
      <generic_descriptor tag="0xB2">
        00 4F E0 02
      </generic_descriptor>
    </service>
    <service service_id="0x35A7" EIT_schedule="false" EIT_present_following="false" CA_mode="true" running_status="running">
      <service_descriptor service_type="0x01" service_provider_name="SkyItalia" service_name="AVA MUSIC"/>
      <country_availability_descriptor country_availability="true">
        <country country_code="ITA"/>
      </country_availability_descriptor>
      <private_data_specifier_descriptor private_data_specifier="0x00000002"/>
      <generic_descriptor tag="0xB2">
        00 4F E0 02
      </generic_descriptor>
    </service>
    <service service_id="0x35A8" EIT_schedule="false" EIT_present_following="false" CA_mode="true" running_status="running">
      <service_descriptor service_type="0x01" service_provider_name="SkyItalia" service_name="TAK TV"/>
      <country_availability_descriptor country_availability="true">
        <country country_code="ITA"/>
      </country_availability_descriptor>
      <private_data_specifier_descriptor private_data_specifier="0x00000002"/>
      <generic_descriptor tag="0xB2">
        00 4F E0 02
      </generic_descriptor>
    </service>
    <service service_id="0x35A9" EIT_schedule="true" EIT_present_following="false" CA_mode="true" running_status="running">
      <service_descriptor service_type="0x01" service_provider_name="SkyItalia" service_name="teleSUR"/>
      <country_availability_descriptor country_availability="true">
        <country country_code="ITA"/>
      </country_availability_descriptor>
      <private_data_specifier_descriptor private_data_specifier="0x00000002"/>
      <generic_descriptor tag="0xB2">
        1C C0 B0 02
      </generic_descriptor>
    </service>
    <service service_id="0x35C4" EIT_schedule="true" EIT_present_following="false" CA_mode="true" running_status="running">
      <service_descriptor service_type="0x01" service_provider_name="SkyItalia" service_name="Alice"/>
      <country_availability_descriptor country_availability="true">
        <country country_code="ITA"/>
      </country_availability_descriptor>
      <private_data_specifier_descriptor private_data_specifier="0x00000002"/>
      <generic_descriptor tag="0xB2">
        1C C0 F0 02
      </generic_descriptor>
    </service>
    <service service_id="0x35C9" EIT_schedule="true" EIT_present_following="false" CA_mode="true" running_status="running">
      <service_descriptor service_type="0x01" service_provider_name="SkyItalia" service_name="TELEITALIAORO"/>
      <country_availability_descriptor country_availability="true">
        <country country_code="ITA"/>
      </country_availability_descriptor>
      <private_data_specifier_descriptor private_data_specifier="0x00000002"/>
      <generic_descriptor tag="0xB2">
        1C C0 F0 02
      </generic_descriptor>
    </service>
    <service service_id="0x35CA" EIT_schedule="true" EIT_present_following="false" CA_mode="true" running_status="running">
      <service_descriptor service_type="0x01" service_provider_name="SkyItalia" service_name="Citta&apos; Italia"/>
      <country_availability_descriptor country_availability="true">
        <country country_code="ITA"/>
      </country_availability_descriptor>
      <private_data_specifier_descriptor private_data_specifier="0x00000002"/>
      <generic_descriptor tag="0xB2">
        1C C0 F0 02
      </generic_descriptor>
    </service>
    <service service_id="0x35CB" EIT_schedule="true" EIT_present_following="false" CA_mode="true" running_status="running">
      <service_descriptor service_type="0x01" service_provider_name="SkyItalia" service_name="DWT"/>
      <country_availability_descriptor country_availability="true">
        <country country_code="ITA"/>
      </country_availability_descriptor>
      <private_data_specifier_descriptor private_data_specifier="0x00000002"/>
      <generic_descriptor tag="0xB2">
        1C C0 F0 02
      </generic_descriptor>
    </service>
    <service service_id="0x35CF" EIT_schedule="true" EIT_present_following="false" CA_mode="true" running_status="running">
      <time_shifted_service_descriptor reference_service_id="0x0BF4"/>
      <private_data_specifier_descriptor private_data_specifier="0x00000002"/>
      <generic_descriptor tag="0xB2">
        1C C0 F0 02
      </generic_descriptor>
      <generic_descriptor tag="0xC0">
        05 44 69 70 72 65 27 20 54 56
      </generic_descriptor>
    </service>
    <service service_id="0x35D0" EIT_schedule="true" EIT_present_following="false" CA_mode="false" running_status="running">
      <time_shifted_service_descriptor reference_service_id="0x0BE0"/>
      <private_data_specifier_descriptor private_data_specifier="0x00000002"/>
      <generic_descriptor tag="0xB2">
        1C C1 F0 02
      </generic_descriptor>
      <generic_descriptor tag="0xC0">
        05 54 69 76 75 20 54 69 76 75
      </generic_descriptor>
    </service>
    <service service_id="0x35D1" EIT_schedule="true" EIT_present_following="false" CA_mode="true" running_status="running">
      <service_descriptor service_type="0x01" service_provider_name="SkyItalia" service_name="Hercules"/>
      <country_availability_descriptor country_availability="true">
        <country country_code="ITA"/>
      </country_availability_descriptor>
      <private_data_specifier_descriptor private_data_specifier="0x00000002"/>
      <generic_descriptor tag="0xB2">
        1C C0 F0 02
      </generic_descriptor>
    </service>
    <service service_id="0x35D2" EIT_schedule="true" EIT_present_following="false" CA_mode="true" running_status="running">
      <service_descriptor service_type="0x01" service_provider_name="SkyItalia" service_name="Las Televenta"/>
      <country_availability_descriptor country_availability="true">
        <country country_code="ITA"/>
      </country_availability_descriptor>
      <private_data_specifier_descriptor private_data_specifier="0x00000002"/>
      <generic_descriptor tag="0xB2">
        1C C0 F0 02
      </generic_descriptor>
    </service>
    <service service_id="0x35D3" EIT_schedule="true" EIT_present_following="false" CA_mode="true" running_status="running">
      <service_descriptor service_type="0x01" service_provider_name="SkyItalia" service_name="MyTivi"/>
      <country_availability_descriptor country_availability="true">
        <country country_code="ITA"/>
      </country_availability_descriptor>
      <private_data_specifier_descriptor private_data_specifier="0x00000002"/>
      <generic_descriptor tag="0xB2">
        1C C0 F0 02
      </generic_descriptor>
    </service>
    <service service_id="0x35D4" EIT_schedule="true" EIT_present_following="false" CA_mode="true" running_status="running">
      <time_shifted_service_descriptor reference_service_id="0x0BEA"/>
      <private_data_specifier_descriptor private_data_specifier="0x00000002"/>
      <generic_descriptor tag="0xB2">
        1C C0 F0 02
      </generic_descriptor>
      <generic_descriptor tag="0xC0">
        05 4D 6F 6F 6E 6C 69 67 68 74 76
      </generic_descriptor>
    </service>
    <service service_id="0x35D5" EIT_schedule="true" EIT_present_following="false" CA_mode="true" running_status="running">
      <time_shifted_service_descriptor reference_service_id="0x0BE0"/>
      <private_data_specifier_descriptor private_data_specifier="0x00000002"/>
      <generic_descriptor tag="0xB2">
        1C C0 F0 02
      </generic_descriptor>
      <generic_descriptor tag="0xC0">
        05 54 69 76 75 20 54 69 76 75 20 32
      </generic_descriptor>
    </service>
    <service service_id="0x35D6" EIT_schedule="true" EIT_present_following="false" CA_mode="true" running_status="running">
      <service_descriptor service_type="0x01" service_provider_name="SkyItalia" service_name="Dipre&apos; TV2"/>
      <country_availability_descriptor country_availability="true">
        <country country_code="ITA"/>
      </country_availability_descriptor>
      <private_data_specifier_descriptor private_data_specifier="0x00000002"/>
      <generic_descriptor tag="0xB2">
        1C C0 F0 02
      </generic_descriptor>
    </service>
    <service service_id="0x35D7" EIT_schedule="true" EIT_present_following="false" CA_mode="true" running_status="running">
      <service_descriptor service_type="0x01" service_provider_name="SkyItalia" service_name="Black"/>
      <country_availability_descriptor country_availability="true">
        <country country_code="ITA"/>
      </country_availability_descriptor>
      <private_data_specifier_descriptor private_data_specifier="0x00000002"/>
      <generic_descriptor tag="0xB2">
        1C C0 F0 02
      </generic_descriptor>
    </service>
    <service service_id="0x35DA" EIT_schedule="true" EIT_present_following="false" CA_mode="true" running_status="running">
      <service_descriptor service_type="0x01" service_provider_name="SkyItalia" service_name="Italy Sat"/>
      <country_availability_descriptor country_availability="true">
        <country country_code="ITA"/>
      </country_availability_descriptor>
      <private_data_specifier_descriptor private_data_specifier="0x00000002"/>
      <generic_descriptor tag="0xB2">
        1C C0 F0 02
      </generic_descriptor>
    </service>
    <service service_id="0x35EB" EIT_schedule="true" EIT_present_following="false" CA_mode="false" running_status="running">
      <service_descriptor service_type="0x01" service_provider_name="SkyItalia" service_name="TBNE"/>
      <country_availability_descriptor country_availability="true">
        <country country_code="ITA"/>
      </country_availability_descriptor>
      <private_data_specifier_descriptor private_data_specifier="0x00000002"/>
      <generic_descriptor tag="0xB2">
        1C C1 F0 02
      </generic_descriptor>
    </service>
    <service service_id="0x365C" EIT_schedule="false" EIT_present_following="false" CA_mode="true" running_status="running">
      <service_descriptor service_type="0x02" service_provider_name="SkyItalia" service_name="BBC ARABIC"/>
      <country_availability_descriptor country_availability="true">
        <country country_code="ITA"/>
      </country_availability_descriptor>
      <private_data_specifier_descriptor private_data_specifier="0x00000002"/>
      <generic_descriptor tag="0xB2">
        00 4F E0 02
      </generic_descriptor>
    </service>
    <service service_id="0x3661" EIT_schedule="false" EIT_present_following="false" CA_mode="true" running_status="running">
      <service_descriptor service_type="0x02" service_provider_name="SkyItalia" service_name="BBC ALBANIAN"/>
      <country_availability_descriptor country_availability="true">
        <country country_code="ITA"/>
      </country_availability_descriptor>
      <private_data_specifier_descriptor private_data_specifier="0x00000002"/>
      <generic_descriptor tag="0xB2">
        00 4F E0 02
      </generic_descriptor>
    </service>
    <service service_id="0x3663" EIT_schedule="false" EIT_present_following="false" CA_mode="true" running_status="running">
      <service_descriptor service_type="0x02" service_provider_name="SkyItalia" service_name="BBC AZERI"/>
      <country_availability_descriptor country_availability="true">
        <country country_code="ITA"/>
      </country_availability_descriptor>
      <private_data_specifier_descriptor private_data_specifier="0x00000002"/>
      <generic_descriptor tag="0xB2">
        00 4F E0 02
      </generic_descriptor>
    </service>
    <service service_id="0x3677" EIT_schedule="false" EIT_present_following="false" CA_mode="true" running_status="running">
      <service_descriptor service_type="0x02" service_provider_name="SkyItalia" service_name="BBC PERSIAN"/>
      <country_availability_descriptor country_availability="true">
        <country country_code="ITA"/>
      </country_availability_descriptor>
      <private_data_specifier_descriptor private_data_specifier="0x00000002"/>
      <generic_descriptor tag="0xB2">
        00 4F E0 02
      </generic_descriptor>
    </service>
    <service service_id="0x367C" EIT_schedule="false" EIT_present_following="false" CA_mode="true" running_status="running">
      <service_descriptor service_type="0x02" service_provider_name="SkyItalia" service_name="BBC RUSSIAN"/>
      <country_availability_descriptor country_availability="true">
        <country country_code="ITA"/>
      </country_availability_descriptor>
      <private_data_specifier_descriptor private_data_specifier="0x00000002"/>
      <generic_descriptor tag="0xB2">
        00 4F E0 02
      </generic_descriptor>
    </service>
    <service service_id="0x3681" EIT_schedule="false" EIT_present_following="false" CA_mode="true" running_status="running">
      <service_descriptor service_type="0x02" service_provider_name="SkyItalia" service_name="BBC BALKANS"/>
      <country_availability_descriptor country_availability="true">
        <country country_code="ITA"/>
      </country_availability_descriptor>
      <private_data_specifier_descriptor private_data_specifier="0x00000002"/>
      <generic_descriptor tag="0xB2">
        00 4F E0 02
      </generic_descriptor>
    </service>
    <service service_id="0x368B" EIT_schedule="false" EIT_present_following="false" CA_mode="true" running_status="running">
      <service_descriptor service_type="0x02" service_provider_name="SkyItalia" service_name="BBC TURKISH"/>
      <country_availability_descriptor country_availability="true">
        <country country_code="ITA"/>
      </country_availability_descriptor>
      <private_data_specifier_descriptor private_data_specifier="0x00000002"/>
      <generic_descriptor tag="0xB2">
        00 4F E0 02
      </generic_descriptor>
    </service>
    <service service_id="0x368E" EIT_schedule="false" EIT_present_following="false" CA_mode="true" running_status="running">
      <service_descriptor service_type="0x02" service_provider_name="SkyItalia" service_name="BBC UKRAINIAN"/>
      <country_availability_descriptor country_availability="true">
        <country country_code="ITA"/>
      </country_availability_descriptor>
      <private_data_specifier_descriptor private_data_specifier="0x00000002"/>
      <generic_descriptor tag="0xB2">
        00 4F E0 02
      </generic_descriptor>
    </service>
    <service service_id="0x3693" EIT_schedule="false" EIT_present_following="false" CA_mode="true" running_status="running">
      <service_descriptor service_type="0x02" service_provider_name="SkyItalia" service_name="BBC EUR FEED 1"/>
      <country_availability_descriptor country_availability="true">
        <country country_code="ITA"/>
      </country_availability_descriptor>
      <private_data_specifier_descriptor private_data_specifier="0x00000002"/>
      <generic_descriptor tag="0xB2">
        00 4F E0 02
      </generic_descriptor>
    </service>
    <service service_id="0x3694" EIT_schedule="false" EIT_present_following="false" CA_mode="true" running_status="running">
      <service_descriptor service_type="0x02" service_provider_name="SkyItalia" service_name="BBC EUR FEED 2"/>
      <country_availability_descriptor country_availability="true">
        <country country_code="ITA"/>
      </country_availability_descriptor>
      <private_data_specifier_descriptor private_data_specifier="0x00000002"/>
      <generic_descriptor tag="0xB2">
        00 4F E0 02
      </generic_descriptor>
    </service>
    <service service_id="0x3695" EIT_schedule="false" EIT_present_following="false" CA_mode="true" running_status="running">
      <service_descriptor service_type="0x02" service_provider_name="SkyItalia" service_name="BBC EUR FEED 3"/>
      <country_availability_descriptor country_availability="true">
        <country country_code="ITA"/>
      </country_availability_descriptor>
      <private_data_specifier_descriptor private_data_specifier="0x00000002"/>
      <generic_descriptor tag="0xB2">
        00 4F E0 02
      </generic_descriptor>
    </service>
    <service service_id="0x3696" EIT_schedule="false" EIT_present_following="false" CA_mode="true" running_status="running">
      <service_descriptor service_type="0x02" service_provider_name="SkyItalia" service_name="BBC EUR FEED 4"/>
      <country_availability_descriptor country_availability="true">
        <country country_code="ITA"/>
      </country_availability_descriptor>
      <private_data_specifier_descriptor private_data_specifier="0x00000002"/>
      <generic_descriptor tag="0xB2">
        00 4F E0 02
      </generic_descriptor>
    </service>
    <service service_id="0x3697" EIT_schedule="false" EIT_present_following="false" CA_mode="true" running_status="running">
      <service_descriptor service_type="0x02" service_provider_name="SkyItalia" service_name="BBC EUR FEED 5"/>
      <country_availability_descriptor country_availability="true">
        <country country_code="ITA"/>
      </country_availability_descriptor>
      <private_data_specifier_descriptor private_data_specifier="0x00000002"/>
      <generic_descriptor tag="0xB2">
        00 4F E0 02
      </generic_descriptor>
    </service>
    <service service_id="0x3698" EIT_schedule="false" EIT_present_following="false" CA_mode="true" running_status="running">
      <service_descriptor service_type="0x02" service_provider_name="SkyItalia" service_name="BBC EUR FEED 6"/>
      <country_availability_descriptor country_availability="true">
        <country country_code="ITA"/>
      </country_availability_descriptor>
      <private_data_specifier_descriptor private_data_specifier="0x00000002"/>
      <generic_descriptor tag="0xB2">
        00 4F E0 02
      </generic_descriptor>
    </service>
  </SDT>
  <EIT type="pf" version="0" current="true" actual="true" service_id="0x05BD" transport_stream_id="0x2774" original_network_id="0xFBFF" last_table_id="0x4E">
    <!-- PID 0x0012 (18), first TS packet: 14,680, last: 18,122 -->
    <event event_id="0x00F9" start_time="2017-08-23 10:40:00" duration="00:55:00" running_status="running" CA_mode="true">
      <short_event_descriptor language_code="ita">
        <event_name>Cucine da incubo USA</event_name>
        <text></text>
      </short_event_descriptor>
      <extended_event_descriptor descriptor_number="0" last_descriptor_number="1" language_code="ita">
        <text>6' Stagione Ep.11 - Il pluri-premiato chef britannico Gordon Ramsay tenta di aiutare i proprietari di ristoranti in difficolta' per prevenire disastri quasi inevitabili. Riuscira' a risolvere i loro problemi in cucina? Prossimo Ep. Mer 23 AGO 12:35</text>
      </extended_event_descriptor>
      <extended_event_descriptor descriptor_number="1" last_descriptor_number="1" language_code="ita">
        <text>.</text>
      </extended_event_descriptor>
      <component_descriptor stream_content="0x01" stream_content_ext="0x0F" component_type="0x01" component_tag="0xFF" language_code="   " text=""/>
      <component_descriptor stream_content="0x02" stream_content_ext="0x0F" component_type="0x03" component_tag="0xFF" language_code="ita" text=""/>
      <private_data_specifier_descriptor private_data_specifier="0x00000002"/>
      <content_descriptor>
        <content content_nibble_level_1="0" content_nibble_level_2="0" user_byte="0x00"/>
      </content_descriptor>
      <generic_descriptor tag="0xCC">
        07 FF
      </generic_descriptor>
      <generic_descriptor tag="0xB4">
        01 D5 00 BD E2 84 51 72 07 08 4A 41 2B 02 D6 3D
        5F 28 77 3A A9 32 75 72 77 09 3A 28 5A C7 B7 C2
      </generic_descriptor>
    </event>
    <event event_id="0x00BD" start_time="2017-08-23 11:35:00" duration="01:00:00" running_status="not-running" CA_mode="true">
      <short_event_descriptor language_code="ita">
        <event_name>Cucine da incubo USA</event_name>
        <text></text>
      </short_event_descriptor>
      <extended_event_descriptor descriptor_number="0" last_descriptor_number="0" language_code="ita">
        <text>6' Stagione Ep.12 - 'Mill Street Bistro' Gordon visita il Mill Street Bistro in Ohio per trasformare il locale, ma il proprietario del ristorante e' ostile e non vuole cooperare con Ramsay. Prossimo Ep. Mer 30 AGO 11:50.</text>
      </extended_event_descriptor>
      <component_descriptor stream_content="0x01" stream_content_ext="0x0F" component_type="0x01" component_tag="0xFF" language_code="   " text=""/>
      <component_descriptor stream_content="0x02" stream_content_ext="0x0F" component_type="0x03" component_tag="0xFF" language_code="ita" text=""/>
      <private_data_specifier_descriptor private_data_specifier="0x00000002"/>
      <content_descriptor>
        <content content_nibble_level_1="0" content_nibble_level_2="0" user_byte="0x00"/>
      </content_descriptor>
      <generic_descriptor tag="0xCC">
        07 FF
      </generic_descriptor>
      <generic_descriptor tag="0xB4">
        01 D5 00 7F E2 8B 4C 2C 07 08 4A 41 2B 02 D6 3D
        5F 28 77 3A A9 32 75 72 77 09 3A 28 5A C7 B7 C2
      </generic_descriptor>
    </event>
  </EIT>
  <SDT version="28" current="true" transport_stream_id="0x1D4C" original_network_id="0xFBFF" actual="false">
    <!-- PID 0x0011 (17), first TS packet: 15,207, last: 18,975 -->
    <service service_id="0x1015" EIT_schedule="true" EIT_present_following="false" CA_mode="true" running_status="running">
      <service_descriptor service_type="0x19" service_provider_name="SkyItalia" service_name="Discovery HD"/>
      <country_availability_descriptor country_availability="true">
        <country country_code="ITA"/>
      </country_availability_descriptor>
      <private_data_specifier_descriptor private_data_specifier="0x00000002"/>
      <generic_descriptor tag="0xB2">
        1C 41 90 31 33 9E DF 5B A4 58 86 5C 5B 16 3D 90
        7B FC 51 0B 02 0E 46 AE 6B F8 37 FF 4E DF F0 78
        DB 4F 6B 9B 97 8C 31 FB A4 E6 27 E6 E8 D0 95 E9
        F1 79 09 0F C2 B0 79 B6 1F CF F2 29 EF 21 24 1E
        BF AF 34 82 4E 4E 6F 74 93 93
      </generic_descriptor>
    </service>
    <service service_id="0x1018" EIT_schedule="true" EIT_present_following="false" CA_mode="true" running_status="running">
      <service_descriptor service_type="0x19" service_provider_name="SkyItalia" service_name="cielo HD"/>
      <country_availability_descriptor country_availability="true">
        <country country_code="ITA"/>
      </country_availability_descriptor>
      <private_data_specifier_descriptor private_data_specifier="0x00000002"/>
      <generic_descriptor tag="0xB2">
        1C 61 30 02
      </generic_descriptor>
    </service>
    <service service_id="0x1020" EIT_schedule="true" EIT_present_following="false" CA_mode="true" running_status="running">
      <service_descriptor service_type="0x19" service_provider_name="SkyItalia" service_name="Disney Ch. HD"/>
      <country_availability_descriptor country_availability="true">
        <country country_code="ITA"/>
      </country_availability_descriptor>
      <private_data_specifier_descriptor private_data_specifier="0x00000002"/>
      <generic_descriptor tag="0xB2">
        1C 41 D1 3F 31 33 9E DF 5B A7 C8 4B 54 DD 6F BF
        67 A7 92 8A 3D 7E FD 81 E7 FB E9 5C 5F DC 67 FA
        2D 31 EC 83 DF E2 88 5B 79 DC FF A3 9C 53 F7 87
        F1 70 EA 16 9D FC 3F 9A 34 38 3F BC 93 A9 87 E1
        58 3C DB 0F E7 F9 14 F7 90 92 0F 5F D7 9A 41 27
        27 37 BA 49 C9 A4 E7 1A B8 BC 13 69 8C F6 CC 3D
        E2 12 6E 5E 32 ED 05
      </generic_descriptor>
    </service>
    <service service_id="0x1036" EIT_schedule="true" EIT_present_following="false" CA_mode="true" running_status="running">
      <service_descriptor service_type="0x19" service_provider_name="SkyItalia" service_name="Eurosport 2 HD"/>
      <country_availability_descriptor country_availability="true">
        <country country_code="ITA"/>
      </country_availability_descriptor>
      <private_data_specifier_descriptor private_data_specifier="0x00000002"/>
      <generic_descriptor tag="0xB2">
        1C 41 50 21 65 74 FE C5 6E 9C C7 63 CF 3F 6D 53
        75 BE FD 81 04 65 BE B0 EE C0 F0 0E D9 02 32 DF
        70 45 F4 52 0B 62 33 30 36 98 CF 6B EF 4B 07 5D
        F6 3B AC 90 D9 E9 FC FF 69 A7 5D 96 AE A7 D8 9D
        D1 EA 75 30 FC 2B 07 9B 61 FC FB 20 F5 FD 79 04
        9C 9F BA 49 C9 85
      </generic_descriptor>
    </service>
    <service service_id="0x1037" EIT_schedule="true" EIT_present_following="false" CA_mode="true" running_status="running">
      <country_availability_descriptor country_availability="true">
        <country country_code="ITA"/>
      </country_availability_descriptor>
      <private_data_specifier_descriptor private_data_specifier="0x00000002"/>
      <service_descriptor service_type="0x82" service_provider_name="SkyItalia" service_name="Sky Active 1 HD"/>
      <generic_descriptor tag="0xB2">
        1C 41 50 02
      </generic_descriptor>
    </service>
    <service service_id="0x1040" EIT_schedule="true" EIT_present_following="false" CA_mode="true" running_status="running">
      <service_descriptor service_type="0x19" service_provider_name="SkyItalia" service_name="Sky 3D"/>
      <country_availability_descriptor country_availability="true">
        <country country_code="ITA"/>
      </country_availability_descriptor>
      <private_data_specifier_descriptor private_data_specifier="0x00000002"/>
      <generic_descriptor tag="0xB2">
        1C 41 30 2D 31 9E D7 8E 85 38 D7 53 C0 B4 94 3E
        E8 9D A7 BF 21 85 27 E8 BC F9 1A BF 45 87 E1 4D
        32 CC A0 56 B3 DF B4 4F DE 6D 85 C5 59 4D 55 3E
        16 B1 FB 48 CB 7D 0B 58 FC A1 EE 44 A6 71 32 2D
        8A EF 7F 2E 7C 5E 42 5A A6 EB 7D FB 49 FB FE F4
        73 FF 74 DA 63 3D AF 1D 0A 79 B6 1F CF F2 29 EF
        21 24 1E BF AF 34 82 4E 4E 6F 74 93 93 49 CE 35
        71 78 24 CC 66 33 4C 0C 67 B6 61 EF 10 9E 3A 14
      </generic_descriptor>
    </service>
    <service service_id="0x1041" EIT_schedule="true" EIT_present_following="false" CA_mode="true" running_status="running">
      <service_descriptor service_type="0x19" service_provider_name="SkyItalia" service_name="Sky 3D"/>
      <country_availability_descriptor country_availability="true">
        <country country_code="ITA"/>
      </country_availability_descriptor>
      <private_data_specifier_descriptor private_data_specifier="0x00000002"/>
      <generic_descriptor tag="0xB2">
        1C 41 50 2D 31 9E D7 8E 85 38 D7 53 C0 B4 94 3E
        E8 9D A7 BF 21 85 27 E8 BC F9 1A BF 45 87 E1 4D
        32 CC A0 56 B3 DF B4 4F DE 6D 85 C5 59 4D 55 3E
        16 B1 FB 48 CB 7D 0B 58 FC A1 EE 44 A6 71 32 2D
        8A EF 7F 2E 7C 5E 42 5A A6 EB 7D FB 49 FB FE F4
        73 FF 74 DA 63 3D AF 1D 0A 79 B6 1F CF F2 29 EF
        21 24 1E BF AF 34 82 4E 4E 6F 74 93 93 49 CE 35
        71 78 24 CC 66 33 4C 0C 67 B6 61 EF 10 9E 3A 14
      </generic_descriptor>
    </service>
    <service service_id="0x1042" EIT_schedule="true" EIT_present_following="false" CA_mode="true" running_status="running">
      <service_descriptor service_type="0x19" service_provider_name="SkyItalia" service_name="Sky 3D"/>
      <country_availability_descriptor country_availability="true">
        <country country_code="ITA"/>
      </country_availability_descriptor>
      <private_data_specifier_descriptor private_data_specifier="0x00000002"/>
      <generic_descriptor tag="0xB2">
        1C 41 70 2D 31 9E D7 8E 85 38 D7 53 C0 B4 94 3E
        E8 9D A7 BF 21 85 27 E8 BC F9 1A BF 45 87 E1 4D
        32 CC A0 56 B3 DF B4 4F DE 6D 85 C5 59 4D 55 3E
        16 B1 FB 48 CB 7D 0B 58 FC A1 EE 44 A6 71 32 2D
        8A EF 7F 2E 7C 5E 42 5A A6 EB 7D FB 49 FB FE F4
        73 FF 74 DA 63 3D AF 1D 0A 79 B6 1F CF F2 29 EF
        21 24 1E BF AF 34 82 4E 4E 6F 74 93 93 49 CE 35
        71 78 24 CC 66 33 4C 0C 67 B6 61 EF 10 9E 3A 14
      </generic_descriptor>
    </service>
    <service service_id="0x1043" EIT_schedule="true" EIT_present_following="false" CA_mode="true" running_status="running">
      <service_descriptor service_type="0x19" service_provider_name="SkyItalia" service_name="Sky 3D"/>
      <country_availability_descriptor country_availability="true">
        <country country_code="ITA"/>
      </country_availability_descriptor>
      <private_data_specifier_descriptor private_data_specifier="0x00000002"/>
      <generic_descriptor tag="0xB2">
        1C 41 30 2D 27 F7 D6 53 FB B0 99 E7 FC 39 63 DF
        F7 EE B7 73 8F 81 5E 9F 17 90 95 9E AF D2 99 C4
        CE A3 65 B9 F3 42 57 17 9B 61 FC FE E9 CB 4C 18
        99 4F 23 57 E8 A7 9B 9D 15 6C 99 07 AF EB CD 20
        B2 FD 1E 9A 41 65 FA 3D 33 2C DF CD 0D 05
      </generic_descriptor>
    </service>
    <service service_id="0x1044" EIT_schedule="true" EIT_present_following="false" CA_mode="true" running_status="running">
      <service_descriptor service_type="0x19" service_provider_name="SkyItalia" service_name="Sky 3D"/>
      <country_availability_descriptor country_availability="true">
        <country country_code="ITA"/>
      </country_availability_descriptor>
      <private_data_specifier_descriptor private_data_specifier="0x00000002"/>
      <generic_descriptor tag="0xB2">
        1C 41 50 2D 27 F7 D6 53 FB B0 99 E7 FC 39 63 DF
        F7 EE B7 73 8F 81 5E 9F 17 90 95 9E AF D2 99 C4
        CE A3 65 B9 F3 42 57 17 9B 61 FC FE E9 CB 4C 18
        99 4F 23 57 E8 A7 9B 9D 15 6C 99 07 AF EB CD 20
        B2 FD 1E 9A 41 65 FA 3D 33 2C DF CD 0D 05
      </generic_descriptor>
    </service>
    <service service_id="0x1045" EIT_schedule="true" EIT_present_following="false" CA_mode="true" running_status="running">
      <country_availability_descriptor country_availability="true">
        <country country_code="ITA"/>
      </country_availability_descriptor>
      <private_data_specifier_descriptor private_data_specifier="0x00000002"/>
      <service_descriptor service_type="0x82" service_provider_name="SkyItalia" service_name="Zapper3D"/>
      <generic_descriptor tag="0xB2">
        1C 41 F0 02
      </generic_descriptor>
    </service>
    <service service_id="0x104A" EIT_schedule="true" EIT_present_following="false" CA_mode="true" running_status="running">
      <service_descriptor service_type="0x19" service_provider_name="SkyItalia" service_name="Classica HD"/>
      <country_availability_descriptor country_availability="true">
        <country country_code="ITA"/>
      </country_availability_descriptor>
      <private_data_specifier_descriptor private_data_specifier="0x00000002"/>
      <generic_descriptor tag="0xB2">
        1C 41 30 31 33 9C 73 D6 E9 D7 6A 22 34 25 71 6C
        A7 8B EF 07 E0 F9 1D 8F 3F 69 32 B9 AF BA 90 AF
        3D FB 0A A3 72 A5 E9 81 94 CC 07 87 3F 61 F8 53
        4E 7B 7D 6E 9C B6 2A 97 13 E2 F2 13 56 9B BD AB
        8C 55 7E 93 A9 87 E1 58 3C DB 0F E7 D9 07 AF EB
        C8 24 E4 FD D2 4E 4D 24 18 CF 6C DD CF C4 24 DC
        BC 65 DA
      </generic_descriptor>
    </service>
    <service service_id="0x105E" EIT_schedule="false" EIT_present_following="false" CA_mode="true" running_status="running">
      <private_data_specifier_descriptor private_data_specifier="0x00000002"/>
      <service_descriptor service_type="0xFB" service_provider_name="SkyItalia" service_name="Fusion BGDL 4190"/>
      <generic_descriptor tag="0xB2">
        00 41 10 02
      </generic_descriptor>
    </service>
    <service service_id="0x1063" EIT_schedule="false" EIT_present_following="false" CA_mode="true" running_status="running">
      <country_availability_descriptor country_availability="true">
        <country country_code="ITA"/>
      </country_availability_descriptor>
      <private_data_specifier_descriptor private_data_specifier="0x00000002"/>
      <service_descriptor service_type="0x83" service_provider_name="SkyItalia" service_name="IEPG Data"/>
      <generic_descriptor tag="0xB2">
        00 41 10 02
      </generic_descriptor>
    </service>
    <service service_id="0x2CF3" EIT_schedule="true" EIT_present_following="false" CA_mode="true" running_status="running">
      <service_descriptor service_type="0x19" service_provider_name="SkyItalia" service_name="Real Time HD"/>
      <country_availability_descriptor country_availability="true">
        <country country_code="ITA"/>
      </country_availability_descriptor>
      <private_data_specifier_descriptor private_data_specifier="0x00000002"/>
      <generic_descriptor tag="0xB2">
        1C 41 30 31 33 9E DF 5B A7 5D F6 3B AC 90 D9 E9
        37 F8 88 14 EA 7F 7E D7 1F 1A 72 D8 AA 5C 4F 8B
        C8 4D 5A 6E F6 AE 31 55 FA 4E 93 98 9F 9B A3 42
        57 A7 C5 E4 24 3F 0A C1 E6 D8 7F 3F C8 A7 BC 84
        90 7A FE BC D2 09 39 39 BD D2 4E 4D 27 38 D5 C5
        E0 90 63 3D B3 0F 78 84 9B 97 8C BB 41
      </generic_descriptor>
    </service>
    <service service_id="0x2D03" EIT_schedule="true" EIT_present_following="false" CA_mode="true" running_status="running">
      <service_descriptor service_type="0x19" service_provider_name="SkyItalia" service_name="Disney XD HD"/>
      <country_availability_descriptor country_availability="true">
        <country country_code="ITA"/>
      </country_availability_descriptor>
      <private_data_specifier_descriptor private_data_specifier="0x00000002"/>
      <generic_descriptor tag="0xB2">
        1C 41 D1 3F 31 33 9E DF 5B A7 C8 4B 54 DD 6F BF
        67 A7 92 8A 3D 7E FD 81 E7 FB E9 5C 5F DC 67 FA
        2D 31 EC 83 DF E2 88 5B 79 DC FF A3 9C 53 F7 87
        F1 70 EA 16 9D FC 3F 9A 34 38 3F BC 93 A9 87 E1
        58 3C DB 0F E7 F9 14 F7 90 92 0F 5F D7 9A 41 27
        27 37 BA 49 C9 A4 E7 1A B8 BC 13 69 8C F6 CC 3D
        E2 12 6E 5E 32 ED 05
      </generic_descriptor>
    </service>
  </SDT>
  <EIT type="pf" version="30" current="true" actual="true" service_id="0x2D55" transport_stream_id="0x2774" original_network_id="0xFBFF" last_table_id="0x4E">
    <!-- PID 0x0012 (18), first TS packet: 15,715, last: 19,139 -->
    <event event_id="0x01E5" start_time="2017-08-23 09:00:00" duration="02:21:15" running_status="running" CA_mode="true">
      <short_event_descriptor language_code="ita">
        <event_name>La cura dal benessere</event_name>
        <text></text>
      </short_event_descriptor>
      <extended_event_descriptor descriptor_number="0" last_descriptor_number="1" language_code="ita">
        <text>Cod. 141943 - Per info, prezzi e promozioni premi il tasto Primafila. - (2016) di Gore Verbinski. Con Dane DeHaan, Jason Isaacs. Nel regno del male in un disturbante thriller gotico del premio Oscar Gore Verbinski. Un manager giunge in un centro be</text>
      </extended_event_descriptor>
      <extended_event_descriptor descriptor_number="1" last_descriptor_number="1" language_code="ita">
        <text>nessere situato sulle Alpi svizzere per riportare a casa il Ceo della sua azienda, ma rimane intrappolato nella terrificante clinica del dottor Heinrich Volmer.</text>
      </extended_event_descriptor>
      <parental_rating_descriptor>
        <country country_code="ITA" rating="0x0B"/>
      </parental_rating_descriptor>
      <component_descriptor stream_content="0x01" stream_content_ext="0x0F" component_type="0x01" component_tag="0xFF" language_code="   " text=""/>
      <component_descriptor stream_content="0x02" stream_content_ext="0x0F" component_type="0x03" component_tag="0xFF" language_code="ita" text=""/>
      <private_data_specifier_descriptor private_data_specifier="0x00000002"/>
      <content_descriptor>
        <content content_nibble_level_1="0" content_nibble_level_2="0" user_byte="0xC0"/>
      </content_descriptor>
      <generic_descriptor tag="0xCC">
        13 FF
      </generic_descriptor>
      <generic_descriptor tag="0xC5">
        FF F1 09 3B 00 00 04 00 6C 90 6A C0 02 8B 66 76
        BC B9 94 5E A1 BB CC AC A0 59 82 5E 4A 1B 4A 11
        45 5E CD E1 E4 8E FF C1 71 FA F7 0F 81 09 38 01
        6C AE 7E 0C 2A A1 A7 A0 34 F4 3D CC 44 7E CB 34
        C3 7D D3 3A 8B F1 E1 C3 9E C7 A4 F0 90 03 E7 38
        88 AC 91 48 74 B6 4F CA B9 4A 44 B5 3F A2 40 74
        F6 1D B2 F5 86 DC 05 A2 9B D5 45 E9 D4 E6 5A CA
        E5 72 C2 4A 4C
      </generic_descriptor>
      <generic_descriptor tag="0xC5">
        FF F1 09 19 00 00 04 00 6C 90 6A C0 02 95 3E CA
        EB 7E 8C F3 59 B3 2D 09 F6 87 05 89 CF FF 53 1C
        80 F0 75 82 C4 BC 00 EB CE 55 2C 95 6B 28 5B 46
        CA 61 C0 12 52 15 A0 F0 30 20 B8 42 F8 07 3B AC
        13 88 2D 0E B2 BE 26 43 37 70 0D EC F9 F7 02 E4
        1A 65 CD 78 24 F8 8E 55 68 59 F9 7A 8F F5 C3 02
        49 E4 47 E8 61 EF 8B D7 46 FC 7C C7 C8 33 16 C1
        01 AA 71 9A D8
      </generic_descriptor>
      <generic_descriptor tag="0xC5">
        FF F1 09 CD 00 00 04 00 6C 90 6A C8 04 E5 D6 9C
        70 63 FC 12 8A F9 90 8E 4E 49 90 17 E6 B6 5D 98
        D8 08 80 58 09 6F 13 4D 3E 1F 90 1A 2E B8 1F 9D
        DB A3 79 2C 13 9D 01 65 A6 CE 7E B0 EC E8 E0 5A
        C6 86 F2 BB 64 04 6A 05 41 98 38 11 6F C9 BB 01
        D4 14 B2 D5 DB A5 0A AC B8 DD 87 4B 40 71 0D 3A
        15 64 A6 C0 F7 D7 37 E4 67 DA 09 21 31 D5 02 71
        A0 6C 5A E6 CF
      </generic_descriptor>
    </event>
    <event event_id="0x012A" start_time="2017-08-23 11:21:15" duration="00:08:45" running_status="not-running" CA_mode="true">
      <short_event_descriptor language_code="ita">
        <event_name>Alle 13:30 La cura dal benessere</event_name>
        <text></text>
      </short_event_descriptor>
      <extended_event_descriptor descriptor_number="0" last_descriptor_number="1" language_code="ita">
        <text>Cod. 141943 - Per info, prezzi e promozioni premi il tasto Primafila. - (2016) di Gore Verbinski. Con Dane DeHaan, Jason Isaacs. Nel regno del male in un disturbante thriller gotico del premio Oscar Gore Verbinski. Un manager giunge in un centro be</text>
      </extended_event_descriptor>
      <extended_event_descriptor descriptor_number="1" last_descriptor_number="1" language_code="ita">
        <text>nessere situato sulle Alpi svizzere per riportare a casa il Ceo della sua azienda, ma rimane intrappolato nella terrificante clinica del dottor Heinrich Volmer.</text>
      </extended_event_descriptor>
      <component_descriptor stream_content="0x01" stream_content_ext="0x0F" component_type="0x01" component_tag="0xFF" language_code="   " text=""/>
      <component_descriptor stream_content="0x02" stream_content_ext="0x0F" component_type="0x03" component_tag="0xFF" language_code="ita" text=""/>
      <private_data_specifier_descriptor private_data_specifier="0x00000002"/>
      <content_descriptor>
        <content content_nibble_level_1="0" content_nibble_level_2="0" user_byte="0x00"/>
      </content_descriptor>
      <generic_descriptor tag="0xCC">
        07 FF
      </generic_descriptor>
    </event>
  </EIT>
  <SDT version="28" current="true" transport_stream_id="0x2E18" original_network_id="0x00B0" actual="false">
    <!-- PID 0x0011 (17), first TS packet: 20,832, last: 20,876 -->
    <service service_id="0x0001" EIT_schedule="true" EIT_present_following="false" CA_mode="true" running_status="running">
      <service_descriptor service_type="0x01" service_provider_name="SkyItalia" service_name="ALMAGHRIBIA"/>
      <country_availability_descriptor country_availability="true">
        <country country_code="ITA"/>
      </country_availability_descriptor>
      <private_data_specifier_descriptor private_data_specifier="0x00000002"/>
      <generic_descriptor tag="0xB2">
        1C C0 F0 02
      </generic_descriptor>
    </service>
    <service service_id="0x0004" EIT_schedule="false" EIT_present_following="false" CA_mode="true" running_status="running">
      <service_descriptor service_type="0x01" service_provider_name="SkyItalia" service_name="ARRABIAA"/>
      <country_availability_descriptor country_availability="true">
        <country country_code="ITA"/>
      </country_availability_descriptor>
      <private_data_specifier_descriptor private_data_specifier="0x00000002"/>
      <generic_descriptor tag="0xB2">
        00 4F E0 02
      </generic_descriptor>
    </service>
    <service service_id="0x0008" EIT_schedule="true" EIT_present_following="false" CA_mode="true" running_status="running">
      <service_descriptor service_type="0x01" service_provider_name="SkyItalia" service_name="Medi 1 Sat"/>
      <country_availability_descriptor country_availability="true">
        <country country_code="ITA"/>
      </country_availability_descriptor>
      <private_data_specifier_descriptor private_data_specifier="0x00000002"/>
      <generic_descriptor tag="0xB2">
        1C C0 B0 02
      </generic_descriptor>
    </service>
    <service service_id="0x000A" EIT_schedule="false" EIT_present_following="false" CA_mode="true" running_status="running">
      <service_descriptor service_type="0x01" service_provider_name="SkyItalia" service_name="ARRIADIA"/>
      <country_availability_descriptor country_availability="true">
        <country country_code="ITA"/>
      </country_availability_descriptor>
      <private_data_specifier_descriptor private_data_specifier="0x00000002"/>
      <generic_descriptor tag="0xB2">
        00 4F E0 02
      </generic_descriptor>
    </service>
    <service service_id="0x00B1" EIT_schedule="false" EIT_present_following="false" CA_mode="true" running_status="running">
      <service_descriptor service_type="0x02" service_provider_name="SkyItalia" service_name="RADIO FES"/>
      <country_availability_descriptor country_availability="true">
        <country country_code="ITA"/>
      </country_availability_descriptor>
      <private_data_specifier_descriptor private_data_specifier="0x00000002"/>
      <generic_descriptor tag="0xB2">
        00 4F E0 02
      </generic_descriptor>
    </service>
    <service service_id="0x00B2" EIT_schedule="false" EIT_present_following="false" CA_mode="true" running_status="running">
      <service_descriptor service_type="0x02" service_provider_name="SkyItalia" service_name="RADIO MARRAKECH"/>
      <country_availability_descriptor country_availability="true">
        <country country_code="ITA"/>
      </country_availability_descriptor>
      <private_data_specifier_descriptor private_data_specifier="0x00000002"/>
      <generic_descriptor tag="0xB2">
        00 4F E0 02
      </generic_descriptor>
    </service>
    <service service_id="0x00F1" EIT_schedule="false" EIT_present_following="false" CA_mode="true" running_status="running">
      <service_descriptor service_type="0x01" service_provider_name="SkyItalia" service_name="TAMAZIGHT"/>
      <country_availability_descriptor country_availability="true">
        <country country_code="ITA"/>
      </country_availability_descriptor>
      <private_data_specifier_descriptor private_data_specifier="0x00000002"/>
      <generic_descriptor tag="0xB2">
        00 4F E0 02
      </generic_descriptor>
    </service>
  </SDT>
  <EIT type="pf" version="20" current="true" actual="true" service_id="0x0BB8" transport_stream_id="0x2774" original_network_id="0xFBFF" last_table_id="0x4E">
    <!-- PID 0x0012 (18), first TS packet: 21,207, last: 21,881 -->
    <event event_id="0x9AB0" start_time="1970-01-01 00:00:00" duration="00:05:00" running_status="undefined" CA_mode="true">
      <short_event_descriptor language_code="ita">
        <event_name>Push VOD Buffer Slot</event_name>
        <text></text>
      </short_event_descriptor>
      <extended_event_descriptor descriptor_number="0" last_descriptor_number="0" language_code="ita">
        <text>...programmazione non disponibile</text>
      </extended_event_descriptor>
    </event>
    <event event_id="0x3000" start_time="1970-01-01 00:00:00" duration="00:47:30" running_status="undefined" CA_mode="true">
      <short_event_descriptor language_code="ita">
        <event_name>I 90 anni della Regina</event_name>
        <text></text>
      </short_event_descriptor>
      <extended_event_descriptor descriptor_number="0" last_descriptor_number="0" language_code="ita">
        <text>"I 90 anni della Regina" - Con interviste ai membri della famiglia reale, ripercorriamo una storia di ispirazione e dovere, la storia della regina Elisabetta II. Scopriamo i numerosi appuntamenti e impegni nell'anno del suo 90esimo compleanno.</text>
      </extended_event_descriptor>
    </event>
  </EIT>
  <SDT version="28" current="true" transport_stream_id="0x13EF" original_network_id="0x013E" actual="false">
    <!-- PID 0x0011 (17), first TS packet: 22,242, last: 22,305 -->
    <service service_id="0x0BEF" EIT_schedule="true" EIT_present_following="false" CA_mode="true" running_status="undefined">
      <service_descriptor service_type="0x04" service_provider_name="SkyItalia" service_name="REF 3055"/>
      <country_availability_descriptor country_availability="true">
        <country country_code="ITA"/>
      </country_availability_descriptor>
      <NVOD_reference_descriptor>
        <service transport_stream_id="0x1B58" original_network_id="0x013E" service_id="0x02C4"/>
        <service transport_stream_id="0x3138" original_network_id="0x013E" service_id="0x06B0"/>
        <service transport_stream_id="0x22C4" original_network_id="0x013E" service_id="0x07E1"/>
        <service transport_stream_id="0x1518" original_network_id="0x013E" service_id="0x0CE6"/>
        <service transport_stream_id="0x1518" original_network_id="0x013E" service_id="0x0CF2"/>
        <service transport_stream_id="0x33F4" original_network_id="0x013E" service_id="0x132B"/>
        <service transport_stream_id="0x1C20" original_network_id="0x013E" service_id="0x1C22"/>
        <service transport_stream_id="0x1C20" original_network_id="0x013E" service_id="0x1C38"/>
        <service transport_stream_id="0x24B8" original_network_id="0x013E" service_id="0x200B"/>
        <service transport_stream_id="0x24B8" original_network_id="0x013E" service_id="0x200C"/>
        <service transport_stream_id="0x24B8" original_network_id="0x013E" service_id="0x2010"/>
        <service transport_stream_id="0x13EF" original_network_id="0x013E" service_id="0x2529"/>
        <service transport_stream_id="0x3CF0" original_network_id="0x013E" service_id="0x29D1"/>
        <service transport_stream_id="0x2CEC" original_network_id="0x013E" service_id="0x439F"/>
        <service transport_stream_id="0x0258" original_network_id="0x013E" service_id="0x44DD"/>
      </NVOD_reference_descriptor>
      <private_data_specifier_descriptor private_data_specifier="0x00000002"/>
      <generic_descriptor tag="0xB2">
        1C 41 B0 02
      </generic_descriptor>
    </service>
    <service service_id="0x251D" EIT_schedule="true" EIT_present_following="false" CA_mode="true" running_status="running">
      <service_descriptor service_type="0x01" service_provider_name="SkyItalia" service_name="Dubai TV"/>
      <country_availability_descriptor country_availability="true">
        <country country_code="ITA"/>
      </country_availability_descriptor>
      <private_data_specifier_descriptor private_data_specifier="0x00000002"/>
      <generic_descriptor tag="0xB2">
        1C C0 F0 02
      </generic_descriptor>
    </service>
    <service service_id="0x251E" EIT_schedule="true" EIT_present_following="false" CA_mode="true" running_status="running">
      <service_descriptor service_type="0x01" service_provider_name="SkyItalia" service_name="Dubai Sport"/>
      <country_availability_descriptor country_availability="true">
        <country country_code="ITA"/>
      </country_availability_descriptor>
      <private_data_specifier_descriptor private_data_specifier="0x00000002"/>
      <generic_descriptor tag="0xB2">
        1C C0 F0 02
      </generic_descriptor>
    </service>
    <service service_id="0x251F" EIT_schedule="false" EIT_present_following="false" CA_mode="true" running_status="running">
      <service_descriptor service_type="0x01" service_provider_name="SkyItalia" service_name="SAMA DUBAI"/>
      <country_availability_descriptor country_availability="true">
        <country country_code="ITA"/>
      </country_availability_descriptor>
      <private_data_specifier_descriptor private_data_specifier="0x00000002"/>
      <generic_descriptor tag="0xB2">
        00 4F E0 02
      </generic_descriptor>
    </service>
    <service service_id="0x2526" EIT_schedule="false" EIT_present_following="false" CA_mode="true" running_status="running">
      <service_descriptor service_type="0x01" service_provider_name="SkyItalia" service_name="SHARQIYA"/>
      <country_availability_descriptor country_availability="true">
        <country country_code="ITA"/>
      </country_availability_descriptor>
      <private_data_specifier_descriptor private_data_specifier="0x00000002"/>
      <generic_descriptor tag="0xB2">
        00 4F E0 02
      </generic_descriptor>
    </service>
    <service service_id="0x2529" EIT_schedule="true" EIT_present_following="false" CA_mode="true" running_status="running">
      <time_shifted_service_descriptor reference_service_id="0x0BEF"/>
      <private_data_specifier_descriptor private_data_specifier="0x00000002"/>
      <generic_descriptor tag="0xB2">
        1C C0 B0 02
      </generic_descriptor>
      <generic_descriptor tag="0xC0">
        05 41 6C 20 41 72 61 62 69 79 61
      </generic_descriptor>
    </service>
    <service service_id="0x252C" EIT_schedule="false" EIT_present_following="false" CA_mode="true" running_status="running">
      <service_descriptor service_type="0x01" service_provider_name="SkyItalia" service_name="ME SHOP"/>
      <country_availability_descriptor country_availability="true">
        <country country_code="ITA"/>
      </country_availability_descriptor>
      <private_data_specifier_descriptor private_data_specifier="0x00000002"/>
      <generic_descriptor tag="0xB2">
        00 4F E0 02
      </generic_descriptor>
    </service>
    <service service_id="0x252D" EIT_schedule="false" EIT_present_following="false" CA_mode="true" running_status="running">
      <service_descriptor service_type="0x01" service_provider_name="SkyItalia" service_name="EZ SHOP"/>
      <country_availability_descriptor country_availability="true">
        <country country_code="ITA"/>
      </country_availability_descriptor>
      <private_data_specifier_descriptor private_data_specifier="0x00000002"/>
      <generic_descriptor tag="0xB2">
        00 4F E0 02
      </generic_descriptor>
    </service>
  </SDT>
  <SDT version="28" current="true" transport_stream_id="0x1D4D" original_network_id="0x013E" actual="false">
    <!-- PID 0x0011 (17), first TS packet: 22,342, last: 22,708 -->
    <service service_id="0x0032" EIT_schedule="false" EIT_present_following="false" CA_mode="true" running_status="running">
      <service_descriptor service_type="0x01" service_provider_name="SkyItalia" service_name="VTV/MRTV"/>
      <country_availability_descriptor country_availability="true">
        <country country_code="ITA"/>
      </country_availability_descriptor>
      <private_data_specifier_descriptor private_data_specifier="0x00000002"/>
      <generic_descriptor tag="0xB2">
        00 40 F0 02
      </generic_descriptor>
    </service>
    <service service_id="0x0033" EIT_schedule="false" EIT_present_following="false" CA_mode="true" running_status="running">
      <service_descriptor service_type="0x01" service_provider_name="SkyItalia" service_name="CNL"/>
      <country_availability_descriptor country_availability="true">
        <country country_code="ITA"/>
      </country_availability_descriptor>
      <private_data_specifier_descriptor private_data_specifier="0x00000002"/>
      <generic_descriptor tag="0xB2">
        00 40 F0 02
      </generic_descriptor>
    </service>
    <service service_id="0x0034" EIT_schedule="false" EIT_present_following="false" CA_mode="true" running_status="running">
      <service_descriptor service_type="0x01" service_provider_name="SkyItalia" service_name="ROJHELAT"/>
      <country_availability_descriptor country_availability="true">
        <country country_code="ITA"/>
      </country_availability_descriptor>
      <private_data_specifier_descriptor private_data_specifier="0x00000002"/>
      <generic_descriptor tag="0xB2">
        00 4F E0 02
      </generic_descriptor>
    </service>
    <service service_id="0x0035" EIT_schedule="false" EIT_present_following="false" CA_mode="true" running_status="running">
      <service_descriptor service_type="0x02" service_provider_name="SkyItalia" service_name="VOV RADIO"/>
      <country_availability_descriptor country_availability="true">
        <country country_code="ITA"/>
      </country_availability_descriptor>
      <private_data_specifier_descriptor private_data_specifier="0x00000002"/>
      <generic_descriptor tag="0xB2">
        00 4F E0 02
      </generic_descriptor>
    </service>
    <service service_id="0x0036" EIT_schedule="false" EIT_present_following="false" CA_mode="true" running_status="running">
      <service_descriptor service_type="0x02" service_provider_name="SkyItalia" service_name="NEO ZWEI"/>
      <country_availability_descriptor country_availability="true">
        <country country_code="ITA"/>
      </country_availability_descriptor>
      <private_data_specifier_descriptor private_data_specifier="0x00000002"/>
      <generic_descriptor tag="0xB2">
        00 4F E0 02
      </generic_descriptor>
    </service>
    <service service_id="0x0042" EIT_schedule="false" EIT_present_following="false" CA_mode="true" running_status="running">
      <service_descriptor service_type="0x02" service_provider_name="SkyItalia" service_name="Overcomer Radio"/>
      <country_availability_descriptor country_availability="true">
        <country country_code="ITA"/>
      </country_availability_descriptor>
      <private_data_specifier_descriptor private_data_specifier="0x00000002"/>
      <generic_descriptor tag="0xB2">
        00 40 F0 02
      </generic_descriptor>
    </service>
    <service service_id="0x0048" EIT_schedule="false" EIT_present_following="false" CA_mode="true" running_status="running">
      <service_descriptor service_type="0x02" service_provider_name="SkyItalia" service_name="Hornafrik Somalia"/>
      <country_availability_descriptor country_availability="true">
        <country country_code="ITA"/>
      </country_availability_descriptor>
      <private_data_specifier_descriptor private_data_specifier="0x00000002"/>
      <generic_descriptor tag="0xB2">
        00 40 F0 02
      </generic_descriptor>
    </service>
    <service service_id="0x0050" EIT_schedule="false" EIT_present_following="false" CA_mode="true" running_status="running">
      <service_descriptor service_type="0x02" service_provider_name="SkyItalia" service_name="3ABN RADIO"/>
      <country_availability_descriptor country_availability="true">
        <country country_code="ITA"/>
      </country_availability_descriptor>
      <private_data_specifier_descriptor private_data_specifier="0x00000002"/>
      <generic_descriptor tag="0xB2">
        00 4F E0 02
      </generic_descriptor>
    </service>
    <service service_id="0x0052" EIT_schedule="false" EIT_present_following="false" CA_mode="true" running_status="running">
      <service_descriptor service_type="0x02" service_provider_name="SkyItalia" service_name="TGN Radio"/>
      <country_availability_descriptor country_availability="true">
        <country country_code="ITA"/>
      </country_availability_descriptor>
      <private_data_specifier_descriptor private_data_specifier="0x00000002"/>
      <generic_descriptor tag="0xB2">
        00 40 F0 02
      </generic_descriptor>
    </service>
    <service service_id="0x0074" EIT_schedule="false" EIT_present_following="false" CA_mode="true" running_status="running">
      <service_descriptor service_type="0x01" service_provider_name="SkyItalia" service_name="KURDSAT"/>
      <country_availability_descriptor country_availability="true">
        <country country_code="ITA"/>
      </country_availability_descriptor>
      <private_data_specifier_descriptor private_data_specifier="0x00000002"/>
      <generic_descriptor tag="0xB2">
        00 4F E0 02
      </generic_descriptor>
    </service>
    <service service_id="0x0081" EIT_schedule="false" EIT_present_following="false" CA_mode="true" running_status="running">
      <service_descriptor service_type="0x02" service_provider_name="SkyItalia" service_name="SWISS MUSIC"/>
      <country_availability_descriptor country_availability="true">
        <country country_code="ITA"/>
      </country_availability_descriptor>
      <private_data_specifier_descriptor private_data_specifier="0x00000002"/>
      <generic_descriptor tag="0xB2">
        00 4F E0 02
      </generic_descriptor>
    </service>
    <service service_id="0x0082" EIT_schedule="false" EIT_present_following="false" CA_mode="true" running_status="running">
      <service_descriptor service_type="0x01" service_provider_name="SkyItalia" service_name="FREE-XTV 2"/>
      <country_availability_descriptor country_availability="true">
        <country country_code="ITA"/>
      </country_availability_descriptor>
      <private_data_specifier_descriptor private_data_specifier="0x00000002"/>
      <generic_descriptor tag="0xB2">
        00 40 F0 02
      </generic_descriptor>
    </service>
    <service service_id="0x0086" EIT_schedule="false" EIT_present_following="false" CA_mode="true" running_status="running">
      <service_descriptor service_type="0x02" service_provider_name="SkyItalia" service_name="Free-X TV"/>
      <country_availability_descriptor country_availability="true">
        <country country_code="ITA"/>
      </country_availability_descriptor>
      <private_data_specifier_descriptor private_data_specifier="0x00000002"/>
      <generic_descriptor tag="0xB2">
        00 40 F0 02
      </generic_descriptor>
    </service>
    <service service_id="0x0087" EIT_schedule="false" EIT_present_following="false" CA_mode="true" running_status="running">
      <service_descriptor service_type="0x01" service_provider_name="SkyItalia" service_name="IPN TV"/>
      <country_availability_descriptor country_availability="true">
        <country country_code="ITA"/>
      </country_availability_descriptor>
      <private_data_specifier_descriptor private_data_specifier="0x00000002"/>
      <generic_descriptor tag="0xB2">
        00 4F E0 02
      </generic_descriptor>
    </service>
  </SDT>
  <SDT version="30" current="true" transport_stream_id="0x2F44" original_network_id="0x013E" actual="false">
    <!-- PID 0x0011 (17), first TS packet: 23,525, last: 23,531 -->
    <service service_id="0x0021" EIT_schedule="true" EIT_present_following="false" CA_mode="true" running_status="running">
      <service_descriptor service_type="0x01" service_provider_name="SkyItalia" service_name="Telemarket 2"/>
      <country_availability_descriptor country_availability="true">
        <country country_code="ITA"/>
      </country_availability_descriptor>
      <private_data_specifier_descriptor private_data_specifier="0x00000002"/>
      <generic_descriptor tag="0xB2">
        1C C0 F0 02
      </generic_descriptor>
    </service>
    <service service_id="0x06C3" EIT_schedule="true" EIT_present_following="false" CA_mode="true" running_status="running">
      <service_descriptor service_type="0x19" service_provider_name="SkyItalia" service_name="HSE24 HD"/>
      <country_availability_descriptor country_availability="true">
        <country country_code="ITA"/>
      </country_availability_descriptor>
      <private_data_specifier_descriptor private_data_specifier="0x00000002"/>
      <generic_descriptor tag="0xB2">
        1C C0 F0 02
      </generic_descriptor>
    </service>
    <service service_id="0x06E0" EIT_schedule="true" EIT_present_following="false" CA_mode="true" running_status="running">
      <service_descriptor service_type="0x01" service_provider_name="SkyItalia" service_name="Pescare e Cacciare TV"/>
      <country_availability_descriptor country_availability="true">
        <country country_code="ITA"/>
      </country_availability_descriptor>
      <private_data_specifier_descriptor private_data_specifier="0x00000002"/>
      <generic_descriptor tag="0xB2">
        1C C0 F0 02
      </generic_descriptor>
    </service>
    <service service_id="0x4236" EIT_schedule="true" EIT_present_following="false" CA_mode="true" running_status="running">
      <service_descriptor service_type="0x01" service_provider_name="SkyItalia" service_name="Fight Network Italia"/>
      <country_availability_descriptor country_availability="true">
        <country country_code="ITA"/>
      </country_availability_descriptor>
      <private_data_specifier_descriptor private_data_specifier="0x00000002"/>
      <generic_descriptor tag="0xB2">
        1C C0 F0 02
      </generic_descriptor>
    </service>
  </SDT>
  <EIT type="pf" version="7" current="true" actual="true" service_id="0x2D62" transport_stream_id="0x2774" original_network_id="0xFBFF" last_table_id="0x4E">
    <!-- PID 0x0012 (18), first TS packet: 19,465, last: 23,607 -->
    <event event_id="0x0012" start_time="2017-08-23 08:00:00" duration="05:00:00" running_status="running" CA_mode="true">
      <short_event_descriptor language_code="ita">
        <event_name>WWE - SummerSlam</event_name>
        <text></text>
      </short_event_descriptor>
      <extended_event_descriptor descriptor_number="0" last_descriptor_number="0" language_code="ita">
        <text>WWE - SummerSlam. In diretta la notte tra domenica 20/08 e lunedì 21/08 alle ore 01:00. Repliche dal 21/08 al 24/08 alle ore 10-15-20 (Cod. 747474 - Euro 14,90), anche on demand.</text>
      </extended_event_descriptor>
      <parental_rating_descriptor>
        <country country_code="ITA" rating="0x0B"/>
      </parental_rating_descriptor>
      <component_descriptor stream_content="0x01" stream_content_ext="0x0F" component_type="0x01" component_tag="0xFF" language_code="   " text=""/>
      <component_descriptor stream_content="0x02" stream_content_ext="0x0F" component_type="0x03" component_tag="0xFF" language_code="ita" text=""/>
      <private_data_specifier_descriptor private_data_specifier="0x00000002"/>
      <content_descriptor>
        <content content_nibble_level_1="0" content_nibble_level_2="0" user_byte="0xC0"/>
      </content_descriptor>
      <generic_descriptor tag="0xCC">
        13 FF
      </generic_descriptor>
      <generic_descriptor tag="0xC5">
        FF F1 09 19 00 00 04 00 95 90 93 C0 02 0C F3 07
        76 3E 87 A1 5B 3B 2C 48 F3 F1 E9 43 55 BD 90 0B
        93 F7 9D B5 B5 10 C0 95 CB 5B 97 A7 1C FD AB D0
        23 9B 3F 56 AA 83 3E 1C AF 42 51 41 3A B8 DA B4
        06 33 87 2E 87 3D 7B 63 25 CE DB 90 A9 19 1C 83
        A2 D1 A9 0F 03 21 A9 AB 86 3D 38 D2 A3 A2 96 27
        3C 30 5F 40 F5 6F 45 4A B3 04 DC DE A0 B7 04 28
        8D B7 90 A0 92 BD C6 69 F4 02 3D 7D BC 32 79 2A
        37 D2 DF B3 D5 A0 9B 8C 88 E7 7E 67 11 84 F8 61
        62 B3 53 D4 00 9F 07 E0 58 07 55 1F 8B F8
      </generic_descriptor>
      <generic_descriptor tag="0xC5">
        FF F1 09 3B 00 00 04 00 95 90 93 C0 02 84 D3 24
        69 BC D0 44 BA 79 A6 EC 5D 92 63 7C 45 1C EC 01
        F7 0D 37 E4 2B B8 C3 94 D3 EF C5 AE 2F 91 59 1B
        EB E9 AC 7E B3 1F 1A FA 13 7A 08 18 BA AA 88 1A
        2C 0E 46 0D 01 CA 80 D9 E1 D1 48 96 C9 A4 77 D8
        B9 E5 45 4A 7D CD 83 4B DF D7 BF 29 A3 5C 77 AD
        54 45 45 9B 46 FA C6 07 44 2B 59 2D BB C5 B4 23
        48 FF 19 06 6D 6E D6 EF F8 C3 A1 BE B6 32 FF 97
        2D 32 45 57 44 5D 8A DC FF 3A 58 78 21 D3 20 8F
        18 C0 3F 8D 63 6B 99 4F FA 8B 09 B3 CA DD
      </generic_descriptor>
      <generic_descriptor tag="0xC5">
        FF F1 09 CD 00 00 04 00 95 90 93 C8 04 23 0A CF
        94 6A EE F1 64 6A E7 FA 71 33 AD E6 81 4D C7 9B
        0E A3 FB 55 2D A3 1E 0D 8D B4 47 96 81 F8 14 CD
        96 A9 70 A2 E3 E1 28 27 4C 45 6F 95 C9 F9 62 9D
        E0 8E C0 44 58 B7 3E B5 AA 41 6C F3 C3 0C 37 C8
        3A 75 D5 C2 C6 35 A3 4E F1 1F FD FE 5E BC A9 DD
        67 4D 5F EE 77 73 11 D3 91 1B 5A A6 9E 99 27 15
        95 C3 69 C1 10 3E 9D 00 92 22 36 45 67 29 C2 AE
        6B 90 B7 56 CF E2 81 DF 42 CC 8E D7 4A B4 9C 41
        B3 E1 B5 42 B9 DC 63 FE 51 D7 E6 D2 CE 2C
      </generic_descriptor>
    </event>
    <event event_id="0x000E" start_time="2017-08-23 13:00:00" duration="05:00:00" running_status="not-running" CA_mode="true">
      <short_event_descriptor language_code="ita">
        <event_name>WWE - SummerSlam</event_name>
        <text></text>
      </short_event_descriptor>
      <extended_event_descriptor descriptor_number="0" last_descriptor_number="0" language_code="ita">
        <text>WWE - SummerSlam. In diretta la notte tra domenica 20/08 e lunedì 21/08 alle ore 01:00. Repliche dal 21/08 al 24/08 alle ore 10-15-20 (Cod. 747474 - Euro 14,90), anche on demand.</text>
      </extended_event_descriptor>
      <parental_rating_descriptor>
        <country country_code="ITA" rating="0x0B"/>
      </parental_rating_descriptor>
      <component_descriptor stream_content="0x01" stream_content_ext="0x0F" component_type="0x01" component_tag="0xFF" language_code="   " text=""/>
      <component_descriptor stream_content="0x02" stream_content_ext="0x0F" component_type="0x03" component_tag="0xFF" language_code="ita" text=""/>
      <private_data_specifier_descriptor private_data_specifier="0x00000002"/>
      <content_descriptor>
        <content content_nibble_level_1="0" content_nibble_level_2="0" user_byte="0xC0"/>
      </content_descriptor>
      <generic_descriptor tag="0xCC">
        13 FF
      </generic_descriptor>
      <generic_descriptor tag="0xC5">
        FF F1 09 19 00 00 04 00 8B 90 89 C0 02 70 09 66
        DD F5 97 7E 14 6B 23 D3 01 F7 5D 4D 93 CE 3F 6F
        FB C0 D5 BD 06 2A EC 8F D9 EB 5E 89 4B 4D 1B 22
        B3 1B 48 3F 64 0E 42 A4 F1 3C F8 BD CC 88 F1 67
        E9 2E A2 EF 2B 21 D7 D1 75 4B 28 88 B6 0E 09 9A
        CD F2 83 57 AE 30 AF 11 8D 29 31 92 A1 3F 4E 6C
        A7 AA 1C 18 6F B6 BF A9 B5 A8 EB 93 58 40 86 28
        15 05 B9 CF D9 C1 4E A5 2E 21 16 F0 C5 58 89 34
        A1 17 3C 21 C3 FA 86 E1 AB DD BB CA 78 8F 9F 83
        7C 35 AA 9B
      </generic_descriptor>
      <generic_descriptor tag="0xC5">
        FF F1 09 3B 00 00 04 00 8B 90 89 C0 02 9B A9 6D
        2D D7 75 C2 19 DE 60 7E C9 37 6C 12 A7 C9 53 9B
        1B D6 58 F5 10 A7 59 75 B8 38 B5 8B 10 6F DD CA
        B6 C0 91 BE 59 9E 15 F0 B4 B0 DD D3 CB 8D 28 5F
        79 54 08 3B 58 06 AF 56 12 4A D1 61 77 63 3B 61
        04 DF 30 4B BD 09 39 FB E8 D9 FD B2 BB 6B 69 9F
        7F 40 BC B6 BC 95 1D EC 84 2A 3E 87 DB 3F 6F F9
        BF 70 29 A6 6A DC 57 47 D2 9F 94 7A EC 0F 20 97
        E5 2C C5 1C CD 7C D4 40 E0 F4 94 0D C5 A2 C7 7E
        0B A8 10 A5
      </generic_descriptor>
      <generic_descriptor tag="0xC5">
        FF F1 09 CD 00 00 04 00 8B 90 89 C8 04 46 30 80
        3C 54 4F 6F BA 78 DD B0 70 DB 9D 47 FB 75 24 7A
        96 72 49 5B 64 0D A6 79 68 B1 BA F5 A5 C1 01 9D
        10 EC 28 72 AD D3 A3 C5 E0 03 B0 FF 4B 6D 94 1D
        A6 C5 C2 71 A7 F0 71 D8 C9 56 C8 CF 42 E3 A6 A4
        01 F2 71 C2 78 21 2A 23 C1 A5 A1 BC 68 C5 3D 43
        6E C5 51 57 DD BB 6F 2C E9 B5 94 F4 75 8E 00 BA
        31 9E 92 18 10 96 86 C3 07 0D 76 1A D4 6C 8F DC
        C2 71 8A 97 0C 38 B7 43 E3 6D 07 A1 9D B9 E5 92
        39 39 70 81
      </generic_descriptor>
    </event>
  </EIT>
  <EIT type="pf" version="11" current="true" actual="true" service_id="0x2D56" transport_stream_id="0x2774" original_network_id="0xFBFF" last_table_id="0x4E">
    <!-- PID 0x0012 (18), first TS packet: 22,249, last: 24,333 -->
    <event event_id="0x0013" start_time="2017-08-23 04:00:00" duration="12:00:00" running_status="running" CA_mode="true">
      <short_event_descriptor language_code="ita">
        <event_name>Sky Calcio</event_name>
        <text></text>
      </short_event_descriptor>
      <extended_event_descriptor descriptor_number="0" last_descriptor_number="0" language_code="ita">
        <text>Prossimamente campionato italiano di serie A,Serie B e calcio internazionale.</text>
      </extended_event_descriptor>
      <component_descriptor stream_content="0x01" stream_content_ext="0x0F" component_type="0x01" component_tag="0xFF" language_code="   " text=""/>
      <component_descriptor stream_content="0x02" stream_content_ext="0x0F" component_type="0x03" component_tag="0xFF" language_code="ita" text=""/>
      <private_data_specifier_descriptor private_data_specifier="0x00000002"/>
      <content_descriptor>
        <content content_nibble_level_1="0" content_nibble_level_2="0" user_byte="0x00"/>
      </content_descriptor>
      <generic_descriptor tag="0xCC">
        07 FF
      </generic_descriptor>
    </event>
    <event event_id="0x0014" start_time="2017-08-23 16:00:00" duration="12:00:00" running_status="not-running" CA_mode="true">
      <short_event_descriptor language_code="ita">
        <event_name>Sky Calcio</event_name>
        <text></text>
      </short_event_descriptor>
      <extended_event_descriptor descriptor_number="0" last_descriptor_number="0" language_code="ita">
        <text>Prossimamente campionato italiano di serie A,Serie B e calcio internazionale.</text>
      </extended_event_descriptor>
      <component_descriptor stream_content="0x01" stream_content_ext="0x0F" component_type="0x01" component_tag="0xFF" language_code="   " text=""/>
      <component_descriptor stream_content="0x02" stream_content_ext="0x0F" component_type="0x03" component_tag="0xFF" language_code="ita" text=""/>
      <private_data_specifier_descriptor private_data_specifier="0x00000002"/>
      <content_descriptor>
        <content content_nibble_level_1="0" content_nibble_level_2="0" user_byte="0x00"/>
      </content_descriptor>
      <generic_descriptor tag="0xCC">
        07 FF
      </generic_descriptor>
    </event>
  </EIT>
  <SDT version="28" current="true" transport_stream_id="0x1450" original_network_id="0x013E" actual="false">
    <!-- PID 0x0011 (17), first TS packet: 24,449, last: 24,449 -->
    <service service_id="0x0D52" EIT_schedule="true" EIT_present_following="false" CA_mode="true" running_status="running">
      <service_descriptor service_type="0x01" service_provider_name="SkyItalia" service_name="RAI 4"/>
      <country_availability_descriptor country_availability="true">
        <country country_code="ITA"/>
      </country_availability_descriptor>
      <private_data_specifier_descriptor private_data_specifier="0x00000002"/>
      <generic_descriptor tag="0xB2">
        1C C0 F0 02
      </generic_descriptor>
    </service>
  </SDT>
  <EIT type="pf" version="27" current="true" actual="true" service_id="0x2D48" transport_stream_id="0x2774" original_network_id="0xFBFF" last_table_id="0x4E">
    <!-- PID 0x0012 (18), first TS packet: 23,954, last: 25,011 -->
    <event event_id="0x000D" start_time="2017-08-23 10:00:00" duration="06:00:00" running_status="running" CA_mode="true">
      <short_event_descriptor language_code="ita">
        <event_name>test</event_name>
        <text></text>
      </short_event_descriptor>
      <extended_event_descriptor descriptor_number="0" last_descriptor_number="0" language_code="ita">
        <text>test</text>
      </extended_event_descriptor>
      <component_descriptor stream_content="0x01" stream_content_ext="0x0F" component_type="0x01" component_tag="0xFF" language_code="   " text=""/>
      <component_descriptor stream_content="0x02" stream_content_ext="0x0F" component_type="0x03" component_tag="0xFF" language_code="ita" text=""/>
      <private_data_specifier_descriptor private_data_specifier="0x00000002"/>
      <content_descriptor>
        <content content_nibble_level_1="0" content_nibble_level_2="0" user_byte="0x00"/>
      </content_descriptor>
      <generic_descriptor tag="0xCC">
        0B FF
      </generic_descriptor>
    </event>
    <event event_id="0x000E" start_time="2017-08-23 16:00:00" duration="06:00:00" running_status="not-running" CA_mode="true">
      <short_event_descriptor language_code="ita">
        <event_name>test</event_name>
        <text></text>
      </short_event_descriptor>
      <extended_event_descriptor descriptor_number="0" last_descriptor_number="0" language_code="ita">
        <text>test</text>
      </extended_event_descriptor>
      <component_descriptor stream_content="0x01" stream_content_ext="0x0F" component_type="0x01" component_tag="0xFF" language_code="   " text=""/>
      <component_descriptor stream_content="0x02" stream_content_ext="0x0F" component_type="0x03" component_tag="0xFF" language_code="ita" text=""/>
      <private_data_specifier_descriptor private_data_specifier="0x00000002"/>
      <content_descriptor>
        <content content_nibble_level_1="0" content_nibble_level_2="0" user_byte="0x00"/>
      </content_descriptor>
      <generic_descriptor tag="0xCC">
        0B FF
      </generic_descriptor>
    </event>
  </EIT>
  <SDT version="28" current="true" transport_stream_id="0x2FA8" original_network_id="0x013E" actual="false">
    <!-- PID 0x0011 (17), first TS packet: 26,866, last: 26,871 -->
    <service service_id="0x0BEA" EIT_schedule="true" EIT_present_following="false" CA_mode="true" running_status="undefined">
      <service_descriptor service_type="0x04" service_provider_name="SkyItalia" service_name="REF 3050"/>
      <country_availability_descriptor country_availability="true">
        <country country_code="ITA"/>
      </country_availability_descriptor>
      <NVOD_reference_descriptor>
        <service transport_stream_id="0x02BC" original_network_id="0x013E" service_id="0x000C"/>
        <service transport_stream_id="0x2FA8" original_network_id="0x013E" service_id="0x1D26"/>
        <service transport_stream_id="0x1388" original_network_id="0x013E" service_id="0x35D4"/>
        <service transport_stream_id="0x2CEC" original_network_id="0x013E" service_id="0x43DD"/>
      </NVOD_reference_descriptor>
      <private_data_specifier_descriptor private_data_specifier="0x00000002"/>
      <generic_descriptor tag="0xB2">
        1C C1 F0 02
      </generic_descriptor>
    </service>
    <service service_id="0x1CEA" EIT_schedule="false" EIT_present_following="false" CA_mode="true" running_status="running">
      <service_descriptor service_type="0x01" service_provider_name="SkyItalia" service_name="NOURSAT"/>
      <country_availability_descriptor country_availability="true">
        <country country_code="ITA"/>
      </country_availability_descriptor>
      <private_data_specifier_descriptor private_data_specifier="0x00000002"/>
      <generic_descriptor tag="0xB2">
        00 4F E0 02
      </generic_descriptor>
    </service>
    <service service_id="0x1D1C" EIT_schedule="false" EIT_present_following="false" CA_mode="true" running_status="running">
      <service_descriptor service_type="0x01" service_provider_name="SkyItalia" service_name="ANB"/>
      <country_availability_descriptor country_availability="true">
        <country country_code="ITA"/>
      </country_availability_descriptor>
      <private_data_specifier_descriptor private_data_specifier="0x00000002"/>
      <generic_descriptor tag="0xB2">
        00 4F E0 02
      </generic_descriptor>
    </service>
    <service service_id="0x1D20" EIT_schedule="false" EIT_present_following="false" CA_mode="true" running_status="running">
      <service_descriptor service_type="0x01" service_provider_name="SkyItalia" service_name="AL HIWAR TV"/>
      <country_availability_descriptor country_availability="true">
        <country country_code="ITA"/>
      </country_availability_descriptor>
      <private_data_specifier_descriptor private_data_specifier="0x00000002"/>
      <generic_descriptor tag="0xB2">
        00 4F E0 02
      </generic_descriptor>
    </service>
    <service service_id="0x1D23" EIT_schedule="false" EIT_present_following="false" CA_mode="true" running_status="running">
      <service_descriptor service_type="0x01" service_provider_name="SkyItalia" service_name="DMC TV"/>
      <country_availability_descriptor country_availability="true">
        <country country_code="ITA"/>
      </country_availability_descriptor>
      <private_data_specifier_descriptor private_data_specifier="0x00000002"/>
      <generic_descriptor tag="0xB2">
        00 4F E0 02
      </generic_descriptor>
    </service>
    <service service_id="0x1D24" EIT_schedule="false" EIT_present_following="false" CA_mode="true" running_status="running">
      <service_descriptor service_type="0x01" service_provider_name="SkyItalia" service_name="MIRACLE TV"/>
      <country_availability_descriptor country_availability="true">
        <country country_code="ITA"/>
      </country_availability_descriptor>
      <private_data_specifier_descriptor private_data_specifier="0x00000002"/>
      <generic_descriptor tag="0xB2">
        00 4F E0 02
      </generic_descriptor>
    </service>
    <service service_id="0x1D26" EIT_schedule="true" EIT_present_following="false" CA_mode="true" running_status="running">
      <time_shifted_service_descriptor reference_service_id="0x0BEA"/>
      <private_data_specifier_descriptor private_data_specifier="0x00000002"/>
      <generic_descriptor tag="0xB2">
        1C C0 F0 02
      </generic_descriptor>
      <generic_descriptor tag="0xC0">
        05 45 57 54 4E
      </generic_descriptor>
    </service>
    <service service_id="0x1D27" EIT_schedule="true" EIT_present_following="false" CA_mode="true" running_status="running">
      <service_descriptor service_type="0x01" service_provider_name="SkyItalia" service_name="CNBC"/>
      <country_availability_descriptor country_availability="true">
        <country country_code="ITA"/>
      </country_availability_descriptor>
      <private_data_specifier_descriptor private_data_specifier="0x00000002"/>
      <generic_descriptor tag="0xB2">
        1C 40 B0 02
      </generic_descriptor>
    </service>
    <service service_id="0x1D29" EIT_schedule="false" EIT_present_following="false" CA_mode="true" running_status="running">
      <service_descriptor service_type="0x01" service_provider_name="SkyItalia" service_name="AL FORAT RADIO"/>
      <country_availability_descriptor country_availability="true">
        <country country_code="ITA"/>
      </country_availability_descriptor>
      <private_data_specifier_descriptor private_data_specifier="0x00000002"/>
      <generic_descriptor tag="0xB2">
        00 4F E0 02
      </generic_descriptor>
    </service>
    <service service_id="0x1D2E" EIT_schedule="false" EIT_present_following="false" CA_mode="true" running_status="running">
      <service_descriptor service_type="0x01" service_provider_name="SkyItalia" service_name="SAT 7 PARS"/>
      <country_availability_descriptor country_availability="true">
        <country country_code="ITA"/>
      </country_availability_descriptor>
      <private_data_specifier_descriptor private_data_specifier="0x00000002"/>
      <generic_descriptor tag="0xB2">
        00 4F E0 02
      </generic_descriptor>
    </service>
    <service service_id="0x1D2F" EIT_schedule="false" EIT_present_following="false" CA_mode="true" running_status="running">
      <service_descriptor service_type="0x01" service_provider_name="SkyItalia" service_name="SAT 7 KIDS"/>
      <country_availability_descriptor country_availability="true">
        <country country_code="ITA"/>
      </country_availability_descriptor>
      <private_data_specifier_descriptor private_data_specifier="0x00000002"/>
      <generic_descriptor tag="0xB2">
        00 4F E0 02
      </generic_descriptor>
    </service>
  </SDT>
  <EIT type="pf" version="11" current="true" actual="true" service_id="0x2D63" transport_stream_id="0x2774" original_network_id="0xFBFF" last_table_id="0x4E">
    <!-- PID 0x0012 (18), first TS packet: 24,659, last: 27,054 -->
    <event event_id="0x0013" start_time="2017-08-23 04:00:00" duration="12:00:00" running_status="running" CA_mode="true">
      <short_event_descriptor language_code="ita">
        <event_name>Sky Calcio</event_name>
        <text></text>
      </short_event_descriptor>
      <extended_event_descriptor descriptor_number="0" last_descriptor_number="0" language_code="ita">
        <text>Prossimamente campionato italiano di serie A,Serie B e calcio internazionale.</text>
      </extended_event_descriptor>
      <component_descriptor stream_content="0x01" stream_content_ext="0x0F" component_type="0x01" component_tag="0xFF" language_code="   " text=""/>
      <component_descriptor stream_content="0x02" stream_content_ext="0x0F" component_type="0x03" component_tag="0xFF" language_code="ita" text=""/>
      <private_data_specifier_descriptor private_data_specifier="0x00000002"/>
      <content_descriptor>
        <content content_nibble_level_1="0" content_nibble_level_2="0" user_byte="0x00"/>
      </content_descriptor>
      <generic_descriptor tag="0xCC">
        07 FF
      </generic_descriptor>
    </event>
    <event event_id="0x0014" start_time="2017-08-23 16:00:00" duration="12:00:00" running_status="not-running" CA_mode="true">
      <short_event_descriptor language_code="ita">
        <event_name>Sky Calcio</event_name>
        <text></text>
      </short_event_descriptor>
      <extended_event_descriptor descriptor_number="0" last_descriptor_number="0" language_code="ita">
        <text>Prossimamente campionato italiano di serie A,Serie B e calcio internazionale.</text>
      </extended_event_descriptor>
      <component_descriptor stream_content="0x01" stream_content_ext="0x0F" component_type="0x01" component_tag="0xFF" language_code="   " text=""/>
      <component_descriptor stream_content="0x02" stream_content_ext="0x0F" component_type="0x03" component_tag="0xFF" language_code="ita" text=""/>
      <private_data_specifier_descriptor private_data_specifier="0x00000002"/>
      <content_descriptor>
        <content content_nibble_level_1="0" content_nibble_level_2="0" user_byte="0x00"/>
      </content_descriptor>
      <generic_descriptor tag="0xCC">
        07 FF
      </generic_descriptor>
    </event>
  </EIT>
  <EIT type="pf" version="5" current="true" actual="true" service_id="0x2D4D" transport_stream_id="0x2774" original_network_id="0xFBFF" last_table_id="0x4E">
    <!-- PID 0x0012 (18), first TS packet: 583, last: 28,105 -->
    <event event_id="0x0030" start_time="2017-08-23 10:35:00" duration="00:50:00" running_status="running" CA_mode="true">
      <short_event_descriptor language_code="ita">
        <event_name>The Shield</event_name>
        <text></text>
      </short_event_descriptor>
      <extended_event_descriptor descriptor_number="0" last_descriptor_number="1" language_code="ita">
        <text>6' Stagione Ep.2 - Due Golden Globe alla serie sulle vicende di un distretto di Polizia di Los Angeles. I detective trovano le prove della colpevolezza di Vic che Kavanaugh ha disseminato ad arte, ma qualcuno mangia la foglia... Prossimo Ep. Mer 23</text>
      </extended_event_descriptor>
      <extended_event_descriptor descriptor_number="1" last_descriptor_number="1" language_code="ita">
        <text> AGO 12:25.</text>
      </extended_event_descriptor>
      <parental_rating_descriptor>
        <country country_code="ITA" rating="0x0B"/>
      </parental_rating_descriptor>
      <component_descriptor stream_content="0x01" stream_content_ext="0x0F" component_type="0x01" component_tag="0xFF" language_code="   " text=""/>
      <component_descriptor stream_content="0x02" stream_content_ext="0x0F" component_type="0x03" component_tag="0xFF" language_code="ita" text=""/>
      <private_data_specifier_descriptor private_data_specifier="0x00000002"/>
      <content_descriptor>
        <content content_nibble_level_1="0" content_nibble_level_2="0" user_byte="0x00"/>
      </content_descriptor>
      <generic_descriptor tag="0xCC">
        13 FF
      </generic_descriptor>
      <generic_descriptor tag="0xB4">
        02 08 00 60 E2 85 48 A8 05 DC 06 44 21 02 D6 3D
        5F AC B6 A6 D2 D8 6B CD 80 B5 8F 6F 85
      </generic_descriptor>
    </event>
    <event event_id="0x0038" start_time="2017-08-23 11:25:00" duration="00:50:00" running_status="not-running" CA_mode="true">
      <short_event_descriptor language_code="ita">
        <event_name>The Shield</event_name>
        <text></text>
      </short_event_descriptor>
      <extended_event_descriptor descriptor_number="0" last_descriptor_number="1" language_code="ita">
        <text>6' Stagione Ep.3 - Due Golden Globe alla serie sulle vicende di un distretto di Polizia di Los Angeles. Vic cattura Guardo e cerca di fargli confessare l'omicidio di Lem, per poter dimostrare la propria innocenza. Prossimo Ep. Gio 24 AGO 12:10. Rep</text>
      </extended_event_descriptor>
      <extended_event_descriptor descriptor_number="1" last_descriptor_number="1" language_code="ita">
        <text>lica Ep. Mer 23 AGO 17:40</text>
      </extended_event_descriptor>
      <parental_rating_descriptor>
        <country country_code="ITA" rating="0x0B"/>
      </parental_rating_descriptor>
      <component_descriptor stream_content="0x01" stream_content_ext="0x0F" component_type="0x01" component_tag="0xFF" language_code="   " text=""/>
      <component_descriptor stream_content="0x02" stream_content_ext="0x0F" component_type="0x03" component_tag="0xFF" language_code="ita" text=""/>
      <private_data_specifier_descriptor private_data_specifier="0x00000002"/>
      <content_descriptor>
        <content content_nibble_level_1="0" content_nibble_level_2="0" user_byte="0x00"/>
      </content_descriptor>
      <generic_descriptor tag="0xCC">
        13 FF
      </generic_descriptor>
      <generic_descriptor tag="0xB4">
        02 08 00 53 E2 85 4E 84 07 08 06 44 21 02 D6 3D
        5F AC B6 A6 D2 D8 6B CD 80 B5 8F 6F 85
      </generic_descriptor>
    </event>
  </EIT>
  <EIT type="pf" version="29" current="true" actual="true" service_id="0x2D57" transport_stream_id="0x2774" original_network_id="0xFBFF" last_table_id="0x4E">
    <!-- PID 0x0012 (18), first TS packet: 25,341, last: 29,147 -->
    <event event_id="0x00BA" start_time="2017-08-23 09:30:00" duration="01:41:34" running_status="running" CA_mode="true">
      <short_event_descriptor language_code="ita">
        <event_name>17 anni (E come uscirne vivi)</event_name>
        <text></text>
      </short_event_descriptor>
      <extended_event_descriptor descriptor_number="0" last_descriptor_number="1" language_code="ita">
        <text>Cod. 141852 - Per info, prezzi e promozioni premi il tasto Primafila. - (2016) di Kelly Fremon Craig. Con Hailee Steinfeld, Woody Harrelson. Le complicazioni dell'adolescenza in un ironico teen movie con Hailee Steinfeld e Woody Harrelson, dal prod</text>
      </extended_event_descriptor>
      <extended_event_descriptor descriptor_number="1" last_descriptor_number="1" language_code="ita">
        <text>uttore de "I Simpson". Tradita dalla sua migliore amica, Nadine entra in crisi, ma fra buffi imprevisti e i consigli di un professore, troverΩ il modo di reagire.</text>
      </extended_event_descriptor>
      <parental_rating_descriptor>
        <country country_code="ITA" rating="0x09"/>
      </parental_rating_descriptor>
      <component_descriptor stream_content="0x01" stream_content_ext="0x0F" component_type="0x01" component_tag="0xFF" language_code="   " text=""/>
      <component_descriptor stream_content="0x02" stream_content_ext="0x0F" component_type="0x03" component_tag="0xFF" language_code="ita" text=""/>
      <private_data_specifier_descriptor private_data_specifier="0x00000002"/>
      <content_descriptor>
        <content content_nibble_level_1="0" content_nibble_level_2="0" user_byte="0xC0"/>
      </content_descriptor>
      <generic_descriptor tag="0xCC">
        0F FF
      </generic_descriptor>
      <generic_descriptor tag="0xC5">
        FF F1 09 19 00 00 04 00 6C 90 6A C0 02 E5 7B 16
        93 DD ED DE D0 39 84 E9 F7 FD 8A 96 C5 7E 92 6D
        3B A6 0A 97 BA 65 F7 2F 7F A1 19 15 8B 9B CE 7E
        BB F2 7D 10 C7 99 7A 87 94 A3 94 40 B8 0C 81 47
        64 E8 CD 1A CD C3 3B EA EF 9E 13 79 61 88 81 42
        67 9B D9 85 20 A9 17 AF D2 0F 0A 08 2E 57 33 3F
        BB FB 5C 80 22 E2 B2 CB 9D A5 81 B3 F1 4F DD 34
        70 D3 72 90 CE
      </generic_descriptor>
      <generic_descriptor tag="0xC5">
        FF F1 09 3B 00 00 04 00 6C 90 6A C0 02 EF FA F8
        25 74 17 B4 9C A6 EB 6D 72 DE 7F B3 4E 32 0D EE
        5D 70 E2 F6 3C FA 9D ED BC 22 4C D2 9A B8 32 EA
        FC BA 8F B3 76 46 01 63 6F F3 42 ED 22 72 D9 C1
        FA C3 1A 8B F1 AA C7 2F 0A A6 2B 7C 38 BA B2 9C
        F0 00 FF DC D5 20 4F 62 33 4C EF 08 E6 E7 C0 52
        3C AC 2F 66 3D F0 53 36 3E E0 76 90 CB 50 4A E1
        9E 40 F4 DF 91
      </generic_descriptor>
      <generic_descriptor tag="0xC5">
        FF F1 09 CD 00 00 04 00 6C 90 6A C8 04 35 8B BB
        F0 79 F8 DA 9B 33 08 4E 4A D7 83 7F A1 FB F9 67
        08 57 46 1F AD 14 A6 75 08 B4 AB 70 4A 36 0B A4
        75 83 93 45 69 47 13 93 C4 2D C8 01 49 E2 34 43
        8A 2A 5A 3C 1E DF 03 8A 0F 56 C9 15 96 5E C6 1B
        6B 86 4F 81 13 E6 11 2F 68 2F B4 EC 11 4D 0E CC
        43 F2 93 3D 77 D2 91 71 A1 A3 9A B0 F8 68 A2 8D
        80 F3 AA 1A 3B
      </generic_descriptor>
    </event>
    <event event_id="0x022E" start_time="2017-08-23 11:11:34" duration="00:18:26" running_status="not-running" CA_mode="true">
      <short_event_descriptor language_code="ita">
        <event_name>Alle 13:30 17 anni (E come uscirne vivi)</event_name>
        <text></text>
      </short_event_descriptor>
      <extended_event_descriptor descriptor_number="0" last_descriptor_number="1" language_code="ita">
        <text>Cod. 141852 - Per info, prezzi e promozioni premi il tasto Primafila. - (2016) di Kelly Fremon Craig. Con Hailee Steinfeld, Woody Harrelson. Le complicazioni dell'adolescenza in un ironico teen movie con Hailee Steinfeld e Woody Harrelson, dal prod</text>
      </extended_event_descriptor>
      <extended_event_descriptor descriptor_number="1" last_descriptor_number="1" language_code="ita">
        <text>uttore de "I Simpson". Tradita dalla sua migliore amica, Nadine entra in crisi, ma fra buffi imprevisti e i consigli di un professore, troverΩ il modo di reagire.</text>
      </extended_event_descriptor>
      <component_descriptor stream_content="0x01" stream_content_ext="0x0F" component_type="0x01" component_tag="0xFF" language_code="   " text=""/>
      <component_descriptor stream_content="0x02" stream_content_ext="0x0F" component_type="0x03" component_tag="0xFF" language_code="ita" text=""/>
      <private_data_specifier_descriptor private_data_specifier="0x00000002"/>
      <content_descriptor>
        <content content_nibble_level_1="0" content_nibble_level_2="0" user_byte="0x00"/>
      </content_descriptor>
      <generic_descriptor tag="0xCC">
        07 FF
      </generic_descriptor>
    </event>
  </EIT>
  <EIT type="pf" version="11" current="true" actual="true" service_id="0x2D65" transport_stream_id="0x2774" original_network_id="0xFBFF" last_table_id="0x4E">
    <!-- PID 0x0012 (18), first TS packet: 2,298, last: 30,898 -->
    <event event_id="0x01B0" start_time="2017-08-23 09:00:00" duration="02:10:56" running_status="running" CA_mode="true">
      <short_event_descriptor language_code="ita">
        <event_name>Fast &amp; Furious 8</event_name>
        <text></text>
      </short_event_descriptor>
      <extended_event_descriptor descriptor_number="0" last_descriptor_number="1" language_code="ita">
        <text>Cod. 142012 - Per info, prezzi e promozioni premi il tasto Primafila. - (2017) di F. Gary Gray. Con Vin Diesel, Jason Statham. Tornano i muscoli e i motori della saga blockbuster in un iperbolico ottavo capitolo che schiera Vin Diesel, Jason Statha</text>
      </extended_event_descriptor>
      <extended_event_descriptor descriptor_number="1" last_descriptor_number="1" language_code="ita">
        <text>m, Dwayne Johnson, Kurt Russell e il premio Oscar Charlize Theron. Un'affascinante dark lady seduce Dominique Toretto e lo convince a tradire i suoi amici.</text>
      </extended_event_descriptor>
      <parental_rating_descriptor>
        <country country_code="ITA" rating="0x09"/>
      </parental_rating_descriptor>
      <component_descriptor stream_content="0x01" stream_content_ext="0x0F" component_type="0x01" component_tag="0xFF" language_code="   " text=""/>
      <component_descriptor stream_content="0x02" stream_content_ext="0x0F" component_type="0x03" component_tag="0xFF" language_code="ita" text=""/>
      <private_data_specifier_descriptor private_data_specifier="0x00000002"/>
      <content_descriptor>
        <content content_nibble_level_1="0" content_nibble_level_2="0" user_byte="0xC0"/>
      </content_descriptor>
      <generic_descriptor tag="0xCC">
        0F FF
      </generic_descriptor>
      <generic_descriptor tag="0xC5">
        FF F1 09 3B 00 00 04 00 6C 90 6A C0 02 24 DF 99
        BE E6 2E 13 0E 49 DE C6 B8 A6 B7 08 9D 2C D2 6D
        22 FA 28 91 4C 43 70 DB B2 02 78 1B 34 70 E7 E1
        87 F0 E0 B5 85 45 72 51 22 4A 16 DA 8F 9A E0 01
        2D 0D CA C6 C6 30 04 A9 37 CB 16 61 3C E6 F7 9D
        81 46 B8 F5 CB EC 6C C9 F6 52 9D 31 D6 7E F6 AD
        62 F2 C1 DF BB 5F C8 E7 64 D9 C0 C9 84 C0 F1 4E
        5D CA 80 BF 43
      </generic_descriptor>
      <generic_descriptor tag="0xC5">
        FF F1 09 19 00 00 04 00 6C 90 6A C0 02 A3 C5 95
        1F EB 97 9A 48 78 56 DD A1 CC 65 22 57 C4 9B 99
        BE E1 B4 76 0C C3 C2 65 F7 76 BF 7E 48 8F 33 C5
        E0 7D A7 A9 82 AF 4D 52 7E 4C D2 0D 79 2E 5E C4
        45 EF 9A 1A 7E 0A F7 95 F6 AD 7A F2 FC B0 4E 5C
        10 50 08 E1 DC 7F 2F 1B 5B 77 FA 65 BF BF AE 2F
        CD 30 16 98 A4 D5 40 BD 8F 78 59 54 84 E3 5A 73
        B4 D8 EE 8A B9
      </generic_descriptor>
      <generic_descriptor tag="0xC5">
        FF F1 09 CD 00 00 04 00 6C 90 6A C8 04 32 B0 59
        08 20 1D 01 40 3C F1 E1 07 68 FA F7 40 61 32 97
        71 D2 19 96 92 DD DD A9 0F 86 BF D7 8B 91 E6 6F
        6C 4D B8 BB 69 DA 00 EB BC 32 08 2C 71 CA 63 EE
        F6 31 98 FF 09 CF A4 34 40 05 39 86 45 89 5D 54
        13 CD 6F 78 C5 8F 4F 04 BE C9 0E F2 A6 F9 E9 EC
        92 E7 6C 59 1C 32 AA FF 96 92 F3 F7 5D 76 C9 E0
        56 A4 27 00 52
      </generic_descriptor>
    </event>
    <event event_id="0x0138" start_time="2017-08-23 11:10:56" duration="00:19:04" running_status="not-running" CA_mode="true">
      <short_event_descriptor language_code="ita">
        <event_name>Alle 13:30 Fast &amp; Furious 8</event_name>
        <text></text>
      </short_event_descriptor>
      <extended_event_descriptor descriptor_number="0" last_descriptor_number="1" language_code="ita">
        <text>Cod. 142012 - Per info, prezzi e promozioni premi il tasto Primafila. - (2017) di F. Gary Gray. Con Vin Diesel, Jason Statham. Tornano i muscoli e i motori della saga blockbuster in un iperbolico ottavo capitolo che schiera Vin Diesel, Jason Statha</text>
      </extended_event_descriptor>
      <extended_event_descriptor descriptor_number="1" last_descriptor_number="1" language_code="ita">
        <text>m, Dwayne Johnson, Kurt Russell e il premio Oscar Charlize Theron. Un'affascinante dark lady seduce Dominique Toretto e lo convince a tradire i suoi amici.</text>
      </extended_event_descriptor>
      <component_descriptor stream_content="0x01" stream_content_ext="0x0F" component_type="0x01" component_tag="0xFF" language_code="   " text=""/>
      <component_descriptor stream_content="0x02" stream_content_ext="0x0F" component_type="0x03" component_tag="0xFF" language_code="ita" text=""/>
      <private_data_specifier_descriptor private_data_specifier="0x00000002"/>
      <content_descriptor>
        <content content_nibble_level_1="0" content_nibble_level_2="0" user_byte="0x00"/>
      </content_descriptor>
      <generic_descriptor tag="0xCC">
        07 FF
      </generic_descriptor>
    </event>
  </EIT>
  <SDT version="28" current="true" transport_stream_id="0x300C" original_network_id="0x013E" actual="false">
    <!-- PID 0x0011 (17), first TS packet: 31,087, last: 31,092 -->
    <service service_id="0x0014" EIT_schedule="false" EIT_present_following="false" CA_mode="true" running_status="running">
      <service_descriptor service_type="0x02" service_provider_name="SkyItalia" service_name="TSR TURKCE"/>
      <country_availability_descriptor country_availability="true">
        <country country_code="ITA"/>
      </country_availability_descriptor>
      <private_data_specifier_descriptor private_data_specifier="0x00000002"/>
      <generic_descriptor tag="0xB2">
        00 4F E0 02
      </generic_descriptor>
    </service>
    <service service_id="0x0019" EIT_schedule="false" EIT_present_following="false" CA_mode="true" running_status="running">
      <service_descriptor service_type="0x01" service_provider_name="SkyItalia" service_name="ICTIMAI TV"/>
      <country_availability_descriptor country_availability="true">
        <country country_code="ITA"/>
      </country_availability_descriptor>
      <private_data_specifier_descriptor private_data_specifier="0x00000002"/>
      <generic_descriptor tag="0xB2">
        00 4F E0 02
      </generic_descriptor>
    </service>
    <service service_id="0x0027" EIT_schedule="false" EIT_present_following="false" CA_mode="true" running_status="running">
      <service_descriptor service_type="0x02" service_provider_name="SkyItalia" service_name="R.JAMAWAR KSDP"/>
      <country_availability_descriptor country_availability="true">
        <country country_code="ITA"/>
      </country_availability_descriptor>
      <private_data_specifier_descriptor private_data_specifier="0x00000002"/>
      <generic_descriptor tag="0xB2">
        00 4F E0 02
      </generic_descriptor>
    </service>
    <service service_id="0x002C" EIT_schedule="false" EIT_present_following="false" CA_mode="true" running_status="running">
      <service_descriptor service_type="0x01" service_provider_name="SkyItalia" service_name="test1a"/>
      <country_availability_descriptor country_availability="true">
        <country country_code="ITA"/>
      </country_availability_descriptor>
      <private_data_specifier_descriptor private_data_specifier="0x00000002"/>
      <generic_descriptor tag="0xB2">
        00 4F E0 02
      </generic_descriptor>
    </service>
  </SDT>
  <SDT version="29" current="true" transport_stream_id="0x1E14" original_network_id="0xFBFF" actual="false">
    <!-- PID 0x0011 (17), first TS packet: 24,640, last: 32,260 -->
    <service service_id="0x0FBD" EIT_schedule="true" EIT_present_following="false" CA_mode="true" running_status="running">
      <service_descriptor service_type="0x01" service_provider_name="SkyItalia" service_name="Fox +1"/>
      <country_availability_descriptor country_availability="true">
        <country country_code="ITA"/>
      </country_availability_descriptor>
      <private_data_specifier_descriptor private_data_specifier="0x00000002"/>
      <generic_descriptor tag="0xB2">
        1C 41 30 31 33 9E DF 5B A7 5D F6 3B AC 90 D9 E9
        37 F8 88 14 EA 7F 7E D7 1F 1A 72 D8 AA 5C 4F 8B
        C8 4D 5A 6E F6 AE 31 55 FA 58 3C DB 0F E7 F9 14
        F7 90 92 0F 5F D7 9A 41 27 27 37 BA 49 C9 A4 E7
        1A B8 BC 12 0C 67 B6 61 EF 10 93 72 F1 97 68
      </generic_descriptor>
    </service>
    <service service_id="0x0FBE" EIT_schedule="true" EIT_present_following="false" CA_mode="true" running_status="running">
      <service_descriptor service_type="0x01" service_provider_name="SkyItalia" service_name="Roma Sat"/>
      <country_availability_descriptor country_availability="true">
        <country country_code="ITA"/>
      </country_availability_descriptor>
      <private_data_specifier_descriptor private_data_specifier="0x00000002"/>
      <generic_descriptor tag="0xB2">
        1C C0 F0 02
      </generic_descriptor>
    </service>
    <service service_id="0x0FC0" EIT_schedule="true" EIT_present_following="false" CA_mode="false" running_status="running">
      <service_descriptor service_type="0x01" service_provider_name="SkyItalia" service_name="Mondo Shop"/>
      <country_availability_descriptor country_availability="true">
        <country country_code="ITA"/>
      </country_availability_descriptor>
      <private_data_specifier_descriptor private_data_specifier="0x00000002"/>
      <generic_descriptor tag="0xB2">
        1C C1 F0 02
      </generic_descriptor>
    </service>
    <service service_id="0x0FC1" EIT_schedule="true" EIT_present_following="false" CA_mode="true" running_status="running">
      <service_descriptor service_type="0x01" service_provider_name="SkyItalia" service_name="Fox Crime +1"/>
      <country_availability_descriptor country_availability="true">
        <country country_code="ITA"/>
      </country_availability_descriptor>
      <private_data_specifier_descriptor private_data_specifier="0x00000002"/>
      <generic_descriptor tag="0xB2">
        1C 61 30 31 33 9E DF 5B A7 5D F6 3B AC 90 D9 E9
        37 F8 88 14 EA 7F 7E D7 1F 1A 72 D8 AA 5C 4F 8B
        C8 4D 5A 6E F6 AE 31 55 FA 58 3C DB 0F E7 F9 14
        F7 90 92 0F 5F D7 9A 41 27 27 37 BA 49 C9 A4 E7
        1A B8 BC 12 0C 67 B6 61 EF 10 93 72 F1 97 68
      </generic_descriptor>
    </service>
    <service service_id="0x0FC2" EIT_schedule="true" EIT_present_following="false" CA_mode="true" running_status="running">
      <service_descriptor service_type="0x01" service_provider_name="SkyItalia" service_name="Fox Life +1"/>
      <country_availability_descriptor country_availability="true">
        <country country_code="ITA"/>
      </country_availability_descriptor>
      <private_data_specifier_descriptor private_data_specifier="0x00000002"/>
      <generic_descriptor tag="0xB2">
        1C 61 30 31 33 9E DF 5B A7 5D F6 3B AC 90 D9 E9
        37 F8 88 14 EA 7F 7E D7 1F 1A 72 D8 AA 5C 4F 8B
        C8 4D 5A 6E F6 AE 31 55 FA 58 3C DB 0F E7 F9 14
        F7 90 92 0F 5F D7 9A 41 27 27 37 BA 49 C9 A4 E7
        1A B8 BC 12 0C 67 B6 61 EF 10 93 72 F1 97 68
      </generic_descriptor>
    </service>
    <service service_id="0x0FC3" EIT_schedule="true" EIT_present_following="false" CA_mode="true" running_status="running">
      <service_descriptor service_type="0x01" service_provider_name="SkyItalia" service_name="Mare TV"/>
      <country_availability_descriptor country_availability="true">
        <country country_code="ITA"/>
      </country_availability_descriptor>
      <private_data_specifier_descriptor private_data_specifier="0x00000002"/>
      <generic_descriptor tag="0xB2">
        1C C0 F0 02
      </generic_descriptor>
    </service>
    <service service_id="0x0FC5" EIT_schedule="false" EIT_present_following="false" CA_mode="true" running_status="running">
      <service_descriptor service_type="0x01" service_provider_name="SkyItalia" service_name="Loveworld"/>
      <country_availability_descriptor country_availability="true">
        <country country_code="ITA"/>
      </country_availability_descriptor>
      <private_data_specifier_descriptor private_data_specifier="0x00000002"/>
      <generic_descriptor tag="0xB2">
        00 FF E0 02
      </generic_descriptor>
    </service>
    <service service_id="0x0FC6" EIT_schedule="true" EIT_present_following="false" CA_mode="true" running_status="running">
      <service_descriptor service_type="0x01" service_provider_name="SkyItalia" service_name="Nick Jr +1"/>
      <country_availability_descriptor country_availability="true">
        <country country_code="ITA"/>
      </country_availability_descriptor>
      <private_data_specifier_descriptor private_data_specifier="0x00000002"/>
      <generic_descriptor tag="0xB2">
        1C 41 D1 3F 31 33 9E DF 5B A7 C8 4B 54 DD 6F BF
        67 A7 92 8A 3D 7E FD 81 E7 FB E9 5C 5F DC 67 FA
        2D 31 EC 83 DF E2 88 5B 79 DC FF A3 9C 53 F7 87
        F1 70 EA 16 9D FC 3F 9A 34 2F 36 C3 F9 FE 45 3D
        E4 24 83 D7 F5 E6 90 49 C9 CD EE 92 72 61
      </generic_descriptor>
    </service>
    <service service_id="0x0FC9" EIT_schedule="true" EIT_present_following="false" CA_mode="true" running_status="running">
      <service_descriptor service_type="0x01" service_provider_name="SkyItalia" service_name="Wine TV"/>
      <country_availability_descriptor country_availability="true">
        <country country_code="ITA"/>
      </country_availability_descriptor>
      <private_data_specifier_descriptor private_data_specifier="0x00000002"/>
      <generic_descriptor tag="0xB2">
        1C 41 F0 02
      </generic_descriptor>
    </service>
    <service service_id="0x0FCE" EIT_schedule="true" EIT_present_following="false" CA_mode="true" running_status="running">
      <service_descriptor service_type="0x01" service_provider_name="SkyItalia" service_name="Diva Futura channel"/>
      <country_availability_descriptor country_availability="true">
        <country country_code="ITA"/>
      </country_availability_descriptor>
      <private_data_specifier_descriptor private_data_specifier="0x00000002"/>
      <generic_descriptor tag="0xB2">
        1C C0 F0 02
      </generic_descriptor>
    </service>
    <service service_id="0x0FCF" EIT_schedule="true" EIT_present_following="false" CA_mode="true" running_status="running">
      <service_descriptor service_type="0x01" service_provider_name="SkyItalia" service_name="New Television"/>
      <country_availability_descriptor country_availability="true">
        <country country_code="ITA"/>
      </country_availability_descriptor>
      <private_data_specifier_descriptor private_data_specifier="0x00000002"/>
      <generic_descriptor tag="0xB2">
        1C 41 F0 02
      </generic_descriptor>
    </service>
    <service service_id="0x0FD0" EIT_schedule="true" EIT_present_following="false" CA_mode="true" running_status="running">
      <service_descriptor service_type="0x01" service_provider_name="SkyItalia" service_name="Muzic TV"/>
      <country_availability_descriptor country_availability="true">
        <country country_code="ITA"/>
      </country_availability_descriptor>
      <private_data_specifier_descriptor private_data_specifier="0x00000002"/>
      <generic_descriptor tag="0xB2">
        1C 41 F0 02
      </generic_descriptor>
    </service>
    <service service_id="0x0FD2" EIT_schedule="true" EIT_present_following="false" CA_mode="true" running_status="running">
      <country_availability_descriptor country_availability="true">
        <country country_code="ITA"/>
      </country_availability_descriptor>
      <private_data_specifier_descriptor private_data_specifier="0x00000002"/>
      <service_descriptor service_type="0x82" service_provider_name="SkyItalia" service_name="Intercat"/>
      <generic_descriptor tag="0xB2">
        1C 41 B0 02
      </generic_descriptor>
    </service>
    <service service_id="0x0FD6" EIT_schedule="true" EIT_present_following="false" CA_mode="true" running_status="running">
      <service_descriptor service_type="0x01" service_provider_name="SkyItalia" service_name="Archinews24"/>
      <country_availability_descriptor country_availability="true">
        <country country_code="ITA"/>
      </country_availability_descriptor>
      <private_data_specifier_descriptor private_data_specifier="0x00000002"/>
      <generic_descriptor tag="0xB2">
        1C C0 F0 02
      </generic_descriptor>
    </service>
    <service service_id="0x0FD7" EIT_schedule="true" EIT_present_following="false" CA_mode="true" running_status="running">
      <service_descriptor service_type="0x01" service_provider_name="SkyItalia" service_name="FoxCrime&amp;Order"/>
      <country_availability_descriptor country_availability="true">
        <country country_code="ITA"/>
      </country_availability_descriptor>
      <private_data_specifier_descriptor private_data_specifier="0x00000002"/>
      <generic_descriptor tag="0xB2">
        1C 41 30 31 33 9E DF 5B A7 5D F6 3B AC 90 D9 E9
        37 F8 88 14 EA 7F 7E D7 1F 1A 72 D8 AA 5C 4F 8B
        C8 4D 5A 6E F6 AE 31 55 FA 58 3C DB 0F E7 F9 14
        F7 90 92 0F 5F D7 9A 41 27 27 37 BA 49 C9 A4 E7
        1A B8 BC 12 0C 67 B6 61 EF 10 93 72 F1 97 68
      </generic_descriptor>
    </service>
    <service service_id="0x0FD9" EIT_schedule="true" EIT_present_following="false" CA_mode="true" running_status="running">
      <service_descriptor service_type="0x01" service_provider_name="SkyItalia" service_name="History +1"/>
      <country_availability_descriptor country_availability="true">
        <country country_code="ITA"/>
      </country_availability_descriptor>
      <private_data_specifier_descriptor private_data_specifier="0x00000002"/>
      <generic_descriptor tag="0xB2">
        1C 41 90 31 33 9E DF 5B A4 58 86 5C 5B 16 3D 90
        7B FC 51 0B 02 0E 46 AE 6B F8 37 FF 4E DF F0 78
        DB 4F 6B 9B 97 8C 31 FE 0F 36 C3 F9 FE 45 3D E4
        24 83 D7 F5 E6 90 49 C9 CD EE 92 72 69 39 C6 AE
        2F 04 83 19 ED 98 7B C4 24 DC BC 65 DA
      </generic_descriptor>
    </service>
    <service service_id="0x0FDA" EIT_schedule="true" EIT_present_following="false" CA_mode="true" running_status="running">
      <service_descriptor service_type="0x01" service_provider_name="SkyItalia" service_name="NationalGeo +1"/>
      <country_availability_descriptor country_availability="true">
        <country country_code="ITA"/>
      </country_availability_descriptor>
      <private_data_specifier_descriptor private_data_specifier="0x00000002"/>
      <generic_descriptor tag="0xB2">
        1C 41 90 31 33 9E DF 5B A4 58 86 5C 5B 16 3D 90
        7B FC 51 0B 02 0E 46 AE 6B F8 37 FF 4E DF F0 78
        DB 4F 6B 9B 97 8C 31 FE 0F 36 C3 F9 FE 45 3D E4
        24 83 D7 F5 E6 90 49 C9 CD EE 92 72 68
      </generic_descriptor>
    </service>
    <service service_id="0x0FDB" EIT_schedule="true" EIT_present_following="false" CA_mode="true" running_status="running">
      <service_descriptor service_type="0x01" service_provider_name="SkyItalia" service_name="CI Crime+Inv."/>
      <country_availability_descriptor country_availability="true">
        <country country_code="ITA"/>
      </country_availability_descriptor>
      <private_data_specifier_descriptor private_data_specifier="0x00000002"/>
      <generic_descriptor tag="0xB2">
        1C 61 30 02
      </generic_descriptor>
    </service>
    <service service_id="0x0FDD" EIT_schedule="true" EIT_present_following="false" CA_mode="true" running_status="running">
      <service_descriptor service_type="0x01" service_provider_name="SkyItalia" service_name="Telepiu&apos; Channel"/>
      <country_availability_descriptor country_availability="true">
        <country country_code="ITA"/>
      </country_availability_descriptor>
      <private_data_specifier_descriptor private_data_specifier="0x00000002"/>
      <generic_descriptor tag="0xB2">
        1C C0 F0 02
      </generic_descriptor>
    </service>
    <service service_id="0x0FDE" EIT_schedule="true" EIT_present_following="false" CA_mode="true" running_status="running">
      <service_descriptor service_type="0x01" service_provider_name="SkyItalia" service_name="Reality TV"/>
      <country_availability_descriptor country_availability="true">
        <country country_code="ITA"/>
      </country_availability_descriptor>
      <private_data_specifier_descriptor private_data_specifier="0x00000002"/>
      <generic_descriptor tag="0xB2">
        1C C0 F0 02
      </generic_descriptor>
    </service>
    <service service_id="0x0FDF" EIT_schedule="true" EIT_present_following="false" CA_mode="true" running_status="running">
      <service_descriptor service_type="0x01" service_provider_name="SkyItalia" service_name="ONE Tv"/>
      <country_availability_descriptor country_availability="true">
        <country country_code="ITA"/>
      </country_availability_descriptor>
      <private_data_specifier_descriptor private_data_specifier="0x00000002"/>
      <generic_descriptor tag="0xB2">
        1C C0 F0 02
      </generic_descriptor>
    </service>
    <service service_id="0x0FE0" EIT_schedule="true" EIT_present_following="false" CA_mode="true" running_status="running">
      <service_descriptor service_type="0x01" service_provider_name="SkyItalia" service_name="E&apos; TV Emilia R."/>
      <country_availability_descriptor country_availability="true">
        <country country_code="ITA"/>
      </country_availability_descriptor>
      <private_data_specifier_descriptor private_data_specifier="0x00000002"/>
      <generic_descriptor tag="0xB2">
        1C C0 F0 02
      </generic_descriptor>
    </service>
    <service service_id="0x0FE3" EIT_schedule="true" EIT_present_following="false" CA_mode="true" running_status="running">
      <service_descriptor service_type="0x01" service_provider_name="SkyItalia" service_name="Italian Fishing Tv"/>
      <country_availability_descriptor country_availability="true">
        <country country_code="ITA"/>
      </country_availability_descriptor>
      <private_data_specifier_descriptor private_data_specifier="0x00000002"/>
      <generic_descriptor tag="0xB2">
        1C C0 F0 02
      </generic_descriptor>
    </service>
    <service service_id="0x0FE4" EIT_schedule="true" EIT_present_following="false" CA_mode="true" running_status="running">
      <service_descriptor service_type="0x02" service_provider_name="SkyItalia" service_name="Radio Radio"/>
      <country_availability_descriptor country_availability="true">
        <country country_code="ITA"/>
      </country_availability_descriptor>
      <private_data_specifier_descriptor private_data_specifier="0x00000002"/>
      <generic_descriptor tag="0xB2">
        1C C0 D1 5F 32 9E B0 93 94 F5 84 82
      </generic_descriptor>
    </service>
    <service service_id="0x0FE9" EIT_schedule="true" EIT_present_following="false" CA_mode="true" running_status="running">
      <service_descriptor service_type="0x01" service_provider_name="SkyItalia" service_name="EURSAT"/>
      <country_availability_descriptor country_availability="true">
        <country country_code="ITA"/>
      </country_availability_descriptor>
      <private_data_specifier_descriptor private_data_specifier="0x00000002"/>
      <generic_descriptor tag="0xB2">
        1C C0 F0 02
      </generic_descriptor>
    </service>
    <service service_id="0x0FEC" EIT_schedule="true" EIT_present_following="false" CA_mode="true" running_status="running">
      <service_descriptor service_type="0x01" service_provider_name="SkyItalia" service_name="Fuego TV"/>
      <country_availability_descriptor country_availability="true">
        <country country_code="ITA"/>
      </country_availability_descriptor>
      <private_data_specifier_descriptor private_data_specifier="0x00000002"/>
      <generic_descriptor tag="0xB2">
        1C C0 F0 02
      </generic_descriptor>
    </service>
    <service service_id="0x0FED" EIT_schedule="true" EIT_present_following="false" CA_mode="true" running_status="running">
      <service_descriptor service_type="0x01" service_provider_name="SkyItalia" service_name="Lazio Channel"/>
      <country_availability_descriptor country_availability="true">
        <country country_code="ITA"/>
      </country_availability_descriptor>
      <private_data_specifier_descriptor private_data_specifier="0x00000002"/>
      <generic_descriptor tag="0xB2">
        1C C0 F0 02
      </generic_descriptor>
    </service>
    <service service_id="0x0FEE" EIT_schedule="true" EIT_present_following="false" CA_mode="true" running_status="running">
      <service_descriptor service_type="0x01" service_provider_name="SkyItalia" service_name="Music Life"/>
      <country_availability_descriptor country_availability="true">
        <country country_code="ITA"/>
      </country_availability_descriptor>
      <private_data_specifier_descriptor private_data_specifier="0x00000002"/>
      <generic_descriptor tag="0xB2">
        1C C0 F0 02
      </generic_descriptor>
    </service>
    <service service_id="0x0FEF" EIT_schedule="true" EIT_present_following="false" CA_mode="true" running_status="running">
      <service_descriptor service_type="0x01" service_provider_name="SkyItalia" service_name="Venus Tv"/>
      <country_availability_descriptor country_availability="true">
        <country country_code="ITA"/>
      </country_availability_descriptor>
      <private_data_specifier_descriptor private_data_specifier="0x00000002"/>
      <generic_descriptor tag="0xB2">
        1C C0 F0 02
      </generic_descriptor>
    </service>
    <service service_id="0x0FF1" EIT_schedule="true" EIT_present_following="false" CA_mode="true" running_status="running">
      <service_descriptor service_type="0x01" service_provider_name="SkyItalia" service_name="Radio Radio TV"/>
      <country_availability_descriptor country_availability="true">
        <country country_code="ITA"/>
      </country_availability_descriptor>
      <private_data_specifier_descriptor private_data_specifier="0x00000002"/>
      <generic_descriptor tag="0xB2">
        1C C0 F0 02
      </generic_descriptor>
    </service>
    <service service_id="0x0FF6" EIT_schedule="true" EIT_present_following="false" CA_mode="true" running_status="running">
      <service_descriptor service_type="0x01" service_provider_name="SkyItalia" service_name="Starsat"/>
      <country_availability_descriptor country_availability="true">
        <country country_code="ITA"/>
      </country_availability_descriptor>
      <private_data_specifier_descriptor private_data_specifier="0x00000002"/>
      <generic_descriptor tag="0xB2">
        1C 41 F0 02
      </generic_descriptor>
    </service>
    <service service_id="0x0FF7" EIT_schedule="true" EIT_present_following="false" CA_mode="true" running_status="running">
      <service_descriptor service_type="0x01" service_provider_name="SkyItalia" service_name="Superfluo"/>
      <country_availability_descriptor country_availability="true">
        <country country_code="ITA"/>
      </country_availability_descriptor>
      <private_data_specifier_descriptor private_data_specifier="0x00000002"/>
      <generic_descriptor tag="0xB2">
        1C C1 F0 02
      </generic_descriptor>
    </service>
    <service service_id="0x0FFF" EIT_schedule="false" EIT_present_following="false" CA_mode="true" running_status="running">
      <private_data_specifier_descriptor private_data_specifier="0x00000002"/>
      <service_descriptor service_type="0xFB" service_provider_name="SkyItalia" service_name="Fusion BGDL 4095"/>
      <generic_descriptor tag="0xB2">
        00 41 10 02
      </generic_descriptor>
    </service>
    <service service_id="0x1002" EIT_schedule="false" EIT_present_following="false" CA_mode="true" running_status="running">
      <country_availability_descriptor country_availability="true">
        <country country_code="ITA"/>
      </country_availability_descriptor>
      <private_data_specifier_descriptor private_data_specifier="0x00000002"/>
      <service_descriptor service_type="0x83" service_provider_name="SkyItalia" service_name="IEPG Data"/>
      <generic_descriptor tag="0xB2">
        00 41 10 02
      </generic_descriptor>
    </service>
  </SDT>
  <EIT type="pf" version="27" current="true" actual="true" service_id="0x2D51" transport_stream_id="0x2774" original_network_id="0xFBFF" last_table_id="0x4E">
    <!-- PID 0x0012 (18), first TS packet: 5,362, last: 34,665 -->
    <event event_id="0x0172" start_time="2017-08-23 11:02:03" duration="00:27:57" running_status="running" CA_mode="true">
      <short_event_descriptor language_code="ita">
        <event_name>Alle 13:30 Sleepless - Il giustiziere</event_name>
        <text></text>
      </short_event_descriptor>
      <extended_event_descriptor descriptor_number="0" last_descriptor_number="1" language_code="ita">
        <text>Cod. 141157 - Per info, prezzi e promozioni premi il tasto Primafila. - (2017) di Baran bo Odar. Con Jamie Foxx, Michelle Monaghan. Il premio Oscar Jamie Foxx finisce in trappola in un action incendiario ambientato a Las Vegas. Un poliziotto entra </text>
      </extended_event_descriptor>
      <extended_event_descriptor descriptor_number="1" last_descriptor_number="1" language_code="ita">
        <text>accidentalmente in possesso di un grosso quantitativo di droga e scatena la ritorsione di un gangster sanguinario che prenderΩ in ostaggio il figlio dell'agente.</text>
      </extended_event_descriptor>
      <component_descriptor stream_content="0x01" stream_content_ext="0x0F" component_type="0x01" component_tag="0xFF" language_code="   " text=""/>
      <component_descriptor stream_content="0x02" stream_content_ext="0x0F" component_type="0x03" component_tag="0xFF" language_code="ita" text=""/>
      <private_data_specifier_descriptor private_data_specifier="0x00000002"/>
      <content_descriptor>
        <content content_nibble_level_1="0" content_nibble_level_2="0" user_byte="0x00"/>
      </content_descriptor>
      <generic_descriptor tag="0xCC">
        07 FF
      </generic_descriptor>
    </event>
    <event event_id="0x01C6" start_time="2017-08-23 11:30:00" duration="01:32:03" running_status="not-running" CA_mode="true">
      <short_event_descriptor language_code="ita">
        <event_name>Sleepless - Il giustiziere</event_name>
        <text></text>
      </short_event_descriptor>
      <extended_event_descriptor descriptor_number="0" last_descriptor_number="1" language_code="ita">
        <text>Cod. 141157 - Per info, prezzi e promozioni premi il tasto Primafila. - (2017) di Baran bo Odar. Con Jamie Foxx, Michelle Monaghan. Il premio Oscar Jamie Foxx finisce in trappola in un action incendiario ambientato a Las Vegas. Un poliziotto entra </text>
      </extended_event_descriptor>
      <extended_event_descriptor descriptor_number="1" last_descriptor_number="1" language_code="ita">
        <text>accidentalmente in possesso di un grosso quantitativo di droga e scatena la ritorsione di un gangster sanguinario che prenderΩ in ostaggio il figlio dell'agente.</text>
      </extended_event_descriptor>
      <parental_rating_descriptor>
        <country country_code="ITA" rating="0x09"/>
      </parental_rating_descriptor>
      <component_descriptor stream_content="0x01" stream_content_ext="0x0F" component_type="0x01" component_tag="0xFF" language_code="   " text=""/>
      <component_descriptor stream_content="0x02" stream_content_ext="0x0F" component_type="0x03" component_tag="0xFF" language_code="ita" text=""/>
      <private_data_specifier_descriptor private_data_specifier="0x00000002"/>
      <content_descriptor>
        <content content_nibble_level_1="0" content_nibble_level_2="0" user_byte="0xC0"/>
      </content_descriptor>
      <generic_descriptor tag="0xCC">
        0F FF
      </generic_descriptor>
      <generic_descriptor tag="0xC5">
        FF F1 09 3B 00 00 04 00 6C 90 6A C0 02 93 D8 25
        6E 2C 96 CE D9 23 E6 BB D5 AA D6 96 04 3F 08 92
        32 43 89 A0 9A 1B BF B6 22 F0 10 D8 AD 87 56 98
        B7 3A F3 B0 15 98 FF F0 A3 B7 8B EB 40 31 B9 6D
        93 2D 9B 33 80 D4 07 46 6B 40 2E 22 01 C4 6D 71
        DB 84 B4 C1 1A 5C 93 E1 FB 5F 6B 34 2D 8A 28 35
        59 98 4D D4 A7 9E B6 67 0B 1F DD D3 98 4F 76 A7
        66 A5 7E 34 73
      </generic_descriptor>
      <generic_descriptor tag="0xC5">
        FF F1 09 19 00 00 04 00 6C 90 6A C0 02 9B 35 20
        2E D4 A4 C1 F1 6E 8E C9 EF E1 7D 26 40 77 5D 67
        31 ED EF 31 C5 A4 9B 79 F8 0D F1 2E 32 26 D9 3F
        CE ED C1 EF 1A AF BB 13 9F DD 2A 53 0F 13 71 D6
        86 91 18 56 15 D9 3A CE EA 5F DD 3A B5 BA 60 50
        39 CE 3E 15 BC A9 78 E3 06 30 15 23 85 07 F3 7F
        FC 27 FE 65 9C 54 0B 19 B4 64 10 83 C6 78 65 71
        28 B9 FE 12 22
      </generic_descriptor>
      <generic_descriptor tag="0xC5">
        FF F1 09 CD 00 00 04 00 6C 90 6A C8 04 DB 86 3E
        AA 22 4D A1 45 67 0F DE 57 42 9A F8 E5 28 A1 7A
        48 64 58 15 A8 0C 73 03 37 00 9D D2 98 76 92 A4
        1D C8 60 5D 9E 4F 43 3F D8 7E 86 08 9F 57 B1 5E
        BF 44 FF 5F 6F E3 49 3B 71 07 D5 3B 71 63 25 D6
        63 27 23 E4 33 38 07 28 C1 F6 0D 9C 49 3F 32 7B
        84 86 63 A3 E9 3B 4B 5B B3 B9 8F 9E 2D 69 D4 07
        D9 69 24 81 59
      </generic_descriptor>
    </event>
  </EIT>
  <SDT version="29" current="true" transport_stream_id="0x1FA4" original_network_id="0x013E" actual="false">
    <!-- PID 0x0011 (17), first TS packet: 35,558, last: 35,887 -->
    <service service_id="0x1D88" EIT_schedule="false" EIT_present_following="false" CA_mode="true" running_status="running">
      <service_descriptor service_type="0x02" service_provider_name="SkyItalia" service_name="RADIO DIJLA"/>
      <country_availability_descriptor country_availability="true">
        <country country_code="ITA"/>
      </country_availability_descriptor>
      <private_data_specifier_descriptor private_data_specifier="0x00000002"/>
      <generic_descriptor tag="0xB2">
        00 4F E0 02
      </generic_descriptor>
    </service>
    <service service_id="0x1D92" EIT_schedule="false" EIT_present_following="false" CA_mode="true" running_status="running">
      <service_descriptor service_type="0x02" service_provider_name="SkyItalia" service_name="RADIO AZADEGAN"/>
      <country_availability_descriptor country_availability="true">
        <country country_code="ITA"/>
      </country_availability_descriptor>
      <private_data_specifier_descriptor private_data_specifier="0x00000002"/>
      <generic_descriptor tag="0xB2">
        00 4F E0 02
      </generic_descriptor>
    </service>
    <service service_id="0x39D7" EIT_schedule="false" EIT_present_following="false" CA_mode="true" running_status="running">
      <service_descriptor service_type="0x01" service_provider_name="SkyItalia" service_name="RTVI INFO"/>
      <country_availability_descriptor country_availability="true">
        <country country_code="ITA"/>
      </country_availability_descriptor>
      <private_data_specifier_descriptor private_data_specifier="0x00000002"/>
      <generic_descriptor tag="0xB2">
        00 4F E0 02
      </generic_descriptor>
    </service>
    <service service_id="0x39DE" EIT_schedule="false" EIT_present_following="false" CA_mode="true" running_status="running">
      <service_descriptor service_type="0x02" service_provider_name="SkyItalia" service_name="RADIO BOBAR"/>
      <country_availability_descriptor country_availability="true">
        <country country_code="ITA"/>
      </country_availability_descriptor>
      <private_data_specifier_descriptor private_data_specifier="0x00000002"/>
      <generic_descriptor tag="0xB2">
        00 4F E0 02
      </generic_descriptor>
    </service>
    <service service_id="0x39E3" EIT_schedule="false" EIT_present_following="false" CA_mode="true" running_status="running">
      <service_descriptor service_type="0x02" service_provider_name="SkyItalia" service_name="LIJEPA NASA (LINA)"/>
      <country_availability_descriptor country_availability="true">
        <country country_code="ITA"/>
      </country_availability_descriptor>
      <private_data_specifier_descriptor private_data_specifier="0x00000002"/>
      <generic_descriptor tag="0xB2">
        00 4F E0 02
      </generic_descriptor>
    </service>
    <service service_id="0x39E7" EIT_schedule="false" EIT_present_following="false" CA_mode="true" running_status="running">
      <service_descriptor service_type="0x02" service_provider_name="SkyItalia" service_name="RADIO MIRA BOSANKA"/>
      <country_availability_descriptor country_availability="true">
        <country country_code="ITA"/>
      </country_availability_descriptor>
      <private_data_specifier_descriptor private_data_specifier="0x00000002"/>
      <generic_descriptor tag="0xB2">
        00 4F E0 02
      </generic_descriptor>
    </service>
    <service service_id="0x39E8" EIT_schedule="false" EIT_present_following="false" CA_mode="true" running_status="running">
      <service_descriptor service_type="0x02" service_provider_name="SkyItalia" service_name="SVETPLUS"/>
      <country_availability_descriptor country_availability="true">
        <country country_code="ITA"/>
      </country_availability_descriptor>
      <private_data_specifier_descriptor private_data_specifier="0x00000002"/>
      <generic_descriptor tag="0xB2">
        00 4F E0 02
      </generic_descriptor>
    </service>
    <service service_id="0x39ED" EIT_schedule="false" EIT_present_following="false" CA_mode="true" running_status="running">
      <service_descriptor service_type="0x02" service_provider_name="SkyItalia" service_name="PEIRAIKI EKKLISIA"/>
      <country_availability_descriptor country_availability="true">
        <country country_code="ITA"/>
      </country_availability_descriptor>
      <private_data_specifier_descriptor private_data_specifier="0x00000002"/>
      <generic_descriptor tag="0xB2">
        00 4F E0 02
      </generic_descriptor>
    </service>
    <service service_id="0x39F3" EIT_schedule="false" EIT_present_following="false" CA_mode="true" running_status="running">
      <service_descriptor service_type="0x02" service_provider_name="SkyItalia" service_name="RADIO FLES"/>
      <country_availability_descriptor country_availability="true">
        <country country_code="ITA"/>
      </country_availability_descriptor>
      <private_data_specifier_descriptor private_data_specifier="0x00000002"/>
      <generic_descriptor tag="0xB2">
        00 4F E0 02
      </generic_descriptor>
    </service>
    <service service_id="0x3A0A" EIT_schedule="false" EIT_present_following="false" CA_mode="true" running_status="running">
      <service_descriptor service_type="0x02" service_provider_name="SkyItalia" service_name="MEGARADIO"/>
      <country_availability_descriptor country_availability="true">
        <country country_code="ITA"/>
      </country_availability_descriptor>
      <private_data_specifier_descriptor private_data_specifier="0x00000002"/>
      <generic_descriptor tag="0xB2">
        00 4F E0 02
      </generic_descriptor>
    </service>
  </SDT>
  <SDT version="28" current="true" transport_stream_id="0x1518" original_network_id="0x013E" actual="false">
    <!-- PID 0x0011 (17), first TS packet: 33,864, last: 38,870 -->
    <service service_id="0x0BCC" EIT_schedule="true" EIT_present_following="false" CA_mode="true" running_status="undefined">
      <service_descriptor service_type="0x04" service_provider_name="SkyItalia" service_name="REF 3020"/>
      <country_availability_descriptor country_availability="true">
        <country country_code="ITA"/>
      </country_availability_descriptor>
      <NVOD_reference_descriptor>
        <service transport_stream_id="0x1518" original_network_id="0x013E" service_id="0x0CEC"/>
        <service transport_stream_id="0x0578" original_network_id="0x013E" service_id="0x20EE"/>
        <service transport_stream_id="0x3DB8" original_network_id="0x013E" service_id="0x4238"/>
      </NVOD_reference_descriptor>
      <private_data_specifier_descriptor private_data_specifier="0x00000002"/>
      <generic_descriptor tag="0xB2">
        1C C1 F0 02
      </generic_descriptor>
    </service>
    <service service_id="0x0BEF" EIT_schedule="true" EIT_present_following="false" CA_mode="true" running_status="undefined">
      <service_descriptor service_type="0x04" service_provider_name="SkyItalia" service_name="REF 3055"/>
      <country_availability_descriptor country_availability="true">
        <country country_code="ITA"/>
      </country_availability_descriptor>
      <NVOD_reference_descriptor>
        <service transport_stream_id="0x1B58" original_network_id="0x013E" service_id="0x02C4"/>
        <service transport_stream_id="0x3138" original_network_id="0x013E" service_id="0x06B0"/>
        <service transport_stream_id="0x22C4" original_network_id="0x013E" service_id="0x07E1"/>
        <service transport_stream_id="0x1518" original_network_id="0x013E" service_id="0x0CE6"/>
        <service transport_stream_id="0x1518" original_network_id="0x013E" service_id="0x0CF2"/>
        <service transport_stream_id="0x33F4" original_network_id="0x013E" service_id="0x132B"/>
        <service transport_stream_id="0x1C20" original_network_id="0x013E" service_id="0x1C22"/>
        <service transport_stream_id="0x1C20" original_network_id="0x013E" service_id="0x1C38"/>
        <service transport_stream_id="0x24B8" original_network_id="0x013E" service_id="0x200B"/>
        <service transport_stream_id="0x24B8" original_network_id="0x013E" service_id="0x200C"/>
        <service transport_stream_id="0x24B8" original_network_id="0x013E" service_id="0x2010"/>
        <service transport_stream_id="0x13EF" original_network_id="0x013E" service_id="0x2529"/>
        <service transport_stream_id="0x3CF0" original_network_id="0x013E" service_id="0x29D1"/>
        <service transport_stream_id="0x2CEC" original_network_id="0x013E" service_id="0x439F"/>
        <service transport_stream_id="0x0258" original_network_id="0x013E" service_id="0x44DD"/>
      </NVOD_reference_descriptor>
      <private_data_specifier_descriptor private_data_specifier="0x00000002"/>
      <generic_descriptor tag="0xB2">
        1C 41 B0 02
      </generic_descriptor>
    </service>
    <service service_id="0x0CE6" EIT_schedule="true" EIT_present_following="false" CA_mode="false" running_status="running">
      <time_shifted_service_descriptor reference_service_id="0x0BEF"/>
      <private_data_specifier_descriptor private_data_specifier="0x00000002"/>
      <generic_descriptor tag="0xB2">
        1C C1 B0 02
      </generic_descriptor>
      <generic_descriptor tag="0xC0">
        05 43 61 6D 65 72 61 20 64 65 69 20 44 65 70 75
        74 61 74 69
      </generic_descriptor>
    </service>
    <service service_id="0x0CE7" EIT_schedule="true" EIT_present_following="false" CA_mode="false" running_status="running">
      <service_descriptor service_type="0x01" service_provider_name="SkyItalia" service_name="RAI Sport"/>
      <country_availability_descriptor country_availability="true">
        <country country_code="ITA"/>
      </country_availability_descriptor>
      <private_data_specifier_descriptor private_data_specifier="0x00000002"/>
      <linkage_descriptor transport_stream_id="0x0002" original_network_id="0x013E" service_id="0x2172" linkage_type="0x9A">
        <private_data>
          03 27 40
        </private_data>
      </linkage_descriptor>
      <generic_descriptor tag="0xB2">
        1C 41 50 34 07 10 B9 ED F5 BA 72 92 F3 69 19 6F
        AC 81 A4 5E 7F 73 C2 87 BF F4 E1 E8 BE 26 00 C7
        2A 5E D6 F7 40 EE E9 D2 72 DE 9C 4D 8A E4 AC 56
        DB 4C 67 B5 A7 31 B4 C6 7B 58 50 86 3D 3C FA 3A
        F6 B9 B2 F3 FB 9E 17 D8 3E E9 27 27 20 75 31 90
        CC
      </generic_descriptor>
    </service>
    <service service_id="0x0CE8" EIT_schedule="true" EIT_present_following="false" CA_mode="false" running_status="running">
      <service_descriptor service_type="0x01" service_provider_name="SkyItalia" service_name="Rai Storia"/>
      <country_availability_descriptor country_availability="true">
        <country country_code="ITA"/>
      </country_availability_descriptor>
      <private_data_specifier_descriptor private_data_specifier="0x00000002"/>
      <generic_descriptor tag="0xB2">
        1C C1 F0 02
      </generic_descriptor>
    </service>
    <service service_id="0x0CE9" EIT_schedule="true" EIT_present_following="false" CA_mode="true" running_status="running">
      <service_descriptor service_type="0x01" service_provider_name="SkyItalia" service_name="RAI Gulp"/>
      <country_availability_descriptor country_availability="true">
        <country country_code="ITA"/>
      </country_availability_descriptor>
      <private_data_specifier_descriptor private_data_specifier="0x00000002"/>
      <generic_descriptor tag="0xB2">
        1C C0 F0 02
      </generic_descriptor>
    </service>
    <service service_id="0x0CEB" EIT_schedule="true" EIT_present_following="false" CA_mode="false" running_status="running">
      <service_descriptor service_type="0x01" service_provider_name="SkyItalia" service_name="Rai Scuola"/>
      <country_availability_descriptor country_availability="true">
        <country country_code="ITA"/>
      </country_availability_descriptor>
      <private_data_specifier_descriptor private_data_specifier="0x00000002"/>
      <generic_descriptor tag="0xB2">
        1C C1 F0 02
      </generic_descriptor>
    </service>
    <service service_id="0x0CEC" EIT_schedule="true" EIT_present_following="false" CA_mode="false" running_status="running">
      <time_shifted_service_descriptor reference_service_id="0x0BCC"/>
      <private_data_specifier_descriptor private_data_specifier="0x00000002"/>
      <generic_descriptor tag="0xB2">
        1C C1 F0 02
      </generic_descriptor>
      <generic_descriptor tag="0xC0">
        05 52 41 49 20 4E 65 74 74 2E 20 31
      </generic_descriptor>
    </service>
    <service service_id="0x0CEF" EIT_schedule="true" EIT_present_following="false" CA_mode="true" running_status="running">
      <service_descriptor service_type="0x02" service_provider_name="SkyItalia" service_name="RADIO 1"/>
      <country_availability_descriptor country_availability="true">
        <country country_code="ITA"/>
      </country_availability_descriptor>
      <private_data_specifier_descriptor private_data_specifier="0x00000002"/>
      <generic_descriptor tag="0xB2">
        1C C0 C1 5F 32 81 50 AF 7F 2B 64 01
      </generic_descriptor>
    </service>
    <service service_id="0x0CF0" EIT_schedule="true" EIT_present_following="false" CA_mode="true" running_status="running">
      <service_descriptor service_type="0x02" service_provider_name="SkyItalia" service_name="RADIO 2"/>
      <country_availability_descriptor country_availability="true">
        <country country_code="ITA"/>
      </country_availability_descriptor>
      <private_data_specifier_descriptor private_data_specifier="0x00000002"/>
      <generic_descriptor tag="0xB2">
        1C C0 C1 5F 32 81 50 AF 7F 2B 7D 90
      </generic_descriptor>
    </service>
    <service service_id="0x0CF1" EIT_schedule="true" EIT_present_following="false" CA_mode="true" running_status="running">
      <service_descriptor service_type="0x02" service_provider_name="SkyItalia" service_name="RADIO 3"/>
      <country_availability_descriptor country_availability="true">
        <country country_code="ITA"/>
      </country_availability_descriptor>
      <private_data_specifier_descriptor private_data_specifier="0x00000002"/>
      <generic_descriptor tag="0xB2">
        1C C0 C1 5F 32 81 50 AF 7F 2B 78 E0
      </generic_descriptor>
    </service>
    <service service_id="0x0CF2" EIT_schedule="true" EIT_present_following="false" CA_mode="false" running_status="running">
      <time_shifted_service_descriptor reference_service_id="0x0BEF"/>
      <private_data_specifier_descriptor private_data_specifier="0x00000002"/>
      <generic_descriptor tag="0xB2">
        1C C1 B0 02
      </generic_descriptor>
      <generic_descriptor tag="0xC0">
        05 53 65 6E 61 74 6F 20 49 74 61 6C 69 61 6E 6F
      </generic_descriptor>
    </service>
    <service service_id="0x0CF3" EIT_schedule="true" EIT_present_following="false" CA_mode="true" running_status="running">
      <service_descriptor service_type="0x02" service_provider_name="SkyItalia" service_name="Rai Radio Classica"/>
      <country_availability_descriptor country_availability="true">
        <country country_code="ITA"/>
      </country_availability_descriptor>
      <private_data_specifier_descriptor private_data_specifier="0x00000002"/>
      <generic_descriptor tag="0xB2">
        1C C0 D1 5F 32 92 F3 94 F5 84 99 4C C0 78 73 F0
      </generic_descriptor>
    </service>
    <service service_id="0x0CF5" EIT_schedule="true" EIT_present_following="false" CA_mode="true" running_status="running">
      <service_descriptor service_type="0x02" service_provider_name="SkyItalia" service_name="GR PARLAMENTO"/>
      <country_availability_descriptor country_availability="true">
        <country country_code="ITA"/>
      </country_availability_descriptor>
      <private_data_specifier_descriptor private_data_specifier="0x00000002"/>
      <generic_descriptor tag="0xB2">
        1C C0 D1 5F 25 99 47 40 15 94 3E 85 43 78 10 BD
        66 56
      </generic_descriptor>
    </service>
    <service service_id="0x0CF6" EIT_schedule="true" EIT_present_following="false" CA_mode="true" running_status="running">
      <service_descriptor service_type="0x02" service_provider_name="SkyItalia" service_name="ISORADIO"/>
      <country_availability_descriptor country_availability="true">
        <country country_code="ITA"/>
      </country_availability_descriptor>
      <private_data_specifier_descriptor private_data_specifier="0x00000002"/>
      <generic_descriptor tag="0xB2">
        1C C0 D1 5F 3D FB 4C AF 28 15 0A F7 F2 B0
      </generic_descriptor>
    </service>
    <service service_id="0x0CF7" EIT_schedule="true" EIT_present_following="false" CA_mode="true" running_status="running">
      <service_descriptor service_type="0x02" service_provider_name="SkyItalia" service_name="Rai Radio Techete"/>
      <country_availability_descriptor country_availability="true">
        <country country_code="ITA"/>
      </country_availability_descriptor>
      <private_data_specifier_descriptor private_data_specifier="0x00000002"/>
      <generic_descriptor tag="0xB2">
        1C C0 D1 5F 32 92 F3 94 F5 84 9D 65 49 76 82
      </generic_descriptor>
    </service>
    <service service_id="0x0CF8" EIT_schedule="true" EIT_present_following="false" CA_mode="true" running_status="running">
      <service_descriptor service_type="0x02" service_provider_name="SkyItalia" service_name="Rai Radio Live"/>
      <country_availability_descriptor country_availability="true">
        <country country_code="ITA"/>
      </country_availability_descriptor>
      <private_data_specifier_descriptor private_data_specifier="0x00000002"/>
      <generic_descriptor tag="0xB2">
        1C C0 D1 5F 32 92 F3 94 F5 84 93 E8 E7 A0
      </generic_descriptor>
    </service>
    <service service_id="0x0CF9" EIT_schedule="true" EIT_present_following="false" CA_mode="true" running_status="running">
      <service_descriptor service_type="0x02" service_provider_name="SkyItalia" service_name="Rai Radio Kids"/>
      <country_availability_descriptor country_availability="true">
        <country country_code="ITA"/>
      </country_availability_descriptor>
      <private_data_specifier_descriptor private_data_specifier="0x00000002"/>
      <generic_descriptor tag="0xB2">
        1C C0 D1 5F 32 92 F3 94 F5 84 9F 46 36 00
      </generic_descriptor>
    </service>
  </SDT>
  <SDT version="2" current="true" transport_stream_id="0x3070" original_network_id="0x013E" actual="false">
    <!-- PID 0x0011 (17), first TS packet: 32,420, last: 40,753 -->
    <service service_id="0x213F" EIT_schedule="true" EIT_present_following="false" CA_mode="false" running_status="running">
      <service_descriptor service_type="0x01" service_provider_name="SkyItalia" service_name="Rai 1"/>
      <country_availability_descriptor country_availability="true">
        <country country_code="ITA"/>
      </country_availability_descriptor>
      <private_data_specifier_descriptor private_data_specifier="0x00000002"/>
      <linkage_descriptor transport_stream_id="0x0001" original_network_id="0x013E" service_id="0x0D49" linkage_type="0x9A">
        <private_data>
          03 83 80 52 61 69 20 31
        </private_data>
      </linkage_descriptor>
      <linkage_descriptor transport_stream_id="0x4800" original_network_id="0x017C" service_id="0x0001" linkage_type="0x9A">
        <private_data>
          03 83 80 52 41 49 20 31
        </private_data>
      </linkage_descriptor>
      <linkage_descriptor transport_stream_id="0x4800" original_network_id="0x013E" service_id="0x0D49" linkage_type="0x9A">
        <private_data>
          03 83 80 52 61 69 20 31
        </private_data>
      </linkage_descriptor>
      <linkage_descriptor transport_stream_id="0x5000" original_network_id="0x013E" service_id="0x0D49" linkage_type="0x9A">
        <private_data>
          03 83 80 52 61 69 20 31
        </private_data>
      </linkage_descriptor>
      <linkage_descriptor transport_stream_id="0x8800" original_network_id="0x013E" service_id="0x0D49" linkage_type="0x9A">
        <private_data>
          03 83 80 52 61 69 20 31
        </private_data>
      </linkage_descriptor>
      <linkage_descriptor transport_stream_id="0xA000" original_network_id="0x013E" service_id="0x0D49" linkage_type="0x9A">
        <private_data>
          03 83 80 52 61 69 20 31
        </private_data>
      </linkage_descriptor>
      <linkage_descriptor transport_stream_id="0x9800" original_network_id="0x013E" service_id="0x0D49" linkage_type="0x9A">
        <private_data>
          03 83 80 52 61 69 20 31
        </private_data>
      </linkage_descriptor>
      <linkage_descriptor transport_stream_id="0x4000" original_network_id="0x013E" service_id="0x0D49" linkage_type="0x9A">
        <private_data>
          03 83 20 52 61 69 20 31
        </private_data>
      </linkage_descriptor>
      <generic_descriptor tag="0xB2">
        1C 41 30 25 87 7F 66 48 BC FE E7 85 0F 7F E9 C3
        D1 7C 4C 01 8E 54 BD AD EE 81 DD D3 A4 E5 BD 38
        9B 15 C9 58 AD B6 98 CF 6B 9B 2F 3F B9 E1 7D 83
        EE 92 72 72 07 53 19 0C CD A5 39 6F 4E 26 C5 72
        56 2B 69 9E 78 28 E3 2D F7 EE 5B 0A 10 C7 2A 5D
        65 6F 74 0E EE B0 73 8D 5C 5E 09 06 33 DB 30 F7
        88 49 B9 78 CB B4
      </generic_descriptor>
    </service>
    <service service_id="0x2140" EIT_schedule="true" EIT_present_following="false" CA_mode="false" running_status="running">
      <service_descriptor service_type="0x01" service_provider_name="SkyItalia" service_name="Rai 2"/>
      <country_availability_descriptor country_availability="true">
        <country country_code="ITA"/>
      </country_availability_descriptor>
      <private_data_specifier_descriptor private_data_specifier="0x00000002"/>
      <linkage_descriptor transport_stream_id="0x0001" original_network_id="0x013E" service_id="0x0D4A" linkage_type="0x9A">
        <private_data>
          03 82 80 52 61 69 20 32
        </private_data>
      </linkage_descriptor>
      <linkage_descriptor transport_stream_id="0x4800" original_network_id="0x017C" service_id="0x0002" linkage_type="0x9A">
        <private_data>
          03 82 80 52 41 49 20 32
        </private_data>
      </linkage_descriptor>
      <linkage_descriptor transport_stream_id="0x4800" original_network_id="0x013E" service_id="0x0D4A" linkage_type="0x9A">
        <private_data>
          03 82 80 52 61 69 20 32
        </private_data>
      </linkage_descriptor>
      <linkage_descriptor transport_stream_id="0x5000" original_network_id="0x013E" service_id="0x0D4A" linkage_type="0x9A">
        <private_data>
          03 82 80 52 61 69 20 32
        </private_data>
      </linkage_descriptor>
      <linkage_descriptor transport_stream_id="0x8800" original_network_id="0x013E" service_id="0x0D4A" linkage_type="0x9A">
        <private_data>
          03 82 80 52 61 69 20 32
        </private_data>
      </linkage_descriptor>
      <linkage_descriptor transport_stream_id="0xA000" original_network_id="0x013E" service_id="0x0D4A" linkage_type="0x9A">
        <private_data>
          03 82 80 52 61 69 20 32
        </private_data>
      </linkage_descriptor>
      <linkage_descriptor transport_stream_id="0x9800" original_network_id="0x013E" service_id="0x0D4A" linkage_type="0x9A">
        <private_data>
          03 82 80 52 61 69 20 32
        </private_data>
      </linkage_descriptor>
      <linkage_descriptor transport_stream_id="0x4000" original_network_id="0x013E" service_id="0x0D4A" linkage_type="0x9A">
        <private_data>
          03 82 20 52 61 69 20 32
        </private_data>
      </linkage_descriptor>
      <generic_descriptor tag="0xB2">
        1C 41 30 25 87 7F 66 48 BC FE E7 85 0F 7F E9 C3
        D1 7C 4C 01 8E 54 BD AD EE 81 DD D3 A4 E5 BD 38
        9B 15 C9 58 AD B6 98 CF 6B 9B 2F 3F B9 E1 7D 83
        EE 92 72 72 07 53 19 0C CD A5 39 6F 4E 26 C5 72
        56 2B 69 9E 78 28 E3 2D F7 EE 5B 0A 10 C7 2A 5D
        65 6F 74 0E EE B0 73 8D 5C 5E 09 06 33 DB 30 F7
        88 49 B9 78 CB B4
      </generic_descriptor>
    </service>
    <service service_id="0x2141" EIT_schedule="true" EIT_present_following="false" CA_mode="false" running_status="running">
      <service_descriptor service_type="0x01" service_provider_name="SkyItalia" service_name="Rai 3"/>
      <country_availability_descriptor country_availability="true">
        <country country_code="ITA"/>
      </country_availability_descriptor>
      <private_data_specifier_descriptor private_data_specifier="0x00000002"/>
      <linkage_descriptor transport_stream_id="0x0001" original_network_id="0x013E" service_id="0x0D4B" linkage_type="0x9A">
        <private_data>
          03 81 80 52 61 69 20 33 20 54 47 52 20 43 61 6D
          70 61 6E 69 61
        </private_data>
      </linkage_descriptor>
      <linkage_descriptor transport_stream_id="0x0001" original_network_id="0x013E" service_id="0x0D4B" linkage_type="0x9A">
        <private_data>
          03 81 80 52 61 69 20 33 20 54 47 52 20 4C 61 7A
          69 6F
        </private_data>
      </linkage_descriptor>
      <linkage_descriptor transport_stream_id="0x0001" original_network_id="0x013E" service_id="0x0D4B" linkage_type="0x9A">
        <private_data>
          03 81 80 52 61 69 20 33 20 54 47 52 20 4C 6F 6D
          62 61 72 64 69 61
        </private_data>
      </linkage_descriptor>
      <linkage_descriptor transport_stream_id="0x0001" original_network_id="0x013E" service_id="0x0D4B" linkage_type="0x9A">
        <private_data>
          03 81 80 52 61 69 20 33 20 54 47 52 20 53 69 63
          69 6C 69 61
        </private_data>
      </linkage_descriptor>
      <linkage_descriptor transport_stream_id="0x0001" original_network_id="0x013E" service_id="0x0D4B" linkage_type="0x9A">
        <private_data>
          03 81 80 52 61 69 20 33 20 54 47 52 20 43 61 6C
          61 62 72 69 61
        </private_data>
      </linkage_descriptor>
      <linkage_descriptor transport_stream_id="0x0001" original_network_id="0x013E" service_id="0x0D4B" linkage_type="0x9A">
        <private_data>
          03 81 80 52 61 69 20 33 20 54 47 52 20 42 61 73
          69 6C 69 63 61 74 61
        </private_data>
      </linkage_descriptor>
      <linkage_descriptor transport_stream_id="0x0001" original_network_id="0x013E" service_id="0x0D4B" linkage_type="0x9A">
        <private_data>
          03 81 80 52 61 69 20 33 20 54 47 52 20 4D 6F 6C
          69 73 65
        </private_data>
      </linkage_descriptor>
      <linkage_descriptor transport_stream_id="0x0001" original_network_id="0x013E" service_id="0x0D4B" linkage_type="0x9A">
        <private_data>
          03 81 80 52 61 69 20 33 20 54 47 52 20 56 61 6C
          6C 65 20 44 27 41 6F 73 74 61
        </private_data>
      </linkage_descriptor>
      <linkage_descriptor transport_stream_id="0x4800" original_network_id="0x013E" service_id="0x0D4B" linkage_type="0x9A">
        <private_data>
          03 81 80 52 61 69 20 33 20 54 47 52 20 45 6D 69
          6C 69 61 20 52 6F 6D 61 67 6E 61
        </private_data>
      </linkage_descriptor>
      <linkage_descriptor transport_stream_id="0x5000" original_network_id="0x013E" service_id="0x0D4B" linkage_type="0x9A">
        <private_data>
          03 81 80 52 61 69 20 33 20 54 47 52 20 54 6F 73
          63 61 6E 61
        </private_data>
      </linkage_descriptor>
      <linkage_descriptor transport_stream_id="0x8800" original_network_id="0x013E" service_id="0x0D4B" linkage_type="0x9A">
        <private_data>
          03 81 80 52 61 69 20 33 20 54 47 52 20 50 75 67
          6C 69 61
        </private_data>
      </linkage_descriptor>
      <linkage_descriptor transport_stream_id="0x0001" original_network_id="0x013E" service_id="0x0D4B" linkage_type="0x9A">
        <private_data>
          03 81 80 52 61 69 20 33 20 54 47 52 20 53 61 72
          64 65 67 6E 61
        </private_data>
      </linkage_descriptor>
      <linkage_descriptor transport_stream_id="0x0001" original_network_id="0x013E" service_id="0x0D4B" linkage_type="0x9A">
        <private_data>
          03 81 80 52 61 69 20 33 20 54 47 52 20 54 72 65
          6E 74 69 6E 6F
        </private_data>
      </linkage_descriptor>
      <linkage_descriptor transport_stream_id="0x0001" original_network_id="0x013E" service_id="0x0D4B" linkage_type="0x9A">
        <private_data>
          03 81 80 52 61 69 20 33 20 54 47 52 20 50 69 65
          6D 6F 6E 74 65
        </private_data>
      </linkage_descriptor>
      <linkage_descriptor transport_stream_id="0x4000" original_network_id="0x013E" service_id="0x0D4B" linkage_type="0x9A">
        <private_data>
          03 81 20 52 61 69 20 33 20 54 47 52 20 4C 69 67
          75 72 69 61
        </private_data>
      </linkage_descriptor>
      <generic_descriptor tag="0xB2">
        1C 41 30 25 87 7F 66 48 BC FE E7 85 F1 30 06 39
        52 F6 B7 BA 07 77 4E 93 96 F4 E2 6C 57 25 62 B6
        DA 63 3D AE 6C BC FE E7 85 F6 0F BA 49 C9 C8 1D
        4C 64 33 36 94 E5 BD 38 9B 15 C9 58 AD A6 79 E0
        A3 8C B7 DF B9 6C 28 43 1C A9 75 95 BD D0 3B BA
        C1 CE 35 71 78 24 18 CF 6C C3 DE 21 26 E5 E3 2E
        D0
      </generic_descriptor>
    </service>
    <service service_id="0x2142" EIT_schedule="true" EIT_present_following="false" CA_mode="true" running_status="running">
      <service_descriptor service_type="0x01" service_provider_name="SkyItalia" service_name="Rai 4"/>
      <country_availability_descriptor country_availability="true">
        <country country_code="ITA"/>
      </country_availability_descriptor>
      <private_data_specifier_descriptor private_data_specifier="0x00000002"/>
      <generic_descriptor tag="0xB2">
        1C 41 30 02
      </generic_descriptor>
    </service>
    <service service_id="0x2143" EIT_schedule="false" EIT_present_following="false" CA_mode="true" running_status="running">
      <service_descriptor service_type="0x02" service_provider_name="SkyItalia" service_name="Rai Radio Tutta Italiana"/>
      <country_availability_descriptor country_availability="true">
        <country country_code="ITA"/>
      </country_availability_descriptor>
      <private_data_specifier_descriptor private_data_specifier="0x00000002"/>
      <generic_descriptor tag="0xB2">
        00 C0 D1 5F 32 92 F3 94 F5 84 9D 61 DD EF DE 23
        7F 85
      </generic_descriptor>
    </service>
    <service service_id="0x2144" EIT_schedule="true" EIT_present_following="false" CA_mode="false" running_status="running">
      <service_descriptor service_type="0x01" service_provider_name="SkyItalia" service_name="RAI News"/>
      <country_availability_descriptor country_availability="true">
        <country country_code="ITA"/>
      </country_availability_descriptor>
      <private_data_specifier_descriptor private_data_specifier="0x00000002"/>
      <generic_descriptor tag="0xB2">
        1C 41 B0 02
      </generic_descriptor>
    </service>
    <service service_id="0x2167" EIT_schedule="false" EIT_present_following="false" CA_mode="true" running_status="running">
      <service_descriptor service_type="0x02" service_provider_name="SkyItalia" service_name="Multilingue 1"/>
      <country_availability_descriptor country_availability="true">
        <country country_code="ITA"/>
      </country_availability_descriptor>
      <private_data_specifier_descriptor private_data_specifier="0x00000002"/>
      <generic_descriptor tag="0xB2">
        00 4F E0 02
      </generic_descriptor>
    </service>
    <service service_id="0x2168" EIT_schedule="false" EIT_present_following="false" CA_mode="true" running_status="running">
      <service_descriptor service_type="0x02" service_provider_name="SkyItalia" service_name="MULTILINGUE 2"/>
      <country_availability_descriptor country_availability="true">
        <country country_code="ITA"/>
      </country_availability_descriptor>
      <private_data_specifier_descriptor private_data_specifier="0x00000002"/>
      <generic_descriptor tag="0xB2">
        00 4F E0 02
      </generic_descriptor>
    </service>
    <service service_id="0x216A" EIT_schedule="false" EIT_present_following="false" CA_mode="true" running_status="running">
      <service_descriptor service_type="0x02" service_provider_name="SkyItalia" service_name="RADIO OM UNICA"/>
      <country_availability_descriptor country_availability="true">
        <country country_code="ITA"/>
      </country_availability_descriptor>
      <private_data_specifier_descriptor private_data_specifier="0x00000002"/>
      <generic_descriptor tag="0xB2">
        00 4F E0 02
      </generic_descriptor>
    </service>
    <service service_id="0x216B" EIT_schedule="false" EIT_present_following="false" CA_mode="true" running_status="running">
      <service_descriptor service_type="0x02" service_provider_name="SkyItalia" service_name="RADIO2 MONO"/>
      <country_availability_descriptor country_availability="true">
        <country country_code="ITA"/>
      </country_availability_descriptor>
      <private_data_specifier_descriptor private_data_specifier="0x00000002"/>
      <generic_descriptor tag="0xB2">
        00 4F E0 02
      </generic_descriptor>
    </service>
    <service service_id="0x216C" EIT_schedule="false" EIT_present_following="false" CA_mode="true" running_status="running">
      <service_descriptor service_type="0x02" service_provider_name="SkyItalia" service_name="RADIO3 MONO"/>
      <country_availability_descriptor country_availability="true">
        <country country_code="ITA"/>
      </country_availability_descriptor>
      <private_data_specifier_descriptor private_data_specifier="0x00000002"/>
      <generic_descriptor tag="0xB2">
        00 4F E0 02
      </generic_descriptor>
    </service>
  </SDT>
  <SDT version="28" current="true" transport_stream_id="0x3138" original_network_id="0x013E" actual="false">
    <!-- PID 0x0011 (17), first TS packet: 46,601, last: 47,776 -->
    <service service_id="0x06A5" EIT_schedule="false" EIT_present_following="false" CA_mode="true" running_status="running">
      <service_descriptor service_type="0x01" service_provider_name="SkyItalia" service_name="TV CORAN"/>
      <country_availability_descriptor country_availability="true">
        <country country_code="ITA"/>
      </country_availability_descriptor>
      <private_data_specifier_descriptor private_data_specifier="0x00000002"/>
      <generic_descriptor tag="0xB2">
        00 4F E0 02
      </generic_descriptor>
    </service>
    <service service_id="0x06A7" EIT_schedule="false" EIT_present_following="false" CA_mode="true" running_status="running">
      <service_descriptor service_type="0x01" service_provider_name="SkyItalia" service_name="STRANA TV"/>
      <country_availability_descriptor country_availability="true">
        <country country_code="ITA"/>
      </country_availability_descriptor>
      <private_data_specifier_descriptor private_data_specifier="0x00000002"/>
      <generic_descriptor tag="0xB2">
        00 4F E0 02
      </generic_descriptor>
    </service>
    <service service_id="0x06A9" EIT_schedule="true" EIT_present_following="false" CA_mode="true" running_status="running">
      <service_descriptor service_type="0x01" service_provider_name="SkyItalia" service_name="2 M Monde"/>
      <country_availability_descriptor country_availability="true">
        <country country_code="ITA"/>
      </country_availability_descriptor>
      <private_data_specifier_descriptor private_data_specifier="0x00000002"/>
      <generic_descriptor tag="0xB2">
        1C C0 B0 02
      </generic_descriptor>
    </service>
    <service service_id="0x06AA" EIT_schedule="true" EIT_present_following="false" CA_mode="true" running_status="running">
      <service_descriptor service_type="0x01" service_provider_name="SkyItalia" service_name="CCTV News"/>
      <country_availability_descriptor country_availability="true">
        <country country_code="ITA"/>
      </country_availability_descriptor>
      <private_data_specifier_descriptor private_data_specifier="0x00000002"/>
      <generic_descriptor tag="0xB2">
        1C C0 B0 02
      </generic_descriptor>
    </service>
    <service service_id="0x06AB" EIT_schedule="false" EIT_present_following="false" CA_mode="true" running_status="running">
      <service_descriptor service_type="0x01" service_provider_name="SkyItalia" service_name="SHANT TV"/>
      <country_availability_descriptor country_availability="true">
        <country country_code="ITA"/>
      </country_availability_descriptor>
      <private_data_specifier_descriptor private_data_specifier="0x00000002"/>
      <generic_descriptor tag="0xB2">
        00 4F E0 02
      </generic_descriptor>
    </service>
    <service service_id="0x06AC" EIT_schedule="true" EIT_present_following="false" CA_mode="true" running_status="running">
      <service_descriptor service_type="0x01" service_provider_name="SkyItalia" service_name="RTR Planeta"/>
      <country_availability_descriptor country_availability="true">
        <country country_code="ITA"/>
      </country_availability_descriptor>
      <private_data_specifier_descriptor private_data_specifier="0x00000002"/>
      <generic_descriptor tag="0xB2">
        1C C0 B0 02
      </generic_descriptor>
    </service>
    <service service_id="0x06AE" EIT_schedule="true" EIT_present_following="false" CA_mode="true" running_status="running">
      <service_descriptor service_type="0x01" service_provider_name="SkyItalia" service_name="Vesti"/>
      <country_availability_descriptor country_availability="true">
        <country country_code="ITA"/>
      </country_availability_descriptor>
      <private_data_specifier_descriptor private_data_specifier="0x00000002"/>
      <generic_descriptor tag="0xB2">
        1C C0 B0 02
      </generic_descriptor>
    </service>
    <service service_id="0x06B0" EIT_schedule="true" EIT_present_following="false" CA_mode="true" running_status="running">
      <time_shifted_service_descriptor reference_service_id="0x0BEF"/>
      <private_data_specifier_descriptor private_data_specifier="0x00000002"/>
      <generic_descriptor tag="0xB2">
        1C C0 B0 02
      </generic_descriptor>
      <generic_descriptor tag="0xC0">
        05 54 52 54 20 54 75 72 6B
      </generic_descriptor>
    </service>
    <service service_id="0x06B4" EIT_schedule="false" EIT_present_following="false" CA_mode="true" running_status="running">
      <service_descriptor service_type="0x01" service_provider_name="SkyItalia" service_name="AZTV"/>
      <country_availability_descriptor country_availability="true">
        <country country_code="ITA"/>
      </country_availability_descriptor>
      <private_data_specifier_descriptor private_data_specifier="0x00000002"/>
      <generic_descriptor tag="0xB2">
        00 4F E0 02
      </generic_descriptor>
    </service>
    <service service_id="0x06C4" EIT_schedule="false" EIT_present_following="false" CA_mode="true" running_status="running">
      <service_descriptor service_type="0x02" service_provider_name="SkyItalia" service_name="AZTV RADIO"/>
      <country_availability_descriptor country_availability="true">
        <country country_code="ITA"/>
      </country_availability_descriptor>
      <private_data_specifier_descriptor private_data_specifier="0x00000002"/>
      <generic_descriptor tag="0xB2">
        00 4F E0 02
      </generic_descriptor>
    </service>
    <service service_id="0x0BEF" EIT_schedule="true" EIT_present_following="false" CA_mode="true" running_status="undefined">
      <service_descriptor service_type="0x04" service_provider_name="SkyItalia" service_name="REF 3055"/>
      <country_availability_descriptor country_availability="true">
        <country country_code="ITA"/>
      </country_availability_descriptor>
      <NVOD_reference_descriptor>
        <service transport_stream_id="0x1B58" original_network_id="0x013E" service_id="0x02C4"/>
        <service transport_stream_id="0x3138" original_network_id="0x013E" service_id="0x06B0"/>
        <service transport_stream_id="0x22C4" original_network_id="0x013E" service_id="0x07E1"/>
        <service transport_stream_id="0x1518" original_network_id="0x013E" service_id="0x0CE6"/>
        <service transport_stream_id="0x1518" original_network_id="0x013E" service_id="0x0CF2"/>
        <service transport_stream_id="0x33F4" original_network_id="0x013E" service_id="0x132B"/>
        <service transport_stream_id="0x1C20" original_network_id="0x013E" service_id="0x1C22"/>
        <service transport_stream_id="0x1C20" original_network_id="0x013E" service_id="0x1C38"/>
        <service transport_stream_id="0x24B8" original_network_id="0x013E" service_id="0x200B"/>
        <service transport_stream_id="0x24B8" original_network_id="0x013E" service_id="0x200C"/>
        <service transport_stream_id="0x24B8" original_network_id="0x013E" service_id="0x2010"/>
        <service transport_stream_id="0x13EF" original_network_id="0x013E" service_id="0x2529"/>
        <service transport_stream_id="0x3CF0" original_network_id="0x013E" service_id="0x29D1"/>
        <service transport_stream_id="0x2CEC" original_network_id="0x013E" service_id="0x439F"/>
        <service transport_stream_id="0x0258" original_network_id="0x013E" service_id="0x44DD"/>
      </NVOD_reference_descriptor>
      <private_data_specifier_descriptor private_data_specifier="0x00000002"/>
      <generic_descriptor tag="0xB2">
        1C 41 B0 02
      </generic_descriptor>
    </service>
  </SDT>
  <SDT version="29" current="true" transport_stream_id="0x206C" original_network_id="0xFBFF" actual="false">
    <!-- PID 0x0011 (17), first TS packet: 45,642, last: 50,484 -->
    <service service_id="0x1C29" EIT_schedule="true" EIT_present_following="false" CA_mode="true" running_status="running">
      <service_descriptor service_type="0x19" service_provider_name="SkyItalia" service_name="Sky Supercalcio HD"/>
      <country_availability_descriptor country_availability="true">
        <country country_code="ITA"/>
      </country_availability_descriptor>
      <private_data_specifier_descriptor private_data_specifier="0x00000002"/>
      <generic_descriptor tag="0xB2">
        1C 41 50 2D 28 33 85 D4 C3 F0 A7 A7 77 BF 73 1B
        4A D8 D2 14 D3 D3 BB DF B9 8D A5 6C 69 F4 CC 7D
        08 DA A6 EB 7D FB 03 C9 EE 44 91 E9 E1 FD C9 9E
        9E 4A 28 F5 FB F7 49 2F 3D DD 36 5F 27 26 C7 FD
        F4 7B 4E A6 81 CF 93 BC 33 FE 66 52 D8 7F 3E C8
        3D 7F 5E 69 04 9C 9C DE E9 27 26 93 9E 5E 78 24
        18 CF 6C C3 DE 21 26 E5 E3 2E D0
      </generic_descriptor>
    </service>
    <service service_id="0x1C32" EIT_schedule="true" EIT_present_following="false" CA_mode="true" running_status="running">
      <service_descriptor service_type="0x19" service_provider_name="SkyItalia" service_name="DiscoveryT&amp;L HD"/>
      <country_availability_descriptor country_availability="true">
        <country country_code="ITA"/>
      </country_availability_descriptor>
      <private_data_specifier_descriptor private_data_specifier="0x00000002"/>
      <generic_descriptor tag="0xB2">
        1C 41 90 31 33 9E DF 5B A4 58 86 5C 5B 16 3D 90
        7B FC 51 0B 03 9C 7E 18 63 83 C9 DC EA FE 0F F7
        BB 7F E2 AB F4 B0 6C 57 80 77 69 F2 26 E8 1D F6
        EB BA 4E 62 7E 6E 8D 09 5E 9F 17 90 90 FC 2B 07
        9B 61 FC FF 22 9E F2 12 41 EB FA F3 48 24 E4 E6
        F7 49 39 34 9C E3 57 17 82 41 8C F6 CC 3D E2 12
        6E 5E 32 ED 05
      </generic_descriptor>
    </service>
    <service service_id="0x1C34" EIT_schedule="true" EIT_present_following="false" CA_mode="true" running_status="running">
      <country_availability_descriptor country_availability="true">
        <country country_code="ITA"/>
      </country_availability_descriptor>
      <private_data_specifier_descriptor private_data_specifier="0x00000002"/>
      <service_descriptor service_type="0x82" service_provider_name="SkyItalia" service_name="Sky Sport 3 HD"/>
      <generic_descriptor tag="0xB2">
        1C 41 50 02
      </generic_descriptor>
    </service>
    <service service_id="0x1C38" EIT_schedule="true" EIT_present_following="false" CA_mode="true" running_status="running">
      <service_descriptor service_type="0x19" service_provider_name="SkyItalia" service_name="Cinema +24 HD"/>
      <country_availability_descriptor country_availability="true">
        <country country_code="ITA"/>
      </country_availability_descriptor>
      <private_data_specifier_descriptor private_data_specifier="0x00000002"/>
      <generic_descriptor tag="0xB2">
        1C 61 70 2D 39 A9 73 96 F1 7D 94 D5 53 EC 0D A6
        33 DA E9 39 89 F9 BA 34 25 7A 7C 5E 42 43 F0 AE
        0E BE F5 84 6D CE 2C E4 C3 9A 0A DF DA 75 D8 86
        5C 5B 17 F7 ED 47 B1 8A 9E 75 54 FF 48 3D FC D8
        C9 4C CA 5B 0F E7 F9 14 F7 90 92 0F 5F D7 9A 41
        27 27 37 BA 49 C9 85
      </generic_descriptor>
    </service>
    <service service_id="0x1C3B" EIT_schedule="true" EIT_present_following="false" CA_mode="true" running_status="running">
      <country_availability_descriptor country_availability="true">
        <country country_code="ITA"/>
      </country_availability_descriptor>
      <private_data_specifier_descriptor private_data_specifier="0x00000002"/>
      <service_descriptor service_type="0x82" service_provider_name="SkyItalia" service_name="Uomo partita"/>
      <generic_descriptor tag="0xB2">
        1C 41 50 02
      </generic_descriptor>
    </service>
    <service service_id="0x1C3E" EIT_schedule="true" EIT_present_following="false" CA_mode="true" running_status="running">
      <service_descriptor service_type="0x19" service_provider_name="SkyItalia" service_name="Sky Supercalcio HD"/>
      <country_availability_descriptor country_availability="true">
        <country country_code="ITA"/>
      </country_availability_descriptor>
      <private_data_specifier_descriptor private_data_specifier="0x00000002"/>
      <generic_descriptor tag="0xB2">
        1C 41 51 7F 2D 28 33 85 D4 C3 F0 A7 A7 77 BF 73
        1B 4A D8 D2 14 D3 D3 BB DF B9 8D A5 6C 69 F4 CC
        7D 09 6A 9B AD F7 EC 0F 27 B9 12 47 A7 87 F7 26
        7A 79 28 A3 D7 EF DD 24 BC F7 74 D9 7C 9C 9B 1F
        F7 D1 ED 3A 9A 07 3E 4E F0 CF F9 99 4B 61 FC FB
        20 F5 FD 79 A4 12 72 73 7B A4 9C 9A 4E 79 79 E0
        90 63 3D B3 0F 78 84 9B 97 8C BB 41
      </generic_descriptor>
    </service>
    <service service_id="0x1C3F" EIT_schedule="true" EIT_present_following="false" CA_mode="true" running_status="running">
      <service_descriptor service_type="0x19" service_provider_name="SkyItalia" service_name="Cinema Passion HD"/>
      <country_availability_descriptor country_availability="true">
        <country country_code="ITA"/>
      </country_availability_descriptor>
      <private_data_specifier_descriptor private_data_specifier="0x00000002"/>
      <generic_descriptor tag="0xB2">
        1C 61 70 2D 39 A9 73 96 F1 7D 94 D5 53 EC 0D A6
        33 DA E9 39 89 F9 BA 34 25 7A 7C 5E 42 43 F0 AE
        0E BE F5 84 6D CE 2C E4 C3 9A 0A DF DA 75 D8 86
        5C 5B 17 F7 ED 47 B1 8A 9E 75 54 FF 48 3D FC D8
        C9 4C CA 5B 0F E7 F9 14 F7 90 92 0F 5F D7 9A 41
        27 27 37 BA 49 C9 A1
      </generic_descriptor>
    </service>
    <service service_id="0x1C40" EIT_schedule="true" EIT_present_following="false" CA_mode="true" running_status="running">
      <country_availability_descriptor country_availability="true">
        <country country_code="ITA"/>
      </country_availability_descriptor>
      <private_data_specifier_descriptor private_data_specifier="0x00000002"/>
      <service_descriptor service_type="0x82" service_provider_name="SkyItalia" service_name="Sky Supercalcio HD"/>
      <generic_descriptor tag="0xB2">
        1C 41 50 02
      </generic_descriptor>
    </service>
    <service service_id="0x1C50" EIT_schedule="true" EIT_present_following="false" CA_mode="true" running_status="running">
      <service_descriptor service_type="0x19" service_provider_name="SkyItalia" service_name="Sky Sport 3 HD"/>
      <country_availability_descriptor country_availability="true">
        <country country_code="ITA"/>
      </country_availability_descriptor>
      <private_data_specifier_descriptor private_data_specifier="0x00000002"/>
      <generic_descriptor tag="0xB2">
        1C 61 50 2D 28 33 85 D4 C3 F0 A7 C6 DA 46 5B EB
        03 69 8C F6 C8 DB 4A D8 D2 15 83 C0 3B 65 1F DC
        4F F0 CE AC 1D 06 EA 21 AD B8 9F E1 9D 58 27 D1
        0F F8 3E 9C 9B 14 0F 22 1F F0 7A 77 7A 28 B2 CD
        03 03 C6 16 E2 3B 31 90 34 C3 4B A5 2C D0 34 F7
        F7 E8 A7 BB B1 41 19 6F B3 32 96 C3 F9 F6 41 EB
        FA F3 48 24 E4 E6 F7 49 39 34 90 63 3D B3 0F 78
        84 9B 97 8C BB 41
      </generic_descriptor>
    </service>
    <service service_id="0x1C57" EIT_schedule="true" EIT_present_following="false" CA_mode="true" running_status="running">
      <service_descriptor service_type="0x19" service_provider_name="SkyItalia" service_name="CinemaFamilyHD"/>
      <country_availability_descriptor country_availability="true">
        <country country_code="ITA"/>
      </country_availability_descriptor>
      <private_data_specifier_descriptor private_data_specifier="0x00000002"/>
      <generic_descriptor tag="0xB2">
        1C 61 70 2D 39 A9 73 96 F1 7D 94 D5 53 EC 0D A6
        33 DA E9 39 89 F9 BA 34 25 7A 7C 5E 42 43 F0 AE
        0E BE F5 84 6D CE 2C E4 C3 9A 0A DF DA 75 D8 86
        5C 5B 17 F7 ED 47 B1 8A 9E 75 54 FF 48 3D FC D8
        C9 4C CA 5B 0F E7 F9 14 F7 90 92 0F 5F D7 9A 41
        27 27 37 BA 49 C9 A1
      </generic_descriptor>
    </service>
    <service service_id="0x1C5C" EIT_schedule="true" EIT_present_following="false" CA_mode="true" running_status="running">
      <service_descriptor service_type="0x19" service_provider_name="SkyItalia" service_name="TV8 HD"/>
      <country_availability_descriptor country_availability="true">
        <country country_code="ITA"/>
      </country_availability_descriptor>
      <private_data_specifier_descriptor private_data_specifier="0x00000002"/>
      <generic_descriptor tag="0xB2">
        1C 61 30 02
      </generic_descriptor>
    </service>
    <service service_id="0x1C7D" EIT_schedule="false" EIT_present_following="false" CA_mode="true" running_status="running">
      <private_data_specifier_descriptor private_data_specifier="0x00000002"/>
      <service_descriptor service_type="0xFB" service_provider_name="SkyItalia" service_name="Fusion BGDL 7293"/>
      <generic_descriptor tag="0xB2">
        00 41 10 02
      </generic_descriptor>
    </service>
    <service service_id="0x1C80" EIT_schedule="false" EIT_present_following="false" CA_mode="true" running_status="running">
      <country_availability_descriptor country_availability="true">
        <country country_code="ITA"/>
      </country_availability_descriptor>
      <private_data_specifier_descriptor private_data_specifier="0x00000002"/>
      <service_descriptor service_type="0x83" service_provider_name="SkyItalia" service_name="IEPG Data"/>
      <generic_descriptor tag="0xB2">
        00 41 F0 02
      </generic_descriptor>
    </service>
    <service service_id="0x2CF4" EIT_schedule="true" EIT_present_following="false" CA_mode="true" running_status="running">
      <service_descriptor service_type="0x19" service_provider_name="SkyItalia" service_name="CinemaFamily+1HD"/>
      <country_availability_descriptor country_availability="true">
        <country country_code="ITA"/>
      </country_availability_descriptor>
      <private_data_specifier_descriptor private_data_specifier="0x00000002"/>
      <generic_descriptor tag="0xB2">
        1C 41 70 2D 39 A9 73 96 F1 7D 94 D5 53 EC 0D A6
        33 DA E9 39 89 F9 BA 34 25 7A 7C 5E 42 43 F0 AE
        0E BE F5 84 6D CE 2C E4 C3 9A 0A DF DA 75 D8 86
        5C 5B 17 F7 ED 47 B1 8A 9E 75 54 FF 48 3D FC D8
        C9 4C CA 5B 0F E7 F9 14 F7 90 92 0F 5F D7 9A 41
        27 27 37 BA 49 C9 85
      </generic_descriptor>
    </service>
    <service service_id="0x2D00" EIT_schedule="true" EIT_present_following="false" CA_mode="true" running_status="running">
      <service_descriptor service_type="0x19" service_provider_name="SkyItalia" service_name="Sky Atlantic +1 HD"/>
      <country_availability_descriptor country_availability="true">
        <country country_code="ITA"/>
      </country_availability_descriptor>
      <private_data_specifier_descriptor private_data_specifier="0x00000002"/>
      <generic_descriptor tag="0xB2">
        1C 61 30 21 65 74 FE C5 6E 9B 4C 67 B5 0A EE 65
        FA 3C A1 6B 1F 90 30 FC 2B 07 2D E7 F7 3D 4D 8B
        78 F3 FE 93 EE AC F4 FF 9E 73 27 FB 4D 31 EE A2
        1F F6 9F 63 A6 4E 6D 39 6F 15 69 F7 57 D1 4C 7B
        2B 07 1A 12 B8 A6 C7 73 FD A6 D3 19 ED 99 94 B6
        1F CF F2 2C 83 D7 F5 E4 12 72 7E E9 27 26 92 0C
        67 B6 61 EF 10 93 72 F1 97 68
      </generic_descriptor>
    </service>
  </SDT>
  <SDT version="28" current="true" transport_stream_id="0x2774" original_network_id="0xFBFF" actual="true">
    <!-- PID 0x0011 (17), first TS packet: 19,827, last: 53,799 -->
    <service service_id="0x0585" EIT_schedule="true" EIT_present_following="true" CA_mode="true" running_status="running">
      <service_descriptor service_type="0x01" service_provider_name="SkyItalia" service_name="LEI +1"/>
      <country_availability_descriptor country_availability="true">
        <country country_code="ITA"/>
      </country_availability_descriptor>
      <private_data_specifier_descriptor private_data_specifier="0x00000002"/>
      <generic_descriptor tag="0xB2">
        1C 41 30 31 33 9E DF 5B A7 13 8E 0E 5B CF EE 7A
        9C 70 D4 44 68 4A E2 9E 4D D4 51 6A CB AC 1A 72
        D8 AA 5C 4F 8B C8 4D 5A 6E F6 AE 31 55 FA 4E 93
        AE FB 1D D6 48 6C F4 9B FC 44 0A 75 3F BF 6B 8F
        98 3C DB 0F E7 F9 14 F7 90 92 0F 5F D7 9A 41 27
        27 37 BA 49 C9 A4 E7 1A B8 BC 12 0C 67 B6 61 EF
        10 93 72 F1 97 68
      </generic_descriptor>
    </service>
    <service service_id="0x05BD" EIT_schedule="true" EIT_present_following="true" CA_mode="true" running_status="running">
      <service_descriptor service_type="0x01" service_provider_name="SkyItalia" service_name="Real Time +1"/>
      <country_availability_descriptor country_availability="true">
        <country country_code="ITA"/>
      </country_availability_descriptor>
      <private_data_specifier_descriptor private_data_specifier="0x00000002"/>
      <generic_descriptor tag="0xB2">
        1C 41 30 31 33 9E DF 5B A7 5D F6 3B AC 90 D9 E9
        37 F8 88 14 EA 7F 7E D7 1F 1A 72 D8 AA 5C 4F 8B
        C8 4D 5A 6E F6 AE 31 55 FA 58 3C DB 0F E7 D9 07
        AF EB CD 20 93 93 9B DD 24 E4 C2
      </generic_descriptor>
    </service>
    <service service_id="0x0BB8" EIT_schedule="true" EIT_present_following="true" CA_mode="true" running_status="undefined">
      <service_descriptor service_type="0x04" service_provider_name="SkyItalia" service_name="PUSH REF SD 3000"/>
      <country_availability_descriptor country_availability="true">
        <country country_code="ITA"/>
      </country_availability_descriptor>
      <NVOD_reference_descriptor>
        <service transport_stream_id="0x2774" original_network_id="0xFBFF" service_id="0x2D68"/>
      </NVOD_reference_descriptor>
      <private_data_specifier_descriptor private_data_specifier="0x00000002"/>
      <generic_descriptor tag="0xB2">
        1C 41 70 02
      </generic_descriptor>
    </service>
    <service service_id="0x2D46" EIT_schedule="false" EIT_present_following="false" CA_mode="true" running_status="running">
      <private_data_specifier_descriptor private_data_specifier="0x00000002"/>
      <service_descriptor service_type="0xFB" service_provider_name="SkyItalia" service_name="Fusion BGDL 11590"/>
      <generic_descriptor tag="0xB2">
        00 41 10 02
      </generic_descriptor>
    </service>
    <service service_id="0x2D48" EIT_schedule="true" EIT_present_following="true" CA_mode="true" running_status="running">
      <service_descriptor service_type="0x01" service_provider_name="SkyItalia" service_name="TEST 156"/>
      <country_availability_descriptor country_availability="true">
        <country country_code="ITA"/>
      </country_availability_descriptor>
      <private_data_specifier_descriptor private_data_specifier="0x00000002"/>
      <generic_descriptor tag="0xB2">
        1C 41 30 02
      </generic_descriptor>
    </service>
    <service service_id="0x2D49" EIT_schedule="false" EIT_present_following="false" CA_mode="true" running_status="running">
      <country_availability_descriptor country_availability="true">
        <country country_code="ITA"/>
      </country_availability_descriptor>
      <private_data_specifier_descriptor private_data_specifier="0x00000002"/>
      <service_descriptor service_type="0x84" service_provider_name="SkyItalia" service_name="Dl671"/>
      <generic_descriptor tag="0xB2">
        00 41 10 02
      </generic_descriptor>
    </service>
    <service service_id="0x2D4D" EIT_schedule="true" EIT_present_following="true" CA_mode="true" running_status="running">
      <service_descriptor service_type="0x19" service_provider_name="SkyItalia" service_name="AdSmart"/>
      <country_availability_descriptor country_availability="true">
        <country country_code="ITA"/>
      </country_availability_descriptor>
      <private_data_specifier_descriptor private_data_specifier="0x00000002"/>
      <generic_descriptor tag="0xB2">
        1C 41 30 02
      </generic_descriptor>
    </service>
    <service service_id="0x2D4F" EIT_schedule="false" EIT_present_following="false" CA_mode="true" running_status="running">
      <country_availability_descriptor country_availability="true">
        <country country_code="ITA"/>
      </country_availability_descriptor>
      <private_data_specifier_descriptor private_data_specifier="0x00000002"/>
      <service_descriptor service_type="0x83" service_provider_name="SkyItalia" service_name="IEPG Data"/>
      <generic_descriptor tag="0xB2">
        00 41 10 02
      </generic_descriptor>
    </service>
    <service service_id="0x2D51" EIT_schedule="true" EIT_present_following="true" CA_mode="true" running_status="running">
      <service_descriptor service_type="0x01" service_provider_name="SkyItalia" service_name="Primafila 17"/>
      <country_availability_descriptor country_availability="true">
        <country country_code="ITA"/>
      </country_availability_descriptor>
      <private_data_specifier_descriptor private_data_specifier="0x00000002"/>
      <generic_descriptor tag="0xB2">
        1C 41 70 02
      </generic_descriptor>
    </service>
    <service service_id="0x2D53" EIT_schedule="true" EIT_present_following="true" CA_mode="true" running_status="running">
      <service_descriptor service_type="0x01" service_provider_name="SkyItalia" service_name="Primafila 16"/>
      <country_availability_descriptor country_availability="true">
        <country country_code="ITA"/>
      </country_availability_descriptor>
      <private_data_specifier_descriptor private_data_specifier="0x00000002"/>
      <generic_descriptor tag="0xB2">
        1C 41 70 02
      </generic_descriptor>
    </service>
    <service service_id="0x2D54" EIT_schedule="true" EIT_present_following="true" CA_mode="true" running_status="running">
      <service_descriptor service_type="0x01" service_provider_name="SkyItalia" service_name="Primafila 18"/>
      <country_availability_descriptor country_availability="true">
        <country country_code="ITA"/>
      </country_availability_descriptor>
      <private_data_specifier_descriptor private_data_specifier="0x00000002"/>
      <generic_descriptor tag="0xB2">
        1C 41 70 02
      </generic_descriptor>
    </service>
    <service service_id="0x2D55" EIT_schedule="true" EIT_present_following="true" CA_mode="true" running_status="running">
      <service_descriptor service_type="0x01" service_provider_name="SkyItalia" service_name="Primafila 19"/>
      <country_availability_descriptor country_availability="true">
        <country country_code="ITA"/>
      </country_availability_descriptor>
      <private_data_specifier_descriptor private_data_specifier="0x00000002"/>
      <generic_descriptor tag="0xB2">
        1C 41 70 02
      </generic_descriptor>
    </service>
    <service service_id="0x2D56" EIT_schedule="true" EIT_present_following="true" CA_mode="true" running_status="running">
      <service_descriptor service_type="0x01" service_provider_name="SkyItalia" service_name="Sky Calcio 8"/>
      <country_availability_descriptor country_availability="true">
        <country country_code="ITA"/>
      </country_availability_descriptor>
      <private_data_specifier_descriptor private_data_specifier="0x00000002"/>
      <generic_descriptor tag="0xB2">
        1C 41 51 7F 2D 0B C6 E9 36 98 CF 6B 28 7B 91 27
        3D BC 5E 9D DE FD CC 6D 2B 63 48 53 4F 4E EF 7E
        E6 36 95 B1 A7 D3 31 F4 23 6A 9B AD F7 EC 0F 27
        B9 12 47 A7 87 F7 26 7A 79 28 A3 D7 EF DD 24 BC
        F7 74 D9 7C 9C 9B 1F F7 D1 ED 3A 9A 07 3E 4E F0
        CF F9 A5 2D 87 F3 EC 83 D7 F5 E4 12 72 7E E9 27
        26 93 9E 5E 78 24 18 CF 6C C3 DE 21 26 E5 E3 2E
        D0
      </generic_descriptor>
    </service>
    <service service_id="0x2D57" EIT_schedule="true" EIT_present_following="true" CA_mode="true" running_status="running">
      <service_descriptor service_type="0x01" service_provider_name="SkyItalia" service_name="Primafila 15"/>
      <country_availability_descriptor country_availability="true">
        <country country_code="ITA"/>
      </country_availability_descriptor>
      <private_data_specifier_descriptor private_data_specifier="0x00000002"/>
      <generic_descriptor tag="0xB2">
        1C 41 70 02
      </generic_descriptor>
    </service>
    <service service_id="0x2D5B" EIT_schedule="true" EIT_present_following="true" CA_mode="true" running_status="running">
      <service_descriptor service_type="0x01" service_provider_name="SkyItalia" service_name="Sky Sport Plus"/>
      <country_availability_descriptor country_availability="true">
        <country country_code="ITA"/>
      </country_availability_descriptor>
      <private_data_specifier_descriptor private_data_specifier="0x00000002"/>
      <generic_descriptor tag="0xB2">
        1C 41 50 2D 28 33 85 CB 62 A9 71 36 53 69 5B 1A
        42 B0 7C 84 E0 1D B2 8F EE 27 F8 67 56 0E 63 A0
        DD 44 35 B7 13 FC 33 AB 07 31 3E 88 7F C1 CC 7D
        39 36 28 1E 44 3F E0 F4 EE F4 51 65 9A 06 07 8C
        2D C4 76 63 20 69 86 97 4A 59 A0 69 EF EF D1 4F
        77 62 82 32 DF 66 65 2D 87 F3 EC 83 D7 F5 E6 90
        49 C9 CD EE 92 72 69 20 C6 7B 66 1E F1 09 37 2F
        19 76 82
      </generic_descriptor>
    </service>
    <service service_id="0x2D5D" EIT_schedule="true" EIT_present_following="true" CA_mode="true" running_status="running">
      <service_descriptor service_type="0x01" service_provider_name="SkyItalia" service_name="Sky Calcio 9"/>
      <country_availability_descriptor country_availability="true">
        <country country_code="ITA"/>
      </country_availability_descriptor>
      <private_data_specifier_descriptor private_data_specifier="0x00000002"/>
      <generic_descriptor tag="0xB2">
        1C 41 51 7F 2D 0B C6 E9 36 98 CF 6B 28 7B 91 27
        3D BC 5E 9D DE FD CC 6D 2B 63 48 53 4F 4E EF 7E
        E6 36 95 B1 A7 D3 31 F4 23 6A 9B AD F7 EC 0F 27
        B9 12 47 A7 87 F7 26 7A 79 28 A3 D7 EF DD 24 BC
        F7 74 D9 7C 9C 9B 1F F7 D1 ED 3A 9A 07 3E 4E F0
        CF F9 A5 2D 87 F3 EC 83 D7 F5 E4 12 72 7E E9 27
        26 93 9E 5E 78 24 18 CF 6C C3 DE 21 26 E5 E3 2E
        D0
      </generic_descriptor>
    </service>
    <service service_id="0x2D5F" EIT_schedule="true" EIT_present_following="true" CA_mode="true" running_status="running">
      <service_descriptor service_type="0x01" service_provider_name="SkyItalia" service_name="Sky Calcio 10"/>
      <country_availability_descriptor country_availability="true">
        <country country_code="ITA"/>
      </country_availability_descriptor>
      <private_data_specifier_descriptor private_data_specifier="0x00000002"/>
      <generic_descriptor tag="0xB2">
        1C 41 51 7F 2D 0B C6 E9 36 98 CF 6B 28 7B 91 27
        3D BC 5E 9D DE FD CC 6D 2B 63 48 53 4F 4E EF 7E
        E6 36 95 B1 A7 D3 31 F4 23 6A 9B AD F7 EC 0F 27
        B9 12 47 A7 87 F7 26 7A 79 28 A3 D7 EF DD 24 BC
        F7 74 D9 7C 9C 9B 1F F7 D1 ED 3A 9A 07 3E 4E F0
        CF F9 A5 2D 87 F3 EC 83 D7 F5 E4 12 72 7E E9 27
        26 93 9E 5E 78 24 18 CF 6C C3 DE 21 26 E5 E3 2E
        D0
      </generic_descriptor>
    </service>
    <service service_id="0x2D61" EIT_schedule="true" EIT_present_following="true" CA_mode="true" running_status="running">
      <service_descriptor service_type="0x01" service_provider_name="SkyItalia" service_name="Sky Calcio 11"/>
      <country_availability_descriptor country_availability="true">
        <country country_code="ITA"/>
      </country_availability_descriptor>
      <private_data_specifier_descriptor private_data_specifier="0x00000002"/>
      <generic_descriptor tag="0xB2">
        1C 41 51 7F 2D 0B C6 E9 36 98 CF 6B 28 7B 91 27
        3D BC 5E 9D DE FD CC 6D 2B 63 48 53 4F 4E EF 7E
        E6 36 95 B1 A7 D3 31 F4 23 6A 9B AD F7 EC 0F 27
        B9 12 47 A7 87 F7 26 7A 79 28 A3 D7 EF DD 24 BC
        F7 74 D9 7C 9C 9B 1F F7 D1 ED 3A 9A 07 3E 4E F0
        CF F9 A5 2D 87 F3 EC 83 D7 F5 E4 12 72 7E E9 27
        26 93 9E 5E 78 24 18 CF 6C C3 DE 21 26 E5 E3 2E
        D0
      </generic_descriptor>
    </service>
    <service service_id="0x2D62" EIT_schedule="true" EIT_present_following="true" CA_mode="true" running_status="running">
      <service_descriptor service_type="0x01" service_provider_name="SkyItalia" service_name="Sky Calcio 12"/>
      <country_availability_descriptor country_availability="true">
        <country country_code="ITA"/>
      </country_availability_descriptor>
      <private_data_specifier_descriptor private_data_specifier="0x00000002"/>
      <generic_descriptor tag="0xB2">
        1C 41 51 7F 2D 0B C6 E9 36 98 CF 6B 28 7B 91 27
        3D BC 5E 9D DE FD CC 6D 2B 63 48 53 4F 4E EF 7E
        E6 36 95 B1 A7 D3 31 F4 23 6A 9B AD F7 EC 0F 27
        B9 12 47 A7 87 F7 26 7A 79 28 A3 D7 EF DD 24 BC
        F7 74 D9 7C 9C 9B 1F F7 D1 ED 3A 9A 07 3E 4E F0
        CF F9 A5 2D 87 F3 EC 83 D7 F5 E4 12 72 7E E9 27
        26 93 9E 5E 78 24 18 CF 6C C3 DE 21 26 E5 E3 2E
        D0
      </generic_descriptor>
    </service>
    <service service_id="0x2D63" EIT_schedule="true" EIT_present_following="true" CA_mode="true" running_status="running">
      <service_descriptor service_type="0x01" service_provider_name="SkyItalia" service_name="Sky Calcio 13"/>
      <country_availability_descriptor country_availability="true">
        <country country_code="ITA"/>
      </country_availability_descriptor>
      <private_data_specifier_descriptor private_data_specifier="0x00000002"/>
      <generic_descriptor tag="0xB2">
        1C 41 51 7F 2D 0B C6 E9 36 98 CF 6B 28 7B 91 27
        3D BC 5E 9D DE FD CC 6D 2B 63 48 53 4F 4E EF 7E
        E6 36 95 B1 A7 D3 31 F4 23 6A 9B AD F7 EC 0F 27
        B9 12 47 A7 87 F7 26 7A 79 28 A3 D7 EF DD 24 BC
        F7 74 D9 7C 9C 9B 1F F7 D1 ED 3A 9A 07 3E 4E F0
        CF F9 A5 2D 87 F3 EC 83 D7 F5 E4 12 72 7E E9 27
        26 93 9E 5E 78 24 18 CF 6C C3 DE 21 26 E5 E3 2E
        D0
      </generic_descriptor>
    </service>
    <service service_id="0x2D65" EIT_schedule="true" EIT_present_following="true" CA_mode="true" running_status="running">
      <service_descriptor service_type="0x01" service_provider_name="SkyItalia" service_name="Primafila 1"/>
      <country_availability_descriptor country_availability="true">
        <country country_code="ITA"/>
      </country_availability_descriptor>
      <private_data_specifier_descriptor private_data_specifier="0x00000002"/>
      <generic_descriptor tag="0xB2">
        1C 41 70 02
      </generic_descriptor>
    </service>
    <service service_id="0x2D68" EIT_schedule="true" EIT_present_following="true" CA_mode="true" running_status="running">
      <time_shifted_service_descriptor reference_service_id="0x0BB8"/>
      <private_data_specifier_descriptor private_data_specifier="0x00000002"/>
      <generic_descriptor tag="0xB2">
        1C 41 70 02
      </generic_descriptor>
      <generic_descriptor tag="0xC0">
        05 53 6B 79 20 53 65 6C 65 63 74 69 6F 6E
      </generic_descriptor>
    </service>
  </SDT>
  <SDT version="28" current="true" transport_stream_id="0x3200" original_network_id="0x013E" actual="false">
    <!-- PID 0x0011 (17), first TS packet: 57,044, last: 57,044 -->
  </SDT>
  <SDT version="28" current="true" transport_stream_id="0x32C8" original_network_id="0x013E" actual="false">
    <!-- PID 0x0011 (17), first TS packet: 57,478, last: 57,478 -->
    <service service_id="0x390F" EIT_schedule="false" EIT_present_following="false" CA_mode="true" running_status="running">
      <service_descriptor service_type="0x01" service_provider_name="SkyItalia" service_name="R1"/>
      <country_availability_descriptor country_availability="true">
        <country country_code="ITA"/>
      </country_availability_descriptor>
      <private_data_specifier_descriptor private_data_specifier="0x00000002"/>
      <generic_descriptor tag="0xB2">
        00 4F E0 02
      </generic_descriptor>
    </service>
  </SDT>
  <SDT version="28" current="true" transport_stream_id="0x16A8" original_network_id="0xFBFF" actual="false">
    <!-- PID 0x0011 (17), first TS packet: 58,435, last: 59,199 -->
    <service service_id="0x0E39" EIT_schedule="true" EIT_present_following="false" CA_mode="true" running_status="running">
      <service_descriptor service_type="0x01" service_provider_name="SkyItalia" service_name="NationalGeo"/>
      <country_availability_descriptor country_availability="true">
        <country country_code="ITA"/>
      </country_availability_descriptor>
      <private_data_specifier_descriptor private_data_specifier="0x00000002"/>
      <generic_descriptor tag="0xB2">
        1C 41 90 31 33 9E DF 5B A4 58 86 5C 5B 16 3D 90
        7B FC 51 0B 02 0E 46 AE 6B F8 37 FF 4E DF F0 78
        DB 4F 6B 9B 97 8C 31 FE 0F 36 C3 F9 FE 45 3D E4
        24 83 D7 F5 E6 90 49 C9 CD EE 92 72 68
      </generic_descriptor>
    </service>
    <service service_id="0x0E3F" EIT_schedule="true" EIT_present_following="false" CA_mode="true" running_status="running">
      <service_descriptor service_type="0x01" service_provider_name="SkyItalia" service_name="TV8"/>
      <country_availability_descriptor country_availability="true">
        <country country_code="ITA"/>
      </country_availability_descriptor>
      <private_data_specifier_descriptor private_data_specifier="0x00000002"/>
      <linkage_descriptor transport_stream_id="0x0200" original_network_id="0x001D" service_id="0x0266" linkage_type="0x9A">
        <private_data>
          15 2F 40
        </private_data>
      </linkage_descriptor>
      <linkage_descriptor transport_stream_id="0x0200" original_network_id="0x001D" service_id="0x0096" linkage_type="0x9A">
        <private_data>
          15 2F 40
        </private_data>
      </linkage_descriptor>
      <linkage_descriptor transport_stream_id="0x0200" original_network_id="0x001D" service_id="0x0267" linkage_type="0x9A">
        <private_data>
          15 2F 40
        </private_data>
      </linkage_descriptor>
      <generic_descriptor tag="0xB2">
        1C 40 30 02
      </generic_descriptor>
    </service>
    <service service_id="0x0E47" EIT_schedule="true" EIT_present_following="false" CA_mode="true" running_status="running">
      <service_descriptor service_type="0x01" service_provider_name="SkyItalia" service_name="GIALLO"/>
      <country_availability_descriptor country_availability="true">
        <country country_code="ITA"/>
      </country_availability_descriptor>
      <private_data_specifier_descriptor private_data_specifier="0x00000002"/>
      <linkage_descriptor transport_stream_id="0x0204" original_network_id="0x001D" service_id="0x0010" linkage_type="0x9A">
        <private_data>
          0E 47 00 47 49 41 4C 4C 4F
        </private_data>
      </linkage_descriptor>
      <generic_descriptor tag="0xB2">
        1C 41 30 02
      </generic_descriptor>
    </service>
    <service service_id="0x0E4B" EIT_schedule="true" EIT_present_following="false" CA_mode="true" running_status="running">
      <service_descriptor service_type="0x01" service_provider_name="SkyItalia" service_name="Focus"/>
      <country_availability_descriptor country_availability="true">
        <country country_code="ITA"/>
      </country_availability_descriptor>
      <private_data_specifier_descriptor private_data_specifier="0x00000002"/>
      <linkage_descriptor transport_stream_id="0x7918" original_network_id="0x217C" service_id="0x0019" linkage_type="0x9A">
        <private_data>
          0E 4B 00 46 4F 43 55 53
        </private_data>
      </linkage_descriptor>
      <generic_descriptor tag="0xB2">
        1C 41 90 02
      </generic_descriptor>
    </service>
    <service service_id="0x0E55" EIT_schedule="true" EIT_present_following="false" CA_mode="true" running_status="running">
      <country_availability_descriptor country_availability="true">
        <country country_code="ITA"/>
      </country_availability_descriptor>
      <private_data_specifier_descriptor private_data_specifier="0x00000002"/>
      <service_descriptor service_type="0x82" service_provider_name="SkyItalia" service_name="Gestione Collegam. Telefonico"/>
      <generic_descriptor tag="0xB2">
        1C 41 00 02
      </generic_descriptor>
    </service>
    <service service_id="0x0E56" EIT_schedule="true" EIT_present_following="false" CA_mode="true" running_status="running">
      <country_availability_descriptor country_availability="true">
        <country country_code="ITA"/>
      </country_availability_descriptor>
      <private_data_specifier_descriptor private_data_specifier="0x00000002"/>
      <service_descriptor service_type="0x90" service_provider_name="SkyItalia" service_name="Connessione internet Primafila"/>
      <generic_descriptor tag="0xB2">
        1C 41 10 2D 39 28 F6 2E 2E 39 6F 25 E7 5C 3F C5
        57 E9 3E B3 AB B5 BB D7 5E 8A 7F 15 77 B4 C0 FF
        9E 24 E1 07 7F BA 78 26 D3 19 ED 74 1B 19 F3 79
        7F 98
      </generic_descriptor>
    </service>
    <service service_id="0x0E57" EIT_schedule="false" EIT_present_following="false" CA_mode="true" running_status="running">
      <country_availability_descriptor country_availability="true">
        <country country_code="ITA"/>
      </country_availability_descriptor>
      <private_data_specifier_descriptor private_data_specifier="0x00000002"/>
      <service_descriptor service_type="0x84" service_provider_name="SkyItalia" service_name="FGDL_5800"/>
      <generic_descriptor tag="0xB2">
        00 41 10 02
      </generic_descriptor>
    </service>
    <service service_id="0x0E59" EIT_schedule="false" EIT_present_following="false" CA_mode="true" running_status="running">
      <country_availability_descriptor country_availability="true">
        <country country_code="ITA"/>
      </country_availability_descriptor>
      <private_data_specifier_descriptor private_data_specifier="0x00000002"/>
      <service_descriptor service_type="0xFA" service_provider_name="SkyItalia" service_name="DL IKUSI EPG"/>
      <generic_descriptor tag="0xB2">
        00 41 10 02
      </generic_descriptor>
    </service>
    <service service_id="0x0E5A" EIT_schedule="false" EIT_present_following="false" CA_mode="true" running_status="running">
      <country_availability_descriptor country_availability="true">
        <country country_code="ITA"/>
      </country_availability_descriptor>
      <private_data_specifier_descriptor private_data_specifier="0x00000002"/>
      <service_descriptor service_type="0x84" service_provider_name="SkyItalia" service_name="BGDL_5800"/>
      <generic_descriptor tag="0xB2">
        00 41 10 02
      </generic_descriptor>
    </service>
    <service service_id="0x0E66" EIT_schedule="true" EIT_present_following="false" CA_mode="true" running_status="running">
      <country_availability_descriptor country_availability="true">
        <country country_code="ITA"/>
      </country_availability_descriptor>
      <private_data_specifier_descriptor private_data_specifier="0x00000002"/>
      <service_descriptor service_type="0x96" service_provider_name="SkyItalia" service_name="GFD Service"/>
      <generic_descriptor tag="0xB2">
        1C 01 50 02
      </generic_descriptor>
    </service>
    <service service_id="0x0E67" EIT_schedule="true" EIT_present_following="false" CA_mode="true" running_status="running">
      <country_availability_descriptor country_availability="true">
        <country country_code="ITA"/>
      </country_availability_descriptor>
      <private_data_specifier_descriptor private_data_specifier="0x00000002"/>
      <service_descriptor service_type="0x95" service_provider_name="SkyItalia" service_name="BEM Service"/>
      <generic_descriptor tag="0xB2">
        1C 01 50 02
      </generic_descriptor>
    </service>
    <service service_id="0x0E6A" EIT_schedule="false" EIT_present_following="false" CA_mode="true" running_status="running">
      <private_data_specifier_descriptor private_data_specifier="0x00000002"/>
      <service_descriptor service_type="0xFB" service_provider_name="SkyItalia" service_name="Fusion BGDL 3690"/>
      <generic_descriptor tag="0xB2">
        00 41 10 02
      </generic_descriptor>
    </service>
    <service service_id="0x0E6D" EIT_schedule="true" EIT_present_following="false" CA_mode="true" running_status="running">
      <country_availability_descriptor country_availability="true">
        <country country_code="ITA"/>
      </country_availability_descriptor>
      <private_data_specifier_descriptor private_data_specifier="0x00000002"/>
      <service_descriptor service_type="0xB4" service_provider_name="SkyItalia" service_name="TMS Service"/>
      <generic_descriptor tag="0xB2">
        1C 01 50 02
      </generic_descriptor>
    </service>
    <service service_id="0x0E6E" EIT_schedule="true" EIT_present_following="false" CA_mode="true" running_status="running">
      <country_availability_descriptor country_availability="true">
        <country country_code="ITA"/>
      </country_availability_descriptor>
      <private_data_specifier_descriptor private_data_specifier="0x00000002"/>
      <service_descriptor service_type="0xB5" service_provider_name="SkyItalia" service_name="AdSmart Metadata"/>
      <generic_descriptor tag="0xB2">
        1C 01 50 02
      </generic_descriptor>
    </service>
    <service service_id="0x0E6F" EIT_schedule="true" EIT_present_following="false" CA_mode="true" running_status="running">
      <country_availability_descriptor country_availability="true">
        <country country_code="ITA"/>
      </country_availability_descriptor>
      <private_data_specifier_descriptor private_data_specifier="0x00000002"/>
      <service_descriptor service_type="0xC6" service_provider_name="SkyItalia" service_name="BDL Service"/>
      <generic_descriptor tag="0xB2">
        1C 01 50 02
      </generic_descriptor>
    </service>
    <service service_id="0x0E70" EIT_schedule="false" EIT_present_following="false" CA_mode="true" running_status="running">
      <country_availability_descriptor country_availability="true">
        <country country_code="ITA"/>
      </country_availability_descriptor>
      <private_data_specifier_descriptor private_data_specifier="0x00000002"/>
      <service_descriptor service_type="0x83" service_provider_name="SkyItalia" service_name="IEPG Data"/>
      <generic_descriptor tag="0xB2">
        00 41 10 02
      </generic_descriptor>
    </service>
  </SDT>
  <SDT version="28" current="true" transport_stream_id="0x332C" original_network_id="0x013E" actual="false">
    <!-- PID 0x0011 (17), first TS packet: 61,865, last: 62,178 -->
    <service service_id="0x1C85" EIT_schedule="false" EIT_present_following="false" CA_mode="true" running_status="running">
      <service_descriptor service_type="0x01" service_provider_name="SkyItalia" service_name="Motors TV"/>
      <country_availability_descriptor country_availability="true">
        <country country_code="ITA"/>
      </country_availability_descriptor>
      <private_data_specifier_descriptor private_data_specifier="0x00000002"/>
      <generic_descriptor tag="0xB2">
        00 40 F0 02
      </generic_descriptor>
    </service>
    <service service_id="0x1C86" EIT_schedule="true" EIT_present_following="false" CA_mode="true" running_status="running">
      <service_descriptor service_type="0x01" service_provider_name="SkyItalia" service_name="Bloomberg"/>
      <country_availability_descriptor country_availability="true">
        <country country_code="ITA"/>
      </country_availability_descriptor>
      <private_data_specifier_descriptor private_data_specifier="0x00000002"/>
      <generic_descriptor tag="0xB2">
        1C 40 B0 02
      </generic_descriptor>
    </service>
    <service service_id="0x1C89" EIT_schedule="true" EIT_present_following="false" CA_mode="true" running_status="running">
      <service_descriptor service_type="0x01" service_provider_name="SkyItalia" service_name="Al Jazeera Intl."/>
      <country_availability_descriptor country_availability="true">
        <country country_code="ITA"/>
      </country_availability_descriptor>
      <private_data_specifier_descriptor private_data_specifier="0x00000002"/>
      <generic_descriptor tag="0xB2">
        1C C0 B0 02
      </generic_descriptor>
    </service>
    <service service_id="0x1C99" EIT_schedule="false" EIT_present_following="false" CA_mode="true" running_status="running">
      <service_descriptor service_type="0x01" service_provider_name="SkyItalia" service_name="TV 5 - FBS"/>
      <country_availability_descriptor country_availability="true">
        <country country_code="ITA"/>
      </country_availability_descriptor>
      <private_data_specifier_descriptor private_data_specifier="0x00000002"/>
      <generic_descriptor tag="0xB2">
        00 40 F0 02
      </generic_descriptor>
    </service>
    <service service_id="0x1C9A" EIT_schedule="true" EIT_present_following="false" CA_mode="true" running_status="running">
      <service_descriptor service_type="0x01" service_provider_name="SkyItalia" service_name="TV5MONDE"/>
      <country_availability_descriptor country_availability="true">
        <country country_code="ITA"/>
      </country_availability_descriptor>
      <private_data_specifier_descriptor private_data_specifier="0x00000002"/>
      <generic_descriptor tag="0xB2">
        1C C0 B0 02
      </generic_descriptor>
    </service>
    <service service_id="0x1C9C" EIT_schedule="false" EIT_present_following="false" CA_mode="true" running_status="running">
      <service_descriptor service_type="0x01" service_provider_name="SkyItalia" service_name="ANN"/>
      <country_availability_descriptor country_availability="true">
        <country country_code="ITA"/>
      </country_availability_descriptor>
      <private_data_specifier_descriptor private_data_specifier="0x00000002"/>
      <generic_descriptor tag="0xB2">
        00 40 F0 02
      </generic_descriptor>
    </service>
    <service service_id="0x1C9E" EIT_schedule="true" EIT_present_following="false" CA_mode="true" running_status="running">
      <service_descriptor service_type="0x01" service_provider_name="SkyItalia" service_name="Kurdistan TV"/>
      <country_availability_descriptor country_availability="true">
        <country country_code="ITA"/>
      </country_availability_descriptor>
      <private_data_specifier_descriptor private_data_specifier="0x00000002"/>
      <generic_descriptor tag="0xB2">
        1C C0 F0 02
      </generic_descriptor>
    </service>
    <service service_id="0x1C9F" EIT_schedule="true" EIT_present_following="false" CA_mode="true" running_status="running">
      <service_descriptor service_type="0x01" service_provider_name="SkyItalia" service_name="NHK World TV"/>
      <country_availability_descriptor country_availability="true">
        <country country_code="ITA"/>
      </country_availability_descriptor>
      <private_data_specifier_descriptor private_data_specifier="0x00000002"/>
      <generic_descriptor tag="0xB2">
        1C C0 B0 02
      </generic_descriptor>
    </service>
    <service service_id="0x1CA5" EIT_schedule="false" EIT_present_following="false" CA_mode="true" running_status="running">
      <service_descriptor service_type="0x01" service_provider_name="SkyItalia" service_name="GEM TV"/>
      <country_availability_descriptor country_availability="true">
        <country country_code="ITA"/>
      </country_availability_descriptor>
      <private_data_specifier_descriptor private_data_specifier="0x00000002"/>
      <generic_descriptor tag="0xB2">
        00 4F E0 02
      </generic_descriptor>
    </service>
    <service service_id="0x1CAB" EIT_schedule="false" EIT_present_following="false" CA_mode="true" running_status="running">
      <service_descriptor service_type="0x02" service_provider_name="SkyItalia" service_name="Radio Expert"/>
      <country_availability_descriptor country_availability="true">
        <country country_code="ITA"/>
      </country_availability_descriptor>
      <private_data_specifier_descriptor private_data_specifier="0x00000002"/>
      <generic_descriptor tag="0xB2">
        00 4F E0 02
      </generic_descriptor>
    </service>
  </SDT>
  <SDT version="28" current="true" transport_stream_id="0x33F4" original_network_id="0x013E" actual="false">
    <!-- PID 0x0011 (17), first TS packet: 65,697, last: 66,015 -->
    <service service_id="0x0BEF" EIT_schedule="true" EIT_present_following="false" CA_mode="true" running_status="undefined">
      <service_descriptor service_type="0x04" service_provider_name="SkyItalia" service_name="REF 3055"/>
      <country_availability_descriptor country_availability="true">
        <country country_code="ITA"/>
      </country_availability_descriptor>
      <NVOD_reference_descriptor>
        <service transport_stream_id="0x1B58" original_network_id="0x013E" service_id="0x02C4"/>
        <service transport_stream_id="0x3138" original_network_id="0x013E" service_id="0x06B0"/>
        <service transport_stream_id="0x22C4" original_network_id="0x013E" service_id="0x07E1"/>
        <service transport_stream_id="0x1518" original_network_id="0x013E" service_id="0x0CE6"/>
        <service transport_stream_id="0x1518" original_network_id="0x013E" service_id="0x0CF2"/>
        <service transport_stream_id="0x33F4" original_network_id="0x013E" service_id="0x132B"/>
        <service transport_stream_id="0x1C20" original_network_id="0x013E" service_id="0x1C22"/>
        <service transport_stream_id="0x1C20" original_network_id="0x013E" service_id="0x1C38"/>
        <service transport_stream_id="0x24B8" original_network_id="0x013E" service_id="0x200B"/>
        <service transport_stream_id="0x24B8" original_network_id="0x013E" service_id="0x200C"/>
        <service transport_stream_id="0x24B8" original_network_id="0x013E" service_id="0x2010"/>
        <service transport_stream_id="0x13EF" original_network_id="0x013E" service_id="0x2529"/>
        <service transport_stream_id="0x3CF0" original_network_id="0x013E" service_id="0x29D1"/>
        <service transport_stream_id="0x2CEC" original_network_id="0x013E" service_id="0x439F"/>
        <service transport_stream_id="0x0258" original_network_id="0x013E" service_id="0x44DD"/>
      </NVOD_reference_descriptor>
      <private_data_specifier_descriptor private_data_specifier="0x00000002"/>
      <generic_descriptor tag="0xB2">
        1C 41 B0 02
      </generic_descriptor>
    </service>
    <service service_id="0x1326" EIT_schedule="false" EIT_present_following="false" CA_mode="true" running_status="running">
      <service_descriptor service_type="0x01" service_provider_name="SkyItalia" service_name="TEST TV 2 ENC 02"/>
      <country_availability_descriptor country_availability="true">
        <country country_code="ITA"/>
      </country_availability_descriptor>
      <private_data_specifier_descriptor private_data_specifier="0x00000002"/>
      <generic_descriptor tag="0xB2">
        00 4F E0 02
      </generic_descriptor>
    </service>
    <service service_id="0x132A" EIT_schedule="false" EIT_present_following="false" CA_mode="true" running_status="running">
      <service_descriptor service_type="0x01" service_provider_name="SkyItalia" service_name="HC 1.5 MB"/>
      <country_availability_descriptor country_availability="true">
        <country country_code="ITA"/>
      </country_availability_descriptor>
      <private_data_specifier_descriptor private_data_specifier="0x00000002"/>
      <generic_descriptor tag="0xB2">
        00 4F E0 02
      </generic_descriptor>
    </service>
    <service service_id="0x132B" EIT_schedule="true" EIT_present_following="false" CA_mode="true" running_status="running">
      <time_shifted_service_descriptor reference_service_id="0x0BEF"/>
      <private_data_specifier_descriptor private_data_specifier="0x00000002"/>
      <generic_descriptor tag="0xB2">
        1C C0 B0 02
      </generic_descriptor>
      <generic_descriptor tag="0xC0">
        05 54 56 50 20 50 6F 6C 6F 6E 69 61
      </generic_descriptor>
    </service>
    <service service_id="0x132E" EIT_schedule="true" EIT_present_following="false" CA_mode="true" running_status="running">
      <service_descriptor service_type="0x01" service_provider_name="SkyItalia" service_name="Juwelo"/>
      <country_availability_descriptor country_availability="true">
        <country country_code="ITA"/>
      </country_availability_descriptor>
      <private_data_specifier_descriptor private_data_specifier="0x00000002"/>
      <generic_descriptor tag="0xB2">
        1C C0 F0 02
      </generic_descriptor>
    </service>
    <service service_id="0x133A" EIT_schedule="false" EIT_present_following="false" CA_mode="true" running_status="running">
      <service_descriptor service_type="0x01" service_provider_name="SkyItalia" service_name="CANCAO NOVA INT."/>
      <country_availability_descriptor country_availability="true">
        <country country_code="ITA"/>
      </country_availability_descriptor>
      <private_data_specifier_descriptor private_data_specifier="0x00000002"/>
      <generic_descriptor tag="0xB2">
        00 4F E0 02
      </generic_descriptor>
    </service>
    <service service_id="0x1344" EIT_schedule="false" EIT_present_following="false" CA_mode="true" running_status="running">
      <service_descriptor service_type="0x02" service_provider_name="SkyItalia" service_name="TEST RADIO 4932"/>
      <country_availability_descriptor country_availability="true">
        <country country_code="ITA"/>
      </country_availability_descriptor>
      <private_data_specifier_descriptor private_data_specifier="0x00000002"/>
      <generic_descriptor tag="0xB2">
        00 4F E0 02
      </generic_descriptor>
    </service>
  </SDT>
  <SDT version="28" current="true" transport_stream_id="0x21FC" original_network_id="0x013E" actual="false">
    <!-- PID 0x0011 (17), first TS packet: 67,122, last: 67,745 -->
    <service service_id="0x1EDD" EIT_schedule="false" EIT_present_following="false" CA_mode="true" running_status="running">
      <service_descriptor service_type="0x01" service_provider_name="SkyItalia" service_name="IRIB1 PER"/>
      <country_availability_descriptor country_availability="true">
        <country country_code="ITA"/>
      </country_availability_descriptor>
      <private_data_specifier_descriptor private_data_specifier="0x00000002"/>
      <generic_descriptor tag="0xB2">
        00 4F E0 02
      </generic_descriptor>
    </service>
    <service service_id="0x1EDE" EIT_schedule="false" EIT_present_following="false" CA_mode="true" running_status="running">
      <service_descriptor service_type="0x01" service_provider_name="SkyItalia" service_name="IRIB1 ENG"/>
      <country_availability_descriptor country_availability="true">
        <country country_code="ITA"/>
      </country_availability_descriptor>
      <private_data_specifier_descriptor private_data_specifier="0x00000002"/>
      <generic_descriptor tag="0xB2">
        00 4F E0 02
      </generic_descriptor>
    </service>
    <service service_id="0x1EDF" EIT_schedule="false" EIT_present_following="false" CA_mode="true" running_status="running">
      <service_descriptor service_type="0x01" service_provider_name="SkyItalia" service_name="IRIB2 PER"/>
      <country_availability_descriptor country_availability="true">
        <country country_code="ITA"/>
      </country_availability_descriptor>
      <private_data_specifier_descriptor private_data_specifier="0x00000002"/>
      <generic_descriptor tag="0xB2">
        00 4F E0 02
      </generic_descriptor>
    </service>
    <service service_id="0x1EE0" EIT_schedule="false" EIT_present_following="false" CA_mode="true" running_status="running">
      <service_descriptor service_type="0x01" service_provider_name="SkyItalia" service_name="IRIB2 ENG"/>
      <country_availability_descriptor country_availability="true">
        <country country_code="ITA"/>
      </country_availability_descriptor>
      <private_data_specifier_descriptor private_data_specifier="0x00000002"/>
      <generic_descriptor tag="0xB2">
        00 4F E0 02
      </generic_descriptor>
    </service>
    <service service_id="0x1EE1" EIT_schedule="false" EIT_present_following="false" CA_mode="true" running_status="running">
      <service_descriptor service_type="0x01" service_provider_name="SkyItalia" service_name="IRINN"/>
      <country_availability_descriptor country_availability="true">
        <country country_code="ITA"/>
      </country_availability_descriptor>
      <private_data_specifier_descriptor private_data_specifier="0x00000002"/>
      <generic_descriptor tag="0xB2">
        00 4F E0 02
      </generic_descriptor>
    </service>
    <service service_id="0x1EE3" EIT_schedule="false" EIT_present_following="false" CA_mode="true" running_status="running">
      <service_descriptor service_type="0x01" service_provider_name="SkyItalia" service_name="IRIB QURAN"/>
      <country_availability_descriptor country_availability="true">
        <country country_code="ITA"/>
      </country_availability_descriptor>
      <private_data_specifier_descriptor private_data_specifier="0x00000002"/>
      <generic_descriptor tag="0xB2">
        00 4F E0 02
      </generic_descriptor>
    </service>
    <service service_id="0x1EE7" EIT_schedule="false" EIT_present_following="false" CA_mode="true" running_status="running">
      <service_descriptor service_type="0x01" service_provider_name="SkyItalia" service_name="SAHAR 1"/>
      <country_availability_descriptor country_availability="true">
        <country country_code="ITA"/>
      </country_availability_descriptor>
      <private_data_specifier_descriptor private_data_specifier="0x00000002"/>
      <generic_descriptor tag="0xB2">
        00 4F E0 02
      </generic_descriptor>
    </service>
    <service service_id="0x1EEB" EIT_schedule="true" EIT_present_following="false" CA_mode="true" running_status="running">
      <service_descriptor service_type="0x01" service_provider_name="SkyItalia" service_name="AL-ALAM"/>
      <country_availability_descriptor country_availability="true">
        <country country_code="ITA"/>
      </country_availability_descriptor>
      <private_data_specifier_descriptor private_data_specifier="0x00000002"/>
      <generic_descriptor tag="0xB2">
        1C C0 F0 02
      </generic_descriptor>
    </service>
    <service service_id="0x1EEE" EIT_schedule="false" EIT_present_following="false" CA_mode="true" running_status="running">
      <service_descriptor service_type="0x02" service_provider_name="SkyItalia" service_name="RADIO QURAN"/>
      <country_availability_descriptor country_availability="true">
        <country country_code="ITA"/>
      </country_availability_descriptor>
      <private_data_specifier_descriptor private_data_specifier="0x00000002"/>
      <generic_descriptor tag="0xB2">
        00 4F E0 02
      </generic_descriptor>
    </service>
    <service service_id="0x1EEF" EIT_schedule="false" EIT_present_following="false" CA_mode="true" running_status="running">
      <service_descriptor service_type="0x02" service_provider_name="SkyItalia" service_name="SEDAYE ASHNA1"/>
      <country_availability_descriptor country_availability="true">
        <country country_code="ITA"/>
      </country_availability_descriptor>
      <private_data_specifier_descriptor private_data_specifier="0x00000002"/>
      <generic_descriptor tag="0xB2">
        00 4F E0 02
      </generic_descriptor>
    </service>
    <service service_id="0x1EF5" EIT_schedule="false" EIT_present_following="false" CA_mode="true" running_status="running">
      <service_descriptor service_type="0x02" service_provider_name="SkyItalia" service_name="RADIO IRAN"/>
      <country_availability_descriptor country_availability="true">
        <country country_code="ITA"/>
      </country_availability_descriptor>
      <private_data_specifier_descriptor private_data_specifier="0x00000002"/>
      <generic_descriptor tag="0xB2">
        00 4F E0 02
      </generic_descriptor>
    </service>
    <service service_id="0x1EF7" EIT_schedule="false" EIT_present_following="false" CA_mode="true" running_status="running">
      <service_descriptor service_type="0x02" service_provider_name="SkyItalia" service_name="COI RADIO"/>
      <country_availability_descriptor country_availability="true">
        <country country_code="ITA"/>
      </country_availability_descriptor>
      <private_data_specifier_descriptor private_data_specifier="0x00000002"/>
      <generic_descriptor tag="0xB2">
        00 4F E0 02
      </generic_descriptor>
    </service>
    <service service_id="0x1EFA" EIT_schedule="false" EIT_present_following="false" CA_mode="true" running_status="running">
      <service_descriptor service_type="0x02" service_provider_name="SkyItalia" service_name="IRIB1 IRIB2"/>
      <country_availability_descriptor country_availability="true">
        <country country_code="ITA"/>
      </country_availability_descriptor>
      <private_data_specifier_descriptor private_data_specifier="0x00000002"/>
      <generic_descriptor tag="0xB2">
        00 4F E0 02
      </generic_descriptor>
    </service>
    <service service_id="0x1EFB" EIT_schedule="false" EIT_present_following="false" CA_mode="true" running_status="running">
      <service_descriptor service_type="0x02" service_provider_name="SkyItalia" service_name="IRIB5 IRIB4"/>
      <country_availability_descriptor country_availability="true">
        <country country_code="ITA"/>
      </country_availability_descriptor>
      <private_data_specifier_descriptor private_data_specifier="0x00000002"/>
      <generic_descriptor tag="0xB2">
        00 4F E0 02
      </generic_descriptor>
    </service>
    <service service_id="0x1EFC" EIT_schedule="false" EIT_present_following="false" CA_mode="true" running_status="running">
      <service_descriptor service_type="0x02" service_provider_name="SkyItalia" service_name="IRIB3 IRIB6"/>
      <country_availability_descriptor country_availability="true">
        <country country_code="ITA"/>
      </country_availability_descriptor>
      <private_data_specifier_descriptor private_data_specifier="0x00000002"/>
      <generic_descriptor tag="0xB2">
        00 4F E0 02
      </generic_descriptor>
    </service>
    <service service_id="0x1F06" EIT_schedule="false" EIT_present_following="false" CA_mode="true" running_status="running">
      <service_descriptor service_type="0x01" service_provider_name="SkyItalia" service_name="ALKAWTHAR"/>
      <country_availability_descriptor country_availability="true">
        <country country_code="ITA"/>
      </country_availability_descriptor>
      <private_data_specifier_descriptor private_data_specifier="0x00000002"/>
      <generic_descriptor tag="0xB2">
        00 4F E0 02
      </generic_descriptor>
    </service>
    <service service_id="0x1F07" EIT_schedule="false" EIT_present_following="false" CA_mode="true" running_status="running">
      <service_descriptor service_type="0x01" service_provider_name="SkyItalia" service_name="SAHAR 2"/>
      <country_availability_descriptor country_availability="true">
        <country country_code="ITA"/>
      </country_availability_descriptor>
      <private_data_specifier_descriptor private_data_specifier="0x00000002"/>
      <generic_descriptor tag="0xB2">
        00 4F E0 02
      </generic_descriptor>
    </service>
    <service service_id="0x1F08" EIT_schedule="false" EIT_present_following="false" CA_mode="true" running_status="running">
      <service_descriptor service_type="0x01" service_provider_name="SkyItalia" service_name="PRESS TV"/>
      <country_availability_descriptor country_availability="true">
        <country country_code="ITA"/>
      </country_availability_descriptor>
      <private_data_specifier_descriptor private_data_specifier="0x00000002"/>
      <generic_descriptor tag="0xB2">
        00 4F E0 02
      </generic_descriptor>
    </service>
  </SDT>
  <SDT version="28" current="true" transport_stream_id="0x3458" original_network_id="0x013E" actual="false">
    <!-- PID 0x0011 (17), first TS packet: 68,373, last: 68,972 -->
    <service service_id="0x126C" EIT_schedule="false" EIT_present_following="false" CA_mode="true" running_status="running">
      <service_descriptor service_type="0x02" service_provider_name="SkyItalia" service_name="R. INTESA SANPAOLO"/>
      <country_availability_descriptor country_availability="true">
        <country country_code="ITA"/>
      </country_availability_descriptor>
      <private_data_specifier_descriptor private_data_specifier="0x00000002"/>
      <generic_descriptor tag="0xB2">
        00 4F E0 02
      </generic_descriptor>
    </service>
    <service service_id="0x1271" EIT_schedule="true" EIT_present_following="false" CA_mode="true" running_status="running">
      <service_descriptor service_type="0x01" service_provider_name="SkyItalia" service_name="Eurotic TV"/>
      <country_availability_descriptor country_availability="true">
        <country country_code="ITA"/>
      </country_availability_descriptor>
      <private_data_specifier_descriptor private_data_specifier="0x00000002"/>
      <generic_descriptor tag="0xB2">
        1C C0 F0 02
      </generic_descriptor>
    </service>
    <service service_id="0x127C" EIT_schedule="false" EIT_present_following="false" CA_mode="true" running_status="running">
      <service_descriptor service_type="0x01" service_provider_name="SkyItalia" service_name="Milano Teleport"/>
      <country_availability_descriptor country_availability="true">
        <country country_code="ITA"/>
      </country_availability_descriptor>
      <private_data_specifier_descriptor private_data_specifier="0x00000002"/>
      <generic_descriptor tag="0xB2">
        00 4F E0 02
      </generic_descriptor>
    </service>
    <service service_id="0x127F" EIT_schedule="false" EIT_present_following="false" CA_mode="true" running_status="running">
      <service_descriptor service_type="0x02" service_provider_name="SkyItalia" service_name="Radio Standa"/>
      <country_availability_descriptor country_availability="true">
        <country country_code="ITA"/>
      </country_availability_descriptor>
      <private_data_specifier_descriptor private_data_specifier="0x00000002"/>
      <generic_descriptor tag="0xB2">
        00 40 F0 02
      </generic_descriptor>
    </service>
    <service service_id="0x1280" EIT_schedule="false" EIT_present_following="false" CA_mode="true" running_status="running">
      <service_descriptor service_type="0x02" service_provider_name="SkyItalia" service_name="R.Di per Di"/>
      <country_availability_descriptor country_availability="true">
        <country country_code="ITA"/>
      </country_availability_descriptor>
      <private_data_specifier_descriptor private_data_specifier="0x00000002"/>
      <generic_descriptor tag="0xB2">
        00 40 F0 02
      </generic_descriptor>
    </service>
    <service service_id="0x1281" EIT_schedule="false" EIT_present_following="false" CA_mode="true" running_status="running">
      <service_descriptor service_type="0x02" service_provider_name="SkyItalia" service_name="McDonalds"/>
      <country_availability_descriptor country_availability="true">
        <country country_code="ITA"/>
      </country_availability_descriptor>
      <private_data_specifier_descriptor private_data_specifier="0x00000002"/>
      <generic_descriptor tag="0xB2">
        00 40 F0 02
      </generic_descriptor>
    </service>
    <service service_id="0x1282" EIT_schedule="false" EIT_present_following="false" CA_mode="true" running_status="running">
      <service_descriptor service_type="0x02" service_provider_name="SkyItalia" service_name="Radio Chateau D&apos;Ax"/>
      <country_availability_descriptor country_availability="true">
        <country country_code="ITA"/>
      </country_availability_descriptor>
      <private_data_specifier_descriptor private_data_specifier="0x00000002"/>
      <generic_descriptor tag="0xB2">
        00 40 F0 02
      </generic_descriptor>
    </service>
    <service service_id="0x1283" EIT_schedule="false" EIT_present_following="false" CA_mode="true" running_status="running">
      <service_descriptor service_type="0x02" service_provider_name="SkyItalia" service_name="Radio Billa"/>
      <country_availability_descriptor country_availability="true">
        <country country_code="ITA"/>
      </country_availability_descriptor>
      <private_data_specifier_descriptor private_data_specifier="0x00000002"/>
      <generic_descriptor tag="0xB2">
        00 40 F0 02
      </generic_descriptor>
    </service>
    <service service_id="0x1284" EIT_schedule="false" EIT_present_following="false" CA_mode="true" running_status="running">
      <service_descriptor service_type="0x02" service_provider_name="SkyItalia" service_name="RADIO JEANS"/>
      <country_availability_descriptor country_availability="true">
        <country country_code="ITA"/>
      </country_availability_descriptor>
      <private_data_specifier_descriptor private_data_specifier="0x00000002"/>
      <generic_descriptor tag="0xB2">
        00 40 F0 02
      </generic_descriptor>
    </service>
    <service service_id="0x1286" EIT_schedule="false" EIT_present_following="false" CA_mode="true" running_status="running">
      <service_descriptor service_type="0x02" service_provider_name="SkyItalia" service_name="Radio Intesa"/>
      <country_availability_descriptor country_availability="true">
        <country country_code="ITA"/>
      </country_availability_descriptor>
      <private_data_specifier_descriptor private_data_specifier="0x00000002"/>
      <generic_descriptor tag="0xB2">
        00 4F E0 02
      </generic_descriptor>
    </service>
    <service service_id="0x1287" EIT_schedule="false" EIT_present_following="false" CA_mode="true" running_status="running">
      <service_descriptor service_type="0x01" service_provider_name="SkyItalia" service_name="Eros Live"/>
      <country_availability_descriptor country_availability="true">
        <country country_code="ITA"/>
      </country_availability_descriptor>
      <private_data_specifier_descriptor private_data_specifier="0x00000002"/>
      <generic_descriptor tag="0xB2">
        00 4F E0 02
      </generic_descriptor>
    </service>
    <service service_id="0x128B" EIT_schedule="false" EIT_present_following="false" CA_mode="true" running_status="running">
      <service_descriptor service_type="0x01" service_provider_name="SkyItalia" service_name="EBC.1"/>
      <country_availability_descriptor country_availability="true">
        <country country_code="ITA"/>
      </country_availability_descriptor>
      <private_data_specifier_descriptor private_data_specifier="0x00000002"/>
      <generic_descriptor tag="0xB2">
        00 4F E0 02
      </generic_descriptor>
    </service>
    <service service_id="0x1291" EIT_schedule="false" EIT_present_following="false" CA_mode="true" running_status="running">
      <service_descriptor service_type="0x02" service_provider_name="SkyItalia" service_name="B.O.S.S. RADIO"/>
      <country_availability_descriptor country_availability="true">
        <country country_code="ITA"/>
      </country_availability_descriptor>
      <private_data_specifier_descriptor private_data_specifier="0x00000002"/>
      <generic_descriptor tag="0xB2">
        00 4F E0 02
      </generic_descriptor>
    </service>
    <service service_id="0x1293" EIT_schedule="false" EIT_present_following="false" CA_mode="true" running_status="running">
      <service_descriptor service_type="0x02" service_provider_name="SkyItalia" service_name="RANG A RANG"/>
      <country_availability_descriptor country_availability="true">
        <country country_code="ITA"/>
      </country_availability_descriptor>
      <private_data_specifier_descriptor private_data_specifier="0x00000002"/>
      <generic_descriptor tag="0xB2">
        00 4F E0 02
      </generic_descriptor>
    </service>
    <service service_id="0x1294" EIT_schedule="false" EIT_present_following="false" CA_mode="true" running_status="running">
      <service_descriptor service_type="0x02" service_provider_name="SkyItalia" service_name="AfgSalamWatandar"/>
      <country_availability_descriptor country_availability="true">
        <country country_code="ITA"/>
      </country_availability_descriptor>
      <private_data_specifier_descriptor private_data_specifier="0x00000002"/>
      <generic_descriptor tag="0xB2">
        00 4F E0 02
      </generic_descriptor>
    </service>
    <service service_id="0x1295" EIT_schedule="false" EIT_present_following="false" CA_mode="true" running_status="running">
      <service_descriptor service_type="0x02" service_provider_name="SkyItalia" service_name="Radio Metro&apos;"/>
      <country_availability_descriptor country_availability="true">
        <country country_code="ITA"/>
      </country_availability_descriptor>
      <private_data_specifier_descriptor private_data_specifier="0x00000002"/>
      <generic_descriptor tag="0xB2">
        00 4F E0 02
      </generic_descriptor>
    </service>
    <service service_id="0x1296" EIT_schedule="false" EIT_present_following="false" CA_mode="true" running_status="running">
      <service_descriptor service_type="0x02" service_provider_name="SkyItalia" service_name="Radio Potenza Centrale"/>
      <country_availability_descriptor country_availability="true">
        <country country_code="ITA"/>
      </country_availability_descriptor>
      <private_data_specifier_descriptor private_data_specifier="0x00000002"/>
      <generic_descriptor tag="0xB2">
        00 4F E0 02
      </generic_descriptor>
    </service>
  </SDT>
  <SDT version="30" current="true" transport_stream_id="0x1770" original_network_id="0x0110" actual="false">
    <!-- PID 0x0011 (17), first TS packet: 69,759, last: 69,908 -->
    <service service_id="0x0008" EIT_schedule="true" EIT_present_following="false" CA_mode="true" running_status="running">
      <service_descriptor service_type="0x01" service_provider_name="SkyItalia" service_name="TgCom24"/>
      <country_availability_descriptor country_availability="true">
        <country country_code="ITA"/>
      </country_availability_descriptor>
      <private_data_specifier_descriptor private_data_specifier="0x00000002"/>
      <generic_descriptor tag="0xB2">
        1C C0 B0 02
      </generic_descriptor>
    </service>
    <service service_id="0x0066" EIT_schedule="true" EIT_present_following="false" CA_mode="true" running_status="running">
      <service_descriptor service_type="0x02" service_provider_name="SkyItalia" service_name="Radio Montecarlo"/>
      <country_availability_descriptor country_availability="true">
        <country country_code="ITA"/>
      </country_availability_descriptor>
      <private_data_specifier_descriptor private_data_specifier="0x00000002"/>
      <generic_descriptor tag="0xB2">
        1C C1 D1 5F 21 A7 78 73 F6 04 3D FE EF 39 80 05
        05
      </generic_descriptor>
    </service>
    <service service_id="0x0067" EIT_schedule="true" EIT_present_following="false" CA_mode="true" running_status="running">
      <service_descriptor service_type="0x02" service_provider_name="SkyItalia" service_name="RMC2"/>
      <country_availability_descriptor country_availability="true">
        <country country_code="ITA"/>
      </country_availability_descriptor>
      <private_data_specifier_descriptor private_data_specifier="0x00000002"/>
      <generic_descriptor tag="0xB2">
        1C C0 D1 5F 32 90 D9 4F 64
      </generic_descriptor>
    </service>
    <service service_id="0x0069" EIT_schedule="true" EIT_present_following="false" CA_mode="true" running_status="running">
      <service_descriptor service_type="0x02" service_provider_name="SkyItalia" service_name="Radio 105"/>
      <country_availability_descriptor country_availability="true">
        <country country_code="ITA"/>
      </country_availability_descriptor>
      <private_data_specifier_descriptor private_data_specifier="0x00000002"/>
      <generic_descriptor tag="0xB2">
        1C C1 D1 5F 32 BB D3 BF 58 49 B3 72 BB D2 66 2D
        D8
      </generic_descriptor>
    </service>
  </SDT>
  <SDT version="28" current="true" transport_stream_id="0x2260" original_network_id="0xFBFF" actual="false">
    <!-- PID 0x0011 (17), first TS packet: 70,863, last: 71,495 -->
    <service service_id="0x2D69" EIT_schedule="true" EIT_present_following="false" CA_mode="true" running_status="running">
      <country_availability_descriptor country_availability="true">
        <country country_code="ITA"/>
      </country_availability_descriptor>
      <private_data_specifier_descriptor private_data_specifier="0x00000002"/>
      <service_descriptor service_type="0x82" service_provider_name="SkyItalia" service_name="ITV_TRIAL_88"/>
      <generic_descriptor tag="0xB2">
        1C 41 30 02
      </generic_descriptor>
    </service>
    <service service_id="0x2DAA" EIT_schedule="false" EIT_present_following="false" CA_mode="true" running_status="running">
      <private_data_specifier_descriptor private_data_specifier="0x00000002"/>
      <service_descriptor service_type="0xFB" service_provider_name="SkyItalia" service_name="Fusion BGDL 11690"/>
      <generic_descriptor tag="0xB2">
        00 41 10 02
      </generic_descriptor>
    </service>
    <service service_id="0x2DAE" EIT_schedule="false" EIT_present_following="false" CA_mode="true" running_status="running">
      <country_availability_descriptor country_availability="true">
        <country country_code="ITA"/>
      </country_availability_descriptor>
      <private_data_specifier_descriptor private_data_specifier="0x00000002"/>
      <service_descriptor service_type="0x84" service_provider_name="SkyItalia" service_name="Dl821"/>
      <generic_descriptor tag="0xB2">
        00 41 10 02
      </generic_descriptor>
    </service>
    <service service_id="0x2DB3" EIT_schedule="false" EIT_present_following="false" CA_mode="true" running_status="running">
      <country_availability_descriptor country_availability="true">
        <country country_code="ITA"/>
      </country_availability_descriptor>
      <private_data_specifier_descriptor private_data_specifier="0x00000002"/>
      <service_descriptor service_type="0x83" service_provider_name="SkyItalia" service_name="IEPG Data"/>
      <generic_descriptor tag="0xB2">
        00 41 10 02
      </generic_descriptor>
    </service>
    <service service_id="0x3BC5" EIT_schedule="true" EIT_present_following="false" CA_mode="true" running_status="running">
      <service_descriptor service_type="0x01" service_provider_name="SkyItalia" service_name="Disney Junior +1"/>
      <country_availability_descriptor country_availability="true">
        <country country_code="ITA"/>
      </country_availability_descriptor>
      <private_data_specifier_descriptor private_data_specifier="0x00000002"/>
      <generic_descriptor tag="0xB2">
        1C 41 D1 3F 31 33 9E DF 5B A7 C8 4B 54 DD 6F BF
        67 A7 92 8A 3D 7E FD 81 E7 FB E9 5C 5F DC 67 FA
        2D 31 EC 83 DF E2 88 5B 79 DC FF A3 9C 53 F7 87
        F1 70 EA 16 9D FC 3F 9A 34 2F 36 C3 F9 FE 45 3D
        E4 24 83 D7 F5 E6 90 49 C9 CD EE 92 72 61
      </generic_descriptor>
    </service>
    <service service_id="0x3BCA" EIT_schedule="true" EIT_present_following="false" CA_mode="true" running_status="running">
      <service_descriptor service_type="0x01" service_provider_name="SkyItalia" service_name="laeffe"/>
      <country_availability_descriptor country_availability="true">
        <country country_code="ITA"/>
      </country_availability_descriptor>
      <private_data_specifier_descriptor private_data_specifier="0x00000002"/>
      <generic_descriptor tag="0xB2">
        1C 41 30 21 65 74 FE C5 6E 99 5A 8D 9B AC 1C 97
        14 9D 33 AE F2 77 9E 9D BA 7C 4F 15 7B FD 87 FE
        93 C6 57 9E EF 55 79 F2 38 3A 4D 82 E4 E8 AA FD
        FE C7 07 D8 ED 30 8D 81 10 46 3B F9 A1 2B D3 AF
        DE D6 FF B1 FC CC A5 B0 FE 7D 90 7A FE BC D2 09
        39 39 BD D2 4E 4D 27 38 D5 C5 E0 90 63 3D B3 0F
        78 84 9B 97 8C BB 53 05
      </generic_descriptor>
    </service>
    <service service_id="0x3BF0" EIT_schedule="true" EIT_present_following="false" CA_mode="true" running_status="running">
      <service_descriptor service_type="0x01" service_provider_name="SkyItalia" service_name="CACCIA e Pesca"/>
      <country_availability_descriptor country_availability="true">
        <country country_code="ITA"/>
      </country_availability_descriptor>
      <private_data_specifier_descriptor private_data_specifier="0x00000002"/>
      <generic_descriptor tag="0xB2">
        1C 41 50 31 3B D3 A9 8F 35 E0 57 17 D9 C4 BC 42
        7D 9C 4B 6D C1 D7 13 39 ED F5 BA 65 3F CF 23 F6
        9D 05 03 9F BC DB 0F E7 F9 14 F3 20 F5 FD 79 A4
        12 09 B1 2E 25 9A 4E 4D 27 38 D5 C5 E0 90 63 3D
        B3 0F 78 84 9B 97 8C BB 53 38 99 8F 65 9F FB F1
        BA 3C 86 25 BB 8B F7 12 B4 76 C9 90 7A FE BC D2
        09 39 39 BD 99 39 34 2D 5C 95 89 9F F3 C4 9C 20
        E9 36 5F 27 65 F2 7E E9 EE 9A 7F 30
      </generic_descriptor>
    </service>
    <service service_id="0x3C03" EIT_schedule="true" EIT_present_following="false" CA_mode="true" running_status="running">
      <service_descriptor service_type="0x01" service_provider_name="SkyItalia" service_name="LEI"/>
      <country_availability_descriptor country_availability="true">
        <country country_code="ITA"/>
      </country_availability_descriptor>
      <private_data_specifier_descriptor private_data_specifier="0x00000002"/>
      <generic_descriptor tag="0xB2">
        1C 41 30 31 33 9E DF 5B A7 13 8E 0E 5B CF EE 7A
        9C 70 D4 44 68 4A E2 9E 4D D4 51 6A CB AC 1A 72
        D8 AA 5C 4F 8B C8 4D 5A 6E F6 AE 31 55 FA 4E 93
        AE FB 1D D6 48 6C F4 9B FC 44 0A 75 3F BF 6B 8F
        98 3C DB 0F E7 F9 14 F7 90 92 0F 5F D7 9A 41 27
        27 37 BA 49 C9 A4 E7 1A B8 BC 12 0C 67 B6 61 EF
        10 93 72 F1 97 68
      </generic_descriptor>
    </service>
    <service service_id="0x3C07" EIT_schedule="true" EIT_present_following="false" CA_mode="true" running_status="running">
      <service_descriptor service_type="0x01" service_provider_name="SkyItalia" service_name="Boomerang"/>
      <country_availability_descriptor country_availability="true">
        <country country_code="ITA"/>
      </country_availability_descriptor>
      <private_data_specifier_descriptor private_data_specifier="0x00000002"/>
      <generic_descriptor tag="0xB2">
        1C 41 D1 3F 31 33 9E DF 5B A7 C8 4B 54 DD 6F BF
        67 A7 92 8A 3D 7E FD 81 E7 FB E9 5C 5F DC 67 FA
        2D 31 EC 83 DF E2 88 5B 79 DC FF A3 9C 53 F7 87
        F1 70 EA 16 9D FC 3F 9A 34 2F 36 C3 F9 FE 45 3D
        E4 24 83 D7 F5 E6 90 49 C9 CD EE 92 72 61
      </generic_descriptor>
    </service>
  </SDT>
  <SDT version="28" current="true" transport_stream_id="0x3BC4" original_network_id="0x013E" actual="false">
    <!-- PID 0x0011 (17), first TS packet: 72,588, last: 73,219 -->
    <service service_id="0x0321" EIT_schedule="true" EIT_present_following="false" CA_mode="true" running_status="running">
      <service_descriptor service_type="0x19" service_provider_name="SkyItalia" service_name="Euronews English HD"/>
      <country_availability_descriptor country_availability="true">
        <country country_code="ITA"/>
      </country_availability_descriptor>
      <private_data_specifier_descriptor private_data_specifier="0x00000002"/>
      <generic_descriptor tag="0xB2">
        1C 40 B0 02
      </generic_descriptor>
    </service>
    <service service_id="0x0322" EIT_schedule="false" EIT_present_following="false" CA_mode="true" running_status="running">
      <service_descriptor service_type="0x01" service_provider_name="SkyItalia" service_name="TBN Espain"/>
      <country_availability_descriptor country_availability="true">
        <country country_code="ITA"/>
      </country_availability_descriptor>
      <private_data_specifier_descriptor private_data_specifier="0x00000002"/>
      <generic_descriptor tag="0xB2">
        00 40 F0 02
      </generic_descriptor>
    </service>
    <service service_id="0x0323" EIT_schedule="false" EIT_present_following="false" CA_mode="true" running_status="running">
      <service_descriptor service_type="0x01" service_provider_name="SkyItalia" service_name="TRT WORLD"/>
      <country_availability_descriptor country_availability="true">
        <country country_code="ITA"/>
      </country_availability_descriptor>
      <private_data_specifier_descriptor private_data_specifier="0x00000002"/>
      <generic_descriptor tag="0xB2">
        00 FF E0 02
      </generic_descriptor>
    </service>
    <service service_id="0x0324" EIT_schedule="false" EIT_present_following="false" CA_mode="true" running_status="running">
      <service_descriptor service_type="0x01" service_provider_name="SkyItalia" service_name="CHURCH Channel"/>
      <country_availability_descriptor country_availability="true">
        <country country_code="ITA"/>
      </country_availability_descriptor>
      <private_data_specifier_descriptor private_data_specifier="0x00000002"/>
      <generic_descriptor tag="0xB2">
        00 40 F0 02
      </generic_descriptor>
    </service>
    <service service_id="0x0325" EIT_schedule="false" EIT_present_following="false" CA_mode="true" running_status="running">
      <service_descriptor service_type="0x01" service_provider_name="SkyItalia" service_name="JCTV"/>
      <country_availability_descriptor country_availability="true">
        <country country_code="ITA"/>
      </country_availability_descriptor>
      <private_data_specifier_descriptor private_data_specifier="0x00000002"/>
      <generic_descriptor tag="0xB2">
        00 40 F0 02
      </generic_descriptor>
    </service>
    <service service_id="0x0326" EIT_schedule="false" EIT_present_following="false" CA_mode="true" running_status="running">
      <service_descriptor service_type="0x01" service_provider_name="SkyItalia" service_name="TBN Arabic"/>
      <country_availability_descriptor country_availability="true">
        <country country_code="ITA"/>
      </country_availability_descriptor>
      <private_data_specifier_descriptor private_data_specifier="0x00000002"/>
      <generic_descriptor tag="0xB2">
        00 40 F0 02
      </generic_descriptor>
    </service>
    <service service_id="0x0327" EIT_schedule="false" EIT_present_following="false" CA_mode="true" running_status="running">
      <service_descriptor service_type="0x01" service_provider_name="SkyItalia" service_name="TBN RUSSIA"/>
      <country_availability_descriptor country_availability="true">
        <country country_code="ITA"/>
      </country_availability_descriptor>
      <private_data_specifier_descriptor private_data_specifier="0x00000002"/>
      <generic_descriptor tag="0xB2">
        00 4F E0 02
      </generic_descriptor>
    </service>
    <service service_id="0x0328" EIT_schedule="false" EIT_present_following="false" CA_mode="true" running_status="running">
      <service_descriptor service_type="0x01" service_provider_name="SkyItalia" service_name="SMILE OF A CHILD"/>
      <country_availability_descriptor country_availability="true">
        <country country_code="ITA"/>
      </country_availability_descriptor>
      <private_data_specifier_descriptor private_data_specifier="0x00000002"/>
      <generic_descriptor tag="0xB2">
        00 4F E0 02
      </generic_descriptor>
    </service>
    <service service_id="0x0329" EIT_schedule="false" EIT_present_following="false" CA_mode="true" running_status="running">
      <service_descriptor service_type="0x01" service_provider_name="SkyItalia" service_name="NEJAT TV"/>
      <country_availability_descriptor country_availability="true">
        <country country_code="ITA"/>
      </country_availability_descriptor>
      <private_data_specifier_descriptor private_data_specifier="0x00000002"/>
      <generic_descriptor tag="0xB2">
        00 4F E0 02
      </generic_descriptor>
    </service>
    <service service_id="0x032D" EIT_schedule="false" EIT_present_following="false" CA_mode="true" running_status="running">
      <service_descriptor service_type="0x01" service_provider_name="SkyItalia" service_name="SMILE OF A CHILD RUSSIA"/>
      <country_availability_descriptor country_availability="true">
        <country country_code="ITA"/>
      </country_availability_descriptor>
      <private_data_specifier_descriptor private_data_specifier="0x00000002"/>
      <generic_descriptor tag="0xB2">
        00 4F E0 02
      </generic_descriptor>
    </service>
    <service service_id="0x032E" EIT_schedule="false" EIT_present_following="false" CA_mode="true" running_status="running">
      <service_descriptor service_type="0x01" service_provider_name="SkyItalia" service_name="HUDA TV"/>
      <country_availability_descriptor country_availability="true">
        <country country_code="ITA"/>
      </country_availability_descriptor>
      <private_data_specifier_descriptor private_data_specifier="0x00000002"/>
      <generic_descriptor tag="0xB2">
        00 4F E0 02
      </generic_descriptor>
    </service>
    <service service_id="0x032F" EIT_schedule="false" EIT_present_following="false" CA_mode="true" running_status="running">
      <service_descriptor service_type="0x01" service_provider_name="SkyItalia" service_name="NOOR TV"/>
      <country_availability_descriptor country_availability="true">
        <country country_code="ITA"/>
      </country_availability_descriptor>
      <private_data_specifier_descriptor private_data_specifier="0x00000002"/>
      <generic_descriptor tag="0xB2">
        00 4F E0 02
      </generic_descriptor>
    </service>
    <service service_id="0x0330" EIT_schedule="false" EIT_present_following="false" CA_mode="true" running_status="running">
      <service_descriptor service_type="0x01" service_provider_name="SkyItalia" service_name="CALL SHOP TV"/>
      <country_availability_descriptor country_availability="true">
        <country country_code="ITA"/>
      </country_availability_descriptor>
      <private_data_specifier_descriptor private_data_specifier="0x00000002"/>
      <generic_descriptor tag="0xB2">
        00 4F E0 02
      </generic_descriptor>
    </service>
    <service service_id="0x0331" EIT_schedule="false" EIT_present_following="false" CA_mode="true" running_status="running">
      <service_descriptor service_type="0x01" service_provider_name="SkyItalia" service_name="GOOD SHEPHERD TV INTERNATIONAL"/>
      <country_availability_descriptor country_availability="true">
        <country country_code="ITA"/>
      </country_availability_descriptor>
      <private_data_specifier_descriptor private_data_specifier="0x00000002"/>
      <generic_descriptor tag="0xB2">
        00 4F E0 02
      </generic_descriptor>
    </service>
    <service service_id="0x0334" EIT_schedule="false" EIT_present_following="false" CA_mode="true" running_status="running">
      <service_descriptor service_type="0x01" service_provider_name="SkyItalia" service_name="SALAAM TV"/>
      <country_availability_descriptor country_availability="true">
        <country country_code="ITA"/>
      </country_availability_descriptor>
      <private_data_specifier_descriptor private_data_specifier="0x00000002"/>
      <generic_descriptor tag="0xB2">
        00 4F E0 02
      </generic_descriptor>
    </service>
  </SDT>
  <SDT version="29" current="true" transport_stream_id="0x22C4" original_network_id="0x013E" actual="false">
    <!-- PID 0x0011 (17), first TS packet: 75,275, last: 75,749 -->
    <service service_id="0x07D2" EIT_schedule="true" EIT_present_following="false" CA_mode="true" running_status="running">
      <service_descriptor service_type="0x19" service_provider_name="SkyItalia" service_name="RT Doc HD"/>
      <country_availability_descriptor country_availability="true">
        <country country_code="ITA"/>
      </country_availability_descriptor>
      <private_data_specifier_descriptor private_data_specifier="0x00000002"/>
      <generic_descriptor tag="0xB2">
        1C 40 B0 02
      </generic_descriptor>
    </service>
    <service service_id="0x07D3" EIT_schedule="true" EIT_present_following="false" CA_mode="true" running_status="running">
      <service_descriptor service_type="0x19" service_provider_name="SkyItalia" service_name="SuperTennis HD"/>
      <country_availability_descriptor country_availability="true">
        <country country_code="ITA"/>
      </country_availability_descriptor>
      <private_data_specifier_descriptor private_data_specifier="0x00000002"/>
      <linkage_descriptor transport_stream_id="0x2023" original_network_id="0x217C" service_id="0xB035" linkage_type="0x9A">
        <private_data>
          14 7E 00 53 75 70 65 72 00 74 65 6E 6E 69 73
        </private_data>
      </linkage_descriptor>
      <linkage_descriptor transport_stream_id="0x88C2" original_network_id="0x217C" service_id="0x0004" linkage_type="0x9A">
        <private_data>
          14 7E 00 53 55 50 45 52 54 45 4E 4E 49 53
        </private_data>
      </linkage_descriptor>
      <linkage_descriptor transport_stream_id="0x1B9E" original_network_id="0x217C" service_id="0x0009" linkage_type="0x9A">
        <private_data>
          14 7E 00 53 75 70 65 72 74 65 6E 6E 69 73
        </private_data>
      </linkage_descriptor>
      <linkage_descriptor transport_stream_id="0x03E8" original_network_id="0x217C" service_id="0x0007" linkage_type="0x9A">
        <private_data>
          14 7E 00 53 75 70 65 72 74 65 6E 6E 69 73
        </private_data>
      </linkage_descriptor>
      <linkage_descriptor transport_stream_id="0x4DAF" original_network_id="0x217C" service_id="0x0040" linkage_type="0x9A">
        <private_data>
          14 7E 00 53 55 50 45 52 54 45 4E 4E 49 53
        </private_data>
      </linkage_descriptor>
      <linkage_descriptor transport_stream_id="0x0129" original_network_id="0x217C" service_id="0x0005" linkage_type="0x9A">
        <private_data>
          14 7E 00 53 75 70 65 72 00 54 65 6E 6E 69 73
        </private_data>
      </linkage_descriptor>
      <linkage_descriptor transport_stream_id="0x4DA9" original_network_id="0x217C" service_id="0x0040" linkage_type="0x9A">
        <private_data>
          14 7E 00 53 55 50 45 52 54 45 4E 4E 49 53
        </private_data>
      </linkage_descriptor>
      <linkage_descriptor transport_stream_id="0x371F" original_network_id="0x217C" service_id="0x0004" linkage_type="0x9A">
        <private_data>
          14 7E 00 53 75 70 65 72 74 65 6E 6E 69 73
        </private_data>
      </linkage_descriptor>
      <linkage_descriptor transport_stream_id="0x146B" original_network_id="0x217C" service_id="0xB035" linkage_type="0x9A">
        <private_data>
          14 7E 20 53 75 70 65 72 20 74 65 6E 6E 69 73
        </private_data>
      </linkage_descriptor>
      <generic_descriptor tag="0xB2">
        1C 40 50 02
      </generic_descriptor>
    </service>
    <service service_id="0x07D4" EIT_schedule="true" EIT_present_following="false" CA_mode="true" running_status="running">
      <service_descriptor service_type="0x19" service_provider_name="SkyItalia" service_name="Telepace HD"/>
      <country_availability_descriptor country_availability="true">
        <country country_code="ITA"/>
      </country_availability_descriptor>
      <private_data_specifier_descriptor private_data_specifier="0x00000002"/>
      <generic_descriptor tag="0xB2">
        1C C0 B0 02
      </generic_descriptor>
    </service>
    <service service_id="0x07E1" EIT_schedule="true" EIT_present_following="false" CA_mode="false" running_status="running">
      <time_shifted_service_descriptor reference_service_id="0x0BEF"/>
      <private_data_specifier_descriptor private_data_specifier="0x00000002"/>
      <generic_descriptor tag="0xB2">
        1C 41 B0 02
      </generic_descriptor>
      <generic_descriptor tag="0xC0">
        05 45 75 72 6F 6E 65 77 73
      </generic_descriptor>
    </service>
    <service service_id="0x07E2" EIT_schedule="true" EIT_present_following="false" CA_mode="true" running_status="running">
      <service_descriptor service_type="0x01" service_provider_name="SkyItalia" service_name="Euronews Greek"/>
      <country_availability_descriptor country_availability="true">
        <country country_code="ITA"/>
      </country_availability_descriptor>
      <private_data_specifier_descriptor private_data_specifier="0x00000002"/>
      <generic_descriptor tag="0xB2">
        1C 40 B0 02
      </generic_descriptor>
    </service>
    <service service_id="0x0BEF" EIT_schedule="true" EIT_present_following="false" CA_mode="true" running_status="undefined">
      <service_descriptor service_type="0x04" service_provider_name="SkyItalia" service_name="REF 3055"/>
      <country_availability_descriptor country_availability="true">
        <country country_code="ITA"/>
      </country_availability_descriptor>
      <NVOD_reference_descriptor>
        <service transport_stream_id="0x1B58" original_network_id="0x013E" service_id="0x02C4"/>
        <service transport_stream_id="0x3138" original_network_id="0x013E" service_id="0x06B0"/>
        <service transport_stream_id="0x22C4" original_network_id="0x013E" service_id="0x07E1"/>
        <service transport_stream_id="0x1518" original_network_id="0x013E" service_id="0x0CE6"/>
        <service transport_stream_id="0x1518" original_network_id="0x013E" service_id="0x0CF2"/>
        <service transport_stream_id="0x33F4" original_network_id="0x013E" service_id="0x132B"/>
        <service transport_stream_id="0x1C20" original_network_id="0x013E" service_id="0x1C22"/>
        <service transport_stream_id="0x1C20" original_network_id="0x013E" service_id="0x1C38"/>
        <service transport_stream_id="0x24B8" original_network_id="0x013E" service_id="0x200B"/>
        <service transport_stream_id="0x24B8" original_network_id="0x013E" service_id="0x200C"/>
        <service transport_stream_id="0x24B8" original_network_id="0x013E" service_id="0x2010"/>
        <service transport_stream_id="0x13EF" original_network_id="0x013E" service_id="0x2529"/>
        <service transport_stream_id="0x3CF0" original_network_id="0x013E" service_id="0x29D1"/>
        <service transport_stream_id="0x2CEC" original_network_id="0x013E" service_id="0x439F"/>
        <service transport_stream_id="0x0258" original_network_id="0x013E" service_id="0x44DD"/>
      </NVOD_reference_descriptor>
      <private_data_specifier_descriptor private_data_specifier="0x00000002"/>
      <generic_descriptor tag="0xB2">
        1C 41 B0 02
      </generic_descriptor>
    </service>
    <service service_id="0x2969" EIT_schedule="false" EIT_present_following="false" CA_mode="true" running_status="running">
      <service_descriptor service_type="0x01" service_provider_name="SkyItalia" service_name="Live 24"/>
      <country_availability_descriptor country_availability="true">
        <country country_code="ITA"/>
      </country_availability_descriptor>
      <private_data_specifier_descriptor private_data_specifier="0x00000002"/>
      <generic_descriptor tag="0xB2">
        00 4F E0 02
      </generic_descriptor>
    </service>
    <service service_id="0x296A" EIT_schedule="false" EIT_present_following="false" CA_mode="true" running_status="running">
      <service_descriptor service_type="0x01" service_provider_name="SkyItalia" service_name="Xstream Eurotour"/>
      <country_availability_descriptor country_availability="true">
        <country country_code="ITA"/>
      </country_availability_descriptor>
      <private_data_specifier_descriptor private_data_specifier="0x00000002"/>
      <generic_descriptor tag="0xB2">
        00 4F E0 02
      </generic_descriptor>
    </service>
  </SDT>
  <SDT version="28" current="true" transport_stream_id="0x3C28" original_network_id="0x013E" actual="false">
    <!-- PID 0x0011 (17), first TS packet: 77,310, last: 77,356 -->
    <service service_id="0x34BD" EIT_schedule="false" EIT_present_following="false" CA_mode="true" running_status="running">
      <service_descriptor service_type="0x01" service_provider_name="SkyItalia" service_name="RTS"/>
      <country_availability_descriptor country_availability="true">
        <country country_code="ITA"/>
      </country_availability_descriptor>
      <private_data_specifier_descriptor private_data_specifier="0x00000002"/>
      <generic_descriptor tag="0xB2">
        00 4F E0 02
      </generic_descriptor>
    </service>
    <service service_id="0x34C1" EIT_schedule="false" EIT_present_following="false" CA_mode="true" running_status="running">
      <service_descriptor service_type="0x01" service_provider_name="SkyItalia" service_name="ISLAM CHANNEL"/>
      <country_availability_descriptor country_availability="true">
        <country country_code="ITA"/>
      </country_availability_descriptor>
      <private_data_specifier_descriptor private_data_specifier="0x00000002"/>
      <generic_descriptor tag="0xB2">
        00 4F E0 02
      </generic_descriptor>
    </service>
    <service service_id="0x34C2" EIT_schedule="false" EIT_present_following="false" CA_mode="true" running_status="running">
      <service_descriptor service_type="0x01" service_provider_name="SkyItalia" service_name="ARIANA TV"/>
      <country_availability_descriptor country_availability="true">
        <country country_code="ITA"/>
      </country_availability_descriptor>
      <private_data_specifier_descriptor private_data_specifier="0x00000002"/>
      <generic_descriptor tag="0xB2">
        00 4F E0 02
      </generic_descriptor>
    </service>
    <service service_id="0x34C7" EIT_schedule="false" EIT_present_following="false" CA_mode="true" running_status="running">
      <service_descriptor service_type="0x01" service_provider_name="SkyItalia" service_name="REBEL TV"/>
      <country_availability_descriptor country_availability="true">
        <country country_code="ITA"/>
      </country_availability_descriptor>
      <private_data_specifier_descriptor private_data_specifier="0x00000002"/>
      <generic_descriptor tag="0xB2">
        00 4F E0 02
      </generic_descriptor>
    </service>
    <service service_id="0x34CE" EIT_schedule="false" EIT_present_following="false" CA_mode="true" running_status="running">
      <service_descriptor service_type="0x01" service_provider_name="SkyItalia" service_name="PAYAM"/>
      <country_availability_descriptor country_availability="true">
        <country country_code="ITA"/>
      </country_availability_descriptor>
      <private_data_specifier_descriptor private_data_specifier="0x00000002"/>
      <generic_descriptor tag="0xB2">
        00 4F E0 02
      </generic_descriptor>
    </service>
    <service service_id="0x34D4" EIT_schedule="false" EIT_present_following="false" CA_mode="true" running_status="running">
      <service_descriptor service_type="0x01" service_provider_name="SkyItalia" service_name="TISHK TV"/>
      <country_availability_descriptor country_availability="true">
        <country country_code="ITA"/>
      </country_availability_descriptor>
      <private_data_specifier_descriptor private_data_specifier="0x00000002"/>
      <generic_descriptor tag="0xB2">
        00 4F E0 02
      </generic_descriptor>
    </service>
    <service service_id="0x34D8" EIT_schedule="false" EIT_present_following="false" CA_mode="true" running_status="running">
      <service_descriptor service_type="0x02" service_provider_name="SkyItalia" service_name="PAYAM QURAN"/>
      <country_availability_descriptor country_availability="true">
        <country country_code="ITA"/>
      </country_availability_descriptor>
      <private_data_specifier_descriptor private_data_specifier="0x00000002"/>
      <generic_descriptor tag="0xB2">
        00 4F E0 02
      </generic_descriptor>
    </service>
    <service service_id="0x34DD" EIT_schedule="false" EIT_present_following="false" CA_mode="true" running_status="running">
      <service_descriptor service_type="0x01" service_provider_name="SkyItalia" service_name="!INDIACONTACT"/>
      <country_availability_descriptor country_availability="true">
        <country country_code="ITA"/>
      </country_availability_descriptor>
      <private_data_specifier_descriptor private_data_specifier="0x00000002"/>
      <generic_descriptor tag="0xB2">
        00 4F E0 02
      </generic_descriptor>
    </service>
    <service service_id="0x34DE" EIT_schedule="false" EIT_present_following="false" CA_mode="true" running_status="running">
      <service_descriptor service_type="0x01" service_provider_name="SkyItalia" service_name="Walf TV"/>
      <country_availability_descriptor country_availability="true">
        <country country_code="ITA"/>
      </country_availability_descriptor>
      <private_data_specifier_descriptor private_data_specifier="0x00000002"/>
      <generic_descriptor tag="0xB2">
        00 4F E0 02
      </generic_descriptor>
    </service>
    <service service_id="0x34E0" EIT_schedule="false" EIT_present_following="false" CA_mode="true" running_status="running">
      <service_descriptor service_type="0x01" service_provider_name="SkyItalia" service_name="121PAKISTAN"/>
      <country_availability_descriptor country_availability="true">
        <country country_code="ITA"/>
      </country_availability_descriptor>
      <private_data_specifier_descriptor private_data_specifier="0x00000002"/>
      <generic_descriptor tag="0xB2">
        00 4F E0 02
      </generic_descriptor>
    </service>
    <service service_id="0x34E1" EIT_schedule="false" EIT_present_following="false" CA_mode="true" running_status="running">
      <service_descriptor service_type="0x01" service_provider_name="SkyItalia" service_name="121PERSIA"/>
      <country_availability_descriptor country_availability="true">
        <country country_code="ITA"/>
      </country_availability_descriptor>
      <private_data_specifier_descriptor private_data_specifier="0x00000002"/>
      <generic_descriptor tag="0xB2">
        00 4F E0 02
      </generic_descriptor>
    </service>
    <service service_id="0x3CB2" EIT_schedule="false" EIT_present_following="false" CA_mode="true" running_status="running">
      <service_descriptor service_type="0x01" service_provider_name="SkyItalia" service_name="121SALAM"/>
      <country_availability_descriptor country_availability="true">
        <country country_code="ITA"/>
      </country_availability_descriptor>
      <private_data_specifier_descriptor private_data_specifier="0x00000002"/>
      <generic_descriptor tag="0xB2">
        00 4F E0 02
      </generic_descriptor>
    </service>
  </SDT>
  <SDT version="28" current="true" transport_stream_id="0x2328" original_network_id="0x013E" actual="false">
    <!-- PID 0x0011 (17), first TS packet: 79,345, last: 80,517 -->
    <service service_id="0x0C84" EIT_schedule="false" EIT_present_following="false" CA_mode="true" running_status="running">
      <service_descriptor service_type="0x02" service_provider_name="SkyItalia" service_name="SLO-RA1-INF"/>
      <country_availability_descriptor country_availability="true">
        <country country_code="ITA"/>
      </country_availability_descriptor>
      <private_data_specifier_descriptor private_data_specifier="0x00000002"/>
      <generic_descriptor tag="0xB2">
        00 4F E0 02
      </generic_descriptor>
    </service>
    <service service_id="0x0C85" EIT_schedule="false" EIT_present_following="false" CA_mode="true" running_status="running">
      <service_descriptor service_type="0x02" service_provider_name="SkyItalia" service_name="SLO-RA2"/>
      <country_availability_descriptor country_availability="true">
        <country country_code="ITA"/>
      </country_availability_descriptor>
      <private_data_specifier_descriptor private_data_specifier="0x00000002"/>
      <generic_descriptor tag="0xB2">
        00 4F E0 02
      </generic_descriptor>
    </service>
    <service service_id="0x0C86" EIT_schedule="false" EIT_present_following="false" CA_mode="true" running_status="running">
      <service_descriptor service_type="0x02" service_provider_name="SkyItalia" service_name="SLO-RA3"/>
      <country_availability_descriptor country_availability="true">
        <country country_code="ITA"/>
      </country_availability_descriptor>
      <private_data_specifier_descriptor private_data_specifier="0x00000002"/>
      <generic_descriptor tag="0xB2">
        00 4F E0 02
      </generic_descriptor>
    </service>
    <service service_id="0x0C87" EIT_schedule="false" EIT_present_following="false" CA_mode="true" running_status="running">
      <service_descriptor service_type="0x01" service_provider_name="SkyItalia" service_name="SLO-TV3"/>
      <country_availability_descriptor country_availability="true">
        <country country_code="ITA"/>
      </country_availability_descriptor>
      <private_data_specifier_descriptor private_data_specifier="0x00000002"/>
      <generic_descriptor tag="0xB2">
        00 4F E0 02
      </generic_descriptor>
    </service>
    <service service_id="0x0C88" EIT_schedule="false" EIT_present_following="false" CA_mode="true" running_status="running">
      <service_descriptor service_type="0x02" service_provider_name="SkyItalia" service_name="RADIO SI"/>
      <country_availability_descriptor country_availability="true">
        <country country_code="ITA"/>
      </country_availability_descriptor>
      <private_data_specifier_descriptor private_data_specifier="0x00000002"/>
      <generic_descriptor tag="0xB2">
        00 4F E0 02
      </generic_descriptor>
    </service>
    <service service_id="0x0C8F" EIT_schedule="true" EIT_present_following="false" CA_mode="true" running_status="running">
      <service_descriptor service_type="0x02" service_provider_name="SkyItalia" service_name="Capodistria "/>
      <country_availability_descriptor country_availability="true">
        <country country_code="ITA"/>
      </country_availability_descriptor>
      <private_data_specifier_descriptor private_data_specifier="0x00000002"/>
      <generic_descriptor tag="0xB2">
        1C C0 D1 5F 25 3F 19 40 0E EC 7E 85
      </generic_descriptor>
    </service>
    <service service_id="0x2070" EIT_schedule="false" EIT_present_following="false" CA_mode="true" running_status="running">
      <service_descriptor service_type="0x02" service_provider_name="SkyItalia" service_name="VOICE OF CRO"/>
      <country_availability_descriptor country_availability="true">
        <country country_code="ITA"/>
      </country_availability_descriptor>
      <private_data_specifier_descriptor private_data_specifier="0x00000002"/>
      <generic_descriptor tag="0xB2">
        00 4F E0 02
      </generic_descriptor>
    </service>
    <service service_id="0x2071" EIT_schedule="false" EIT_present_following="false" CA_mode="true" running_status="running">
      <service_descriptor service_type="0x01" service_provider_name="SkyItalia" service_name="HRT-HR1"/>
      <country_availability_descriptor country_availability="true">
        <country country_code="ITA"/>
      </country_availability_descriptor>
      <private_data_specifier_descriptor private_data_specifier="0x00000002"/>
      <generic_descriptor tag="0xB2">
        00 4F E0 02
      </generic_descriptor>
    </service>
    <service service_id="0x2072" EIT_schedule="false" EIT_present_following="false" CA_mode="true" running_status="running">
      <service_descriptor service_type="0x02" service_provider_name="SkyItalia" service_name="HRT-HR2"/>
      <country_availability_descriptor country_availability="true">
        <country country_code="ITA"/>
      </country_availability_descriptor>
      <private_data_specifier_descriptor private_data_specifier="0x00000002"/>
      <generic_descriptor tag="0xB2">
        00 4F E0 02
      </generic_descriptor>
    </service>
    <service service_id="0x2073" EIT_schedule="false" EIT_present_following="false" CA_mode="true" running_status="running">
      <service_descriptor service_type="0x02" service_provider_name="SkyItalia" service_name="HRT-HR3"/>
      <country_availability_descriptor country_availability="true">
        <country country_code="ITA"/>
      </country_availability_descriptor>
      <private_data_specifier_descriptor private_data_specifier="0x00000002"/>
      <generic_descriptor tag="0xB2">
        00 4F E0 02
      </generic_descriptor>
    </service>
    <service service_id="0x2074" EIT_schedule="false" EIT_present_following="false" CA_mode="true" running_status="running">
      <service_descriptor service_type="0x02" service_provider_name="SkyItalia" service_name="HRT R-PULA"/>
      <country_availability_descriptor country_availability="true">
        <country country_code="ITA"/>
      </country_availability_descriptor>
      <private_data_specifier_descriptor private_data_specifier="0x00000002"/>
      <generic_descriptor tag="0xB2">
        00 4F E0 02
      </generic_descriptor>
    </service>
    <service service_id="0x207F" EIT_schedule="false" EIT_present_following="false" CA_mode="true" running_status="running">
      <service_descriptor service_type="0x02" service_provider_name="SkyItalia" service_name="OTVORENI"/>
      <country_availability_descriptor country_availability="true">
        <country country_code="ITA"/>
      </country_availability_descriptor>
      <private_data_specifier_descriptor private_data_specifier="0x00000002"/>
      <generic_descriptor tag="0xB2">
        00 4F E0 02
      </generic_descriptor>
    </service>
    <service service_id="0x2080" EIT_schedule="false" EIT_present_following="false" CA_mode="true" running_status="running">
      <service_descriptor service_type="0x02" service_provider_name="SkyItalia" service_name="MEDIASERVIS"/>
      <country_availability_descriptor country_availability="true">
        <country country_code="ITA"/>
      </country_availability_descriptor>
      <private_data_specifier_descriptor private_data_specifier="0x00000002"/>
      <generic_descriptor tag="0xB2">
        00 4F E0 02
      </generic_descriptor>
    </service>
    <service service_id="0x208A" EIT_schedule="false" EIT_present_following="false" CA_mode="true" running_status="running">
      <service_descriptor service_type="0x02" service_provider_name="SkyItalia" service_name="NARODNI RADIO"/>
      <country_availability_descriptor country_availability="true">
        <country country_code="ITA"/>
      </country_availability_descriptor>
      <private_data_specifier_descriptor private_data_specifier="0x00000002"/>
      <generic_descriptor tag="0xB2">
        00 4F E0 02
      </generic_descriptor>
    </service>
    <service service_id="0x208B" EIT_schedule="false" EIT_present_following="false" CA_mode="true" running_status="running">
      <service_descriptor service_type="0x01" service_provider_name="SkyItalia" service_name="RKC"/>
      <country_availability_descriptor country_availability="true">
        <country country_code="ITA"/>
      </country_availability_descriptor>
      <private_data_specifier_descriptor private_data_specifier="0x00000002"/>
      <generic_descriptor tag="0xB2">
        00 4F E0 02
      </generic_descriptor>
    </service>
    <service service_id="0x2096" EIT_schedule="false" EIT_present_following="false" CA_mode="true" running_status="running">
      <service_descriptor service_type="0x01" service_provider_name="SkyItalia" service_name="RKC"/>
      <country_availability_descriptor country_availability="true">
        <country country_code="ITA"/>
      </country_availability_descriptor>
      <private_data_specifier_descriptor private_data_specifier="0x00000002"/>
      <generic_descriptor tag="0xB2">
        00 4F E0 02
      </generic_descriptor>
    </service>
    <service service_id="0x20BC" EIT_schedule="false" EIT_present_following="false" CA_mode="true" running_status="running">
      <service_descriptor service_type="0x02" service_provider_name="SkyItalia" service_name="RADIO BANOVINA"/>
      <country_availability_descriptor country_availability="true">
        <country country_code="ITA"/>
      </country_availability_descriptor>
      <private_data_specifier_descriptor private_data_specifier="0x00000002"/>
      <generic_descriptor tag="0xB2">
        00 4F E0 02
      </generic_descriptor>
    </service>
    <service service_id="0x20BD" EIT_schedule="false" EIT_present_following="false" CA_mode="true" running_status="running">
      <service_descriptor service_type="0x02" service_provider_name="SkyItalia" service_name="TEST"/>
      <country_availability_descriptor country_availability="true">
        <country country_code="ITA"/>
      </country_availability_descriptor>
      <private_data_specifier_descriptor private_data_specifier="0x00000002"/>
      <generic_descriptor tag="0xB2">
        00 4F E0 02
      </generic_descriptor>
    </service>
  </SDT>
  <SDT version="28" current="true" transport_stream_id="0x238C" original_network_id="0x013E" actual="false">
    <!-- PID 0x0011 (17), first TS packet: 85,121, last: 85,598 -->
    <service service_id="0x226B" EIT_schedule="false" EIT_present_following="false" CA_mode="true" running_status="running">
      <service_descriptor service_type="0x01" service_provider_name="SkyItalia" service_name="A3"/>
      <country_availability_descriptor country_availability="true">
        <country country_code="ITA"/>
      </country_availability_descriptor>
      <private_data_specifier_descriptor private_data_specifier="0x00000002"/>
      <generic_descriptor tag="0xB2">
        00 40 F0 02
      </generic_descriptor>
    </service>
    <service service_id="0x226C" EIT_schedule="false" EIT_present_following="false" CA_mode="true" running_status="running">
      <service_descriptor service_type="0x02" service_provider_name="SkyItalia" service_name="CHAINE 1"/>
      <country_availability_descriptor country_availability="true">
        <country country_code="ITA"/>
      </country_availability_descriptor>
      <private_data_specifier_descriptor private_data_specifier="0x00000002"/>
      <generic_descriptor tag="0xB2">
        00 4F E0 02
      </generic_descriptor>
    </service>
    <service service_id="0x226D" EIT_schedule="false" EIT_present_following="false" CA_mode="true" running_status="running">
      <service_descriptor service_type="0x02" service_provider_name="SkyItalia" service_name="CHAINE 2"/>
      <country_availability_descriptor country_availability="true">
        <country country_code="ITA"/>
      </country_availability_descriptor>
      <private_data_specifier_descriptor private_data_specifier="0x00000002"/>
      <generic_descriptor tag="0xB2">
        00 4F E0 02
      </generic_descriptor>
    </service>
    <service service_id="0x226E" EIT_schedule="false" EIT_present_following="false" CA_mode="true" running_status="running">
      <service_descriptor service_type="0x02" service_provider_name="SkyItalia" service_name="CHAINE 3"/>
      <country_availability_descriptor country_availability="true">
        <country country_code="ITA"/>
      </country_availability_descriptor>
      <private_data_specifier_descriptor private_data_specifier="0x00000002"/>
      <generic_descriptor tag="0xB2">
        00 4F E0 02
      </generic_descriptor>
    </service>
    <service service_id="0x22AD" EIT_schedule="false" EIT_present_following="false" CA_mode="true" running_status="running">
      <service_descriptor service_type="0x01" service_provider_name="SkyItalia" service_name="DIRECT 8"/>
      <country_availability_descriptor country_availability="true">
        <country country_code="ITA"/>
      </country_availability_descriptor>
      <private_data_specifier_descriptor private_data_specifier="0x00000002"/>
      <generic_descriptor tag="0xB2">
        00 4F E0 02
      </generic_descriptor>
    </service>
    <service service_id="0x22B0" EIT_schedule="false" EIT_present_following="false" CA_mode="true" running_status="running">
      <service_descriptor service_type="0x01" service_provider_name="SkyItalia" service_name="DIRECT 8"/>
      <country_availability_descriptor country_availability="true">
        <country country_code="ITA"/>
      </country_availability_descriptor>
      <private_data_specifier_descriptor private_data_specifier="0x00000002"/>
      <generic_descriptor tag="0xB2">
        00 4F E0 02
      </generic_descriptor>
    </service>
    <service service_id="0x2316" EIT_schedule="true" EIT_present_following="false" CA_mode="true" running_status="running">
      <service_descriptor service_type="0x01" service_provider_name="SkyItalia" service_name="Nile TV International"/>
      <country_availability_descriptor country_availability="true">
        <country country_code="ITA"/>
      </country_availability_descriptor>
      <private_data_specifier_descriptor private_data_specifier="0x00000002"/>
      <generic_descriptor tag="0xB2">
        1C C0 F0 02
      </generic_descriptor>
    </service>
    <service service_id="0x2317" EIT_schedule="false" EIT_present_following="false" CA_mode="true" running_status="running">
      <service_descriptor service_type="0x01" service_provider_name="SkyItalia" service_name="Al Nile"/>
      <country_availability_descriptor country_availability="true">
        <country country_code="ITA"/>
      </country_availability_descriptor>
      <private_data_specifier_descriptor private_data_specifier="0x00000002"/>
      <generic_descriptor tag="0xB2">
        00 40 F0 02
      </generic_descriptor>
    </service>
    <service service_id="0x2318" EIT_schedule="false" EIT_present_following="false" CA_mode="true" running_status="running">
      <service_descriptor service_type="0x02" service_provider_name="SkyItalia" service_name="El Shark El Awsat"/>
      <country_availability_descriptor country_availability="true">
        <country country_code="ITA"/>
      </country_availability_descriptor>
      <private_data_specifier_descriptor private_data_specifier="0x00000002"/>
      <generic_descriptor tag="0xB2">
        00 40 F0 02
      </generic_descriptor>
    </service>
    <service service_id="0x2319" EIT_schedule="false" EIT_present_following="false" CA_mode="true" running_status="running">
      <service_descriptor service_type="0x02" service_provider_name="SkyItalia" service_name="Al moagehat"/>
      <country_availability_descriptor country_availability="true">
        <country country_code="ITA"/>
      </country_availability_descriptor>
      <private_data_specifier_descriptor private_data_specifier="0x00000002"/>
      <generic_descriptor tag="0xB2">
        00 40 F0 02
      </generic_descriptor>
    </service>
    <service service_id="0x231F" EIT_schedule="false" EIT_present_following="false" CA_mode="true" running_status="running">
      <service_descriptor service_type="0x02" service_provider_name="SkyItalia" service_name="Sports test"/>
      <country_availability_descriptor country_availability="true">
        <country country_code="ITA"/>
      </country_availability_descriptor>
      <private_data_specifier_descriptor private_data_specifier="0x00000002"/>
      <generic_descriptor tag="0xB2">
        00 40 F0 02
      </generic_descriptor>
    </service>
  </SDT>
  <SDT version="31" current="true" transport_stream_id="0x1838" original_network_id="0xFBFF" actual="false">
    <!-- PID 0x0011 (17), first TS packet: 73,368, last: 86,828 -->
    <service service_id="0x2A96" EIT_schedule="true" EIT_present_following="false" CA_mode="true" running_status="running">
      <service_descriptor service_type="0x01" service_provider_name="SkyItalia" service_name="Sky Sport24"/>
      <country_availability_descriptor country_availability="true">
        <country country_code="ITA"/>
      </country_availability_descriptor>
      <private_data_specifier_descriptor private_data_specifier="0x00000002"/>
      <generic_descriptor tag="0xB2">
        1C 61 50 3D 46 FB 38 97 88 4C 81 B4 C6 7B 5B 48
        CB 7D F6 71 2B 8D 75 34 0E 7C 9D E1 9F E9 FA 2F
        3E 46 AF D1 6D 31 9E D6 D2 32 DF 52 6D 31 9E D6
        50 F7 22 53 36 94 C3 F2 F3 92 D8 AE 4A C5 6D 87
        E1 48 28 33 85 D7 65 AB 4F 7F 7E 8A 7B BB 16 B3
        D5 FA 2F 04 DA 63 3D AD A4 65 BE B0 D1 E3 CC 3F
        0A 42 D5 20 93 B2 FD 3F 99 96 CD 94 8D 06 33 DB
        30 F7 88 4E A3 64 08 CB 7D
      </generic_descriptor>
    </service>
    <service service_id="0x2A97" EIT_schedule="true" EIT_present_following="false" CA_mode="true" running_status="running">
      <service_descriptor service_type="0x01" service_provider_name="SkyItalia" service_name="Sky Uno +1"/>
      <country_availability_descriptor country_availability="true">
        <country country_code="ITA"/>
      </country_availability_descriptor>
      <private_data_specifier_descriptor private_data_specifier="0x00000002"/>
      <generic_descriptor tag="0xB2">
        1C 61 30 21 65 74 FE C5 6E 9D 76 3D 95 83 8D 09
        5C 52 D8 87 A8 F0 E0 8B BA 3C 3D F6 B4 EB BE C7
        6B 3D 5F A4 CF 4D 03 9F 27 78 67 16 06 D3 19 ED
        7D E9 34 E5 B1 54 B8 9F 17 90 9A B4 DD ED 5C 62
        AB F4 A6 65 2D 87 F3 FC 8A 7B C8 49 07 AF EB CD
        20 93 93 9B DD 24 E4 D2 73 8D 5C 5E 09 06 33 DB
        30 F7 88 49 B9 78 CB B4
      </generic_descriptor>
    </service>
    <service service_id="0x2A9A" EIT_schedule="true" EIT_present_following="false" CA_mode="true" running_status="running">
      <service_descriptor service_type="0x01" service_provider_name="SkyItalia" service_name="Sky Sport24"/>
      <country_availability_descriptor country_availability="true">
        <country country_code="ITA"/>
      </country_availability_descriptor>
      <private_data_specifier_descriptor private_data_specifier="0x00000002"/>
      <generic_descriptor tag="0xB2">
        1C 41 51 7F 3D 46 FB 38 97 88 4C 81 B4 C6 7B 5B
        48 CB 7D F6 71 2B 8D 75 34 0E 7C 9D E1 9F E9 FA
        2F 3E 46 AF D1 6D 31 9E D6 D2 32 DF 52 6D 31 9E
        D6 50 F7 22 53 36 94 C3 F2 F3 92 D8 AE 4A C5 6D
        87 E1 48 28 33 85 D7 65 AB 4F 7F 7E 8A 7B BB 16
        B3 D5 FA 2F 04 DA 63 3D AD A4 65 BE B0 D1 E3 CC
        3F 0A 42 D5 20 93 B2 FD 3F 99 96 CD 94 8D 06 33
        DB 30 F7 88 4E A3 64 08 CB 7D
      </generic_descriptor>
    </service>
    <service service_id="0x2A9D" EIT_schedule="true" EIT_present_following="false" CA_mode="true" running_status="running">
      <service_descriptor service_type="0x01" service_provider_name="SkyItalia" service_name="Sky Sport24"/>
      <country_availability_descriptor country_availability="true">
        <country country_code="ITA"/>
      </country_availability_descriptor>
      <private_data_specifier_descriptor private_data_specifier="0x00000002"/>
      <generic_descriptor tag="0xB2">
        1C 41 B0 3D 46 FB 38 97 88 4C 81 B4 C6 7B 5B 48
        CB 7D F6 71 2B 8D 75 34 0E 7C 9D E1 9F E9 FA 2F
        3E 46 AF D1 6D 31 9E D6 D2 32 DF 52 6D 31 9E D6
        50 F7 22 53 36 94 C3 F2 F3 92 D8 AE 4A C5 6D 87
        E1 48 28 33 85 D7 65 AB 4F 7F 7E 8A 7B BB 16 B3
        D5 FA 2F 04 DA 63 3D AD A4 65 BE B0 D1 E3 CC 3F
        0A 42 D5 20 93 B2 FD 3F 99 96 CD 94 8D 06 33 DB
        30 F7 88 4E A3 64 08 CB 7D
      </generic_descriptor>
    </service>
    <service service_id="0x2AA1" EIT_schedule="true" EIT_present_following="false" CA_mode="true" running_status="running">
      <service_descriptor service_type="0x02" service_provider_name="SkyItalia" service_name="Radio KissKiss"/>
      <country_availability_descriptor country_availability="true">
        <country country_code="ITA"/>
      </country_availability_descriptor>
      <private_data_specifier_descriptor private_data_specifier="0x00000002"/>
      <generic_descriptor tag="0xB2">
        1C C1 D1 5F 34 19 9E D7 81 9E B7 ED 33 5B 56 E8
      </generic_descriptor>
    </service>
    <service service_id="0x2AA2" EIT_schedule="true" EIT_present_following="false" CA_mode="true" running_status="running">
      <service_descriptor service_type="0x01" service_provider_name="SkyItalia" service_name="Sky Sport MotoGP"/>
      <country_availability_descriptor country_availability="true">
        <country country_code="ITA"/>
      </country_availability_descriptor>
      <private_data_specifier_descriptor private_data_specifier="0x00000002"/>
      <generic_descriptor tag="0xB2">
        1C 61 50 2D 6B 69 8C F6 B6 91 96 FA E7 B7 8B D3
        BB DF B9 8C 34 BA 52 CD 03 A9 90 B6 9C 97 9F DC
        F5 36 2D E3 CF FA 4E 8F 21 89 6E E2 F0 4E 8F 4C
        CA 5B 0F E7 D9 07 AF EB CD 20 93 93 9B DD 24 E4
        D2 73 CB CF 04 83 19 ED 98 7B C4 24 DC BC 65 DA
        99 C4 CF F9 E2 4E 10 77 FB A7 C2 E1 96 BA 1F F7
        49 C0 FB 96 F7 35 D2 78 F8 6F 2F F3 05
      </generic_descriptor>
    </service>
    <service service_id="0x2AA6" EIT_schedule="true" EIT_present_following="false" CA_mode="true" running_status="running">
      <country_availability_descriptor country_availability="true">
        <country country_code="ITA"/>
      </country_availability_descriptor>
      <private_data_specifier_descriptor private_data_specifier="0x00000002"/>
      <service_descriptor service_type="0x82" service_provider_name="SkyItalia" service_name="ITV_TRIAL_62"/>
      <generic_descriptor tag="0xB2">
        1C 41 30 02
      </generic_descriptor>
    </service>
    <service service_id="0x2AA7" EIT_schedule="true" EIT_present_following="false" CA_mode="true" running_status="running">
      <service_descriptor service_type="0x02" service_provider_name="SkyItalia" service_name="Radio Number One"/>
      <country_availability_descriptor country_availability="true">
        <country country_code="ITA"/>
      </country_availability_descriptor>
      <private_data_specifier_descriptor private_data_specifier="0x00000002"/>
      <generic_descriptor tag="0xB2">
        1C C0 D1 5F 32 9E B0 93 0B 3A 2E 1A DB 95 DE 82
      </generic_descriptor>
    </service>
    <service service_id="0x2AA8" EIT_schedule="true" EIT_present_following="false" CA_mode="true" running_status="running">
      <service_descriptor service_type="0x01" service_provider_name="SkyItalia" service_name="Sky Sport 1"/>
      <country_availability_descriptor country_availability="true">
        <country country_code="ITA"/>
      </country_availability_descriptor>
      <private_data_specifier_descriptor private_data_specifier="0x00000002"/>
      <generic_descriptor tag="0xB2">
        1C 61 50 2D 28 33 85 CB 62 A9 71 36 53 69 5B 1A
        42 B0 7C 84 E0 1D B2 8F EE 27 F8 67 56 0E 63 A0
        DD 44 35 B7 13 FC 33 AB 07 31 3E 88 7F C1 CC 7D
        39 36 28 1E 44 3F E0 F4 EE F4 51 65 9A 06 07 8C
        2D C4 76 63 20 69 86 97 4A 59 A0 69 EF EF D1 4F
        77 62 82 32 DF 66 65 2D 87 F3 EC 83 D7 F5 E6 90
        49 C9 CD EE 92 72 69 20 C6 7B 66 1E F1 09 37 2F
        19 76 82
      </generic_descriptor>
    </service>
    <service service_id="0x2AA9" EIT_schedule="true" EIT_present_following="false" CA_mode="true" running_status="running">
      <service_descriptor service_type="0x01" service_provider_name="SkyItalia" service_name="Sky Sport 2"/>
      <country_availability_descriptor country_availability="true">
        <country country_code="ITA"/>
      </country_availability_descriptor>
      <private_data_specifier_descriptor private_data_specifier="0x00000002"/>
      <generic_descriptor tag="0xB2">
        1C 61 50 2D 28 33 85 CB 62 A9 71 36 53 69 5B 1A
        42 B0 7C 84 E0 1D B2 8F EE 27 F8 67 56 0E 63 A0
        DD 44 35 B7 13 FC 33 AB 07 31 3E 88 7F C1 CC 7D
        39 36 28 1E 44 3F E0 F4 EE F4 51 65 9A 06 07 8C
        2D C4 76 63 20 69 86 97 4A 59 A0 69 EF EF D1 4F
        77 62 82 32 DF 66 65 2D 87 F3 EC 83 D7 F5 E6 90
        49 C9 CD EE 92 72 69 20 C6 7B 66 1E F1 09 37 2F
        19 76 82
      </generic_descriptor>
    </service>
    <service service_id="0x2AAA" EIT_schedule="true" EIT_present_following="false" CA_mode="true" running_status="running">
      <service_descriptor service_type="0x01" service_provider_name="SkyItalia" service_name="Sky Supercalcio"/>
      <country_availability_descriptor country_availability="true">
        <country country_code="ITA"/>
      </country_availability_descriptor>
      <private_data_specifier_descriptor private_data_specifier="0x00000002"/>
      <generic_descriptor tag="0xB2">
        1C 61 50 2D 0B C6 E9 36 98 CF 6B 28 7B 91 27 3D
        BC 5E 9D DE FD CC 6D 2B 63 48 53 4F 4E EF 7E E6
        36 95 B1 A7 D3 31 F4 23 6A 9B AD F7 EC 0F 27 B9
        12 47 A7 87 F7 26 7A 79 28 A3 D7 EF DD 24 BC F7
        74 D9 7C 9C 9B 1F F7 D1 ED 3A 9A 07 3E 4E F0 CF
        F9 A5 2D 87 F3 EC 83 D7 F5 E4 12 72 7E E9 27 26
        93 9E 5E 78 24 18 CF 6C C3 DE 21 26 E5 E3 2E D0
      </generic_descriptor>
    </service>
    <service service_id="0x2AAB" EIT_schedule="true" EIT_present_following="false" CA_mode="true" running_status="running">
      <country_availability_descriptor country_availability="true">
        <country country_code="ITA"/>
      </country_availability_descriptor>
      <private_data_specifier_descriptor private_data_specifier="0x00000002"/>
      <service_descriptor service_type="0x82" service_provider_name="SkyItalia" service_name="Sport Active 1"/>
      <generic_descriptor tag="0xB2">
        1C C2 50 02
      </generic_descriptor>
    </service>
    <service service_id="0x2AAC" EIT_schedule="true" EIT_present_following="false" CA_mode="true" running_status="running">
      <country_availability_descriptor country_availability="true">
        <country country_code="ITA"/>
      </country_availability_descriptor>
      <private_data_specifier_descriptor private_data_specifier="0x00000002"/>
      <service_descriptor service_type="0x82" service_provider_name="SkyItalia" service_name="Sports Active 2"/>
      <generic_descriptor tag="0xB2">
        1C 41 F0 02
      </generic_descriptor>
    </service>
    <service service_id="0x2AAD" EIT_schedule="true" EIT_present_following="false" CA_mode="true" running_status="running">
      <service_descriptor service_type="0x02" service_provider_name="SkyItalia" service_name="Radio Ibiza"/>
      <country_availability_descriptor country_availability="true">
        <country country_code="ITA"/>
      </country_availability_descriptor>
      <private_data_specifier_descriptor private_data_specifier="0x00000002"/>
      <generic_descriptor tag="0xB2">
        1C 41 D1 5F 32 9E B0 93 EF F0 89 AF 85
      </generic_descriptor>
    </service>
    <service service_id="0x2AAE" EIT_schedule="true" EIT_present_following="false" CA_mode="true" running_status="running">
      <service_descriptor service_type="0x02" service_provider_name="SkyItalia" service_name="Dimensione Suono 2 Soft"/>
      <country_availability_descriptor country_availability="true">
        <country country_code="ITA"/>
      </country_availability_descriptor>
      <private_data_specifier_descriptor private_data_specifier="0x00000002"/>
      <generic_descriptor tag="0xB2">
        1C 41 D1 5F 21 43 15 5F C0 AF 4D A1 C5 72 7D 96
        D2 D5 E8
      </generic_descriptor>
    </service>
    <service service_id="0x2AAF" EIT_schedule="true" EIT_present_following="false" CA_mode="true" running_status="running">
      <service_descriptor service_type="0x01" service_provider_name="SkyItalia" service_name="Sky Supercalcio"/>
      <country_availability_descriptor country_availability="true">
        <country country_code="ITA"/>
      </country_availability_descriptor>
      <private_data_specifier_descriptor private_data_specifier="0x00000002"/>
      <generic_descriptor tag="0xB2">
        1C 61 50 21 74 0E 0A E4 F4 53 27 2D E4 F7 22 4E
        2E 36 98 CF 6F 07 5C 4C 82 83 38 77 48 B1 0C B8
        B6 2F 3F 8A 31 2B FF A2 D1 DB 28 E8 70 7A 77 7B
        F7 31 B4 AD 8D 21 4D 39 8F A7 26 C5 03 C8 87 F7
        53 40 E7 C9 DE 19 FF 83 CD B0 FE 7F 91 4F 79 09
        20 F5 FD 79 A4 12 72 73 7B A4 9C 98
      </generic_descriptor>
    </service>
    <service service_id="0x2AB0" EIT_schedule="true" EIT_present_following="false" CA_mode="true" running_status="running">
      <service_descriptor service_type="0x01" service_provider_name="SkyItalia" service_name="Sky Sport 2"/>
      <country_availability_descriptor country_availability="true">
        <country country_code="ITA"/>
      </country_availability_descriptor>
      <private_data_specifier_descriptor private_data_specifier="0x00000002"/>
      <generic_descriptor tag="0xB2">
        1C 41 50 02
      </generic_descriptor>
    </service>
    <service service_id="0x2AB1" EIT_schedule="true" EIT_present_following="false" CA_mode="true" running_status="running">
      <service_descriptor service_type="0x01" service_provider_name="SkyItalia" service_name="Sky Sport24"/>
      <country_availability_descriptor country_availability="true">
        <country country_code="ITA"/>
      </country_availability_descriptor>
      <private_data_specifier_descriptor private_data_specifier="0x00000002"/>
      <generic_descriptor tag="0xB2">
        1C 61 50 3D 46 FB 38 97 88 4C 81 B4 C6 7B 5B 48
        CB 7D F6 71 2B 8D 75 34 0E 7C 9D E1 9F E9 FA 2F
        3E 46 AF D1 6D 31 9E D6 D2 32 DF 52 6D 31 9E D6
        50 F7 22 53 36 94 C3 F2 F3 92 D8 AE 4A C5 6D 87
        E1 48 28 33 85 D7 65 AB 4F 7F 7E 8A 7B BB 16 B3
        D5 FA 2F 04 DA 63 3D AD A4 65 BE B0 D1 E3 CC 3F
        0A 42 D5 20 93 B2 FD 3F 99 96 CD 94 8D 06 33 DB
        30 F7 88 4E A3 64 08 CB 7D
      </generic_descriptor>
    </service>
    <service service_id="0x2AB4" EIT_schedule="true" EIT_present_following="false" CA_mode="true" running_status="running">
      <country_availability_descriptor country_availability="true">
        <country country_code="ITA"/>
      </country_availability_descriptor>
      <private_data_specifier_descriptor private_data_specifier="0x00000002"/>
      <service_descriptor service_type="0x82" service_provider_name="SkyItalia" service_name="Sky Sport 24"/>
      <generic_descriptor tag="0xB2">
        1C 41 50 02
      </generic_descriptor>
    </service>
    <service service_id="0x2AB5" EIT_schedule="true" EIT_present_following="false" CA_mode="true" running_status="running">
      <country_availability_descriptor country_availability="true">
        <country country_code="ITA"/>
      </country_availability_descriptor>
      <private_data_specifier_descriptor private_data_specifier="0x00000002"/>
      <service_descriptor service_type="0x82" service_provider_name="SkyItalia" service_name="Sky Sport 1"/>
      <generic_descriptor tag="0xB2">
        1C 41 50 02
      </generic_descriptor>
    </service>
    <service service_id="0x2AB6" EIT_schedule="true" EIT_present_following="false" CA_mode="true" running_status="running">
      <country_availability_descriptor country_availability="true">
        <country country_code="ITA"/>
      </country_availability_descriptor>
      <private_data_specifier_descriptor private_data_specifier="0x00000002"/>
      <service_descriptor service_type="0x82" service_provider_name="SkyItalia" service_name="Sky Supercalcio"/>
      <generic_descriptor tag="0xB2">
        1C 41 50 02
      </generic_descriptor>
    </service>
    <service service_id="0x2AB7" EIT_schedule="true" EIT_present_following="false" CA_mode="true" running_status="running">
      <country_availability_descriptor country_availability="true">
        <country country_code="ITA"/>
      </country_availability_descriptor>
      <private_data_specifier_descriptor private_data_specifier="0x00000002"/>
      <service_descriptor service_type="0x82" service_provider_name="SkyItalia" service_name="Sports Active 3"/>
      <generic_descriptor tag="0xB2">
        1C C1 F0 02
      </generic_descriptor>
    </service>
    <service service_id="0x2AB8" EIT_schedule="true" EIT_present_following="false" CA_mode="true" running_status="running">
      <service_descriptor service_type="0x01" service_provider_name="SkyItalia" service_name="Sky Sport24"/>
      <country_availability_descriptor country_availability="true">
        <country country_code="ITA"/>
      </country_availability_descriptor>
      <private_data_specifier_descriptor private_data_specifier="0x00000002"/>
      <generic_descriptor tag="0xB2">
        1C 41 B0 31 33 C4 04 15 14 7B A7 E1 86 25 BF 73
        78 2F 2F 15 7C 5E 34 11 96 FA E9 36 98 CF 6B 69
        19 6F AF B3 89 5A 41 41 9C 3B A7 A7 77 B4 EB B7
        2E 89 A1 A7 C5 E4 25 AA 6E B7 DF BA 7D 83 CD B0
        FE 7F 91 64 1E BF AF 34 82 4E 4E 6F 74 93 93 49
        CE 35 71 78 24 18 CF 6C C3 DE 21 26 E5 E3 2E D0
      </generic_descriptor>
    </service>
    <service service_id="0x2AB9" EIT_schedule="true" EIT_present_following="false" CA_mode="true" running_status="running">
      <service_descriptor service_type="0x01" service_provider_name="SkyItalia" service_name="PPV Bundle"/>
      <country_availability_descriptor country_availability="true">
        <country country_code="ITA"/>
      </country_availability_descriptor>
      <private_data_specifier_descriptor private_data_specifier="0x00000002"/>
      <generic_descriptor tag="0xB2">
        1C 41 50 02
      </generic_descriptor>
    </service>
    <service service_id="0x2ABA" EIT_schedule="true" EIT_present_following="false" CA_mode="true" running_status="running">
      <service_descriptor service_type="0x01" service_provider_name="SkyItalia" service_name="Sky Sport24"/>
      <country_availability_descriptor country_availability="true">
        <country country_code="ITA"/>
      </country_availability_descriptor>
      <private_data_specifier_descriptor private_data_specifier="0x00000002"/>
      <generic_descriptor tag="0xB2">
        1C 61 51 7F 31 33 C4 04 15 14 7B A7 E1 86 25 BF
        73 78 2F 2F 15 7C 5E 34 11 96 FA E9 3A ED CB A2
        68 69 81 B4 C6 7B 5B 48 CB 7D 7D 9C 4A F3 6C 3F
        9F E4 59 07 AF EB CD 20 93 93 9B DD 24 E4 D2 73
        8D 5C 5E 09 06 33 DB 30 F7 88 49 B9 78 CB B4
      </generic_descriptor>
    </service>
    <service service_id="0x2ABB" EIT_schedule="true" EIT_present_following="false" CA_mode="true" running_status="running">
      <service_descriptor service_type="0x01" service_provider_name="SkyItalia" service_name="PPV Bundle2"/>
      <country_availability_descriptor country_availability="true">
        <country country_code="ITA"/>
      </country_availability_descriptor>
      <private_data_specifier_descriptor private_data_specifier="0x00000002"/>
      <generic_descriptor tag="0xB2">
        1C 41 50 02
      </generic_descriptor>
    </service>
    <service service_id="0x2AEF" EIT_schedule="false" EIT_present_following="false" CA_mode="true" running_status="running">
      <private_data_specifier_descriptor private_data_specifier="0x00000002"/>
      <service_descriptor service_type="0xFB" service_provider_name="SkyItalia" service_name="Fusion BGDL 10991"/>
      <generic_descriptor tag="0xB2">
        00 41 10 02
      </generic_descriptor>
    </service>
    <service service_id="0x2AF0" EIT_schedule="false" EIT_present_following="false" CA_mode="true" running_status="running">
      <country_availability_descriptor country_availability="true">
        <country country_code="ITA"/>
      </country_availability_descriptor>
      <private_data_specifier_descriptor private_data_specifier="0x00000002"/>
      <service_descriptor service_type="0x84" service_provider_name="SkyItalia" service_name="Dl622"/>
      <generic_descriptor tag="0xB2">
        00 41 10 02
      </generic_descriptor>
    </service>
    <service service_id="0x2AF5" EIT_schedule="false" EIT_present_following="false" CA_mode="true" running_status="running">
      <country_availability_descriptor country_availability="true">
        <country country_code="ITA"/>
      </country_availability_descriptor>
      <private_data_specifier_descriptor private_data_specifier="0x00000002"/>
      <service_descriptor service_type="0x84" service_provider_name="SkyItalia" service_name="Dl621"/>
      <generic_descriptor tag="0xB2">
        00 41 10 02
      </generic_descriptor>
    </service>
    <service service_id="0x2AF7" EIT_schedule="false" EIT_present_following="false" CA_mode="true" running_status="running">
      <country_availability_descriptor country_availability="true">
        <country country_code="ITA"/>
      </country_availability_descriptor>
      <private_data_specifier_descriptor private_data_specifier="0x00000002"/>
      <service_descriptor service_type="0x83" service_provider_name="SkyItalia" service_name="IEPG Data"/>
      <generic_descriptor tag="0xB2">
        00 41 10 02
      </generic_descriptor>
    </service>
    <service service_id="0x3BCB" EIT_schedule="true" EIT_present_following="false" CA_mode="true" running_status="running">
      <service_descriptor service_type="0x01" service_provider_name="SkyItalia" service_name="Disney XD"/>
      <country_availability_descriptor country_availability="true">
        <country country_code="ITA"/>
      </country_availability_descriptor>
      <private_data_specifier_descriptor private_data_specifier="0x00000002"/>
      <generic_descriptor tag="0xB2">
        1C 41 D1 3F 31 33 9E DF 5B A7 C8 4B 54 DD 6F BF
        67 A7 92 8A 3D 7E FD 81 E7 FB E9 5C 5F DC 67 FA
        2D 31 EC 83 DF E2 88 5B 79 DC FF A3 9C 53 F7 87
        F1 70 EA 16 9D FC 3F 9A 34 2F 36 C3 F9 FE 45 3D
        E4 24 83 D7 F5 E6 90 49 C9 CD EE 92 72 61
      </generic_descriptor>
    </service>
  </SDT>
  <SDT version="28" current="true" transport_stream_id="0x23F0" original_network_id="0x013F" actual="false">
    <!-- PID 0x0011 (17), first TS packet: 86,983, last: 87,137 -->
    <service service_id="0x245B" EIT_schedule="true" EIT_present_following="false" CA_mode="true" running_status="running">
      <service_descriptor service_type="0x01" service_provider_name="SkyItalia" service_name="Canale Italia"/>
      <country_availability_descriptor country_availability="true">
        <country country_code="ITA"/>
      </country_availability_descriptor>
      <private_data_specifier_descriptor private_data_specifier="0x00000002"/>
      <generic_descriptor tag="0xB2">
        1C C1 F0 02
      </generic_descriptor>
    </service>
    <service service_id="0x245C" EIT_schedule="true" EIT_present_following="false" CA_mode="true" running_status="running">
      <service_descriptor service_type="0x01" service_provider_name="SkyItalia" service_name="Canale Italia 84"/>
      <country_availability_descriptor country_availability="true">
        <country country_code="ITA"/>
      </country_availability_descriptor>
      <private_data_specifier_descriptor private_data_specifier="0x00000002"/>
      <generic_descriptor tag="0xB2">
        1C C0 F0 02
      </generic_descriptor>
    </service>
    <service service_id="0x2487" EIT_schedule="false" EIT_present_following="false" CA_mode="true" running_status="running">
      <service_descriptor service_type="0x01" service_provider_name="SkyItalia" service_name="Tele 5"/>
      <country_availability_descriptor country_availability="true">
        <country country_code="ITA"/>
      </country_availability_descriptor>
      <private_data_specifier_descriptor private_data_specifier="0x00000002"/>
      <generic_descriptor tag="0xB2">
        00 4F E0 02
      </generic_descriptor>
    </service>
    <service service_id="0x2488" EIT_schedule="true" EIT_present_following="false" CA_mode="true" running_status="running">
      <service_descriptor service_type="0x01" service_provider_name="SkyItalia" service_name="Baraem"/>
      <country_availability_descriptor country_availability="true">
        <country country_code="ITA"/>
      </country_availability_descriptor>
      <private_data_specifier_descriptor private_data_specifier="0x00000002"/>
      <generic_descriptor tag="0xB2">
        1C C0 D1 3F 02
      </generic_descriptor>
    </service>
    <service service_id="0x2492" EIT_schedule="true" EIT_present_following="false" CA_mode="true" running_status="running">
      <service_descriptor service_type="0x01" service_provider_name="SkyItalia" service_name="Jeem Tv"/>
      <country_availability_descriptor country_availability="true">
        <country country_code="ITA"/>
      </country_availability_descriptor>
      <private_data_specifier_descriptor private_data_specifier="0x00000002"/>
      <generic_descriptor tag="0xB2">
        1C C0 D1 3F 02
      </generic_descriptor>
    </service>
  </SDT>
  <SDT version="29" current="true" transport_stream_id="0x3CF0" original_network_id="0x013E" actual="false">
    <!-- PID 0x0011 (17), first TS packet: 87,293, last: 87,912 -->
    <service service_id="0x0BEF" EIT_schedule="true" EIT_present_following="false" CA_mode="true" running_status="undefined">
      <service_descriptor service_type="0x04" service_provider_name="SkyItalia" service_name="REF 3055"/>
      <country_availability_descriptor country_availability="true">
        <country country_code="ITA"/>
      </country_availability_descriptor>
      <NVOD_reference_descriptor>
        <service transport_stream_id="0x1B58" original_network_id="0x013E" service_id="0x02C4"/>
        <service transport_stream_id="0x3138" original_network_id="0x013E" service_id="0x06B0"/>
        <service transport_stream_id="0x22C4" original_network_id="0x013E" service_id="0x07E1"/>
        <service transport_stream_id="0x1518" original_network_id="0x013E" service_id="0x0CE6"/>
        <service transport_stream_id="0x1518" original_network_id="0x013E" service_id="0x0CF2"/>
        <service transport_stream_id="0x33F4" original_network_id="0x013E" service_id="0x132B"/>
        <service transport_stream_id="0x1C20" original_network_id="0x013E" service_id="0x1C22"/>
        <service transport_stream_id="0x1C20" original_network_id="0x013E" service_id="0x1C38"/>
        <service transport_stream_id="0x24B8" original_network_id="0x013E" service_id="0x200B"/>
        <service transport_stream_id="0x24B8" original_network_id="0x013E" service_id="0x200C"/>
        <service transport_stream_id="0x24B8" original_network_id="0x013E" service_id="0x2010"/>
        <service transport_stream_id="0x13EF" original_network_id="0x013E" service_id="0x2529"/>
        <service transport_stream_id="0x3CF0" original_network_id="0x013E" service_id="0x29D1"/>
        <service transport_stream_id="0x2CEC" original_network_id="0x013E" service_id="0x439F"/>
        <service transport_stream_id="0x0258" original_network_id="0x013E" service_id="0x44DD"/>
      </NVOD_reference_descriptor>
      <private_data_specifier_descriptor private_data_specifier="0x00000002"/>
      <generic_descriptor tag="0xB2">
        1C 41 B0 02
      </generic_descriptor>
    </service>
    <service service_id="0x29D1" EIT_schedule="true" EIT_present_following="false" CA_mode="true" running_status="running">
      <time_shifted_service_descriptor reference_service_id="0x0BEF"/>
      <private_data_specifier_descriptor private_data_specifier="0x00000002"/>
      <generic_descriptor tag="0xB2">
        1C C0 B0 02
      </generic_descriptor>
      <generic_descriptor tag="0xC0">
        05 43 61 6E 61 6C 20 41 6C 67 65 72 69 65
      </generic_descriptor>
    </service>
    <service service_id="0x29D6" EIT_schedule="false" EIT_present_following="false" CA_mode="true" running_status="running">
      <service_descriptor service_type="0x01" service_provider_name="SkyItalia" service_name="123LIVESAT/69XTV"/>
      <country_availability_descriptor country_availability="true">
        <country country_code="ITA"/>
      </country_availability_descriptor>
      <private_data_specifier_descriptor private_data_specifier="0x00000002"/>
      <generic_descriptor tag="0xB2">
        00 40 F0 02
      </generic_descriptor>
    </service>
    <service service_id="0x29D7" EIT_schedule="false" EIT_present_following="false" CA_mode="true" running_status="running">
      <service_descriptor service_type="0x01" service_provider_name="SkyItalia" service_name="TELESUD"/>
      <country_availability_descriptor country_availability="true">
        <country country_code="ITA"/>
      </country_availability_descriptor>
      <private_data_specifier_descriptor private_data_specifier="0x00000002"/>
      <generic_descriptor tag="0xB2">
        00 4F E0 02
      </generic_descriptor>
    </service>
    <service service_id="0x29D9" EIT_schedule="false" EIT_present_following="false" CA_mode="true" running_status="running">
      <service_descriptor service_type="0x01" service_provider_name="SkyItalia" service_name="K+"/>
      <country_availability_descriptor country_availability="true">
        <country country_code="ITA"/>
      </country_availability_descriptor>
      <private_data_specifier_descriptor private_data_specifier="0x00000002"/>
      <generic_descriptor tag="0xB2">
        00 4F E0 02
      </generic_descriptor>
    </service>
    <service service_id="0x29DB" EIT_schedule="true" EIT_present_following="false" CA_mode="true" running_status="running">
      <service_descriptor service_type="0x01" service_provider_name="SkyItalia" service_name="Arirang TV"/>
      <country_availability_descriptor country_availability="true">
        <country country_code="ITA"/>
      </country_availability_descriptor>
      <private_data_specifier_descriptor private_data_specifier="0x00000002"/>
      <generic_descriptor tag="0xB2">
        1C C0 B0 02
      </generic_descriptor>
    </service>
    <service service_id="0x29DC" EIT_schedule="false" EIT_present_following="false" CA_mode="true" running_status="running">
      <service_descriptor service_type="0x01" service_provider_name="SkyItalia" service_name="ABU DHABI SPORT"/>
      <country_availability_descriptor country_availability="true">
        <country country_code="ITA"/>
      </country_availability_descriptor>
      <private_data_specifier_descriptor private_data_specifier="0x00000002"/>
      <generic_descriptor tag="0xB2">
        00 4F E0 02
      </generic_descriptor>
    </service>
    <service service_id="0x29DE" EIT_schedule="false" EIT_present_following="false" CA_mode="true" running_status="running">
      <service_descriptor service_type="0x01" service_provider_name="SkyItalia" service_name="Nessma TV"/>
      <country_availability_descriptor country_availability="true">
        <country country_code="ITA"/>
      </country_availability_descriptor>
      <private_data_specifier_descriptor private_data_specifier="0x00000002"/>
      <generic_descriptor tag="0xB2">
        00 4F E0 02
      </generic_descriptor>
    </service>
    <service service_id="0x29E3" EIT_schedule="false" EIT_present_following="false" CA_mode="true" running_status="running">
      <service_descriptor service_type="0x01" service_provider_name="SkyItalia" service_name="ARTE"/>
      <country_availability_descriptor country_availability="true">
        <country country_code="ITA"/>
      </country_availability_descriptor>
      <private_data_specifier_descriptor private_data_specifier="0x00000002"/>
      <generic_descriptor tag="0xB2">
        00 4F E0 02
      </generic_descriptor>
    </service>
    <service service_id="0x29EE" EIT_schedule="false" EIT_present_following="false" CA_mode="true" running_status="running">
      <service_descriptor service_type="0x01" service_provider_name="SkyItalia" service_name="!ALLOVE"/>
      <country_availability_descriptor country_availability="true">
        <country country_code="ITA"/>
      </country_availability_descriptor>
      <private_data_specifier_descriptor private_data_specifier="0x00000002"/>
      <generic_descriptor tag="0xB2">
        00 4F E0 02
      </generic_descriptor>
    </service>
    <service service_id="0x29EF" EIT_schedule="false" EIT_present_following="false" CA_mode="true" running_status="running">
      <service_descriptor service_type="0x01" service_provider_name="SkyItalia" service_name="!EL HOB TV"/>
      <country_availability_descriptor country_availability="true">
        <country country_code="ITA"/>
      </country_availability_descriptor>
      <private_data_specifier_descriptor private_data_specifier="0x00000002"/>
      <generic_descriptor tag="0xB2">
        00 4F E0 02
      </generic_descriptor>
    </service>
    <service service_id="0x29FF" EIT_schedule="false" EIT_present_following="false" CA_mode="true" running_status="running">
      <service_descriptor service_type="0x02" service_provider_name="SkyItalia" service_name="In direct Romania"/>
      <country_availability_descriptor country_availability="true">
        <country country_code="ITA"/>
      </country_availability_descriptor>
      <private_data_specifier_descriptor private_data_specifier="0x00000002"/>
      <generic_descriptor tag="0xB2">
        00 40 F0 02
      </generic_descriptor>
    </service>
    <service service_id="0x2A00" EIT_schedule="false" EIT_present_following="false" CA_mode="true" running_status="running">
      <service_descriptor service_type="0x02" service_provider_name="SkyItalia" service_name="Romania Musical"/>
      <country_availability_descriptor country_availability="true">
        <country country_code="ITA"/>
      </country_availability_descriptor>
      <private_data_specifier_descriptor private_data_specifier="0x00000002"/>
      <generic_descriptor tag="0xB2">
        00 40 F0 02
      </generic_descriptor>
    </service>
    <service service_id="0x2A04" EIT_schedule="false" EIT_present_following="false" CA_mode="true" running_status="running">
      <service_descriptor service_type="0x02" service_provider_name="SkyItalia" service_name="Guardia Costiera"/>
      <country_availability_descriptor country_availability="true">
        <country country_code="ITA"/>
      </country_availability_descriptor>
      <private_data_specifier_descriptor private_data_specifier="0x00000002"/>
      <generic_descriptor tag="0xB2">
        00 40 F0 02
      </generic_descriptor>
    </service>
  </SDT>
  <BAT version="2" current="true" bouquet_id="0x6252">
    <!-- PID 0x0011 (17), first TS packet: 85,732, last: 90,596 -->
    <bouquet_name_descriptor bouquet_name="Multivision Kids"/>
    <private_data_specifier_descriptor private_data_specifier="0x00000002"/>
    <linkage_descriptor transport_stream_id="0x16A8" original_network_id="0xFBFF" service_id="0x0E70" linkage_type="0x90"/>
    <linkage_descriptor transport_stream_id="0x251C" original_network_id="0xFBFF" service_id="0x2C63" linkage_type="0x91"/>
    <linkage_descriptor transport_stream_id="0x1900" original_network_id="0xFBFF" service_id="0x2B39" linkage_type="0x9D">
      <private_data>
        01
      </private_data>
    </linkage_descriptor>
    <linkage_descriptor transport_stream_id="0x1900" original_network_id="0xFBFF" service_id="0x2B3B" linkage_type="0x9D">
      <private_data>
        02
      </private_data>
    </linkage_descriptor>
    <bouquet_name_descriptor bouquet_name="Multivision Kids"/>
    <private_data_specifier_descriptor private_data_specifier="0x00000002"/>
    <linkage_descriptor transport_stream_id="0x16A8" original_network_id="0xFBFF" service_id="0x0E70" linkage_type="0x90"/>
    <linkage_descriptor transport_stream_id="0x251C" original_network_id="0xFBFF" service_id="0x2C63" linkage_type="0x91"/>
    <linkage_descriptor transport_stream_id="0x1900" original_network_id="0xFBFF" service_id="0x2B39" linkage_type="0x9D">
      <private_data>
        01
      </private_data>
    </linkage_descriptor>
    <linkage_descriptor transport_stream_id="0x1900" original_network_id="0xFBFF" service_id="0x2B3B" linkage_type="0x9D">
      <private_data>
        02
      </private_data>
    </linkage_descriptor>
    <transport_stream transport_stream_id="0x1388" original_network_id="0x013E" preferred_section="0">
      <private_data_specifier_descriptor private_data_specifier="0x00000002"/>
      <service_list_descriptor>
        <service service_id="0x34BC" service_type="0x83"/>
      </service_list_descriptor>
      <generic_descriptor tag="0xB1">
        FF FF 34 BC 83 0D AC FF FF FF F0
      </generic_descriptor>
    </transport_stream>
    <transport_stream transport_stream_id="0x3070" original_network_id="0x013E" preferred_section="1">
      <service_list_descriptor>
        <service service_id="0x213F" service_type="0x01"/>
        <service service_id="0x2140" service_type="0x01"/>
        <service service_id="0x2141" service_type="0x01"/>
        <service service_id="0x2142" service_type="0x01"/>
      </service_list_descriptor>
      <private_data_specifier_descriptor private_data_specifier="0x00000002"/>
      <generic_descriptor tag="0xB1">
        00 00 21 3F 01 03 83 00 65 06 5E 21 40 01 03 82
        00 66 06 6E 21 41 01 03 81 00 67 06 7E 21 42 01
        02 10 00 68 06 8E
      </generic_descriptor>
      <generic_descriptor tag="0xB1">
        00 04 21 3F 01 03 83 00 65 06 5E 21 40 01 03 82
        00 66 06 6E 21 41 01 03 81 00 67 06 7E
      </generic_descriptor>
    </transport_stream>
    <transport_stream transport_stream_id="0x30D4" original_network_id="0x013E" preferred_section="1">
      <service_list_descriptor>
        <service service_id="0x4534" service_type="0x19"/>
      </service_list_descriptor>
      <private_data_specifier_descriptor private_data_specifier="0x00000002"/>
      <generic_descriptor tag="0xB1">
        00 04 45 34 19 15 56 00 68 06 8E
      </generic_descriptor>
    </transport_stream>
    <transport_stream transport_stream_id="0x23F0" original_network_id="0x013F" preferred_section="1">
      <service_list_descriptor>
        <service service_id="0x2488" service_type="0x01"/>
        <service service_id="0x2492" service_type="0x01"/>
      </service_list_descriptor>
      <private_data_specifier_descriptor private_data_specifier="0x00000002"/>
      <generic_descriptor tag="0xB1">
        FF FF 24 88 01 14 90 02 B3 2B 3E 24 92 01 14 8F
        02 B2 2B 2E
      </generic_descriptor>
    </transport_stream>
    <transport_stream transport_stream_id="0x0320" original_network_id="0xFBFF" preferred_section="0">
      <private_data_specifier_descriptor private_data_specifier="0x00000002"/>
      <service_list_descriptor>
        <service service_id="0x057F" service_type="0x01"/>
        <service service_id="0x0590" service_type="0x01"/>
        <service service_id="0x05D7" service_type="0x83"/>
      </service_list_descriptor>
      <generic_descriptor tag="0xB1">
        00 00 05 7F 01 01 97 00 6B 06 BE
      </generic_descriptor>
      <generic_descriptor tag="0xB1">
        00 04 05 7F 01 01 97 00 6B 06 BE
      </generic_descriptor>
      <generic_descriptor tag="0xB1">
        FF FF 05 90 01 01 A8 02 5B 25 BE 05 D7 83 01 EF
        FF FF FF F0
      </generic_descriptor>
    </transport_stream>
    <transport_stream transport_stream_id="0x14B4" original_network_id="0xFBFF" preferred_section="0">
      <private_data_specifier_descriptor private_data_specifier="0x00000002"/>
      <service_list_descriptor>
        <service service_id="0x37A6" service_type="0x19"/>
        <service service_id="0x37B2" service_type="0x19"/>
        <service service_id="0x37D7" service_type="0x83"/>
      </service_list_descriptor>
      <generic_descriptor tag="0xB1">
        00 04 37 A6 19 00 F6 00 6A 06 AE 37 B2 19 01 02
        02 5F 25 FE
      </generic_descriptor>
      <generic_descriptor tag="0xB1">
        FF FF 37 D7 83 01 27 FF FF FF F0
      </generic_descriptor>
    </transport_stream>
    <transport_stream transport_stream_id="0x15E0" original_network_id="0xFBFF" preferred_section="0">
      <private_data_specifier_descriptor private_data_specifier="0x00000002"/>
      <service_list_descriptor>
        <service service_id="0x1E76" service_type="0x83"/>
      </service_list_descriptor>
      <generic_descriptor tag="0xB1">
        FF FF 1E 76 83 03 1E FF FF FF F0
      </generic_descriptor>
    </transport_stream>
    <transport_stream transport_stream_id="0x1644" original_network_id="0xFBFF" preferred_section="0">
      <private_data_specifier_descriptor private_data_specifier="0x00000002"/>
      <service_list_descriptor>
        <service service_id="0x0FBF" service_type="0x01"/>
        <service service_id="0x112E" service_type="0x83"/>
      </service_list_descriptor>
      <generic_descriptor tag="0xB1">
        FF FF 0F BF 01 00 1F 02 5A 25 AE 11 2E 83 01 8E
        FF FF FF F0
      </generic_descriptor>
    </transport_stream>
    <transport_stream transport_stream_id="0x16A8" original_network_id="0xFBFF" preferred_section="0">
      <private_data_specifier_descriptor private_data_specifier="0x00000002"/>
      <service_list_descriptor>
        <service service_id="0x0E66" service_type="0x96"/>
        <service service_id="0x0E67" service_type="0x95"/>
        <service service_id="0x0E6D" service_type="0xB4"/>
        <service service_id="0x0E6E" service_type="0xB5"/>
        <service service_id="0x0E6F" service_type="0xC6"/>
        <service service_id="0x0E70" service_type="0x83"/>
      </service_list_descriptor>
      <generic_descriptor tag="0xB1">
        FF FF 0E 66 96 0E 66 FF FF FF F1 0E 67 95 0E 67
        FF FF FF F1 0E 6D B4 0E 6D FF FF FF F1 0E 6E B5
        0E 6E FF FF FF F1 0E 6F C6 0E 6F FF FF FF F1 0E
        70 83 02 B8 FF FF FF F0
      </generic_descriptor>
    </transport_stream>
    <transport_stream transport_stream_id="0x170C" original_network_id="0xFBFF" preferred_section="0">
      <private_data_specifier_descriptor private_data_specifier="0x00000002"/>
      <service_list_descriptor>
        <service service_id="0x251A" service_type="0x83"/>
      </service_list_descriptor>
      <generic_descriptor tag="0xB1">
        FF FF 25 1A 83 01 F2 FF FF FF F0
      </generic_descriptor>
    </transport_stream>
    <transport_stream transport_stream_id="0x1838" original_network_id="0xFBFF" preferred_section="0">
      <private_data_specifier_descriptor private_data_specifier="0x00000002"/>
      <service_list_descriptor>
        <service service_id="0x2AF7" service_type="0x83"/>
        <service service_id="0x3BCB" service_type="0x01"/>
      </service_list_descriptor>
      <generic_descriptor tag="0xB1">
        00 00 3B CB 01 01 33 02 68 26 8E
      </generic_descriptor>
      <generic_descriptor tag="0xB1">
        00 04 3B CB 01 01 33 02 A4 2A 4E
      </generic_descriptor>
      <generic_descriptor tag="0xB1">
        FF FF 2A F7 83 03 E7 FF FF FF F0
      </generic_descriptor>
    </transport_stream>
    <transport_stream transport_stream_id="0x189C" original_network_id="0xFBFF" preferred_section="0">
      <private_data_specifier_descriptor private_data_specifier="0x00000002"/>
      <service_list_descriptor>
        <service service_id="0x1FBF" service_type="0x01"/>
        <service service_id="0x2006" service_type="0x83"/>
      </service_list_descriptor>
      <generic_descriptor tag="0xB1">
        00 00 1F BF 01 00 7F 00 6A 06 AE
      </generic_descriptor>
      <generic_descriptor tag="0xB1">
        FF FF 20 06 83 00 C6 FF FF FF F0
      </generic_descriptor>
    </transport_stream>
    <transport_stream transport_stream_id="0x1900" original_network_id="0xFBFF" preferred_section="0">
      <private_data_specifier_descriptor private_data_specifier="0x00000002"/>
      <service_list_descriptor>
        <service service_id="0x2B39" service_type="0x9B"/>
        <service service_id="0x2B3B" service_type="0x91"/>
        <service service_id="0x2B57" service_type="0x83"/>
      </service_list_descriptor>
      <generic_descriptor tag="0xB1">
        FF FF 2B 39 9B 04 29 FF FF FF F1 2B 3B 91 04 2B
        FF FF FF F1 2B 57 83 00 5F FF FF FF F0
      </generic_descriptor>
    </transport_stream>
    <transport_stream transport_stream_id="0x19C8" original_network_id="0xFBFF" preferred_section="0">
      <private_data_specifier_descriptor private_data_specifier="0x00000002"/>
      <service_list_descriptor>
        <service service_id="0x2B6A" service_type="0x01"/>
        <service service_id="0x2B6E" service_type="0x01"/>
        <service service_id="0x2B7C" service_type="0x01"/>
        <service service_id="0x2BBF" service_type="0x83"/>
      </service_list_descriptor>
      <generic_descriptor tag="0xB1">
        00 00 2B 6A 01 00 72 02 67 26 7E 2B 6E 01 00 76
        02 65 26 5E 2B 7C 01 00 84 02 63 26 3E
      </generic_descriptor>
      <generic_descriptor tag="0xB1">
        00 04 2B 6A 01 00 72 02 67 26 7E 2B 6E 01 00 76
        02 A1 2A 1E 2B 7C 01 00 84 02 63 26 3E
      </generic_descriptor>
      <generic_descriptor tag="0xB1">
        FF FF 2B BF 83 00 C7 FF FF FF F0
      </generic_descriptor>
    </transport_stream>
    <transport_stream transport_stream_id="0x1A2C" original_network_id="0xFBFF" preferred_section="0">
      <private_data_specifier_descriptor private_data_specifier="0x00000002"/>
      <service_list_descriptor>
        <service service_id="0x2DC4" service_type="0x01"/>
        <service service_id="0x2E17" service_type="0x83"/>
      </service_list_descriptor>
      <generic_descriptor tag="0xB1">
        00 00 2D C4 01 02 CC 00 69 06 9E
      </generic_descriptor>
      <generic_descriptor tag="0xB1">
        FF FF 2E 17 83 03 1F FF FF FF F0
      </generic_descriptor>
    </transport_stream>
    <transport_stream transport_stream_id="0x1A90" original_network_id="0xFBFF" preferred_section="0">
      <private_data_specifier_descriptor private_data_specifier="0x00000002"/>
      <service_list_descriptor>
        <service service_id="0x2C23" service_type="0x83"/>
      </service_list_descriptor>
      <generic_descriptor tag="0xB1">
        FF FF 2C 23 83 01 2B FF FF FF F0
      </generic_descriptor>
    </transport_stream>
    <transport_stream transport_stream_id="0x1AF4" original_network_id="0xFBFF" preferred_section="0">
      <private_data_specifier_descriptor private_data_specifier="0x00000002"/>
      <service_list_descriptor>
        <service service_id="0x0DC4" service_type="0x82"/>
        <service service_id="0x0E0E" service_type="0x83"/>
      </service_list_descriptor>
      <generic_descriptor tag="0xB1">
        FF FF 0D C4 82 0D C4 FF FF FF FE 0E 0E 83 02 56
        FF FF FF F0
      </generic_descriptor>
    </transport_stream>
    <transport_stream transport_stream_id="0x1D4C" original_network_id="0xFBFF" preferred_section="0">
      <private_data_specifier_descriptor private_data_specifier="0x00000002"/>
      <service_list_descriptor>
        <service service_id="0x1020" service_type="0x19"/>
        <service service_id="0x1063" service_type="0x83"/>
        <service service_id="0x2D03" service_type="0x19"/>
      </service_list_descriptor>
      <generic_descriptor tag="0xB1">
        00 04 10 20 19 00 80 02 65 26 5E 2D 03 19 02 0B
        02 68 26 8E
      </generic_descriptor>
      <generic_descriptor tag="0xB1">
        FF FF 10 63 83 00 C3 FF FF FF F0
      </generic_descriptor>
    </transport_stream>
    <transport_stream transport_stream_id="0x1E14" original_network_id="0xFBFF" preferred_section="0">
      <private_data_specifier_descriptor private_data_specifier="0x00000002"/>
      <service_list_descriptor>
        <service service_id="0x0FC6" service_type="0x01"/>
        <service service_id="0x1002" service_type="0x83"/>
      </service_list_descriptor>
      <generic_descriptor tag="0xB1">
        FF FF 0F C6 01 00 26 02 5C 25 CE 10 02 83 00 62
        FF FF FF F0
      </generic_descriptor>
    </transport_stream>
    <transport_stream transport_stream_id="0x2008" original_network_id="0xFBFF" preferred_section="0">
      <private_data_specifier_descriptor private_data_specifier="0x00000002"/>
      <service_list_descriptor>
        <service service_id="0x10CA" service_type="0x83"/>
        <service service_id="0x2507" service_type="0x19"/>
      </service_list_descriptor>
      <generic_descriptor tag="0xB1">
        00 04 25 07 19 01 DF 00 69 06 9E
      </generic_descriptor>
      <generic_descriptor tag="0xB1">
        FF FF 10 CA 83 01 2A FF FF FF F0
      </generic_descriptor>
    </transport_stream>
    <transport_stream transport_stream_id="0x206C" original_network_id="0xFBFF" preferred_section="0">
      <private_data_specifier_descriptor private_data_specifier="0x00000002"/>
      <service_list_descriptor>
        <service service_id="0x1C80" service_type="0x83"/>
      </service_list_descriptor>
      <generic_descriptor tag="0xB1">
        FF FF 1C 80 83 01 28 FF FF FF F0
      </generic_descriptor>
    </transport_stream>
    <transport_stream transport_stream_id="0x2198" original_network_id="0xFBFF" preferred_section="0">
      <private_data_specifier_descriptor private_data_specifier="0x00000002"/>
      <service_list_descriptor>
        <service service_id="0x0F89" service_type="0x83"/>
      </service_list_descriptor>
      <generic_descriptor tag="0xB1">
        FF FF 0F 89 83 03 D1 FF FF FF F0
      </generic_descriptor>
    </transport_stream>
    <transport_stream transport_stream_id="0x2260" original_network_id="0xFBFF" preferred_section="1">
      <private_data_specifier_descriptor private_data_specifier="0x00000002"/>
      <service_list_descriptor>
        <service service_id="0x2DB3" service_type="0x83"/>
        <service service_id="0x3BC5" service_type="0x01"/>
        <service service_id="0x3C07" service_type="0x01"/>
      </service_list_descriptor>
      <generic_descriptor tag="0xB1">
        00 00 3C 07 01 01 6F 02 61 26 1E
      </generic_descriptor>
      <generic_descriptor tag="0xB1">
        00 04 3C 07 01 01 6F 02 61 26 1E
      </generic_descriptor>
      <generic_descriptor tag="0xB1">
        FF FF 2D B3 83 02 BB FF FF FF F0 3B C5 01 01 2D
        02 64 26 4E
      </generic_descriptor>
    </transport_stream>
    <transport_stream transport_stream_id="0x251C" original_network_id="0xFBFF" preferred_section="1">
      <private_data_specifier_descriptor private_data_specifier="0x00000002"/>
      <service_list_descriptor>
        <service service_id="0x2C2E" service_type="0x01"/>
        <service service_id="0x2C31" service_type="0x01"/>
        <service service_id="0x2C38" service_type="0x01"/>
        <service service_id="0x2C4F" service_type="0x01"/>
        <service service_id="0x2C5B" service_type="0x01"/>
        <service service_id="0x2C63" service_type="0x01"/>
        <service service_id="0x2C64" service_type="0x82"/>
        <service service_id="0x2C66" service_type="0x90"/>
        <service service_id="0x2C67" service_type="0x82"/>
        <service service_id="0x2C69" service_type="0x82"/>
        <service service_id="0x2C87" service_type="0x83"/>
      </service_list_descriptor>
      <generic_descriptor tag="0xB1">
        00 00 2C 38 01 01 40 02 5D 25 DE 2C 4F 01 01 57
        02 62 26 2E 2C 5B 01 01 63 02 60 26 0E
      </generic_descriptor>
      <generic_descriptor tag="0xB1">
        00 04 2C 38 01 01 40 02 5D 25 DE 2C 4F 01 01 57
        02 62 26 2E 2C 5B 01 01 63 02 60 26 0E
      </generic_descriptor>
      <generic_descriptor tag="0xB1">
        FF FF 2C 2E 01 01 36 02 70 27 0E 2C 31 01 01 39
        02 6F 26 FE 2C 63 01 05 53 02 58 25 8E 2C 64 82
        05 54 07 EF 7E FE 2C 66 90 05 56 0F 37 BC 3E 2C
        67 82 05 57 FF FF FF FE 2C 69 82 05 59 FF FF FF
        FE 2C 87 83 01 8F FF FF FF F0
      </generic_descriptor>
    </transport_stream>
    <transport_stream transport_stream_id="0x2580" original_network_id="0xFBFF" preferred_section="1">
      <private_data_specifier_descriptor private_data_specifier="0x00000002"/>
      <service_list_descriptor>
        <service service_id="0x2C8B" service_type="0x01"/>
        <service service_id="0x2C8D" service_type="0x01"/>
        <service service_id="0x2C9A" service_type="0x01"/>
        <service service_id="0x2C9D" service_type="0x01"/>
        <service service_id="0x2CBD" service_type="0x01"/>
        <service service_id="0x2CBE" service_type="0x01"/>
        <service service_id="0x2CC4" service_type="0x01"/>
        <service service_id="0x2CCA" service_type="0x01"/>
        <service service_id="0x2CEB" service_type="0x83"/>
        <service service_id="0x3BCC" service_type="0x01"/>
      </service_list_descriptor>
      <generic_descriptor tag="0xB1">
        00 00 2C 8B 01 01 93 02 66 26 6E 2C 8D 01 01 95
        02 6A 26 AE 2C BD 01 01 C5 02 69 26 9E 2C BE 01
        01 C6 02 6B 26 BE 3B CC 01 01 34 02 5F 25 FE
      </generic_descriptor>
      <generic_descriptor tag="0xB1">
        00 04 2C 8B 01 01 93 02 66 26 6E 2C 8D 01 01 95
        02 6A 26 AE 2C BD 01 01 C5 02 69 26 9E 2C BE 01
        01 C6 02 6B 26 BE 3B CC 01 01 34 02 9E 29 EE
      </generic_descriptor>
      <generic_descriptor tag="0xB1">
        FF FF 2C 9A 01 01 A2 02 73 27 3E 2C 9D 01 01 A5
        02 71 27 1E 2C C4 01 01 CC 02 59 25 9E 2C CA 01
        01 D2 02 72 27 2E 2C EB 83 01 F3 FF FF FF F0
      </generic_descriptor>
    </transport_stream>
    <transport_stream transport_stream_id="0x2648" original_network_id="0xFBFF" preferred_section="1">
      <private_data_specifier_descriptor private_data_specifier="0x00000002"/>
      <service_list_descriptor>
        <service service_id="0x38C4" service_type="0x01"/>
        <service service_id="0x38FF" service_type="0x83"/>
      </service_list_descriptor>
      <generic_descriptor tag="0xB1">
        FF FF 38 C4 01 02 14 02 5E 25 EE 38 FF 83 02 4F
        FF FF FF F0
      </generic_descriptor>
    </transport_stream>
    <transport_stream transport_stream_id="0x2710" original_network_id="0xFBFF" preferred_section="1">
      <private_data_specifier_descriptor private_data_specifier="0x00000002"/>
      <service_list_descriptor>
        <service service_id="0x340B" service_type="0x01"/>
        <service service_id="0x3451" service_type="0x83"/>
      </service_list_descriptor>
      <generic_descriptor tag="0xB1">
        00 00 34 0B 01 01 43 02 6C 26 CE
      </generic_descriptor>
      <generic_descriptor tag="0xB1">
        00 04 34 0B 01 01 43 02 6C 26 CE
      </generic_descriptor>
      <generic_descriptor tag="0xB1">
        FF FF 34 51 83 01 89 FF FF FF F0
      </generic_descriptor>
    </transport_stream>
    <transport_stream transport_stream_id="0x2774" original_network_id="0xFBFF" preferred_section="1">
      <private_data_specifier_descriptor private_data_specifier="0x00000002"/>
      <service_list_descriptor>
        <service service_id="0x2D4F" service_type="0x83"/>
      </service_list_descriptor>
      <generic_descriptor tag="0xB1">
        FF FF 2D 4F 83 02 57 FF FF FF F0
      </generic_descriptor>
    </transport_stream>
  </BAT>
  <BAT version="3" current="true" bouquet_id="0x6258">
    <!-- PID 0x0011 (17), first TS packet: 88,063, last: 92,478 -->
    <bouquet_name_descriptor bouquet_name=""/>
    <private_data_specifier_descriptor private_data_specifier="0x00000002"/>
    <linkage_descriptor transport_stream_id="0x16A8" original_network_id="0xFBFF" service_id="0x0E70" linkage_type="0x90"/>
    <linkage_descriptor transport_stream_id="0x1AF4" original_network_id="0xFBFF" service_id="0x0DBF" linkage_type="0x91"/>
    <linkage_descriptor transport_stream_id="0x1900" original_network_id="0xFBFF" service_id="0x2B39" linkage_type="0x9D">
      <private_data>
        01
      </private_data>
    </linkage_descriptor>
    <linkage_descriptor transport_stream_id="0x1900" original_network_id="0xFBFF" service_id="0x2B3B" linkage_type="0x9D">
      <private_data>
        02
      </private_data>
    </linkage_descriptor>
    <bouquet_name_descriptor bouquet_name=""/>
    <private_data_specifier_descriptor private_data_specifier="0x00000002"/>
    <linkage_descriptor transport_stream_id="0x16A8" original_network_id="0xFBFF" service_id="0x0E70" linkage_type="0x90"/>
    <linkage_descriptor transport_stream_id="0x1AF4" original_network_id="0xFBFF" service_id="0x0DBF" linkage_type="0x91"/>
    <linkage_descriptor transport_stream_id="0x1900" original_network_id="0xFBFF" service_id="0x2B39" linkage_type="0x9D">
      <private_data>
        01
      </private_data>
    </linkage_descriptor>
    <linkage_descriptor transport_stream_id="0x1900" original_network_id="0xFBFF" service_id="0x2B3B" linkage_type="0x9D">
      <private_data>
        02
      </private_data>
    </linkage_descriptor>
    <transport_stream transport_stream_id="0x2E18" original_network_id="0x00B0" preferred_section="1">
      <service_list_descriptor>
        <service service_id="0x0008" service_type="0x01"/>
      </service_list_descriptor>
      <private_data_specifier_descriptor private_data_specifier="0x00000002"/>
      <generic_descriptor tag="0xB1">
        FF FF 00 08 01 14 4B 02 36 23 6E
      </generic_descriptor>
    </transport_stream>
    <transport_stream transport_stream_id="0x0708" original_network_id="0x00C8" preferred_section="0">
      <service_list_descriptor>
        <service service_id="0x0E2C" service_type="0x01"/>
      </service_list_descriptor>
      <private_data_specifier_descriptor private_data_specifier="0x00000002"/>
      <generic_descriptor tag="0xB1">
        FF FF 0E 2C 01 14 C0 01 FE 1F EE
      </generic_descriptor>
    </transport_stream>
    <transport_stream transport_stream_id="0x1770" original_network_id="0x0110" preferred_section="0">
      <service_list_descriptor>
        <service service_id="0x0008" service_type="0x01"/>
      </service_list_descriptor>
      <private_data_specifier_descriptor private_data_specifier="0x00000002"/>
      <generic_descriptor tag="0xB1">
        FF FF 00 08 01 15 23 01 FD 1F DE
      </generic_descriptor>
    </transport_stream>
    <transport_stream transport_stream_id="0x00C8" original_network_id="0x013E" preferred_section="0">
      <service_list_descriptor>
        <service service_id="0x3619" service_type="0x01"/>
        <service service_id="0x361A" service_type="0x01"/>
      </service_list_descriptor>
      <private_data_specifier_descriptor private_data_specifier="0x00000002"/>
      <generic_descriptor tag="0xB1">
        FF FF 36 19 01 13 FF 02 1D 21 DE 36 1A 01 14 B0
        02 13 21 3E
      </generic_descriptor>
    </transport_stream>
    <transport_stream transport_stream_id="0x0258" original_network_id="0x013E" preferred_section="0">
      <service_list_descriptor>
        <service service_id="0x44DD" service_type="0x05"/>
      </service_list_descriptor>
      <private_data_specifier_descriptor private_data_specifier="0x00000002"/>
      <generic_descriptor tag="0xB1">
        FF FF 44 DD 05 14 18 02 18 21 8E
      </generic_descriptor>
    </transport_stream>
    <transport_stream transport_stream_id="0x1388" original_network_id="0x013E" preferred_section="0">
      <private_data_specifier_descriptor private_data_specifier="0x00000002"/>
      <service_list_descriptor>
        <service service_id="0x34BC" service_type="0x83"/>
        <service service_id="0x35A9" service_type="0x01"/>
      </service_list_descriptor>
      <generic_descriptor tag="0xB1">
        FF FF 34 BC 83 0D AC FF FF FF F0 35 A9 01 14 CA
        02 1C 21 CE
      </generic_descriptor>
    </transport_stream>
    <transport_stream transport_stream_id="0x13EF" original_network_id="0x013E" preferred_section="0">
      <service_list_descriptor>
        <service service_id="0x2529" service_type="0x05"/>
      </service_list_descriptor>
      <private_data_specifier_descriptor private_data_specifier="0x00000002"/>
      <generic_descriptor tag="0xB1">
        FF FF 25 29 05 14 25 02 31 23 1E
      </generic_descriptor>
    </transport_stream>
    <transport_stream transport_stream_id="0x1518" original_network_id="0x013E" preferred_section="0">
      <service_list_descriptor>
        <service service_id="0x0CE6" service_type="0x05"/>
        <service service_id="0x0CF2" service_type="0x05"/>
      </service_list_descriptor>
      <private_data_specifier_descriptor private_data_specifier="0x00000002"/>
      <generic_descriptor tag="0xB1">
        FF FF 0C E6 05 03 3A 02 0C 20 CE 0C F2 05 03 39
        02 0D 20 DE
      </generic_descriptor>
    </transport_stream>
    <transport_stream transport_stream_id="0x1B58" original_network_id="0x013E" preferred_section="0">
      <service_list_descriptor>
        <service service_id="0x02C4" service_type="0x05"/>
      </service_list_descriptor>
      <private_data_specifier_descriptor private_data_specifier="0x00000002"/>
      <generic_descriptor tag="0xB1">
        FF FF 02 C4 05 13 FA 02 30 23 0E
      </generic_descriptor>
    </transport_stream>
    <transport_stream transport_stream_id="0x1C20" original_network_id="0x013E" preferred_section="0">
      <service_list_descriptor>
        <service service_id="0x1C22" service_type="0x05"/>
        <service service_id="0x1C38" service_type="0x05"/>
        <service service_id="0x1C55" service_type="0x01"/>
      </service_list_descriptor>
      <private_data_specifier_descriptor private_data_specifier="0x00000002"/>
      <generic_descriptor tag="0xB1">
        FF FF 1C 22 05 14 4D 02 39 23 9E 1C 38 05 14 52
        02 44 24 4E 1C 55 01 15 1F 02 08 20 8E
      </generic_descriptor>
    </transport_stream>
    <transport_stream transport_stream_id="0x22C4" original_network_id="0x013E" preferred_section="1">
      <service_list_descriptor>
        <service service_id="0x07E1" service_type="0x05"/>
      </service_list_descriptor>
      <private_data_specifier_descriptor private_data_specifier="0x00000002"/>
      <generic_descriptor tag="0xB1">
        FF FF 07 E1 05 03 21 02 09 20 9E 0B EF 04 0B EF
        07 A1 7A 1E
      </generic_descriptor>
    </transport_stream>
    <transport_stream transport_stream_id="0x24B8" original_network_id="0x013E" preferred_section="1">
      <service_list_descriptor>
        <service service_id="0x200B" service_type="0x05"/>
        <service service_id="0x200C" service_type="0x05"/>
        <service service_id="0x2010" service_type="0x05"/>
      </service_list_descriptor>
      <private_data_specifier_descriptor private_data_specifier="0x00000002"/>
      <generic_descriptor tag="0xB1">
        FF FF 20 0B 05 14 49 02 32 23 2E 20 0C 05 03 7B
        02 12 21 2E 20 10 05 14 51 02 41 24 1E
      </generic_descriptor>
    </transport_stream>
    <transport_stream transport_stream_id="0x2CEC" original_network_id="0x013E" preferred_section="1">
      <service_list_descriptor>
        <service service_id="0x439F" service_type="0x05"/>
      </service_list_descriptor>
      <private_data_specifier_descriptor private_data_specifier="0x00000002"/>
      <generic_descriptor tag="0xB1">
        FF FF 43 9F 05 14 9F 02 24 22 4E
      </generic_descriptor>
    </transport_stream>
    <transport_stream transport_stream_id="0x2FA8" original_network_id="0x013E" preferred_section="1">
      <service_list_descriptor>
        <service service_id="0x1D27" service_type="0x01"/>
      </service_list_descriptor>
      <private_data_specifier_descriptor private_data_specifier="0x00000002"/>
      <generic_descriptor tag="0xB1">
        FF FF 1D 27 01 14 AB 02 10 21 0E
      </generic_descriptor>
    </transport_stream>
    <transport_stream transport_stream_id="0x3070" original_network_id="0x013E" preferred_section="1">
      <service_list_descriptor>
        <service service_id="0x2144" service_type="0x01"/>
      </service_list_descriptor>
      <private_data_specifier_descriptor private_data_specifier="0x00000002"/>
      <generic_descriptor tag="0xB1">
        FF FF 21 44 01 03 7F 01 FC 1F CE
      </generic_descriptor>
    </transport_stream>
    <transport_stream transport_stream_id="0x3138" original_network_id="0x013E" preferred_section="1">
      <service_list_descriptor>
        <service service_id="0x06A9" service_type="0x01"/>
        <service service_id="0x06AA" service_type="0x01"/>
        <service service_id="0x06AC" service_type="0x01"/>
        <service service_id="0x06AE" service_type="0x01"/>
        <service service_id="0x06B0" service_type="0x05"/>
      </service_list_descriptor>
      <private_data_specifier_descriptor private_data_specifier="0x00000002"/>
      <generic_descriptor tag="0xB1">
        FF FF 06 A9 01 14 4A 02 35 23 5E 06 AA 01 14 1E
        02 17 21 7E 06 AC 01 14 4F 02 40 24 0E 06 AE 01
        14 4E 02 3F 23 FE 06 B0 05 14 99 02 34 23 4E
      </generic_descriptor>
    </transport_stream>
    <transport_stream transport_stream_id="0x319C" original_network_id="0x013E" preferred_section="1">
      <service_list_descriptor>
        <service service_id="0x025F" service_type="0x01"/>
      </service_list_descriptor>
      <private_data_specifier_descriptor private_data_specifier="0x00000002"/>
      <generic_descriptor tag="0xB1">
        FF FF 02 5F 01 14 53 02 1F 21 FE
      </generic_descriptor>
    </transport_stream>
    <transport_stream transport_stream_id="0x332C" original_network_id="0x013E" preferred_section="1">
      <service_list_descriptor>
        <service service_id="0x1C86" service_type="0x01"/>
        <service service_id="0x1C89" service_type="0x01"/>
        <service service_id="0x1C9A" service_type="0x01"/>
        <service service_id="0x1C9F" service_type="0x01"/>
      </service_list_descriptor>
      <private_data_specifier_descriptor private_data_specifier="0x00000002"/>
      <generic_descriptor tag="0xB1">
        FF FF 1C 86 01 14 88 02 11 21 1E 1C 89 01 13 F9
        02 14 21 4E 1C 9A 01 03 69 02 1E 21 EE 1C 9F 01
        14 B1 02 15 21 5E
      </generic_descriptor>
    </transport_stream>
    <transport_stream transport_stream_id="0x33F4" original_network_id="0x013E" preferred_section="1">
      <service_list_descriptor>
        <service service_id="0x132B" service_type="0x05"/>
      </service_list_descriptor>
      <private_data_specifier_descriptor private_data_specifier="0x00000002"/>
      <generic_descriptor tag="0xB1">
        FF FF 13 2B 05 14 46 02 28 22 8E
      </generic_descriptor>
    </transport_stream>
    <transport_stream transport_stream_id="0x3CF0" original_network_id="0x013E" preferred_section="1">
      <service_list_descriptor>
        <service service_id="0x29D1" service_type="0x05"/>
        <service service_id="0x29DB" service_type="0x01"/>
      </service_list_descriptor>
      <private_data_specifier_descriptor private_data_specifier="0x00000002"/>
      <generic_descriptor tag="0xB1">
        FF FF 29 D1 05 14 2E 02 3A 23 AE 29 DB 01 14 B2
        02 16 21 6E
      </generic_descriptor>
    </transport_stream>
    <transport_stream transport_stream_id="0x3DB8" original_network_id="0x013E" preferred_section="1">
      <service_list_descriptor>
        <service service_id="0x4241" service_type="0x01"/>
      </service_list_descriptor>
      <private_data_specifier_descriptor private_data_specifier="0x00000002"/>
      <generic_descriptor tag="0xB1">
        FF FF 42 41 01 14 48 02 2E 22 EE
      </generic_descriptor>
    </transport_stream>
    <transport_stream transport_stream_id="0x25E4" original_network_id="0x02BE" preferred_section="1">
      <service_list_descriptor>
        <service service_id="0x0008" service_type="0x01"/>
      </service_list_descriptor>
      <private_data_specifier_descriptor private_data_specifier="0x00000002"/>
      <generic_descriptor tag="0xB1">
        FF FF 00 08 01 14 4C 02 38 23 8E
      </generic_descriptor>
    </transport_stream>
    <transport_stream transport_stream_id="0x0320" original_network_id="0xFBFF" preferred_section="0">
      <private_data_specifier_descriptor private_data_specifier="0x00000002"/>
      <service_list_descriptor>
        <service service_id="0x0599" service_type="0x01"/>
        <service service_id="0x05BB" service_type="0x01"/>
        <service service_id="0x05D7" service_type="0x83"/>
      </service_list_descriptor>
      <generic_descriptor tag="0xB1">
        FF FF 05 99 01 01 B1 01 FB 1F BE 05 BB 01 01 D3
        01 C7 1C 7E 05 D7 83 01 EF FF FF FF F0
      </generic_descriptor>
    </transport_stream>
    <transport_stream transport_stream_id="0x14B4" original_network_id="0xFBFF" preferred_section="0">
      <private_data_specifier_descriptor private_data_specifier="0x00000002"/>
      <service_list_descriptor>
        <service service_id="0x37D7" service_type="0x83"/>
      </service_list_descriptor>
      <generic_descriptor tag="0xB1">
        FF FF 37 D7 83 01 27 FF FF FF F0
      </generic_descriptor>
    </transport_stream>
    <transport_stream transport_stream_id="0x15E0" original_network_id="0xFBFF" preferred_section="0">
      <private_data_specifier_descriptor private_data_specifier="0x00000002"/>
      <service_list_descriptor>
        <service service_id="0x1E76" service_type="0x83"/>
      </service_list_descriptor>
      <generic_descriptor tag="0xB1">
        FF FF 1E 76 83 03 1E FF FF FF F0
      </generic_descriptor>
    </transport_stream>
    <transport_stream transport_stream_id="0x1644" original_network_id="0xFBFF" preferred_section="0">
      <private_data_specifier_descriptor private_data_specifier="0x00000002"/>
      <service_list_descriptor>
        <service service_id="0x10E1" service_type="0x01"/>
        <service service_id="0x110A" service_type="0x01"/>
        <service service_id="0x1123" service_type="0x01"/>
        <service service_id="0x112E" service_type="0x83"/>
      </service_list_descriptor>
      <generic_descriptor tag="0xB1">
        FF FF 10 E1 01 01 41 01 F5 1F 5E 11 0A 01 01 6A
        01 F4 1F 4E 11 23 01 01 83 00 64 06 4E 11 2E 83
        01 8E FF FF FF F0
      </generic_descriptor>
    </transport_stream>
    <transport_stream transport_stream_id="0x16A8" original_network_id="0xFBFF" preferred_section="0">
      <private_data_specifier_descriptor private_data_specifier="0x00000002"/>
      <service_list_descriptor>
        <service service_id="0x0E39" service_type="0x01"/>
        <service service_id="0x0E70" service_type="0x83"/>
      </service_list_descriptor>
      <generic_descriptor tag="0xB1">
        FF FF 0E 39 01 02 81 01 C4 1C 4E 0E 70 83 02 B8
        FF FF FF F0
      </generic_descriptor>
    </transport_stream>
    <transport_stream transport_stream_id="0x170C" original_network_id="0xFBFF" preferred_section="0">
      <private_data_specifier_descriptor private_data_specifier="0x00000002"/>
      <service_list_descriptor>
        <service service_id="0x251A" service_type="0x83"/>
      </service_list_descriptor>
      <generic_descriptor tag="0xB1">
        FF FF 25 1A 83 01 F2 FF FF FF F0
      </generic_descriptor>
    </transport_stream>
    <transport_stream transport_stream_id="0x1838" original_network_id="0xFBFF" preferred_section="0">
      <private_data_specifier_descriptor private_data_specifier="0x00000002"/>
      <service_list_descriptor>
        <service service_id="0x2AF7" service_type="0x83"/>
      </service_list_descriptor>
      <generic_descriptor tag="0xB1">
        FF FF 2A F7 83 03 E7 FF FF FF F0
      </generic_descriptor>
    </transport_stream>
    <transport_stream transport_stream_id="0x189C" original_network_id="0xFBFF" preferred_section="0">
      <private_data_specifier_descriptor private_data_specifier="0x00000002"/>
      <service_list_descriptor>
        <service service_id="0x1FA7" service_type="0x01"/>
        <service service_id="0x1FAC" service_type="0x01"/>
        <service service_id="0x1FBE" service_type="0x01"/>
        <service service_id="0x1FCF" service_type="0x01"/>
        <service service_id="0x2006" service_type="0x83"/>
      </service_list_descriptor>
      <generic_descriptor tag="0xB1">
        FF FF 1F A7 01 00 67 02 0B 20 BE 1F AC 01 00 6C
        02 0A 20 AE 1F BE 01 00 7E 01 CB 1C BE 1F CF 01
        00 8F 01 C9 1C 9E 20 06 83 00 C6 FF FF FF F0
      </generic_descriptor>
    </transport_stream>
    <transport_stream transport_stream_id="0x1900" original_network_id="0xFBFF" preferred_section="0">
      <private_data_specifier_descriptor private_data_specifier="0x00000002"/>
      <service_list_descriptor>
        <service service_id="0x2B13" service_type="0x19"/>
        <service service_id="0x2B3C" service_type="0x01"/>
        <service service_id="0x2B57" service_type="0x83"/>
      </service_list_descriptor>
      <generic_descriptor tag="0xB1">
        FF FF 2B 13 19 00 1B 01 95 19 5E 2B 3C 01 00 44
        00 E1 0E 1E 2B 57 83 00 5F FF FF FF F0
      </generic_descriptor>
    </transport_stream>
    <transport_stream transport_stream_id="0x19C8" original_network_id="0xFBFF" preferred_section="0">
      <private_data_specifier_descriptor private_data_specifier="0x00000002"/>
      <service_list_descriptor>
        <service service_id="0x2B71" service_type="0x01"/>
        <service service_id="0x2BBF" service_type="0x83"/>
        <service service_id="0x2BCB" service_type="0x01"/>
      </service_list_descriptor>
      <generic_descriptor tag="0xB1">
        FF FF 2B 71 01 00 79 01 C3 1C 3E 2B BF 83 00 C7
        FF FF FF F0 2B CB 01 00 D3 02 0E 20 EE
      </generic_descriptor>
    </transport_stream>
    <transport_stream transport_stream_id="0x1A2C" original_network_id="0xFBFF" preferred_section="0">
      <private_data_specifier_descriptor private_data_specifier="0x00000002"/>
      <service_list_descriptor>
        <service service_id="0x2E17" service_type="0x83"/>
      </service_list_descriptor>
      <generic_descriptor tag="0xB1">
        FF FF 2E 17 83 03 1F FF FF FF F0
      </generic_descriptor>
    </transport_stream>
    <transport_stream transport_stream_id="0x1A90" original_network_id="0xFBFF" preferred_section="0">
      <private_data_specifier_descriptor private_data_specifier="0x00000002"/>
      <service_list_descriptor>
        <service service_id="0x2C23" service_type="0x83"/>
        <service service_id="0x3C01" service_type="0x01"/>
      </service_list_descriptor>
      <generic_descriptor tag="0xB1">
        FF FF 2C 23 83 01 2B FF FF FF F0 3C 01 01 01 69
        01 9D 19 DE
      </generic_descriptor>
    </transport_stream>
    <transport_stream transport_stream_id="0x1AF4" original_network_id="0xFBFF" preferred_section="0">
      <private_data_specifier_descriptor private_data_specifier="0x00000002"/>
      <service_list_descriptor>
        <service service_id="0x0DB9" service_type="0x19"/>
        <service service_id="0x0DBB" service_type="0x19"/>
        <service service_id="0x0DC4" service_type="0x82"/>
        <service service_id="0x0E0E" service_type="0x83"/>
      </service_list_descriptor>
      <generic_descriptor tag="0xB1">
        FF FF 0D B9 19 02 01 01 97 19 7E 0D BB 19 02 03
        01 99 19 9E 0D C4 82 0D C4 FF FF FF FE 0E 0E 83
        02 56 FF FF FF F0
      </generic_descriptor>
    </transport_stream>
    <transport_stream transport_stream_id="0x1D4C" original_network_id="0xFBFF" preferred_section="1">
      <private_data_specifier_descriptor private_data_specifier="0x00000002"/>
      <service_list_descriptor>
        <service service_id="0x1015" service_type="0x19"/>
        <service service_id="0x104A" service_type="0x19"/>
        <service service_id="0x1063" service_type="0x83"/>
      </service_list_descriptor>
      <generic_descriptor tag="0xB1">
        FF FF 10 15 19 00 75 01 91 19 1E 10 4A 19 00 AA
        00 8A 08 AE 10 63 83 00 C3 FF FF FF F0
      </generic_descriptor>
    </transport_stream>
    <transport_stream transport_stream_id="0x1E14" original_network_id="0xFBFF" preferred_section="1">
      <private_data_specifier_descriptor private_data_specifier="0x00000002"/>
      <service_list_descriptor>
        <service service_id="0x0FD9" service_type="0x01"/>
        <service service_id="0x0FDA" service_type="0x01"/>
        <service service_id="0x1002" service_type="0x83"/>
      </service_list_descriptor>
      <generic_descriptor tag="0xB1">
        FF FF 0F D9 01 00 39 01 98 19 8E 0F DA 01 00 3A
        01 94 19 4E 10 02 83 00 62 FF FF FF F0
      </generic_descriptor>
    </transport_stream>
    <transport_stream transport_stream_id="0x2008" original_network_id="0xFBFF" preferred_section="1">
      <private_data_specifier_descriptor private_data_specifier="0x00000002"/>
      <service_list_descriptor>
        <service service_id="0x10CA" service_type="0x83"/>
        <service service_id="0x379C" service_type="0x19"/>
      </service_list_descriptor>
      <generic_descriptor tag="0xB1">
        FF FF 10 CA 83 01 2A FF FF FF F0 37 9C 19 00 EC
        01 93 19 3E
      </generic_descriptor>
    </transport_stream>
    <transport_stream transport_stream_id="0x206C" original_network_id="0xFBFF" preferred_section="1">
      <private_data_specifier_descriptor private_data_specifier="0x00000002"/>
      <service_list_descriptor>
        <service service_id="0x1C80" service_type="0x83"/>
      </service_list_descriptor>
      <generic_descriptor tag="0xB1">
        FF FF 1C 80 83 01 28 FF FF FF F0
      </generic_descriptor>
    </transport_stream>
    <transport_stream transport_stream_id="0x2198" original_network_id="0xFBFF" preferred_section="1">
      <private_data_specifier_descriptor private_data_specifier="0x00000002"/>
      <service_list_descriptor>
        <service service_id="0x0F89" service_type="0x83"/>
      </service_list_descriptor>
      <generic_descriptor tag="0xB1">
        FF FF 0F 89 83 03 D1 FF FF FF F0
      </generic_descriptor>
    </transport_stream>
    <transport_stream transport_stream_id="0x2260" original_network_id="0xFBFF" preferred_section="1">
      <private_data_specifier_descriptor private_data_specifier="0x00000002"/>
      <service_list_descriptor>
        <service service_id="0x2DB3" service_type="0x83"/>
      </service_list_descriptor>
      <generic_descriptor tag="0xB1">
        FF FF 2D B3 83 02 BB FF FF FF F0
      </generic_descriptor>
    </transport_stream>
    <transport_stream transport_stream_id="0x251C" original_network_id="0xFBFF" preferred_section="1">
      <private_data_specifier_descriptor private_data_specifier="0x00000002"/>
      <service_list_descriptor>
        <service service_id="0x2C3A" service_type="0x01"/>
        <service service_id="0x2C87" service_type="0x83"/>
      </service_list_descriptor>
      <generic_descriptor tag="0xB1">
        FF FF 2C 3A 01 01 42 01 92 19 2E 2C 87 83 01 8F
        FF FF FF F0
      </generic_descriptor>
    </transport_stream>
    <transport_stream transport_stream_id="0x2580" original_network_id="0xFBFF" preferred_section="1">
      <private_data_specifier_descriptor private_data_specifier="0x00000002"/>
      <service_list_descriptor>
        <service service_id="0x2C90" service_type="0x01"/>
        <service service_id="0x2CEB" service_type="0x83"/>
      </service_list_descriptor>
      <generic_descriptor tag="0xB1">
        FF FF 2C 90 01 01 98 01 A0 1A 0E 2C EB 83 01 F3
        FF FF FF F0
      </generic_descriptor>
    </transport_stream>
    <transport_stream transport_stream_id="0x2648" original_network_id="0xFBFF" preferred_section="1">
      <private_data_specifier_descriptor private_data_specifier="0x00000002"/>
      <service_list_descriptor>
        <service service_id="0x38D0" service_type="0x01"/>
        <service service_id="0x38FF" service_type="0x83"/>
      </service_list_descriptor>
      <generic_descriptor tag="0xB1">
        FF FF 38 D0 01 02 20 02 0F 20 FE 38 FF 83 02 4F
        FF FF FF F0
      </generic_descriptor>
    </transport_stream>
    <transport_stream transport_stream_id="0x2710" original_network_id="0xFBFF" preferred_section="1">
      <private_data_specifier_descriptor private_data_specifier="0x00000002"/>
      <service_list_descriptor>
        <service service_id="0x3424" service_type="0x01"/>
        <service service_id="0x3451" service_type="0x83"/>
      </service_list_descriptor>
      <generic_descriptor tag="0xB1">
        FF FF 34 24 01 01 5C 01 9A 19 AE 34 51 83 01 89
        FF FF FF F0
      </generic_descriptor>
    </transport_stream>
    <transport_stream transport_stream_id="0x2774" original_network_id="0xFBFF" preferred_section="1">
      <private_data_specifier_descriptor private_data_specifier="0x00000002"/>
      <service_list_descriptor>
        <service service_id="0x2D4F" service_type="0x83"/>
      </service_list_descriptor>
      <generic_descriptor tag="0xB1">
        FF FF 2D 4F 83 02 57 FF FF FF F0
      </generic_descriptor>
    </transport_stream>
  </BAT>
  <SDT version="31" current="true" transport_stream_id="0x3D54" original_network_id="0x013E" actual="false">
    <!-- PID 0x0011 (17), first TS packet: 92,632, last: 98,154 -->
    <service service_id="0x0519" EIT_schedule="true" EIT_present_following="false" CA_mode="true" running_status="running">
      <service_descriptor service_type="0x19" service_provider_name="SkyItalia" service_name="QVC HD"/>
      <country_availability_descriptor country_availability="true">
        <country country_code="ITA"/>
      </country_availability_descriptor>
      <private_data_specifier_descriptor private_data_specifier="0x00000002"/>
      <generic_descriptor tag="0xB2">
        1C 40 90 02
      </generic_descriptor>
    </service>
    <service service_id="0x051A" EIT_schedule="true" EIT_present_following="false" CA_mode="true" running_status="running">
      <service_descriptor service_type="0x01" service_provider_name="SkyItalia" service_name="Winga TV"/>
      <country_availability_descriptor country_availability="true">
        <country country_code="ITA"/>
      </country_availability_descriptor>
      <private_data_specifier_descriptor private_data_specifier="0x00000002"/>
      <generic_descriptor tag="0xB2">
        1C C0 50 02
      </generic_descriptor>
    </service>
    <service service_id="0x051B" EIT_schedule="true" EIT_present_following="false" CA_mode="false" running_status="running">
      <service_descriptor service_type="0x19" service_provider_name="SkyItalia" service_name="RTL 102.5 TV HD"/>
      <country_availability_descriptor country_availability="true">
        <country country_code="ITA"/>
      </country_availability_descriptor>
      <private_data_specifier_descriptor private_data_specifier="0x00000002"/>
      <linkage_descriptor transport_stream_id="0x0204" original_network_id="0x001D" service_id="0x0015" linkage_type="0x9A">
        <private_data>
          03 2C 00 52 54 4C 00 31 30 32 2E 35 00 54 56
        </private_data>
      </linkage_descriptor>
      <generic_descriptor tag="0xB2">
        1C 41 D1 5F 02
      </generic_descriptor>
    </service>
    <service service_id="0x051C" EIT_schedule="true" EIT_present_following="false" CA_mode="true" running_status="running">
      <service_descriptor service_type="0x19" service_provider_name="SkyItalia" service_name="RADIOFRECCIA HD"/>
      <country_availability_descriptor country_availability="true">
        <country country_code="ITA"/>
      </country_availability_descriptor>
      <private_data_specifier_descriptor private_data_specifier="0x00000002"/>
      <generic_descriptor tag="0xB2">
        1C 40 D1 5F 02
      </generic_descriptor>
    </service>
    <service service_id="0x051E" EIT_schedule="true" EIT_present_following="false" CA_mode="true" running_status="running">
      <service_descriptor service_type="0x01" service_provider_name="SkyItalia" service_name="i24news"/>
      <country_availability_descriptor country_availability="true">
        <country country_code="ITA"/>
      </country_availability_descriptor>
      <private_data_specifier_descriptor private_data_specifier="0x00000002"/>
      <generic_descriptor tag="0xB2">
        1C C0 B0 02
      </generic_descriptor>
    </service>
    <service service_id="0x051F" EIT_schedule="true" EIT_present_following="false" CA_mode="true" running_status="running">
      <service_descriptor service_type="0x01" service_provider_name="SkyItalia" service_name="RADIONORBA TV"/>
      <country_availability_descriptor country_availability="true">
        <country country_code="ITA"/>
      </country_availability_descriptor>
      <private_data_specifier_descriptor private_data_specifier="0x00000002"/>
      <generic_descriptor tag="0xB2">
        1C C0 D1 5F 02
      </generic_descriptor>
    </service>
    <service service_id="0x0523" EIT_schedule="true" EIT_present_following="false" CA_mode="true" running_status="running">
      <service_descriptor service_type="0x01" service_provider_name="SkyItalia" service_name="ProntoGold"/>
      <country_availability_descriptor country_availability="true">
        <country country_code="ITA"/>
      </country_availability_descriptor>
      <private_data_specifier_descriptor private_data_specifier="0x00000002"/>
      <generic_descriptor tag="0xB2">
        1C 41 F0 02
      </generic_descriptor>
    </service>
    <service service_id="0x0898" EIT_schedule="false" EIT_present_following="false" CA_mode="true" running_status="running">
      <service_descriptor service_type="0x02" service_provider_name="SkyItalia" service_name="ERA 2"/>
      <country_availability_descriptor country_availability="true">
        <country country_code="ITA"/>
      </country_availability_descriptor>
      <private_data_specifier_descriptor private_data_specifier="0x00000002"/>
      <generic_descriptor tag="0xB2">
        00 4F E0 02
      </generic_descriptor>
    </service>
    <service service_id="0x08FC" EIT_schedule="false" EIT_present_following="false" CA_mode="true" running_status="running">
      <service_descriptor service_type="0x02" service_provider_name="SkyItalia" service_name="ERA 3"/>
      <country_availability_descriptor country_availability="true">
        <country country_code="ITA"/>
      </country_availability_descriptor>
      <private_data_specifier_descriptor private_data_specifier="0x00000002"/>
      <generic_descriptor tag="0xB2">
        00 4F E0 02
      </generic_descriptor>
    </service>
    <service service_id="0x0960" EIT_schedule="false" EIT_present_following="false" CA_mode="true" running_status="running">
      <service_descriptor service_type="0x02" service_provider_name="SkyItalia" service_name="ERA SPORT"/>
      <country_availability_descriptor country_availability="true">
        <country country_code="ITA"/>
      </country_availability_descriptor>
      <private_data_specifier_descriptor private_data_specifier="0x00000002"/>
      <generic_descriptor tag="0xB2">
        00 4F E0 02
      </generic_descriptor>
    </service>
    <service service_id="0x0A28" EIT_schedule="false" EIT_present_following="false" CA_mode="true" running_status="running">
      <service_descriptor service_type="0x02" service_provider_name="SkyItalia" service_name="ERA 1"/>
      <country_availability_descriptor country_availability="true">
        <country country_code="ITA"/>
      </country_availability_descriptor>
      <private_data_specifier_descriptor private_data_specifier="0x00000002"/>
      <generic_descriptor tag="0xB2">
        00 4F E0 02
      </generic_descriptor>
    </service>
    <service service_id="0x2094" EIT_schedule="false" EIT_present_following="false" CA_mode="true" running_status="running">
      <service_descriptor service_type="0x02" service_provider_name="SkyItalia" service_name="R MIR M"/>
      <country_availability_descriptor country_availability="true">
        <country country_code="ITA"/>
      </country_availability_descriptor>
      <private_data_specifier_descriptor private_data_specifier="0x00000002"/>
      <generic_descriptor tag="0xB2">
        00 4F E0 02
      </generic_descriptor>
    </service>
    <service service_id="0x20A4" EIT_schedule="false" EIT_present_following="false" CA_mode="true" running_status="running">
      <service_descriptor service_type="0x01" service_provider_name="SkyItalia" service_name="LOVEWORLD"/>
      <country_availability_descriptor country_availability="true">
        <country country_code="ITA"/>
      </country_availability_descriptor>
      <private_data_specifier_descriptor private_data_specifier="0x00000002"/>
      <generic_descriptor tag="0xB2">
        00 4F E0 02
      </generic_descriptor>
    </service>
    <service service_id="0x20BB" EIT_schedule="false" EIT_present_following="false" CA_mode="true" running_status="running">
      <service_descriptor service_type="0x02" service_provider_name="SkyItalia" service_name="RADIO MARIJA"/>
      <country_availability_descriptor country_availability="true">
        <country country_code="ITA"/>
      </country_availability_descriptor>
      <private_data_specifier_descriptor private_data_specifier="0x00000002"/>
      <generic_descriptor tag="0xB2">
        00 4F E0 02
      </generic_descriptor>
    </service>
    <service service_id="0x296E" EIT_schedule="false" EIT_present_following="false" CA_mode="true" running_status="running">
      <service_descriptor service_type="0x01" service_provider_name="SkyItalia" service_name="TOP TV"/>
      <country_availability_descriptor country_availability="true">
        <country country_code="ITA"/>
      </country_availability_descriptor>
      <private_data_specifier_descriptor private_data_specifier="0x00000002"/>
      <generic_descriptor tag="0xB2">
        00 4F E0 02
      </generic_descriptor>
    </service>
    <service service_id="0x2997" EIT_schedule="false" EIT_present_following="false" CA_mode="true" running_status="running">
      <service_descriptor service_type="0x01" service_provider_name="SkyItalia" service_name="HOPE CHANNEL"/>
      <country_availability_descriptor country_availability="true">
        <country country_code="ITA"/>
      </country_availability_descriptor>
      <private_data_specifier_descriptor private_data_specifier="0x00000002"/>
      <generic_descriptor tag="0xB2">
        00 4F E0 02
      </generic_descriptor>
    </service>
    <service service_id="0x299C" EIT_schedule="false" EIT_present_following="false" CA_mode="true" running_status="running">
      <service_descriptor service_type="0x02" service_provider_name="SkyItalia" service_name="RADIO EVIVA"/>
      <country_availability_descriptor country_availability="true">
        <country country_code="ITA"/>
      </country_availability_descriptor>
      <private_data_specifier_descriptor private_data_specifier="0x00000002"/>
      <generic_descriptor tag="0xB2">
        00 4F E0 02
      </generic_descriptor>
    </service>
    <service service_id="0x299D" EIT_schedule="false" EIT_present_following="false" CA_mode="true" running_status="running">
      <service_descriptor service_type="0x02" service_provider_name="SkyItalia" service_name="Euronics"/>
      <country_availability_descriptor country_availability="true">
        <country country_code="ITA"/>
      </country_availability_descriptor>
      <private_data_specifier_descriptor private_data_specifier="0x00000002"/>
      <generic_descriptor tag="0xB2">
        00 4F E0 02
      </generic_descriptor>
    </service>
    <service service_id="0x29A1" EIT_schedule="false" EIT_present_following="false" CA_mode="true" running_status="running">
      <service_descriptor service_type="0x02" service_provider_name="SkyItalia" service_name="RADIO ZAMANEH"/>
      <country_availability_descriptor country_availability="true">
        <country country_code="ITA"/>
      </country_availability_descriptor>
      <private_data_specifier_descriptor private_data_specifier="0x00000002"/>
      <generic_descriptor tag="0xB2">
        00 4F E0 02
      </generic_descriptor>
    </service>
    <service service_id="0x29A2" EIT_schedule="false" EIT_present_following="false" CA_mode="true" running_status="running">
      <service_descriptor service_type="0x01" service_provider_name="SkyItalia" service_name="ALRASHEED TV"/>
      <country_availability_descriptor country_availability="true">
        <country country_code="ITA"/>
      </country_availability_descriptor>
      <private_data_specifier_descriptor private_data_specifier="0x00000002"/>
      <generic_descriptor tag="0xB2">
        00 4F E0 02
      </generic_descriptor>
    </service>
    <service service_id="0x29A5" EIT_schedule="false" EIT_present_following="false" CA_mode="true" running_status="running">
      <service_descriptor service_type="0x01" service_provider_name="SkyItalia" service_name="RVS ITALY"/>
      <country_availability_descriptor country_availability="true">
        <country country_code="ITA"/>
      </country_availability_descriptor>
      <private_data_specifier_descriptor private_data_specifier="0x00000002"/>
      <generic_descriptor tag="0xB2">
        00 4F E0 02
      </generic_descriptor>
    </service>
    <service service_id="0x29B9" EIT_schedule="false" EIT_present_following="false" CA_mode="true" running_status="running">
      <service_descriptor service_type="0x01" service_provider_name="SkyItalia" service_name="THEMEX-FTA-INFO"/>
      <country_availability_descriptor country_availability="true">
        <country country_code="ITA"/>
      </country_availability_descriptor>
      <private_data_specifier_descriptor private_data_specifier="0x00000002"/>
      <generic_descriptor tag="0xB2">
        00 4F E0 02
      </generic_descriptor>
    </service>
    <service service_id="0x29BA" EIT_schedule="false" EIT_present_following="false" CA_mode="true" running_status="running">
      <service_descriptor service_type="0x01" service_provider_name="SkyItalia" service_name="FREE THEMEX-INFO-"/>
      <country_availability_descriptor country_availability="true">
        <country country_code="ITA"/>
      </country_availability_descriptor>
      <private_data_specifier_descriptor private_data_specifier="0x00000002"/>
      <generic_descriptor tag="0xB2">
        00 4F E0 02
      </generic_descriptor>
    </service>
  </SDT>
  <SDT version="28" current="true" transport_stream_id="0x189C" original_network_id="0xFBFF" actual="false">
    <!-- PID 0x0011 (17), first TS packet: 89,038, last: 98,457 -->
    <service service_id="0x1FA7" EIT_schedule="true" EIT_present_following="false" CA_mode="true" running_status="running">
      <service_descriptor service_type="0x01" service_provider_name="SkyItalia" service_name="Fox News"/>
      <country_availability_descriptor country_availability="true">
        <country country_code="ITA"/>
      </country_availability_descriptor>
      <private_data_specifier_descriptor private_data_specifier="0x00000002"/>
      <generic_descriptor tag="0xB2">
        1C 41 B0 31 32 0A 0C E1 DD 3D 3B BD A7 5D B9 74
        4D 0D 37 F9 A1 2B 9E 1C 1D 5D AD DF E6 84 AE 78
        5A 7C 7C 9E 1C 1E 6D 87 F3 FC 8A 7B C8 49 07 AF
        EB CD 20 93 93 9B DD 24 E4 C2
      </generic_descriptor>
    </service>
    <service service_id="0x1FAA" EIT_schedule="true" EIT_present_following="false" CA_mode="true" running_status="running">
      <service_descriptor service_type="0x01" service_provider_name="SkyItalia" service_name="Roma TV"/>
      <country_availability_descriptor country_availability="true">
        <country country_code="ITA"/>
      </country_availability_descriptor>
      <private_data_specifier_descriptor private_data_specifier="0x00000002"/>
      <generic_descriptor tag="0xB2">
        1C 41 50 32 85 3E EB 24 37 1A EA E7 C9 C0 27 DC
        79 09 FE 1E 12 BF E2 AB F4 B0 41 57 35 F7 92 07
        45 F8 61 8E 4F 47 38 E0 9F A2 F3 E4 6A FD 16 D3
        19 ED 6D 23 2D F5 26 D3 19 ED 65 0F 72 25 33 69
        49 9E 73 DB C5 CB 79 FD CF 56 0F 36 C3 F9 F6 41
        EB FA F3 48 24 E4 E6 F7 49 39 30
      </generic_descriptor>
    </service>
    <service service_id="0x1FAC" EIT_schedule="true" EIT_present_following="false" CA_mode="true" running_status="running">
      <service_descriptor service_type="0x01" service_provider_name="SkyItalia" service_name="Sky News"/>
      <country_availability_descriptor country_availability="true">
        <country country_code="ITA"/>
      </country_availability_descriptor>
      <private_data_specifier_descriptor private_data_specifier="0x00000002"/>
      <generic_descriptor tag="0xB2">
        1C 41 B0 31 32 0A 0C E1 DD 3D 3B BD A7 5D B9 74
        4D 0D 37 F9 A1 2B 9E 1C 1D 5D AD DF E6 84 AE 78
        5A 7C 7C 9E 1C 1E 6D 87 F3 FC 8A 7B C8 49 07 AF
        EB CD 20 93 93 9B DD 24 E4 C2
      </generic_descriptor>
    </service>
    <service service_id="0x1FAD" EIT_schedule="true" EIT_present_following="false" CA_mode="true" running_status="running">
      <country_availability_descriptor country_availability="true">
        <country country_code="ITA"/>
      </country_availability_descriptor>
      <private_data_specifier_descriptor private_data_specifier="0x00000002"/>
      <service_descriptor service_type="0x82" service_provider_name="SkyItalia" service_name="ITV_TRIAL_63"/>
      <generic_descriptor tag="0xB2">
        1C 41 30 02
      </generic_descriptor>
    </service>
    <service service_id="0x1FB0" EIT_schedule="true" EIT_present_following="false" CA_mode="true" running_status="running">
      <service_descriptor service_type="0x01" service_provider_name="SkyItalia" service_name="Lazio Style Ch"/>
      <country_availability_descriptor country_availability="true">
        <country country_code="ITA"/>
      </country_availability_descriptor>
      <private_data_specifier_descriptor private_data_specifier="0x00000002"/>
      <generic_descriptor tag="0xB2">
        1C 41 50 25 66 56 34 24 82 A2 8F 74 FD B2 37 A7
        7F 83 AE 26 73 DB EB 74 CA C6 84 9B 4E FB 75 D9
        4C 56 FE E1 E6 D8 7F 3F C8 B2 0F 5F D7 9A 41 20
        9B 12 E2 59 A4 E4 D2 73 8D 5C 5E 09 06 33 DB 30
        F7 88 49 B9 78 CB B5 33 89 98 F6 59 FF BF 1B A3
        C8 62 5B B8 BF 71 2B 47 6C 99 07 AF EB CD 20 93
        93 9B D9 93 93 42 D5 C9 58 99 FF 3C 49 C2 0E 93
        65 F2 76 5F 27 A3 B4 76 9F CC
      </generic_descriptor>
    </service>
    <service service_id="0x1FB1" EIT_schedule="true" EIT_present_following="false" CA_mode="true" running_status="running">
      <country_availability_descriptor country_availability="true">
        <country country_code="ITA"/>
      </country_availability_descriptor>
      <private_data_specifier_descriptor private_data_specifier="0x00000002"/>
      <service_descriptor service_type="0x90" service_provider_name="SkyItalia" service_name="Sky Support"/>
      <generic_descriptor tag="0xB2">
        1C 41 F0 2D 6D EB BD 17 2D B1 5C 95 8A DB EB 3A
        BB 5B BD 75 3F 75 B7 C8 C7 FD D3 2F 20 2B 99 06
        18 B4 82 83 B9 EF EF 91 6B 3D 5F A7 1E 16 3D 97
        0E BC FF 46 48
      </generic_descriptor>
    </service>
    <service service_id="0x1FBA" EIT_schedule="true" EIT_present_following="false" CA_mode="true" running_status="running">
      <service_descriptor service_type="0x01" service_provider_name="SkyItalia" service_name="Fox"/>
      <country_availability_descriptor country_availability="true">
        <country country_code="ITA"/>
      </country_availability_descriptor>
      <private_data_specifier_descriptor private_data_specifier="0x00000002"/>
      <generic_descriptor tag="0xB2">
        1C 61 30 31 33 9E DF 5B A7 5D F6 3B AC 90 D9 E9
        37 F8 88 14 EA 7F 7E D7 1F 1A 72 D8 AA 5C 4F 8B
        C8 4D 5A 6E F6 AE 31 55 FA 58 3C DB 0F E7 F9 14
        F7 90 92 0F 5F D7 9A 41 27 27 37 BA 49 C9 A4 E7
        1A B8 BC 12 0C 67 B6 61 EF 10 93 72 F1 97 68
      </generic_descriptor>
    </service>
    <service service_id="0x1FBC" EIT_schedule="true" EIT_present_following="false" CA_mode="true" running_status="running">
      <service_descriptor service_type="0x01" service_provider_name="SkyItalia" service_name="Vetrina Primafila"/>
      <country_availability_descriptor country_availability="true">
        <country country_code="ITA"/>
      </country_availability_descriptor>
      <private_data_specifier_descriptor private_data_specifier="0x00000002"/>
      <generic_descriptor tag="0xB2">
        1C C1 70 02
      </generic_descriptor>
    </service>
    <service service_id="0x1FBD" EIT_schedule="true" EIT_present_following="false" CA_mode="true" running_status="running">
      <service_descriptor service_type="0x01" service_provider_name="SkyItalia" service_name="Vetrina Primafila"/>
      <country_availability_descriptor country_availability="true">
        <country country_code="ITA"/>
      </country_availability_descriptor>
      <private_data_specifier_descriptor private_data_specifier="0x00000002"/>
      <generic_descriptor tag="0xB2">
        1C C1 70 02
      </generic_descriptor>
    </service>
    <service service_id="0x1FBE" EIT_schedule="true" EIT_present_following="false" CA_mode="true" running_status="running">
      <service_descriptor service_type="0x01" service_provider_name="SkyItalia" service_name="NatGeo Wild"/>
      <country_availability_descriptor country_availability="true">
        <country country_code="ITA"/>
      </country_availability_descriptor>
      <private_data_specifier_descriptor private_data_specifier="0x00000002"/>
      <generic_descriptor tag="0xB2">
        1C 41 90 31 33 9E DF 5B A4 58 86 5C 5B 16 3D 90
        7B FC 51 0B 02 0E 46 AE 6B F8 37 FF 4E DF F0 78
        DB 4F 6B 9B 97 8C 31 FE 0F 36 C3 F9 FE 45 3D E4
        24 83 D7 F5 E6 90 49 C9 CD EE 92 72 68
      </generic_descriptor>
    </service>
    <service service_id="0x1FBF" EIT_schedule="true" EIT_present_following="false" CA_mode="true" running_status="running">
      <service_descriptor service_type="0x01" service_provider_name="SkyItalia" service_name="Fox"/>
      <country_availability_descriptor country_availability="true">
        <country country_code="ITA"/>
      </country_availability_descriptor>
      <private_data_specifier_descriptor private_data_specifier="0x00000002"/>
      <generic_descriptor tag="0xB2">
        1C 61 30 31 33 9E DF 5B A7 5D F6 3B AC 90 D9 E9
        37 F8 88 14 EA 7F 7E D7 1F 1A 72 D8 AA 5C 4F 8B
        C8 4D 5A 6E F6 AE 31 55 FA 58 3C DB 0F E7 F9 14
        F7 90 92 0F 5F D7 9A 41 27 27 37 BA 49 C9 A4 E7
        1A B8 BC 12 0C 67 B6 61 EF 10 93 72 F1 97 68
      </generic_descriptor>
    </service>
    <service service_id="0x1FC5" EIT_schedule="true" EIT_present_following="false" CA_mode="true" running_status="running">
      <service_descriptor service_type="0x01" service_provider_name="SkyItalia" service_name="Fox Life"/>
      <country_availability_descriptor country_availability="true">
        <country country_code="ITA"/>
      </country_availability_descriptor>
      <private_data_specifier_descriptor private_data_specifier="0x00000002"/>
      <generic_descriptor tag="0xB2">
        1C 61 30 31 33 9E DF 5B A7 5D F6 3B AC 90 D9 E9
        37 F8 88 14 EA 7F 7E D7 1F 1A 72 D8 AA 5C 4F 8B
        C8 4D 5A 6E F6 AE 31 55 FA 58 3C DB 0F E7 F9 14
        F7 90 92 0F 5F D7 9A 41 27 27 37 BA 49 C9 A4 E7
        1A B8 BC 12 0C 67 B6 61 EF 10 93 72 F1 97 68
      </generic_descriptor>
    </service>
    <service service_id="0x1FC6" EIT_schedule="true" EIT_present_following="false" CA_mode="true" running_status="running">
      <service_descriptor service_type="0x01" service_provider_name="SkyItalia" service_name="Blaze"/>
      <country_availability_descriptor country_availability="true">
        <country country_code="ITA"/>
      </country_availability_descriptor>
      <private_data_specifier_descriptor private_data_specifier="0x00000002"/>
      <generic_descriptor tag="0xB2">
        1C 61 30 02
      </generic_descriptor>
    </service>
    <service service_id="0x1FC9" EIT_schedule="true" EIT_present_following="false" CA_mode="true" running_status="running">
      <service_descriptor service_type="0x01" service_provider_name="SkyItalia" service_name="Cinema Cult"/>
      <country_availability_descriptor country_availability="true">
        <country country_code="ITA"/>
      </country_availability_descriptor>
      <private_data_specifier_descriptor private_data_specifier="0x00000002"/>
      <generic_descriptor tag="0xB2">
        1C 61 70 2D 39 A9 73 96 F1 7D 94 D5 53 EC 0D A6
        33 DB C1 D7 DE B0 8D B9 C5 9C 98 73 41 5B FB 4F
        4E EF 69 D7 67 A7 FD ED 02 9F DF B5 1E C6 2A 79
        D5 53 FD 20 F7 F3 63 24 F0 5C 23 D2 7E D9 1B D3
        BF 33 29 6C 3F 9F E4 53 DE 42 48 3D 7F 5E 69 04
        9C 9C DE E9 27 26
      </generic_descriptor>
    </service>
    <service service_id="0x1FCB" EIT_schedule="true" EIT_present_following="false" CA_mode="true" running_status="running">
      <service_descriptor service_type="0x01" service_provider_name="SkyItalia" service_name="Fox Crime"/>
      <country_availability_descriptor country_availability="true">
        <country country_code="ITA"/>
      </country_availability_descriptor>
      <private_data_specifier_descriptor private_data_specifier="0x00000002"/>
      <generic_descriptor tag="0xB2">
        1C 61 30 31 33 9E DF 5B A7 5D F6 3B AC 90 D9 E9
        37 F8 88 14 EA 7F 7E D7 1F 1A 72 D8 AA 5C 4F 8B
        C8 4D 5A 6E F6 AE 31 55 FA 58 3C DB 0F E7 F9 14
        F7 90 92 0F 5F D7 9A 41 27 27 37 BA 49 C9 A4 E7
        1A B8 BC 12 0C 67 B6 61 EF 10 93 72 F1 97 68
      </generic_descriptor>
    </service>
    <service service_id="0x1FCC" EIT_schedule="true" EIT_present_following="false" CA_mode="true" running_status="running">
      <service_descriptor service_type="0x01" service_provider_name="SkyItalia" service_name="Gambero Rosso"/>
      <country_availability_descriptor country_availability="true">
        <country country_code="ITA"/>
      </country_availability_descriptor>
      <private_data_specifier_descriptor private_data_specifier="0x00000002"/>
      <generic_descriptor tag="0xB2">
        1C 41 90 31 33 9E DF 5B A4 58 86 5C 5B 16 3D 90
        7B FC 51 0B 03 9C 7E 18 63 83 C9 DC EA FE 0F F7
        BB 7F E2 AB F4 B0 6C 57 80 77 69 F2 26 E8 1D F6
        EB E0 F3 6C 3F 9F E4 53 DE 42 48 3D 7F 5E 69 04
        9C 9C DE E9 27 26 93 9C 6A E2 F0 48 31 9E D9 87
        BC 42 4D CB C6 5D A0
      </generic_descriptor>
    </service>
    <service service_id="0x1FCD" EIT_schedule="true" EIT_present_following="false" CA_mode="true" running_status="running">
      <country_availability_descriptor country_availability="true">
        <country country_code="ITA"/>
      </country_availability_descriptor>
      <private_data_specifier_descriptor private_data_specifier="0x00000002"/>
      <service_descriptor service_type="0x90" service_provider_name="SkyItalia" service_name="Sky Primafila Active"/>
      <generic_descriptor tag="0xB2">
        1C 41 30 0C E7 8B E8 23 AE F7 FC 97 8D E3 E3 03
        9B 5C 1D
      </generic_descriptor>
    </service>
    <service service_id="0x1FCF" EIT_schedule="true" EIT_present_following="false" CA_mode="true" running_status="running">
      <service_descriptor service_type="0x01" service_provider_name="SkyItalia" service_name="History"/>
      <country_availability_descriptor country_availability="true">
        <country country_code="ITA"/>
      </country_availability_descriptor>
      <private_data_specifier_descriptor private_data_specifier="0x00000002"/>
      <generic_descriptor tag="0xB2">
        1C 41 90 31 33 9E DF 5B A4 58 86 5C 5B 16 3D 90
        7B FC 51 0B 02 0E 46 AE 6B F8 37 FF 4E DF F0 78
        DB 4F 6B 9B 97 8C 31 FE 0F 36 C3 F9 FE 45 3D E4
        24 83 D7 F5 E6 90 49 C9 CD EE 92 72 68
      </generic_descriptor>
    </service>
    <service service_id="0x1FD0" EIT_schedule="true" EIT_present_following="false" CA_mode="true" running_status="running">
      <country_availability_descriptor country_availability="true">
        <country country_code="ITA"/>
      </country_availability_descriptor>
      <private_data_specifier_descriptor private_data_specifier="0x00000002"/>
      <service_descriptor service_type="0x82" service_provider_name="SkyItalia" service_name="Sky Primafila Active"/>
      <generic_descriptor tag="0xB2">
        1C 41 30 0C E7 8B E8 23 AE F7 FC 97 8D E3 E3 03
        9B 5C 1D
      </generic_descriptor>
    </service>
    <service service_id="0x1FD1" EIT_schedule="true" EIT_present_following="false" CA_mode="true" running_status="running">
      <country_availability_descriptor country_availability="true">
        <country country_code="ITA"/>
      </country_availability_descriptor>
      <private_data_specifier_descriptor private_data_specifier="0x00000002"/>
      <service_descriptor service_type="0x82" service_provider_name="SkyItalia" service_name="Sky Primafila"/>
      <generic_descriptor tag="0xB2">
        1C 41 F0 02
      </generic_descriptor>
    </service>
    <service service_id="0x1FD2" EIT_schedule="true" EIT_present_following="false" CA_mode="true" running_status="running">
      <country_availability_descriptor country_availability="true">
        <country country_code="ITA"/>
      </country_availability_descriptor>
      <private_data_specifier_descriptor private_data_specifier="0x00000002"/>
      <service_descriptor service_type="0x90" service_provider_name="SkyItalia" service_name="Sky Primafila"/>
      <generic_descriptor tag="0xB2">
        1C 41 10 0C E7 8B E8 23 AE F7 FC 97 8D E3 E3 03
        9B 5C 1D
      </generic_descriptor>
    </service>
    <service service_id="0x1FED" EIT_schedule="false" EIT_present_following="false" CA_mode="true" running_status="running">
      <country_availability_descriptor country_availability="true">
        <country country_code="ITA"/>
      </country_availability_descriptor>
      <private_data_specifier_descriptor private_data_specifier="0x00000002"/>
      <service_descriptor service_type="0xFC" service_provider_name="SkyItalia" service_name="Fusion FGDL"/>
      <generic_descriptor tag="0xB2">
        00 41 10 02
      </generic_descriptor>
    </service>
    <service service_id="0x1FEE" EIT_schedule="false" EIT_present_following="false" CA_mode="true" running_status="running">
      <country_availability_descriptor country_availability="true">
        <country country_code="ITA"/>
      </country_availability_descriptor>
      <private_data_specifier_descriptor private_data_specifier="0x00000002"/>
      <service_descriptor service_type="0x84" service_provider_name="SkyItalia" service_name="BGDL_6300"/>
      <generic_descriptor tag="0xB2">
        00 41 10 02
      </generic_descriptor>
    </service>
    <service service_id="0x1FEF" EIT_schedule="false" EIT_present_following="false" CA_mode="true" running_status="running">
      <country_availability_descriptor country_availability="true">
        <country country_code="ITA"/>
      </country_availability_descriptor>
      <private_data_specifier_descriptor private_data_specifier="0x00000002"/>
      <service_descriptor service_type="0x84" service_provider_name="SkyItalia" service_name="Downl IKUSI"/>
      <generic_descriptor tag="0xB2">
        00 41 10 02
      </generic_descriptor>
    </service>
    <service service_id="0x1FFE" EIT_schedule="false" EIT_present_following="false" CA_mode="true" running_status="running">
      <private_data_specifier_descriptor private_data_specifier="0x00000002"/>
      <service_descriptor service_type="0xFB" service_provider_name="SkyItalia" service_name="Fusion BGDL 8190"/>
      <generic_descriptor tag="0xB2">
        00 41 10 02
      </generic_descriptor>
    </service>
    <service service_id="0x2006" EIT_schedule="false" EIT_present_following="false" CA_mode="true" running_status="running">
      <country_availability_descriptor country_availability="true">
        <country country_code="ITA"/>
      </country_availability_descriptor>
      <private_data_specifier_descriptor private_data_specifier="0x00000002"/>
      <service_descriptor service_type="0x83" service_provider_name="SkyItalia" service_name="IEPG Data"/>
      <generic_descriptor tag="0xB2">
        00 41 10 02
      </generic_descriptor>
    </service>
  </SDT>
  <SDT version="29" current="true" transport_stream_id="0x24B8" original_network_id="0x013E" actual="false">
    <!-- PID 0x0011 (17), first TS packet: 90,757, last: 98,602 -->
    <service service_id="0x0BEF" EIT_schedule="true" EIT_present_following="false" CA_mode="true" running_status="undefined">
      <service_descriptor service_type="0x04" service_provider_name="SkyItalia" service_name="REF 3055"/>
      <country_availability_descriptor country_availability="true">
        <country country_code="ITA"/>
      </country_availability_descriptor>
      <NVOD_reference_descriptor>
        <service transport_stream_id="0x1B58" original_network_id="0x013E" service_id="0x02C4"/>
        <service transport_stream_id="0x3138" original_network_id="0x013E" service_id="0x06B0"/>
        <service transport_stream_id="0x22C4" original_network_id="0x013E" service_id="0x07E1"/>
        <service transport_stream_id="0x1518" original_network_id="0x013E" service_id="0x0CE6"/>
        <service transport_stream_id="0x1518" original_network_id="0x013E" service_id="0x0CF2"/>
        <service transport_stream_id="0x33F4" original_network_id="0x013E" service_id="0x132B"/>
        <service transport_stream_id="0x1C20" original_network_id="0x013E" service_id="0x1C22"/>
        <service transport_stream_id="0x1C20" original_network_id="0x013E" service_id="0x1C38"/>
        <service transport_stream_id="0x24B8" original_network_id="0x013E" service_id="0x200B"/>
        <service transport_stream_id="0x24B8" original_network_id="0x013E" service_id="0x200C"/>
        <service transport_stream_id="0x24B8" original_network_id="0x013E" service_id="0x2010"/>
        <service transport_stream_id="0x13EF" original_network_id="0x013E" service_id="0x2529"/>
        <service transport_stream_id="0x3CF0" original_network_id="0x013E" service_id="0x29D1"/>
        <service transport_stream_id="0x2CEC" original_network_id="0x013E" service_id="0x439F"/>
        <service transport_stream_id="0x0258" original_network_id="0x013E" service_id="0x44DD"/>
      </NVOD_reference_descriptor>
      <private_data_specifier_descriptor private_data_specifier="0x00000002"/>
      <generic_descriptor tag="0xB2">
        1C 41 B0 02
      </generic_descriptor>
    </service>
    <service service_id="0x200A" EIT_schedule="false" EIT_present_following="false" CA_mode="true" running_status="running">
      <service_descriptor service_type="0x01" service_provider_name="SkyItalia" service_name="ANN"/>
      <country_availability_descriptor country_availability="true">
        <country country_code="ITA"/>
      </country_availability_descriptor>
      <private_data_specifier_descriptor private_data_specifier="0x00000002"/>
      <generic_descriptor tag="0xB2">
        00 40 F0 02
      </generic_descriptor>
    </service>
    <service service_id="0x200B" EIT_schedule="true" EIT_present_following="false" CA_mode="true" running_status="running">
      <time_shifted_service_descriptor reference_service_id="0x0BEF"/>
      <private_data_specifier_descriptor private_data_specifier="0x00000002"/>
      <generic_descriptor tag="0xB2">
        1C 40 B0 02
      </generic_descriptor>
      <generic_descriptor tag="0xC0">
        05 42 42 43 20 41 72 61 62 69 63
      </generic_descriptor>
    </service>
    <service service_id="0x200C" EIT_schedule="true" EIT_present_following="false" CA_mode="false" running_status="running">
      <time_shifted_service_descriptor reference_service_id="0x0BEF"/>
      <private_data_specifier_descriptor private_data_specifier="0x00000002"/>
      <generic_descriptor tag="0xB2">
        1C C1 B0 02
      </generic_descriptor>
      <generic_descriptor tag="0xC0">
        05 42 42 43 20 57 6F 72 6C 64 20 4E 65 77 73
      </generic_descriptor>
    </service>
    <service service_id="0x200D" EIT_schedule="false" EIT_present_following="false" CA_mode="true" running_status="running">
      <service_descriptor service_type="0x01" service_provider_name="SkyItalia" service_name="RD1 RADIO ARMENIA"/>
      <country_availability_descriptor country_availability="true">
        <country country_code="ITA"/>
      </country_availability_descriptor>
      <private_data_specifier_descriptor private_data_specifier="0x00000002"/>
      <generic_descriptor tag="0xB2">
        00 4F E0 02
      </generic_descriptor>
    </service>
    <service service_id="0x200E" EIT_schedule="true" EIT_present_following="false" CA_mode="true" running_status="running">
      <service_descriptor service_type="0x02" service_provider_name="SkyItalia" service_name="BBC English (Europe)"/>
      <country_availability_descriptor country_availability="true">
        <country country_code="ITA"/>
      </country_availability_descriptor>
      <private_data_specifier_descriptor private_data_specifier="0x00000002"/>
      <generic_descriptor tag="0xB2">
        1C C0 D1 5F 3D 3E 99 47 81 79 70 2D 90 B5 70 0E
        D9 47 5A 7E
      </generic_descriptor>
    </service>
    <service service_id="0x200F" EIT_schedule="false" EIT_present_following="false" CA_mode="true" running_status="running">
      <service_descriptor service_type="0x02" service_provider_name="SkyItalia" service_name="SONSHINE RADIO"/>
      <country_availability_descriptor country_availability="true">
        <country country_code="ITA"/>
      </country_availability_descriptor>
      <private_data_specifier_descriptor private_data_specifier="0x00000002"/>
      <generic_descriptor tag="0xB2">
        00 4F E0 02
      </generic_descriptor>
    </service>
    <service service_id="0x2010" EIT_schedule="true" EIT_present_following="false" CA_mode="true" running_status="running">
      <time_shifted_service_descriptor reference_service_id="0x0BEF"/>
      <private_data_specifier_descriptor private_data_specifier="0x00000002"/>
      <generic_descriptor tag="0xB2">
        1C C0 B0 02
      </generic_descriptor>
      <generic_descriptor tag="0xC0">
        05 43 68 61 6E 6E 65 6C 20 31 20 52 75 73 73 69
        61
      </generic_descriptor>
    </service>
    <service service_id="0x2011" EIT_schedule="false" EIT_present_following="false" CA_mode="true" running_status="running">
      <service_descriptor service_type="0x01" service_provider_name="SkyItalia" service_name="CNNI"/>
      <country_availability_descriptor country_availability="true">
        <country country_code="ITA"/>
      </country_availability_descriptor>
      <private_data_specifier_descriptor private_data_specifier="0x00000002"/>
      <generic_descriptor tag="0xB2">
        00 40 F0 02
      </generic_descriptor>
    </service>
    <service service_id="0x2013" EIT_schedule="true" EIT_present_following="false" CA_mode="true" running_status="running">
      <service_descriptor service_type="0x01" service_provider_name="SkyItalia" service_name="Euronews English"/>
      <country_availability_descriptor country_availability="true">
        <country country_code="ITA"/>
      </country_availability_descriptor>
      <private_data_specifier_descriptor private_data_specifier="0x00000002"/>
      <generic_descriptor tag="0xB2">
        1C 40 B0 02
      </generic_descriptor>
    </service>
    <service service_id="0x2016" EIT_schedule="false" EIT_present_following="false" CA_mode="true" running_status="running">
      <service_descriptor service_type="0x01" service_provider_name="SkyItalia" service_name="JSTV 2"/>
      <country_availability_descriptor country_availability="true">
        <country country_code="ITA"/>
      </country_availability_descriptor>
      <private_data_specifier_descriptor private_data_specifier="0x00000002"/>
      <generic_descriptor tag="0xB2">
        00 40 F0 02
      </generic_descriptor>
    </service>
    <service service_id="0x2017" EIT_schedule="false" EIT_present_following="false" CA_mode="true" running_status="running">
      <service_descriptor service_type="0x02" service_provider_name="SkyItalia" service_name="WRN Russkij"/>
      <country_availability_descriptor country_availability="true">
        <country country_code="ITA"/>
      </country_availability_descriptor>
      <private_data_specifier_descriptor private_data_specifier="0x00000002"/>
      <generic_descriptor tag="0xB2">
        00 40 F0 02
      </generic_descriptor>
    </service>
    <service service_id="0x2018" EIT_schedule="false" EIT_present_following="false" CA_mode="true" running_status="running">
      <service_descriptor service_type="0x02" service_provider_name="SkyItalia" service_name="WRN English"/>
      <country_availability_descriptor country_availability="true">
        <country country_code="ITA"/>
      </country_availability_descriptor>
      <private_data_specifier_descriptor private_data_specifier="0x00000002"/>
      <generic_descriptor tag="0xB2">
        00 40 F0 02
      </generic_descriptor>
    </service>
    <service service_id="0x2019" EIT_schedule="false" EIT_present_following="false" CA_mode="true" running_status="running">
      <service_descriptor service_type="0x02" service_provider_name="SkyItalia" service_name="WRN Deutsch"/>
      <country_availability_descriptor country_availability="true">
        <country country_code="ITA"/>
      </country_availability_descriptor>
      <private_data_specifier_descriptor private_data_specifier="0x00000002"/>
      <generic_descriptor tag="0xB2">
        00 40 F0 02
      </generic_descriptor>
    </service>
    <service service_id="0x201A" EIT_schedule="false" EIT_present_following="false" CA_mode="true" running_status="running">
      <service_descriptor service_type="0x02" service_provider_name="SkyItalia" service_name="WRN Francais"/>
      <country_availability_descriptor country_availability="true">
        <country country_code="ITA"/>
      </country_availability_descriptor>
      <private_data_specifier_descriptor private_data_specifier="0x00000002"/>
      <generic_descriptor tag="0xB2">
        00 40 F0 02
      </generic_descriptor>
    </service>
    <service service_id="0x201B" EIT_schedule="false" EIT_present_following="false" CA_mode="true" running_status="running">
      <service_descriptor service_type="0x02" service_provider_name="SkyItalia" service_name="GBTS 2"/>
      <country_availability_descriptor country_availability="true">
        <country country_code="ITA"/>
      </country_availability_descriptor>
      <private_data_specifier_descriptor private_data_specifier="0x00000002"/>
      <generic_descriptor tag="0xB2">
        00 40 F0 02
      </generic_descriptor>
    </service>
    <service service_id="0x201C" EIT_schedule="false" EIT_present_following="false" CA_mode="true" running_status="running">
      <service_descriptor service_type="0x02" service_provider_name="SkyItalia" service_name="RCI 3"/>
      <country_availability_descriptor country_availability="true">
        <country country_code="ITA"/>
      </country_availability_descriptor>
      <private_data_specifier_descriptor private_data_specifier="0x00000002"/>
      <generic_descriptor tag="0xB2">
        00 40 F0 02
      </generic_descriptor>
    </service>
    <service service_id="0x201D" EIT_schedule="false" EIT_present_following="false" CA_mode="true" running_status="running">
      <service_descriptor service_type="0x02" service_provider_name="SkyItalia" service_name="ISLAH"/>
      <country_availability_descriptor country_availability="true">
        <country country_code="ITA"/>
      </country_availability_descriptor>
      <private_data_specifier_descriptor private_data_specifier="0x00000002"/>
      <generic_descriptor tag="0xB2">
        00 40 F0 02
      </generic_descriptor>
    </service>
    <service service_id="0x201E" EIT_schedule="false" EIT_present_following="false" CA_mode="true" running_status="running">
      <service_descriptor service_type="0x02" service_provider_name="SkyItalia" service_name="RCI 2"/>
      <country_availability_descriptor country_availability="true">
        <country country_code="ITA"/>
      </country_availability_descriptor>
      <private_data_specifier_descriptor private_data_specifier="0x00000002"/>
      <generic_descriptor tag="0xB2">
        00 40 F0 02
      </generic_descriptor>
    </service>
    <service service_id="0x201F" EIT_schedule="false" EIT_present_following="false" CA_mode="true" running_status="running">
      <service_descriptor service_type="0x02" service_provider_name="SkyItalia" service_name="RCI 1"/>
      <country_availability_descriptor country_availability="true">
        <country country_code="ITA"/>
      </country_availability_descriptor>
      <private_data_specifier_descriptor private_data_specifier="0x00000002"/>
      <generic_descriptor tag="0xB2">
        00 40 F0 02
      </generic_descriptor>
    </service>
    <service service_id="0x2020" EIT_schedule="false" EIT_present_following="false" CA_mode="true" running_status="running">
      <service_descriptor service_type="0x02" service_provider_name="SkyItalia" service_name="RTE"/>
      <country_availability_descriptor country_availability="true">
        <country country_code="ITA"/>
      </country_availability_descriptor>
      <private_data_specifier_descriptor private_data_specifier="0x00000002"/>
      <generic_descriptor tag="0xB2">
        00 40 F0 02
      </generic_descriptor>
    </service>
    <service service_id="0x2021" EIT_schedule="false" EIT_present_following="false" CA_mode="true" running_status="running">
      <service_descriptor service_type="0x02" service_provider_name="SkyItalia" service_name="R Sweden"/>
      <country_availability_descriptor country_availability="true">
        <country country_code="ITA"/>
      </country_availability_descriptor>
      <private_data_specifier_descriptor private_data_specifier="0x00000002"/>
      <generic_descriptor tag="0xB2">
        00 40 F0 02
      </generic_descriptor>
    </service>
    <service service_id="0x2022" EIT_schedule="false" EIT_present_following="false" CA_mode="true" running_status="running">
      <service_descriptor service_type="0x02" service_provider_name="SkyItalia" service_name="SedayeIran"/>
      <country_availability_descriptor country_availability="true">
        <country country_code="ITA"/>
      </country_availability_descriptor>
      <private_data_specifier_descriptor private_data_specifier="0x00000002"/>
      <generic_descriptor tag="0xB2">
        00 40 F0 02
      </generic_descriptor>
    </service>
    <service service_id="0x2023" EIT_schedule="false" EIT_present_following="false" CA_mode="true" running_status="running">
      <service_descriptor service_type="0x02" service_provider_name="SkyItalia" service_name="TBC"/>
      <country_availability_descriptor country_availability="true">
        <country country_code="ITA"/>
      </country_availability_descriptor>
      <private_data_specifier_descriptor private_data_specifier="0x00000002"/>
      <generic_descriptor tag="0xB2">
        00 40 F0 02
      </generic_descriptor>
    </service>
    <service service_id="0x2024" EIT_schedule="false" EIT_present_following="false" CA_mode="true" running_status="running">
      <service_descriptor service_type="0x02" service_provider_name="SkyItalia" service_name="VORJ"/>
      <country_availability_descriptor country_availability="true">
        <country country_code="ITA"/>
      </country_availability_descriptor>
      <private_data_specifier_descriptor private_data_specifier="0x00000002"/>
      <generic_descriptor tag="0xB2">
        00 40 F0 02
      </generic_descriptor>
    </service>
    <service service_id="0x2025" EIT_schedule="false" EIT_present_following="false" CA_mode="true" running_status="running">
      <service_descriptor service_type="0x02" service_provider_name="SkyItalia" service_name="GBTS 1"/>
      <country_availability_descriptor country_availability="true">
        <country country_code="ITA"/>
      </country_availability_descriptor>
      <private_data_specifier_descriptor private_data_specifier="0x00000002"/>
      <generic_descriptor tag="0xB2">
        00 40 F0 02
      </generic_descriptor>
    </service>
    <service service_id="0x2026" EIT_schedule="false" EIT_present_following="false" CA_mode="true" running_status="running">
      <service_descriptor service_type="0x02" service_provider_name="SkyItalia" service_name="eng-WRN-multi"/>
      <country_availability_descriptor country_availability="true">
        <country country_code="ITA"/>
      </country_availability_descriptor>
      <private_data_specifier_descriptor private_data_specifier="0x00000002"/>
      <generic_descriptor tag="0xB2">
        00 40 F0 02
      </generic_descriptor>
    </service>
    <service service_id="0x2027" EIT_schedule="false" EIT_present_following="false" CA_mode="true" running_status="running">
      <service_descriptor service_type="0x02" service_provider_name="SkyItalia" service_name="Afghan SW"/>
      <country_availability_descriptor country_availability="true">
        <country country_code="ITA"/>
      </country_availability_descriptor>
      <private_data_specifier_descriptor private_data_specifier="0x00000002"/>
      <generic_descriptor tag="0xB2">
        00 40 F0 02
      </generic_descriptor>
    </service>
    <service service_id="0x2028" EIT_schedule="false" EIT_present_following="false" CA_mode="true" running_status="running">
      <service_descriptor service_type="0x02" service_provider_name="SkyItalia" service_name="Holiday FM"/>
      <country_availability_descriptor country_availability="true">
        <country country_code="ITA"/>
      </country_availability_descriptor>
      <private_data_specifier_descriptor private_data_specifier="0x00000002"/>
      <generic_descriptor tag="0xB2">
        00 40 F0 02
      </generic_descriptor>
    </service>
    <service service_id="0x2029" EIT_schedule="false" EIT_present_following="false" CA_mode="true" running_status="running">
      <service_descriptor service_type="0x02" service_provider_name="SkyItalia" service_name="R.Assalam"/>
      <country_availability_descriptor country_availability="true">
        <country country_code="ITA"/>
      </country_availability_descriptor>
      <private_data_specifier_descriptor private_data_specifier="0x00000002"/>
      <generic_descriptor tag="0xB2">
        00 40 F0 02
      </generic_descriptor>
    </service>
    <service service_id="0x202A" EIT_schedule="false" EIT_present_following="false" CA_mode="true" running_status="running">
      <service_descriptor service_type="0x02" service_provider_name="SkyItalia" service_name="WRN Special"/>
      <country_availability_descriptor country_availability="true">
        <country country_code="ITA"/>
      </country_availability_descriptor>
      <private_data_specifier_descriptor private_data_specifier="0x00000002"/>
      <generic_descriptor tag="0xB2">
        00 40 F0 02
      </generic_descriptor>
    </service>
    <service service_id="0x202C" EIT_schedule="false" EIT_present_following="false" CA_mode="true" running_status="running">
      <service_descriptor service_type="0x02" service_provider_name="SkyItalia" service_name="AWR Radio 128KBit"/>
      <country_availability_descriptor country_availability="true">
        <country country_code="ITA"/>
      </country_availability_descriptor>
      <private_data_specifier_descriptor private_data_specifier="0x00000002"/>
      <generic_descriptor tag="0xB2">
        00 40 F0 02
      </generic_descriptor>
    </service>
    <service service_id="0x202D" EIT_schedule="false" EIT_present_following="false" CA_mode="true" running_status="running">
      <service_descriptor service_type="0x02" service_provider_name="SkyItalia" service_name="YLESAT 1"/>
      <country_availability_descriptor country_availability="true">
        <country country_code="ITA"/>
      </country_availability_descriptor>
      <private_data_specifier_descriptor private_data_specifier="0x00000002"/>
      <generic_descriptor tag="0xB2">
        00 40 F0 02
      </generic_descriptor>
    </service>
    <service service_id="0x202E" EIT_schedule="false" EIT_present_following="false" CA_mode="true" running_status="running">
      <service_descriptor service_type="0x02" service_provider_name="SkyItalia" service_name="YLESAT 2"/>
      <country_availability_descriptor country_availability="true">
        <country country_code="ITA"/>
      </country_availability_descriptor>
      <private_data_specifier_descriptor private_data_specifier="0x00000002"/>
      <generic_descriptor tag="0xB2">
        00 40 F0 02
      </generic_descriptor>
    </service>
    <service service_id="0x202F" EIT_schedule="false" EIT_present_following="false" CA_mode="true" running_status="running">
      <service_descriptor service_type="0x02" service_provider_name="SkyItalia" service_name="GBTS3"/>
      <country_availability_descriptor country_availability="true">
        <country country_code="ITA"/>
      </country_availability_descriptor>
      <private_data_specifier_descriptor private_data_specifier="0x00000002"/>
      <generic_descriptor tag="0xB2">
        00 4F E0 02
      </generic_descriptor>
    </service>
    <service service_id="0x2030" EIT_schedule="false" EIT_present_following="false" CA_mode="true" running_status="running">
      <service_descriptor service_type="0x02" service_provider_name="SkyItalia" service_name="WRN SAWT AL ALAM"/>
      <country_availability_descriptor country_availability="true">
        <country country_code="ITA"/>
      </country_availability_descriptor>
      <private_data_specifier_descriptor private_data_specifier="0x00000002"/>
      <generic_descriptor tag="0xB2">
        00 4F E0 02
      </generic_descriptor>
    </service>
    <service service_id="0x2031" EIT_schedule="false" EIT_present_following="false" CA_mode="true" running_status="running">
      <service_descriptor service_type="0x02" service_provider_name="SkyItalia" service_name="WRN EVENTS"/>
      <country_availability_descriptor country_availability="true">
        <country country_code="ITA"/>
      </country_availability_descriptor>
      <private_data_specifier_descriptor private_data_specifier="0x00000002"/>
      <generic_descriptor tag="0xB2">
        00 4F E0 02
      </generic_descriptor>
    </service>
    <service service_id="0x2032" EIT_schedule="false" EIT_present_following="false" CA_mode="true" running_status="running">
      <service_descriptor service_type="0x02" service_provider_name="SkyItalia" service_name="GBTS4"/>
      <country_availability_descriptor country_availability="true">
        <country country_code="ITA"/>
      </country_availability_descriptor>
      <private_data_specifier_descriptor private_data_specifier="0x00000002"/>
      <generic_descriptor tag="0xB2">
        00 4F E0 02
      </generic_descriptor>
    </service>
    <service service_id="0x2033" EIT_schedule="false" EIT_present_following="false" CA_mode="true" running_status="running">
      <service_descriptor service_type="0x02" service_provider_name="SkyItalia" service_name="GBTS5"/>
      <country_availability_descriptor country_availability="true">
        <country country_code="ITA"/>
      </country_availability_descriptor>
      <private_data_specifier_descriptor private_data_specifier="0x00000002"/>
      <generic_descriptor tag="0xB2">
        00 4F E0 02
      </generic_descriptor>
    </service>
    <service service_id="0x2034" EIT_schedule="false" EIT_present_following="false" CA_mode="true" running_status="running">
      <service_descriptor service_type="0x02" service_provider_name="SkyItalia" service_name="GBTS6"/>
      <country_availability_descriptor country_availability="true">
        <country country_code="ITA"/>
      </country_availability_descriptor>
      <private_data_specifier_descriptor private_data_specifier="0x00000002"/>
      <generic_descriptor tag="0xB2">
        00 4F E0 02
      </generic_descriptor>
    </service>
    <service service_id="0x2035" EIT_schedule="false" EIT_present_following="false" CA_mode="true" running_status="running">
      <service_descriptor service_type="0x02" service_provider_name="SkyItalia" service_name="GBTS7"/>
      <country_availability_descriptor country_availability="true">
        <country country_code="ITA"/>
      </country_availability_descriptor>
      <private_data_specifier_descriptor private_data_specifier="0x00000002"/>
      <generic_descriptor tag="0xB2">
        00 4F E0 02
      </generic_descriptor>
    </service>
  </SDT>
  <SDT version="28" current="true" transport_stream_id="0x3DB8" original_network_id="0x013E" actual="false">
    <!-- PID 0x0011 (17), first TS packet: 98,773, last: 99,389 -->
    <service service_id="0x0BCC" EIT_schedule="true" EIT_present_following="false" CA_mode="true" running_status="undefined">
      <service_descriptor service_type="0x04" service_provider_name="SkyItalia" service_name="REF 3020"/>
      <country_availability_descriptor country_availability="true">
        <country country_code="ITA"/>
      </country_availability_descriptor>
      <NVOD_reference_descriptor>
        <service transport_stream_id="0x1518" original_network_id="0x013E" service_id="0x0CEC"/>
        <service transport_stream_id="0x0578" original_network_id="0x013E" service_id="0x20EE"/>
        <service transport_stream_id="0x3DB8" original_network_id="0x013E" service_id="0x4238"/>
      </NVOD_reference_descriptor>
      <private_data_specifier_descriptor private_data_specifier="0x00000002"/>
      <generic_descriptor tag="0xB2">
        1C C1 F0 02
      </generic_descriptor>
    </service>
    <service service_id="0x0BE0" EIT_schedule="true" EIT_present_following="false" CA_mode="true" running_status="undefined">
      <service_descriptor service_type="0x04" service_provider_name="SkyItalia" service_name="REF 3040"/>
      <country_availability_descriptor country_availability="true">
        <country country_code="ITA"/>
      </country_availability_descriptor>
      <NVOD_reference_descriptor>
        <service transport_stream_id="0x1388" original_network_id="0x013E" service_id="0x35D0"/>
        <service transport_stream_id="0x1388" original_network_id="0x013E" service_id="0x35D5"/>
        <service transport_stream_id="0x3DB8" original_network_id="0x013E" service_id="0x425C"/>
      </NVOD_reference_descriptor>
      <private_data_specifier_descriptor private_data_specifier="0x00000002"/>
      <generic_descriptor tag="0xB2">
        1C C1 F0 02
      </generic_descriptor>
    </service>
    <service service_id="0x0BF4" EIT_schedule="true" EIT_present_following="false" CA_mode="true" running_status="undefined">
      <service_descriptor service_type="0x04" service_provider_name="SkyItalia" service_name="REF 3060"/>
      <country_availability_descriptor country_availability="true">
        <country country_code="ITA"/>
      </country_availability_descriptor>
      <NVOD_reference_descriptor>
        <service transport_stream_id="0x1388" original_network_id="0x013E" service_id="0x35CF"/>
        <service transport_stream_id="0x3DB8" original_network_id="0x013E" service_id="0x4266"/>
      </NVOD_reference_descriptor>
      <private_data_specifier_descriptor private_data_specifier="0x00000002"/>
      <generic_descriptor tag="0xB2">
        1C C1 F0 02
      </generic_descriptor>
    </service>
    <service service_id="0x4207" EIT_schedule="false" EIT_present_following="false" CA_mode="true" running_status="running">
      <service_descriptor service_type="0x01" service_provider_name="SkyItalia" service_name="ITALYSAT"/>
      <country_availability_descriptor country_availability="true">
        <country country_code="ITA"/>
      </country_availability_descriptor>
      <private_data_specifier_descriptor private_data_specifier="0x00000002"/>
      <generic_descriptor tag="0xB2">
        00 4F E0 02
      </generic_descriptor>
    </service>
    <service service_id="0x420E" EIT_schedule="false" EIT_present_following="false" CA_mode="true" running_status="running">
      <service_descriptor service_type="0x01" service_provider_name="SkyItalia" service_name="eScapes"/>
      <country_availability_descriptor country_availability="true">
        <country country_code="ITA"/>
      </country_availability_descriptor>
      <private_data_specifier_descriptor private_data_specifier="0x00000002"/>
      <generic_descriptor tag="0xB2">
        00 FF E0 02
      </generic_descriptor>
    </service>
    <service service_id="0x4238" EIT_schedule="true" EIT_present_following="false" CA_mode="true" running_status="running">
      <time_shifted_service_descriptor reference_service_id="0x0BCC"/>
      <private_data_specifier_descriptor private_data_specifier="0x00000002"/>
      <generic_descriptor tag="0xB2">
        1C C0 F0 02
      </generic_descriptor>
      <generic_descriptor tag="0xC0">
        05 54 65 6C 65 50 61 64 72 65 50 69 6F
      </generic_descriptor>
    </service>
    <service service_id="0x423B" EIT_schedule="true" EIT_present_following="false" CA_mode="true" running_status="running">
      <service_descriptor service_type="0x01" service_provider_name="SkyItalia" service_name="Tele 5"/>
      <country_availability_descriptor country_availability="true">
        <country country_code="ITA"/>
      </country_availability_descriptor>
      <private_data_specifier_descriptor private_data_specifier="0x00000002"/>
      <generic_descriptor tag="0xB2">
        1C C0 F0 02
      </generic_descriptor>
    </service>
    <service service_id="0x4241" EIT_schedule="true" EIT_present_following="false" CA_mode="true" running_status="running">
      <service_descriptor service_type="0x01" service_provider_name="SkyItalia" service_name="TVR Intl."/>
      <country_availability_descriptor country_availability="true">
        <country country_code="ITA"/>
      </country_availability_descriptor>
      <private_data_specifier_descriptor private_data_specifier="0x00000002"/>
      <generic_descriptor tag="0xB2">
        1C C0 B0 02
      </generic_descriptor>
    </service>
    <service service_id="0x4242" EIT_schedule="true" EIT_present_following="false" CA_mode="true" running_status="running">
      <service_descriptor service_type="0x19" service_provider_name="SkyItalia" service_name="Radio Italia TV HD"/>
      <country_availability_descriptor country_availability="true">
        <country country_code="ITA"/>
      </country_availability_descriptor>
      <private_data_specifier_descriptor private_data_specifier="0x00000002"/>
      <generic_descriptor tag="0xB2">
        1C 40 D1 5F 02
      </generic_descriptor>
    </service>
    <service service_id="0x4243" EIT_schedule="true" EIT_present_following="false" CA_mode="true" running_status="running">
      <service_descriptor service_type="0x19" service_provider_name="SkyItalia" service_name="UnireSat HD"/>
      <country_availability_descriptor country_availability="true">
        <country country_code="ITA"/>
      </country_availability_descriptor>
      <private_data_specifier_descriptor private_data_specifier="0x00000002"/>
      <generic_descriptor tag="0xB2">
        1C 40 50 02
      </generic_descriptor>
    </service>
    <service service_id="0x4245" EIT_schedule="true" EIT_present_following="false" CA_mode="true" running_status="running">
      <service_descriptor service_type="0x01" service_provider_name="SkyItalia" service_name="Antichita&apos; Chiossone"/>
      <country_availability_descriptor country_availability="true">
        <country country_code="ITA"/>
      </country_availability_descriptor>
      <private_data_specifier_descriptor private_data_specifier="0x00000002"/>
      <generic_descriptor tag="0xB2">
        1C C0 F0 02
      </generic_descriptor>
    </service>
    <service service_id="0x424F" EIT_schedule="true" EIT_present_following="false" CA_mode="true" running_status="running">
      <service_descriptor service_type="0x01" service_provider_name="SkyItalia" service_name="TEF Channel"/>
      <country_availability_descriptor country_availability="true">
        <country country_code="ITA"/>
      </country_availability_descriptor>
      <private_data_specifier_descriptor private_data_specifier="0x00000002"/>
      <generic_descriptor tag="0xB2">
        1C C0 F0 02
      </generic_descriptor>
    </service>
    <service service_id="0x4254" EIT_schedule="true" EIT_present_following="false" CA_mode="true" running_status="running">
      <service_descriptor service_type="0x01" service_provider_name="SkyItalia" service_name="Reteconomy"/>
      <country_availability_descriptor country_availability="true">
        <country country_code="ITA"/>
      </country_availability_descriptor>
      <private_data_specifier_descriptor private_data_specifier="0x00000002"/>
      <generic_descriptor tag="0xB2">
        1C 40 B0 02
      </generic_descriptor>
    </service>
    <service service_id="0x425C" EIT_schedule="true" EIT_present_following="false" CA_mode="true" running_status="running">
      <time_shifted_service_descriptor reference_service_id="0x0BE0"/>
      <private_data_specifier_descriptor private_data_specifier="0x00000002"/>
      <generic_descriptor tag="0xB2">
        1C C0 F0 02
      </generic_descriptor>
      <generic_descriptor tag="0xC0">
        05 54 56 41 20 56 69 63 65 6E 7A 61
      </generic_descriptor>
    </service>
    <service service_id="0x4266" EIT_schedule="true" EIT_present_following="false" CA_mode="true" running_status="running">
      <time_shifted_service_descriptor reference_service_id="0x0BF4"/>
      <private_data_specifier_descriptor private_data_specifier="0x00000002"/>
      <generic_descriptor tag="0xB2">
        1C C0 F0 02
      </generic_descriptor>
      <generic_descriptor tag="0xC0">
        05 53 75 62 61 63 71 75 65 61 20 54 76
      </generic_descriptor>
    </service>
  </SDT>
  <SDT version="28" current="true" transport_stream_id="0x3E1C" original_network_id="0x013F" actual="false">
    <!-- PID 0x0011 (17), first TS packet: 104,256, last: 104,256 -->
  </SDT>
  <SDT version="28" current="true" transport_stream_id="0x00C8" original_network_id="0x013E" actual="false">
    <!-- PID 0x0011 (17), first TS packet: 107,459, last: 107,707 -->
    <service service_id="0x360E" EIT_schedule="false" EIT_present_following="false" CA_mode="true" running_status="running">
      <service_descriptor service_type="0x01" service_provider_name="SkyItalia" service_name="PROD ESP"/>
      <country_availability_descriptor country_availability="true">
        <country country_code="ITA"/>
      </country_availability_descriptor>
      <private_data_specifier_descriptor private_data_specifier="0x00000002"/>
      <generic_descriptor tag="0xB2">
        00 4F E0 02
      </generic_descriptor>
    </service>
    <service service_id="0x3619" EIT_schedule="true" EIT_present_following="false" CA_mode="true" running_status="running">
      <service_descriptor service_type="0x01" service_provider_name="SkyItalia" service_name="France 24 Francais"/>
      <country_availability_descriptor country_availability="true">
        <country country_code="ITA"/>
      </country_availability_descriptor>
      <private_data_specifier_descriptor private_data_specifier="0x00000002"/>
      <linkage_descriptor transport_stream_id="0x47D0" original_network_id="0x217C" service_id="0x0007" linkage_type="0x9A">
        <private_data>
          13 FF 00 46 52 41 4E 43 45 00 32 34
        </private_data>
      </linkage_descriptor>
      <generic_descriptor tag="0xB2">
        1C 40 B0 02
      </generic_descriptor>
    </service>
    <service service_id="0x361A" EIT_schedule="true" EIT_present_following="false" CA_mode="true" running_status="running">
      <service_descriptor service_type="0x01" service_provider_name="SkyItalia" service_name="France 24 English"/>
      <country_availability_descriptor country_availability="true">
        <country country_code="ITA"/>
      </country_availability_descriptor>
      <private_data_specifier_descriptor private_data_specifier="0x00000002"/>
      <generic_descriptor tag="0xB2">
        1C 40 B0 02
      </generic_descriptor>
    </service>
    <service service_id="0x3624" EIT_schedule="false" EIT_present_following="false" CA_mode="true" running_status="running">
      <service_descriptor service_type="0x01" service_provider_name="SkyItalia" service_name="SSU"/>
      <country_availability_descriptor country_availability="true">
        <country country_code="ITA"/>
      </country_availability_descriptor>
      <private_data_specifier_descriptor private_data_specifier="0x00000002"/>
      <generic_descriptor tag="0xB2">
        00 4F E0 02
      </generic_descriptor>
    </service>
    <service service_id="0x3674" EIT_schedule="false" EIT_present_following="false" CA_mode="true" running_status="running">
      <service_descriptor service_type="0x01" service_provider_name="SkyItalia" service_name="A3"/>
      <country_availability_descriptor country_availability="true">
        <country country_code="ITA"/>
      </country_availability_descriptor>
      <private_data_specifier_descriptor private_data_specifier="0x00000002"/>
      <generic_descriptor tag="0xB2">
        00 FF E0 02
      </generic_descriptor>
    </service>
  </SDT>
  <SDT version="29" current="true" transport_stream_id="0x251C" original_network_id="0xFBFF" actual="false">
    <!-- PID 0x0011 (17), first TS packet: 101,886, last: 109,250 -->
    <service service_id="0x2C26" EIT_schedule="true" EIT_present_following="false" CA_mode="true" running_status="running">
      <service_descriptor service_type="0x01" service_provider_name="SkyItalia" service_name="Documentari HD"/>
      <country_availability_descriptor country_availability="true">
        <country country_code="ITA"/>
      </country_availability_descriptor>
      <private_data_specifier_descriptor private_data_specifier="0x00000002"/>
      <generic_descriptor tag="0xB2">
        1C C1 80 02
      </generic_descriptor>
    </service>
    <service service_id="0x2C28" EIT_schedule="true" EIT_present_following="false" CA_mode="true" running_status="running">
      <service_descriptor service_type="0x01" service_provider_name="SkyItalia" service_name="myDeejay"/>
      <country_availability_descriptor country_availability="true">
        <country country_code="ITA"/>
      </country_availability_descriptor>
      <private_data_specifier_descriptor private_data_specifier="0x00000002"/>
      <generic_descriptor tag="0xB2">
        1C C1 D1 5F 21 65 74 FE C5 6E 9C B6 2A 97 13 65
        3C 1E 8F 4F 0F EF F6 98 77 74 91 73 8D 8A 2C 1D
        76 D8 7A 06 91 74 B9 AD F4 59 E9 FC FF 45 81 E9
        DD E8 A2 F6 A2 8C 66 65 2D 87 F3 FC 8A 7B C8 49
        07 AF EB CD 20 93 93 9B DD 24 E4 C2
      </generic_descriptor>
    </service>
    <service service_id="0x2C29" EIT_schedule="true" EIT_present_following="false" CA_mode="true" running_status="running">
      <country_availability_descriptor country_availability="true">
        <country country_code="ITA"/>
      </country_availability_descriptor>
      <private_data_specifier_descriptor private_data_specifier="0x00000002"/>
      <service_descriptor service_type="0x82" service_provider_name="SkyItalia" service_name="ITV_TRIAL_95"/>
      <generic_descriptor tag="0xB2">
        1C 41 30 02
      </generic_descriptor>
    </service>
    <service service_id="0x2C2A" EIT_schedule="true" EIT_present_following="false" CA_mode="true" running_status="running">
      <service_descriptor service_type="0x01" service_provider_name="SkyItalia" service_name="ClassTvModa"/>
      <country_availability_descriptor country_availability="true">
        <country country_code="ITA"/>
      </country_availability_descriptor>
      <private_data_specifier_descriptor private_data_specifier="0x00000002"/>
      <generic_descriptor tag="0xB2">
        1C C0 30 02
      </generic_descriptor>
    </service>
    <service service_id="0x2C2B" EIT_schedule="true" EIT_present_following="false" CA_mode="true" running_status="running">
      <service_descriptor service_type="0x19" service_provider_name="SkyItalia" service_name="Documentari HD"/>
      <country_availability_descriptor country_availability="true">
        <country country_code="ITA"/>
      </country_availability_descriptor>
      <private_data_specifier_descriptor private_data_specifier="0x00000002"/>
      <generic_descriptor tag="0xB2">
        1C C1 80 02
      </generic_descriptor>
    </service>
    <service service_id="0x2C2D" EIT_schedule="true" EIT_present_following="false" CA_mode="true" running_status="running">
      <service_descriptor service_type="0x01" service_provider_name="SkyItalia" service_name="Sport HD"/>
      <country_availability_descriptor country_availability="true">
        <country country_code="ITA"/>
      </country_availability_descriptor>
      <private_data_specifier_descriptor private_data_specifier="0x00000002"/>
      <generic_descriptor tag="0xB2">
        1C C1 40 02
      </generic_descriptor>
    </service>
    <service service_id="0x2C2E" EIT_schedule="true" EIT_present_following="false" CA_mode="true" running_status="running">
      <service_descriptor service_type="0x01" service_provider_name="SkyItalia" service_name="Baby TV"/>
      <country_availability_descriptor country_availability="true">
        <country country_code="ITA"/>
      </country_availability_descriptor>
      <private_data_specifier_descriptor private_data_specifier="0x00000002"/>
      <generic_descriptor tag="0xB2">
        1C 41 D1 3F 31 33 9E DF 5B A7 C8 4B 54 DD 6F BF
        67 A7 92 8A 3D 7E FD 81 E7 FB E9 5C 5F DC 67 FA
        2D 31 EC 83 DF E2 88 5B 79 DC FF A3 9C 53 F7 87
        F1 70 EA 16 9D FC 3F 9A 34 2F 36 C3 F9 FE 45 3D
        E4 24 83 D7 F5 E6 90 49 C9 CD EE 92 72 61
      </generic_descriptor>
    </service>
    <service service_id="0x2C2F" EIT_schedule="true" EIT_present_following="false" CA_mode="true" running_status="running">
      <service_descriptor service_type="0x01" service_provider_name="SkyItalia" service_name="Sky Calcio Info"/>
      <country_availability_descriptor country_availability="true">
        <country country_code="ITA"/>
      </country_availability_descriptor>
      <private_data_specifier_descriptor private_data_specifier="0x00000002"/>
      <generic_descriptor tag="0xB2">
        1C C1 51 7F 02
      </generic_descriptor>
    </service>
    <service service_id="0x2C31" EIT_schedule="true" EIT_present_following="false" CA_mode="true" running_status="running">
      <service_descriptor service_type="0x01" service_provider_name="SkyItalia" service_name="DeAJunior"/>
      <country_availability_descriptor country_availability="true">
        <country country_code="ITA"/>
      </country_availability_descriptor>
      <private_data_specifier_descriptor private_data_specifier="0x00000002"/>
      <generic_descriptor tag="0xB2">
        1C 41 D1 3F 31 33 9E DF 5B A7 C8 4B 54 DD 6F BF
        67 A7 92 8A 3D 7E FD 81 E7 FB E9 5C 5F DC 67 FA
        2D 31 EC 83 DF E2 88 5B 79 DC FF A3 9C 53 F7 87
        F1 70 EA 16 9D FC 3F 9A 34 2F 36 C3 F9 FE 45 3D
        E4 24 83 D7 F5 E6 90 49 C9 CD EE 92 72 61
      </generic_descriptor>
    </service>
    <service service_id="0x2C32" EIT_schedule="true" EIT_present_following="false" CA_mode="true" running_status="running">
      <service_descriptor service_type="0x19" service_provider_name="SkyItalia" service_name="Bambini HD"/>
      <country_availability_descriptor country_availability="true">
        <country country_code="ITA"/>
      </country_availability_descriptor>
      <private_data_specifier_descriptor private_data_specifier="0x00000002"/>
      <generic_descriptor tag="0xB2">
        1C C1 C1 3F 02
      </generic_descriptor>
    </service>
    <service service_id="0x2C34" EIT_schedule="true" EIT_present_following="false" CA_mode="true" running_status="running">
      <service_descriptor service_type="0x01" service_provider_name="SkyItalia" service_name="DMAX"/>
      <country_availability_descriptor country_availability="true">
        <country country_code="ITA"/>
      </country_availability_descriptor>
      <private_data_specifier_descriptor private_data_specifier="0x00000002"/>
      <linkage_descriptor transport_stream_id="0x0204" original_network_id="0x001D" service_id="0x0032" linkage_type="0x9A">
        <private_data>
          15 32 00 44 4D 41 58
        </private_data>
      </linkage_descriptor>
      <generic_descriptor tag="0xB2">
        1C 40 30 02
      </generic_descriptor>
    </service>
    <service service_id="0x2C37" EIT_schedule="true" EIT_present_following="false" CA_mode="true" running_status="running">
      <service_descriptor service_type="0x01" service_provider_name="SkyItalia" service_name="Mosaico Bambini"/>
      <country_availability_descriptor country_availability="true">
        <country country_code="ITA"/>
      </country_availability_descriptor>
      <private_data_specifier_descriptor private_data_specifier="0x00000002"/>
      <generic_descriptor tag="0xB2">
        1C 61 D1 3F 02
      </generic_descriptor>
    </service>
    <service service_id="0x2C38" EIT_schedule="true" EIT_present_following="false" CA_mode="true" running_status="running">
      <service_descriptor service_type="0x01" service_provider_name="SkyItalia" service_name="Nickelodeon"/>
      <country_availability_descriptor country_availability="true">
        <country country_code="ITA"/>
      </country_availability_descriptor>
      <private_data_specifier_descriptor private_data_specifier="0x00000002"/>
      <generic_descriptor tag="0xB2">
        1C 41 D1 3F 31 33 9E DF 5B A7 C8 4B 54 DD 6F BF
        67 A7 92 8A 3D 7E FD 81 E7 FB E9 5C 5F DC 67 FA
        2D 31 EC 83 DF E2 88 5B 79 DC FF A3 9C 53 F7 87
        F1 70 EA 16 9D FC 3F 9A 34 2F 36 C3 F9 FE 45 3D
        E4 24 83 D7 F5 E6 90 49 C9 CD EE 92 72 61
      </generic_descriptor>
    </service>
    <service service_id="0x2C39" EIT_schedule="true" EIT_present_following="false" CA_mode="true" running_status="running">
      <service_descriptor service_type="0x01" service_provider_name="SkyItalia" service_name="Intrattenim. HD"/>
      <country_availability_descriptor country_availability="true">
        <country country_code="ITA"/>
      </country_availability_descriptor>
      <private_data_specifier_descriptor private_data_specifier="0x00000002"/>
      <generic_descriptor tag="0xB2">
        1C C1 20 02
      </generic_descriptor>
    </service>
    <service service_id="0x2C3A" EIT_schedule="true" EIT_present_following="false" CA_mode="true" running_status="running">
      <service_descriptor service_type="0x01" service_provider_name="SkyItalia" service_name="Discovery +1"/>
      <country_availability_descriptor country_availability="true">
        <country country_code="ITA"/>
      </country_availability_descriptor>
      <private_data_specifier_descriptor private_data_specifier="0x00000002"/>
      <generic_descriptor tag="0xB2">
        1C 41 90 31 33 9E DF 5B A4 58 86 5C 5B 16 3D 90
        7B FC 51 0B 02 0E 46 AE 6B F8 37 FF 4E DF F0 78
        DB 4F 6B 9B 97 8C 31 FE 0F 36 C3 F9 FE 45 3D E4
        24 83 D7 F5 E6 90 49 C9 CD EE 92 72 68
      </generic_descriptor>
    </service>
    <service service_id="0x2C3D" EIT_schedule="true" EIT_present_following="false" CA_mode="true" running_status="running">
      <service_descriptor service_type="0x19" service_provider_name="SkyItalia" service_name="News HD"/>
      <country_availability_descriptor country_availability="true">
        <country country_code="ITA"/>
      </country_availability_descriptor>
      <private_data_specifier_descriptor private_data_specifier="0x00000002"/>
      <generic_descriptor tag="0xB2">
        1C C1 A0 02
      </generic_descriptor>
    </service>
    <service service_id="0x2C41" EIT_schedule="true" EIT_present_following="false" CA_mode="true" running_status="running">
      <service_descriptor service_type="0x01" service_provider_name="SkyItalia" service_name="Sky 3D"/>
      <country_availability_descriptor country_availability="true">
        <country country_code="ITA"/>
      </country_availability_descriptor>
      <private_data_specifier_descriptor private_data_specifier="0x00000002"/>
      <generic_descriptor tag="0xB2">
        1C C1 20 02
      </generic_descriptor>
    </service>
    <service service_id="0x2C43" EIT_schedule="true" EIT_present_following="false" CA_mode="true" running_status="running">
      <service_descriptor service_type="0x01" service_provider_name="SkyItalia" service_name="News HD"/>
      <country_availability_descriptor country_availability="true">
        <country country_code="ITA"/>
      </country_availability_descriptor>
      <private_data_specifier_descriptor private_data_specifier="0x00000002"/>
      <generic_descriptor tag="0xB2">
        1C C1 A0 02
      </generic_descriptor>
    </service>
    <service service_id="0x2C45" EIT_schedule="true" EIT_present_following="false" CA_mode="true" running_status="running">
      <service_descriptor service_type="0x01" service_provider_name="SkyItalia" service_name="Cinema HD"/>
      <country_availability_descriptor country_availability="true">
        <country country_code="ITA"/>
      </country_availability_descriptor>
      <private_data_specifier_descriptor private_data_specifier="0x00000002"/>
      <generic_descriptor tag="0xB2">
        1C C1 60 02
      </generic_descriptor>
    </service>
    <service service_id="0x2C46" EIT_schedule="true" EIT_present_following="false" CA_mode="true" running_status="running">
      <service_descriptor service_type="0x19" service_provider_name="SkyItalia" service_name="Cinema HD"/>
      <country_availability_descriptor country_availability="true">
        <country country_code="ITA"/>
      </country_availability_descriptor>
      <private_data_specifier_descriptor private_data_specifier="0x00000002"/>
      <generic_descriptor tag="0xB2">
        1C C1 60 02
      </generic_descriptor>
    </service>
    <service service_id="0x2C4C" EIT_schedule="true" EIT_present_following="false" CA_mode="true" running_status="running">
      <service_descriptor service_type="0x01" service_provider_name="SkyItalia" service_name="Primafila HD"/>
      <country_availability_descriptor country_availability="true">
        <country country_code="ITA"/>
      </country_availability_descriptor>
      <private_data_specifier_descriptor private_data_specifier="0x00000002"/>
      <generic_descriptor tag="0xB2">
        1C C1 60 02
      </generic_descriptor>
    </service>
    <service service_id="0x2C4D" EIT_schedule="true" EIT_present_following="false" CA_mode="true" running_status="running">
      <service_descriptor service_type="0x19" service_provider_name="SkyItalia" service_name="Primafila HD"/>
      <country_availability_descriptor country_availability="true">
        <country country_code="ITA"/>
      </country_availability_descriptor>
      <private_data_specifier_descriptor private_data_specifier="0x00000002"/>
      <generic_descriptor tag="0xB2">
        1C C1 60 02
      </generic_descriptor>
    </service>
    <service service_id="0x2C4F" EIT_schedule="true" EIT_present_following="false" CA_mode="true" running_status="running">
      <service_descriptor service_type="0x01" service_provider_name="SkyItalia" service_name="Boomerang +1"/>
      <country_availability_descriptor country_availability="true">
        <country country_code="ITA"/>
      </country_availability_descriptor>
      <private_data_specifier_descriptor private_data_specifier="0x00000002"/>
      <generic_descriptor tag="0xB2">
        1C 41 D1 3F 31 33 9E DF 5B A7 C8 4B 54 DD 6F BF
        67 A7 92 8A 3D 7E FD 81 E7 FB E9 5C 5F DC 67 FA
        2D 31 EC 83 DF E2 88 5B 79 DC FF A3 9C 53 F7 87
        F1 70 EA 16 9D FC 3F 9A 34 2F 36 C3 F9 FE 45 3D
        E4 24 83 D7 F5 E6 90 49 C9 CD EE 92 72 61
      </generic_descriptor>
    </service>
    <service service_id="0x2C52" EIT_schedule="true" EIT_present_following="false" CA_mode="true" running_status="running">
      <service_descriptor service_type="0x19" service_provider_name="SkyItalia" service_name="Sport HD"/>
      <country_availability_descriptor country_availability="true">
        <country country_code="ITA"/>
      </country_availability_descriptor>
      <private_data_specifier_descriptor private_data_specifier="0x00000002"/>
      <generic_descriptor tag="0xB2">
        1C C1 40 02
      </generic_descriptor>
    </service>
    <service service_id="0x2C5B" EIT_schedule="true" EIT_present_following="false" CA_mode="true" running_status="running">
      <service_descriptor service_type="0x01" service_provider_name="SkyItalia" service_name="Cartoon +1"/>
      <country_availability_descriptor country_availability="true">
        <country country_code="ITA"/>
      </country_availability_descriptor>
      <private_data_specifier_descriptor private_data_specifier="0x00000002"/>
      <generic_descriptor tag="0xB2">
        1C 41 D1 3F 31 33 9E DF 5B A7 C8 4B 54 DD 6F BF
        67 A7 92 8A 3D 7E FD 81 E7 FB E9 5C 5F DC 67 FA
        2D 31 EC 83 DF E2 88 5B 79 DC FF A3 9C 53 F7 87
        F1 70 EA 16 9D FC 3F 9A 34 2F 36 C3 F9 FE 45 3D
        E4 24 83 D7 F5 E6 90 49 C9 CD EE 92 72 61
      </generic_descriptor>
    </service>
    <service service_id="0x2C63" EIT_schedule="true" EIT_present_following="false" CA_mode="true" running_status="running">
      <service_descriptor service_type="0x01" service_provider_name="SkyItalia" service_name="Mosaico Bambini"/>
      <country_availability_descriptor country_availability="true">
        <country country_code="ITA"/>
      </country_availability_descriptor>
      <private_data_specifier_descriptor private_data_specifier="0x00000002"/>
      <generic_descriptor tag="0xB2">
        1C C1 D1 3F 02
      </generic_descriptor>
    </service>
    <service service_id="0x2C64" EIT_schedule="true" EIT_present_following="false" CA_mode="true" running_status="running">
      <country_availability_descriptor country_availability="true">
        <country country_code="ITA"/>
      </country_availability_descriptor>
      <private_data_specifier_descriptor private_data_specifier="0x00000002"/>
      <service_descriptor service_type="0x82" service_provider_name="SkyItalia" service_name="Mosaico Bambini"/>
      <generic_descriptor tag="0xB2">
        1C 41 D1 5F 0C E7 9F DC F5 3A BB 5B FF 7A 39 C9
        3F 73 DB EB 74 EA 72 5E 4B CC 64 D8 08 5C F3 6C
        24 F4 EE F4 51 79 FD CF 0B 62 DE 3C FF A2 CB CC
        F4 C6 3C F2 5E 44
      </generic_descriptor>
    </service>
    <service service_id="0x2C66" EIT_schedule="true" EIT_present_following="false" CA_mode="true" running_status="running">
      <country_availability_descriptor country_availability="true">
        <country country_code="ITA"/>
      </country_availability_descriptor>
      <private_data_specifier_descriptor private_data_specifier="0x00000002"/>
      <service_descriptor service_type="0x90" service_provider_name="SkyItalia" service_name="Mosaico Bambini"/>
      <generic_descriptor tag="0xB2">
        1C 41 D1 5F 0C E7 9F DC F5 3A BB 5B FF 7A 39 C9
        3F 73 DB EB 74 EA 72 5E 4B CC 64 D8 08 5C F3 6C
        24 F4 EE F4 51 79 FD CF 0B 62 DE 3C FF A2 CB CC
        F4 C6 3C F2 5E 44
      </generic_descriptor>
    </service>
    <service service_id="0x2C67" EIT_schedule="true" EIT_present_following="false" CA_mode="true" running_status="running">
      <country_availability_descriptor country_availability="true">
        <country country_code="ITA"/>
      </country_availability_descriptor>
      <private_data_specifier_descriptor private_data_specifier="0x00000002"/>
      <service_descriptor service_type="0x82" service_provider_name="SkyItalia" service_name="MosKids1"/>
      <generic_descriptor tag="0xB2">
        1C 41 D1 5F 02
      </generic_descriptor>
    </service>
    <service service_id="0x2C69" EIT_schedule="true" EIT_present_following="false" CA_mode="true" running_status="running">
      <country_availability_descriptor country_availability="true">
        <country country_code="ITA"/>
      </country_availability_descriptor>
      <private_data_specifier_descriptor private_data_specifier="0x00000002"/>
      <service_descriptor service_type="0x82" service_provider_name="SkyItalia" service_name="MosKids1"/>
      <generic_descriptor tag="0xB2">
        1C 41 D1 5F 02
      </generic_descriptor>
    </service>
    <service service_id="0x2C6B" EIT_schedule="true" EIT_present_following="false" CA_mode="true" running_status="running">
      <service_descriptor service_type="0x19" service_provider_name="SkyItalia" service_name="Intrattenim. HD"/>
      <country_availability_descriptor country_availability="true">
        <country country_code="ITA"/>
      </country_availability_descriptor>
      <private_data_specifier_descriptor private_data_specifier="0x00000002"/>
      <generic_descriptor tag="0xB2">
        1C C1 20 02
      </generic_descriptor>
    </service>
    <service service_id="0x2C75" EIT_schedule="true" EIT_present_following="false" CA_mode="true" running_status="running">
      <service_descriptor service_type="0x01" service_provider_name="SkyItalia" service_name="Bambini HD"/>
      <country_availability_descriptor country_availability="true">
        <country country_code="ITA"/>
      </country_availability_descriptor>
      <private_data_specifier_descriptor private_data_specifier="0x00000002"/>
      <generic_descriptor tag="0xB2">
        1C C1 C1 3F 02
      </generic_descriptor>
    </service>
    <service service_id="0x2C76" EIT_schedule="true" EIT_present_following="false" CA_mode="true" running_status="running">
      <service_descriptor service_type="0x01" service_provider_name="SkyItalia" service_name="Calcio HD"/>
      <country_availability_descriptor country_availability="true">
        <country country_code="ITA"/>
      </country_availability_descriptor>
      <private_data_specifier_descriptor private_data_specifier="0x00000002"/>
      <generic_descriptor tag="0xB2">
        1C C1 41 7F 02
      </generic_descriptor>
    </service>
    <service service_id="0x2C77" EIT_schedule="true" EIT_present_following="false" CA_mode="true" running_status="running">
      <service_descriptor service_type="0x19" service_provider_name="SkyItalia" service_name="Calcio HD"/>
      <country_availability_descriptor country_availability="true">
        <country country_code="ITA"/>
      </country_availability_descriptor>
      <private_data_specifier_descriptor private_data_specifier="0x00000002"/>
      <generic_descriptor tag="0xB2">
        1C C1 41 7F 02
      </generic_descriptor>
    </service>
    <service service_id="0x2C7E" EIT_schedule="false" EIT_present_following="false" CA_mode="true" running_status="running">
      <private_data_specifier_descriptor private_data_specifier="0x00000002"/>
      <service_descriptor service_type="0xFB" service_provider_name="SkyItalia" service_name="Fusion BGDL 11390"/>
      <generic_descriptor tag="0xB2">
        00 41 10 02
      </generic_descriptor>
    </service>
    <service service_id="0x2C7F" EIT_schedule="false" EIT_present_following="false" CA_mode="true" running_status="running">
      <country_availability_descriptor country_availability="true">
        <country country_code="ITA"/>
      </country_availability_descriptor>
      <private_data_specifier_descriptor private_data_specifier="0x00000002"/>
      <service_descriptor service_type="0xFA" service_provider_name="SkyItalia" service_name="XDOME"/>
      <generic_descriptor tag="0xB2">
        00 41 10 02
      </generic_descriptor>
    </service>
    <service service_id="0x2C87" EIT_schedule="false" EIT_present_following="false" CA_mode="true" running_status="running">
      <country_availability_descriptor country_availability="true">
        <country country_code="ITA"/>
      </country_availability_descriptor>
      <private_data_specifier_descriptor private_data_specifier="0x00000002"/>
      <service_descriptor service_type="0x83" service_provider_name="SkyItalia" service_name="IEPG Data"/>
      <generic_descriptor tag="0xB2">
        00 41 10 02
      </generic_descriptor>
    </service>
  </SDT>
  <SDT version="28" current="true" transport_stream_id="0x0190" original_network_id="0x013E" actual="false">
    <!-- PID 0x0011 (17), first TS packet: 109,570, last: 109,570 -->
  </SDT>
  <SDT version="28" current="true" transport_stream_id="0x1964" original_network_id="0x013E" actual="false">
    <!-- PID 0x0011 (17), first TS packet: 110,548, last: 110,548 -->
    <service service_id="0x01E7" EIT_schedule="false" EIT_present_following="false" CA_mode="true" running_status="running">
      <service_descriptor service_type="0x01" service_provider_name="SkyItalia" service_name="RT Doc"/>
      <country_availability_descriptor country_availability="true">
        <country country_code="ITA"/>
      </country_availability_descriptor>
      <private_data_specifier_descriptor private_data_specifier="0x00000002"/>
      <generic_descriptor tag="0xB2">
        00 4F E0 02
      </generic_descriptor>
    </service>
  </SDT>
</tsduck>
