<?xml version="1.0" encoding="UTF-8"?>
<tsduck>
  <PMT version="0" current="true" service_id="0x0000">
    <private_data_specifier_descriptor private_data_specifier="eacem"/>
    <eacem_stream_identifier_descriptor version_byte="0x04"/>
    <eacem_preferred_name_identifier_descriptor name_id="0x27"/>
    <eacem_preferred_name_list_descriptor/>
    <eacem_preferred_name_list_descriptor>
      <language code="deu">
        <name name_id="0x01" name="für uns"/>
        <name name_id="0x02" name="Große Kanal"/>
      </language>
      <language code="esp">
        <name name_id="0xBD" name="Mañana"/>
      </language>
      <language code="fre"/>
    </eacem_preferred_name_list_descriptor>
  </PMT>
</tsduck>
