<?xml version="1.0" encoding="UTF-8"?>
<tsduck>
  <splice_information_table protocol_version="0" pts_adjustment="880,882,211" tier="0x0FFF">
    <metadata PID="19"/>
    <splice_insert splice_event_id="0x62001C7E" splice_event_cancel="false" out_of_network="true" splice_immediate="false" unique_program_id="0x0000" avail_num="0" avails_expected="0" pts_time="7,965,436,329">
      <break_duration auto_return="true" duration="5,400,000"/>
    </splice_insert>
  </splice_information_table>
</tsduck>
