<?xml version="1.0" encoding="UTF-8"?>
<tsduck>
  <NIT version="0" current="true" network_id="0x0000" actual="true">
    <metadata PID="16"/>
    <transport_stream transport_stream_id="0x0438" original_network_id="0x0001" preferred_section="0">
      <service_list_descriptor>
        <service service_id="0x2261" service_type="0x19"/>
        <service service_id="0x2262" service_type="0x19"/>
        <service service_id="0x2263" service_type="0x19"/>
        <service service_id="0x2264" service_type="0x19"/>
        <service service_id="0x2265" service_type="0x19"/>
        <service service_id="0x2266" service_type="0x19"/>
        <service service_id="0x2267" service_type="0x19"/>
        <service service_id="0x2268" service_type="0x19"/>
        <service service_id="0x2269" service_type="0x19"/>
        <service service_id="0x226A" service_type="0x19"/>
        <service service_id="0x22C3" service_type="0x0C"/>
      </service_list_descriptor>
    </transport_stream>
  </NIT>
</tsduck>
