<?xml version="1.0" encoding="UTF-8"?>
<tsduck>
  <AIT version="0" current="true" test_application_flag="false" application_type="0x0001">
    <!-- PID 0x1EC6 (7878) -->
    <application control_code="0x01">
      <application_identifier organisation_id="0x0000000B" application_id="0x1AB6"/>
      <transport_protocol_descriptor/>
      <generic_descriptor tag="0x00">
        05 00 01 01 00 02 FF 3C 01
      </generic_descriptor>
      <application_name_descriptor>
        <language code="eng" application_name="Launcher SAT"/>
      </application_name_descriptor>
      <dvb_j_application_descriptor/>
      <dvb_j_application_location_descriptor base_directory="/" classpath_extension="" initial_class="bd.BDXlet"/>
    </application>
  </AIT>
</tsduck>
