<?xml version="1.0" encoding="UTF-8"?>
<tsduck>
  <EIT type="pf" version="0" current="true" actual="true" service_id="0x0101" transport_stream_id="0x0111" original_network_id="0x20CB" last_table_id="0x4E">
    <!-- PID 0x0012 (18) -->
    <event event_id="0x4B2B" start_time="2019-01-19 19:00:00" duration="01:10:50" running_status="running" CA_mode="false">
      <short_event_descriptor language_code="cze">
        <event_name>Zázraky přírody</event_name>
        <text>Zábavná show, kde největší hvězdou je příroda sama. Moderátoři Maroš Kramár a Vladimír Kořen vás provedou pořadem, u kterého se budete divit, žasnout a bavit. Dále účinkují: V. Postránecký, M. David,</text>
      </short_event_descriptor>
      <extended_event_descriptor descriptor_number="0" last_descriptor_number="2" language_code="cze">
        <text>J. Čenský a I. M. Zangi. Režie A. Rezek.
HDTV
Zvukový popis
Skryté titulky
Velká zábavná show, ve které nic není nemožné. Svou pohotovost tentokrát otestuje Václav Postránecký, Michal David, Jan </text>
        <item>
          <description>Žánr</description>
          <name>zábavný/ soutěžní pořad</name>
        </item>
      </extended_event_descriptor>
      <extended_event_descriptor descriptor_number="1" last_descriptor_number="2" language_code="cze">
        <text>Čenský a Imran Musa Zangi. Zkusili jsme prověřit jeden známý přírodní mýtus a vydali jsme se na daleké cesty do exotiky. Podíváme se i na malá vydří sedmerčata a ochutnáme nejdražší a nejsmrdutější ovoce na světě. Oba moder</text>
      </extended_event_descriptor>
      <extended_event_descriptor descriptor_number="2" last_descriptor_number="2" language_code="cze">
        <text>átoři vyrazili na řeku za rybáři, ale v jejich případě rozhodně nešlo o tichý a klidný sport. Těšte se na zábavný souboj se pstruhy.</text>
      </extended_event_descriptor>
      <content_descriptor>
        <content content_nibble_level_1="3" content_nibble_level_2="0" user_byte="0x00"/>
      </content_descriptor>
      <parental_rating_descriptor>
        <country country_code="CZE" rating="0x00"/>
      </parental_rating_descriptor>
      <PDC_descriptor programme_identification_label="01-19 20:00"/>
      <component_descriptor stream_content="0x01" stream_content_ext="0x0F" component_type="0x03" component_tag="0x01" language_code="cze" text=""/>
      <component_descriptor stream_content="0x02" stream_content_ext="0x0F" component_type="0x03" component_tag="0x02" language_code="cze" text=""/>
      <component_descriptor stream_content="0x02" stream_content_ext="0x0F" component_type="0x40" component_tag="0x07" language_code="cze" text=""/>
      <component_descriptor stream_content="0x03" stream_content_ext="0x0F" component_type="0x01" component_tag="0x04" language_code="cze" text=""/>
      <component_descriptor stream_content="0x03" stream_content_ext="0x0F" component_type="0x02" component_tag="0x04" language_code="cze" text=""/>
    </event>
    <event event_id="0x4B60" start_time="2019-01-19 20:10:50" duration="01:42:50" running_status="not-running" CA_mode="false">
      <short_event_descriptor language_code="cze">
        <event_name>Hotel Sacher, Sacher. In bester Gesellschaft, Das</event_name>
        <text>1/2 Vítejte v dobré společnosti. Německo-rakouský dvoudílný film o věhlasném vídeňském hotelu, jeho ředitelce i prominentních hostech (2016). Hrají: U. Straussová, J. Preussová,</text>
      </short_event_descriptor>
      <extended_event_descriptor descriptor_number="0" last_descriptor_number="7" language_code="cze">
        <text>J. Koschitzová, Peter Simonischek a další. Režie Robert Dornhelm.
HDTV
2 jazykové verze
Skryté titulky
Legendární hotel, který dodnes platí za synonymum vídeňského životního stylu, je dějištěm mnoho</text>
        <item>
          <description>Žánr</description>
          <name>film / dramatický pořad</name>
        </item>
      </extended_event_descriptor>
      <extended_event_descriptor descriptor_number="1" last_descriptor_number="7" language_code="cze">
        <text>vrstevnatého společenského dramatu. Vyprávění, které splétá několik dějových linií, v sobě současně spojuje prvky melodramatu, krimi, thrilleru a morálního dramatu, zatímco prostřednictvím životních osudů reálných i fiktivn</text>
      </extended_event_descriptor>
      <extended_event_descriptor descriptor_number="2" last_descriptor_number="7" language_code="cze">
        <text>ích postav vykresluje jednak blyštivý svět smetánky, ale také společenské proměny na konci Rakouska-Uherska. Německo-rakouský dvoudílný televizní film je zasazený do doby kolem roku 1900, kdy vedení hotelu po zesnulém manželovi Edu</text>
      </extended_event_descriptor>
      <extended_event_descriptor descriptor_number="3" last_descriptor_number="7" language_code="cze">
        <text>ardovi převzala Anna Sacherová a udělala z něj místo, kde se setkávala dobová elita. Zatímco se schyluje k oslavám přelomu století, rozvíjí se milostný mnohoúhelník mezi dvěma páry z vyšší společnosti, které se v hotelu potká</text>
      </extended_event_descriptor>
      <extended_event_descriptor descriptor_number="4" last_descriptor_number="7" language_code="cze">
        <text>vají, a policie vyšetřuje únos nemanželské dcery pradleny z hotelu. 

----------  díl 1  ----------

V noci, kdy umírá hoteliér Eduard Sacher, dojde také k únosu jedenáctileté Marie, nemanželské dcery pradleny z hotelu Sacher. Dívka</text>
      </extended_event_descriptor>
      <extended_event_descriptor descriptor_number="5" last_descriptor_number="7" language_code="cze">
        <text> je následně uvězněna v katakombách pod nedalekou budovou Vídeňské státní opery. Zatímco její osud zůstává nejasný, nahoře jde život dál. Po zesnulém manželovi přebírá vedení hotelu jeho žena Anna, ale čeká ji mnoho výze</text>
      </extended_event_descriptor>
      <extended_event_descriptor descriptor_number="6" last_descriptor_number="7" language_code="cze">
        <text>v, aby pozici hotelu udržela vůči konkurenci ve společenském klimatu, které zrovna nepřeje ženám v pozicích tradičně ovládaných muži. V hotelu se mezitím potká mladá kněžna Konstanze von Traunstein s berlínskou vydavatelkou Mart</text>
      </extended_event_descriptor>
      <extended_event_descriptor descriptor_number="7" last_descriptor_number="7" language_code="cze">
        <text>hou Aderholdovou. Jejich přátelství ale začne ohrožovat románek Konstanze s Marthiným manželem, neúspěšným spisovatelem Maximilianem. A jakou má kníže Hans-Georg von Traunstein spojitost se zmizením malé Marie?</text>
      </extended_event_descriptor>
      <content_descriptor>
        <content content_nibble_level_1="1" content_nibble_level_2="0" user_byte="0x00"/>
      </content_descriptor>
      <parental_rating_descriptor>
        <country country_code="CZE" rating="0x00"/>
      </parental_rating_descriptor>
      <PDC_descriptor programme_identification_label="01-19 21:15"/>
      <component_descriptor stream_content="0x01" stream_content_ext="0x0F" component_type="0x03" component_tag="0x01" language_code="cze" text=""/>
      <component_descriptor stream_content="0x02" stream_content_ext="0x0F" component_type="0x04" component_tag="0x02" language_code="cze" text=""/>
      <component_descriptor stream_content="0x03" stream_content_ext="0x0F" component_type="0x01" component_tag="0x04" language_code="cze" text=""/>
      <component_descriptor stream_content="0x03" stream_content_ext="0x0F" component_type="0x02" component_tag="0x04" language_code="cze" text=""/>
    </event>
  </EIT>
  <EIT type="pf" version="3" current="true" actual="true" service_id="0x0102" transport_stream_id="0x0111" original_network_id="0x20CB" last_table_id="0x4E">
    <!-- PID 0x0012 (18) -->
    <event event_id="0x4B4D" start_time="2019-01-19 19:50:50" duration="00:49:10" running_status="running" CA_mode="false">
      <short_event_descriptor language_code="cze">
        <event_name>Babylon Berlín, Babylon Berlin</event_name>
        <text>2/16 Komisař Rath vyšetřuje propletené zločiny v meziválečném Berlíně, kterým otřásají politické protesty, ekonomická krize i nespoutané večírky. Výpravný německý seriál (2017). Hrají: V.</text>
      </short_event_descriptor>
      <extended_event_descriptor descriptor_number="0" last_descriptor_number="5" language_code="cze">
        <text>Bruch, P. Kurth, L. L. Fries, M. Brandt, J. Hain, L. Benesch a další. Režie: Tom Tykwer, Henk Handloegten a Achim von Borries.
HDTV
2 jazykové verze
Skryté titulky
Gereon Rat</text>
        <item>
          <description>Repríza</description>
          <name>ČT2 23.1. 0:20</name>
        </item>
        <item>
          <description>Žánr</description>
          <name>detektivka / krimi / thriler</name>
        </item>
        <item>
          <description>Věk</description>
          <name>15+</name>
        </item>
      </extended_event_descriptor>
      <extended_event_descriptor descriptor_number="1" last_descriptor_number="5" language_code="cze">
        <text>h pokračuje ve vyšetřování zmizení kompromitujícího pornografického snímku, jehož zveřejnění by mohlo mít zničující následky pro vysoce postavené státní představitele. Charlotte se zoufale snaží vydělat peníze, aby uživil</text>
      </extended_event_descriptor>
      <extended_event_descriptor descriptor_number="2" last_descriptor_number="5" language_code="cze">
        <text>a rodinu v chudinském Weddingu, a zároveň bojovat za sůj sen - stát se první kriminalistkou v historii Německé policie. K Berlínu se mezitím blíží vlak ze Sovětského svazu, jehož náklad má pomoci zvrátit chod světových dějin. 
</text>
      </extended_event_descriptor>
      <extended_event_descriptor descriptor_number="3" last_descriptor_number="5" language_code="cze">
        <text>
Mezinárodně oceněný výpravný seriál tvůrců Toma Tykwera (Lola běží o život, Parfém: Příběh vraha, Atlas mraků), Achima von Borriese a Henka Handloegtena je nejdražším televizním projektem německé historie a svou strhující </text>
      </extended_event_descriptor>
      <extended_event_descriptor descriptor_number="4" last_descriptor_number="5" language_code="cze">
        <text>atmosférou okouzlil diváky i filmovou kritiku. Je zasazen do Berlína roku 1929, kdy městem zmítaly politické nepokoje a hospodářská krize, ale i divoké večírky v kabaretech. V hlavních rolích uvidíme Volkera Bruche, známého z dramat</text>
      </extended_event_descriptor>
      <extended_event_descriptor descriptor_number="5" last_descriptor_number="5" language_code="cze">
        <text>u Válečná generace, Petera Kurtha, který se českým divákům představil například v titulní roli filmu Schmitke, Liv Lisu Fries, Matthiase Brandta či Leonie Benesch.</text>
      </extended_event_descriptor>
      <content_descriptor>
        <content content_nibble_level_1="1" content_nibble_level_2="1" user_byte="0x00"/>
      </content_descriptor>
      <parental_rating_descriptor>
        <country country_code="CZE" rating="0x0C"/>
      </parental_rating_descriptor>
      <PDC_descriptor programme_identification_label="01-19 20:50"/>
      <component_descriptor stream_content="0x01" stream_content_ext="0x0F" component_type="0x03" component_tag="0x01" language_code="cze" text=""/>
      <component_descriptor stream_content="0x02" stream_content_ext="0x0F" component_type="0x04" component_tag="0x02" language_code="cze" text=""/>
      <component_descriptor stream_content="0x03" stream_content_ext="0x0F" component_type="0x01" component_tag="0x04" language_code="cze" text=""/>
      <component_descriptor stream_content="0x03" stream_content_ext="0x0F" component_type="0x02" component_tag="0x04" language_code="cze" text=""/>
    </event>
    <event event_id="0x4B71" start_time="2019-01-19 20:40:00" duration="01:55:00" running_status="not-running" CA_mode="false">
      <short_event_descriptor language_code="cze">
        <event_name>Hon, Jagten</event_name>
        <text>Stačí jedna malá lež a nic už nebude jako dřív. Strhující dánské drama nominované na Oscara (2012). Hrají: M. Mikkelsen, T. B. Larsen, A. Wedderkoppová, L. Fogelstrom a další. Režie Thomas Vinterberg.</text>
      </short_event_descriptor>
      <extended_event_descriptor descriptor_number="0" last_descriptor_number="7" language_code="cze">
        <text>16:9
Skryté titulky
Čtyřicátník Lucas má za sebou rozvod a pracovní přeložení z postu učitele na vychovatele ve školce. Ale postupně se začíná upínat k optimistickým vyhlídkám, navíc m</text>
        <item>
          <description>Žánr</description>
          <name>film / drama pro dospělé</name>
        </item>
        <item>
          <description>Věk</description>
          <name>18+</name>
        </item>
      </extended_event_descriptor>
      <extended_event_descriptor descriptor_number="1" last_descriptor_number="7" language_code="cze">
        <text>á své dlouholeté přátele a v komunitě rodného maloměsta je oblíbený. Stačí ale jedna malá lež a vše začne brát za své. Kamarádství náhle nahlodává nejistota a zneklidnění, ale nikdo jakoby ani nechtěl slyšet Lucasovu verzi</text>
      </extended_event_descriptor>
      <extended_event_descriptor descriptor_number="2" last_descriptor_number="7" language_code="cze">
        <text>. Prohlubující se nedůvěra eskaluje do otevřené agresivity, ale Lucas se nehodlá vzdát a jde hlavou proti zdi. Intenzivně gradující drama naplňuje diváky svíravým napětím, zatímco bez příliš okatých schémat vykresluje nemilosr</text>
      </extended_event_descriptor>
      <extended_event_descriptor descriptor_number="3" last_descriptor_number="7" language_code="cze">
        <text>dnou štvanici na nevinného člověka, ale i jeho urputný boj za svou důstojnost. Hlavní roli bravurně ztvárnil Mads Mikkelsen, jenž byl za svůj výkon ověnčen řadou cen, mimo jiné i na prestižním mezinárodním festivalu v Cannes. Sn</text>
      </extended_event_descriptor>
      <extended_event_descriptor descriptor_number="4" last_descriptor_number="7" language_code="cze">
        <text>ímek Hon byl nominován na Oscara, Zlatý glóbus a na desítky dalších výročních cen. Dánský režisér Thomas Vinterberg začínal jako nadšený filmař osobitých žánrových mixů jako černohumorné roadmovie Největší hrdinové (199</text>
      </extended_event_descriptor>
      <extended_event_descriptor descriptor_number="5" last_descriptor_number="7" language_code="cze">
        <text>6), ale do povědomí diváků a kritiků se nejvíce zapsal snímkem Rodinná oslava z roku 1998, kterým jako první uvedl do praxe manifest Dogma 95, jenž formuloval spolu s Larsem von Trierem. Ačkoli koncept dokumentárně naturalistické form</text>
      </extended_event_descriptor>
      <extended_event_descriptor descriptor_number="6" last_descriptor_number="7" language_code="cze">
        <text>y pokračoval ještě řadu let, Vinterberg se ho sám záhy vzdal, když dostal možnost natáčet v Americe filmy Za všechno může láska a Můj miláček ráže 6,65. Po kariérním návratu do Dánska se dále věnoval komorním a intenzivně </text>
      </extended_event_descriptor>
      <extended_event_descriptor descriptor_number="7" last_descriptor_number="7" language_code="cze">
        <text>emocionálním příběhům obyčejných lidí jako v odlehčené satiře Když se muž vrací domů, ale i ve vypjatých dramatech jako Submarino či právě Hon.</text>
      </extended_event_descriptor>
      <content_descriptor>
        <content content_nibble_level_1="1" content_nibble_level_2="8" user_byte="0x00"/>
      </content_descriptor>
      <parental_rating_descriptor>
        <country country_code="CZE" rating="0x0F"/>
      </parental_rating_descriptor>
      <PDC_descriptor programme_identification_label="01-19 21:40"/>
      <component_descriptor stream_content="0x01" stream_content_ext="0x0F" component_type="0x01" component_tag="0x01" language_code="cze" text=""/>
      <component_descriptor stream_content="0x02" stream_content_ext="0x0F" component_type="0x03" component_tag="0x02" language_code="cze" text=""/>
      <component_descriptor stream_content="0x03" stream_content_ext="0x0F" component_type="0x01" component_tag="0x04" language_code="cze" text=""/>
      <component_descriptor stream_content="0x03" stream_content_ext="0x0F" component_type="0x02" component_tag="0x04" language_code="cze" text=""/>
    </event>
  </EIT>
  <EIT type="pf" version="23" current="true" actual="true" service_id="0x0103" transport_stream_id="0x0111" original_network_id="0x20CB" last_table_id="0x4E">
    <!-- PID 0x0012 (18) -->
    <event event_id="0x4B2D" start_time="2019-01-19 19:03:35" duration="00:56:25" running_status="running" CA_mode="false">
      <short_event_descriptor language_code="cze">
        <event_name>Hyde Park Civilizace</event_name>
        <text>Věda a současná civilizace. Interaktivní pořad - prostor pro vaše otázky a komentáře.</text>
      </short_event_descriptor>
      <extended_event_descriptor descriptor_number="0" last_descriptor_number="0" language_code="cze">
        <text>HDTV</text>
        <item>
          <description>Repríza</description>
          <name>ČT24 20.1. 0:10, ČT24 20.1. 11:05</name>
        </item>
        <item>
          <description>Žánr</description>
          <name>diskuze / rozhovor</name>
        </item>
      </extended_event_descriptor>
      <content_descriptor>
        <content content_nibble_level_1="2" content_nibble_level_2="4" user_byte="0x00"/>
      </content_descriptor>
      <parental_rating_descriptor>
        <country country_code="CZE" rating="0x00"/>
      </parental_rating_descriptor>
      <PDC_descriptor programme_identification_label="01-19 20:05"/>
      <component_descriptor stream_content="0x01" stream_content_ext="0x0F" component_type="0x03" component_tag="0x01" language_code="cze" text=""/>
      <component_descriptor stream_content="0x02" stream_content_ext="0x0F" component_type="0x03" component_tag="0x02" language_code="cze" text=""/>
      <component_descriptor stream_content="0x03" stream_content_ext="0x0F" component_type="0x02" component_tag="0x04" language_code="cze" text=""/>
    </event>
    <event event_id="0x4B55" start_time="2019-01-19 20:00:00" duration="00:05:00" running_status="not-running" CA_mode="false">
      <short_event_descriptor language_code="cze">
        <event_name>Zprávy</event_name>
        <text></text>
      </short_event_descriptor>
      <extended_event_descriptor descriptor_number="0" last_descriptor_number="0" language_code="cze">
        <text>HDTV
Zvukový popis
Skryté titulky</text>
        <item>
          <description>Žánr</description>
          <name>zprávy, počasí</name>
        </item>
      </extended_event_descriptor>
      <content_descriptor>
        <content content_nibble_level_1="2" content_nibble_level_2="1" user_byte="0x00"/>
      </content_descriptor>
      <parental_rating_descriptor>
        <country country_code="CZE" rating="0x00"/>
      </parental_rating_descriptor>
      <PDC_descriptor programme_identification_label="01-19 21:00"/>
      <component_descriptor stream_content="0x01" stream_content_ext="0x0F" component_type="0x03" component_tag="0x01" language_code="cze" text=""/>
      <component_descriptor stream_content="0x02" stream_content_ext="0x0F" component_type="0x03" component_tag="0x02" language_code="cze" text=""/>
      <component_descriptor stream_content="0x02" stream_content_ext="0x0F" component_type="0x40" component_tag="0x07" language_code="cze" text=""/>
      <component_descriptor stream_content="0x03" stream_content_ext="0x0F" component_type="0x02" component_tag="0x04" language_code="cze" text=""/>
    </event>
  </EIT>
  <EIT type="pf" version="28" current="true" actual="true" service_id="0x0104" transport_stream_id="0x0111" original_network_id="0x20CB" last_table_id="0x4E">
    <!-- PID 0x0012 (18) -->
    <event event_id="0x4B3C" start_time="2019-01-19 19:25:00" duration="01:44:10" running_status="running" CA_mode="false">
      <short_event_descriptor language_code="cze">
        <event_name>MS 2019 Německo, Dánsko, Házená: Dánsko - Maďarsko</event_name>
        <text>Živě. Přímý přenos utkání ze světového šampionátu v házené.</text>
      </short_event_descriptor>
      <extended_event_descriptor descriptor_number="0" last_descriptor_number="0" language_code="cze">
        <text>HDTV
Skryté titulky</text>
        <item>
          <description>Žánr</description>
          <name>sport</name>
        </item>
      </extended_event_descriptor>
      <content_descriptor>
        <content content_nibble_level_1="4" content_nibble_level_2="0" user_byte="0x00"/>
      </content_descriptor>
      <parental_rating_descriptor>
        <country country_code="CZE" rating="0x00"/>
      </parental_rating_descriptor>
      <PDC_descriptor programme_identification_label="01-19 20:25"/>
      <component_descriptor stream_content="0x01" stream_content_ext="0x0F" component_type="0x03" component_tag="0x01" language_code="cze" text=""/>
      <component_descriptor stream_content="0x02" stream_content_ext="0x0F" component_type="0x03" component_tag="0x02" language_code="cze" text=""/>
      <component_descriptor stream_content="0x03" stream_content_ext="0x0F" component_type="0x02" component_tag="0x04" language_code="cze" text=""/>
    </event>
    <event event_id="0x4B82" start_time="2019-01-19 21:05:48" duration="00:18:47" running_status="not-running" CA_mode="false">
      <short_event_descriptor language_code="cze">
        <event_name>Sportovní zprávy</event_name>
        <text>Živě. Aktuální informace ze světa sportu.</text>
      </short_event_descriptor>
      <extended_event_descriptor descriptor_number="0" last_descriptor_number="0" language_code="cze">
        <text>HDTV
Skryté titulky</text>
        <item>
          <description>Žánr</description>
          <name>sportovní magazín</name>
        </item>
      </extended_event_descriptor>
      <content_descriptor>
        <content content_nibble_level_1="4" content_nibble_level_2="2" user_byte="0x00"/>
      </content_descriptor>
      <parental_rating_descriptor>
        <country country_code="CZE" rating="0x00"/>
      </parental_rating_descriptor>
      <PDC_descriptor programme_identification_label="01-19 22:05"/>
      <component_descriptor stream_content="0x01" stream_content_ext="0x0F" component_type="0x03" component_tag="0x01" language_code="cze" text=""/>
      <component_descriptor stream_content="0x02" stream_content_ext="0x0F" component_type="0x03" component_tag="0x02" language_code="cze" text=""/>
      <component_descriptor stream_content="0x03" stream_content_ext="0x0F" component_type="0x02" component_tag="0x04" language_code="cze" text=""/>
    </event>
  </EIT>
  <EIT type="pf" version="11" current="true" actual="true" service_id="0x0108" transport_stream_id="0x0111" original_network_id="0x20CB" last_table_id="0x4E">
    <!-- PID 0x0012 (18) -->
    <event event_id="0x4B3B" start_time="2019-01-19 19:20:00" duration="01:20:19" running_status="running" CA_mode="false">
      <short_event_descriptor language_code="cze">
        <event_name>Classic Prague Awards 2018</event_name>
        <text>Živě. Přímý přenos slavnostního udílení prestižních Cen klasické hudby za rok 2018 z Obecního domu v Praze. Účinkují: K. Gibišová, V. Jirsa, J. Vobořil, I. Klánský a J. Mráček. Hraje Filharmonie</text>
      </short_event_descriptor>
      <extended_event_descriptor descriptor_number="0" last_descriptor_number="5" language_code="cze">
        <text>Hradec Králové, dirigent P. Vronský. Uvádí J. Vejvoda. Režie A. Rezek.
HDTV
"O vítězích třetího ročníku cen klasické hudby Classic Prague Awards rozhodnou oborové poroty v čele s hlavní pětičlennou porotou o</text>
        <item>
          <description>Žánr</description>
          <name>klasická hudba</name>
        </item>
      </extended_event_descriptor>
      <extended_event_descriptor descriptor_number="1" last_descriptor_number="5" language_code="cze">
        <text>dborníků. Letos se sešlo přes sedmdesát přihlášek, přičemž dle pravidel platných je jich šedesát jedna napříč kategoriemi. Z těch porotci nominují ty nejimpozantnější umělce, nahrávky i hudební tělesa," uvedl ředitel sout</text>
      </extended_event_descriptor>
      <extended_event_descriptor descriptor_number="2" last_descriptor_number="5" language_code="cze">
        <text>ěže Jiří Besser.
Kromě tří nominačních kategorií, kam vedle celoživotního přínosu a talentu roku patří cena za propagaci české hudby v zahraničí, budou uděleny ceny v dalších soutěžních kategoriích, do kterých mohl kandid</text>
      </extended_event_descriptor>
      <extended_event_descriptor descriptor_number="3" last_descriptor_number="5" language_code="cze">
        <text>áta vedle poroty nominovat kdokoliv působící v oblasti kultury, kulturních institucí či médií.
Soutěžní i nesoutěžní kategorie zůstávají stejné jako v předchozích dvou ročnících. Shodné je i složení poroty, kterou tvoří </text>
      </extended_event_descriptor>
      <extended_event_descriptor descriptor_number="4" last_descriptor_number="5" language_code="cze">
        <text>sopranistka Gabriela Beňačková, houslový virtuos Václav Hudeček, klarinetista a pedagog Jiří Hlaváč, klavírista a pedagog Ivan Klánský a skladatel Ondřej Soukup.
Na předávání křišťálových trofejí s grafikou jedné z Janáčko</text>
      </extended_event_descriptor>
      <extended_event_descriptor descriptor_number="5" last_descriptor_number="5" language_code="cze">
        <text>vých partitur 19. ledna v Obecním domě vystoupí Filharmonie Hradec Králové pod taktovkou dirigenta Petra Vronského, houslista Jan Mráček a čtveřice talentovaných dětských hudebníků.</text>
      </extended_event_descriptor>
      <content_descriptor>
        <content content_nibble_level_1="6" content_nibble_level_2="2" user_byte="0x00"/>
      </content_descriptor>
      <parental_rating_descriptor>
        <country country_code="CZE" rating="0x00"/>
      </parental_rating_descriptor>
      <PDC_descriptor programme_identification_label="01-19 20:20"/>
      <component_descriptor stream_content="0x01" stream_content_ext="0x0F" component_type="0x03" component_tag="0x01" language_code="cze" text=""/>
      <component_descriptor stream_content="0x02" stream_content_ext="0x0F" component_type="0x03" component_tag="0x02" language_code="cze" text=""/>
      <component_descriptor stream_content="0x03" stream_content_ext="0x0F" component_type="0x02" component_tag="0x04" language_code="cze" text=""/>
    </event>
    <event event_id="0x4B71" start_time="2019-01-19 21:02:29" duration="02:00:42" running_status="not-running" CA_mode="false">
      <short_event_descriptor language_code="cze">
        <event_name>Povolání: reportér, Professione: reporter, Kino Art</event_name>
        <text>Válečný korespondent frustrovaný svou prací i osobním životem přijme identitu zemřelého pašeráka zbraní a snaží se pokračovat v obchodech. Koprodukční psychologické drama</text>
      </short_event_descriptor>
      <extended_event_descriptor descriptor_number="0" last_descriptor_number="6" language_code="cze">
        <text>(1975). Hrají: J. Nicholson, M. Schneiderová, J. Runacrová, I. Hendry, Ch. Mulvehill, S. Berkoff, A. Bia a další. Režie Michelangelo Antonioni (V původním znění s titulky).
HDTV
Válečný</text>
        <item>
          <description>Žánr</description>
          <name>klasické drama / historický film</name>
        </item>
        <item>
          <description>Věk</description>
          <name>15+</name>
        </item>
      </extended_event_descriptor>
      <extended_event_descriptor descriptor_number="1" last_descriptor_number="6" language_code="cze">
        <text> zpravodaj David Locke (Jack Nicholson) se v nejmenované africké zemi pokouší spojit s povstalci. Namísto nich najde v sousedním hotelovém pokoji mrtvého obchodníka, se kterým se dříve seznámil. David se díky podobnosti se zesnulým ro</text>
      </extended_event_descriptor>
      <extended_event_descriptor descriptor_number="2" last_descriptor_number="6" language_code="cze">
        <text>zhodne zfalšovat pasy a začít žít někoho jiného. Vydává se na schůzky podle jeho diáře do Londýna, Mnichova či Barcelony a zjišťuje, že jeho novou profesí je pašování zbraní povstalcům, které před pár dny hledal. Stíhá ho</text>
      </extended_event_descriptor>
      <extended_event_descriptor descriptor_number="3" last_descriptor_number="6" language_code="cze">
        <text> policie i dvojice zabijáků ve službách afrického diktátora, ale nejvíce ho pronásledují postavy z jeho minulosti: manželka a televizní producent. Davida při jeho zběsilém útěku od vyprázdněného života doprovází také mladá st</text>
      </extended_event_descriptor>
      <extended_event_descriptor descriptor_number="4" last_descriptor_number="6" language_code="cze">
        <text>udentka architektury (Maria Schneiderová), která ho motivuje dotáhnout věci až do hořkého konce.

Povolání: reportér patří k divácky nejvstřícnějším dílům z Antonioniho filmografie, přesto neztrácí nic z režisérova výrazné</text>
      </extended_event_descriptor>
      <extended_event_descriptor descriptor_number="5" last_descriptor_number="6" language_code="cze">
        <text>ho rukopisu. Podobně jako v jeho předešlých filmech hraje výraznou roli prostředí, které je v souladu s vnitřními stavy hrdinů - ať už jde o africkou poušť, botanickou zahradu nebo Gaudího ornamentální budovy. Snímek natáčel re</text>
      </extended_event_descriptor>
      <extended_event_descriptor descriptor_number="6" last_descriptor_number="6" language_code="cze">
        <text>žisér po anglické Zvětšenině (1966) a americkém Zabriskie Pointu (1970) taktéž mimo domovskou Itálii a znovu využil dobrodružnou zápletku pro vizuálně podmanivé přemítání nad křehkostí i bezvýchodností mezilidských vztahů.</text>
      </extended_event_descriptor>
      <content_descriptor>
        <content content_nibble_level_1="1" content_nibble_level_2="7" user_byte="0x00"/>
      </content_descriptor>
      <parental_rating_descriptor>
        <country country_code="CZE" rating="0x0C"/>
      </parental_rating_descriptor>
      <PDC_descriptor programme_identification_label="01-19 21:40"/>
      <component_descriptor stream_content="0x01" stream_content_ext="0x0F" component_type="0x03" component_tag="0x01" language_code="cze" text=""/>
      <component_descriptor stream_content="0x02" stream_content_ext="0x0F" component_type="0x03" component_tag="0x02" language_code="cze" text=""/>
      <component_descriptor stream_content="0x03" stream_content_ext="0x0F" component_type="0x02" component_tag="0x04" language_code="cze" text=""/>
    </event>
  </EIT>
  <EIT type="pf" version="13" current="true" actual="true" service_id="0x4101" transport_stream_id="0x0111" original_network_id="0x20CB" last_table_id="0x4E">
    <!-- PID 0x0012 (18) -->
    <event event_id="0xC72D" start_time="2019-01-19 19:05:00" duration="00:55:00" running_status="running" CA_mode="false">
      <short_event_descriptor language_code="cze">
        <event_name>O Roma vakeren</event_name>
        <text></text>
      </short_event_descriptor>
      <extended_event_descriptor descriptor_number="0" last_descriptor_number="1" language_code="cze">
        <text>V Berlíně se příští týden uskuteční významná událost - bude zahájen provoz digitálního archivu Romů a Sintů, který představí celou škálu romského umění, ale také hnutí za občanská práva Romů a hlasy romských obětí h</text>
      </extended_event_descriptor>
      <extended_event_descriptor descriptor_number="1" last_descriptor_number="1" language_code="cze">
        <text>olocaustu. Moderuje Iveta Demeterová.</text>
      </extended_event_descriptor>
      <content_descriptor>
        <content content_nibble_level_1="0" content_nibble_level_2="0" user_byte="0x00"/>
      </content_descriptor>
    </event>
    <event event_id="0xC755" start_time="2019-01-19 20:00:00" duration="00:06:00" running_status="not-running" CA_mode="false">
      <short_event_descriptor language_code="cze">
        <event_name>Zprávy</event_name>
        <text></text>
      </short_event_descriptor>
      <extended_event_descriptor descriptor_number="0" last_descriptor_number="0" language_code="cze">
        <text>Z domova i ze světa. Sport, Zelená vlna a počasí. O dopravní situaci informujte na bezplatné lince 800 553 553.</text>
      </extended_event_descriptor>
      <content_descriptor>
        <content content_nibble_level_1="0" content_nibble_level_2="0" user_byte="0x00"/>
      </content_descriptor>
    </event>
  </EIT>
  <EIT type="pf" version="15" current="true" actual="true" service_id="0x4102" transport_stream_id="0x0111" original_network_id="0x20CB" last_table_id="0x4E">
    <!-- PID 0x0012 (18) -->
    <event event_id="0xC72B" start_time="2019-01-19 19:00:00" duration="01:30:00" running_status="running" CA_mode="false">
      <short_event_descriptor language_code="cze">
        <event_name>Vypravěči</event_name>
        <text>Životní příběhy a epizody, vzpomínky, zážitky i úvahy pro poslech v křesle nebo na cestách.</text>
      </short_event_descriptor>
      <content_descriptor>
        <content content_nibble_level_1="0" content_nibble_level_2="0" user_byte="0x00"/>
      </content_descriptor>
    </event>
    <event event_id="0xC76A" start_time="2019-01-19 20:30:00" duration="00:30:00" running_status="not-running" CA_mode="false">
      <short_event_descriptor language_code="cze">
        <event_name>Je mi ctí</event_name>
        <text>Hudební pořad připravil a uvádí Jan Spálený.</text>
      </short_event_descriptor>
      <content_descriptor>
        <content content_nibble_level_1="0" content_nibble_level_2="0" user_byte="0x00"/>
      </content_descriptor>
    </event>
  </EIT>
  <EIT type="pf" version="19" current="true" actual="true" service_id="0x4103" transport_stream_id="0x0111" original_network_id="0x20CB" last_table_id="0x4E">
    <!-- PID 0x0012 (18) -->
    <event event_id="0xC700" start_time="2019-01-19 18:00:00" duration="03:45:00" running_status="running" CA_mode="false">
      <short_event_descriptor language_code="cze">
        <event_name>Dvojprogram k 50. výročí úmrtí Jana Palacha</event_name>
        <text></text>
      </short_event_descriptor>
      <extended_event_descriptor descriptor_number="0" last_descriptor_number="3" language_code="cze">
        <text>Dopisy, vzpomínky, sebeobětování. Speciální program k 50. výročí úmrtí Jana Palacha. Zdeněk Lukáš: Nezabiješ! Ch. W. Gluck: Alceste. Pořad připravil Boris Klepal. Zdeněk Lukáš: Nezabiješ! Oratorium věnované ztrátě nadějí p</text>
      </extended_event_descriptor>
      <extended_event_descriptor descriptor_number="1" last_descriptor_number="3" language_code="cze">
        <text>o okupaci Československa v srpnu 1968. Libreto Zdeněk Barborka. Radovan Lukavský (recitace), Pěvecký sbor Česká píseň, provedení řídí Zdeněk Lukáš. Christoph Willibald Gluck: Alceste. Opera o třech dějstvích, libreto Ranieri de' C</text>
      </extended_event_descriptor>
      <extended_event_descriptor descriptor_number="2" last_descriptor_number="3" language_code="cze">
        <text>alzabigi. Vídeňská verze z roku 1767. Osoby a obsazení: Alceste (Teresa Ringholz), Admeto (Justin Lavender), Evandro (Jonas Degerfeldt), Ismene (Miriam Treichl), Gran sacerdotte / Apollo (Lars Martinsson), Eumelo (Adam Giertz), Aspasia (Emelie C</text>
      </extended_event_descriptor>
      <extended_event_descriptor descriptor_number="3" last_descriptor_number="3" language_code="cze">
        <text>lausen), Banditore (Mattias Nilsson), Věštec (Johan Lilja). Sbor a orchestr divadla v Drottingholmu. Provedení řídí Arnold Östman.</text>
      </extended_event_descriptor>
      <content_descriptor>
        <content content_nibble_level_1="0" content_nibble_level_2="0" user_byte="0x00"/>
      </content_descriptor>
    </event>
    <event event_id="0xC7A0" start_time="2019-01-19 21:45:00" duration="00:15:00" running_status="not-running" CA_mode="false">
      <short_event_descriptor language_code="cze">
        <event_name>Svět poezie</event_name>
        <text></text>
      </short_event_descriptor>
      <extended_event_descriptor descriptor_number="0" last_descriptor_number="0" language_code="cze">
        <text>Hořící Pták Fénix Výběr z tvorby polských básníků, kteří byli ve své tvorbě inspirováni obětí Jana Palacha. Z překladů Libora Martinka připravil Miloš Doležal.</text>
      </extended_event_descriptor>
      <content_descriptor>
        <content content_nibble_level_1="0" content_nibble_level_2="0" user_byte="0x00"/>
      </content_descriptor>
    </event>
  </EIT>
  <EIT type="pf" version="29" current="true" actual="true" service_id="0x4104" transport_stream_id="0x0111" original_network_id="0x20CB" last_table_id="0x4E">
    <!-- PID 0x0012 (18) -->
    <event event_id="0x4B2D" start_time="2019-01-19 19:00:00" duration="01:00:00" running_status="running" CA_mode="false">
      <short_event_descriptor language_code="cze">
        <event_name>DokuVlna</event_name>
        <text></text>
      </short_event_descriptor>
      <extended_event_descriptor descriptor_number="0" last_descriptor_number="1" language_code="cze">
        <text>Audiodokumentarista Vladimír Mareček chtěl v posledním díle cyklu DokuVlna pátrat po tom, proč mileniálové často střídají a ukončují vysoké školy. Nakonec z toho vznikl dokument "Budoucnost nejistá", který zachycuje nejrůznějš</text>
      </extended_event_descriptor>
      <extended_event_descriptor descriptor_number="1" last_descriptor_number="1" language_code="cze">
        <text>í touhy a možnosti života současných českých mileniálů. Poslechněte si o jejich jejich tápání po smyslu práce i životního směřování, v sobotu od 20 hodin ve vysílání RW a pak i na webu. (repríza)</text>
      </extended_event_descriptor>
      <content_descriptor>
        <content content_nibble_level_1="0" content_nibble_level_2="0" user_byte="0x00"/>
      </content_descriptor>
    </event>
    <event event_id="0x4B55" start_time="2019-01-19 20:00:00" duration="01:00:00" running_status="not-running" CA_mode="false">
      <short_event_descriptor language_code="cze">
        <event_name>Music Check</event_name>
        <text>Music Check je hodina plná hudby vybírané z playlistu Radia Wave.</text>
      </short_event_descriptor>
      <content_descriptor>
        <content content_nibble_level_1="0" content_nibble_level_2="0" user_byte="0x00"/>
      </content_descriptor>
    </event>
  </EIT>
  <EIT type="pf" version="10" current="true" actual="true" service_id="0x4105" transport_stream_id="0x0111" original_network_id="0x20CB" last_table_id="0x4E">
    <!-- PID 0x0012 (18) -->
    <event event_id="0xC72B" start_time="2019-01-19 19:00:00" duration="03:12:35" running_status="running" CA_mode="false">
      <short_event_descriptor language_code="cze">
        <event_name>Sobotní večer s Jiřím Hlaváčem.</event_name>
        <text></text>
      </short_event_descriptor>
      <extended_event_descriptor descriptor_number="0" last_descriptor_number="1" language_code="cze">
        <text>M. Giuliani: Serenata. - Z. Kodály: Tance z Galanty. - V. Novák: Pan. - W. A. Mozart: Koncert A dur pro klarinet a orchestr. - I. Stravinskij: Pulcinella. Suita pro orchestr. - D. Milhaud: Scaramouche. - B. Martinů: Rapsodie. Koncert pro violu a </text>
      </extended_event_descriptor>
      <extended_event_descriptor descriptor_number="1" last_descriptor_number="1" language_code="cze">
        <text>orchestr. - A. Dvořák: Stabat Mater.</text>
      </extended_event_descriptor>
      <content_descriptor>
        <content content_nibble_level_1="0" content_nibble_level_2="0" user_byte="0x00"/>
      </content_descriptor>
    </event>
    <event event_id="0xC7B3" start_time="2019-01-19 22:12:35" duration="00:37:12" running_status="not-running" CA_mode="false">
      <short_event_descriptor language_code="cze">
        <event_name>Igor Stravinskij: Svěcení jara. Obrazy z pohanské rusi o dvou dílech - balet Tableaux de la Russie paienne en deux parties</event_name>
        <text>Hraje Izraelský filharmonický orchestr, řídí Leonard Bernstein.</text>
      </short_event_descriptor>
      <content_descriptor>
        <content content_nibble_level_1="0" content_nibble_level_2="0" user_byte="0x00"/>
      </content_descriptor>
    </event>
  </EIT>
  <EIT type="pf" version="18" current="true" actual="true" service_id="0x4106" transport_stream_id="0x0111" original_network_id="0x20CB" last_table_id="0x4E">
    <!-- PID 0x0012 (18) -->
    <event event_id="0xC751" start_time="2019-01-19 19:55:00" duration="00:05:00" running_status="running" CA_mode="false">
      <short_event_descriptor language_code="cze">
        <event_name>Večerní Junior</event_name>
        <text>Pohoda před usnutím.</text>
      </short_event_descriptor>
      <content_descriptor>
        <content content_nibble_level_1="0" content_nibble_level_2="0" user_byte="0x00"/>
      </content_descriptor>
    </event>
    <event event_id="0xC754" start_time="2019-01-19 20:00:00" duration="00:20:00" running_status="not-running" CA_mode="false">
      <short_event_descriptor language_code="cze">
        <event_name>Četba na pokračování</event_name>
        <text></text>
      </short_event_descriptor>
      <extended_event_descriptor descriptor_number="0" last_descriptor_number="1" language_code="cze">
        <text>Stínadla se bouří - Hon na Široka. Slavný román Jaroslav a Foglara nás v četbě na pokračování zavede za partou kluků, kteří si říkají Rychlé šípy. Vydáme se do čtvrti zvané Stínadla za velkým dobrodružstvím. Uslyšíme ne</text>
      </extended_event_descriptor>
      <extended_event_descriptor descriptor_number="1" last_descriptor_number="1" language_code="cze">
        <text>jen o záhadném hlavolamu, ale i o skupině Vontů. V režii Petra Obdržálka účinkují Vladimír Mrkvička, Matěj Beneš, Martin Holzknecht a další.</text>
      </extended_event_descriptor>
      <content_descriptor>
        <content content_nibble_level_1="0" content_nibble_level_2="0" user_byte="0x00"/>
      </content_descriptor>
    </event>
  </EIT>
  <EIT type="pf" version="22" current="true" actual="true" service_id="0x4107" transport_stream_id="0x0111" original_network_id="0x20CB" last_table_id="0x4E">
    <!-- PID 0x0012 (18) -->
    <event event_id="0xC742" start_time="2019-01-19 19:33:00" duration="00:27:00" running_status="running" CA_mode="false">
      <short_event_descriptor language_code="cze">
        <event_name>Historie Plus</event_name>
        <text></text>
      </short_event_descriptor>
      <extended_event_descriptor descriptor_number="0" last_descriptor_number="2" language_code="cze">
        <text>Historie zažila celou řadu soubojů mocných. Jedním z nejznámějších byl střet dvou sovětských soudruhů - Josifa Vissarionoviče Stalina a Lva Davidoviče Trockého. Zastupovali totiž dva naprosto rozdílné světy. První byl synem gruz</text>
      </extended_event_descriptor>
      <extended_event_descriptor descriptor_number="1" last_descriptor_number="2" language_code="cze">
        <text>ínského ševce, druhý židovského intelektuála. Rozcházely se také jejich vize o nastolení komunismu na celém světě. A diktátorem mohl být jen jeden. O vražedné rivalitě Stalina a Trockého je dnešní Historie Plus. Připravil ji Pa</text>
      </extended_event_descriptor>
      <extended_event_descriptor descriptor_number="2" last_descriptor_number="2" language_code="cze">
        <text>vel Hlavatý.</text>
      </extended_event_descriptor>
      <content_descriptor>
        <content content_nibble_level_1="0" content_nibble_level_2="0" user_byte="0x00"/>
      </content_descriptor>
    </event>
    <event event_id="0xC755" start_time="2019-01-19 20:00:00" duration="00:05:00" running_status="not-running" CA_mode="false">
      <short_event_descriptor language_code="cze">
        <event_name>Zprávy</event_name>
        <text></text>
      </short_event_descriptor>
      <content_descriptor>
        <content content_nibble_level_1="0" content_nibble_level_2="0" user_byte="0x00"/>
      </content_descriptor>
    </event>
  </EIT>
  <EIT type="pf" version="23" current="true" actual="true" service_id="0x4108" transport_stream_id="0x0111" original_network_id="0x20CB" last_table_id="0x4E">
    <!-- PID 0x0012 (18) -->
    <event event_id="0xC72A" start_time="2019-01-19 19:00:00" duration="01:00:00" running_status="running" CA_mode="false">
      <short_event_descriptor language_code="cze">
        <event_name>Jazz Club</event_name>
        <text></text>
      </short_event_descriptor>
      <extended_event_descriptor descriptor_number="0" last_descriptor_number="0" language_code="cze">
        <text>Jazzové koncerty z klubů i prestižních festivalů. Tingvall Trio - sestřih z evropského turné, 2012.</text>
      </extended_event_descriptor>
      <content_descriptor>
        <content content_nibble_level_1="0" content_nibble_level_2="0" user_byte="0x00"/>
      </content_descriptor>
    </event>
    <event event_id="0xC755" start_time="2019-01-19 20:00:00" duration="02:00:00" running_status="not-running" CA_mode="false">
      <short_event_descriptor language_code="cze">
        <event_name>Modern Mainstream</event_name>
        <text></text>
      </short_event_descriptor>
      <extended_event_descriptor descriptor_number="0" last_descriptor_number="0" language_code="cze">
        <text>Napříč jazzovou současností i minulostí. Občasné výlety k jazzrocku, world music i aktuálním fúzím.</text>
      </extended_event_descriptor>
      <content_descriptor>
        <content content_nibble_level_1="0" content_nibble_level_2="0" user_byte="0x00"/>
      </content_descriptor>
    </event>
  </EIT>
  <EIT type="pf" version="24" current="true" actual="true" service_id="0x0103" transport_stream_id="0x0111" original_network_id="0x20CB" last_table_id="0x4E">
    <!-- PID 0x0012 (18) -->
    <event event_id="0x4B2D" start_time="2019-01-19 19:03:35" duration="00:56:25" running_status="running" CA_mode="false">
      <short_event_descriptor language_code="cze">
        <event_name>Hyde Park Civilizace</event_name>
        <text>Věda a současná civilizace. Interaktivní pořad - prostor pro vaše otázky a komentáře.</text>
      </short_event_descriptor>
      <extended_event_descriptor descriptor_number="0" last_descriptor_number="0" language_code="cze">
        <text>HDTV</text>
        <item>
          <description>Repríza</description>
          <name>ČT24 20.1. 0:10, ČT24 20.1. 11:05</name>
        </item>
        <item>
          <description>Žánr</description>
          <name>diskuze / rozhovor</name>
        </item>
      </extended_event_descriptor>
      <content_descriptor>
        <content content_nibble_level_1="2" content_nibble_level_2="4" user_byte="0x00"/>
      </content_descriptor>
      <parental_rating_descriptor>
        <country country_code="CZE" rating="0x00"/>
      </parental_rating_descriptor>
      <PDC_descriptor programme_identification_label="01-19 20:05"/>
      <component_descriptor stream_content="0x01" stream_content_ext="0x0F" component_type="0x03" component_tag="0x01" language_code="cze" text=""/>
      <component_descriptor stream_content="0x02" stream_content_ext="0x0F" component_type="0x03" component_tag="0x02" language_code="cze" text=""/>
      <component_descriptor stream_content="0x03" stream_content_ext="0x0F" component_type="0x02" component_tag="0x04" language_code="cze" text=""/>
    </event>
    <event event_id="0x4B55" start_time="2019-01-19 20:00:00" duration="00:05:00" running_status="starting" CA_mode="false">
      <short_event_descriptor language_code="cze">
        <event_name>Zprávy</event_name>
        <text></text>
      </short_event_descriptor>
      <extended_event_descriptor descriptor_number="0" last_descriptor_number="0" language_code="cze">
        <text>HDTV
Zvukový popis
Skryté titulky</text>
        <item>
          <description>Žánr</description>
          <name>zprávy, počasí</name>
        </item>
      </extended_event_descriptor>
      <content_descriptor>
        <content content_nibble_level_1="2" content_nibble_level_2="1" user_byte="0x00"/>
      </content_descriptor>
      <parental_rating_descriptor>
        <country country_code="CZE" rating="0x00"/>
      </parental_rating_descriptor>
      <PDC_descriptor programme_identification_label="01-19 21:00"/>
      <component_descriptor stream_content="0x01" stream_content_ext="0x0F" component_type="0x03" component_tag="0x01" language_code="cze" text=""/>
      <component_descriptor stream_content="0x02" stream_content_ext="0x0F" component_type="0x03" component_tag="0x02" language_code="cze" text=""/>
      <component_descriptor stream_content="0x02" stream_content_ext="0x0F" component_type="0x40" component_tag="0x07" language_code="cze" text=""/>
      <component_descriptor stream_content="0x03" stream_content_ext="0x0F" component_type="0x02" component_tag="0x04" language_code="cze" text=""/>
    </event>
  </EIT>
  <EIT type="pf" version="14" current="true" actual="true" service_id="0x4101" transport_stream_id="0x0111" original_network_id="0x20CB" last_table_id="0x4E">
    <!-- PID 0x0012 (18) -->
    <event event_id="0xC72D" start_time="2019-01-19 19:05:00" duration="00:55:00" running_status="running" CA_mode="false">
      <short_event_descriptor language_code="cze">
        <event_name>O Roma vakeren</event_name>
        <text></text>
      </short_event_descriptor>
      <extended_event_descriptor descriptor_number="0" last_descriptor_number="1" language_code="cze">
        <text>V Berlíně se příští týden uskuteční významná událost - bude zahájen provoz digitálního archivu Romů a Sintů, který představí celou škálu romského umění, ale také hnutí za občanská práva Romů a hlasy romských obětí h</text>
      </extended_event_descriptor>
      <extended_event_descriptor descriptor_number="1" last_descriptor_number="1" language_code="cze">
        <text>olocaustu. Moderuje Iveta Demeterová.</text>
      </extended_event_descriptor>
      <content_descriptor>
        <content content_nibble_level_1="0" content_nibble_level_2="0" user_byte="0x00"/>
      </content_descriptor>
    </event>
    <event event_id="0xC755" start_time="2019-01-19 20:00:00" duration="00:06:00" running_status="starting" CA_mode="false">
      <short_event_descriptor language_code="cze">
        <event_name>Zprávy</event_name>
        <text></text>
      </short_event_descriptor>
      <extended_event_descriptor descriptor_number="0" last_descriptor_number="0" language_code="cze">
        <text>Z domova i ze světa. Sport, Zelená vlna a počasí. O dopravní situaci informujte na bezplatné lince 800 553 553.</text>
      </extended_event_descriptor>
      <content_descriptor>
        <content content_nibble_level_1="0" content_nibble_level_2="0" user_byte="0x00"/>
      </content_descriptor>
    </event>
  </EIT>
  <EIT type="pf" version="30" current="true" actual="true" service_id="0x4104" transport_stream_id="0x0111" original_network_id="0x20CB" last_table_id="0x4E">
    <!-- PID 0x0012 (18) -->
    <event event_id="0x4B2D" start_time="2019-01-19 19:00:00" duration="01:00:00" running_status="running" CA_mode="false">
      <short_event_descriptor language_code="cze">
        <event_name>DokuVlna</event_name>
        <text></text>
      </short_event_descriptor>
      <extended_event_descriptor descriptor_number="0" last_descriptor_number="1" language_code="cze">
        <text>Audiodokumentarista Vladimír Mareček chtěl v posledním díle cyklu DokuVlna pátrat po tom, proč mileniálové často střídají a ukončují vysoké školy. Nakonec z toho vznikl dokument "Budoucnost nejistá", který zachycuje nejrůznějš</text>
      </extended_event_descriptor>
      <extended_event_descriptor descriptor_number="1" last_descriptor_number="1" language_code="cze">
        <text>í touhy a možnosti života současných českých mileniálů. Poslechněte si o jejich jejich tápání po smyslu práce i životního směřování, v sobotu od 20 hodin ve vysílání RW a pak i na webu. (repríza)</text>
      </extended_event_descriptor>
      <content_descriptor>
        <content content_nibble_level_1="0" content_nibble_level_2="0" user_byte="0x00"/>
      </content_descriptor>
    </event>
    <event event_id="0x4B55" start_time="2019-01-19 20:00:00" duration="01:00:00" running_status="starting" CA_mode="false">
      <short_event_descriptor language_code="cze">
        <event_name>Music Check</event_name>
        <text>Music Check je hodina plná hudby vybírané z playlistu Radia Wave.</text>
      </short_event_descriptor>
      <content_descriptor>
        <content content_nibble_level_1="0" content_nibble_level_2="0" user_byte="0x00"/>
      </content_descriptor>
    </event>
  </EIT>
  <EIT type="pf" version="19" current="true" actual="true" service_id="0x4106" transport_stream_id="0x0111" original_network_id="0x20CB" last_table_id="0x4E">
    <!-- PID 0x0012 (18) -->
    <event event_id="0xC751" start_time="2019-01-19 19:55:00" duration="00:05:00" running_status="running" CA_mode="false">
      <short_event_descriptor language_code="cze">
        <event_name>Večerní Junior</event_name>
        <text>Pohoda před usnutím.</text>
      </short_event_descriptor>
      <content_descriptor>
        <content content_nibble_level_1="0" content_nibble_level_2="0" user_byte="0x00"/>
      </content_descriptor>
    </event>
    <event event_id="0xC754" start_time="2019-01-19 20:00:00" duration="00:20:00" running_status="starting" CA_mode="false">
      <short_event_descriptor language_code="cze">
        <event_name>Četba na pokračování</event_name>
        <text></text>
      </short_event_descriptor>
      <extended_event_descriptor descriptor_number="0" last_descriptor_number="1" language_code="cze">
        <text>Stínadla se bouří - Hon na Široka. Slavný román Jaroslav a Foglara nás v četbě na pokračování zavede za partou kluků, kteří si říkají Rychlé šípy. Vydáme se do čtvrti zvané Stínadla za velkým dobrodružstvím. Uslyšíme ne</text>
      </extended_event_descriptor>
      <extended_event_descriptor descriptor_number="1" last_descriptor_number="1" language_code="cze">
        <text>jen o záhadném hlavolamu, ale i o skupině Vontů. V režii Petra Obdržálka účinkují Vladimír Mrkvička, Matěj Beneš, Martin Holzknecht a další.</text>
      </extended_event_descriptor>
      <content_descriptor>
        <content content_nibble_level_1="0" content_nibble_level_2="0" user_byte="0x00"/>
      </content_descriptor>
    </event>
  </EIT>
  <EIT type="pf" version="23" current="true" actual="true" service_id="0x4107" transport_stream_id="0x0111" original_network_id="0x20CB" last_table_id="0x4E">
    <!-- PID 0x0012 (18) -->
    <event event_id="0xC742" start_time="2019-01-19 19:33:00" duration="00:27:00" running_status="running" CA_mode="false">
      <short_event_descriptor language_code="cze">
        <event_name>Historie Plus</event_name>
        <text></text>
      </short_event_descriptor>
      <extended_event_descriptor descriptor_number="0" last_descriptor_number="2" language_code="cze">
        <text>Historie zažila celou řadu soubojů mocných. Jedním z nejznámějších byl střet dvou sovětských soudruhů - Josifa Vissarionoviče Stalina a Lva Davidoviče Trockého. Zastupovali totiž dva naprosto rozdílné světy. První byl synem gruz</text>
      </extended_event_descriptor>
      <extended_event_descriptor descriptor_number="1" last_descriptor_number="2" language_code="cze">
        <text>ínského ševce, druhý židovského intelektuála. Rozcházely se také jejich vize o nastolení komunismu na celém světě. A diktátorem mohl být jen jeden. O vražedné rivalitě Stalina a Trockého je dnešní Historie Plus. Připravil ji Pa</text>
      </extended_event_descriptor>
      <extended_event_descriptor descriptor_number="2" last_descriptor_number="2" language_code="cze">
        <text>vel Hlavatý.</text>
      </extended_event_descriptor>
      <content_descriptor>
        <content content_nibble_level_1="0" content_nibble_level_2="0" user_byte="0x00"/>
      </content_descriptor>
    </event>
    <event event_id="0xC755" start_time="2019-01-19 20:00:00" duration="00:05:00" running_status="starting" CA_mode="false">
      <short_event_descriptor language_code="cze">
        <event_name>Zprávy</event_name>
        <text></text>
      </short_event_descriptor>
      <content_descriptor>
        <content content_nibble_level_1="0" content_nibble_level_2="0" user_byte="0x00"/>
      </content_descriptor>
    </event>
  </EIT>
  <EIT type="pf" version="24" current="true" actual="true" service_id="0x4108" transport_stream_id="0x0111" original_network_id="0x20CB" last_table_id="0x4E">
    <!-- PID 0x0012 (18) -->
    <event event_id="0xC72A" start_time="2019-01-19 19:00:00" duration="01:00:00" running_status="running" CA_mode="false">
      <short_event_descriptor language_code="cze">
        <event_name>Jazz Club</event_name>
        <text></text>
      </short_event_descriptor>
      <extended_event_descriptor descriptor_number="0" last_descriptor_number="0" language_code="cze">
        <text>Jazzové koncerty z klubů i prestižních festivalů. Tingvall Trio - sestřih z evropského turné, 2012.</text>
      </extended_event_descriptor>
      <content_descriptor>
        <content content_nibble_level_1="0" content_nibble_level_2="0" user_byte="0x00"/>
      </content_descriptor>
    </event>
    <event event_id="0xC755" start_time="2019-01-19 20:00:00" duration="02:00:00" running_status="starting" CA_mode="false">
      <short_event_descriptor language_code="cze">
        <event_name>Modern Mainstream</event_name>
        <text></text>
      </short_event_descriptor>
      <extended_event_descriptor descriptor_number="0" last_descriptor_number="0" language_code="cze">
        <text>Napříč jazzovou současností i minulostí. Občasné výlety k jazzrocku, world music i aktuálním fúzím.</text>
      </extended_event_descriptor>
      <content_descriptor>
        <content content_nibble_level_1="0" content_nibble_level_2="0" user_byte="0x00"/>
      </content_descriptor>
    </event>
  </EIT>
  <EIT type="pf" version="25" current="true" actual="true" service_id="0x0103" transport_stream_id="0x0111" original_network_id="0x20CB" last_table_id="0x4E">
    <!-- PID 0x0012 (18) -->
    <event event_id="0x4B2D" start_time="2019-01-19 19:03:35" duration="00:56:25" running_status="not-running" CA_mode="false">
      <short_event_descriptor language_code="cze">
        <event_name>Hyde Park Civilizace</event_name>
        <text>Věda a současná civilizace. Interaktivní pořad - prostor pro vaše otázky a komentáře.</text>
      </short_event_descriptor>
      <extended_event_descriptor descriptor_number="0" last_descriptor_number="0" language_code="cze">
        <text>HDTV</text>
        <item>
          <description>Repríza</description>
          <name>ČT24 20.1. 0:10, ČT24 20.1. 11:05</name>
        </item>
        <item>
          <description>Žánr</description>
          <name>diskuze / rozhovor</name>
        </item>
      </extended_event_descriptor>
      <content_descriptor>
        <content content_nibble_level_1="2" content_nibble_level_2="4" user_byte="0x00"/>
      </content_descriptor>
      <parental_rating_descriptor>
        <country country_code="CZE" rating="0x00"/>
      </parental_rating_descriptor>
      <PDC_descriptor programme_identification_label="01-19 20:05"/>
      <component_descriptor stream_content="0x01" stream_content_ext="0x0F" component_type="0x03" component_tag="0x01" language_code="cze" text=""/>
      <component_descriptor stream_content="0x02" stream_content_ext="0x0F" component_type="0x03" component_tag="0x02" language_code="cze" text=""/>
      <component_descriptor stream_content="0x03" stream_content_ext="0x0F" component_type="0x02" component_tag="0x04" language_code="cze" text=""/>
    </event>
    <event event_id="0x4B55" start_time="2019-01-19 20:00:00" duration="00:05:00" running_status="starting" CA_mode="false">
      <short_event_descriptor language_code="cze">
        <event_name>Zprávy</event_name>
        <text></text>
      </short_event_descriptor>
      <extended_event_descriptor descriptor_number="0" last_descriptor_number="0" language_code="cze">
        <text>HDTV
Zvukový popis
Skryté titulky</text>
        <item>
          <description>Žánr</description>
          <name>zprávy, počasí</name>
        </item>
      </extended_event_descriptor>
      <content_descriptor>
        <content content_nibble_level_1="2" content_nibble_level_2="1" user_byte="0x00"/>
      </content_descriptor>
      <parental_rating_descriptor>
        <country country_code="CZE" rating="0x00"/>
      </parental_rating_descriptor>
      <PDC_descriptor programme_identification_label="01-19 21:00"/>
      <component_descriptor stream_content="0x01" stream_content_ext="0x0F" component_type="0x03" component_tag="0x01" language_code="cze" text=""/>
      <component_descriptor stream_content="0x02" stream_content_ext="0x0F" component_type="0x03" component_tag="0x02" language_code="cze" text=""/>
      <component_descriptor stream_content="0x02" stream_content_ext="0x0F" component_type="0x40" component_tag="0x07" language_code="cze" text=""/>
      <component_descriptor stream_content="0x03" stream_content_ext="0x0F" component_type="0x02" component_tag="0x04" language_code="cze" text=""/>
    </event>
  </EIT>
  <EIT type="pf" version="27" current="true" actual="true" service_id="0x0103" transport_stream_id="0x0111" original_network_id="0x20CB" last_table_id="0x4E">
    <!-- PID 0x0012 (18) -->
    <event event_id="0x4B55" start_time="2019-01-19 20:00:00" duration="00:05:00" running_status="running" CA_mode="false">
      <short_event_descriptor language_code="cze">
        <event_name>Zprávy</event_name>
        <text></text>
      </short_event_descriptor>
      <extended_event_descriptor descriptor_number="0" last_descriptor_number="0" language_code="cze">
        <text>HDTV
Zvukový popis
Skryté titulky</text>
        <item>
          <description>Žánr</description>
          <name>zprávy, počasí</name>
        </item>
      </extended_event_descriptor>
      <content_descriptor>
        <content content_nibble_level_1="2" content_nibble_level_2="1" user_byte="0x00"/>
      </content_descriptor>
      <parental_rating_descriptor>
        <country country_code="CZE" rating="0x00"/>
      </parental_rating_descriptor>
      <PDC_descriptor programme_identification_label="01-19 21:00"/>
      <component_descriptor stream_content="0x01" stream_content_ext="0x0F" component_type="0x03" component_tag="0x01" language_code="cze" text=""/>
      <component_descriptor stream_content="0x02" stream_content_ext="0x0F" component_type="0x03" component_tag="0x02" language_code="cze" text=""/>
      <component_descriptor stream_content="0x02" stream_content_ext="0x0F" component_type="0x40" component_tag="0x07" language_code="cze" text=""/>
      <component_descriptor stream_content="0x03" stream_content_ext="0x0F" component_type="0x02" component_tag="0x04" language_code="cze" text=""/>
    </event>
    <event event_id="0x4B58" start_time="2019-01-19 20:05:00" duration="00:55:00" running_status="not-running" CA_mode="false">
      <short_event_descriptor language_code="cze">
        <event_name>Historie.cs</event_name>
        <text>Za kopečky do Československa.
Západní poúnoroví emigranti a návštěvníci u nás. Praha jako Ženeva východu. A proč tu většinou nezůstali a co tu dělali?</text>
      </short_event_descriptor>
      <extended_event_descriptor descriptor_number="0" last_descriptor_number="3" language_code="cze">
        <text>HDTV
Skryté titulky
Po zrodu železné opony neutíkali lidé pouze z Československa na západ, ale občas někdo ze západního světa požádal o politický i </text>
        <item>
          <description>Repríza</description>
          <name>ČT24 20.1. 9:05, ČT24 26.1. 13:05</name>
        </item>
        <item>
          <description>Žánr</description>
          <name>magazíny, reportáže, dokumenty</name>
        </item>
      </extended_event_descriptor>
      <extended_event_descriptor descriptor_number="1" last_descriptor_number="3" language_code="cze">
        <text>azyl u nás. Šlo sice o jednotlivce, ale zpravidla velmi zajímavých osudů. Jejich žádosti měli různorodou motivaci a také zacházení ze strany našeho státu i běžných lidí nebylo vždy stejné. A navíc tu často odvedli kus práce a </text>
      </extended_event_descriptor>
      <extended_event_descriptor descriptor_number="2" last_descriptor_number="3" language_code="cze">
        <text>přispěli paradoxně na uvolňování západní kultury u nás. Kromě toho zejména v padesátých letech do našich lázní a do Prahy přijížděly celé výpravy západních dělníků a levicově zaměřených intelektuálů a komunistů. Jak</text>
      </extended_event_descriptor>
      <extended_event_descriptor descriptor_number="3" last_descriptor_number="3" language_code="cze">
        <text> jim se tu líbilo a nakolik prokoukli potěmkinovskou hru, která se s nimi hrála? A kdo to všechno financoval?</text>
      </extended_event_descriptor>
      <content_descriptor>
        <content content_nibble_level_1="8" content_nibble_level_2="1" user_byte="0x00"/>
      </content_descriptor>
      <parental_rating_descriptor>
        <country country_code="CZE" rating="0x00"/>
      </parental_rating_descriptor>
      <PDC_descriptor programme_identification_label="01-19 21:05"/>
      <component_descriptor stream_content="0x01" stream_content_ext="0x0F" component_type="0x03" component_tag="0x01" language_code="cze" text=""/>
      <component_descriptor stream_content="0x02" stream_content_ext="0x0F" component_type="0x03" component_tag="0x02" language_code="cze" text=""/>
      <component_descriptor stream_content="0x03" stream_content_ext="0x0F" component_type="0x01" component_tag="0x04" language_code="cze" text=""/>
      <component_descriptor stream_content="0x03" stream_content_ext="0x0F" component_type="0x02" component_tag="0x04" language_code="cze" text=""/>
    </event>
  </EIT>
  <EIT type="pf" version="15" current="true" actual="true" service_id="0x4101" transport_stream_id="0x0111" original_network_id="0x20CB" last_table_id="0x4E">
    <!-- PID 0x0012 (18) -->
    <event event_id="0xC755" start_time="2019-01-19 20:00:00" duration="00:06:00" running_status="running" CA_mode="false">
      <short_event_descriptor language_code="cze">
        <event_name>Zprávy</event_name>
        <text></text>
      </short_event_descriptor>
      <extended_event_descriptor descriptor_number="0" last_descriptor_number="0" language_code="cze">
        <text>Z domova i ze světa. Sport, Zelená vlna a počasí. O dopravní situaci informujte na bezplatné lince 800 553 553.</text>
      </extended_event_descriptor>
      <content_descriptor>
        <content content_nibble_level_1="0" content_nibble_level_2="0" user_byte="0x00"/>
      </content_descriptor>
    </event>
    <event event_id="0xC759" start_time="2019-01-19 20:06:00" duration="00:54:00" running_status="not-running" CA_mode="false">
      <short_event_descriptor language_code="cze">
        <event_name>Příběhy 20. století</event_name>
        <text></text>
      </short_event_descriptor>
      <content_descriptor>
        <content content_nibble_level_1="0" content_nibble_level_2="0" user_byte="0x00"/>
      </content_descriptor>
    </event>
  </EIT>
  <EIT type="pf" version="31" current="true" actual="true" service_id="0x4104" transport_stream_id="0x0111" original_network_id="0x20CB" last_table_id="0x4E">
    <!-- PID 0x0012 (18) -->
    <event event_id="0x4B55" start_time="2019-01-19 20:00:00" duration="01:00:00" running_status="running" CA_mode="false">
      <short_event_descriptor language_code="cze">
        <event_name>Music Check</event_name>
        <text>Music Check je hodina plná hudby vybírané z playlistu Radia Wave.</text>
      </short_event_descriptor>
      <content_descriptor>
        <content content_nibble_level_1="0" content_nibble_level_2="0" user_byte="0x00"/>
      </content_descriptor>
    </event>
    <event event_id="0x4B82" start_time="2019-01-19 21:00:00" duration="01:00:00" running_status="not-running" CA_mode="false">
      <short_event_descriptor language_code="cze">
        <event_name>Kvér</event_name>
        <text></text>
      </short_event_descriptor>
      <extended_event_descriptor descriptor_number="0" last_descriptor_number="1" language_code="cze">
        <text>V dalším vydání Kvéru zabrousíme do oblasti vztahů a sexu mileniálů. Studie ukazují, že s první sexuální zkušeností otálejí mnohem déle než generace jejich rodičů. Proč tomu tak je? A jakou roli v rom hraje rozvolňování pra</text>
      </extended_event_descriptor>
      <extended_event_descriptor descriptor_number="1" last_descriptor_number="1" language_code="cze">
        <text>videl při navazování vztahů? Na to odpovídá novinářka Silvie Lauder z týdeníku Respekt a sociolog Martin Fafejta z Univerzity Palackého v Olomouci. Moderuje Bára Šichanová a Filip Titlbach. (repríza)</text>
      </extended_event_descriptor>
      <content_descriptor>
        <content content_nibble_level_1="0" content_nibble_level_2="0" user_byte="0x00"/>
      </content_descriptor>
    </event>
  </EIT>
  <EIT type="pf" version="20" current="true" actual="true" service_id="0x4106" transport_stream_id="0x0111" original_network_id="0x20CB" last_table_id="0x4E">
    <!-- PID 0x0012 (18) -->
    <event event_id="0xC754" start_time="2019-01-19 20:00:00" duration="00:20:00" running_status="running" CA_mode="false">
      <short_event_descriptor language_code="cze">
        <event_name>Četba na pokračování</event_name>
        <text></text>
      </short_event_descriptor>
      <extended_event_descriptor descriptor_number="0" last_descriptor_number="1" language_code="cze">
        <text>Stínadla se bouří - Hon na Široka. Slavný román Jaroslav a Foglara nás v četbě na pokračování zavede za partou kluků, kteří si říkají Rychlé šípy. Vydáme se do čtvrti zvané Stínadla za velkým dobrodružstvím. Uslyšíme ne</text>
      </extended_event_descriptor>
      <extended_event_descriptor descriptor_number="1" last_descriptor_number="1" language_code="cze">
        <text>jen o záhadném hlavolamu, ale i o skupině Vontů. V režii Petra Obdržálka účinkují Vladimír Mrkvička, Matěj Beneš, Martin Holzknecht a další.</text>
      </extended_event_descriptor>
      <content_descriptor>
        <content content_nibble_level_1="0" content_nibble_level_2="0" user_byte="0x00"/>
      </content_descriptor>
    </event>
    <event event_id="0xC763" start_time="2019-01-19 20:20:00" duration="02:40:00" running_status="not-running" CA_mode="false">
      <short_event_descriptor language_code="cze">
        <event_name>Večerní Junior</event_name>
        <text>Pohoda před usnutím.</text>
      </short_event_descriptor>
      <content_descriptor>
        <content content_nibble_level_1="0" content_nibble_level_2="0" user_byte="0x00"/>
      </content_descriptor>
    </event>
  </EIT>
  <EIT type="pf" version="24" current="true" actual="true" service_id="0x4107" transport_stream_id="0x0111" original_network_id="0x20CB" last_table_id="0x4E">
    <!-- PID 0x0012 (18) -->
    <event event_id="0xC755" start_time="2019-01-19 20:00:00" duration="00:05:00" running_status="running" CA_mode="false">
      <short_event_descriptor language_code="cze">
        <event_name>Zprávy</event_name>
        <text></text>
      </short_event_descriptor>
      <content_descriptor>
        <content content_nibble_level_1="0" content_nibble_level_2="0" user_byte="0x00"/>
      </content_descriptor>
    </event>
    <event event_id="0xC758" start_time="2019-01-19 20:05:00" duration="00:55:00" running_status="not-running" CA_mode="false">
      <short_event_descriptor language_code="cze">
        <event_name>Dobrá vůle Plus</event_name>
        <text></text>
      </short_event_descriptor>
      <extended_event_descriptor descriptor_number="0" last_descriptor_number="2" language_code="cze">
        <text>Dnešní dokument z cyklu Dobrá vůle Plus je o husitské farářce Michaele Procházkové, která je zároveň pravnučkou Boženy Němcové. Michaela Procházková a její manžel na své říčanské faře poskytli přístřeší několika dosp</text>
      </extended_event_descriptor>
      <extended_event_descriptor descriptor_number="1" last_descriptor_number="2" language_code="cze">
        <text>ívajícím lidem bez zázemí, kteří odešli uz dětských domovů. Šest z nich přijali do pěstounské péče. Dokument Ve stopách předků natočil Jan Zítka. Dramaturgii měla Lenka Svobodová, režii Yvona Žertová a mistrem zvuku byl Do</text>
      </extended_event_descriptor>
      <extended_event_descriptor descriptor_number="2" last_descriptor_number="2" language_code="cze">
        <text>minik Budil. Na dokument naváže debata o tom, jak nás mohou inspirovat osudy našich předků.</text>
      </extended_event_descriptor>
      <content_descriptor>
        <content content_nibble_level_1="0" content_nibble_level_2="0" user_byte="0x00"/>
      </content_descriptor>
    </event>
  </EIT>
  <EIT type="pf" version="25" current="true" actual="true" service_id="0x4108" transport_stream_id="0x0111" original_network_id="0x20CB" last_table_id="0x4E">
    <!-- PID 0x0012 (18) -->
    <event event_id="0xC755" start_time="2019-01-19 20:00:00" duration="02:00:00" running_status="running" CA_mode="false">
      <short_event_descriptor language_code="cze">
        <event_name>Modern Mainstream</event_name>
        <text></text>
      </short_event_descriptor>
      <extended_event_descriptor descriptor_number="0" last_descriptor_number="0" language_code="cze">
        <text>Napříč jazzovou současností i minulostí. Občasné výlety k jazzrocku, world music i aktuálním fúzím.</text>
      </extended_event_descriptor>
      <content_descriptor>
        <content content_nibble_level_1="0" content_nibble_level_2="0" user_byte="0x00"/>
      </content_descriptor>
    </event>
    <event event_id="0xC7AA" start_time="2019-01-19 22:00:00" duration="01:00:00" running_status="not-running" CA_mode="false">
      <short_event_descriptor language_code="cze">
        <event_name>Mostly Bop</event_name>
        <text></text>
      </short_event_descriptor>
      <extended_event_descriptor descriptor_number="0" last_descriptor_number="0" language_code="cze">
        <text>Nejen bopovou klasikou je člověk živ. V tomto bloku ji doplňuje pop jazz, cool jazz, latina či straight ahead.</text>
      </extended_event_descriptor>
      <content_descriptor>
        <content content_nibble_level_1="0" content_nibble_level_2="0" user_byte="0x00"/>
      </content_descriptor>
    </event>
  </EIT>
  <EIT type="pf" version="28" current="true" actual="true" service_id="0x0103" transport_stream_id="0x0111" original_network_id="0x20CB" last_table_id="0x4E">
    <!-- PID 0x0012 (18) -->
    <event event_id="0x4B55" start_time="2019-01-19 20:00:00" duration="00:05:00" running_status="running" CA_mode="false">
      <short_event_descriptor language_code="cze">
        <event_name>Zprávy</event_name>
        <text></text>
      </short_event_descriptor>
      <extended_event_descriptor descriptor_number="0" last_descriptor_number="0" language_code="cze">
        <text>HDTV
Zvukový popis
Skryté titulky</text>
        <item>
          <description>Žánr</description>
          <name>zprávy, počasí</name>
        </item>
      </extended_event_descriptor>
      <content_descriptor>
        <content content_nibble_level_1="2" content_nibble_level_2="1" user_byte="0x00"/>
      </content_descriptor>
      <parental_rating_descriptor>
        <country country_code="CZE" rating="0x00"/>
      </parental_rating_descriptor>
      <PDC_descriptor programme_identification_label="01-19 21:00"/>
      <component_descriptor stream_content="0x01" stream_content_ext="0x0F" component_type="0x03" component_tag="0x01" language_code="cze" text=""/>
      <component_descriptor stream_content="0x02" stream_content_ext="0x0F" component_type="0x03" component_tag="0x02" language_code="cze" text=""/>
      <component_descriptor stream_content="0x02" stream_content_ext="0x0F" component_type="0x40" component_tag="0x07" language_code="cze" text=""/>
      <component_descriptor stream_content="0x03" stream_content_ext="0x0F" component_type="0x02" component_tag="0x04" language_code="cze" text=""/>
    </event>
    <event event_id="0x4B58" start_time="2019-01-19 20:05:00" duration="00:55:00" running_status="starting" CA_mode="false">
      <short_event_descriptor language_code="cze">
        <event_name>Historie.cs</event_name>
        <text>Za kopečky do Československa.
Západní poúnoroví emigranti a návštěvníci u nás. Praha jako Ženeva východu. A proč tu většinou nezůstali a co tu dělali?</text>
      </short_event_descriptor>
      <extended_event_descriptor descriptor_number="0" last_descriptor_number="3" language_code="cze">
        <text>HDTV
Skryté titulky
Po zrodu železné opony neutíkali lidé pouze z Československa na západ, ale občas někdo ze západního světa požádal o politický i </text>
        <item>
          <description>Repríza</description>
          <name>ČT24 20.1. 9:05, ČT24 26.1. 13:05</name>
        </item>
        <item>
          <description>Žánr</description>
          <name>magazíny, reportáže, dokumenty</name>
        </item>
      </extended_event_descriptor>
      <extended_event_descriptor descriptor_number="1" last_descriptor_number="3" language_code="cze">
        <text>azyl u nás. Šlo sice o jednotlivce, ale zpravidla velmi zajímavých osudů. Jejich žádosti měli různorodou motivaci a také zacházení ze strany našeho státu i běžných lidí nebylo vždy stejné. A navíc tu často odvedli kus práce a </text>
      </extended_event_descriptor>
      <extended_event_descriptor descriptor_number="2" last_descriptor_number="3" language_code="cze">
        <text>přispěli paradoxně na uvolňování západní kultury u nás. Kromě toho zejména v padesátých letech do našich lázní a do Prahy přijížděly celé výpravy západních dělníků a levicově zaměřených intelektuálů a komunistů. Jak</text>
      </extended_event_descriptor>
      <extended_event_descriptor descriptor_number="3" last_descriptor_number="3" language_code="cze">
        <text> jim se tu líbilo a nakolik prokoukli potěmkinovskou hru, která se s nimi hrála? A kdo to všechno financoval?</text>
      </extended_event_descriptor>
      <content_descriptor>
        <content content_nibble_level_1="8" content_nibble_level_2="1" user_byte="0x00"/>
      </content_descriptor>
      <parental_rating_descriptor>
        <country country_code="CZE" rating="0x00"/>
      </parental_rating_descriptor>
      <PDC_descriptor programme_identification_label="01-19 21:05"/>
      <component_descriptor stream_content="0x01" stream_content_ext="0x0F" component_type="0x03" component_tag="0x01" language_code="cze" text=""/>
      <component_descriptor stream_content="0x02" stream_content_ext="0x0F" component_type="0x03" component_tag="0x02" language_code="cze" text=""/>
      <component_descriptor stream_content="0x03" stream_content_ext="0x0F" component_type="0x01" component_tag="0x04" language_code="cze" text=""/>
      <component_descriptor stream_content="0x03" stream_content_ext="0x0F" component_type="0x02" component_tag="0x04" language_code="cze" text=""/>
    </event>
  </EIT>
  <EIT type="pf" version="25" current="true" actual="true" service_id="0x4107" transport_stream_id="0x0111" original_network_id="0x20CB" last_table_id="0x4E">
    <!-- PID 0x0012 (18) -->
    <event event_id="0xC755" start_time="2019-01-19 20:00:00" duration="00:05:00" running_status="running" CA_mode="false">
      <short_event_descriptor language_code="cze">
        <event_name>Zprávy</event_name>
        <text></text>
      </short_event_descriptor>
      <content_descriptor>
        <content content_nibble_level_1="0" content_nibble_level_2="0" user_byte="0x00"/>
      </content_descriptor>
    </event>
    <event event_id="0xC758" start_time="2019-01-19 20:05:00" duration="00:55:00" running_status="starting" CA_mode="false">
      <short_event_descriptor language_code="cze">
        <event_name>Dobrá vůle Plus</event_name>
        <text></text>
      </short_event_descriptor>
      <extended_event_descriptor descriptor_number="0" last_descriptor_number="2" language_code="cze">
        <text>Dnešní dokument z cyklu Dobrá vůle Plus je o husitské farářce Michaele Procházkové, která je zároveň pravnučkou Boženy Němcové. Michaela Procházková a její manžel na své říčanské faře poskytli přístřeší několika dosp</text>
      </extended_event_descriptor>
      <extended_event_descriptor descriptor_number="1" last_descriptor_number="2" language_code="cze">
        <text>ívajícím lidem bez zázemí, kteří odešli uz dětských domovů. Šest z nich přijali do pěstounské péče. Dokument Ve stopách předků natočil Jan Zítka. Dramaturgii měla Lenka Svobodová, režii Yvona Žertová a mistrem zvuku byl Do</text>
      </extended_event_descriptor>
      <extended_event_descriptor descriptor_number="2" last_descriptor_number="2" language_code="cze">
        <text>minik Budil. Na dokument naváže debata o tom, jak nás mohou inspirovat osudy našich předků.</text>
      </extended_event_descriptor>
      <content_descriptor>
        <content content_nibble_level_1="0" content_nibble_level_2="0" user_byte="0x00"/>
      </content_descriptor>
    </event>
  </EIT>
  <EIT type="pf" version="29" current="true" actual="true" service_id="0x0103" transport_stream_id="0x0111" original_network_id="0x20CB" last_table_id="0x4E">
    <!-- PID 0x0012 (18) -->
    <event event_id="0x4B58" start_time="2019-01-19 20:05:00" duration="00:55:00" running_status="running" CA_mode="false">
      <short_event_descriptor language_code="cze">
        <event_name>Historie.cs</event_name>
        <text>Za kopečky do Československa.
Západní poúnoroví emigranti a návštěvníci u nás. Praha jako Ženeva východu. A proč tu většinou nezůstali a co tu dělali?</text>
      </short_event_descriptor>
      <extended_event_descriptor descriptor_number="0" last_descriptor_number="3" language_code="cze">
        <text>HDTV
Skryté titulky
Po zrodu železné opony neutíkali lidé pouze z Československa na západ, ale občas někdo ze západního světa požádal o politický i </text>
        <item>
          <description>Repríza</description>
          <name>ČT24 20.1. 9:05, ČT24 26.1. 13:05</name>
        </item>
        <item>
          <description>Žánr</description>
          <name>magazíny, reportáže, dokumenty</name>
        </item>
      </extended_event_descriptor>
      <extended_event_descriptor descriptor_number="1" last_descriptor_number="3" language_code="cze">
        <text>azyl u nás. Šlo sice o jednotlivce, ale zpravidla velmi zajímavých osudů. Jejich žádosti měli různorodou motivaci a také zacházení ze strany našeho státu i běžných lidí nebylo vždy stejné. A navíc tu často odvedli kus práce a </text>
      </extended_event_descriptor>
      <extended_event_descriptor descriptor_number="2" last_descriptor_number="3" language_code="cze">
        <text>přispěli paradoxně na uvolňování západní kultury u nás. Kromě toho zejména v padesátých letech do našich lázní a do Prahy přijížděly celé výpravy západních dělníků a levicově zaměřených intelektuálů a komunistů. Jak</text>
      </extended_event_descriptor>
      <extended_event_descriptor descriptor_number="3" last_descriptor_number="3" language_code="cze">
        <text> jim se tu líbilo a nakolik prokoukli potěmkinovskou hru, která se s nimi hrála? A kdo to všechno financoval?</text>
      </extended_event_descriptor>
      <content_descriptor>
        <content content_nibble_level_1="8" content_nibble_level_2="1" user_byte="0x00"/>
      </content_descriptor>
      <parental_rating_descriptor>
        <country country_code="CZE" rating="0x00"/>
      </parental_rating_descriptor>
      <PDC_descriptor programme_identification_label="01-19 21:05"/>
      <component_descriptor stream_content="0x01" stream_content_ext="0x0F" component_type="0x03" component_tag="0x01" language_code="cze" text=""/>
      <component_descriptor stream_content="0x02" stream_content_ext="0x0F" component_type="0x03" component_tag="0x02" language_code="cze" text=""/>
      <component_descriptor stream_content="0x03" stream_content_ext="0x0F" component_type="0x01" component_tag="0x04" language_code="cze" text=""/>
      <component_descriptor stream_content="0x03" stream_content_ext="0x0F" component_type="0x02" component_tag="0x04" language_code="cze" text=""/>
    </event>
    <event event_id="0x4B81" start_time="2019-01-19 21:00:00" duration="00:04:50" running_status="not-running" CA_mode="false">
      <short_event_descriptor language_code="cze">
        <event_name>Zprávy</event_name>
        <text></text>
      </short_event_descriptor>
      <extended_event_descriptor descriptor_number="0" last_descriptor_number="0" language_code="cze">
        <text>HDTV
Skryté titulky</text>
        <item>
          <description>Žánr</description>
          <name>zprávy, počasí</name>
        </item>
      </extended_event_descriptor>
      <content_descriptor>
        <content content_nibble_level_1="2" content_nibble_level_2="1" user_byte="0x00"/>
      </content_descriptor>
      <parental_rating_descriptor>
        <country country_code="CZE" rating="0x00"/>
      </parental_rating_descriptor>
      <PDC_descriptor programme_identification_label="01-19 22:00"/>
      <component_descriptor stream_content="0x01" stream_content_ext="0x0F" component_type="0x03" component_tag="0x01" language_code="cze" text=""/>
      <component_descriptor stream_content="0x02" stream_content_ext="0x0F" component_type="0x03" component_tag="0x02" language_code="cze" text=""/>
      <component_descriptor stream_content="0x03" stream_content_ext="0x0F" component_type="0x02" component_tag="0x04" language_code="cze" text=""/>
    </event>
  </EIT>
  <EIT type="pf" version="26" current="true" actual="true" service_id="0x4107" transport_stream_id="0x0111" original_network_id="0x20CB" last_table_id="0x4E">
    <!-- PID 0x0012 (18) -->
    <event event_id="0xC758" start_time="2019-01-19 20:05:00" duration="00:55:00" running_status="running" CA_mode="false">
      <short_event_descriptor language_code="cze">
        <event_name>Dobrá vůle Plus</event_name>
        <text></text>
      </short_event_descriptor>
      <extended_event_descriptor descriptor_number="0" last_descriptor_number="2" language_code="cze">
        <text>Dnešní dokument z cyklu Dobrá vůle Plus je o husitské farářce Michaele Procházkové, která je zároveň pravnučkou Boženy Němcové. Michaela Procházková a její manžel na své říčanské faře poskytli přístřeší několika dosp</text>
      </extended_event_descriptor>
      <extended_event_descriptor descriptor_number="1" last_descriptor_number="2" language_code="cze">
        <text>ívajícím lidem bez zázemí, kteří odešli uz dětských domovů. Šest z nich přijali do pěstounské péče. Dokument Ve stopách předků natočil Jan Zítka. Dramaturgii měla Lenka Svobodová, režii Yvona Žertová a mistrem zvuku byl Do</text>
      </extended_event_descriptor>
      <extended_event_descriptor descriptor_number="2" last_descriptor_number="2" language_code="cze">
        <text>minik Budil. Na dokument naváže debata o tom, jak nás mohou inspirovat osudy našich předků.</text>
      </extended_event_descriptor>
      <content_descriptor>
        <content content_nibble_level_1="0" content_nibble_level_2="0" user_byte="0x00"/>
      </content_descriptor>
    </event>
    <event event_id="0xC780" start_time="2019-01-19 21:00:00" duration="00:05:00" running_status="not-running" CA_mode="false">
      <short_event_descriptor language_code="cze">
        <event_name>Zprávy</event_name>
        <text></text>
      </short_event_descriptor>
      <content_descriptor>
        <content content_nibble_level_1="0" content_nibble_level_2="0" user_byte="0x00"/>
      </content_descriptor>
    </event>
  </EIT>
  <EIT type="pf" version="16" current="true" actual="true" service_id="0x4101" transport_stream_id="0x0111" original_network_id="0x20CB" last_table_id="0x4E">
    <!-- PID 0x0012 (18) -->
    <event event_id="0xC755" start_time="2019-01-19 20:00:00" duration="00:06:00" running_status="running" CA_mode="false">
      <short_event_descriptor language_code="cze">
        <event_name>Zprávy</event_name>
        <text></text>
      </short_event_descriptor>
      <extended_event_descriptor descriptor_number="0" last_descriptor_number="0" language_code="cze">
        <text>Z domova i ze světa. Sport, Zelená vlna a počasí. O dopravní situaci informujte na bezplatné lince 800 553 553.</text>
      </extended_event_descriptor>
      <content_descriptor>
        <content content_nibble_level_1="0" content_nibble_level_2="0" user_byte="0x00"/>
      </content_descriptor>
    </event>
    <event event_id="0xC759" start_time="2019-01-19 20:06:00" duration="00:54:00" running_status="starting" CA_mode="false">
      <short_event_descriptor language_code="cze">
        <event_name>Příběhy 20. století</event_name>
        <text></text>
      </short_event_descriptor>
      <content_descriptor>
        <content content_nibble_level_1="0" content_nibble_level_2="0" user_byte="0x00"/>
      </content_descriptor>
    </event>
  </EIT>
  <EIT type="pf" version="17" current="true" actual="true" service_id="0x4101" transport_stream_id="0x0111" original_network_id="0x20CB" last_table_id="0x4E">
    <!-- PID 0x0012 (18) -->
    <event event_id="0xC759" start_time="2019-01-19 20:06:00" duration="00:54:00" running_status="running" CA_mode="false">
      <short_event_descriptor language_code="cze">
        <event_name>Příběhy 20. století</event_name>
        <text></text>
      </short_event_descriptor>
      <content_descriptor>
        <content content_nibble_level_1="0" content_nibble_level_2="0" user_byte="0x00"/>
      </content_descriptor>
    </event>
    <event event_id="0xC780" start_time="2019-01-19 21:00:00" duration="00:05:00" running_status="not-running" CA_mode="false">
      <short_event_descriptor language_code="cze">
        <event_name>Zprávy</event_name>
        <text></text>
      </short_event_descriptor>
      <extended_event_descriptor descriptor_number="0" last_descriptor_number="0" language_code="cze">
        <text>Zpravodajství z Česka i ze světa. Sport, Zelená vlna a předpověď počasí. O dopravní situaci informujte na bezplatné lince 800 553 553.</text>
      </extended_event_descriptor>
      <content_descriptor>
        <content content_nibble_level_1="0" content_nibble_level_2="0" user_byte="0x00"/>
      </content_descriptor>
    </event>
  </EIT>
  <EIT type="0" version="10" current="true" actual="true" service_id="0x0101" transport_stream_id="0x0111" original_network_id="0x20CB" last_table_id="0x50">
    <!-- PID 0x0012 (18) -->
    <event event_id="0x4AD1" start_time="2019-01-19 16:55:00" duration="00:31:14" running_status="undefined" CA_mode="false">
      <short_event_descriptor language_code="cze">
        <event_name>Kočka není pes, Návrat za minulými případy</event_name>
        <text>Premiéra třetí řady cyklu České televize, ve kterém Rudolf Desenský a Klára Vodičková radí majitelům s výchovou domácích mazlíčků. Režie J. Mádle.</text>
      </short_event_descriptor>
      <extended_event_descriptor descriptor_number="0" last_descriptor_number="6" language_code="cze">
        <text>HDTV
Zvukový popis
Skryté titulky
Dnešní díl je poněkud atypický. Vracíme se k některým zajímavým příběhům z druhé série. Pamatujete si zamilovaného kocoura Čakyho</text>
        <item>
          <description>Repríza</description>
          <name>ČT1 23.1. 4:45</name>
        </item>
        <item>
          <description>Žánr</description>
          <name>magazíny, reportáže, dokumenty</name>
        </item>
      </extended_event_descriptor>
      <extended_event_descriptor descriptor_number="1" last_descriptor_number="6" language_code="cze">
        <text>, který terorizoval své majitele? Klářiny rady zabraly, ale Čaky přišel na něco nového. Nechce pustit majitele z bytu. Dalším nijak neobvyklým případem byla rozmazlená fenka Míša. Sympatickým majitelům močila po bytě a na proch</text>
      </extended_event_descriptor>
      <extended_event_descriptor descriptor_number="2" last_descriptor_number="6" language_code="cze">
        <text>ázkách útočila na všechny psy. Ruda je navštíví v jejich pražském bytě a vidí obrovský pokrok. Podíváme se také, jak se daří bojácnému černému kocourkovi Panu Nováčkovi, který se neustále ukrýval v gauči. Klára byla zvě</text>
      </extended_event_descriptor>
      <extended_event_descriptor descriptor_number="3" last_descriptor_number="6" language_code="cze">
        <text>davá, co se v téhle domácnosti za tu dobu událo. Paní majitelka má miminko, změnilo se osazenstvo koček a Pan Nováček se viditelně zklidnil. Po roce navštívil Ruda Ondřeje Kobzu na romantickém hradě. Z jeho štěněte Barunky se už </text>
      </extended_event_descriptor>
      <extended_event_descriptor descriptor_number="4" last_descriptor_number="6" language_code="cze">
        <text>stala velká slečna. Po prvním hárání se výrazně zklidnila. Velmi problematické soužití tří znesvářených koček Sissi, Abigail a Jasmínky značně komplikovalo život sympatickému páru z Prahy. Majitelé vytvořili ve svém bytě d</text>
      </extended_event_descriptor>
      <extended_event_descriptor descriptor_number="5" last_descriptor_number="6" language_code="cze">
        <text>oslova kočičí ráj. Klára uděluje tři hvězdičky. Podíváme se i za hyperaktivní a nevychovanou fenkou Bárou. Vzpomínáte na slepici ulovenou v přímém přenosu? Bára dnes reaguje na povely, i když to ještě není stoprocentní, Ruda</text>
      </extended_event_descriptor>
      <extended_event_descriptor descriptor_number="6" last_descriptor_number="6" language_code="cze">
        <text> je upřímně překvapen. Právě na těchto příbězích je vidět obrovské úsilí a maximální snahu všech zúčastněných o vyladění vzájemného soužití.</text>
      </extended_event_descriptor>
      <component_descriptor stream_content="0x05" stream_content_ext="0x0F" component_type="0x0B" component_tag="0x01" language_code="cze" text=""/>
      <component_descriptor stream_content="0x02" stream_content_ext="0x0F" component_type="0x03" component_tag="0x02" language_code="cze" text=""/>
      <component_descriptor stream_content="0x03" stream_content_ext="0x0F" component_type="0x01" component_tag="0x04" language_code="cze" text=""/>
      <component_descriptor stream_content="0x02" stream_content_ext="0x0F" component_type="0x40" component_tag="0x07" language_code="cze" text=""/>
      <content_descriptor>
        <content content_nibble_level_1="8" content_nibble_level_2="1" user_byte="0x00"/>
      </content_descriptor>
      <parental_rating_descriptor>
        <country country_code="CZE" rating="0x00"/>
      </parental_rating_descriptor>
      <PDC_descriptor programme_identification_label="01-19 17:50"/>
    </event>
    <event event_id="0x4AE8" start_time="2019-01-19 17:26:14" duration="00:28:46" running_status="undefined" CA_mode="false">
      <short_event_descriptor language_code="cze">
        <event_name>Kluci v akci</event_name>
        <text>Tipy, jak uvařit výtečná jídla za pár korun. Připravil M. Froyda.</text>
      </short_event_descriptor>
      <extended_event_descriptor descriptor_number="0" last_descriptor_number="3" language_code="cze">
        <text>HDTV
Skryté titulky
Začátkem roku odlehčíme našim peněženkám, což ovšem neznamená, že se u lednového stolu budeme šidit. Naopak, kuchařská dvojice přinese tipy, jak z obyčej</text>
        <item>
          <description>Repríza</description>
          <name>ČT1 24.1. 4:45</name>
        </item>
        <item>
          <description>Žánr</description>
          <name>aktivity pro Volný čas</name>
        </item>
      </extended_event_descriptor>
      <extended_event_descriptor descriptor_number="1" last_descriptor_number="3" language_code="cze">
        <text>ných surovin vykouzlit jídla lahodná, za která by se nestyděl ani šéfkuchař špičkové restaurace. Bramborovo-hrachový krém s karamelizovaným jablkem je prostý a naprosto famózní. Konfitovaný bůček, posléze obalený v trojobalu a </text>
      </extended_event_descriptor>
      <extended_event_descriptor descriptor_number="2" last_descriptor_number="3" language_code="cze">
        <text>usmažený, s křehkým a svěžím celerovým salátem, je lahůdkou především pro milovníky masa. A v zimních měsících dodá i potřebnou energii. Jako dezert se budou podávat malé, dozlatova pečené buchtičky z kynutého těsta. Jsou </text>
      </extended_event_descriptor>
      <extended_event_descriptor descriptor_number="3" last_descriptor_number="3" language_code="cze">
        <text>obalované v ořechách a rozinkách marinovaných v rumu.</text>
      </extended_event_descriptor>
      <component_descriptor stream_content="0x05" stream_content_ext="0x0F" component_type="0x0B" component_tag="0x01" language_code="cze" text=""/>
      <component_descriptor stream_content="0x02" stream_content_ext="0x0F" component_type="0x03" component_tag="0x02" language_code="cze" text=""/>
      <component_descriptor stream_content="0x03" stream_content_ext="0x0F" component_type="0x01" component_tag="0x04" language_code="cze" text=""/>
      <content_descriptor>
        <content content_nibble_level_1="10" content_nibble_level_2="0" user_byte="0x00"/>
      </content_descriptor>
      <parental_rating_descriptor>
        <country country_code="CZE" rating="0x00"/>
      </parental_rating_descriptor>
      <PDC_descriptor programme_identification_label="01-19 18:25"/>
    </event>
    <event event_id="0x4AFE" start_time="2019-01-19 17:55:00" duration="00:05:00" running_status="undefined" CA_mode="false">
      <short_event_descriptor language_code="cze">
        <event_name>Události za okamžik a počasí</event_name>
        <text>Hlavní události a předpověď počasí.</text>
      </short_event_descriptor>
      <extended_event_descriptor descriptor_number="0" last_descriptor_number="0" language_code="cze">
        <text>HDTV
Zvukový popis
Skryté titulky</text>
        <item>
          <description>Žánr</description>
          <name>zprávy, počasí</name>
        </item>
      </extended_event_descriptor>
      <content_descriptor>
        <content content_nibble_level_1="2" content_nibble_level_2="1" user_byte="0x00"/>
      </content_descriptor>
      <parental_rating_descriptor>
        <country country_code="CZE" rating="0x00"/>
      </parental_rating_descriptor>
      <PDC_descriptor programme_identification_label="01-19 18:55"/>
      <component_descriptor stream_content="0x01" stream_content_ext="0x0F" component_type="0x03" component_tag="0x01" language_code="cze" text=""/>
      <component_descriptor stream_content="0x02" stream_content_ext="0x0F" component_type="0x03" component_tag="0x02" language_code="cze" text=""/>
      <component_descriptor stream_content="0x02" stream_content_ext="0x0F" component_type="0x40" component_tag="0x07" language_code="cze" text=""/>
      <component_descriptor stream_content="0x03" stream_content_ext="0x0F" component_type="0x02" component_tag="0x04" language_code="cze" text=""/>
    </event>
    <event event_id="0x4B01" start_time="2019-01-19 18:00:00" duration="00:45:00" running_status="undefined" CA_mode="false">
      <short_event_descriptor language_code="cze">
        <event_name>Události</event_name>
        <text>Hlavní zpravodajská relace České televize. Souhrn nejdůležitějších událostí dne v ČR i ve světě.</text>
      </short_event_descriptor>
      <extended_event_descriptor descriptor_number="0" last_descriptor_number="0" language_code="cze">
        <text>HDTV
Zvukový popis
Skryté titulky</text>
        <item>
          <description>Žánr</description>
          <name>zpravodajský pořad</name>
        </item>
      </extended_event_descriptor>
      <component_descriptor stream_content="0x05" stream_content_ext="0x0F" component_type="0x0B" component_tag="0x01" language_code="cze" text=""/>
      <component_descriptor stream_content="0x02" stream_content_ext="0x0F" component_type="0x03" component_tag="0x02" language_code="cze" text=""/>
      <component_descriptor stream_content="0x03" stream_content_ext="0x0F" component_type="0x01" component_tag="0x04" language_code="cze" text=""/>
      <component_descriptor stream_content="0x02" stream_content_ext="0x0F" component_type="0x40" component_tag="0x07" language_code="cze" text=""/>
      <content_descriptor>
        <content content_nibble_level_1="2" content_nibble_level_2="0" user_byte="0x00"/>
      </content_descriptor>
      <parental_rating_descriptor>
        <country country_code="CZE" rating="0x00"/>
      </parental_rating_descriptor>
      <PDC_descriptor programme_identification_label="01-19 19:00"/>
    </event>
    <event event_id="0x4B20" start_time="2019-01-19 18:45:00" duration="00:15:00" running_status="undefined" CA_mode="false">
      <short_event_descriptor language_code="cze">
        <event_name>Branky, body, vteřiny</event_name>
        <text></text>
      </short_event_descriptor>
      <extended_event_descriptor descriptor_number="0" last_descriptor_number="0" language_code="cze">
        <text>HDTV
Zvukový popis
Skryté titulky</text>
        <item>
          <description>Repríza</description>
          <name>ČT24 19.1. 19:46, ČT sport 20.1. 0:45</name>
        </item>
        <item>
          <description>Žánr</description>
          <name>zprávy, aktuální publicistika</name>
        </item>
      </extended_event_descriptor>
      <component_descriptor stream_content="0x05" stream_content_ext="0x0F" component_type="0x0B" component_tag="0x01" language_code="cze" text=""/>
      <component_descriptor stream_content="0x02" stream_content_ext="0x0F" component_type="0x03" component_tag="0x02" language_code="cze" text=""/>
      <component_descriptor stream_content="0x03" stream_content_ext="0x0F" component_type="0x01" component_tag="0x04" language_code="cze" text=""/>
      <component_descriptor stream_content="0x02" stream_content_ext="0x0F" component_type="0x40" component_tag="0x07" language_code="cze" text=""/>
      <content_descriptor>
        <content content_nibble_level_1="2" content_nibble_level_2="0" user_byte="0x00"/>
      </content_descriptor>
      <parental_rating_descriptor>
        <country country_code="CZE" rating="0x00"/>
      </parental_rating_descriptor>
      <PDC_descriptor programme_identification_label="01-19 19:45"/>
    </event>
    <event event_id="0x4B2B" start_time="2019-01-19 19:00:00" duration="01:10:50" running_status="undefined" CA_mode="false">
      <short_event_descriptor language_code="cze">
        <event_name>Zázraky přírody</event_name>
        <text>Zábavná show, kde největší hvězdou je příroda sama. Moderátoři Maroš Kramár a Vladimír Kořen vás provedou pořadem, u kterého se budete divit, žasnout a bavit. Dále účinkují: V. Postránecký, M. David,</text>
      </short_event_descriptor>
      <extended_event_descriptor descriptor_number="0" last_descriptor_number="2" language_code="cze">
        <text>J. Čenský a I. M. Zangi. Režie A. Rezek.
HDTV
Zvukový popis
Skryté titulky
Velká zábavná show, ve které nic není nemožné. Svou pohotovost tentokrát otestuje Václav Postránecký, Michal David, Jan </text>
        <item>
          <description>Žánr</description>
          <name>zábavný/ soutěžní pořad</name>
        </item>
      </extended_event_descriptor>
      <extended_event_descriptor descriptor_number="1" last_descriptor_number="2" language_code="cze">
        <text>Čenský a Imran Musa Zangi. Zkusili jsme prověřit jeden známý přírodní mýtus a vydali jsme se na daleké cesty do exotiky. Podíváme se i na malá vydří sedmerčata a ochutnáme nejdražší a nejsmrdutější ovoce na světě. Oba moder</text>
      </extended_event_descriptor>
      <extended_event_descriptor descriptor_number="2" last_descriptor_number="2" language_code="cze">
        <text>átoři vyrazili na řeku za rybáři, ale v jejich případě rozhodně nešlo o tichý a klidný sport. Těšte se na zábavný souboj se pstruhy.</text>
      </extended_event_descriptor>
      <content_descriptor>
        <content content_nibble_level_1="3" content_nibble_level_2="0" user_byte="0x00"/>
      </content_descriptor>
      <parental_rating_descriptor>
        <country country_code="CZE" rating="0x00"/>
      </parental_rating_descriptor>
      <PDC_descriptor programme_identification_label="01-19 20:00"/>
      <component_descriptor stream_content="0x01" stream_content_ext="0x0F" component_type="0x03" component_tag="0x01" language_code="cze" text=""/>
      <component_descriptor stream_content="0x02" stream_content_ext="0x0F" component_type="0x03" component_tag="0x02" language_code="cze" text=""/>
      <component_descriptor stream_content="0x02" stream_content_ext="0x0F" component_type="0x40" component_tag="0x07" language_code="cze" text=""/>
      <component_descriptor stream_content="0x03" stream_content_ext="0x0F" component_type="0x01" component_tag="0x04" language_code="cze" text=""/>
      <component_descriptor stream_content="0x03" stream_content_ext="0x0F" component_type="0x02" component_tag="0x04" language_code="cze" text=""/>
    </event>
    <event event_id="0x4B60" start_time="2019-01-19 20:10:50" duration="01:42:50" running_status="undefined" CA_mode="false">
      <short_event_descriptor language_code="cze">
        <event_name>Hotel Sacher, Sacher. In bester Gesellschaft, Das</event_name>
        <text>1/2 Vítejte v dobré společnosti. Německo-rakouský dvoudílný film o věhlasném vídeňském hotelu, jeho ředitelce i prominentních hostech (2016). Hrají: U. Straussová, J. Preussová,</text>
      </short_event_descriptor>
      <extended_event_descriptor descriptor_number="0" last_descriptor_number="7" language_code="cze">
        <text>J. Koschitzová, Peter Simonischek a další. Režie Robert Dornhelm.
HDTV
2 jazykové verze
Skryté titulky
Legendární hotel, který dodnes platí za synonymum vídeňského životního stylu, je dějištěm mnoho</text>
        <item>
          <description>Žánr</description>
          <name>film / dramatický pořad</name>
        </item>
      </extended_event_descriptor>
      <extended_event_descriptor descriptor_number="1" last_descriptor_number="7" language_code="cze">
        <text>vrstevnatého společenského dramatu. Vyprávění, které splétá několik dějových linií, v sobě současně spojuje prvky melodramatu, krimi, thrilleru a morálního dramatu, zatímco prostřednictvím životních osudů reálných i fiktivn</text>
      </extended_event_descriptor>
      <extended_event_descriptor descriptor_number="2" last_descriptor_number="7" language_code="cze">
        <text>ích postav vykresluje jednak blyštivý svět smetánky, ale také společenské proměny na konci Rakouska-Uherska. Německo-rakouský dvoudílný televizní film je zasazený do doby kolem roku 1900, kdy vedení hotelu po zesnulém manželovi Edu</text>
      </extended_event_descriptor>
      <extended_event_descriptor descriptor_number="3" last_descriptor_number="7" language_code="cze">
        <text>ardovi převzala Anna Sacherová a udělala z něj místo, kde se setkávala dobová elita. Zatímco se schyluje k oslavám přelomu století, rozvíjí se milostný mnohoúhelník mezi dvěma páry z vyšší společnosti, které se v hotelu potká</text>
      </extended_event_descriptor>
      <extended_event_descriptor descriptor_number="4" last_descriptor_number="7" language_code="cze">
        <text>vají, a policie vyšetřuje únos nemanželské dcery pradleny z hotelu. 

----------  díl 1  ----------

V noci, kdy umírá hoteliér Eduard Sacher, dojde také k únosu jedenáctileté Marie, nemanželské dcery pradleny z hotelu Sacher. Dívka</text>
      </extended_event_descriptor>
      <extended_event_descriptor descriptor_number="5" last_descriptor_number="7" language_code="cze">
        <text> je následně uvězněna v katakombách pod nedalekou budovou Vídeňské státní opery. Zatímco její osud zůstává nejasný, nahoře jde život dál. Po zesnulém manželovi přebírá vedení hotelu jeho žena Anna, ale čeká ji mnoho výze</text>
      </extended_event_descriptor>
      <extended_event_descriptor descriptor_number="6" last_descriptor_number="7" language_code="cze">
        <text>v, aby pozici hotelu udržela vůči konkurenci ve společenském klimatu, které zrovna nepřeje ženám v pozicích tradičně ovládaných muži. V hotelu se mezitím potká mladá kněžna Konstanze von Traunstein s berlínskou vydavatelkou Mart</text>
      </extended_event_descriptor>
      <extended_event_descriptor descriptor_number="7" last_descriptor_number="7" language_code="cze">
        <text>hou Aderholdovou. Jejich přátelství ale začne ohrožovat románek Konstanze s Marthiným manželem, neúspěšným spisovatelem Maximilianem. A jakou má kníže Hans-Georg von Traunstein spojitost se zmizením malé Marie?</text>
      </extended_event_descriptor>
      <content_descriptor>
        <content content_nibble_level_1="1" content_nibble_level_2="0" user_byte="0x00"/>
      </content_descriptor>
      <parental_rating_descriptor>
        <country country_code="CZE" rating="0x00"/>
      </parental_rating_descriptor>
      <PDC_descriptor programme_identification_label="01-19 21:15"/>
      <component_descriptor stream_content="0x01" stream_content_ext="0x0F" component_type="0x03" component_tag="0x01" language_code="cze" text=""/>
      <component_descriptor stream_content="0x02" stream_content_ext="0x0F" component_type="0x04" component_tag="0x02" language_code="cze" text=""/>
      <component_descriptor stream_content="0x03" stream_content_ext="0x0F" component_type="0x01" component_tag="0x04" language_code="cze" text=""/>
      <component_descriptor stream_content="0x03" stream_content_ext="0x0F" component_type="0x02" component_tag="0x04" language_code="cze" text=""/>
    </event>
    <event event_id="0x4BA5" start_time="2019-01-19 21:53:40" duration="00:01:15" running_status="undefined" CA_mode="false">
      <short_event_descriptor language_code="cze">
        <event_name>Výsledky losování Šťastných 10 a Euromiliony</event_name>
        <text></text>
      </short_event_descriptor>
      <extended_event_descriptor descriptor_number="0" last_descriptor_number="0" language_code="cze">
        <text>HDTV</text>
        <item>
          <description>Žánr</description>
          <name>kviz / soutěž</name>
        </item>
      </extended_event_descriptor>
      <content_descriptor>
        <content content_nibble_level_1="3" content_nibble_level_2="1" user_byte="0x00"/>
      </content_descriptor>
      <parental_rating_descriptor>
        <country country_code="CZE" rating="0x00"/>
      </parental_rating_descriptor>
      <PDC_descriptor programme_identification_label="01-19 22:54"/>
      <component_descriptor stream_content="0x01" stream_content_ext="0x0F" component_type="0x03" component_tag="0x01" language_code="cze" text=""/>
      <component_descriptor stream_content="0x02" stream_content_ext="0x0F" component_type="0x03" component_tag="0x02" language_code="cze" text=""/>
      <component_descriptor stream_content="0x03" stream_content_ext="0x0F" component_type="0x02" component_tag="0x04" language_code="cze" text=""/>
    </event>
    <event event_id="0x4BA6" start_time="2019-01-19 21:54:55" duration="01:30:05" running_status="undefined" CA_mode="false">
      <short_event_descriptor language_code="cze">
        <event_name>Arthur Newman</event_name>
        <text>Omrzel vás ten nudný život? Pořiďte si jiný! Americký film (2012). Hrají: C. Firth, E. Bluntová, A. Hecheová, K. Lehmanová, D. Andrews, P. Jurasik, M. E. Walsh a další. Režie Dante Ariola.</text>
      </short_event_descriptor>
      <extended_event_descriptor descriptor_number="0" last_descriptor_number="3" language_code="cze">
        <text>HDTV
Skryté titulky
Manažer velké nadnárodní společnosti Wallace Avery (C. Firth) je ve všech směrech průměrným člověkem. Svou práci nenávidí, zatímco bývalá manželka a syn nenávidí jeho. Wallac</text>
        <item>
          <description>Žánr</description>
          <name>film / dramatický pořad</name>
        </item>
      </extended_event_descriptor>
      <extended_event_descriptor descriptor_number="1" last_descriptor_number="3" language_code="cze">
        <text>e se proto rozhodne hodit svůj dosavadní život za hlavu. Pořídí si falešné doklady na jméno Arthur Newman, zinscenuje vlastní smrt a pod novým jménem se vydá na cestu. Seznámí se s krásnou, avšak proradnou zlodějkou Mike (E. Blunto</text>
      </extended_event_descriptor>
      <extended_event_descriptor descriptor_number="2" last_descriptor_number="3" language_code="cze">
        <text>vá), která se také pokouší skoncovat s minulostí. Oba se začnou bavit tím, že potají pronikají do opuštěných domů, hrají si na jejich majitele a na několik hodin "žijí" jejich životem. Brzy však oběma začne docházet, že út</text>
      </extended_event_descriptor>
      <extended_event_descriptor descriptor_number="3" last_descriptor_number="3" language_code="cze">
        <text>ěk z jejich vlastní minulosti není žádným řešením...</text>
      </extended_event_descriptor>
      <content_descriptor>
        <content content_nibble_level_1="1" content_nibble_level_2="0" user_byte="0x00"/>
      </content_descriptor>
      <parental_rating_descriptor>
        <country country_code="CZE" rating="0x00"/>
      </parental_rating_descriptor>
      <PDC_descriptor programme_identification_label="01-19 22:55"/>
      <component_descriptor stream_content="0x01" stream_content_ext="0x0F" component_type="0x01" component_tag="0x01" language_code="cze" text=""/>
      <component_descriptor stream_content="0x02" stream_content_ext="0x0F" component_type="0x03" component_tag="0x02" language_code="cze" text=""/>
      <component_descriptor stream_content="0x03" stream_content_ext="0x0F" component_type="0x01" component_tag="0x04" language_code="cze" text=""/>
      <component_descriptor stream_content="0x03" stream_content_ext="0x0F" component_type="0x02" component_tag="0x04" language_code="cze" text=""/>
    </event>
    <event event_id="0x4BE6" start_time="2019-01-19 23:25:00" duration="00:25:31" running_status="undefined" CA_mode="false">
      <short_event_descriptor language_code="cze">
        <event_name>Banánové rybičky</event_name>
        <text>Zábavná talk show Haliny Pawlowské, tentokrát na téma "jak přežít učitele a školu" (1999). Spoluúčinkují J. Svěcený a R. Tesařík. Režie J. Rásocha a K. Czaban.</text>
      </short_event_descriptor>
      <extended_event_descriptor descriptor_number="0" last_descriptor_number="0" language_code="cze">
        <text>4:3
Skryté titulky</text>
        <item>
          <description>Žánr</description>
          <name>talk show</name>
        </item>
      </extended_event_descriptor>
      <content_descriptor>
        <content content_nibble_level_1="3" content_nibble_level_2="3" user_byte="0x00"/>
      </content_descriptor>
      <parental_rating_descriptor>
        <country country_code="CZE" rating="0x00"/>
      </parental_rating_descriptor>
      <PDC_descriptor programme_identification_label="01-20 00:25"/>
      <component_descriptor stream_content="0x01" stream_content_ext="0x0F" component_type="0x01" component_tag="0x01" language_code="cze" text=""/>
      <component_descriptor stream_content="0x02" stream_content_ext="0x0F" component_type="0x03" component_tag="0x02" language_code="cze" text=""/>
      <component_descriptor stream_content="0x03" stream_content_ext="0x0F" component_type="0x01" component_tag="0x04" language_code="cze" text=""/>
      <component_descriptor stream_content="0x03" stream_content_ext="0x0F" component_type="0x02" component_tag="0x04" language_code="cze" text=""/>
    </event>
    <event event_id="0x4BF9" start_time="2019-01-19 23:50:31" duration="00:24:29" running_status="undefined" CA_mode="false">
      <short_event_descriptor language_code="cze">
        <event_name>Přes nový práh</event_name>
        <text>Magazín pro všechny, kteří uvažují o změně bydlení. Realitní experti vás dovedou ke dveřím vašeho příštího domova (2009).</text>
      </short_event_descriptor>
      <extended_event_descriptor descriptor_number="0" last_descriptor_number="0" language_code="cze">
        <text>16:9
Skryté titulky</text>
        <item>
          <description>Žánr</description>
          <name>magazíny, reportáže, dokumenty</name>
        </item>
      </extended_event_descriptor>
      <content_descriptor>
        <content content_nibble_level_1="8" content_nibble_level_2="1" user_byte="0x00"/>
      </content_descriptor>
      <parental_rating_descriptor>
        <country country_code="CZE" rating="0x00"/>
      </parental_rating_descriptor>
      <PDC_descriptor programme_identification_label="01-20 00:50"/>
      <component_descriptor stream_content="0x01" stream_content_ext="0x0F" component_type="0x03" component_tag="0x01" language_code="cze" text=""/>
      <component_descriptor stream_content="0x02" stream_content_ext="0x0F" component_type="0x03" component_tag="0x02" language_code="cze" text=""/>
      <component_descriptor stream_content="0x03" stream_content_ext="0x0F" component_type="0x01" component_tag="0x04" language_code="cze" text=""/>
      <component_descriptor stream_content="0x03" stream_content_ext="0x0F" component_type="0x02" component_tag="0x04" language_code="cze" text=""/>
    </event>
    <event event_id="0x4C0A" start_time="2019-01-20 00:15:00" duration="00:23:15" running_status="undefined" CA_mode="false">
      <short_event_descriptor language_code="cze">
        <event_name>Zahrada je hra</event_name>
        <text>Razantní řezy pro krásu i ozdravení (2008). Fůra nápadů pro vaši zahradu.</text>
      </short_event_descriptor>
      <extended_event_descriptor descriptor_number="0" last_descriptor_number="0" language_code="cze">
        <text>4:3
Skryté titulky</text>
        <item>
          <description>Žánr</description>
          <name>aktivity pro Volný čas</name>
        </item>
      </extended_event_descriptor>
      <content_descriptor>
        <content content_nibble_level_1="10" content_nibble_level_2="0" user_byte="0x00"/>
      </content_descriptor>
      <parental_rating_descriptor>
        <country country_code="CZE" rating="0x00"/>
      </parental_rating_descriptor>
      <PDC_descriptor programme_identification_label="01-20 01:15"/>
      <component_descriptor stream_content="0x01" stream_content_ext="0x0F" component_type="0x01" component_tag="0x01" language_code="cze" text=""/>
      <component_descriptor stream_content="0x02" stream_content_ext="0x0F" component_type="0x03" component_tag="0x02" language_code="cze" text=""/>
      <component_descriptor stream_content="0x03" stream_content_ext="0x0F" component_type="0x01" component_tag="0x04" language_code="cze" text=""/>
      <component_descriptor stream_content="0x03" stream_content_ext="0x0F" component_type="0x02" component_tag="0x04" language_code="cze" text=""/>
    </event>
    <event event_id="0x4C1B" start_time="2019-01-20 00:38:15" duration="00:23:08" running_status="undefined" CA_mode="false">
      <short_event_descriptor language_code="cze">
        <event_name>Chalupa je hra</event_name>
        <text>Krbová vložka v cihlovém kabátě (2009). Magazín nejen pro chataře a chalupáře.</text>
      </short_event_descriptor>
      <extended_event_descriptor descriptor_number="0" last_descriptor_number="0" language_code="cze">
        <text>16:9
Skryté titulky</text>
        <item>
          <description>Žánr</description>
          <name>aktivity pro Volný čas</name>
        </item>
      </extended_event_descriptor>
      <content_descriptor>
        <content content_nibble_level_1="10" content_nibble_level_2="0" user_byte="0x00"/>
      </content_descriptor>
      <parental_rating_descriptor>
        <country country_code="CZE" rating="0x00"/>
      </parental_rating_descriptor>
      <PDC_descriptor programme_identification_label="01-20 01:35"/>
      <component_descriptor stream_content="0x01" stream_content_ext="0x0F" component_type="0x03" component_tag="0x01" language_code="cze" text=""/>
      <component_descriptor stream_content="0x02" stream_content_ext="0x0F" component_type="0x03" component_tag="0x02" language_code="cze" text=""/>
      <component_descriptor stream_content="0x03" stream_content_ext="0x0F" component_type="0x01" component_tag="0x04" language_code="cze" text=""/>
      <component_descriptor stream_content="0x03" stream_content_ext="0x0F" component_type="0x02" component_tag="0x04" language_code="cze" text=""/>
    </event>
    <event event_id="0x4C2B" start_time="2019-01-20 01:01:23" duration="00:23:41" running_status="undefined" CA_mode="false">
      <short_event_descriptor language_code="cze">
        <event_name>Bydlení je hra</event_name>
        <text>Když vyrostou z lega, změny je jim třeba (2012). Magazín o kultuře bydlení.</text>
      </short_event_descriptor>
      <extended_event_descriptor descriptor_number="0" last_descriptor_number="0" language_code="cze">
        <text>16:9
Skryté titulky</text>
        <item>
          <description>Žánr</description>
          <name>film / dramatický pořad</name>
        </item>
      </extended_event_descriptor>
      <content_descriptor>
        <content content_nibble_level_1="1" content_nibble_level_2="0" user_byte="0x00"/>
      </content_descriptor>
      <parental_rating_descriptor>
        <country country_code="CZE" rating="0x00"/>
      </parental_rating_descriptor>
      <PDC_descriptor programme_identification_label="01-20 02:00"/>
      <component_descriptor stream_content="0x01" stream_content_ext="0x0F" component_type="0x03" component_tag="0x01" language_code="cze" text=""/>
      <component_descriptor stream_content="0x02" stream_content_ext="0x0F" component_type="0x03" component_tag="0x02" language_code="cze" text=""/>
      <component_descriptor stream_content="0x03" stream_content_ext="0x0F" component_type="0x01" component_tag="0x04" language_code="cze" text=""/>
      <component_descriptor stream_content="0x03" stream_content_ext="0x0F" component_type="0x02" component_tag="0x04" language_code="cze" text=""/>
    </event>
    <event event_id="0x4C3C" start_time="2019-01-20 01:25:04" duration="01:30:18" running_status="undefined" CA_mode="false">
      <short_event_descriptor language_code="cze">
        <event_name>Sama doma</event_name>
        <text>Být doma neznamená šeď a nudu. Móda, zdraví, děti a tipy na víkend.</text>
      </short_event_descriptor>
      <extended_event_descriptor descriptor_number="0" last_descriptor_number="0" language_code="cze">
        <text>HDTV
Skryté titulky</text>
        <item>
          <description>Žánr</description>
          <name>zábavný/ soutěžní pořad</name>
        </item>
      </extended_event_descriptor>
      <content_descriptor>
        <content content_nibble_level_1="3" content_nibble_level_2="0" user_byte="0x00"/>
      </content_descriptor>
      <parental_rating_descriptor>
        <country country_code="CZE" rating="0x00"/>
      </parental_rating_descriptor>
      <PDC_descriptor programme_identification_label="01-20 02:25"/>
      <component_descriptor stream_content="0x01" stream_content_ext="0x0F" component_type="0x03" component_tag="0x01" language_code="cze" text=""/>
      <component_descriptor stream_content="0x02" stream_content_ext="0x0F" component_type="0x03" component_tag="0x02" language_code="cze" text=""/>
      <component_descriptor stream_content="0x03" stream_content_ext="0x0F" component_type="0x01" component_tag="0x04" language_code="cze" text=""/>
      <component_descriptor stream_content="0x03" stream_content_ext="0x0F" component_type="0x02" component_tag="0x04" language_code="cze" text=""/>
    </event>
    <event event_id="0x4C7D" start_time="2019-01-20 02:55:22" duration="00:24:38" running_status="undefined" CA_mode="false">
      <short_event_descriptor language_code="cze">
        <event_name>Špíz pokaždé jinak</event_name>
        <text>Podaří se Petrovi překvapit své dospělé dcery a přítelkyni zajímavou a chutnou novinkou? Náš tým ho naučí jídlo, které lze podle fantazie a okamžité chuti připravit pokaždé trochu jinak (2011).</text>
      </short_event_descriptor>
      <extended_event_descriptor descriptor_number="0" last_descriptor_number="0" language_code="cze">
        <text>HDTV
Skryté titulky</text>
        <item>
          <description>Žánr</description>
          <name>věda / fakta / vzdělání</name>
        </item>
      </extended_event_descriptor>
      <content_descriptor>
        <content content_nibble_level_1="9" content_nibble_level_2="0" user_byte="0x00"/>
      </content_descriptor>
      <parental_rating_descriptor>
        <country country_code="CZE" rating="0x00"/>
      </parental_rating_descriptor>
      <PDC_descriptor programme_identification_label="01-20 03:55"/>
      <component_descriptor stream_content="0x01" stream_content_ext="0x0F" component_type="0x03" component_tag="0x01" language_code="cze" text=""/>
      <component_descriptor stream_content="0x02" stream_content_ext="0x0F" component_type="0x03" component_tag="0x02" language_code="cze" text=""/>
      <component_descriptor stream_content="0x03" stream_content_ext="0x0F" component_type="0x01" component_tag="0x04" language_code="cze" text=""/>
      <component_descriptor stream_content="0x03" stream_content_ext="0x0F" component_type="0x02" component_tag="0x04" language_code="cze" text=""/>
    </event>
    <event event_id="0x4C8D" start_time="2019-01-20 03:20:00" duration="00:22:21" running_status="undefined" CA_mode="false">
      <short_event_descriptor language_code="cze">
        <event_name>Pod pokličkou</event_name>
        <text>Cizrna je luštěnina, co chutná jak laskomina (2007). Co všechno nevíme a víme o tom, co pijeme a jíme.</text>
      </short_event_descriptor>
      <extended_event_descriptor descriptor_number="0" last_descriptor_number="0" language_code="cze">
        <text>4:3
Skryté titulky</text>
        <item>
          <description>Žánr</description>
          <name>aktivity pro Volný čas</name>
        </item>
      </extended_event_descriptor>
      <content_descriptor>
        <content content_nibble_level_1="10" content_nibble_level_2="0" user_byte="0x00"/>
      </content_descriptor>
      <parental_rating_descriptor>
        <country country_code="CZE" rating="0x00"/>
      </parental_rating_descriptor>
      <PDC_descriptor programme_identification_label="01-20 04:20"/>
      <component_descriptor stream_content="0x01" stream_content_ext="0x0F" component_type="0x01" component_tag="0x01" language_code="cze" text=""/>
      <component_descriptor stream_content="0x02" stream_content_ext="0x0F" component_type="0x03" component_tag="0x02" language_code="cze" text=""/>
      <component_descriptor stream_content="0x03" stream_content_ext="0x0F" component_type="0x01" component_tag="0x04" language_code="cze" text=""/>
      <component_descriptor stream_content="0x03" stream_content_ext="0x0F" component_type="0x02" component_tag="0x04" language_code="cze" text=""/>
    </event>
    <event event_id="0x4C9E" start_time="2019-01-20 03:42:21" duration="00:18:41" running_status="undefined" CA_mode="false">
      <short_event_descriptor language_code="cze">
        <event_name>V kondici</event_name>
        <text>Magazín o zdravém životním stylu (2007). Moderuje Olga Šípková.</text>
      </short_event_descriptor>
      <extended_event_descriptor descriptor_number="0" last_descriptor_number="0" language_code="cze">
        <text>4:3
Skryté titulky</text>
        <item>
          <description>Žánr</description>
          <name>magazíny, reportáže, dokumenty</name>
        </item>
      </extended_event_descriptor>
      <content_descriptor>
        <content content_nibble_level_1="8" content_nibble_level_2="1" user_byte="0x00"/>
      </content_descriptor>
      <parental_rating_descriptor>
        <country country_code="CZE" rating="0x00"/>
      </parental_rating_descriptor>
      <PDC_descriptor programme_identification_label="01-20 04:40"/>
      <component_descriptor stream_content="0x01" stream_content_ext="0x0F" component_type="0x01" component_tag="0x01" language_code="cze" text=""/>
      <component_descriptor stream_content="0x02" stream_content_ext="0x0F" component_type="0x03" component_tag="0x02" language_code="cze" text=""/>
      <component_descriptor stream_content="0x03" stream_content_ext="0x0F" component_type="0x01" component_tag="0x04" language_code="cze" text=""/>
      <component_descriptor stream_content="0x03" stream_content_ext="0x0F" component_type="0x02" component_tag="0x04" language_code="cze" text=""/>
    </event>
    <event event_id="0x4CAB" start_time="2019-01-20 04:01:02" duration="00:28:58" running_status="undefined" CA_mode="false">
      <short_event_descriptor language_code="cze">
        <event_name>Po stopách hvězd</event_name>
        <text>Obrazový životopis slavných - tentokrát Hany Zagorové - díky kterému si uvědomíte, jak plyne čas a jak formuje každého z nás (2008). Režie K. Průchová.</text>
      </short_event_descriptor>
      <extended_event_descriptor descriptor_number="0" last_descriptor_number="0" language_code="cze">
        <text>4:3
Skryté titulky</text>
        <item>
          <description>Žánr</description>
          <name>magazíny, reportáže, dokumenty</name>
        </item>
      </extended_event_descriptor>
      <content_descriptor>
        <content content_nibble_level_1="8" content_nibble_level_2="1" user_byte="0x00"/>
      </content_descriptor>
      <parental_rating_descriptor>
        <country country_code="CZE" rating="0x00"/>
      </parental_rating_descriptor>
      <PDC_descriptor programme_identification_label="01-20 05:00"/>
      <component_descriptor stream_content="0x01" stream_content_ext="0x0F" component_type="0x01" component_tag="0x01" language_code="cze" text=""/>
      <component_descriptor stream_content="0x02" stream_content_ext="0x0F" component_type="0x03" component_tag="0x02" language_code="cze" text=""/>
      <component_descriptor stream_content="0x03" stream_content_ext="0x0F" component_type="0x01" component_tag="0x04" language_code="cze" text=""/>
      <component_descriptor stream_content="0x03" stream_content_ext="0x0F" component_type="0x02" component_tag="0x04" language_code="cze" text=""/>
    </event>
    <event event_id="0x4CC2" start_time="2019-01-20 04:30:00" duration="00:30:00" running_status="undefined" CA_mode="false">
      <short_event_descriptor language_code="cze">
        <event_name>Z metropole</event_name>
        <text>Souhrn toho nejdůležitějšího, co se událo v Praze v uplynulých sedmi dnech.</text>
      </short_event_descriptor>
      <extended_event_descriptor descriptor_number="0" last_descriptor_number="0" language_code="cze">
        <text>HDTV
Skryté titulky</text>
        <item>
          <description>Repríza</description>
          <name>ČT1 22.1. 1:20</name>
        </item>
        <item>
          <description>Žánr</description>
          <name>zpravodajský pořad</name>
        </item>
      </extended_event_descriptor>
      <content_descriptor>
        <content content_nibble_level_1="2" content_nibble_level_2="0" user_byte="0x00"/>
      </content_descriptor>
      <parental_rating_descriptor>
        <country country_code="CZE" rating="0x00"/>
      </parental_rating_descriptor>
      <PDC_descriptor programme_identification_label="01-20 05:30"/>
      <component_descriptor stream_content="0x01" stream_content_ext="0x0F" component_type="0x03" component_tag="0x01" language_code="cze" text=""/>
      <component_descriptor stream_content="0x02" stream_content_ext="0x0F" component_type="0x03" component_tag="0x02" language_code="cze" text=""/>
      <component_descriptor stream_content="0x03" stream_content_ext="0x0F" component_type="0x01" component_tag="0x04" language_code="cze" text=""/>
      <component_descriptor stream_content="0x03" stream_content_ext="0x0F" component_type="0x02" component_tag="0x04" language_code="cze" text=""/>
    </event>
    <event event_id="0x4CD6" start_time="2019-01-20 05:00:00" duration="00:25:03" running_status="undefined" CA_mode="false">
      <short_event_descriptor language_code="cze">
        <event_name>Zajímavosti z regionů</event_name>
        <text>Události a informace z kraje, v němž žijete.</text>
      </short_event_descriptor>
      <extended_event_descriptor descriptor_number="0" last_descriptor_number="0" language_code="cze">
        <text>HDTV
Zvukový popis
Skryté titulky</text>
        <item>
          <description>Repríza</description>
          <name>ČT1 21.1. 5:30, ČT1 23.1. 1:20</name>
        </item>
        <item>
          <description>Žánr</description>
          <name>zpravodajský pořad</name>
        </item>
      </extended_event_descriptor>
      <content_descriptor>
        <content content_nibble_level_1="2" content_nibble_level_2="0" user_byte="0x00"/>
      </content_descriptor>
      <parental_rating_descriptor>
        <country country_code="CZE" rating="0x00"/>
      </parental_rating_descriptor>
      <PDC_descriptor programme_identification_label="01-20 06:00"/>
      <component_descriptor stream_content="0x01" stream_content_ext="0x0F" component_type="0x03" component_tag="0x01" language_code="cze" text=""/>
      <component_descriptor stream_content="0x02" stream_content_ext="0x0F" component_type="0x03" component_tag="0x02" language_code="cze" text=""/>
      <component_descriptor stream_content="0x02" stream_content_ext="0x0F" component_type="0x40" component_tag="0x07" language_code="cze" text=""/>
      <component_descriptor stream_content="0x03" stream_content_ext="0x0F" component_type="0x01" component_tag="0x04" language_code="cze" text=""/>
      <component_descriptor stream_content="0x03" stream_content_ext="0x0F" component_type="0x02" component_tag="0x04" language_code="cze" text=""/>
    </event>
    <event event_id="0x4CE6" start_time="2019-01-20 05:25:03" duration="00:16:06" running_status="undefined" CA_mode="false">
      <short_event_descriptor language_code="cze">
        <event_name>Syn</event_name>
        <text>Když jsem znovu našla svůj domov... Povídka z oblíbeného cyklu Bakaláři 1979. Hrají: J. Šulcová, P. Skarke, V. Salač, L. Bech a další. Scénář J. Dietl. Kamera J. Novotný. Režie J. Dudek.</text>
      </short_event_descriptor>
      <extended_event_descriptor descriptor_number="0" last_descriptor_number="2" language_code="cze">
        <text>4:3
Skryté titulky
Maminka tří chlapců (J. Šulcová) po těžké nemoci, zápalu mozkových blan, ohluchne. Je zoufalá z toho, že dětem nemůže pomáhat, protože jim nerozumí. Chlapci s ní přest</text>
        <item>
          <description>Žánr</description>
          <name>klasické drama / historický film</name>
        </item>
      </extended_event_descriptor>
      <extended_event_descriptor descriptor_number="1" last_descriptor_number="2" language_code="cze">
        <text>ávají komunikovat a větší pozornost věnují otci (P. Skarke). Věděla, že to pro ni nebude snadné, ale je to mnohem horší, než čekala. Synové ji potřebují, a ona jim nemůže pomoct. Připadá si zbytečná. Z bezvýchodné situace j</text>
      </extended_event_descriptor>
      <extended_event_descriptor descriptor_number="2" last_descriptor_number="2" language_code="cze">
        <text>í ale pomůže nejstarší sedmiletý Kája (L. Bech), kterému jeho učitelka poradí, ať naučí maminku odezírat...</text>
      </extended_event_descriptor>
      <content_descriptor>
        <content content_nibble_level_1="1" content_nibble_level_2="7" user_byte="0x00"/>
      </content_descriptor>
      <parental_rating_descriptor>
        <country country_code="CZE" rating="0x00"/>
      </parental_rating_descriptor>
      <PDC_descriptor programme_identification_label="01-20 06:25"/>
      <component_descriptor stream_content="0x01" stream_content_ext="0x0F" component_type="0x01" component_tag="0x01" language_code="cze" text=""/>
      <component_descriptor stream_content="0x02" stream_content_ext="0x0F" component_type="0x03" component_tag="0x02" language_code="cze" text=""/>
      <component_descriptor stream_content="0x03" stream_content_ext="0x0F" component_type="0x01" component_tag="0x04" language_code="cze" text=""/>
      <component_descriptor stream_content="0x03" stream_content_ext="0x0F" component_type="0x02" component_tag="0x04" language_code="cze" text=""/>
    </event>
    <event event_id="0x4CF1" start_time="2019-01-20 05:41:09" duration="00:45:49" running_status="undefined" CA_mode="false">
      <short_event_descriptor language_code="cze">
        <event_name>O Pomněnce, Pohádka pro pamětníky</event_name>
        <text>Jana Preissová a Viktor Preiss v pohádce o dívence, která napravila rozmazleného prince (1971). Dále hrají: V. Jelínková, L. Lipský, D. Hlaváčová a další. Scénář J. Turnovská. Kamera M.</text>
      </short_event_descriptor>
      <extended_event_descriptor descriptor_number="0" last_descriptor_number="2" language_code="cze">
        <text>Dostál. Režie V. Janečková.
4:3
Skryté titulky
Dnešní Pohádka pro pamětníky vypráví o holčičce tak malinké, že se dala skoro schovat do dlaně. Ale to byste nevěřili, co všechno dokázala... V je</text>
        <item>
          <description>Žánr</description>
          <name>pořad pro Děti / mládež</name>
        </item>
      </extended_event_descriptor>
      <extended_event_descriptor descriptor_number="1" last_descriptor_number="2" language_code="cze">
        <text>dné chaloupce se náhle objevila malinká holčička a s ní přišla radost a štěstí. Smutná byla maminka (V. Jelínková), když se objevil princ (V. Preiss) a chtěl si její dcerušku odnést na svůj zámek jako zábavnou hračku. Pomněnk</text>
      </extended_event_descriptor>
      <extended_event_descriptor descriptor_number="2" last_descriptor_number="2" language_code="cze">
        <text>a napravila namyšleného prince a on na oplátku svou láskou proměnil maličkou dívenku v krásnou dívku (J. Preissová). 
Pohádku s písničkami i loutkami natočila v roce 1971 režisérka V. Janečková.</text>
      </extended_event_descriptor>
      <content_descriptor>
        <content content_nibble_level_1="5" content_nibble_level_2="0" user_byte="0x00"/>
      </content_descriptor>
      <parental_rating_descriptor>
        <country country_code="CZE" rating="0x00"/>
      </parental_rating_descriptor>
      <PDC_descriptor programme_identification_label="01-20 06:40"/>
      <component_descriptor stream_content="0x01" stream_content_ext="0x0F" component_type="0x01" component_tag="0x01" language_code="cze" text=""/>
      <component_descriptor stream_content="0x02" stream_content_ext="0x0F" component_type="0x03" component_tag="0x02" language_code="cze" text=""/>
      <component_descriptor stream_content="0x03" stream_content_ext="0x0F" component_type="0x01" component_tag="0x04" language_code="cze" text=""/>
      <component_descriptor stream_content="0x03" stream_content_ext="0x0F" component_type="0x02" component_tag="0x04" language_code="cze" text=""/>
    </event>
    <event event_id="0x4D12" start_time="2019-01-20 06:26:58" duration="01:40:32" running_status="undefined" CA_mode="false">
      <short_event_descriptor language_code="cze">
        <event_name>Jarčin profesor, Pro pamětníky... Hana Vítová - 105 let od narození</event_name>
        <text>Česká veselohra o sympatickém středoškolském profesorovi a zamilované studentce (1937). Hrají: G. Nezval, H. Vítová, J. Plachta, L. Pešek, T. Pištěk, Z. Baldová</text>
      </short_event_descriptor>
      <extended_event_descriptor descriptor_number="0" last_descriptor_number="4" language_code="cze">
        <text>a další. Scénář K. Feix a Č. Šlégl. Kamera K. Degl a J. Vegricht. Režie Č. Šlégl.
HDTV
Skryté titulky
Doktor Karel Stržický, ideál všech žen, právě skončil vysokoškolská studia a marně čeká na učitelské</text>
        <item>
          <description>Žánr</description>
          <name>romantický</name>
        </item>
      </extended_event_descriptor>
      <extended_event_descriptor descriptor_number="1" last_descriptor_number="4" language_code="cze">
        <text> místo. A tak se spolu s kolegy ze studií Petrem Laškem a Bořkem Navrátilem vydají na letní brigádu na statek dobromyslného sedláka Drahana. Ten si Karla velmi oblíbí díky jeho schopnostem, ovšem ještě větší pozornost věnuje "ná</text>
      </extended_event_descriptor>
      <extended_event_descriptor descriptor_number="2" last_descriptor_number="4" language_code="cze">
        <text>deníkovi" i Drahanova půvabná dcera Jarča...
Veselohru ze studentského prostředí, okořeněnou prázdninovým milostným románkem, natočil režisér Čeněk Šlégl v roce 1937. V tomto roce natočil Šlégl hned tři veselohry a ve všech </text>
      </extended_event_descriptor>
      <extended_event_descriptor descriptor_number="3" last_descriptor_number="4" language_code="cze">
        <text>dominovala komická dvojice Jindřich Plachta a Ladislav Pešek. Plachta si zde v černošské masce za doprovodu Setlerů zazpíval známou píseň My Baby. V roli statkáře Drahana se výborně uplatnil Theodor Pištěk a dvojici milenců ztvárn</text>
      </extended_event_descriptor>
      <extended_event_descriptor descriptor_number="4" last_descriptor_number="4" language_code="cze">
        <text>ili Gustav Nezval a Hana Vítová, která se narodila před 105 lety.</text>
      </extended_event_descriptor>
      <content_descriptor>
        <content content_nibble_level_1="1" content_nibble_level_2="6" user_byte="0x00"/>
      </content_descriptor>
      <parental_rating_descriptor>
        <country country_code="CZE" rating="0x00"/>
      </parental_rating_descriptor>
      <PDC_descriptor programme_identification_label="01-20 07:25"/>
      <component_descriptor stream_content="0x01" stream_content_ext="0x0F" component_type="0x01" component_tag="0x01" language_code="cze" text=""/>
      <component_descriptor stream_content="0x02" stream_content_ext="0x0F" component_type="0x03" component_tag="0x02" language_code="cze" text=""/>
      <component_descriptor stream_content="0x03" stream_content_ext="0x0F" component_type="0x01" component_tag="0x04" language_code="cze" text=""/>
      <component_descriptor stream_content="0x03" stream_content_ext="0x0F" component_type="0x02" component_tag="0x04" language_code="cze" text=""/>
    </event>
    <event event_id="0x4D5A" start_time="2019-01-20 08:07:30" duration="00:39:21" running_status="undefined" CA_mode="false">
      <short_event_descriptor language_code="cze">
        <event_name>Úsměvy Vlastimila Bedrny</event_name>
        <text>Hostem Jaromíra Hanzlíka byl v roce 2002 významný divadelní a filmový herec a dabér, od jehož narození letos uplyne 90 let (2002). Režie P. Vantuch.</text>
      </short_event_descriptor>
      <extended_event_descriptor descriptor_number="0" last_descriptor_number="2" language_code="cze">
        <text>4:3
Skryté titulky
Hostem Jaromíra Hanzlíka byl v roce 2002 Vlastimil Bedrna (*8. 2. 1929 - +6. 3. 2018), který by se letos dožil devadesáti let. Bedrna vytvořil stovky rolí, jak na jevišti, tak před filmovo</text>
        <item>
          <description>Žánr</description>
          <name>aktivity pro Volný čas</name>
        </item>
      </extended_event_descriptor>
      <extended_event_descriptor descriptor_number="1" last_descriptor_number="2" language_code="cze">
        <text>u či televizní kamerou a byl také skvělý dabér, kterého si diváci jistě pamatují jako původní hlas Homera Simpsona. V pořadu zavzpomíná na své herecké začátky, na to jak kuriózně se ucházel o své angažmá v Mladé Boleslavi, </text>
      </extended_event_descriptor>
      <extended_event_descriptor descriptor_number="2" last_descriptor_number="2" language_code="cze">
        <text>na působení v divadle Rokoko a v Divadle Na zábradlí a také na celou řadu hereckých kolegů. Hereckou dráhu Vlastimila Bedrny připomene také celá řada filmových i divadelních ukázek.</text>
      </extended_event_descriptor>
      <component_descriptor stream_content="0x01" stream_content_ext="0x0F" component_type="0x01" component_tag="0x01" language_code="cze" text=""/>
      <component_descriptor stream_content="0x02" stream_content_ext="0x0F" component_type="0x03" component_tag="0x02" language_code="cze" text=""/>
      <component_descriptor stream_content="0x03" stream_content_ext="0x0F" component_type="0x01" component_tag="0x04" language_code="cze" text=""/>
      <content_descriptor>
        <content content_nibble_level_1="10" content_nibble_level_2="0" user_byte="0x00"/>
      </content_descriptor>
      <parental_rating_descriptor>
        <country country_code="CZE" rating="0x00"/>
      </parental_rating_descriptor>
      <PDC_descriptor programme_identification_label="01-20 09:05"/>
    </event>
    <event event_id="0x4D77" start_time="2019-01-20 08:46:51" duration="00:15:08" running_status="undefined" CA_mode="false">
      <short_event_descriptor language_code="cze">
        <event_name>Kalendárium</event_name>
        <text>Zajímavá výročí týdne uvádí Saskia Burešová.</text>
      </short_event_descriptor>
      <extended_event_descriptor descriptor_number="0" last_descriptor_number="0" language_code="cze">
        <text>HDTV
Skryté titulky</text>
        <item>
          <description>Repríza</description>
          <name>ČT1 22.1. 1:45</name>
        </item>
        <item>
          <description>Žánr</description>
          <name>věda / fakta / vzdělání</name>
        </item>
      </extended_event_descriptor>
      <component_descriptor stream_content="0x05" stream_content_ext="0x0F" component_type="0x0B" component_tag="0x01" language_code="cze" text=""/>
      <component_descriptor stream_content="0x02" stream_content_ext="0x0F" component_type="0x03" component_tag="0x02" language_code="cze" text=""/>
      <component_descriptor stream_content="0x03" stream_content_ext="0x0F" component_type="0x01" component_tag="0x04" language_code="cze" text=""/>
      <content_descriptor>
        <content content_nibble_level_1="9" content_nibble_level_2="0" user_byte="0x00"/>
      </content_descriptor>
      <parental_rating_descriptor>
        <country country_code="CZE" rating="0x00"/>
      </parental_rating_descriptor>
      <PDC_descriptor programme_identification_label="01-20 09:45"/>
    </event>
    <event event_id="0x4D80" start_time="2019-01-20 09:01:59" duration="00:33:01" running_status="undefined" CA_mode="false">
      <short_event_descriptor language_code="cze">
        <event_name>Toulavá kamera</event_name>
        <text>Mozaika z regionů.</text>
      </short_event_descriptor>
      <extended_event_descriptor descriptor_number="0" last_descriptor_number="0" language_code="cze">
        <text>HDTV
Skryté titulky</text>
        <item>
          <description>Repríza</description>
          <name>ČT1 25.1. 1:20</name>
        </item>
        <item>
          <description>Žánr</description>
          <name>aktivity pro Volný čas</name>
        </item>
      </extended_event_descriptor>
      <component_descriptor stream_content="0x05" stream_content_ext="0x0F" component_type="0x0B" component_tag="0x01" language_code="cze" text=""/>
      <component_descriptor stream_content="0x02" stream_content_ext="0x0F" component_type="0x03" component_tag="0x02" language_code="cze" text=""/>
      <component_descriptor stream_content="0x03" stream_content_ext="0x0F" component_type="0x01" component_tag="0x04" language_code="cze" text=""/>
      <content_descriptor>
        <content content_nibble_level_1="10" content_nibble_level_2="0" user_byte="0x00"/>
      </content_descriptor>
      <parental_rating_descriptor>
        <country country_code="CZE" rating="0x00"/>
      </parental_rating_descriptor>
      <PDC_descriptor programme_identification_label="01-20 10:00"/>
    </event>
    <event event_id="0x4D98" start_time="2019-01-20 09:35:00" duration="00:30:00" running_status="undefined" CA_mode="false">
      <short_event_descriptor language_code="cze">
        <event_name>Objektiv</event_name>
        <text>Magazín zahraničních zajímavostí. Island - rozmanitá a drsná příroda, Japonsko - kavárny ve stylu komiksů, Madagaskar - pohřeb šamana.</text>
      </short_event_descriptor>
      <extended_event_descriptor descriptor_number="0" last_descriptor_number="0" language_code="cze">
        <text>HDTV
Skryté titulky</text>
        <item>
          <description>Repríza</description>
          <name>ČT1 26.1. 1:00</name>
        </item>
        <item>
          <description>Žánr</description>
          <name>magazíny, reportáže, dokumenty</name>
        </item>
      </extended_event_descriptor>
      <component_descriptor stream_content="0x05" stream_content_ext="0x0F" component_type="0x0B" component_tag="0x01" language_code="cze" text=""/>
      <component_descriptor stream_content="0x02" stream_content_ext="0x0F" component_type="0x03" component_tag="0x02" language_code="cze" text=""/>
      <component_descriptor stream_content="0x03" stream_content_ext="0x0F" component_type="0x01" component_tag="0x04" language_code="cze" text=""/>
      <content_descriptor>
        <content content_nibble_level_1="8" content_nibble_level_2="1" user_byte="0x00"/>
      </content_descriptor>
      <parental_rating_descriptor>
        <country country_code="CZE" rating="0x00"/>
      </parental_rating_descriptor>
      <PDC_descriptor programme_identification_label="01-20 10:35"/>
    </event>
    <event event_id="0x4DAD" start_time="2019-01-20 10:05:00" duration="00:55:00" running_status="undefined" CA_mode="false">
      <short_event_descriptor language_code="cze">
        <event_name>Dynastie Nováků, Jahodový král</event_name>
        <text>9/13 Jak si Tomáška zamilovala celá rodina... Komediální televizní seriál o jedné železničářské rodině (1982). Hrají: R. Brzobohatý, J. Kemr, J. Hanzlík, H. Maciuchová, O. Kaiser, K. Macháčková,</text>
      </short_event_descriptor>
      <extended_event_descriptor descriptor_number="0" last_descriptor_number="3" language_code="cze">
        <text>O. Vízner, P. Nárožný, S. Beneš, K. Slunéčková, R. Rázlová, E. Steimarová, L. Kostelka a další. Scénář F. Vlček a V. P. Borovička. Kamera S. Rašilov. Režie I. No</text>
        <item>
          <description>Repríza</description>
          <name>ČT1 22.1. 10:35</name>
        </item>
        <item>
          <description>Žánr</description>
          <name>klasické drama / historický film</name>
        </item>
      </extended_event_descriptor>
      <extended_event_descriptor descriptor_number="1" last_descriptor_number="3" language_code="cze">
        <text>vák.
HDTV
Zvukový popis
Skryté titulky
Dynastie Nováků se rozrostla o malého Tomáška. Hudebníci z Martinovy kapely včetně Jany (T. Medvecká) vlastními silami napravili škodu, kterou napáchali na Janově zahrádce. V zahrádkářské k</text>
      </extended_event_descriptor>
      <extended_event_descriptor descriptor_number="2" last_descriptor_number="3" language_code="cze">
        <text>olonii proběhla každoroční soutěž o "jahodového krále" a Tomáška z ní museli odvézt na pohotovost. Naštěstí to byla jen kopřivka. Otec Jan (R. Brzobohatý) začal neobvykle dbát o svůj zevnějšek a babička Kohoutková (K. Sluné</text>
      </extended_event_descriptor>
      <extended_event_descriptor descriptor_number="3" last_descriptor_number="3" language_code="cze">
        <text>čková) zase nápadně často dojíždět do Prahy. Lída (H. Maciuchová) se sešla s Emilem (O. Vízner), aby si rozdělili majetek. Vypadá to však, že se manželé mají stále rádi...</text>
      </extended_event_descriptor>
      <component_descriptor stream_content="0x05" stream_content_ext="0x0F" component_type="0x0B" component_tag="0x01" language_code="cze" text=""/>
      <component_descriptor stream_content="0x02" stream_content_ext="0x0F" component_type="0x03" component_tag="0x02" language_code="cze" text=""/>
      <component_descriptor stream_content="0x03" stream_content_ext="0x0F" component_type="0x01" component_tag="0x04" language_code="cze" text=""/>
      <component_descriptor stream_content="0x02" stream_content_ext="0x0F" component_type="0x40" component_tag="0x07" language_code="cze" text=""/>
      <content_descriptor>
        <content content_nibble_level_1="1" content_nibble_level_2="7" user_byte="0x00"/>
      </content_descriptor>
      <parental_rating_descriptor>
        <country country_code="CZE" rating="0x00"/>
      </parental_rating_descriptor>
      <PDC_descriptor programme_identification_label="01-20 11:05"/>
    </event>
    <event event_id="0x4DD7" start_time="2019-01-20 11:00:00" duration="01:00:00" running_status="undefined" CA_mode="false">
      <short_event_descriptor language_code="cze">
        <event_name>Otázky Václava Moravce</event_name>
        <text>Dálnice v nedohlednu. Poslanci Martin Kolovratník z hnutí ANO, Jan Birke z ČSSD a Marian Jurečka z KDU-ČSL.</text>
      </short_event_descriptor>
      <extended_event_descriptor descriptor_number="0" last_descriptor_number="2" language_code="cze">
        <text>HDTV
Skryté titulky
ČT1 a ČT24   12:00 - 13:00

Martin Kolovratník /ANO/, člen hospodářského výboru PS PČR
Jan Birke /ČSSD/, člen hospodářského výboru PS PČR
Marian Jurečka /KDU-</text>
        <item>
          <description>Repríza</description>
          <name>ČT24 21.1. 0:10</name>
        </item>
        <item>
          <description>Žánr</description>
          <name>diskuze / rozhovor</name>
        </item>
      </extended_event_descriptor>
      <extended_event_descriptor descriptor_number="1" last_descriptor_number="2" language_code="cze">
        <text>ČSL/, místopředseda hospodářského výboru PS PČR
Miloslav Kala, prezident Nejvyššího kontrolního úřadu

-aktuální politická situace
-priority rozpočtu 2019
-budování dopravní infrastruktury 
-zákon o liniových stavbách
-délka</text>
      </extended_event_descriptor>
      <extended_event_descriptor descriptor_number="2" last_descriptor_number="2" language_code="cze">
        <text> stavebního řízení</text>
      </extended_event_descriptor>
      <component_descriptor stream_content="0x05" stream_content_ext="0x0F" component_type="0x0B" component_tag="0x01" language_code="cze" text=""/>
      <component_descriptor stream_content="0x02" stream_content_ext="0x0F" component_type="0x03" component_tag="0x02" language_code="cze" text=""/>
      <component_descriptor stream_content="0x03" stream_content_ext="0x0F" component_type="0x01" component_tag="0x04" language_code="cze" text=""/>
      <content_descriptor>
        <content content_nibble_level_1="2" content_nibble_level_2="4" user_byte="0x00"/>
      </content_descriptor>
      <parental_rating_descriptor>
        <country country_code="CZE" rating="0x00"/>
      </parental_rating_descriptor>
      <PDC_descriptor programme_identification_label="01-20 12:00"/>
    </event>
    <event event_id="0x4E00" start_time="2019-01-20 12:00:00" duration="00:05:00" running_status="undefined" CA_mode="false">
      <short_event_descriptor language_code="cze">
        <event_name>Zprávy</event_name>
        <text></text>
      </short_event_descriptor>
      <extended_event_descriptor descriptor_number="0" last_descriptor_number="0" language_code="cze">
        <text>HDTV
Skryté titulky</text>
        <item>
          <description>Žánr</description>
          <name>zprávy, počasí</name>
        </item>
      </extended_event_descriptor>
      <component_descriptor stream_content="0x05" stream_content_ext="0x0F" component_type="0x0B" component_tag="0x01" language_code="cze" text=""/>
      <component_descriptor stream_content="0x02" stream_content_ext="0x0F" component_type="0x03" component_tag="0x02" language_code="cze" text=""/>
      <component_descriptor stream_content="0x03" stream_content_ext="0x0F" component_type="0x01" component_tag="0x04" language_code="cze" text=""/>
      <content_descriptor>
        <content content_nibble_level_1="2" content_nibble_level_2="1" user_byte="0x00"/>
      </content_descriptor>
      <parental_rating_descriptor>
        <country country_code="CZE" rating="0x00"/>
      </parental_rating_descriptor>
      <PDC_descriptor programme_identification_label="01-20 13:00"/>
    </event>
    <event event_id="0x4E03" start_time="2019-01-20 12:05:00" duration="01:07:05" running_status="undefined" CA_mode="false">
      <short_event_descriptor language_code="cze">
        <event_name>O Popelákovi, Jiří Zahajský - 80 let</event_name>
        <text>Pohádka "naruby" podle Josefa Lady (1986). Hrají: K. Greif, M. Dvorská, J. Zahajský, K. Fialová, S. Vrbická, C. Mayerová, P. Kostka, S. Beneš a další. Kamera V. Štinglová. Scénář a režie</text>
      </short_event_descriptor>
      <extended_event_descriptor descriptor_number="0" last_descriptor_number="3" language_code="cze">
        <text>V. Janečková.
HDTV
Zvukový popis
Skryté titulky
Pohádku o Popelce znají všechny děti. Její příběh si vypůjčil Josef Lada, a jak to uměl jen on, vtipně jej převyprávěl jako jednu ze svých origin</text>
        <item>
          <description>Žánr</description>
          <name>pořad pro Děti / mládež</name>
        </item>
      </extended_event_descriptor>
      <extended_event_descriptor descriptor_number="1" last_descriptor_number="3" language_code="cze">
        <text>álních pohádek "naruby". Tento Ladův text se stal podkladem pro televizní zpracování, které se i ve výtvarné podobě inspirovalo mistrovými obrázky. S původními písničkami pohádku v roce 1986 natočila režisérka Vlasta Janečková</text>
      </extended_event_descriptor>
      <extended_event_descriptor descriptor_number="2" last_descriptor_number="3" language_code="cze">
        <text> s Karlem Greifem v titulní roli, Milenou Dvorskou coby macechou. Květa Fialová si zahrála tajemnou paní, Simona Vrbická princeznu a Carmen Mayerová s Petrem Kostkou královské rodiče. 
Otce si zahrál Jiří Zahajský, který by v těchto </text>
      </extended_event_descriptor>
      <extended_event_descriptor descriptor_number="3" last_descriptor_number="3" language_code="cze">
        <text>dnech oslavil osmdesáté narozeniny.</text>
      </extended_event_descriptor>
      <component_descriptor stream_content="0x05" stream_content_ext="0x0F" component_type="0x0B" component_tag="0x01" language_code="cze" text=""/>
      <component_descriptor stream_content="0x02" stream_content_ext="0x0F" component_type="0x03" component_tag="0x02" language_code="cze" text=""/>
      <component_descriptor stream_content="0x03" stream_content_ext="0x0F" component_type="0x01" component_tag="0x04" language_code="cze" text=""/>
      <component_descriptor stream_content="0x02" stream_content_ext="0x0F" component_type="0x40" component_tag="0x07" language_code="cze" text=""/>
      <content_descriptor>
        <content content_nibble_level_1="5" content_nibble_level_2="0" user_byte="0x00"/>
      </content_descriptor>
      <parental_rating_descriptor>
        <country country_code="CZE" rating="0x00"/>
      </parental_rating_descriptor>
      <PDC_descriptor programme_identification_label="01-20 13:05"/>
    </event>
    <event event_id="0x4E32" start_time="2019-01-20 13:12:05" duration="01:01:06" running_status="undefined" CA_mode="false">
      <short_event_descriptor language_code="cze">
        <event_name>Kdo probudí Pindruše ...?</event_name>
        <text>Pohádka o svérázných strašidýlkách (1989). Hrají: J. Paulová, A. Pyško, Z. Hadrbolcová, V. Jeníková, D. Prachař, S. Stašová, S. Nálepková, G. Wilhelmová, J. Moučka, O. Vízner a další. Scénář</text>
      </short_event_descriptor>
      <extended_event_descriptor descriptor_number="0" last_descriptor_number="3" language_code="cze">
        <text>H. Sýkorová. Kamera A. Kovács. Režie L. Koutná.
HDTV
Skryté titulky
Setkat se se strašidlem, to se každému hned tak nepovede. Vy teď tuto možnost máte! To ale neznamená, že by</text>
        <item>
          <description>Repríza</description>
          <name>ČT1 26.1. 6:25</name>
        </item>
        <item>
          <description>Žánr</description>
          <name>pořad pro Děti / mládež</name>
        </item>
      </extended_event_descriptor>
      <extended_event_descriptor descriptor_number="1" last_descriptor_number="3" language_code="cze">
        <text>ste se měli bát a zalézat pod stůl nebo pod gauč. Jsou na světě strašidýlka legrační a střapatá jménem Pindruše, která svérázným způsobem trestají bezohledné chování lidí k přírodě. Ani namyšlená princezna Jiřinka (J. </text>
      </extended_event_descriptor>
      <extended_event_descriptor descriptor_number="2" last_descriptor_number="3" language_code="cze">
        <text>Paulová) na setkání s Pindrušemi určitě nikdy nezapomene. Chcete-li vědět, jak se jim podařilo dokázat, že si urozená princezna bude už navždy vážit všeho, co krášlí přírodu a je jí k užitku, podívejte se na tuto veselou poh</text>
      </extended_event_descriptor>
      <extended_event_descriptor descriptor_number="3" last_descriptor_number="3" language_code="cze">
        <text>ádku, ve které si zahráli A. Pyško, Z. Hadrbolcová, V. Jeníková, letošní jubilant D. Prachař, S. Stašová, S. Nálepková a O. Vízner.</text>
      </extended_event_descriptor>
      <component_descriptor stream_content="0x05" stream_content_ext="0x0F" component_type="0x0B" component_tag="0x01" language_code="cze" text=""/>
      <component_descriptor stream_content="0x02" stream_content_ext="0x0F" component_type="0x03" component_tag="0x02" language_code="cze" text=""/>
      <component_descriptor stream_content="0x03" stream_content_ext="0x0F" component_type="0x01" component_tag="0x04" language_code="cze" text=""/>
      <content_descriptor>
        <content content_nibble_level_1="5" content_nibble_level_2="0" user_byte="0x00"/>
      </content_descriptor>
      <parental_rating_descriptor>
        <country country_code="CZE" rating="0x00"/>
      </parental_rating_descriptor>
      <PDC_descriptor programme_identification_label="01-20 14:10"/>
    </event>
    <event event_id="0x4E5E" start_time="2019-01-20 14:13:11" duration="00:31:49" running_status="undefined" CA_mode="false">
      <short_event_descriptor language_code="cze">
        <event_name>Dobro a zlo</event_name>
        <text>Král Dalimil a královna Eliška dlouho nemohli mít děti. Když se jim ale konečně narodila vytoužená dcerka - princezna Růženka - zlá Melánie vyřkla hroznou kletbu... (1989). Hrají: D. Patrasová, J. Preissová,</text>
      </short_event_descriptor>
      <extended_event_descriptor descriptor_number="0" last_descriptor_number="3" language_code="cze">
        <text>K. Hrachovcová, J. Potměšil, J. Štěpnička, K. Fialová, A. Kreuzmannová a další. Kamera F. Němec. Scénář a režie J. Pokorná-Makoszová.
4:3
Skryté titulky
Známou pohádkou o Šípkové Růžence pr</text>
        <item>
          <description>Žánr</description>
          <name>pořad pro Děti / mládež</name>
        </item>
      </extended_event_descriptor>
      <extended_event_descriptor descriptor_number="1" last_descriptor_number="3" language_code="cze">
        <text>ovází vypravěčka D. Patrasová. Královští manželé dlouho nemohou mít děti. Konečně se jim narodí dcerka (K. Hrachovcová), ale zlá sudička (A. Kreuzmannová) jim štěstí nepřeje. U kolébky pronese kletbu: až bude Růžence sedmn</text>
      </extended_event_descriptor>
      <extended_event_descriptor descriptor_number="2" last_descriptor_number="3" language_code="cze">
        <text>áct let, zraní se o trn, usne a s ní celé království. Blíží se narozeniny a Růženka se setkává se zlou sudičkou... Naštěstí je tu ještě hodná sudička (K. Fialová), a ta princezně pošle na pomoc krásného jinocha (J. Potměš</text>
      </extended_event_descriptor>
      <extended_event_descriptor descriptor_number="3" last_descriptor_number="3" language_code="cze">
        <text>il), který ji probudí...</text>
      </extended_event_descriptor>
      <component_descriptor stream_content="0x01" stream_content_ext="0x0F" component_type="0x01" component_tag="0x01" language_code="cze" text=""/>
      <component_descriptor stream_content="0x02" stream_content_ext="0x0F" component_type="0x03" component_tag="0x02" language_code="cze" text=""/>
      <component_descriptor stream_content="0x03" stream_content_ext="0x0F" component_type="0x01" component_tag="0x04" language_code="cze" text=""/>
      <content_descriptor>
        <content content_nibble_level_1="5" content_nibble_level_2="0" user_byte="0x00"/>
      </content_descriptor>
      <parental_rating_descriptor>
        <country country_code="CZE" rating="0x00"/>
      </parental_rating_descriptor>
      <PDC_descriptor programme_identification_label="01-20 15:10"/>
    </event>
    <event event_id="0x4E75" start_time="2019-01-20 14:45:00" duration="01:40:00" running_status="undefined" CA_mode="false">
      <short_event_descriptor language_code="cze">
        <event_name>Záhada hlavolamu, Jaroslav Foglar - 20 let od úmrtí</event_name>
        <text>Ve Stínadlech se něco děje... a Rychlé šípy u toho nesmějí chybět. Český dobrodružný film podle románu Jaroslava Foglara (1993). Hrají: O. Hošt, M. Voldřich, D. Diviš,</text>
      </short_event_descriptor>
      <extended_event_descriptor descriptor_number="0" last_descriptor_number="4" language_code="cze">
        <text>M. Vlasák, J. Richter, K. Zima, M. Hádek, F. Jančík a další. Scénář I. Arsenjev a P. Kotek. Kamera M. Gábor. Režie P. Kotek.
HDTV
Skryté titulky
Klukovský klub Rychlých šípů - Mirek Dušín, Jarka </text>
        <item>
          <description>Žánr</description>
          <name>pořad pro Děti / mládež</name>
        </item>
      </extended_event_descriptor>
      <extended_event_descriptor descriptor_number="1" last_descriptor_number="4" language_code="cze">
        <text>Metelka, Jindra Hojer, Červenáček a Rychlonožka - zjistí, že v temné čtvrti Stínadla se cosi děje. Starý kostelník jim vypráví příběh osiřelého zámečnického učně Jana Tleskače, který byl zároveň zvoníkem v kostele svaté</text>
      </extended_event_descriptor>
      <extended_event_descriptor descriptor_number="2" last_descriptor_number="4" language_code="cze">
        <text>ho Jakuba ve Stínadlech. Tam také za záhadných okolností zahynul pádem ze zvonice. Rychlé šípy podniknou nebezpečnou výpravu na nepřátelské území. Ve zvonici najdou Tleskačův deník, ve kterém chlapec píše o jakémsi svém vyná</text>
      </extended_event_descriptor>
      <extended_event_descriptor descriptor_number="3" last_descriptor_number="4" language_code="cze">
        <text>lezu. Jeho plány ukryl v kovovém hlavolamu, zvaném Ježek v kleci. Návod na vysvobození ježka z klece je v deníku podrobně popsán. Kde se však hlavolam nachází, to musejí Rychlé šípy teprve zjistit. Není to jednoduché: ve Stínadle</text>
      </extended_event_descriptor>
      <extended_event_descriptor descriptor_number="4" last_descriptor_number="4" language_code="cze">
        <text>ch totiž vládne drsný chlapecký gang Vontů...
Tento film uvádíme k příležitosti 20 let od úmrtí spisovatele a autora knižní série o Rychlých šípech Jaroslava Foglara.</text>
      </extended_event_descriptor>
      <component_descriptor stream_content="0x05" stream_content_ext="0x0F" component_type="0x0B" component_tag="0x01" language_code="cze" text=""/>
      <component_descriptor stream_content="0x02" stream_content_ext="0x0F" component_type="0x03" component_tag="0x02" language_code="cze" text=""/>
      <component_descriptor stream_content="0x03" stream_content_ext="0x0F" component_type="0x01" component_tag="0x04" language_code="cze" text=""/>
      <content_descriptor>
        <content content_nibble_level_1="5" content_nibble_level_2="0" user_byte="0x00"/>
      </content_descriptor>
      <parental_rating_descriptor>
        <country country_code="CZE" rating="0x00"/>
      </parental_rating_descriptor>
      <PDC_descriptor programme_identification_label="01-20 15:45"/>
    </event>
    <event event_id="0x4EBC" start_time="2019-01-20 16:25:00" duration="01:00:00" running_status="undefined" CA_mode="false">
      <short_event_descriptor language_code="cze">
        <event_name>Pošta pro tebe</event_name>
        <text>Vazby k biologické rodině determinují život každého z dnešních hostů - Honzy, Ludvíka i Dany. Ať se o svých příbuzných dozví cokoli, potřebují to vědět, aby uzavřeli nebo naopak otevřeli svou další životní</text>
      </short_event_descriptor>
      <extended_event_descriptor descriptor_number="0" last_descriptor_number="6" language_code="cze">
        <text>kapitolu. Režie M. Dvořáček.
HDTV
Skryté titulky
Honza prožil hezké dětství s rodiči, kteří jej měli rádi, a nebýt v pubertě hádky s kamarádkou, možná by ještě dlouho nevěděl, že je</text>
        <item>
          <description>Repríza</description>
          <name>ČT1 24.1. 10:30</name>
        </item>
        <item>
          <description>Žánr</description>
          <name>talk show</name>
        </item>
      </extended_event_descriptor>
      <extended_event_descriptor descriptor_number="1" last_descriptor_number="6" language_code="cze">
        <text> adoptovaný. Tuto informaci přijal, jinou možnost ani neměl, a uvědomil si, že je hezké, jak se o něj cizí lidé postarali a vytvořili mu rodinu. Teprve v dospělosti, kdy dostal do rukou svou zdravotní kartu, měl konkrétní doklad o to</text>
      </extended_event_descriptor>
      <extended_event_descriptor descriptor_number="2" last_descriptor_number="6" language_code="cze">
        <text>m, že se skutečně narodil v jiné rodině. Zvědavosti člověk v takové situaci neuteče a hledá. 
Ludvík prožil mnoho prázdnin v dětství u babičky na Moravě. Bezstarostný čas, ke kterému se člověk v mysli upíná, když se mu neda</text>
      </extended_event_descriptor>
      <extended_event_descriptor descriptor_number="3" last_descriptor_number="6" language_code="cze">
        <text>ří. I Ludvík prožil složité období, kdy s láskou vzpomínal na dobu a osoby, ke kterým cítil i po letech vztah. Patří k nim bratranec Gerhard, se kterým si rozuměl více než s ostatními, ke kterému měl až ochranitelský cit a se k</text>
      </extended_event_descriptor>
      <extended_event_descriptor descriptor_number="4" last_descriptor_number="6" language_code="cze">
        <text>terým se skutečně od čtrnácti let neviděl. Je toho hodně, co by mu chtěl říci, ale nikdo ze širší rodiny o něm celé roky nic neví. 
Dana je snědá Romka. Vyrostla v bílé, adoptivní rodině a náhradní rodiče i sourozenci ji vž</text>
      </extended_event_descriptor>
      <extended_event_descriptor descriptor_number="5" last_descriptor_number="6" language_code="cze">
        <text>dy milovali. Trpělivě jí vysvětlovali, že barva pleti není důvodem k pocitu méněcennosti a že se nemá bát zeptat se na všechno, co ji o jejím životě zajímá. Dana je zejména své adoptivní mamince vděčná za trpělivost, za lás</text>
      </extended_event_descriptor>
      <extended_event_descriptor descriptor_number="6" last_descriptor_number="6" language_code="cze">
        <text>ku, za vzdělání i za rozhled a také za podporu v hledání biologických kořenů. Prozíravá maminka věděla, že původ bude Danu jednou určitě zajímat a bude důležité jej znát, aby mohla zdravě a bez pochybností žít dál.</text>
      </extended_event_descriptor>
      <component_descriptor stream_content="0x05" stream_content_ext="0x0F" component_type="0x0B" component_tag="0x01" language_code="cze" text=""/>
      <component_descriptor stream_content="0x02" stream_content_ext="0x0F" component_type="0x03" component_tag="0x02" language_code="cze" text=""/>
      <component_descriptor stream_content="0x03" stream_content_ext="0x0F" component_type="0x01" component_tag="0x04" language_code="cze" text=""/>
      <content_descriptor>
        <content content_nibble_level_1="3" content_nibble_level_2="3" user_byte="0x00"/>
      </content_descriptor>
      <parental_rating_descriptor>
        <country country_code="CZE" rating="0x00"/>
      </parental_rating_descriptor>
      <PDC_descriptor programme_identification_label="01-20 17:25"/>
    </event>
    <event event_id="0x4EE8" start_time="2019-01-20 17:25:00" duration="00:30:00" running_status="undefined" CA_mode="false">
      <short_event_descriptor language_code="cze">
        <event_name>Co naše babičky uměly a na co my jsme zapomněli, Chleba</event_name>
        <text>Kulatý pecen chleba - symbol koloběhu života. Co všechno museli naši předkové udělat, než jim zavoněl na stole? Druhá série magazínu o dovednostech našich předků. Režie</text>
      </short_event_descriptor>
      <extended_event_descriptor descriptor_number="0" last_descriptor_number="2" language_code="cze">
        <text>V. Karas a J. Berka.
HDTV
Zvukový popis
Skryté titulky
Usedněme společně do pomyslného stroje času a vraťme se do dob, kdy naši předkové neznali traktory ani kombajny a úrodu </text>
        <item>
          <description>Repríza</description>
          <name>ČT1 26.1. 6:00</name>
        </item>
        <item>
          <description>Žánr</description>
          <name>zábavný/ soutěžní pořad</name>
        </item>
      </extended_event_descriptor>
      <extended_event_descriptor descriptor_number="1" last_descriptor_number="2" language_code="cze">
        <text>bylo třeba sklízet ručně. Správně naklepat či nabrousit kosu není žádná legrace a chce to fortel a šikovnost. Kosit obilí se musí umět, ukroutit povříslo, udělat snop a postavit panáky není jen tak. A což teprve, když vám do z</text>
      </extended_event_descriptor>
      <extended_event_descriptor descriptor_number="2" last_descriptor_number="2" language_code="cze">
        <text>ad praží letní slunce! Po vší té lopotě na nás čeká odměna v podobě krásného pecnu chleba z tradiční pece po dědečkovi.</text>
      </extended_event_descriptor>
      <component_descriptor stream_content="0x05" stream_content_ext="0x0F" component_type="0x0B" component_tag="0x01" language_code="cze" text=""/>
      <component_descriptor stream_content="0x02" stream_content_ext="0x0F" component_type="0x03" component_tag="0x02" language_code="cze" text=""/>
      <component_descriptor stream_content="0x03" stream_content_ext="0x0F" component_type="0x01" component_tag="0x04" language_code="cze" text=""/>
      <component_descriptor stream_content="0x02" stream_content_ext="0x0F" component_type="0x40" component_tag="0x07" language_code="cze" text=""/>
      <content_descriptor>
        <content content_nibble_level_1="3" content_nibble_level_2="0" user_byte="0x00"/>
      </content_descriptor>
      <parental_rating_descriptor>
        <country country_code="CZE" rating="0x00"/>
      </parental_rating_descriptor>
      <PDC_descriptor programme_identification_label="01-20 18:25"/>
    </event>
    <event event_id="0x4EFE" start_time="2019-01-20 17:55:00" duration="00:05:00" running_status="undefined" CA_mode="false">
      <short_event_descriptor language_code="cze">
        <event_name>Události za okamžik a počasí</event_name>
        <text>Hlavní události a předpověď počasí.</text>
      </short_event_descriptor>
      <extended_event_descriptor descriptor_number="0" last_descriptor_number="0" language_code="cze">
        <text>HDTV
Zvukový popis
Skryté titulky</text>
        <item>
          <description>Žánr</description>
          <name>zprávy, počasí</name>
        </item>
      </extended_event_descriptor>
      <component_descriptor stream_content="0x05" stream_content_ext="0x0F" component_type="0x0B" component_tag="0x01" language_code="cze" text=""/>
      <component_descriptor stream_content="0x02" stream_content_ext="0x0F" component_type="0x03" component_tag="0x02" language_code="cze" text=""/>
      <component_descriptor stream_content="0x03" stream_content_ext="0x0F" component_type="0x01" component_tag="0x04" language_code="cze" text=""/>
      <component_descriptor stream_content="0x02" stream_content_ext="0x0F" component_type="0x40" component_tag="0x07" language_code="cze" text=""/>
      <content_descriptor>
        <content content_nibble_level_1="2" content_nibble_level_2="1" user_byte="0x00"/>
      </content_descriptor>
      <parental_rating_descriptor>
        <country country_code="CZE" rating="0x00"/>
      </parental_rating_descriptor>
      <PDC_descriptor programme_identification_label="01-20 18:55"/>
    </event>
    <event event_id="0x4F02" start_time="2019-01-20 18:00:00" duration="00:45:00" running_status="undefined" CA_mode="false">
      <short_event_descriptor language_code="cze">
        <event_name>Události</event_name>
        <text>Hlavní zpravodajská relace České televize. Souhrn nejdůležitějších událostí dne v ČR i ve světě.</text>
      </short_event_descriptor>
      <extended_event_descriptor descriptor_number="0" last_descriptor_number="0" language_code="cze">
        <text>HDTV
Zvukový popis
Skryté titulky</text>
        <item>
          <description>Žánr</description>
          <name>zpravodajský pořad</name>
        </item>
      </extended_event_descriptor>
      <component_descriptor stream_content="0x05" stream_content_ext="0x0F" component_type="0x0B" component_tag="0x01" language_code="cze" text=""/>
      <component_descriptor stream_content="0x02" stream_content_ext="0x0F" component_type="0x03" component_tag="0x02" language_code="cze" text=""/>
      <component_descriptor stream_content="0x03" stream_content_ext="0x0F" component_type="0x01" component_tag="0x04" language_code="cze" text=""/>
      <component_descriptor stream_content="0x02" stream_content_ext="0x0F" component_type="0x40" component_tag="0x07" language_code="cze" text=""/>
      <content_descriptor>
        <content content_nibble_level_1="2" content_nibble_level_2="0" user_byte="0x00"/>
      </content_descriptor>
      <parental_rating_descriptor>
        <country country_code="CZE" rating="0x00"/>
      </parental_rating_descriptor>
      <PDC_descriptor programme_identification_label="01-20 19:00"/>
    </event>
    <event event_id="0x4F20" start_time="2019-01-20 18:45:00" duration="00:12:00" running_status="undefined" CA_mode="false">
      <short_event_descriptor language_code="cze">
        <event_name>Branky, body, vteřiny</event_name>
        <text></text>
      </short_event_descriptor>
      <extended_event_descriptor descriptor_number="0" last_descriptor_number="0" language_code="cze">
        <text>HDTV
Zvukový popis
Skryté titulky</text>
        <item>
          <description>Repríza</description>
          <name>ČT24 20.1. 19:46, ČT sport 21.1. 2:15, ČT sport 21.1. 4:35</name>
        </item>
        <item>
          <description>Žánr</description>
          <name>zprávy, aktuální publicistika</name>
        </item>
      </extended_event_descriptor>
      <component_descriptor stream_content="0x05" stream_content_ext="0x0F" component_type="0x0B" component_tag="0x01" language_code="cze" text=""/>
      <component_descriptor stream_content="0x02" stream_content_ext="0x0F" component_type="0x03" component_tag="0x02" language_code="cze" text=""/>
      <component_descriptor stream_content="0x03" stream_content_ext="0x0F" component_type="0x01" component_tag="0x04" language_code="cze" text=""/>
      <component_descriptor stream_content="0x02" stream_content_ext="0x0F" component_type="0x40" component_tag="0x07" language_code="cze" text=""/>
      <content_descriptor>
        <content content_nibble_level_1="2" content_nibble_level_2="0" user_byte="0x00"/>
      </content_descriptor>
      <parental_rating_descriptor>
        <country country_code="CZE" rating="0x00"/>
      </parental_rating_descriptor>
      <PDC_descriptor programme_identification_label="01-20 19:45"/>
    </event>
    <event event_id="0x4F28" start_time="2019-01-20 18:57:00" duration="00:03:05" running_status="undefined" CA_mode="false">
      <short_event_descriptor language_code="cze">
        <event_name>Losování Sportky a Šance</event_name>
        <text></text>
      </short_event_descriptor>
      <extended_event_descriptor descriptor_number="0" last_descriptor_number="0" language_code="cze">
        <text>HDTV</text>
        <item>
          <description>Žánr</description>
          <name>kviz / soutěž</name>
        </item>
      </extended_event_descriptor>
      <component_descriptor stream_content="0x05" stream_content_ext="0x0F" component_type="0x0B" component_tag="0x01" language_code="cze" text=""/>
      <component_descriptor stream_content="0x02" stream_content_ext="0x0F" component_type="0x03" component_tag="0x02" language_code="cze" text=""/>
      <content_descriptor>
        <content content_nibble_level_1="3" content_nibble_level_2="1" user_byte="0x00"/>
      </content_descriptor>
      <parental_rating_descriptor>
        <country country_code="CZE" rating="0x00"/>
      </parental_rating_descriptor>
      <PDC_descriptor programme_identification_label="01-20 19:57"/>
    </event>
    <event event_id="0x4F2B" start_time="2019-01-20 19:00:05" duration="01:11:07" running_status="undefined" CA_mode="false">
      <short_event_descriptor language_code="cze">
        <event_name>Případ pro lyžaře</event_name>
        <text>David Matásek a Viktor Preiss jako malíř Horác a kapitán Vašátko v detektivním filmu podle knižního bestselleru Hany Proškové. Jejich přátelství bude vystaveno té nejtěžší zkoušce. Dále hrají: D. Prachař,</text>
      </short_event_descriptor>
      <extended_event_descriptor descriptor_number="0" last_descriptor_number="4" language_code="cze">
        <text>M. Svoboda, M. Málková, P. Špalková, P. Beretová, J. Lábus, J. Boušková, M. Gajdošová, R. Valenta a další. Scénář J. Knitlová. Kamera D. Ployhar. Režie L. Bělohradská.
HDTV
Zvukový pop</text>
        <item>
          <description>Žánr</description>
          <name>detektivka / krimi / thriler</name>
        </item>
        <item>
          <description>Věk</description>
          <name>15+</name>
        </item>
      </extended_event_descriptor>
      <extended_event_descriptor descriptor_number="1" last_descriptor_number="4" language_code="cze">
        <text>is
Skryté titulky
Dnes se můžete těšit na další díl volného cyklu detektivek z pera renomované autorky Hany Proškové, od jejíhož narození letos uplyne 95 let (*30. 11. 1924 - +4. 10. 2002), tentokrát podle knižního bestselleru Zvl</text>
      </extended_event_descriptor>
      <extended_event_descriptor descriptor_number="2" last_descriptor_number="4" language_code="cze">
        <text>áštní případ. 
Komisař Vašátko (V. Preiss) se na dovolené na horské chatě potká s malířem Horácem (D. Matásek). Sešla se tu různorodá společnost hostů, které vládne agresivní a arogantní režisér Skorkovský (letošní jubi</text>
      </extended_event_descriptor>
      <extended_event_descriptor descriptor_number="3" last_descriptor_number="4" language_code="cze">
        <text>lant D. Prachař), jenž ponižuje a týrá nesmyslnými příkazy svého syna. Horác to nese velmi špatně, stejně jako ostatní - ale ti jsou režisérovi nějak zavázáni. Dusno v chatě ale postupně narůstá a režisér je nalezen mrtev. P</text>
      </extended_event_descriptor>
      <extended_event_descriptor descriptor_number="4" last_descriptor_number="4" language_code="cze">
        <text>olicie se kvůli vichřici nemůže do chaty dostat, a tak se vyšetřování ujímá přítomný a zkušený komisař Vašátko. Chata je plná lidí, kteří mají silné motivy k vraždě...</text>
      </extended_event_descriptor>
      <component_descriptor stream_content="0x05" stream_content_ext="0x0F" component_type="0x0B" component_tag="0x01" language_code="cze" text=""/>
      <component_descriptor stream_content="0x02" stream_content_ext="0x0F" component_type="0x03" component_tag="0x02" language_code="cze" text=""/>
      <component_descriptor stream_content="0x03" stream_content_ext="0x0F" component_type="0x01" component_tag="0x04" language_code="cze" text=""/>
      <component_descriptor stream_content="0x02" stream_content_ext="0x0F" component_type="0x40" component_tag="0x07" language_code="cze" text=""/>
      <content_descriptor>
        <content content_nibble_level_1="1" content_nibble_level_2="1" user_byte="0x00"/>
      </content_descriptor>
      <parental_rating_descriptor>
        <country country_code="CZE" rating="0x0C"/>
      </parental_rating_descriptor>
      <PDC_descriptor programme_identification_label="01-20 20:00"/>
    </event>
    <event event_id="0x4F5E" start_time="2019-01-20 20:11:12" duration="00:33:48" running_status="undefined" CA_mode="false">
      <short_event_descriptor language_code="cze">
        <event_name>168 hodin</event_name>
        <text>Události týdne s Norou Fridrichovou.</text>
      </short_event_descriptor>
      <extended_event_descriptor descriptor_number="0" last_descriptor_number="0" language_code="cze">
        <text>HDTV
Skryté titulky</text>
        <item>
          <description>Repríza</description>
          <name>ČT1 21.1. 10:05</name>
        </item>
        <item>
          <description>Žánr</description>
          <name>magazíny, reportáže, dokumenty</name>
        </item>
      </extended_event_descriptor>
      <component_descriptor stream_content="0x05" stream_content_ext="0x0F" component_type="0x0B" component_tag="0x01" language_code="cze" text=""/>
      <component_descriptor stream_content="0x02" stream_content_ext="0x0F" component_type="0x03" component_tag="0x02" language_code="cze" text=""/>
      <component_descriptor stream_content="0x03" stream_content_ext="0x0F" component_type="0x01" component_tag="0x04" language_code="cze" text=""/>
      <content_descriptor>
        <content content_nibble_level_1="8" content_nibble_level_2="1" user_byte="0x00"/>
      </content_descriptor>
      <parental_rating_descriptor>
        <country country_code="CZE" rating="0x00"/>
      </parental_rating_descriptor>
      <PDC_descriptor programme_identification_label="01-20 21:10"/>
    </event>
    <event event_id="0x4F75" start_time="2019-01-20 20:45:00" duration="00:29:00" running_status="undefined" CA_mode="false">
      <short_event_descriptor language_code="cze">
        <event_name>Koptashow</event_name>
        <text>Známí lidé, jak je neznáte. Vašek Kopta zpovídá Gábi Koukalovou, Honzu Hřebejka a Jakuba Vágnera. Režie R. Petrenko.</text>
      </short_event_descriptor>
      <extended_event_descriptor descriptor_number="0" last_descriptor_number="2" language_code="cze">
        <text>HDTV
Zvukový popis
Skryté titulky
Nová talkshow Vaška Kopty představí známé tváře úplně jinak, než jsme zvyklí. V Koptashow se dozvíte to, co by vás ani nenapadlo... Foto</text>
        <item>
          <description>Repríza</description>
          <name>ČT1 21.1. 23:55</name>
        </item>
        <item>
          <description>Žánr</description>
          <name>zábavný/ soutěžní pořad</name>
        </item>
      </extended_event_descriptor>
      <extended_event_descriptor descriptor_number="1" last_descriptor_number="2" language_code="cze">
        <text>grafie z dětství? Zapomenuté role? Písničky do šuplíku? Nebo nějaká roztomilá úchylka? Uvidíte své oblíbené herce, spisovatele, režiséry, tanečníky nebo třeba sportovce v úplně novém světle. Od ledna 2019 každou neděli na J</text>
      </extended_event_descriptor>
      <extended_event_descriptor descriptor_number="2" last_descriptor_number="2" language_code="cze">
        <text>edničce. Byla někdy biatlonistka ve výslužbě Gábina Koukalová na rybách? Kam nejdál dojel režisér Honza Hřebejk na běžkách? A nosí nejslavnější český rybář Jakub Vágner někdy pruhované triko? Uvidíte!</text>
      </extended_event_descriptor>
      <component_descriptor stream_content="0x05" stream_content_ext="0x0F" component_type="0x0B" component_tag="0x01" language_code="cze" text=""/>
      <component_descriptor stream_content="0x02" stream_content_ext="0x0F" component_type="0x03" component_tag="0x02" language_code="cze" text=""/>
      <component_descriptor stream_content="0x03" stream_content_ext="0x0F" component_type="0x01" component_tag="0x04" language_code="cze" text=""/>
      <component_descriptor stream_content="0x02" stream_content_ext="0x0F" component_type="0x40" component_tag="0x07" language_code="cze" text=""/>
      <content_descriptor>
        <content content_nibble_level_1="3" content_nibble_level_2="0" user_byte="0x00"/>
      </content_descriptor>
      <parental_rating_descriptor>
        <country country_code="CZE" rating="0x00"/>
      </parental_rating_descriptor>
      <PDC_descriptor programme_identification_label="01-20 21:45"/>
    </event>
    <event event_id="0x4F89" start_time="2019-01-20 21:14:00" duration="00:01:51" running_status="undefined" CA_mode="false">
      <short_event_descriptor language_code="cze">
        <event_name>Výsledky losování Šťastných 10</event_name>
        <text></text>
      </short_event_descriptor>
      <extended_event_descriptor descriptor_number="0" last_descriptor_number="0" language_code="cze">
        <text>HDTV</text>
        <item>
          <description>Žánr</description>
          <name>kviz / soutěž</name>
        </item>
      </extended_event_descriptor>
      <component_descriptor stream_content="0x05" stream_content_ext="0x0F" component_type="0x0B" component_tag="0x01" language_code="cze" text=""/>
      <component_descriptor stream_content="0x02" stream_content_ext="0x0F" component_type="0x03" component_tag="0x02" language_code="cze" text=""/>
      <content_descriptor>
        <content content_nibble_level_1="3" content_nibble_level_2="1" user_byte="0x00"/>
      </content_descriptor>
      <parental_rating_descriptor>
        <country country_code="CZE" rating="0x00"/>
      </parental_rating_descriptor>
      <PDC_descriptor programme_identification_label="01-20 22:14"/>
    </event>
    <event event_id="0x4F8A" start_time="2019-01-20 21:15:51" duration="01:24:09" running_status="undefined" CA_mode="false">
      <short_event_descriptor language_code="cze">
        <event_name>Smrt talentovaného ševce, V HLAVNÍ ROLI ZLOČIN</event_name>
        <text>Jiří Kodet jako kapitán Exner hledá vraha a řeší záhady, k nimž dochází na starém zámku. Přepis detektivního románu Václava Erbena (1982). Dále hrají: A. Hardt, K. Chromík,</text>
      </short_event_descriptor>
      <extended_event_descriptor descriptor_number="0" last_descriptor_number="4" language_code="cze">
        <text>J. Boušková, M. Zounar, K. Augusta, V. Kratina a další. Scénář V. Erben a J. Schmidt. Kamera J. Macák. Režie J. Schmidt.
HDTV
Skryté titulky
S kapitánem Exnerem, pověstným el</text>
        <item>
          <description>Repríza</description>
          <name>ČT1 21.1. 14:30</name>
        </item>
        <item>
          <description>Žánr</description>
          <name>detektivka / krimi / thriler</name>
        </item>
      </extended_event_descriptor>
      <extended_event_descriptor descriptor_number="1" last_descriptor_number="4" language_code="cze">
        <text>egánem mezi českými kriminalisty, se mohou diváci setkat opět, a sice ve filmu Smrt talentovaného ševce. Přepisu detektivního románu Václava Erbena se v roce 1982 chopil režisér Jan Schmidt (letošní jubilant) a roli šaramantního a i</text>
      </extended_event_descriptor>
      <extended_event_descriptor descriptor_number="2" last_descriptor_number="4" language_code="cze">
        <text>nteligentního vyšetřovatele svěřil Jiřímu Kodetovi. Exner tentokrát pátrá po vrahovi obuvníka Rambouska, proslaveného (a také majetného) naivního malíře. Řeší však celou řadu záhad, k nimž dochází na starém zámku. Postupn</text>
      </extended_event_descriptor>
      <extended_event_descriptor descriptor_number="3" last_descriptor_number="4" language_code="cze">
        <text>ě odhaluje přediva vztahů v městečku Opolná, kde právě tráví dovolenou. Exteriéry filmu se natáčely v krásném okolí zámku Opočno. Vedle Jiřího Kodeta ve filmu uvidíte Antonína Hardta, Janu Bouškovou, Miroslava Zounara, Vladim</text>
      </extended_event_descriptor>
      <extended_event_descriptor descriptor_number="4" last_descriptor_number="4" language_code="cze">
        <text>íra Kratinu a Karla Augustu.</text>
      </extended_event_descriptor>
      <component_descriptor stream_content="0x05" stream_content_ext="0x0F" component_type="0x0B" component_tag="0x01" language_code="cze" text=""/>
      <component_descriptor stream_content="0x02" stream_content_ext="0x0F" component_type="0x03" component_tag="0x02" language_code="cze" text=""/>
      <component_descriptor stream_content="0x03" stream_content_ext="0x0F" component_type="0x01" component_tag="0x04" language_code="cze" text=""/>
      <content_descriptor>
        <content content_nibble_level_1="1" content_nibble_level_2="1" user_byte="0x00"/>
      </content_descriptor>
      <parental_rating_descriptor>
        <country country_code="CZE" rating="0x00"/>
      </parental_rating_descriptor>
      <PDC_descriptor programme_identification_label="01-20 22:15"/>
    </event>
    <event event_id="0x4FC6" start_time="2019-01-20 22:40:00" duration="01:40:00" running_status="undefined" CA_mode="false">
      <short_event_descriptor language_code="cze">
        <event_name>Taggart, Hrst plná čipů</event_name>
        <text>Ukousnout si příliš velké sousto se nevyplácí, v jídle ani ve zločinu. Epizoda z britského kriminálního cyklu (1999). Hrají: J. MacPherson, B. Duffová, J. Michie, C. McCredie a další. Režie Alan Macmillan.</text>
      </short_event_descriptor>
      <extended_event_descriptor descriptor_number="0" last_descriptor_number="3" language_code="cze">
        <text>4:3
Skryté titulky
Zemře-li násilnou smrtí mladá, půvabná žena, u níž nelze ex post vyloučit jakési mimomanželské zástoje, ocitá se její muž automaticky mezi prvními podezřelými. Zvlášť kdy</text>
        <item>
          <description>Žánr</description>
          <name>detektivka / krimi / thriler</name>
        </item>
      </extended_event_descriptor>
      <extended_event_descriptor descriptor_number="1" last_descriptor_number="3" language_code="cze">
        <text>ž je to studený, nepříjemný suchar, jehož, jak se zdá, smrt manželky příliš nevykolejila. Jenomže "sebeovládání není zločin" - což si vrchní inspektor Jardine velice dobře uvědomuje. Ostatně trochu té sebekontroly by moc rád </text>
      </extended_event_descriptor>
      <extended_event_descriptor descriptor_number="2" last_descriptor_number="3" language_code="cze">
        <text>viděl u všech svých podřízených, zejména ovšem u Robyho Rosse, jehož ne zrovna košer styky s podsvětím jej začínají poněkud znepokojovat. Stejně jako ono loupežné přepadení náklaďáku, které se - jako v té pohádce o chytré</text>
      </extended_event_descriptor>
      <extended_event_descriptor descriptor_number="3" last_descriptor_number="3" language_code="cze">
        <text> horákyni - jaksi konalo i nekonalo...</text>
      </extended_event_descriptor>
      <component_descriptor stream_content="0x01" stream_content_ext="0x0F" component_type="0x01" component_tag="0x01" language_code="cze" text=""/>
      <component_descriptor stream_content="0x02" stream_content_ext="0x0F" component_type="0x03" component_tag="0x02" language_code="cze" text=""/>
      <component_descriptor stream_content="0x03" stream_content_ext="0x0F" component_type="0x01" component_tag="0x04" language_code="cze" text=""/>
      <content_descriptor>
        <content content_nibble_level_1="1" content_nibble_level_2="1" user_byte="0x00"/>
      </content_descriptor>
      <parental_rating_descriptor>
        <country country_code="CZE" rating="0x00"/>
      </parental_rating_descriptor>
      <PDC_descriptor programme_identification_label="01-20 23:40"/>
    </event>
  </EIT>
  <EIT type="0" version="10" current="true" actual="true" service_id="0x0102" transport_stream_id="0x0111" original_network_id="0x20CB" last_table_id="0x50">
    <!-- PID 0x0012 (18) -->
    <event event_id="0x4ACF" start_time="2019-01-19 16:51:44" duration="00:53:16" running_status="undefined" CA_mode="false">
      <short_event_descriptor language_code="cze">
        <event_name>Kamera na cestách: Botswana, klenot Afriky</event_name>
        <text>Země proslulá výjimečnou faunou, produkcí diamantů a deltou řeky Okavango. Francouzský dokument.</text>
      </short_event_descriptor>
      <extended_event_descriptor descriptor_number="0" last_descriptor_number="3" language_code="cze">
        <text>HDTV
2 jazykové verze
Skryté titulky
Představte si pevninu většinou rovinatou a vyprahlou, velkou jako Francie, bez přístupu k moři, vklíněnou do území jižní Afriky. Taková je zem</text>
        <item>
          <description>Repríza</description>
          <name>ČT2 21.1. 9:00</name>
        </item>
        <item>
          <description>Žánr</description>
          <name>turistika, cestování</name>
        </item>
      </extended_event_descriptor>
      <extended_event_descriptor descriptor_number="1" last_descriptor_number="3" language_code="cze">
        <text>ě Křováků a také malých šelem surikat.  
Je to také vlast lidu Tswana a několika dalších etnik, která od získání nezávislosti v roce 1966 vystupují pod jednou vlajkou. Modrá barva na ní představuje vodu, v této horké krajině s</text>
      </extended_event_descriptor>
      <extended_event_descriptor descriptor_number="2" last_descriptor_number="3" language_code="cze">
        <text>kutečný poklad.
Až z druhého konce planety jezdí do Botswany lidé, aby obdivovali tamní přírodní rezervace. Zaujmout mohou pouště či tajemné řeky, upoutají rovněž vyschlá solná jezera, uprostřed nichž se tyčí tisícileté bao</text>
      </extended_event_descriptor>
      <extended_event_descriptor descriptor_number="3" last_descriptor_number="3" language_code="cze">
        <text>baby. 
Botswana si zaslouží stále více pozornosti. Den po dni se obrací zády k historii chudé země bez jakékoli perspektivy.</text>
      </extended_event_descriptor>
      <component_descriptor stream_content="0x05" stream_content_ext="0x0F" component_type="0x0B" component_tag="0x01" language_code="cze" text=""/>
      <component_descriptor stream_content="0x02" stream_content_ext="0x0F" component_type="0x02" component_tag="0x02" language_code="cze" text=""/>
      <component_descriptor stream_content="0x03" stream_content_ext="0x0F" component_type="0x01" component_tag="0x04" language_code="cze" text=""/>
      <content_descriptor>
        <content content_nibble_level_1="10" content_nibble_level_2="1" user_byte="0x00"/>
      </content_descriptor>
      <parental_rating_descriptor>
        <country country_code="CZE" rating="0x00"/>
      </parental_rating_descriptor>
      <PDC_descriptor programme_identification_label="01-19 17:50"/>
    </event>
    <event event_id="0x4AF7" start_time="2019-01-19 17:45:00" duration="00:06:49" running_status="undefined" CA_mode="false">
      <short_event_descriptor language_code="cze">
        <event_name>O krtkovi, Večerníček</event_name>
        <text></text>
      </short_event_descriptor>
      <extended_event_descriptor descriptor_number="0" last_descriptor_number="0" language_code="cze">
        <text>4:3</text>
        <item>
          <description>Žánr</description>
          <name>animovaný / loutkový</name>
        </item>
      </extended_event_descriptor>
      <component_descriptor stream_content="0x01" stream_content_ext="0x0F" component_type="0x01" component_tag="0x01" language_code="cze" text=""/>
      <component_descriptor stream_content="0x02" stream_content_ext="0x0F" component_type="0x03" component_tag="0x02" language_code="cze" text=""/>
      <content_descriptor>
        <content content_nibble_level_1="5" content_nibble_level_2="5" user_byte="0x00"/>
      </content_descriptor>
      <parental_rating_descriptor>
        <country country_code="CZE" rating="0x00"/>
      </parental_rating_descriptor>
      <PDC_descriptor programme_identification_label="01-19 18:45"/>
    </event>
    <event event_id="0x4AFA" start_time="2019-01-19 17:51:49" duration="00:28:11" running_status="undefined" CA_mode="false">
      <short_event_descriptor language_code="cze">
        <event_name>Sousedé</event_name>
        <text>Ohlédnutí za festivalem Souznění, Dny polské kultury v Ostravě, výstavou Nejsme tu sami i předávání cen Jána Kollára. Připravili: M. Růžičková, R. Bilanová, K. Řezníčková, K. K. Keteleš a M. Rek.</text>
      </short_event_descriptor>
      <extended_event_descriptor descriptor_number="0" last_descriptor_number="0" language_code="cze">
        <text>HDTV
Zvukový popis
Skryté titulky</text>
        <item>
          <description>Žánr</description>
          <name>zábavný/ soutěžní pořad</name>
        </item>
      </extended_event_descriptor>
      <component_descriptor stream_content="0x05" stream_content_ext="0x0F" component_type="0x0B" component_tag="0x01" language_code="cze" text=""/>
      <component_descriptor stream_content="0x02" stream_content_ext="0x0F" component_type="0x03" component_tag="0x02" language_code="cze" text=""/>
      <component_descriptor stream_content="0x03" stream_content_ext="0x0F" component_type="0x01" component_tag="0x04" language_code="cze" text=""/>
      <component_descriptor stream_content="0x02" stream_content_ext="0x0F" component_type="0x40" component_tag="0x07" language_code="cze" text=""/>
      <content_descriptor>
        <content content_nibble_level_1="3" content_nibble_level_2="0" user_byte="0x00"/>
      </content_descriptor>
      <parental_rating_descriptor>
        <country country_code="CZE" rating="0x00"/>
      </parental_rating_descriptor>
      <PDC_descriptor programme_identification_label="01-19 18:50"/>
    </event>
    <event event_id="0x4B0D" start_time="2019-01-19 18:20:00" duration="00:30:00" running_status="undefined" CA_mode="false">
      <short_event_descriptor language_code="cze">
        <event_name>Hádanky domů života: Mikulovská brána do židovské duše</event_name>
        <text>V úvodní části dokumentárního cyklu o minulosti i současnosti židovských hřbitovů se vypravíme s Petrem Vackem na ten nejvýznamnější na území Moravy (2013). Režie</text>
      </short_event_descriptor>
      <extended_event_descriptor descriptor_number="0" last_descriptor_number="6" language_code="cze">
        <text>J. Kratochvíl.
HDTV
Skryté titulky
V prvním díle putování po židovských hřbitovech a dalších památkách zmizelé kultury se vypravíme do Mikulova. Místní židovský hřbitov se poněkud vymyká</text>
        <item>
          <description>Žánr</description>
          <name>magazíny, reportáže, dokumenty</name>
        </item>
      </extended_event_descriptor>
      <extended_event_descriptor descriptor_number="1" last_descriptor_number="6" language_code="cze">
        <text> těm ostatním, které postupně navštívíme: se svými 4000 náhrobky představuje nejrozsáhlejší židovský hřbitov na Moravě, který ročně navštíví na 10 000 lidí, mezi nimiž jsou ortodoxní věřící až z dalekých zemí. Do pol</text>
      </extended_event_descriptor>
      <extended_event_descriptor descriptor_number="2" last_descriptor_number="6" language_code="cze">
        <text>oviny 19. století žila v Mikulově nejvýznamnější moravská židovská obec, druhá nejpočetnější v českých zemích, která zanikla v roce 1938. Mikulov s několika synagogami (dvě byly zbořeny po 2. světové válce, třetí tzv. Horn</text>
      </extended_event_descriptor>
      <extended_event_descriptor descriptor_number="3" last_descriptor_number="6" language_code="cze">
        <text>í synagoga prošla rozsáhlou rekonstrukcí) byl sídlem moravských rabínů a kromě slavného Rabi Löwa zde působilo mnoho talmudských učenců. 
Mikulovský židovský hřbitov, významný nejen pro svou umělecko-historickou hodnotu, ale ja</text>
      </extended_event_descriptor>
      <extended_event_descriptor descriptor_number="4" last_descriptor_number="6" language_code="cze">
        <text>ko místo posledního odpočinku moravských zemských rabínů, se stane naší první "čítankou“, kdy se poprvé začteme do epitafů na náhrobcích a jejich prostřednictvím se dostaneme ke konkrétním příběhům a životním osudům Žid</text>
      </extended_event_descriptor>
      <extended_event_descriptor descriptor_number="5" last_descriptor_number="6" language_code="cze">
        <text>ů zde pohřbených... Na tuto i další cesty se vydáme s hercem Petrem Vackem, kterému je tematika blízká i jako členovi hudební skupiny Mišpacha, zpívající chasidské a židovské lidové písně. Tak jako v každém dílu se stane jeho</text>
      </extended_event_descriptor>
      <extended_event_descriptor descriptor_number="6" last_descriptor_number="6" language_code="cze">
        <text> zasvěceným průvodcem po dané lokalitě místní odborník, který je zapojen do správy a péče o židovské památky. V Mikulově jím bude malířka a galeristka Sylva Chludilová.</text>
      </extended_event_descriptor>
      <component_descriptor stream_content="0x05" stream_content_ext="0x0F" component_type="0x0B" component_tag="0x01" language_code="cze" text=""/>
      <component_descriptor stream_content="0x02" stream_content_ext="0x0F" component_type="0x03" component_tag="0x02" language_code="cze" text=""/>
      <component_descriptor stream_content="0x03" stream_content_ext="0x0F" component_type="0x01" component_tag="0x04" language_code="cze" text=""/>
      <content_descriptor>
        <content content_nibble_level_1="8" content_nibble_level_2="1" user_byte="0x00"/>
      </content_descriptor>
      <parental_rating_descriptor>
        <country country_code="CZE" rating="0x00"/>
      </parental_rating_descriptor>
      <PDC_descriptor programme_identification_label="01-19 19:20"/>
    </event>
    <event event_id="0x4B24" start_time="2019-01-19 18:50:00" duration="00:10:28" running_status="undefined" CA_mode="false">
      <short_event_descriptor language_code="cze">
        <event_name>Zprávy v českém znakovém jazyce</event_name>
        <text></text>
      </short_event_descriptor>
      <extended_event_descriptor descriptor_number="0" last_descriptor_number="0" language_code="cze">
        <text>HDTV
Znakový jazyk</text>
        <item>
          <description>Žánr</description>
          <name>zprávy, počasí</name>
        </item>
      </extended_event_descriptor>
      <component_descriptor stream_content="0x05" stream_content_ext="0x0F" component_type="0x0B" component_tag="0x01" language_code="cze" text=""/>
      <component_descriptor stream_content="0x02" stream_content_ext="0x0F" component_type="0x03" component_tag="0x02" language_code="cze" text=""/>
      <component_descriptor stream_content="0x03" stream_content_ext="0x0F" component_type="0x30" component_tag="0x01" language_code="cze" text=""/>
      <content_descriptor>
        <content content_nibble_level_1="2" content_nibble_level_2="1" user_byte="0x00"/>
      </content_descriptor>
      <parental_rating_descriptor>
        <country country_code="CZE" rating="0x00"/>
      </parental_rating_descriptor>
      <PDC_descriptor programme_identification_label="01-19 19:50"/>
    </event>
    <event event_id="0x4B2C" start_time="2019-01-19 19:00:28" duration="00:50:22" running_status="undefined" CA_mode="false">
      <short_event_descriptor language_code="cze">
        <event_name>Babylon Berlín, Babylon Berlin</event_name>
        <text>1/16 Komisař Rath vyšetřuje propletené zločiny v meziválečném Berlíně, kterým otřásají politické protesty, ekonomická krize i nespoutané večírky. Výpravný německý seriál (2017). Hrají: V.</text>
      </short_event_descriptor>
      <extended_event_descriptor descriptor_number="0" last_descriptor_number="6" language_code="cze">
        <text>Bruch, P. Kurth, L. L. Fries, M. Brandt, J. Hain, L. Benesch a další. Režie: Tom Tykwer, Henk Handloegten a Achim von Borries.
HDTV
2 jazykové verze
Skryté titulky
V roce 19</text>
        <item>
          <description>Repríza</description>
          <name>ČT2 22.1. 23:35</name>
        </item>
        <item>
          <description>Žánr</description>
          <name>detektivka / krimi / thriler</name>
        </item>
        <item>
          <description>Věk</description>
          <name>15+</name>
        </item>
      </extended_event_descriptor>
      <extended_event_descriptor descriptor_number="1" last_descriptor_number="6" language_code="cze">
        <text>29 přijíždí mladý kolínský komisař Gereon Rath (V. Bruch) do Berlína, aby se na mravnostním oddělení policie ujal vyšetřování zločinecké mafie s pornografickými filmy. Na první pohled rutinní případ vydírání odhalí znepoko</text>
      </extended_event_descriptor>
      <extended_event_descriptor descriptor_number="2" last_descriptor_number="6" language_code="cze">
        <text>jivé souvislosti, které osudově promění život Gereonovi i jeho kolegům. Berlín v období Výmarské republiky je metropolí nezměrných kontrastů. Lidé jsou stále ochromeni dopady první světové války, narůstá politický extremismus</text>
      </extended_event_descriptor>
      <extended_event_descriptor descriptor_number="3" last_descriptor_number="6" language_code="cze">
        <text>, nezaměstnanost a chudoba, ale vedle nich město pulzuje divokým nočním životem a dekadentními večírky. 

Výpravný šestnáctidílný seriál se strhující atmosférou vychází z detektivních bestsellerů Volkera Kutschera. Babylon Ber</text>
      </extended_event_descriptor>
      <extended_event_descriptor descriptor_number="4" last_descriptor_number="6" language_code="cze">
        <text>lín je s rozpočtem přibližně 40 milionů euro nejdražším televizním projektem v německé historii. Jeho tvůrci jsou mezinárodně oceněný režisér a scenárista Tom Tykwer (Lola běží o život, Parfém: Příběh vraha, Atlas mraků)</text>
      </extended_event_descriptor>
      <extended_event_descriptor descriptor_number="5" last_descriptor_number="6" language_code="cze">
        <text> a scenáristé a režiséři Achim von Borries a Henk Handloegten. Roli Gereona Ratha ztvárnil Volker Bruch, známý z minisérie Válečná generace. Jako energickou aspirující policistku Charlottu Ritterovou uvidíme talentovanou Liv Lisu Frie</text>
      </extended_event_descriptor>
      <extended_event_descriptor descriptor_number="6" last_descriptor_number="6" language_code="cze">
        <text>s a v roli zasloužilého policisty Bruna Woltera renomovaného německého herce Petera Kurtha, kterého čeští diváci mohou znát na příklad z titulní role ve snímku Schmitke.</text>
      </extended_event_descriptor>
      <component_descriptor stream_content="0x05" stream_content_ext="0x0F" component_type="0x0B" component_tag="0x01" language_code="cze" text=""/>
      <component_descriptor stream_content="0x02" stream_content_ext="0x0F" component_type="0x02" component_tag="0x02" language_code="cze" text=""/>
      <component_descriptor stream_content="0x03" stream_content_ext="0x0F" component_type="0x01" component_tag="0x04" language_code="cze" text=""/>
      <content_descriptor>
        <content content_nibble_level_1="1" content_nibble_level_2="1" user_byte="0x00"/>
      </content_descriptor>
      <parental_rating_descriptor>
        <country country_code="CZE" rating="0x0C"/>
      </parental_rating_descriptor>
      <PDC_descriptor programme_identification_label="01-19 20:00"/>
    </event>
    <event event_id="0x4B4D" start_time="2019-01-19 19:50:50" duration="00:49:10" running_status="undefined" CA_mode="false">
      <short_event_descriptor language_code="cze">
        <event_name>Babylon Berlín, Babylon Berlin</event_name>
        <text>2/16 Komisař Rath vyšetřuje propletené zločiny v meziválečném Berlíně, kterým otřásají politické protesty, ekonomická krize i nespoutané večírky. Výpravný německý seriál (2017). Hrají: V.</text>
      </short_event_descriptor>
      <extended_event_descriptor descriptor_number="0" last_descriptor_number="5" language_code="cze">
        <text>Bruch, P. Kurth, L. L. Fries, M. Brandt, J. Hain, L. Benesch a další. Režie: Tom Tykwer, Henk Handloegten a Achim von Borries.
HDTV
2 jazykové verze
Skryté titulky
Gereon Rat</text>
        <item>
          <description>Repríza</description>
          <name>ČT2 23.1. 0:20</name>
        </item>
        <item>
          <description>Žánr</description>
          <name>detektivka / krimi / thriler</name>
        </item>
        <item>
          <description>Věk</description>
          <name>15+</name>
        </item>
      </extended_event_descriptor>
      <extended_event_descriptor descriptor_number="1" last_descriptor_number="5" language_code="cze">
        <text>h pokračuje ve vyšetřování zmizení kompromitujícího pornografického snímku, jehož zveřejnění by mohlo mít zničující následky pro vysoce postavené státní představitele. Charlotte se zoufale snaží vydělat peníze, aby uživil</text>
      </extended_event_descriptor>
      <extended_event_descriptor descriptor_number="2" last_descriptor_number="5" language_code="cze">
        <text>a rodinu v chudinském Weddingu, a zároveň bojovat za sůj sen - stát se první kriminalistkou v historii Německé policie. K Berlínu se mezitím blíží vlak ze Sovětského svazu, jehož náklad má pomoci zvrátit chod světových dějin. 
</text>
      </extended_event_descriptor>
      <extended_event_descriptor descriptor_number="3" last_descriptor_number="5" language_code="cze">
        <text>
Mezinárodně oceněný výpravný seriál tvůrců Toma Tykwera (Lola běží o život, Parfém: Příběh vraha, Atlas mraků), Achima von Borriese a Henka Handloegtena je nejdražším televizním projektem německé historie a svou strhující </text>
      </extended_event_descriptor>
      <extended_event_descriptor descriptor_number="4" last_descriptor_number="5" language_code="cze">
        <text>atmosférou okouzlil diváky i filmovou kritiku. Je zasazen do Berlína roku 1929, kdy městem zmítaly politické nepokoje a hospodářská krize, ale i divoké večírky v kabaretech. V hlavních rolích uvidíme Volkera Bruche, známého z dramat</text>
      </extended_event_descriptor>
      <extended_event_descriptor descriptor_number="5" last_descriptor_number="5" language_code="cze">
        <text>u Válečná generace, Petera Kurtha, který se českým divákům představil například v titulní roli filmu Schmitke, Liv Lisu Fries, Matthiase Brandta či Leonie Benesch.</text>
      </extended_event_descriptor>
      <content_descriptor>
        <content content_nibble_level_1="1" content_nibble_level_2="1" user_byte="0x00"/>
      </content_descriptor>
      <parental_rating_descriptor>
        <country country_code="CZE" rating="0x0C"/>
      </parental_rating_descriptor>
      <PDC_descriptor programme_identification_label="01-19 20:50"/>
      <component_descriptor stream_content="0x01" stream_content_ext="0x0F" component_type="0x03" component_tag="0x01" language_code="cze" text=""/>
      <component_descriptor stream_content="0x02" stream_content_ext="0x0F" component_type="0x04" component_tag="0x02" language_code="cze" text=""/>
      <component_descriptor stream_content="0x03" stream_content_ext="0x0F" component_type="0x01" component_tag="0x04" language_code="cze" text=""/>
      <component_descriptor stream_content="0x03" stream_content_ext="0x0F" component_type="0x02" component_tag="0x04" language_code="cze" text=""/>
    </event>
    <event event_id="0x4B71" start_time="2019-01-19 20:40:00" duration="01:55:00" running_status="undefined" CA_mode="false">
      <short_event_descriptor language_code="cze">
        <event_name>Hon, Jagten</event_name>
        <text>Stačí jedna malá lež a nic už nebude jako dřív. Strhující dánské drama nominované na Oscara (2012). Hrají: M. Mikkelsen, T. B. Larsen, A. Wedderkoppová, L. Fogelstrom a další. Režie Thomas Vinterberg.</text>
      </short_event_descriptor>
      <extended_event_descriptor descriptor_number="0" last_descriptor_number="7" language_code="cze">
        <text>16:9
Skryté titulky
Čtyřicátník Lucas má za sebou rozvod a pracovní přeložení z postu učitele na vychovatele ve školce. Ale postupně se začíná upínat k optimistickým vyhlídkám, navíc m</text>
        <item>
          <description>Žánr</description>
          <name>film / drama pro dospělé</name>
        </item>
        <item>
          <description>Věk</description>
          <name>18+</name>
        </item>
      </extended_event_descriptor>
      <extended_event_descriptor descriptor_number="1" last_descriptor_number="7" language_code="cze">
        <text>á své dlouholeté přátele a v komunitě rodného maloměsta je oblíbený. Stačí ale jedna malá lež a vše začne brát za své. Kamarádství náhle nahlodává nejistota a zneklidnění, ale nikdo jakoby ani nechtěl slyšet Lucasovu verzi</text>
      </extended_event_descriptor>
      <extended_event_descriptor descriptor_number="2" last_descriptor_number="7" language_code="cze">
        <text>. Prohlubující se nedůvěra eskaluje do otevřené agresivity, ale Lucas se nehodlá vzdát a jde hlavou proti zdi. Intenzivně gradující drama naplňuje diváky svíravým napětím, zatímco bez příliš okatých schémat vykresluje nemilosr</text>
      </extended_event_descriptor>
      <extended_event_descriptor descriptor_number="3" last_descriptor_number="7" language_code="cze">
        <text>dnou štvanici na nevinného člověka, ale i jeho urputný boj za svou důstojnost. Hlavní roli bravurně ztvárnil Mads Mikkelsen, jenž byl za svůj výkon ověnčen řadou cen, mimo jiné i na prestižním mezinárodním festivalu v Cannes. Sn</text>
      </extended_event_descriptor>
      <extended_event_descriptor descriptor_number="4" last_descriptor_number="7" language_code="cze">
        <text>ímek Hon byl nominován na Oscara, Zlatý glóbus a na desítky dalších výročních cen. Dánský režisér Thomas Vinterberg začínal jako nadšený filmař osobitých žánrových mixů jako černohumorné roadmovie Největší hrdinové (199</text>
      </extended_event_descriptor>
      <extended_event_descriptor descriptor_number="5" last_descriptor_number="7" language_code="cze">
        <text>6), ale do povědomí diváků a kritiků se nejvíce zapsal snímkem Rodinná oslava z roku 1998, kterým jako první uvedl do praxe manifest Dogma 95, jenž formuloval spolu s Larsem von Trierem. Ačkoli koncept dokumentárně naturalistické form</text>
      </extended_event_descriptor>
      <extended_event_descriptor descriptor_number="6" last_descriptor_number="7" language_code="cze">
        <text>y pokračoval ještě řadu let, Vinterberg se ho sám záhy vzdal, když dostal možnost natáčet v Americe filmy Za všechno může láska a Můj miláček ráže 6,65. Po kariérním návratu do Dánska se dále věnoval komorním a intenzivně </text>
      </extended_event_descriptor>
      <extended_event_descriptor descriptor_number="7" last_descriptor_number="7" language_code="cze">
        <text>emocionálním příběhům obyčejných lidí jako v odlehčené satiře Když se muž vrací domů, ale i ve vypjatých dramatech jako Submarino či právě Hon.</text>
      </extended_event_descriptor>
      <content_descriptor>
        <content content_nibble_level_1="1" content_nibble_level_2="8" user_byte="0x00"/>
      </content_descriptor>
      <parental_rating_descriptor>
        <country country_code="CZE" rating="0x0F"/>
      </parental_rating_descriptor>
      <PDC_descriptor programme_identification_label="01-19 21:40"/>
      <component_descriptor stream_content="0x01" stream_content_ext="0x0F" component_type="0x01" component_tag="0x01" language_code="cze" text=""/>
      <component_descriptor stream_content="0x02" stream_content_ext="0x0F" component_type="0x03" component_tag="0x02" language_code="cze" text=""/>
      <component_descriptor stream_content="0x03" stream_content_ext="0x0F" component_type="0x01" component_tag="0x04" language_code="cze" text=""/>
      <component_descriptor stream_content="0x03" stream_content_ext="0x0F" component_type="0x02" component_tag="0x04" language_code="cze" text=""/>
    </event>
    <event event_id="0x4BC2" start_time="2019-01-19 22:35:00" duration="01:32:27" running_status="undefined" CA_mode="false">
      <short_event_descriptor language_code="cze">
        <event_name>SS-GB: Hitler v Británii, SS-GB</event_name>
        <text>2/3 Prohráli válku, nebo jen bitvu? Druhá epizoda trojdílné britské adaptace bestselleru Lena Deightona, podávajícího obraz Británie okupované nacistickým Německem (2017). Hrají: S. Riley, J. Cosmo,</text>
      </short_event_descriptor>
      <extended_event_descriptor descriptor_number="0" last_descriptor_number="7" language_code="cze">
        <text>M. Dermodyová, L. Eidinger, K. Bosworthová, R. Bock, J. Flemyng, A. Barnard a další. Režie Philipp Kadelbach.
HDTV
2 jazykové verze
Skryté titulky
Píše se rok 1941. Britové prohráli leteckou bitvu o Bri</text>
        <item>
          <description>Žánr</description>
          <name>detektivka / krimi / thriler</name>
        </item>
      </extended_event_descriptor>
      <extended_event_descriptor descriptor_number="1" last_descriptor_number="7" language_code="cze">
        <text>tánii a po následné invazi na ostrovy se většina země nachází pod německou okupací. Nacisté převzali velení i nad Scotland Yardem, jehož detektiv Douglas Archer vyšetřuje vraždu starožitníka Petera Thomase. Zdánlivě banální p</text>
      </extended_event_descriptor>
      <extended_event_descriptor descriptor_number="2" last_descriptor_number="7" language_code="cze">
        <text>řípad však vzbuzuje větší pozornost, než by si na první pohled zasluhoval. Do Londýna kvůli němu přijel SS-Standartenführer dr. Huth, člen osobního štábu samotného Himmlera, který je na kordy se současným velitelem Scotland Yard</text>
      </extended_event_descriptor>
      <extended_event_descriptor descriptor_number="3" last_descriptor_number="7" language_code="cze">
        <text>u, SS-Gruppenführerem Kellermannem, a vražda zjevně zajímá také britské odbojové hnutí, jehož vysocí představitelé plukovník Mayhew, Sir Robert Benson a Bernard Staines kontaktují Archera na večírku u vlivného obchodníka s umění</text>
      </extended_event_descriptor>
      <extended_event_descriptor descriptor_number="4" last_descriptor_number="7" language_code="cze">
        <text>m Garina. Archerovi se zatím podařilo zjistit, že údajný starožitník Thomas byl ve skutečnosti vědec William Spode a že jeho smrt může mít na svědomí jeho vlastní bratr John. Při odjezdu od Garina se Archer sbližuje s americkou nov</text>
      </extended_event_descriptor>
      <extended_event_descriptor descriptor_number="5" last_descriptor_number="7" language_code="cze">
        <text>inářkou Barbarou Barga, která ho varuje, aby se měl před odbojáři na pozoru. Osud konstábla Dunna jakoby jí dával za pravdu. Postupně se také odhaluje podstata výzkumu, na němž se před svou smrtí podílel William Spode. A zatímco s</text>
      </extended_event_descriptor>
      <extended_event_descriptor descriptor_number="6" last_descriptor_number="7" language_code="cze">
        <text>e Archer pokouší prokličkovat mezi protichůdnými zájmy jednotlivých aktérů případu a neztratit při tom svou integritu, v Londýně se v rámci nového německo-sovětského přátelství připravuje slavnostní vyzvednutí ostatků Karla</text>
      </extended_event_descriptor>
      <extended_event_descriptor descriptor_number="7" last_descriptor_number="7" language_code="cze">
        <text> Marxe za účasti trojice Molotov, von Ribbentrop, Goebbels.</text>
      </extended_event_descriptor>
      <content_descriptor>
        <content content_nibble_level_1="1" content_nibble_level_2="1" user_byte="0x00"/>
      </content_descriptor>
      <parental_rating_descriptor>
        <country country_code="CZE" rating="0x00"/>
      </parental_rating_descriptor>
      <PDC_descriptor programme_identification_label="01-19 23:35"/>
      <component_descriptor stream_content="0x01" stream_content_ext="0x0F" component_type="0x03" component_tag="0x01" language_code="cze" text=""/>
      <component_descriptor stream_content="0x02" stream_content_ext="0x0F" component_type="0x04" component_tag="0x02" language_code="cze" text=""/>
      <component_descriptor stream_content="0x03" stream_content_ext="0x0F" component_type="0x01" component_tag="0x04" language_code="cze" text=""/>
      <component_descriptor stream_content="0x03" stream_content_ext="0x0F" component_type="0x02" component_tag="0x04" language_code="cze" text=""/>
    </event>
    <event event_id="0x4C05" start_time="2019-01-20 00:07:27" duration="00:27:40" running_status="undefined" CA_mode="false">
      <short_event_descriptor language_code="cze">
        <event_name>Tajný život skal: Skrytá moře naší země</event_name>
        <text>Výprava Václava Cílka do tajuplného světa vápencových krasů (2014). Režie A. Lederer.</text>
      </short_event_descriptor>
      <extended_event_descriptor descriptor_number="0" last_descriptor_number="3" language_code="cze">
        <text>HDTV
Zvukový popis
Skryté titulky
V dalším díle dokumentárního cyklu se seznámíme s vápenci a kalcitovými horninami, které se před milióny let koncentrovaly v České k</text>
        <item>
          <description>Repríza</description>
          <name>ČT2 21.1. 5:30</name>
        </item>
        <item>
          <description>Žánr</description>
          <name>magazíny, reportáže, dokumenty</name>
        </item>
      </extended_event_descriptor>
      <extended_event_descriptor descriptor_number="1" last_descriptor_number="3" language_code="cze">
        <text>řídové pánvi v podobě zrn a dnes je jako kamenné hlízy objevujeme po celém Českém i Moravském krasu. Projdeme údolí, kde se propadají vody říček a řek, aby se opodál prostřednictvím vývěr opět dostaly na denní světlo. Sezn</text>
      </extended_event_descriptor>
      <extended_event_descriptor descriptor_number="2" last_descriptor_number="3" language_code="cze">
        <text>ámíme se se závrty, propastmi, včetně té největší u nás - Macochou. A nemineme ani vápencové jeskyně. Vstupujeme do zvláštního prostoru, zpočátku ještě vnímáme světlo z povrchu, ale když zajdeme hlouběji, slyšíme už jen, </text>
      </extended_event_descriptor>
      <extended_event_descriptor descriptor_number="3" last_descriptor_number="3" language_code="cze">
        <text>podle poetických slov Václava Cílka, "šelest molekul“. A konečně máme možnost dotknout se onoho tajného života skal.</text>
      </extended_event_descriptor>
      <content_descriptor>
        <content content_nibble_level_1="8" content_nibble_level_2="1" user_byte="0x00"/>
      </content_descriptor>
      <parental_rating_descriptor>
        <country country_code="CZE" rating="0x00"/>
      </parental_rating_descriptor>
      <PDC_descriptor programme_identification_label="01-20 01:05"/>
      <component_descriptor stream_content="0x01" stream_content_ext="0x0F" component_type="0x03" component_tag="0x01" language_code="cze" text=""/>
      <component_descriptor stream_content="0x02" stream_content_ext="0x0F" component_type="0x03" component_tag="0x02" language_code="cze" text=""/>
      <component_descriptor stream_content="0x02" stream_content_ext="0x0F" component_type="0x40" component_tag="0x07" language_code="cze" text=""/>
      <component_descriptor stream_content="0x03" stream_content_ext="0x0F" component_type="0x01" component_tag="0x04" language_code="cze" text=""/>
      <component_descriptor stream_content="0x03" stream_content_ext="0x0F" component_type="0x02" component_tag="0x04" language_code="cze" text=""/>
    </event>
    <event event_id="0x4C19" start_time="2019-01-20 00:35:07" duration="00:30:24" running_status="undefined" CA_mode="false">
      <short_event_descriptor language_code="cze">
        <event_name>Europa Jagellonica</event_name>
        <text>Královské dvory a rezidence v jagellonské Evropě 1386-1572. Dokument P. Ruttnera a V. Wildové.</text>
      </short_event_descriptor>
      <extended_event_descriptor descriptor_number="0" last_descriptor_number="4" language_code="cze">
        <text>16:9
Skryté titulky
Královské dvory a rezidence v jagellonské Evropě 1386-1572 ukazují historii rodu, který zanechal výraznou politickou a kulturní stopu na mapě středověké a raně novověké Evropy. F</text>
        <item>
          <description>Žánr</description>
          <name>věda / fakta / vzdělání</name>
        </item>
      </extended_event_descriptor>
      <extended_event_descriptor descriptor_number="1" last_descriptor_number="4" language_code="cze">
        <text>ilmem se procházíme po evropských, historických architektonických skvostech dochovaných do současnosti od Litvy v Trakai - velkovévodského hradu Gediminu, rodu, z něhož pocházel Jagiello, po němž dynastie získala jméno a roku 1386 se</text>
      </extended_event_descriptor>
      <extended_event_descriptor descriptor_number="2" last_descriptor_number="4" language_code="cze">
        <text> stal Wladislaw II. Jagiello polským králem. Pokračuje polský Krakow - Wawel - královský renesanční zámek vystavěný za Zikmunda I. Starého a jeho syna Zikmunda II. Augusta, katedrálou sv. Stanislava a Václava. A dále Českým královs</text>
      </extended_event_descriptor>
      <extended_event_descriptor descriptor_number="3" last_descriptor_number="4" language_code="cze">
        <text>tvím - Pražským hradem - královským palácem Jagelloncu s Vladislavským sálem, Katedrálou sv. Víta, kaplí sv. Václava s nástěnnými malbami, až po Uherské království - Budou (Budapeští), Spišským hradem, Spišskou kapitulou, Ost</text>
      </extended_event_descriptor>
      <extended_event_descriptor descriptor_number="4" last_descriptor_number="4" language_code="cze">
        <text>řihomí.</text>
      </extended_event_descriptor>
      <content_descriptor>
        <content content_nibble_level_1="9" content_nibble_level_2="0" user_byte="0x00"/>
      </content_descriptor>
      <parental_rating_descriptor>
        <country country_code="CZE" rating="0x00"/>
      </parental_rating_descriptor>
      <PDC_descriptor programme_identification_label="01-20 01:35"/>
      <component_descriptor stream_content="0x01" stream_content_ext="0x0F" component_type="0x03" component_tag="0x01" language_code="cze" text=""/>
      <component_descriptor stream_content="0x02" stream_content_ext="0x0F" component_type="0x03" component_tag="0x02" language_code="cze" text=""/>
      <component_descriptor stream_content="0x03" stream_content_ext="0x0F" component_type="0x01" component_tag="0x04" language_code="cze" text=""/>
      <component_descriptor stream_content="0x03" stream_content_ext="0x0F" component_type="0x02" component_tag="0x04" language_code="cze" text=""/>
    </event>
    <event event_id="0x4C2E" start_time="2019-01-20 01:05:31" duration="00:26:14" running_status="undefined" CA_mode="false">
      <short_event_descriptor language_code="cze">
        <event_name>Ztraceni</event_name>
        <text>Je možné beze stopy zmizet? Proč přibývá pohřešovaných dětí? (2009). Připravili M. Tlachová a P. Lokaj.</text>
      </short_event_descriptor>
      <extended_event_descriptor descriptor_number="0" last_descriptor_number="0" language_code="cze">
        <text>16:9
Skryté titulky</text>
        <item>
          <description>Žánr</description>
          <name>magazíny, reportáže, dokumenty</name>
        </item>
      </extended_event_descriptor>
      <content_descriptor>
        <content content_nibble_level_1="8" content_nibble_level_2="1" user_byte="0x00"/>
      </content_descriptor>
      <parental_rating_descriptor>
        <country country_code="CZE" rating="0x00"/>
      </parental_rating_descriptor>
      <PDC_descriptor programme_identification_label="01-20 02:05"/>
      <component_descriptor stream_content="0x01" stream_content_ext="0x0F" component_type="0x03" component_tag="0x01" language_code="cze" text=""/>
      <component_descriptor stream_content="0x02" stream_content_ext="0x0F" component_type="0x03" component_tag="0x02" language_code="cze" text=""/>
      <component_descriptor stream_content="0x03" stream_content_ext="0x0F" component_type="0x01" component_tag="0x04" language_code="cze" text=""/>
      <component_descriptor stream_content="0x03" stream_content_ext="0x0F" component_type="0x02" component_tag="0x04" language_code="cze" text=""/>
    </event>
    <event event_id="0x4C40" start_time="2019-01-20 01:31:45" duration="00:14:45" running_status="undefined" CA_mode="false">
      <short_event_descriptor language_code="cze">
        <event_name>Příběhy železné opony: Německý vězeň</event_name>
        <text>Občan NDR chtěl do svobodné země, skončil za mřížemi (2006). Dokumentární cyklus o krutosti i absurditě přísně střežené hranice komunistického Československa.</text>
      </short_event_descriptor>
      <extended_event_descriptor descriptor_number="0" last_descriptor_number="0" language_code="cze">
        <text>16:9
Skryté titulky</text>
        <item>
          <description>Žánr</description>
          <name>magazíny, reportáže, dokumenty</name>
        </item>
      </extended_event_descriptor>
      <content_descriptor>
        <content content_nibble_level_1="8" content_nibble_level_2="1" user_byte="0x00"/>
      </content_descriptor>
      <parental_rating_descriptor>
        <country country_code="CZE" rating="0x00"/>
      </parental_rating_descriptor>
      <PDC_descriptor programme_identification_label="01-20 02:30"/>
      <component_descriptor stream_content="0x01" stream_content_ext="0x0F" component_type="0x03" component_tag="0x01" language_code="cze" text=""/>
      <component_descriptor stream_content="0x02" stream_content_ext="0x0F" component_type="0x03" component_tag="0x02" language_code="cze" text=""/>
      <component_descriptor stream_content="0x03" stream_content_ext="0x0F" component_type="0x01" component_tag="0x04" language_code="cze" text=""/>
      <component_descriptor stream_content="0x03" stream_content_ext="0x0F" component_type="0x02" component_tag="0x04" language_code="cze" text=""/>
    </event>
    <event event_id="0x4C4A" start_time="2019-01-20 01:46:30" duration="00:26:09" running_status="undefined" CA_mode="false">
      <short_event_descriptor language_code="cze">
        <event_name>Hranice dokořán - Rozmówki polsko-czeskie</event_name>
        <text>Pořad o problémech, radostech a spolupráci v příhraničních oblastech podél společné česko-polské hranice (2011).</text>
      </short_event_descriptor>
      <extended_event_descriptor descriptor_number="0" last_descriptor_number="0" language_code="cze">
        <text>16:9
Skryté titulky</text>
        <item>
          <description>Žánr</description>
          <name>magazíny, reportáže, dokumenty</name>
        </item>
      </extended_event_descriptor>
      <content_descriptor>
        <content content_nibble_level_1="8" content_nibble_level_2="1" user_byte="0x00"/>
      </content_descriptor>
      <parental_rating_descriptor>
        <country country_code="CZE" rating="0x00"/>
      </parental_rating_descriptor>
      <PDC_descriptor programme_identification_label="01-20 02:45"/>
      <component_descriptor stream_content="0x01" stream_content_ext="0x0F" component_type="0x03" component_tag="0x01" language_code="cze" text=""/>
      <component_descriptor stream_content="0x02" stream_content_ext="0x0F" component_type="0x03" component_tag="0x02" language_code="cze" text=""/>
      <component_descriptor stream_content="0x03" stream_content_ext="0x0F" component_type="0x01" component_tag="0x04" language_code="cze" text=""/>
      <component_descriptor stream_content="0x03" stream_content_ext="0x0F" component_type="0x02" component_tag="0x04" language_code="cze" text=""/>
    </event>
    <event event_id="0x4C5D" start_time="2019-01-20 02:12:39" duration="00:18:59" running_status="undefined" CA_mode="false">
      <short_event_descriptor language_code="cze">
        <event_name>Zatopené osudy: Kružberská přehrada</event_name>
        <text>Utopené dětství Joy Adamsonové. Jaké byly osudy lidí, jejichž domy přikryla vodní hladina? (2008). Do nitra přehrady se vydejte s Miroslavem Vladykou.</text>
      </short_event_descriptor>
      <extended_event_descriptor descriptor_number="0" last_descriptor_number="0" language_code="cze">
        <text>16:9
Zvukový popis
Skryté titulky</text>
        <item>
          <description>Žánr</description>
          <name>magazíny, reportáže, dokumenty</name>
        </item>
      </extended_event_descriptor>
      <content_descriptor>
        <content content_nibble_level_1="8" content_nibble_level_2="1" user_byte="0x00"/>
      </content_descriptor>
      <parental_rating_descriptor>
        <country country_code="CZE" rating="0x00"/>
      </parental_rating_descriptor>
      <PDC_descriptor programme_identification_label="01-20 03:10"/>
      <component_descriptor stream_content="0x01" stream_content_ext="0x0F" component_type="0x03" component_tag="0x01" language_code="cze" text=""/>
      <component_descriptor stream_content="0x02" stream_content_ext="0x0F" component_type="0x03" component_tag="0x02" language_code="cze" text=""/>
      <component_descriptor stream_content="0x02" stream_content_ext="0x0F" component_type="0x40" component_tag="0x07" language_code="cze" text=""/>
      <component_descriptor stream_content="0x03" stream_content_ext="0x0F" component_type="0x01" component_tag="0x04" language_code="cze" text=""/>
      <component_descriptor stream_content="0x03" stream_content_ext="0x0F" component_type="0x02" component_tag="0x04" language_code="cze" text=""/>
    </event>
    <event event_id="0x4C6A" start_time="2019-01-20 02:31:38" duration="00:27:23" running_status="undefined" CA_mode="false">
      <short_event_descriptor language_code="cze">
        <event_name>Spolek archaických nadšenců</event_name>
        <text>Co všechno lze udělat, aby duch starých Sebranic nezanikl (2014). Připravila T. Brázdová.</text>
      </short_event_descriptor>
      <extended_event_descriptor descriptor_number="0" last_descriptor_number="0" language_code="cze">
        <text>HDTV
Zvukový popis
Skryté titulky</text>
        <item>
          <description>Žánr</description>
          <name>magazíny, reportáže, dokumenty</name>
        </item>
      </extended_event_descriptor>
      <content_descriptor>
        <content content_nibble_level_1="8" content_nibble_level_2="1" user_byte="0x00"/>
      </content_descriptor>
      <parental_rating_descriptor>
        <country country_code="CZE" rating="0x00"/>
      </parental_rating_descriptor>
      <PDC_descriptor programme_identification_label="01-20 03:30"/>
      <component_descriptor stream_content="0x01" stream_content_ext="0x0F" component_type="0x03" component_tag="0x01" language_code="cze" text=""/>
      <component_descriptor stream_content="0x02" stream_content_ext="0x0F" component_type="0x03" component_tag="0x02" language_code="cze" text=""/>
      <component_descriptor stream_content="0x02" stream_content_ext="0x0F" component_type="0x40" component_tag="0x07" language_code="cze" text=""/>
      <component_descriptor stream_content="0x03" stream_content_ext="0x0F" component_type="0x01" component_tag="0x04" language_code="cze" text=""/>
      <component_descriptor stream_content="0x03" stream_content_ext="0x0F" component_type="0x02" component_tag="0x04" language_code="cze" text=""/>
    </event>
    <event event_id="0x4C7D" start_time="2019-01-20 02:59:01" duration="00:27:30" running_status="undefined" CA_mode="false">
      <short_event_descriptor language_code="cze">
        <event_name>Babylon</event_name>
        <text>Magazín dobrých zpráv o těch, kteří žijí jinde, než jsou jejich kořeny (2012).</text>
      </short_event_descriptor>
      <extended_event_descriptor descriptor_number="0" last_descriptor_number="0" language_code="cze">
        <text>16:9
Skryté titulky</text>
        <item>
          <description>Žánr</description>
          <name>magazíny, reportáže, dokumenty</name>
        </item>
      </extended_event_descriptor>
      <content_descriptor>
        <content content_nibble_level_1="8" content_nibble_level_2="1" user_byte="0x00"/>
      </content_descriptor>
      <parental_rating_descriptor>
        <country country_code="CZE" rating="0x00"/>
      </parental_rating_descriptor>
      <PDC_descriptor programme_identification_label="01-20 03:55"/>
      <component_descriptor stream_content="0x01" stream_content_ext="0x0F" component_type="0x03" component_tag="0x01" language_code="cze" text=""/>
      <component_descriptor stream_content="0x02" stream_content_ext="0x0F" component_type="0x03" component_tag="0x02" language_code="cze" text=""/>
      <component_descriptor stream_content="0x03" stream_content_ext="0x0F" component_type="0x01" component_tag="0x04" language_code="cze" text=""/>
      <component_descriptor stream_content="0x03" stream_content_ext="0x0F" component_type="0x02" component_tag="0x04" language_code="cze" text=""/>
    </event>
    <event event_id="0x4C91" start_time="2019-01-20 03:26:31" duration="00:27:13" running_status="undefined" CA_mode="false">
      <short_event_descriptor language_code="cze">
        <event_name>Sabotáž</event_name>
        <text>Víte, co chcete? Udělejte to! Víte, co nechcete? Sabotujte to! (2009). Smršť nápadů a rad Vladimíra a Tobiho pro všechny mladé nejen duchem.</text>
      </short_event_descriptor>
      <extended_event_descriptor descriptor_number="0" last_descriptor_number="0" language_code="cze">
        <text>16:9
Skryté titulky</text>
        <item>
          <description>Žánr</description>
          <name>magazíny, reportáže, dokumenty</name>
        </item>
      </extended_event_descriptor>
      <content_descriptor>
        <content content_nibble_level_1="8" content_nibble_level_2="1" user_byte="0x00"/>
      </content_descriptor>
      <parental_rating_descriptor>
        <country country_code="CZE" rating="0x00"/>
      </parental_rating_descriptor>
      <PDC_descriptor programme_identification_label="01-20 04:25"/>
      <component_descriptor stream_content="0x01" stream_content_ext="0x0F" component_type="0x03" component_tag="0x01" language_code="cze" text=""/>
      <component_descriptor stream_content="0x02" stream_content_ext="0x0F" component_type="0x03" component_tag="0x02" language_code="cze" text=""/>
      <component_descriptor stream_content="0x03" stream_content_ext="0x0F" component_type="0x01" component_tag="0x04" language_code="cze" text=""/>
      <component_descriptor stream_content="0x03" stream_content_ext="0x0F" component_type="0x02" component_tag="0x04" language_code="cze" text=""/>
    </event>
    <event event_id="0x4CA3" start_time="2019-01-20 03:53:44" duration="00:23:04" running_status="undefined" CA_mode="false">
      <short_event_descriptor language_code="cze">
        <event_name>Hledejte a naleznete...</event_name>
        <text>Prošel kus světa, ale osudové setkání ho čekalo až doma (2008). Režie P. Lokaj.</text>
      </short_event_descriptor>
      <extended_event_descriptor descriptor_number="0" last_descriptor_number="0" language_code="cze">
        <text>16:9
Skryté titulky</text>
        <item>
          <description>Žánr</description>
          <name>náboženství</name>
        </item>
      </extended_event_descriptor>
      <content_descriptor>
        <content content_nibble_level_1="7" content_nibble_level_2="3" user_byte="0x00"/>
      </content_descriptor>
      <parental_rating_descriptor>
        <country country_code="CZE" rating="0x00"/>
      </parental_rating_descriptor>
      <PDC_descriptor programme_identification_label="01-20 04:50"/>
      <component_descriptor stream_content="0x01" stream_content_ext="0x0F" component_type="0x03" component_tag="0x01" language_code="cze" text=""/>
      <component_descriptor stream_content="0x02" stream_content_ext="0x0F" component_type="0x03" component_tag="0x02" language_code="cze" text=""/>
      <component_descriptor stream_content="0x03" stream_content_ext="0x0F" component_type="0x01" component_tag="0x04" language_code="cze" text=""/>
      <component_descriptor stream_content="0x03" stream_content_ext="0x0F" component_type="0x02" component_tag="0x04" language_code="cze" text=""/>
    </event>
    <event event_id="0x4CB4" start_time="2019-01-20 04:16:48" duration="00:14:00" running_status="undefined" CA_mode="false">
      <short_event_descriptor language_code="cze">
        <event_name>František Xaver Maxmilián Zippe</event_name>
        <text>Cyklus portrétů významných osobností, jejichž jména jsou zlatým písmem napsána pod okny Národního muzea v Praze (2009). Režie M. Petřík.</text>
      </short_event_descriptor>
      <extended_event_descriptor descriptor_number="0" last_descriptor_number="2" language_code="cze">
        <text>16:9
Skryté titulky
Byl jedním z nejvýznamnějších přírodovědců v Čechách a zakladatelem vědecké mineralogie a geologie v naší zemi. Díky vynikajícím výsledkům ve svém oboru se stal členem V</text>
        <item>
          <description>Žánr</description>
          <name>sociální / duchovní vědy</name>
        </item>
      </extended_event_descriptor>
      <extended_event_descriptor descriptor_number="1" last_descriptor_number="2" language_code="cze">
        <text>ídeňské akademie věd a získal místo ředitele nově založené Báňské akademie v Příbrami. Do roku 1849 shromáždil, uspořádal a také vědecky popsal vynikající sbírku minerálů, která se už tehdy zařadila mezi největší v Ev</text>
      </extended_event_descriptor>
      <extended_event_descriptor descriptor_number="2" last_descriptor_number="2" language_code="cze">
        <text>ropě a vytvořila základ sbírek dnešního Národního muzea.</text>
      </extended_event_descriptor>
      <content_descriptor>
        <content content_nibble_level_1="9" content_nibble_level_2="5" user_byte="0x00"/>
      </content_descriptor>
      <parental_rating_descriptor>
        <country country_code="CZE" rating="0x00"/>
      </parental_rating_descriptor>
      <PDC_descriptor programme_identification_label="01-20 05:15"/>
      <component_descriptor stream_content="0x01" stream_content_ext="0x0F" component_type="0x03" component_tag="0x01" language_code="cze" text=""/>
      <component_descriptor stream_content="0x02" stream_content_ext="0x0F" component_type="0x03" component_tag="0x02" language_code="cze" text=""/>
      <component_descriptor stream_content="0x03" stream_content_ext="0x0F" component_type="0x01" component_tag="0x04" language_code="cze" text=""/>
      <component_descriptor stream_content="0x03" stream_content_ext="0x0F" component_type="0x02" component_tag="0x04" language_code="cze" text=""/>
    </event>
    <event event_id="0x4CBE" start_time="2019-01-20 04:30:48" duration="00:29:12" running_status="undefined" CA_mode="false">
      <short_event_descriptor language_code="cze">
        <event_name>Putování za vínem: Řecko - Řecké ostrovy</event_name>
        <text>Pěstovat vinnou révu je uměním i dnes, ale ve starém Řecku tento obor lidské činnosti doprovázeli i bohové mýtů a legend (2005). Režie J. Hykl.</text>
      </short_event_descriptor>
      <extended_event_descriptor descriptor_number="0" last_descriptor_number="2" language_code="cze">
        <text>HDTV
Skryté titulky
Dodekanesos je řecké slovo pro dvanáct ostrovů. Největším z tohoto souostroví a třetím největším v celém Řecku je Rhodos, nazývaný někdy "egejský smaragd". Je slavný nejen díky </text>
        <item>
          <description>Žánr</description>
          <name>turistika, cestování</name>
        </item>
      </extended_event_descriptor>
      <extended_event_descriptor descriptor_number="1" last_descriptor_number="2" language_code="cze">
        <text>svým přírodním krásám a turistickým atrakcím, ale také díky vínům. Má se za to, že byl první zastávkou vinné kultury z Malé Asie, odkud révu přivezli Féničané. Na východ od řecké pevniny až po turecké pobřeží leží ř</text>
      </extended_event_descriptor>
      <extended_event_descriptor descriptor_number="2" last_descriptor_number="2" language_code="cze">
        <text>ada dalších ostrovů roztroušených v Egejském moři (Limnos, Samos, Santorini), kde vinařství prosperovalo již před 6 000 lety a které patří dodnes mezi nejslibnější vinařské regiony v Řecku.</text>
      </extended_event_descriptor>
      <content_descriptor>
        <content content_nibble_level_1="10" content_nibble_level_2="1" user_byte="0x00"/>
      </content_descriptor>
      <parental_rating_descriptor>
        <country country_code="CZE" rating="0x00"/>
      </parental_rating_descriptor>
      <PDC_descriptor programme_identification_label="01-20 05:25"/>
      <component_descriptor stream_content="0x01" stream_content_ext="0x0F" component_type="0x03" component_tag="0x01" language_code="cze" text=""/>
      <component_descriptor stream_content="0x02" stream_content_ext="0x0F" component_type="0x03" component_tag="0x02" language_code="cze" text=""/>
      <component_descriptor stream_content="0x03" stream_content_ext="0x0F" component_type="0x01" component_tag="0x04" language_code="cze" text=""/>
      <component_descriptor stream_content="0x03" stream_content_ext="0x0F" component_type="0x02" component_tag="0x04" language_code="cze" text=""/>
    </event>
    <event event_id="0x4CD6" start_time="2019-01-20 05:00:00" duration="00:07:25" running_status="undefined" CA_mode="false">
      <short_event_descriptor language_code="cze">
        <event_name>Dětský zvěřinec, Raníček</event_name>
        <text></text>
      </short_event_descriptor>
      <extended_event_descriptor descriptor_number="0" last_descriptor_number="0" language_code="cze">
        <text>4:3
Skryté titulky</text>
        <item>
          <description>Žánr</description>
          <name>animovaný / loutkový</name>
        </item>
      </extended_event_descriptor>
      <content_descriptor>
        <content content_nibble_level_1="5" content_nibble_level_2="5" user_byte="0x00"/>
      </content_descriptor>
      <parental_rating_descriptor>
        <country country_code="CZE" rating="0x00"/>
      </parental_rating_descriptor>
      <PDC_descriptor programme_identification_label="01-20 06:00"/>
      <component_descriptor stream_content="0x01" stream_content_ext="0x0F" component_type="0x01" component_tag="0x01" language_code="cze" text=""/>
      <component_descriptor stream_content="0x02" stream_content_ext="0x0F" component_type="0x03" component_tag="0x02" language_code="cze" text=""/>
      <component_descriptor stream_content="0x03" stream_content_ext="0x0F" component_type="0x01" component_tag="0x04" language_code="cze" text=""/>
      <component_descriptor stream_content="0x03" stream_content_ext="0x0F" component_type="0x02" component_tag="0x04" language_code="cze" text=""/>
    </event>
    <event event_id="0x4CDA" start_time="2019-01-20 05:07:25" duration="00:15:26" running_status="undefined" CA_mode="false">
      <short_event_descriptor language_code="cze">
        <event_name>Andy a dobrodružství s dinosaury</event_name>
        <text>Andy pracuje v úžasném přírodovědném muzeu a pomocí kouzelných hodin může cestovat časem! Britský cyklus.</text>
      </short_event_descriptor>
      <extended_event_descriptor descriptor_number="0" last_descriptor_number="4" language_code="cze">
        <text>HDTV
2 jazykové verze
Skryté titulky
Andy a Hatty mají plné ruce práce s novou výstavou v oddělení dinosaurů v Národním muzeu. Tentokrát se výstava týká doby triceratopse, býložravého dinosaura</text>
        <item>
          <description>Žánr</description>
          <name>vzdělávací pořad pro děti</name>
        </item>
      </extended_event_descriptor>
      <extended_event_descriptor descriptor_number="1" last_descriptor_number="4" language_code="cze">
        <text>, který žil na planinách Severní Ameriky asi před 65 miliony let. Hatty vystavuje lebku triceratopse, kterou našla při svých cestách po Arizoně, a Andy přináší krabici s modelem rohu, posledním exponátem, který chybí k dokončení </text>
      </extended_event_descriptor>
      <extended_event_descriptor descriptor_number="2" last_descriptor_number="4" language_code="cze">
        <text>výstavy. Triceratops používal své tři proslavené rohy k obraně. Odrazoval jimi dravé dinosaury, jako byl například tyrannosaurus rex. Rohy také používal při soubojích s druhými triceratopsy, v nichž se rozhodovalo, kdo bude vůdcem </text>
      </extended_event_descriptor>
      <extended_event_descriptor descriptor_number="3" last_descriptor_number="4" language_code="cze">
        <text>stáda. Lebce, kterou Hatty našla, chyběl jeden roh, a proto má jeho model ukázat, jak velkolepě tato zvířata vypadala. Andyho přemůže zvědavost, a když s vymodelovaným rohem napodobuje souboj, nechtěně ho rozbije. Uvědomí si, co na</text>
      </extended_event_descriptor>
      <extended_event_descriptor descriptor_number="4" last_descriptor_number="4" language_code="cze">
        <text>tropil, a rozhodne se svou chybu napravit. Začíná tak další dobrodružství s dinosaury, při němž bude pátrat po náhradě zničeného rohu.</text>
      </extended_event_descriptor>
      <content_descriptor>
        <content content_nibble_level_1="5" content_nibble_level_2="4" user_byte="0x00"/>
      </content_descriptor>
      <parental_rating_descriptor>
        <country country_code="CZE" rating="0x00"/>
      </parental_rating_descriptor>
      <PDC_descriptor programme_identification_label="01-20 06:05"/>
      <component_descriptor stream_content="0x01" stream_content_ext="0x0F" component_type="0x03" component_tag="0x01" language_code="cze" text=""/>
      <component_descriptor stream_content="0x02" stream_content_ext="0x0F" component_type="0x04" component_tag="0x02" language_code="cze" text=""/>
      <component_descriptor stream_content="0x03" stream_content_ext="0x0F" component_type="0x01" component_tag="0x04" language_code="cze" text=""/>
      <component_descriptor stream_content="0x03" stream_content_ext="0x0F" component_type="0x02" component_tag="0x04" language_code="cze" text=""/>
    </event>
    <event event_id="0x4CE4" start_time="2019-01-20 05:22:51" duration="00:09:44" running_status="undefined" CA_mode="false">
      <short_event_descriptor language_code="cze">
        <event_name>Malí psouni objevují svět</event_name>
        <text>Jsou jako vy - učí se, občas odmlouvají mamince, pošťuchují se mezi sebou a ze všeho nejraději si hrají! Britský cyklus.</text>
      </short_event_descriptor>
      <extended_event_descriptor descriptor_number="0" last_descriptor_number="2" language_code="cze">
        <text>16:9
Skryté titulky
Malá mláďata psounů prériových Aški a Snížek zažívají každý den spoustu dobrodružství i legrace. Každým krokem se učí víc a víc o světě kolem sebe, o tom, kdy jim hrozí</text>
        <item>
          <description>Žánr</description>
          <name>pořad pro Děti / mládež</name>
        </item>
      </extended_event_descriptor>
      <extended_event_descriptor descriptor_number="1" last_descriptor_number="2" language_code="cze">
        <text> nebezpečí, koho se mají bát a s kým se mohou přátelit, jak se orientovat v dlouhatánských chodbách mezi svými pokojíčky a také jak si udržovat pořádek. Občas s nimi maminka ztrácí trpělivost, protože jak rostou, mají čím d</text>
      </extended_event_descriptor>
      <extended_event_descriptor descriptor_number="2" last_descriptor_number="2" language_code="cze">
        <text>ál víc svou hlavu - stejně jako vy, lidská mláďata.</text>
      </extended_event_descriptor>
      <content_descriptor>
        <content content_nibble_level_1="5" content_nibble_level_2="0" user_byte="0x00"/>
      </content_descriptor>
      <parental_rating_descriptor>
        <country country_code="CZE" rating="0x00"/>
      </parental_rating_descriptor>
      <PDC_descriptor programme_identification_label="01-20 06:20"/>
      <component_descriptor stream_content="0x01" stream_content_ext="0x0F" component_type="0x03" component_tag="0x01" language_code="cze" text=""/>
      <component_descriptor stream_content="0x02" stream_content_ext="0x0F" component_type="0x03" component_tag="0x02" language_code="cze" text=""/>
      <component_descriptor stream_content="0x03" stream_content_ext="0x0F" component_type="0x01" component_tag="0x04" language_code="cze" text=""/>
      <component_descriptor stream_content="0x03" stream_content_ext="0x0F" component_type="0x02" component_tag="0x04" language_code="cze" text=""/>
    </event>
    <event event_id="0x4CEB" start_time="2019-01-20 05:32:35" duration="00:09:20" running_status="undefined" CA_mode="false">
      <short_event_descriptor language_code="cze">
        <event_name>Novinky z přírody</event_name>
        <text>Čerstvé zprávy o tom, co se děje v naší přírodě.</text>
      </short_event_descriptor>
      <extended_event_descriptor descriptor_number="0" last_descriptor_number="0" language_code="cze">
        <text>HDTV
Skryté titulky</text>
        <item>
          <description>Repríza</description>
          <name>ČT2 26.1. 6:30, ČT :D 26.1. 6:30</name>
        </item>
        <item>
          <description>Žánr</description>
          <name>vzdělávací pořad pro děti</name>
        </item>
      </extended_event_descriptor>
      <content_descriptor>
        <content content_nibble_level_1="5" content_nibble_level_2="4" user_byte="0x00"/>
      </content_descriptor>
      <parental_rating_descriptor>
        <country country_code="CZE" rating="0x00"/>
      </parental_rating_descriptor>
      <PDC_descriptor programme_identification_label="01-20 06:30"/>
      <component_descriptor stream_content="0x01" stream_content_ext="0x0F" component_type="0x03" component_tag="0x01" language_code="cze" text=""/>
      <component_descriptor stream_content="0x02" stream_content_ext="0x0F" component_type="0x03" component_tag="0x02" language_code="cze" text=""/>
      <component_descriptor stream_content="0x03" stream_content_ext="0x0F" component_type="0x01" component_tag="0x04" language_code="cze" text=""/>
      <component_descriptor stream_content="0x03" stream_content_ext="0x0F" component_type="0x02" component_tag="0x04" language_code="cze" text=""/>
    </event>
    <event event_id="0x4CF1" start_time="2019-01-20 05:41:55" duration="00:23:13" running_status="undefined" CA_mode="false">
      <short_event_descriptor language_code="cze">
        <event_name>Franklin a přátelé II</event_name>
        <text>Animovaný seriál o želví rodince a jejích kamarádech.</text>
      </short_event_descriptor>
      <extended_event_descriptor descriptor_number="0" last_descriptor_number="0" language_code="cze">
        <text>16:9
Skryté titulky</text>
        <item>
          <description>Žánr</description>
          <name>animovaný / loutkový</name>
        </item>
      </extended_event_descriptor>
      <content_descriptor>
        <content content_nibble_level_1="5" content_nibble_level_2="5" user_byte="0x00"/>
      </content_descriptor>
      <parental_rating_descriptor>
        <country country_code="CZE" rating="0x00"/>
      </parental_rating_descriptor>
      <PDC_descriptor programme_identification_label="01-20 06:40"/>
      <component_descriptor stream_content="0x01" stream_content_ext="0x0F" component_type="0x03" component_tag="0x01" language_code="cze" text=""/>
      <component_descriptor stream_content="0x02" stream_content_ext="0x0F" component_type="0x03" component_tag="0x02" language_code="cze" text=""/>
      <component_descriptor stream_content="0x03" stream_content_ext="0x0F" component_type="0x01" component_tag="0x04" language_code="cze" text=""/>
      <component_descriptor stream_content="0x03" stream_content_ext="0x0F" component_type="0x02" component_tag="0x04" language_code="cze" text=""/>
    </event>
    <event event_id="0x4D02" start_time="2019-01-20 06:05:08" duration="00:13:19" running_status="undefined" CA_mode="false">
      <short_event_descriptor language_code="cze">
        <event_name>Garfieldova show II</event_name>
        <text>Nejlínější kocour na světě je schopen všeho. Mějte se před ním na pozoru! Americko-francouzský animovaný seriál.</text>
      </short_event_descriptor>
      <extended_event_descriptor descriptor_number="0" last_descriptor_number="0" language_code="cze">
        <text>HDTV
2 jazykové verze
Zvukový popis
Skryté titulky</text>
        <item>
          <description>Žánr</description>
          <name>film / dramatický pořad</name>
        </item>
      </extended_event_descriptor>
      <content_descriptor>
        <content content_nibble_level_1="1" content_nibble_level_2="0" user_byte="0x00"/>
      </content_descriptor>
      <parental_rating_descriptor>
        <country country_code="CZE" rating="0x00"/>
      </parental_rating_descriptor>
      <PDC_descriptor programme_identification_label="01-20 07:05"/>
      <component_descriptor stream_content="0x01" stream_content_ext="0x0F" component_type="0x03" component_tag="0x01" language_code="cze" text=""/>
      <component_descriptor stream_content="0x02" stream_content_ext="0x0F" component_type="0x04" component_tag="0x02" language_code="cze" text=""/>
      <component_descriptor stream_content="0x02" stream_content_ext="0x0F" component_type="0x40" component_tag="0x07" language_code="cze" text=""/>
      <component_descriptor stream_content="0x03" stream_content_ext="0x0F" component_type="0x01" component_tag="0x04" language_code="cze" text=""/>
      <component_descriptor stream_content="0x03" stream_content_ext="0x0F" component_type="0x02" component_tag="0x04" language_code="cze" text=""/>
    </event>
    <event event_id="0x4D0B" start_time="2019-01-20 06:18:27" duration="00:11:33" running_status="undefined" CA_mode="false">
      <short_event_descriptor language_code="cze">
        <event_name>Méďa a lumíci</event_name>
        <text>"Hodného" medvěda trápí parta rozjívených hlodavců. Animovaný seriál.</text>
      </short_event_descriptor>
      <extended_event_descriptor descriptor_number="0" last_descriptor_number="0" language_code="cze">
        <text>HDTV
Zvukový popis</text>
        <item>
          <description>Žánr</description>
          <name>animovaný / loutkový</name>
        </item>
      </extended_event_descriptor>
      <content_descriptor>
        <content content_nibble_level_1="5" content_nibble_level_2="5" user_byte="0x00"/>
      </content_descriptor>
      <parental_rating_descriptor>
        <country country_code="CZE" rating="0x00"/>
      </parental_rating_descriptor>
      <PDC_descriptor programme_identification_label="01-20 07:15"/>
      <component_descriptor stream_content="0x01" stream_content_ext="0x0F" component_type="0x03" component_tag="0x01" language_code="cze" text=""/>
      <component_descriptor stream_content="0x02" stream_content_ext="0x0F" component_type="0x03" component_tag="0x02" language_code="cze" text=""/>
      <component_descriptor stream_content="0x02" stream_content_ext="0x0F" component_type="0x40" component_tag="0x07" language_code="cze" text=""/>
      <component_descriptor stream_content="0x03" stream_content_ext="0x0F" component_type="0x02" component_tag="0x04" language_code="cze" text=""/>
    </event>
    <event event_id="0x4D14" start_time="2019-01-20 06:30:00" duration="01:30:00" running_status="undefined" CA_mode="false">
      <short_event_descriptor language_code="cze">
        <event_name>Studio Kamarád</event_name>
        <text>Veselou skládanku pohádek a písniček uvádějí plyšáci z Kouzelného paloučku. Uvidíte seriály: Holčička z iglú, O Krtkovi, Kalli, Statečná autíčka, Dortový piknik, Bubáci a hastrmani, Pohádky z výše stromové</text>
      </short_event_descriptor>
      <extended_event_descriptor descriptor_number="0" last_descriptor_number="2" language_code="cze">
        <text>chýše a Ronja, dcera loupežníka. Kamarádi, máme vás rádi!
HDTV
Představte si, děťulata, že Fámula a Tryský objeví v rybníku pod ledem uvězněného vodní</text>
        <item>
          <description>Repríza</description>
          <name>ČT2 26.1. 7:30, ČT :D 26.1. 7:30</name>
        </item>
        <item>
          <description>Žánr</description>
          <name>pořad pro Děti / mládež</name>
        </item>
      </extended_event_descriptor>
      <extended_event_descriptor descriptor_number="1" last_descriptor_number="2" language_code="cze">
        <text>ka. Všichni se zapojí do záchranné akce. Jestlipak se pomoci vynasnaží i vášnivý lovec Polapil? A co na to Muf? Dívejte se a uvidíte i spoustu bezvadných seriálů. Těšte se na Holčičku z iglú, Krtka, kluka Kalliho a Statečná aut</text>
      </extended_event_descriptor>
      <extended_event_descriptor descriptor_number="2" last_descriptor_number="2" language_code="cze">
        <text>íčka. Určitě vás přiláká Dortový piknik. Bubáci a hastrmani si zažijí parádní letecký den a nebudou chybět ani Pohádky z výše stromové chýše a Ronja, dcera loupežníka. Kamarádi, máme vás rádi!</text>
      </extended_event_descriptor>
      <content_descriptor>
        <content content_nibble_level_1="5" content_nibble_level_2="0" user_byte="0x00"/>
      </content_descriptor>
      <parental_rating_descriptor>
        <country country_code="CZE" rating="0x00"/>
      </parental_rating_descriptor>
      <PDC_descriptor programme_identification_label="01-20 07:30"/>
      <component_descriptor stream_content="0x01" stream_content_ext="0x0F" component_type="0x03" component_tag="0x01" language_code="cze" text=""/>
      <component_descriptor stream_content="0x02" stream_content_ext="0x0F" component_type="0x03" component_tag="0x02" language_code="cze" text=""/>
      <component_descriptor stream_content="0x03" stream_content_ext="0x0F" component_type="0x02" component_tag="0x04" language_code="cze" text=""/>
    </event>
    <event event_id="0x4D57" start_time="2019-01-20 08:00:00" duration="00:15:03" running_status="undefined" CA_mode="false">
      <short_event_descriptor language_code="cze">
        <event_name>Československý filmový týdeník 1969</event_name>
        <text>1235/2379 jak byl promítán v kinech právě před padesáti lety.</text>
      </short_event_descriptor>
      <extended_event_descriptor descriptor_number="0" last_descriptor_number="3" language_code="cze">
        <text>HDTV
Skryté titulky
Aktuální záznamy událostí pro Československý filmový týdeník před padesáti lety jsou dnes již historickým dokumentem.

Vláda České socialistick</text>
        <item>
          <description>Repríza</description>
          <name>ČT2 21.1. 12:10</name>
        </item>
        <item>
          <description>Žánr</description>
          <name>magazíny, reportáže, dokumenty</name>
        </item>
      </extended_event_descriptor>
      <extended_event_descriptor descriptor_number="1" last_descriptor_number="3" language_code="cze">
        <text>é republiky. - Vznik Slovenské socialistické republiky na rozhraní roků 1968-69. - Jak jdou na novou ekonomickou soustavu v gottwaldovském Svitu. - Více pitné vody pro Prahu: odstřel vltavského dna pro potrubí. - Slavnostní odevzdání N</text>
      </extended_event_descriptor>
      <extended_event_descriptor descriptor_number="2" last_descriptor_number="3" language_code="cze">
        <text>obelových cen ve Stockholmu. - Papež žehná světu. - Vnitropolitickou situaci v Itálii charakterizují demonstrace a stávky. - Největší loď světa přivezla 312 tisíc tun nafty do zátoky Bantry. - V jihoafrickém Národním parku je naro</text>
      </extended_event_descriptor>
      <extended_event_descriptor descriptor_number="3" last_descriptor_number="3" language_code="cze">
        <text>zení nosorožce vzácností. - Křest slůněte v pražské ZOO. - Zvířata-lidé-senzace.</text>
      </extended_event_descriptor>
      <component_descriptor stream_content="0x05" stream_content_ext="0x0F" component_type="0x0B" component_tag="0x01" language_code="cze" text=""/>
      <component_descriptor stream_content="0x02" stream_content_ext="0x0F" component_type="0x03" component_tag="0x02" language_code="cze" text=""/>
      <component_descriptor stream_content="0x03" stream_content_ext="0x0F" component_type="0x01" component_tag="0x04" language_code="cze" text=""/>
      <content_descriptor>
        <content content_nibble_level_1="8" content_nibble_level_2="1" user_byte="0x00"/>
      </content_descriptor>
      <parental_rating_descriptor>
        <country country_code="CZE" rating="0x00"/>
      </parental_rating_descriptor>
      <PDC_descriptor programme_identification_label="01-20 09:00"/>
    </event>
    <event event_id="0x4D60" start_time="2019-01-20 08:15:03" duration="00:20:17" running_status="undefined" CA_mode="false">
      <short_event_descriptor language_code="cze">
        <event_name>Hledání ztraceného času: Na sněhu i na ledě (2)</event_name>
        <text>Jak se závodilo na lyžích a krasobruslilo ve třicátých letech (1999). Připravili K. Čáslavský a P. Vantuch.</text>
      </short_event_descriptor>
      <extended_event_descriptor descriptor_number="0" last_descriptor_number="3" language_code="cze">
        <text>HDTV
Skryté titulky
Točit klikou filmové kamery venku při patnácti stupních pod nulou nebylo jednoduché, proto existuje mnohem méně snímků zimních sportů než těch letních. Ale na druhou stranu</text>
        <item>
          <description>Žánr</description>
          <name>magazíny, reportáže, dokumenty</name>
        </item>
      </extended_event_descriptor>
      <extended_event_descriptor descriptor_number="1" last_descriptor_number="3" language_code="cze">
        <text> bohatě vystačí i pro druhé Hledání ztraceného času na sněhu i na ledě. Po osmdesáti letech si tak můžeme připomenout lyžařské závody skautů na Špičáku, závody FIS 1935 ve Vysokých Tatrách a především rané mistry v kraso</text>
      </extended_event_descriptor>
      <extended_event_descriptor descriptor_number="2" last_descriptor_number="3" language_code="cze">
        <text>bruslení. To bylo u nás poprvé nafilmováno r. 1929 při mezinárodním mistrovství Československa na zamrzlé Vltavě - most Legií přitom posloužil divákům jako hlediště. Ještě lepší podívaná se pro filmaře naskytla během mistro</text>
      </extended_event_descriptor>
      <extended_event_descriptor descriptor_number="3" last_descriptor_number="3" language_code="cze">
        <text>vství Evropy v krasobruslení v lednu 1934, kdy na pražském ledě vystoupila i legendární Sonja Henie.</text>
      </extended_event_descriptor>
      <component_descriptor stream_content="0x05" stream_content_ext="0x0F" component_type="0x0B" component_tag="0x01" language_code="cze" text=""/>
      <component_descriptor stream_content="0x02" stream_content_ext="0x0F" component_type="0x03" component_tag="0x02" language_code="cze" text=""/>
      <component_descriptor stream_content="0x03" stream_content_ext="0x0F" component_type="0x01" component_tag="0x04" language_code="cze" text=""/>
      <content_descriptor>
        <content content_nibble_level_1="8" content_nibble_level_2="1" user_byte="0x00"/>
      </content_descriptor>
      <parental_rating_descriptor>
        <country country_code="CZE" rating="0x00"/>
      </parental_rating_descriptor>
      <PDC_descriptor programme_identification_label="01-20 09:15"/>
    </event>
    <event event_id="0x4D6E" start_time="2019-01-20 08:35:20" duration="00:27:23" running_status="undefined" CA_mode="false">
      <short_event_descriptor language_code="cze">
        <event_name>Národní klenoty, Český Krumlov - od řeky k nebesům</event_name>
        <text>Miroslav Táborský představuje nejmalebnější české město s monumentálním zámecký komplexem, jež bylo zapsáno na prestižní seznam UNESCO (2012). Režie J. D. Novák.</text>
      </short_event_descriptor>
      <extended_event_descriptor descriptor_number="0" last_descriptor_number="3" language_code="cze">
        <text>HDTV
Zvukový popis
Skryté titulky
Malebné jihočeské městečko leží v ohybu řeky Vltavy, v podhradí původně gotického hradu. I když v městě narazíme na otisky řady architektonických epoch, spole</text>
        <item>
          <description>Žánr</description>
          <name>sociální / duchovní vědy</name>
        </item>
      </extended_event_descriptor>
      <extended_event_descriptor descriptor_number="1" last_descriptor_number="3" language_code="cze">
        <text>čně s velkolepým komplexem hradu a zámku představuje jedinečný a půvabný příklad středověkého města střední Evropy. Jeho architektonické bohatství totiž zůstalo po několik století nedotčeno úpravami, jež změnily tvář mno</text>
      </extended_event_descriptor>
      <extended_event_descriptor descriptor_number="2" last_descriptor_number="3" language_code="cze">
        <text>ha dalších a kdysi rovněž tak malebných českých měst. I proto již na počátku dvacátého století uhranulo nonkonformního malíře Egona Schieleho, jenž se v Krumlově nakrátko usadil. Zdejší památková rezervace dnes zahrnuje přes</text>
      </extended_event_descriptor>
      <extended_event_descriptor descriptor_number="3" last_descriptor_number="3" language_code="cze">
        <text> tři sta vzorně udržovaných gotických a renesančních budov, a právě proto je Český Krumlov hlavním lákadlem pro zahraniční návštěvníky, kteří se rozhodnou opustit náruč Prahy. Pořadem nás provede herec Miroslav Táborský.</text>
      </extended_event_descriptor>
      <component_descriptor stream_content="0x05" stream_content_ext="0x0F" component_type="0x0B" component_tag="0x01" language_code="cze" text=""/>
      <component_descriptor stream_content="0x02" stream_content_ext="0x0F" component_type="0x03" component_tag="0x02" language_code="cze" text=""/>
      <component_descriptor stream_content="0x03" stream_content_ext="0x0F" component_type="0x01" component_tag="0x04" language_code="cze" text=""/>
      <component_descriptor stream_content="0x02" stream_content_ext="0x0F" component_type="0x40" component_tag="0x07" language_code="cze" text=""/>
      <content_descriptor>
        <content content_nibble_level_1="9" content_nibble_level_2="5" user_byte="0x00"/>
      </content_descriptor>
      <parental_rating_descriptor>
        <country country_code="CZE" rating="0x00"/>
      </parental_rating_descriptor>
      <PDC_descriptor programme_identification_label="01-20 09:35"/>
    </event>
    <event event_id="0x4D80" start_time="2019-01-20 09:02:43" duration="00:44:21" running_status="undefined" CA_mode="false">
      <short_event_descriptor language_code="cze">
        <event_name>Peklo pod hladinou: Osudná plavba</event_name>
        <text>2/6 Americká ponorka USS Tang s kapitánem Dickem O'Kanem operovala v červenci 1944 v nebezpečných vodách u japonského pobřeží. Britský dokumentární cyklus.</text>
      </short_event_descriptor>
      <extended_event_descriptor descriptor_number="0" last_descriptor_number="2" language_code="cze">
        <text>HDTV
2 jazykové verze
Skryté titulky
Ponorka kapitána Dicka O'Kanea objevila v červenci 1944 u pobřeží japonského města Nagasaki konvoj šesti lodí, doprovázený šestnácti eskortními plavidly. K</text>
        <item>
          <description>Žánr</description>
          <name>magazíny, reportáže, dokumenty</name>
        </item>
      </extended_event_descriptor>
      <extended_event_descriptor descriptor_number="1" last_descriptor_number="2" language_code="cze">
        <text>apitán se snažil vymyslet co nejlepší plán útoku. Napadlo ho zaútočit zezadu, protože hlídky se většinou za sebe moc nedívají. Za konvojem kapitán O'Kane zjistil, že zadní část chrání jen dva torpédoborce. Musel kolem nich prok</text>
      </extended_event_descriptor>
      <extended_event_descriptor descriptor_number="2" last_descriptor_number="2" language_code="cze">
        <text>louznout a potopit nákladní lodě. Svou myšlenku převedl v dokonalý útok.</text>
      </extended_event_descriptor>
      <component_descriptor stream_content="0x05" stream_content_ext="0x0F" component_type="0x0B" component_tag="0x01" language_code="cze" text=""/>
      <component_descriptor stream_content="0x02" stream_content_ext="0x0F" component_type="0x02" component_tag="0x02" language_code="cze" text=""/>
      <component_descriptor stream_content="0x03" stream_content_ext="0x0F" component_type="0x01" component_tag="0x04" language_code="cze" text=""/>
      <content_descriptor>
        <content content_nibble_level_1="8" content_nibble_level_2="1" user_byte="0x00"/>
      </content_descriptor>
      <parental_rating_descriptor>
        <country country_code="CZE" rating="0x00"/>
      </parental_rating_descriptor>
      <PDC_descriptor programme_identification_label="01-20 10:00"/>
    </event>
    <event event_id="0x4DA0" start_time="2019-01-20 09:47:04" duration="00:52:56" running_status="undefined" CA_mode="false">
      <short_event_descriptor language_code="cze">
        <event_name>Nedej se</event_name>
        <text>Hodinový blok občanské a investigativní žurnalistiky o životním prostředí. Dokument na ekologické téma, Nedej se plus a Občanské noviny.</text>
      </short_event_descriptor>
      <extended_event_descriptor descriptor_number="0" last_descriptor_number="4" language_code="cze">
        <text>HDTV
Zvukový popis
Skryté titulky
Když byla v roce 1991 Šumava vyhlášena největším českým národním parkem, netušil asi nikdo, že začínají tři dekády napínavých </text>
        <item>
          <description>Repríza</description>
          <name>ČT2 22.1. 12:10</name>
        </item>
        <item>
          <description>Žánr</description>
          <name>magazíny, reportáže, dokumenty</name>
        </item>
      </extended_event_descriptor>
      <extended_event_descriptor descriptor_number="1" last_descriptor_number="4" language_code="cze">
        <text>sporů o zonace - a s nimi i o samotnou budoucnost tohoto chráněného území. Ačkoliv na počátku podobu hranic parku a jeho odstupňovaných zón ochrany formovaly různé náhledy ochránců přírody a biologů, nejpozději v období náhrad</text>
      </extended_event_descriptor>
      <extended_event_descriptor descriptor_number="2" last_descriptor_number="4" language_code="cze">
        <text>ních restitucí koncem 90. let začaly čím dál více přicházet ke slovu spekulace zájmových skupin s lukrativními pozemky v málo osídlené přírodě. Náhradní restituce a další ožehavé chvíle pro osud šumavské divočiny se tehdy</text>
      </extended_event_descriptor>
      <extended_event_descriptor descriptor_number="3" last_descriptor_number="4" language_code="cze">
        <text> většinou děly stranou zájmu veřejnosti. To se mělo změnit nejpozději v roce 2007, v názorové bitvě ekologů s těžaři nad následky orkánu Kyrill. Od tohoto momentu se park ocitnul v epicentru celonárodní pozornosti - aby v něm zů</text>
      </extended_event_descriptor>
      <extended_event_descriptor descriptor_number="4" last_descriptor_number="4" language_code="cze">
        <text>stal až do přijetí zákona o národních parcích na jaře roku 2017. Dokument se pokouší o historickou analýzu milníků, které demarkační čáry národního parku Šumava v posledních třech desetiletích proměňovaly a ovlivňovaly.</text>
      </extended_event_descriptor>
      <component_descriptor stream_content="0x05" stream_content_ext="0x0F" component_type="0x0B" component_tag="0x01" language_code="cze" text=""/>
      <component_descriptor stream_content="0x02" stream_content_ext="0x0F" component_type="0x03" component_tag="0x02" language_code="cze" text=""/>
      <component_descriptor stream_content="0x03" stream_content_ext="0x0F" component_type="0x01" component_tag="0x04" language_code="cze" text=""/>
      <component_descriptor stream_content="0x02" stream_content_ext="0x0F" component_type="0x40" component_tag="0x07" language_code="cze" text=""/>
      <content_descriptor>
        <content content_nibble_level_1="8" content_nibble_level_2="1" user_byte="0x00"/>
      </content_descriptor>
      <parental_rating_descriptor>
        <country country_code="CZE" rating="0x00"/>
      </parental_rating_descriptor>
      <PDC_descriptor programme_identification_label="01-20 10:45"/>
    </event>
    <event event_id="0x4DC6" start_time="2019-01-20 10:40:00" duration="00:30:01" running_status="undefined" CA_mode="false">
      <short_event_descriptor language_code="cze">
        <event_name>Chcete mě?</event_name>
        <text>Pořad na pomoc zvířatům. Uvádějí Zdeněk Srstka a Petr Rajchert.</text>
      </short_event_descriptor>
      <extended_event_descriptor descriptor_number="0" last_descriptor_number="3" language_code="cze">
        <text>HDTV
Znakový jazyk
Zvukový popis
Skryté titulky
Dnešní reportáž bude věnována projektům, které mají jediný cíl - zachránit živé tvory v deštných pralesech,</text>
        <item>
          <description>Repríza</description>
          <name>ČT2 25.1. 5:30, ČT2 25.1. 10:20</name>
        </item>
        <item>
          <description>Žánr</description>
          <name>aktivity pro Volný čas</name>
        </item>
      </extended_event_descriptor>
      <extended_event_descriptor descriptor_number="1" last_descriptor_number="3" language_code="cze">
        <text> v nichž kvůli kácení a vysazování palem olejných nenávratně mizí unikátní společenství mikroorganismů, rostlin a zvířat, pro které je prales jediným domovem. Zjistíme, jak pomáhají a jakých úspěchů dosáhli čeští odborn</text>
      </extended_event_descriptor>
      <extended_event_descriptor descriptor_number="2" last_descriptor_number="3" language_code="cze">
        <text>íci a dobrovolníci v boji proti mýcení pralesů. V miniseriálu se seznámíte s yorkshirem, který patří mezi nejmenší teriéry, a v listárně se budeme věnovat očním potížím perských koček. Na konci pořadu vám tradičně ukáže</text>
      </extended_event_descriptor>
      <extended_event_descriptor descriptor_number="3" last_descriptor_number="3" language_code="cze">
        <text>me opuštěné pejsky, které vám Zdeněk Srstka tentokrát nepředstaví sám.</text>
      </extended_event_descriptor>
      <component_descriptor stream_content="0x05" stream_content_ext="0x0F" component_type="0x0B" component_tag="0x01" language_code="cze" text=""/>
      <component_descriptor stream_content="0x02" stream_content_ext="0x0F" component_type="0x03" component_tag="0x02" language_code="cze" text=""/>
      <component_descriptor stream_content="0x03" stream_content_ext="0x0F" component_type="0x01" component_tag="0x04" language_code="cze" text=""/>
      <component_descriptor stream_content="0x03" stream_content_ext="0x0F" component_type="0x30" component_tag="0x01" language_code="cze" text=""/>
      <component_descriptor stream_content="0x02" stream_content_ext="0x0F" component_type="0x40" component_tag="0x07" language_code="cze" text=""/>
      <content_descriptor>
        <content content_nibble_level_1="10" content_nibble_level_2="0" user_byte="0x00"/>
      </content_descriptor>
      <parental_rating_descriptor>
        <country country_code="CZE" rating="0x00"/>
      </parental_rating_descriptor>
      <PDC_descriptor programme_identification_label="01-20 11:40"/>
    </event>
    <event event_id="0x4DDC" start_time="2019-01-20 11:10:01" duration="00:06:57" running_status="undefined" CA_mode="false">
      <short_event_descriptor language_code="cze">
        <event_name>Sváteční slovo pastora Boleslava Firly</event_name>
        <text>O Kristově světle.</text>
      </short_event_descriptor>
      <extended_event_descriptor descriptor_number="0" last_descriptor_number="2" language_code="cze">
        <text>HDTV
Znakový jazyk
Skryté titulky
Pastor Slezské církve evangelické augsburského vyznání v Komorní Lhotce Boleslav Firla promlouvá ve svém Svátečním slovu</text>
        <item>
          <description>Repríza</description>
          <name>ČT1 21.1. 2:10, ČT1 23.1. 1:15, ČT1 26.1. 5:20</name>
        </item>
        <item>
          <description>Žánr</description>
          <name>náboženství</name>
        </item>
      </extended_event_descriptor>
      <extended_event_descriptor descriptor_number="1" last_descriptor_number="2" language_code="cze">
        <text> o Kristově světle. Jako odrazový můstek ke své úvaze si bere vlastní příběh z výšlapu do Vysokých Tater, kde se kvůli obdivování krás Božího stvoření dostal do nezáviděníhodné situace. V těžké chvíli pomohlo právě Je</text>
      </extended_event_descriptor>
      <extended_event_descriptor descriptor_number="2" last_descriptor_number="2" language_code="cze">
        <text>žíšovo světlo, ostatně jako už mnohokrát předtím.</text>
      </extended_event_descriptor>
      <component_descriptor stream_content="0x05" stream_content_ext="0x0F" component_type="0x0B" component_tag="0x01" language_code="cze" text=""/>
      <component_descriptor stream_content="0x02" stream_content_ext="0x0F" component_type="0x03" component_tag="0x02" language_code="cze" text=""/>
      <component_descriptor stream_content="0x03" stream_content_ext="0x0F" component_type="0x01" component_tag="0x04" language_code="cze" text=""/>
      <component_descriptor stream_content="0x03" stream_content_ext="0x0F" component_type="0x30" component_tag="0x01" language_code="cze" text=""/>
      <content_descriptor>
        <content content_nibble_level_1="7" content_nibble_level_2="3" user_byte="0x00"/>
      </content_descriptor>
      <parental_rating_descriptor>
        <country country_code="CZE" rating="0x00"/>
      </parental_rating_descriptor>
      <PDC_descriptor programme_identification_label="01-20 12:10"/>
    </event>
    <event event_id="0x4DE0" start_time="2019-01-20 11:16:58" duration="00:26:01" running_status="undefined" CA_mode="false">
      <short_event_descriptor language_code="cze">
        <event_name>Křesťanský magazín</event_name>
        <text>Co motivuje cizince k rozhodnutí jet do Česka a pracovat tu v církvi? A jak se uplatní český evangelický farář v pastorační službě v New Yorku? Režie A. Lazarov.</text>
      </short_event_descriptor>
      <extended_event_descriptor descriptor_number="0" last_descriptor_number="5" language_code="cze">
        <text>HDTV
Skryté titulky
Nově nabytá svoboda otevřela nové možnosti nejen pro mladé studenty, ale i pro zkušené pracovníky církve. Jedním z nich je i evangelický farář Ondře</text>
        <item>
          <description>Repríza</description>
          <name>ČT2 22.1. 5:00, ČT2 24.1. 12:00</name>
        </item>
        <item>
          <description>Žánr</description>
          <name>náboženství</name>
        </item>
      </extended_event_descriptor>
      <extended_event_descriptor descriptor_number="1" last_descriptor_number="5" language_code="cze">
        <text>j Stehlík, pracující v dynamickém a otevřeném sboru na horním Manhattanu v New Yorku. Je pořád českým evangelíkem v New Yorku nebo už je Newyorčan s českými kořeny?
Před rokem byl v Českých Budějovicích ustaven z rozhodnutí bi</text>
      </extended_event_descriptor>
      <extended_event_descriptor descriptor_number="2" last_descriptor_number="5" language_code="cze">
        <text>skupa Kročila diecézně-misijní mezinárodní seminář Redemptoris Mater. V nově opraveném kněžském domě se tu na dráhu římskokatolického kněze připravuje prvních šest studentů z Itálie, Španělska, Polska a Chorvatska. Podobný</text>
      </extended_event_descriptor>
      <extended_event_descriptor descriptor_number="3" last_descriptor_number="5" language_code="cze">
        <text>ch seminářů funguje po celém světě přes 120, v České republice vznikl první.
Na Kladně se shodou okolností v duchovenské službě sešli dva faráři původem z afrického kontinentu - Leonardo Teca a Phanuel Osweto. Ten první žertem </text>
      </extended_event_descriptor>
      <extended_event_descriptor descriptor_number="4" last_descriptor_number="5" language_code="cze">
        <text>říká, že teď je Kladno opravdu černé, jen ti bílí to trochu kazí. Oba mají mezi místními velkou prestiž a my se pokusíme nalézt důvody.
Publicista Daniel Raus se ve své glose zamýšlí nad tím, jak nám chutná život s lidmi jin</text>
      </extended_event_descriptor>
      <extended_event_descriptor descriptor_number="5" last_descriptor_number="5" language_code="cze">
        <text>ých kultur a ras a jak je podmíněn reálnou zkušeností s takovýmto soužitím.</text>
      </extended_event_descriptor>
      <component_descriptor stream_content="0x05" stream_content_ext="0x0F" component_type="0x0B" component_tag="0x01" language_code="cze" text=""/>
      <component_descriptor stream_content="0x02" stream_content_ext="0x0F" component_type="0x03" component_tag="0x02" language_code="cze" text=""/>
      <component_descriptor stream_content="0x03" stream_content_ext="0x0F" component_type="0x01" component_tag="0x04" language_code="cze" text=""/>
      <content_descriptor>
        <content content_nibble_level_1="7" content_nibble_level_2="3" user_byte="0x00"/>
      </content_descriptor>
      <parental_rating_descriptor>
        <country country_code="CZE" rating="0x00"/>
      </parental_rating_descriptor>
      <PDC_descriptor programme_identification_label="01-20 12:15"/>
    </event>
    <event event_id="0x4DF2" start_time="2019-01-20 11:42:59" duration="00:42:09" running_status="undefined" CA_mode="false">
      <short_event_descriptor language_code="cze">
        <event_name>Rodina je nejvíc, Jak probudit Petra</event_name>
        <text>2/7 Sedm rodin, kde rodinné krize a stereotypy komplikují výchovu dětí. Dokumentární cyklus, který hledá naději tam, kde ji ostatní ztrácejí. Režie T. Kratochvíl.</text>
      </short_event_descriptor>
      <extended_event_descriptor descriptor_number="0" last_descriptor_number="4" language_code="cze">
        <text>HDTV
Zvukový popis
Skryté titulky
Edita se stará o jedenáct dětí. Starší syn Petr chodí za školu a má řadu kázeňských problémů. Věc dospěla tak da</text>
        <item>
          <description>Repríza</description>
          <name>ČT2 22.1. 18:00, ČT2 24.1. 1:00</name>
        </item>
        <item>
          <description>Žánr</description>
          <name>magazíny, reportáže, dokumenty</name>
        </item>
      </extended_event_descriptor>
      <extended_event_descriptor descriptor_number="1" last_descriptor_number="4" language_code="cze">
        <text>leko, že mu hrozí odebrání z rodiny a umístění do dětského domova. Rodinná konference, na níž se sejde celá početná rodina, by měla pomoci tuto hrozbu odvrátit. 

Ve spolupráci s ministerstvem práce a sociálních věcí vznikl cy</text>
      </extended_event_descriptor>
      <extended_event_descriptor descriptor_number="2" last_descriptor_number="4" language_code="cze">
        <text>klus sedmi dokumentů o rodinách v krizi a možnostech jejich záchrany. Jak funguje systém sociální pomoci? Jednou z možností je zapojit do řešení problému širší rodinu prostřednictvím rodinné konference a podpořit aktivity, které</text>
      </extended_event_descriptor>
      <extended_event_descriptor descriptor_number="3" last_descriptor_number="4" language_code="cze">
        <text> by pomohly krizi odvrátit. Sociální pracovníci, dobrovolníci, neziskové organizace a charity se zapojují do spolupráce, ale ani tato podpora není účinná bez aktivní účasti rodiny. Alkoholismus, dluhová past, nemožnost získat prác</text>
      </extended_event_descriptor>
      <extended_event_descriptor descriptor_number="4" last_descriptor_number="4" language_code="cze">
        <text>i, ale i úmrtí v rodině mohou způsobit, že úřady zvažují odebrání dítěte do ústavní péče. Vážný zásah do života dítěte by však měl přijít až poté, co jsou vyčerpány všechny možnosti nápravy.</text>
      </extended_event_descriptor>
      <component_descriptor stream_content="0x05" stream_content_ext="0x0F" component_type="0x0B" component_tag="0x01" language_code="cze" text=""/>
      <component_descriptor stream_content="0x02" stream_content_ext="0x0F" component_type="0x03" component_tag="0x02" language_code="cze" text=""/>
      <component_descriptor stream_content="0x03" stream_content_ext="0x0F" component_type="0x01" component_tag="0x04" language_code="cze" text=""/>
      <component_descriptor stream_content="0x02" stream_content_ext="0x0F" component_type="0x40" component_tag="0x07" language_code="cze" text=""/>
      <content_descriptor>
        <content content_nibble_level_1="8" content_nibble_level_2="1" user_byte="0x00"/>
      </content_descriptor>
      <parental_rating_descriptor>
        <country country_code="CZE" rating="0x00"/>
      </parental_rating_descriptor>
      <PDC_descriptor programme_identification_label="01-20 12:40"/>
    </event>
    <event event_id="0x4E11" start_time="2019-01-20 12:25:08" duration="00:50:09" running_status="undefined" CA_mode="false">
      <short_event_descriptor language_code="cze">
        <event_name>Pompeje: Tajemství zkamenělých těl</event_name>
        <text>Záhada živoucího muzea pod Vesuvem odhalena. Dokument BBC.</text>
      </short_event_descriptor>
      <extended_event_descriptor descriptor_number="0" last_descriptor_number="4" language_code="cze">
        <text>16:9
2 jazykové verze
Skryté titulky
Jen málokteré místo nám poskytlo více informací o životě v Římské říši, než právě starověké Pompeje. Miliony turi</text>
        <item>
          <description>Repríza</description>
          <name>ČT2 22.1. 13:45, ČT2 23.1. 9:55</name>
        </item>
        <item>
          <description>Žánr</description>
          <name>věda / fakta / vzdělání</name>
        </item>
      </extended_event_descriptor>
      <extended_event_descriptor descriptor_number="1" last_descriptor_number="4" language_code="cze">
        <text>stů sem přicházejí každý rok, aby si prohlédly zbytky města zničeného sopkou Vesuv. Před téměř dvěma tisíci lety byly Pompeje pohřbeny pod pěti metry popela. Zemřelo tu šestnáct tisíc mužů, žen a dětí. Zajímavé je, že o</text>
      </extended_event_descriptor>
      <extended_event_descriptor descriptor_number="2" last_descriptor_number="4" language_code="cze">
        <text> dva tisíce let později je možné zjistit, jak tito lidé zemřeli. To, co zde nacházíme, nejsou sochy, ale zkamenělé ostatky lidí v poslední vteřině jejich života. Nikde na světě nic podobného nenajdete. Jak ale mohly celá staletí </text>
      </extended_event_descriptor>
      <extended_event_descriptor descriptor_number="3" last_descriptor_number="4" language_code="cze">
        <text>zůstat v těchto zvláštních pozicích, je záhadou. Díky nejmodernějším technologiím a experimentům nás vědci seznámí se dvěma oběťmi Vesuvu, odhalí tajemství smrtícího vulkánu a objasní tragický konec těchto lidí, zakonzer</text>
      </extended_event_descriptor>
      <extended_event_descriptor descriptor_number="4" last_descriptor_number="4" language_code="cze">
        <text>vovaných ve smrtelných pozicích.</text>
      </extended_event_descriptor>
      <component_descriptor stream_content="0x01" stream_content_ext="0x0F" component_type="0x03" component_tag="0x01" language_code="cze" text=""/>
      <component_descriptor stream_content="0x02" stream_content_ext="0x0F" component_type="0x02" component_tag="0x02" language_code="cze" text=""/>
      <component_descriptor stream_content="0x03" stream_content_ext="0x0F" component_type="0x01" component_tag="0x04" language_code="cze" text=""/>
      <content_descriptor>
        <content content_nibble_level_1="9" content_nibble_level_2="0" user_byte="0x00"/>
      </content_descriptor>
      <parental_rating_descriptor>
        <country country_code="CZE" rating="0x00"/>
      </parental_rating_descriptor>
      <PDC_descriptor programme_identification_label="01-20 13:25"/>
    </event>
    <event event_id="0x4E35" start_time="2019-01-20 13:15:17" duration="00:49:43" running_status="undefined" CA_mode="false">
      <short_event_descriptor language_code="cze">
        <event_name>Lví boje o život a území</event_name>
        <text>I smutek a smrt patří do dech beroucí královské hry v přírodě. Americký dokument.</text>
      </short_event_descriptor>
      <extended_event_descriptor descriptor_number="0" last_descriptor_number="4" language_code="cze">
        <text>HDTV
2 jazykové verze
Skryté titulky
Dokument zachycuje dorostenecké období a hlavně dospívání lvích samců, které je pro jejich budoucí přežití klíč</text>
        <item>
          <description>Repríza</description>
          <name>ČT2 22.1. 9:50, ČT2 24.1. 16:45</name>
        </item>
        <item>
          <description>Žánr</description>
          <name>magazíny, reportáže, dokumenty</name>
        </item>
      </extended_event_descriptor>
      <extended_event_descriptor descriptor_number="1" last_descriptor_number="4" language_code="cze">
        <text>ové. Mladí samci jsou po dosažení dospělosti vyhnáni z rodné smečky. Jde o přirozené chování, protože je nezbytné, aby se naučili žít samostatně a našli si samice, se kterými přivedou na svět další generaci. Někteří odchá</text>
      </extended_event_descriptor>
      <extended_event_descriptor descriptor_number="2" last_descriptor_number="4" language_code="cze">
        <text>zejí ve skupině a společně tvoří samčí alianci, někteří ve dvojici, jiní zcela osamoceně. Mnozí z nich jsou uvnitř společných skupin schopni napáchat škody. I proto je jejich delší přítomnost nežádoucí. Většina z nich sam</text>
      </extended_event_descriptor>
      <extended_event_descriptor descriptor_number="3" last_descriptor_number="4" language_code="cze">
        <text>ostatně neobstojí, ale z těch nejsilnějších se stávají vládci savan. Největším vládcem je ale bohužel člověk. Jeho zbraněmi při oblíbené střelbě v honbě za trofejí končí život i těch nejvznešenějších králů přírody</text>
      </extended_event_descriptor>
      <extended_event_descriptor descriptor_number="4" last_descriptor_number="4" language_code="cze">
        <text>.</text>
      </extended_event_descriptor>
      <component_descriptor stream_content="0x05" stream_content_ext="0x0F" component_type="0x0B" component_tag="0x01" language_code="cze" text=""/>
      <component_descriptor stream_content="0x02" stream_content_ext="0x0F" component_type="0x02" component_tag="0x02" language_code="cze" text=""/>
      <component_descriptor stream_content="0x03" stream_content_ext="0x0F" component_type="0x01" component_tag="0x04" language_code="cze" text=""/>
      <content_descriptor>
        <content content_nibble_level_1="8" content_nibble_level_2="1" user_byte="0x00"/>
      </content_descriptor>
      <parental_rating_descriptor>
        <country country_code="CZE" rating="0x00"/>
      </parental_rating_descriptor>
      <PDC_descriptor programme_identification_label="01-20 14:15"/>
    </event>
    <event event_id="0x4E58" start_time="2019-01-20 14:05:00" duration="00:55:00" running_status="undefined" CA_mode="false">
      <short_event_descriptor language_code="cze">
        <event_name>Sto divů světa</event_name>
        <text>7/13 Dlouhá čínská zeď, Bogotá, Královský palác Bangkok, Key West v USA, Hue ve Vietnamu, Meknes v Maroku a Nosy Be na Madagaskaru. Ze seznamu světového kulturního dědictví UNESCO. Francouzský cyklus dokumentů.</text>
      </short_event_descriptor>
      <extended_event_descriptor descriptor_number="0" last_descriptor_number="3" language_code="cze">
        <text>HDTV
2 jazykové verze
Skryté titulky
Dlouhá čínská zeď je nejvýznačnější architektonická struktura, která je dílem lidských rukou, a to jak do délky, tak i do plochy </text>
        <item>
          <description>Repríza</description>
          <name>ČT2 23.1. 9:00</name>
        </item>
        <item>
          <description>Žánr</description>
          <name>magazíny, reportáže, dokumenty</name>
        </item>
      </extended_event_descriptor>
      <extended_event_descriptor descriptor_number="1" last_descriptor_number="3" language_code="cze">
        <text>a masy. Je to největší dílo vojenského stavitelství na světě. Město Bogotá, postavené na andské náhorní plošině, obklopují hory, tyčící se do výšky více než tři tisíce metrů. Královský palác v Bangkoku s chrámem smarag</text>
      </extended_event_descriptor>
      <extended_event_descriptor descriptor_number="2" last_descriptor_number="3" language_code="cze">
        <text>dového Buddhy je nejposvátnějším chrámem v celém Thajsku. Město Key West, ležící na jihozápadním cípu floridského poloostrova, je nejjižněji položeným místem Spojených států. Hué bývalo hlavním městem vietnamského císař</text>
      </extended_event_descriptor>
      <extended_event_descriptor descriptor_number="3" last_descriptor_number="3" language_code="cze">
        <text>ství a dodnes má značnou prestiž, zejména v oboru hudby a v oblasti gastronomie. A také v bohatství jeho paláců.</text>
      </extended_event_descriptor>
      <component_descriptor stream_content="0x05" stream_content_ext="0x0F" component_type="0x0B" component_tag="0x01" language_code="cze" text=""/>
      <component_descriptor stream_content="0x02" stream_content_ext="0x0F" component_type="0x02" component_tag="0x02" language_code="cze" text=""/>
      <component_descriptor stream_content="0x03" stream_content_ext="0x0F" component_type="0x01" component_tag="0x04" language_code="cze" text=""/>
      <content_descriptor>
        <content content_nibble_level_1="8" content_nibble_level_2="1" user_byte="0x00"/>
      </content_descriptor>
      <parental_rating_descriptor>
        <country country_code="CZE" rating="0x00"/>
      </parental_rating_descriptor>
      <PDC_descriptor programme_identification_label="01-20 15:05"/>
    </event>
    <event event_id="0x4E81" start_time="2019-01-20 15:00:00" duration="03:50:00" running_status="undefined" CA_mode="false">
      <short_event_descriptor language_code="cze">
        <event_name>Hokej: HC Kometa Brno - Bílí Tygři Liberec</event_name>
        <text>Živě. Přímý přenos utkání hokejové Tipsport extraligy komentují Michal Dusík a Petr Hubáček. Buly hokej živě uvádějí Robert Záruba a Milan Antoš.</text>
      </short_event_descriptor>
      <extended_event_descriptor descriptor_number="0" last_descriptor_number="0" language_code="cze">
        <text>HDTV
Skryté titulky</text>
        <item>
          <description>Žánr</description>
          <name>významná sportovní událost</name>
        </item>
      </extended_event_descriptor>
      <component_descriptor stream_content="0x05" stream_content_ext="0x0F" component_type="0x0B" component_tag="0x01" language_code="cze" text=""/>
      <component_descriptor stream_content="0x02" stream_content_ext="0x0F" component_type="0x03" component_tag="0x02" language_code="cze" text=""/>
      <component_descriptor stream_content="0x03" stream_content_ext="0x0F" component_type="0x01" component_tag="0x04" language_code="cze" text=""/>
      <content_descriptor>
        <content content_nibble_level_1="4" content_nibble_level_2="1" user_byte="0x00"/>
      </content_descriptor>
      <parental_rating_descriptor>
        <country country_code="CZE" rating="0x00"/>
      </parental_rating_descriptor>
      <PDC_descriptor programme_identification_label="01-20 16:00"/>
    </event>
    <event event_id="0x4F24" start_time="2019-01-20 18:50:00" duration="00:10:13" running_status="undefined" CA_mode="false">
      <short_event_descriptor language_code="cze">
        <event_name>Zprávy v českém znakovém jazyce</event_name>
        <text></text>
      </short_event_descriptor>
      <extended_event_descriptor descriptor_number="0" last_descriptor_number="0" language_code="cze">
        <text>HDTV
Znakový jazyk</text>
        <item>
          <description>Žánr</description>
          <name>zprávy, počasí</name>
        </item>
      </extended_event_descriptor>
      <component_descriptor stream_content="0x05" stream_content_ext="0x0F" component_type="0x0B" component_tag="0x01" language_code="cze" text=""/>
      <component_descriptor stream_content="0x02" stream_content_ext="0x0F" component_type="0x03" component_tag="0x02" language_code="cze" text=""/>
      <component_descriptor stream_content="0x03" stream_content_ext="0x0F" component_type="0x30" component_tag="0x01" language_code="cze" text=""/>
      <content_descriptor>
        <content content_nibble_level_1="2" content_nibble_level_2="1" user_byte="0x00"/>
      </content_descriptor>
      <parental_rating_descriptor>
        <country country_code="CZE" rating="0x00"/>
      </parental_rating_descriptor>
      <PDC_descriptor programme_identification_label="01-20 19:50"/>
    </event>
    <event event_id="0x4F2B" start_time="2019-01-20 19:00:13" duration="01:49:47" running_status="undefined" CA_mode="false">
      <short_event_descriptor language_code="cze">
        <event_name>Strom na věšení, Hanging Tree, The</event_name>
        <text>Gary Cooper jako lékař s temnou minulostí v americkém westernu (1959). Dále hrají: M. Schellová, K. Malden, B. Piazza, G. C. Scott, K. Swenson, V. Greggová a další. Režie Delmer Daves.</text>
      </short_event_descriptor>
      <extended_event_descriptor descriptor_number="0" last_descriptor_number="6" language_code="cze">
        <text>HDTV
2 jazykové verze
Skryté titulky
Western Strom na věšení (1959) vznikl podle stejnojmenné novely Dorothy M. Johnsonové, americké autorky, která se ve své tvor</text>
        <item>
          <description>Repríza</description>
          <name>ČT2 22.1. 0:00</name>
        </item>
        <item>
          <description>Žánr</description>
          <name>dobrodružný / válečný / wester</name>
        </item>
        <item>
          <description>Věk</description>
          <name>15+</name>
        </item>
      </extended_event_descriptor>
      <extended_event_descriptor descriptor_number="1" last_descriptor_number="6" language_code="cze">
        <text>bě věnovala téměř výhradně příběhům z Divokého západu; mj. poskytla námět k westernům Muž, který zastřelil Libertyho Valance a Muž zvaný Kůň. Hrdinou Stromu na věšení je samotářský lékař, který si v malé zlatokopeck</text>
      </extended_event_descriptor>
      <extended_event_descriptor descriptor_number="2" last_descriptor_number="6" language_code="cze">
        <text>é osadě otevře praxi. Zachrání před lynčem mladého zlodějíčka, jenž mu začne pomáhat, a stará se o mladou přistěhovalkyni Elizabeth, která dočasně oslepla při přepadení dostavníku. A právě doktorův vztah k mladé ženě po</text>
      </extended_event_descriptor>
      <extended_event_descriptor descriptor_number="3" last_descriptor_number="6" language_code="cze">
        <text>pudí některé prospektory proti němu... Hlavní roli ztělesnil Gary Cooper, populární hollywoodská hvězda, o níž John Barrymore prohlásil: "Ten chlap je největší herec na světě. Bez námahy dokáže to, co se my ostatní snažíme l</text>
      </extended_event_descriptor>
      <extended_event_descriptor descriptor_number="4" last_descriptor_number="6" language_code="cze">
        <text>éta naučit: být dokonale přirozeným.“ Zajímaví jsou představitelé dalších rolí. Postavu Elizabeth Mahlerové ztělesnila čerstvá hollywoodská akvizice, německá herečka Maria Schellová (sestra Maximiliana Schella), v roli chlípné</text>
      </extended_event_descriptor>
      <extended_event_descriptor descriptor_number="5" last_descriptor_number="6" language_code="cze">
        <text>ho prospektora Frenchyho se představil významný charakterní herec Karl Malden a v úloze dalšího zlatokopa, fanatického Grubba, debutoval pozdější představitel generála Pattona George C. Scott. Režisér Delmer Daves na sklonku natáčen</text>
      </extended_event_descriptor>
      <extended_event_descriptor descriptor_number="6" last_descriptor_number="6" language_code="cze">
        <text>í onemocněl, takže za něho musel anonymně zaskočit právě Karl Malden. Snímek se odehrává v Montaně, ale natáčel se v horské krajině poblíž města Yakima ve státě Washington. Titulní písnička byla nominována na Oscara.</text>
      </extended_event_descriptor>
      <component_descriptor stream_content="0x05" stream_content_ext="0x0F" component_type="0x0B" component_tag="0x01" language_code="cze" text=""/>
      <component_descriptor stream_content="0x02" stream_content_ext="0x0F" component_type="0x02" component_tag="0x02" language_code="cze" text=""/>
      <component_descriptor stream_content="0x03" stream_content_ext="0x0F" component_type="0x01" component_tag="0x04" language_code="cze" text=""/>
      <content_descriptor>
        <content content_nibble_level_1="1" content_nibble_level_2="2" user_byte="0x00"/>
      </content_descriptor>
      <parental_rating_descriptor>
        <country country_code="CZE" rating="0x0C"/>
      </parental_rating_descriptor>
      <PDC_descriptor programme_identification_label="01-20 20:00"/>
    </event>
    <event event_id="0x4F78" start_time="2019-01-20 20:50:00" duration="01:45:31" running_status="undefined" CA_mode="false">
      <short_event_descriptor language_code="cze">
        <event_name>Věc, Thing, The, Velikáni filmu... John Carpenter</event_name>
        <text>Slavný hororový snímek a podle mnohých žánrový milník vypráví o skupině vědců z výzkumné stanice na Antarktidě, čelící mimozemské hrozbě. Americký film věhlasného režiséra</text>
      </short_event_descriptor>
      <extended_event_descriptor descriptor_number="0" last_descriptor_number="4" language_code="cze">
        <text>John Carpentera (1982). Hrají: K. Russell, W. Brimley, T. K. Carter, D. Clennon a další.
HDTV
2 jazykové verze
Skryté titulky
Když skupina vědců z výzkumné stanice na Antarktidě přihlíží tomu</text>
        <item>
          <description>Žánr</description>
          <name>film / drama pro dospělé</name>
        </item>
        <item>
          <description>Věk</description>
          <name>18+</name>
        </item>
      </extended_event_descriptor>
      <extended_event_descriptor descriptor_number="1" last_descriptor_number="4" language_code="cze">
        <text>, jak se jejich norští kolegové snaží zastřelit psa, netuší, co se za celou akcí skrývá. Brzy však zjistí, že zvíře je přenašečem mimozemského organismu, který dokáže ovládnout a napodobit rozličné živé formy. Atmosféra </text>
      </extended_event_descriptor>
      <extended_event_descriptor descriptor_number="2" last_descriptor_number="4" language_code="cze">
        <text>mezi výzkumníky houstne. Kteří z nich se stali hostiteli? A dá se v takové situaci vůbec někomu věřit?

Ačkoli dobové ohlasy filmu kultovního režiséra Johna Carpentera vytýkaly, že je pomalý, ponurý či depresivní, své velkolep</text>
      </extended_event_descriptor>
      <extended_event_descriptor descriptor_number="3" last_descriptor_number="4" language_code="cze">
        <text>é renomé si Věc budovala během let, a to také díky uvedení na videokazetách. Dnes je pak dokonce považována za jeden z nejlepších hororů všech dob. Svůj podíl na tom má jistě přesvědčivé vyobrazení zvolna sílící nedůvěry,</text>
      </extended_event_descriptor>
      <extended_event_descriptor descriptor_number="4" last_descriptor_number="4" language_code="cze">
        <text> houstnoucí napětí i krvavé surové scény ukazující, jak invazivní organismus se svými hostiteli nakládá.</text>
      </extended_event_descriptor>
      <component_descriptor stream_content="0x05" stream_content_ext="0x0F" component_type="0x0B" component_tag="0x01" language_code="cze" text=""/>
      <component_descriptor stream_content="0x02" stream_content_ext="0x0F" component_type="0x02" component_tag="0x02" language_code="cze" text=""/>
      <component_descriptor stream_content="0x03" stream_content_ext="0x0F" component_type="0x01" component_tag="0x04" language_code="cze" text=""/>
      <content_descriptor>
        <content content_nibble_level_1="1" content_nibble_level_2="8" user_byte="0x00"/>
      </content_descriptor>
      <parental_rating_descriptor>
        <country country_code="CZE" rating="0x0F"/>
      </parental_rating_descriptor>
      <PDC_descriptor programme_identification_label="01-20 21:50"/>
    </event>
    <event event_id="0x4FC3" start_time="2019-01-20 22:35:31" duration="00:56:37" running_status="undefined" CA_mode="false">
      <short_event_descriptor language_code="cze">
        <event_name>Katolická církev - tíživé mlčení, Dokumentární klub</event_name>
        <text>Zneužívání mladistvých, to je zločin páchaný na nevinných a bezbranných. Jak se daří provinilým duchovním unikat spravedlnosti? Francouzský dokument.</text>
      </short_event_descriptor>
      <extended_event_descriptor descriptor_number="0" last_descriptor_number="3" language_code="cze">
        <text>HDTV
2 jazykové verze
Skryté titulky
Tým francouzských novinářů se pokusil zjistit, proč se řadě kněží, obviněných či podezřelých ze sexuálních de</text>
        <item>
          <description>Repríza</description>
          <name>ČT2 23.1. 1:10, ČT2 25.1. 0:30</name>
        </item>
        <item>
          <description>Žánr</description>
          <name>magazíny, reportáže, dokumenty</name>
        </item>
      </extended_event_descriptor>
      <extended_event_descriptor descriptor_number="1" last_descriptor_number="3" language_code="cze">
        <text>liktů, daří unikat před policií a vyhýbat se vyšetřování. Cesta zavedla reportéry do Francie, Itálie, Jižní Ameriky a nakonec až do samotného Vatikánu. Jaká odhalení přineslo natáčení skrytou kamerou?
Staneme se svědky setká</text>
      </extended_event_descriptor>
      <extended_event_descriptor descriptor_number="2" last_descriptor_number="3" language_code="cze">
        <text>ní s duchovním, na kterého je vydán zatykač, a přesto je řadu let stále na svobodě. Novináři mluvili s oběťmi zločinů i s těmi, kdo se jim snaží pomoci vyrovnat se s těmito zážitky. Skutečně existuje vyzkoušená a katolickou </text>
      </extended_event_descriptor>
      <extended_event_descriptor descriptor_number="3" last_descriptor_number="3" language_code="cze">
        <text>církví po desetiletí praktikovaná metoda, jak provinilce úspěšně dostat do bezpečí?</text>
      </extended_event_descriptor>
      <component_descriptor stream_content="0x05" stream_content_ext="0x0F" component_type="0x0B" component_tag="0x01" language_code="cze" text=""/>
      <component_descriptor stream_content="0x02" stream_content_ext="0x0F" component_type="0x02" component_tag="0x02" language_code="cze" text=""/>
      <component_descriptor stream_content="0x03" stream_content_ext="0x0F" component_type="0x01" component_tag="0x04" language_code="cze" text=""/>
      <content_descriptor>
        <content content_nibble_level_1="8" content_nibble_level_2="1" user_byte="0x00"/>
      </content_descriptor>
      <parental_rating_descriptor>
        <country country_code="CZE" rating="0x00"/>
      </parental_rating_descriptor>
      <PDC_descriptor programme_identification_label="01-20 23:35"/>
    </event>
    <event event_id="0x4FEB" start_time="2019-01-20 23:32:08" duration="00:52:52" running_status="undefined" CA_mode="false">
      <short_event_descriptor language_code="cze">
        <event_name>Hitler a holocaust: Rozhodnutí</event_name>
        <text>2/6 Pamětníci vzpomínají na nejtemnější období 20. století. Německý dokumentární cyklus.</text>
      </short_event_descriptor>
      <extended_event_descriptor descriptor_number="0" last_descriptor_number="5" language_code="cze">
        <text>4:3
Skryté titulky
Tento díl je věnován období, kdy se rasistické zákony o říšském státním občanství a o ochraně německé krve staly součástí německého právního řádu. V první fázi </text>
        <item>
          <description>Žánr</description>
          <name>magazíny, reportáže, dokumenty</name>
        </item>
      </extended_event_descriptor>
      <extended_event_descriptor descriptor_number="1" last_descriptor_number="5" language_code="cze">
        <text>nacisté zbavili Židy občanských práv a majetku. V druhé fázi je izolovali fyzicky a deportovali do ghett. Na konferenci ve Wannsee v lednu 1942 pod vedením Reinharda Heydricha přijali program vyvraždění Židů pod názvem "konečné ře</text>
      </extended_event_descriptor>
      <extended_event_descriptor descriptor_number="2" last_descriptor_number="5" language_code="cze">
        <text>šení". V okupovaném Polsku, Rusku a na Ukrajině zahájila už dříve činnost zvláštní vražedná komanda. Vrátíme se také do meziválečného období, kdy Hitler neskrýval svou nenávist k Židům a využíval tak antisemitismu, který </text>
      </extended_event_descriptor>
      <extended_event_descriptor descriptor_number="3" last_descriptor_number="5" language_code="cze">
        <text>ve světě existoval po staletí. 30. ledna 1933 se s Hitlerovým nástupem k moci z nenávisti k Židům stala oficiální státní politika. Vznikají první koncentrační tábory, v New Yorku se demonstruje na podporu německých Židů, bez val</text>
      </extended_event_descriptor>
      <extended_event_descriptor descriptor_number="4" last_descriptor_number="5" language_code="cze">
        <text>ných výsledků. V Německu hoří synagogy, hasiči čekají a zasahují až v případě, když se oheň šíří na ostatní budovy. Počet Židů pod správou nacistů okupací Polska stoupá na miliony, vražděni jsou i psychicky nemocní. Ta</text>
      </extended_event_descriptor>
      <extended_event_descriptor descriptor_number="5" last_descriptor_number="5" language_code="cze">
        <text>žení proti Sovětskému svazu se protahuje a pohotovostní oddíly vraždí i ženy a děti.</text>
      </extended_event_descriptor>
      <component_descriptor stream_content="0x01" stream_content_ext="0x0F" component_type="0x01" component_tag="0x01" language_code="cze" text=""/>
      <component_descriptor stream_content="0x02" stream_content_ext="0x0F" component_type="0x03" component_tag="0x02" language_code="cze" text=""/>
      <component_descriptor stream_content="0x03" stream_content_ext="0x0F" component_type="0x01" component_tag="0x04" language_code="cze" text=""/>
      <content_descriptor>
        <content content_nibble_level_1="8" content_nibble_level_2="1" user_byte="0x00"/>
      </content_descriptor>
      <parental_rating_descriptor>
        <country country_code="CZE" rating="0x00"/>
      </parental_rating_descriptor>
      <PDC_descriptor programme_identification_label="01-21 00:30"/>
    </event>
  </EIT>
  <EIT type="0" version="27" current="true" actual="true" service_id="0x0103" transport_stream_id="0x0111" original_network_id="0x20CB" last_table_id="0x50">
    <!-- PID 0x0012 (18) -->
    <event event_id="0x4AD5" start_time="2019-01-19 17:00:00" duration="00:27:45" running_status="undefined" CA_mode="false">
      <short_event_descriptor language_code="cze">
        <event_name>Zprávy</event_name>
        <text></text>
      </short_event_descriptor>
      <extended_event_descriptor descriptor_number="0" last_descriptor_number="0" language_code="cze">
        <text>HDTV
Zvukový popis
Skryté titulky</text>
        <item>
          <description>Žánr</description>
          <name>zprávy, počasí</name>
        </item>
      </extended_event_descriptor>
      <component_descriptor stream_content="0x05" stream_content_ext="0x0F" component_type="0x0B" component_tag="0x01" language_code="cze" text=""/>
      <component_descriptor stream_content="0x02" stream_content_ext="0x0F" component_type="0x03" component_tag="0x02" language_code="cze" text=""/>
      <component_descriptor stream_content="0x03" stream_content_ext="0x0F" component_type="0x01" component_tag="0x04" language_code="cze" text=""/>
      <component_descriptor stream_content="0x02" stream_content_ext="0x0F" component_type="0x40" component_tag="0x07" language_code="cze" text=""/>
      <content_descriptor>
        <content content_nibble_level_1="2" content_nibble_level_2="1" user_byte="0x00"/>
      </content_descriptor>
      <parental_rating_descriptor>
        <country country_code="CZE" rating="0x00"/>
      </parental_rating_descriptor>
      <PDC_descriptor programme_identification_label="01-19 18:00"/>
    </event>
    <event event_id="0x4AEA" start_time="2019-01-19 17:27:45" duration="00:27:15" running_status="undefined" CA_mode="false">
      <short_event_descriptor language_code="cze">
        <event_name>Interview ČT24, Jan Palach - 50 let</event_name>
        <text>Rozhovor s přítelem Jana Palacha z vysokoškolských studií Rudolfem Smahelem k výročí úmrtí Jana Palacha. Moderuje D. Takáč.</text>
      </short_event_descriptor>
      <extended_event_descriptor descriptor_number="0" last_descriptor_number="2" language_code="cze">
        <text>HDTV
Skryté titulky
Rudolf Smahel - Kněz, teolog a pedagog, docent na Univerzitě Palackého v Olomouci. 
Byl přítelem Jana Palacha v době studií v Praze. I na základě jeho činu přestoupil na kněžskou dráhu. Kv</text>
        <item>
          <description>Žánr</description>
          <name>diskuze / rozhovor</name>
        </item>
      </extended_event_descriptor>
      <extended_event_descriptor descriptor_number="1" last_descriptor_number="2" language_code="cze">
        <text>ůli svým občanským aktivitám ale nedostal státní souhlas a pracoval jako dělník. Za šíření samizdatové literatury a spolupráci s disentem byl odsouzen v r. 1981 na dva roky vězení. Státní souhlas mu byl vrácen až po amnestii r. </text>
      </extended_event_descriptor>
      <extended_event_descriptor descriptor_number="2" last_descriptor_number="2" language_code="cze">
        <text>1985</text>
      </extended_event_descriptor>
      <content_descriptor>
        <content content_nibble_level_1="2" content_nibble_level_2="4" user_byte="0x00"/>
      </content_descriptor>
      <parental_rating_descriptor>
        <country country_code="CZE" rating="0x00"/>
      </parental_rating_descriptor>
      <PDC_descriptor programme_identification_label="01-19 18:27"/>
      <component_descriptor stream_content="0x01" stream_content_ext="0x0F" component_type="0x03" component_tag="0x01" language_code="cze" text=""/>
      <component_descriptor stream_content="0x02" stream_content_ext="0x0F" component_type="0x03" component_tag="0x02" language_code="cze" text=""/>
      <component_descriptor stream_content="0x03" stream_content_ext="0x0F" component_type="0x02" component_tag="0x04" language_code="cze" text=""/>
    </event>
    <event event_id="0x4AFE" start_time="2019-01-19 17:55:00" duration="00:05:00" running_status="undefined" CA_mode="false">
      <short_event_descriptor language_code="cze">
        <event_name>Události za okamžik a počasí</event_name>
        <text>Hlavní události a předpověď počasí.</text>
      </short_event_descriptor>
      <extended_event_descriptor descriptor_number="0" last_descriptor_number="0" language_code="cze">
        <text>HDTV
Zvukový popis
Skryté titulky</text>
        <item>
          <description>Žánr</description>
          <name>zprávy, počasí</name>
        </item>
      </extended_event_descriptor>
      <content_descriptor>
        <content content_nibble_level_1="2" content_nibble_level_2="1" user_byte="0x00"/>
      </content_descriptor>
      <parental_rating_descriptor>
        <country country_code="CZE" rating="0x00"/>
      </parental_rating_descriptor>
      <PDC_descriptor programme_identification_label="01-19 18:55"/>
      <component_descriptor stream_content="0x01" stream_content_ext="0x0F" component_type="0x03" component_tag="0x01" language_code="cze" text=""/>
      <component_descriptor stream_content="0x02" stream_content_ext="0x0F" component_type="0x03" component_tag="0x02" language_code="cze" text=""/>
      <component_descriptor stream_content="0x02" stream_content_ext="0x0F" component_type="0x40" component_tag="0x07" language_code="cze" text=""/>
      <component_descriptor stream_content="0x03" stream_content_ext="0x0F" component_type="0x02" component_tag="0x04" language_code="cze" text=""/>
    </event>
    <event event_id="0x4B01" start_time="2019-01-19 18:00:00" duration="00:44:00" running_status="undefined" CA_mode="false">
      <short_event_descriptor language_code="cze">
        <event_name>Události</event_name>
        <text>Hlavní zpravodajská relace České televize. Souhrn nejdůležitějších událostí dne v ČR i ve světě.</text>
      </short_event_descriptor>
      <extended_event_descriptor descriptor_number="0" last_descriptor_number="0" language_code="cze">
        <text>HDTV
Zvukový popis
Skryté titulky</text>
        <item>
          <description>Žánr</description>
          <name>zpravodajský pořad</name>
        </item>
      </extended_event_descriptor>
      <component_descriptor stream_content="0x05" stream_content_ext="0x0F" component_type="0x0B" component_tag="0x01" language_code="cze" text=""/>
      <component_descriptor stream_content="0x02" stream_content_ext="0x0F" component_type="0x03" component_tag="0x02" language_code="cze" text=""/>
      <component_descriptor stream_content="0x03" stream_content_ext="0x0F" component_type="0x01" component_tag="0x04" language_code="cze" text=""/>
      <component_descriptor stream_content="0x02" stream_content_ext="0x0F" component_type="0x40" component_tag="0x07" language_code="cze" text=""/>
      <content_descriptor>
        <content content_nibble_level_1="2" content_nibble_level_2="0" user_byte="0x00"/>
      </content_descriptor>
      <parental_rating_descriptor>
        <country country_code="CZE" rating="0x00"/>
      </parental_rating_descriptor>
      <PDC_descriptor programme_identification_label="01-19 19:00"/>
    </event>
    <event event_id="0x4B20" start_time="2019-01-19 18:45:06" duration="00:14:54" running_status="undefined" CA_mode="false">
      <short_event_descriptor language_code="cze">
        <event_name>Branky, body, vteřiny</event_name>
        <text></text>
      </short_event_descriptor>
      <extended_event_descriptor descriptor_number="0" last_descriptor_number="0" language_code="cze">
        <text>HDTV
Zvukový popis
Skryté titulky</text>
        <item>
          <description>Repríza</description>
          <name>ČT sport 20.1. 0:45</name>
        </item>
        <item>
          <description>Žánr</description>
          <name>zprávy, aktuální publicistika</name>
        </item>
      </extended_event_descriptor>
      <component_descriptor stream_content="0x05" stream_content_ext="0x0F" component_type="0x0B" component_tag="0x01" language_code="cze" text=""/>
      <component_descriptor stream_content="0x02" stream_content_ext="0x0F" component_type="0x03" component_tag="0x02" language_code="cze" text=""/>
      <component_descriptor stream_content="0x03" stream_content_ext="0x0F" component_type="0x01" component_tag="0x04" language_code="cze" text=""/>
      <component_descriptor stream_content="0x02" stream_content_ext="0x0F" component_type="0x40" component_tag="0x07" language_code="cze" text=""/>
      <content_descriptor>
        <content content_nibble_level_1="2" content_nibble_level_2="0" user_byte="0x00"/>
      </content_descriptor>
      <parental_rating_descriptor>
        <country country_code="CZE" rating="0x00"/>
      </parental_rating_descriptor>
      <PDC_descriptor programme_identification_label="01-19 19:46"/>
    </event>
    <event event_id="0x4B2A" start_time="2019-01-19 19:00:00" duration="00:03:35" running_status="undefined" CA_mode="false">
      <short_event_descriptor language_code="cze">
        <event_name>Zprávy</event_name>
        <text></text>
      </short_event_descriptor>
      <extended_event_descriptor descriptor_number="0" last_descriptor_number="0" language_code="cze">
        <text>HDTV
Skryté titulky</text>
        <item>
          <description>Žánr</description>
          <name>zprávy, počasí</name>
        </item>
      </extended_event_descriptor>
      <component_descriptor stream_content="0x05" stream_content_ext="0x0F" component_type="0x0B" component_tag="0x01" language_code="cze" text=""/>
      <component_descriptor stream_content="0x02" stream_content_ext="0x0F" component_type="0x03" component_tag="0x02" language_code="cze" text=""/>
      <component_descriptor stream_content="0x03" stream_content_ext="0x0F" component_type="0x01" component_tag="0x04" language_code="cze" text=""/>
      <content_descriptor>
        <content content_nibble_level_1="2" content_nibble_level_2="1" user_byte="0x00"/>
      </content_descriptor>
      <parental_rating_descriptor>
        <country country_code="CZE" rating="0x00"/>
      </parental_rating_descriptor>
      <PDC_descriptor programme_identification_label="01-19 20:00"/>
    </event>
    <event event_id="0x4B2D" start_time="2019-01-19 19:05:00" duration="00:55:58" running_status="undefined" CA_mode="false">
      <short_event_descriptor language_code="cze">
        <event_name>Hyde Park Civilizace</event_name>
        <text>Věda a současná civilizace. Interaktivní pořad - prostor pro vaše otázky a komentáře.</text>
      </short_event_descriptor>
      <extended_event_descriptor descriptor_number="0" last_descriptor_number="0" language_code="cze">
        <text>HDTV</text>
        <item>
          <description>Repríza</description>
          <name>ČT24 20.1. 0:10, ČT24 20.1. 11:05</name>
        </item>
        <item>
          <description>Žánr</description>
          <name>diskuze / rozhovor</name>
        </item>
      </extended_event_descriptor>
      <component_descriptor stream_content="0x05" stream_content_ext="0x0F" component_type="0x0B" component_tag="0x01" language_code="cze" text=""/>
      <component_descriptor stream_content="0x02" stream_content_ext="0x0F" component_type="0x03" component_tag="0x02" language_code="cze" text=""/>
      <content_descriptor>
        <content content_nibble_level_1="2" content_nibble_level_2="4" user_byte="0x00"/>
      </content_descriptor>
      <parental_rating_descriptor>
        <country country_code="CZE" rating="0x00"/>
      </parental_rating_descriptor>
      <PDC_descriptor programme_identification_label="01-19 20:05"/>
    </event>
    <event event_id="0x4B55" start_time="2019-01-19 20:00:00" duration="00:05:00" running_status="undefined" CA_mode="false">
      <short_event_descriptor language_code="cze">
        <event_name>Zprávy</event_name>
        <text></text>
      </short_event_descriptor>
      <content_descriptor>
        <content content_nibble_level_1="2" content_nibble_level_2="1" user_byte="0x00"/>
      </content_descriptor>
      <extended_event_descriptor descriptor_number="0" last_descriptor_number="0" language_code="cze">
        <text>HDTV
Zvukový popis
Skryté titulky</text>
        <item>
          <description>Žánr</description>
          <name>zprávy, počasí</name>
        </item>
      </extended_event_descriptor>
      <component_descriptor stream_content="0x01" stream_content_ext="0x0F" component_type="0x03" component_tag="0x01" language_code="cze" text=""/>
      <component_descriptor stream_content="0x02" stream_content_ext="0x0F" component_type="0x03" component_tag="0x02" language_code="cze" text=""/>
      <component_descriptor stream_content="0x02" stream_content_ext="0x0F" component_type="0x40" component_tag="0x07" language_code="cze" text=""/>
      <component_descriptor stream_content="0x03" stream_content_ext="0x0F" component_type="0x02" component_tag="0x04" language_code="cze" text=""/>
      <PDC_descriptor programme_identification_label="01-19 21:00"/>
    </event>
    <event event_id="0x4B58" start_time="2019-01-19 20:05:00" duration="00:55:00" running_status="undefined" CA_mode="false">
      <short_event_descriptor language_code="cze">
        <event_name>Historie.cs</event_name>
        <text>Za kopečky do Československa.
Západní poúnoroví emigranti a návštěvníci u nás. Praha jako Ženeva východu. A proč tu většinou nezůstali a co tu dělali?</text>
      </short_event_descriptor>
      <extended_event_descriptor descriptor_number="0" last_descriptor_number="3" language_code="cze">
        <text>HDTV
Skryté titulky
Po zrodu železné opony neutíkali lidé pouze z Československa na západ, ale občas někdo ze západního světa požádal o politický i </text>
        <item>
          <description>Repríza</description>
          <name>ČT24 20.1. 9:05, ČT24 26.1. 13:05</name>
        </item>
        <item>
          <description>Žánr</description>
          <name>magazíny, reportáže, dokumenty</name>
        </item>
      </extended_event_descriptor>
      <extended_event_descriptor descriptor_number="1" last_descriptor_number="3" language_code="cze">
        <text>azyl u nás. Šlo sice o jednotlivce, ale zpravidla velmi zajímavých osudů. Jejich žádosti měli různorodou motivaci a také zacházení ze strany našeho státu i běžných lidí nebylo vždy stejné. A navíc tu často odvedli kus práce a </text>
      </extended_event_descriptor>
      <extended_event_descriptor descriptor_number="2" last_descriptor_number="3" language_code="cze">
        <text>přispěli paradoxně na uvolňování západní kultury u nás. Kromě toho zejména v padesátých letech do našich lázní a do Prahy přijížděly celé výpravy západních dělníků a levicově zaměřených intelektuálů a komunistů. Jak</text>
      </extended_event_descriptor>
      <extended_event_descriptor descriptor_number="3" last_descriptor_number="3" language_code="cze">
        <text> jim se tu líbilo a nakolik prokoukli potěmkinovskou hru, která se s nimi hrála? A kdo to všechno financoval?</text>
      </extended_event_descriptor>
      <content_descriptor>
        <content content_nibble_level_1="8" content_nibble_level_2="1" user_byte="0x00"/>
      </content_descriptor>
      <parental_rating_descriptor>
        <country country_code="CZE" rating="0x00"/>
      </parental_rating_descriptor>
      <PDC_descriptor programme_identification_label="01-19 21:05"/>
      <component_descriptor stream_content="0x01" stream_content_ext="0x0F" component_type="0x03" component_tag="0x01" language_code="cze" text=""/>
      <component_descriptor stream_content="0x02" stream_content_ext="0x0F" component_type="0x03" component_tag="0x02" language_code="cze" text=""/>
      <component_descriptor stream_content="0x03" stream_content_ext="0x0F" component_type="0x01" component_tag="0x04" language_code="cze" text=""/>
      <component_descriptor stream_content="0x03" stream_content_ext="0x0F" component_type="0x02" component_tag="0x04" language_code="cze" text=""/>
    </event>
    <event event_id="0x4B81" start_time="2019-01-19 21:00:00" duration="00:04:50" running_status="undefined" CA_mode="false">
      <short_event_descriptor language_code="cze">
        <event_name>Zprávy</event_name>
        <text></text>
      </short_event_descriptor>
      <extended_event_descriptor descriptor_number="0" last_descriptor_number="0" language_code="cze">
        <text>HDTV
Skryté titulky</text>
        <item>
          <description>Žánr</description>
          <name>zprávy, počasí</name>
        </item>
      </extended_event_descriptor>
      <content_descriptor>
        <content content_nibble_level_1="2" content_nibble_level_2="1" user_byte="0x00"/>
      </content_descriptor>
      <parental_rating_descriptor>
        <country country_code="CZE" rating="0x00"/>
      </parental_rating_descriptor>
      <PDC_descriptor programme_identification_label="01-19 22:00"/>
      <component_descriptor stream_content="0x01" stream_content_ext="0x0F" component_type="0x03" component_tag="0x01" language_code="cze" text=""/>
      <component_descriptor stream_content="0x02" stream_content_ext="0x0F" component_type="0x03" component_tag="0x02" language_code="cze" text=""/>
      <component_descriptor stream_content="0x03" stream_content_ext="0x0F" component_type="0x02" component_tag="0x04" language_code="cze" text=""/>
    </event>
    <event event_id="0x4B84" start_time="2019-01-19 21:04:50" duration="00:26:59" running_status="undefined" CA_mode="false">
      <short_event_descriptor language_code="cze">
        <event_name>Archiv ČT24</event_name>
        <text>Doba plastová          
Využívání umělých hmot v druhé polovině 20. století.</text>
      </short_event_descriptor>
      <extended_event_descriptor descriptor_number="0" last_descriptor_number="2" language_code="cze">
        <text>HDTV
Skryté titulky
Zatímco dnes sílí hlasy proti užívání plastů a výzvy k omezení jejich produkce, v druhé polovině 20. století se umělé hmoty jako novinka začaly ho</text>
        <item>
          <description>Repríza</description>
          <name>ČT24 20.1. 8:30</name>
        </item>
        <item>
          <description>Žánr</description>
          <name>zprávy, aktuální publicistika</name>
        </item>
      </extended_event_descriptor>
      <extended_event_descriptor descriptor_number="1" last_descriptor_number="2" language_code="cze">
        <text>jně vyrábět a využívat v různých oblastech lidské činnosti. Uplatnění nalezly mimo jiné v potravinářství, v textilním průmyslu, ale i ve strojírenství nebo třeba při lyžování. Novinky z výroby a uplatnění plastů přináš</text>
      </extended_event_descriptor>
      <extended_event_descriptor descriptor_number="2" last_descriptor_number="2" language_code="cze">
        <text>ely Československé filmové týdeníky.</text>
      </extended_event_descriptor>
      <content_descriptor>
        <content content_nibble_level_1="2" content_nibble_level_2="0" user_byte="0x00"/>
      </content_descriptor>
      <parental_rating_descriptor>
        <country country_code="CZE" rating="0x00"/>
      </parental_rating_descriptor>
      <PDC_descriptor programme_identification_label="01-19 22:05"/>
      <component_descriptor stream_content="0x01" stream_content_ext="0x0F" component_type="0x03" component_tag="0x01" language_code="cze" text=""/>
      <component_descriptor stream_content="0x02" stream_content_ext="0x0F" component_type="0x03" component_tag="0x02" language_code="cze" text=""/>
      <component_descriptor stream_content="0x03" stream_content_ext="0x0F" component_type="0x01" component_tag="0x04" language_code="cze" text=""/>
      <component_descriptor stream_content="0x03" stream_content_ext="0x0F" component_type="0x02" component_tag="0x04" language_code="cze" text=""/>
    </event>
    <event event_id="0x4B96" start_time="2019-01-19 21:31:49" duration="00:28:11" running_status="undefined" CA_mode="false">
      <short_event_descriptor language_code="cze">
        <event_name>Politické spektrum</event_name>
        <text>I malé politické strany řeší velké politické problémy, tentokrát kolapsy našich dálnic.</text>
      </short_event_descriptor>
      <extended_event_descriptor descriptor_number="0" last_descriptor_number="2" language_code="cze">
        <text>HDTV
Skryté titulky
Napadl sníh a v polovině prosince doprava na D1 několikrát zkolabovala. V asi největší dálniční kalamitě poslední doby na D1 silničáři vyjeli, ale pracovat nemohli, protože se na postiž</text>
        <item>
          <description>Žánr</description>
          <name>diskuze / rozhovor</name>
        </item>
      </extended_event_descriptor>
      <extended_event_descriptor descriptor_number="1" last_descriptor_number="2" language_code="cze">
        <text>ená místa nedostali. Na dálnici se totiž utábořili řidiči kamionů, jejichž vozy kvůli sněhu neprojely dál a tak dálnici svými auty doslova zašpuntovali. Měla by se kamionům zakázat jízda vlevo? Kolik se vlastně za působení min</text>
      </extended_event_descriptor>
      <extended_event_descriptor descriptor_number="2" last_descriptor_number="2" language_code="cze">
        <text>istra Ťoka postavilo kilometrů nových dálnic? Na tyto a další otázky odpovídají Antonín Baudyš z hnutí Cesta odpovědné společnosti, Roman Kříž ze Strany svobodných občanů a Libor Lukáš z Moravanů.</text>
      </extended_event_descriptor>
      <content_descriptor>
        <content content_nibble_level_1="2" content_nibble_level_2="4" user_byte="0x00"/>
      </content_descriptor>
      <parental_rating_descriptor>
        <country country_code="CZE" rating="0x00"/>
      </parental_rating_descriptor>
      <PDC_descriptor programme_identification_label="01-19 22:32"/>
      <component_descriptor stream_content="0x01" stream_content_ext="0x0F" component_type="0x03" component_tag="0x01" language_code="cze" text=""/>
      <component_descriptor stream_content="0x02" stream_content_ext="0x0F" component_type="0x03" component_tag="0x02" language_code="cze" text=""/>
      <component_descriptor stream_content="0x03" stream_content_ext="0x0F" component_type="0x01" component_tag="0x04" language_code="cze" text=""/>
      <component_descriptor stream_content="0x03" stream_content_ext="0x0F" component_type="0x02" component_tag="0x04" language_code="cze" text=""/>
    </event>
    <event event_id="0x4BAA" start_time="2019-01-19 22:00:00" duration="00:27:00" running_status="undefined" CA_mode="false">
      <short_event_descriptor language_code="cze">
        <event_name>Zprávy ve 23</event_name>
        <text>Nejdůležitější události dne v ČR i ve světě.</text>
      </short_event_descriptor>
      <extended_event_descriptor descriptor_number="0" last_descriptor_number="0" language_code="cze">
        <text>HDTV</text>
        <item>
          <description>Žánr</description>
          <name>zprávy, počasí</name>
        </item>
      </extended_event_descriptor>
      <content_descriptor>
        <content content_nibble_level_1="2" content_nibble_level_2="1" user_byte="0x00"/>
      </content_descriptor>
      <parental_rating_descriptor>
        <country country_code="CZE" rating="0x00"/>
      </parental_rating_descriptor>
      <PDC_descriptor programme_identification_label="01-19 23:00"/>
      <component_descriptor stream_content="0x01" stream_content_ext="0x0F" component_type="0x03" component_tag="0x01" language_code="cze" text=""/>
      <component_descriptor stream_content="0x02" stream_content_ext="0x0F" component_type="0x03" component_tag="0x02" language_code="cze" text=""/>
      <component_descriptor stream_content="0x03" stream_content_ext="0x0F" component_type="0x02" component_tag="0x04" language_code="cze" text=""/>
    </event>
    <event event_id="0x4BBD" start_time="2019-01-19 22:27:00" duration="00:12:59" running_status="undefined" CA_mode="false">
      <short_event_descriptor language_code="cze">
        <event_name>Objektiv ČT24</event_name>
        <text>Cestování jinak. Něco navíc z legendárního pořadu. Objektiv ČT24 bude o natáčení extrémních sportů. Pozvání do studia přijal spolupracovník Objektivu Martin Vrbický.</text>
      </short_event_descriptor>
      <extended_event_descriptor descriptor_number="0" last_descriptor_number="0" language_code="cze">
        <text>HDTV
Skryté titulky</text>
        <item>
          <description>Žánr</description>
          <name>turistika, cestování</name>
        </item>
      </extended_event_descriptor>
      <content_descriptor>
        <content content_nibble_level_1="10" content_nibble_level_2="1" user_byte="0x00"/>
      </content_descriptor>
      <parental_rating_descriptor>
        <country country_code="CZE" rating="0x00"/>
      </parental_rating_descriptor>
      <PDC_descriptor programme_identification_label="01-19 23:27"/>
      <component_descriptor stream_content="0x01" stream_content_ext="0x0F" component_type="0x03" component_tag="0x01" language_code="cze" text=""/>
      <component_descriptor stream_content="0x02" stream_content_ext="0x0F" component_type="0x03" component_tag="0x02" language_code="cze" text=""/>
      <component_descriptor stream_content="0x03" stream_content_ext="0x0F" component_type="0x01" component_tag="0x04" language_code="cze" text=""/>
      <component_descriptor stream_content="0x03" stream_content_ext="0x0F" component_type="0x02" component_tag="0x04" language_code="cze" text=""/>
    </event>
    <event event_id="0x4BC8" start_time="2019-01-19 22:39:59" duration="00:20:01" running_status="undefined" CA_mode="false">
      <short_event_descriptor language_code="cze">
        <event_name>Události v kultuře</event_name>
        <text>Každodenní souhrn nejdůležitějšího a nejzajímavějšího dění v naší i světové kultuře.</text>
      </short_event_descriptor>
      <extended_event_descriptor descriptor_number="0" last_descriptor_number="0" language_code="cze">
        <text>HDTV
Zvukový popis
Skryté titulky</text>
        <item>
          <description>Repríza</description>
          <name>ČT art 20.1. 5:00</name>
        </item>
        <item>
          <description>Žánr</description>
          <name>zpravodajský pořad</name>
        </item>
      </extended_event_descriptor>
      <content_descriptor>
        <content content_nibble_level_1="2" content_nibble_level_2="0" user_byte="0x00"/>
      </content_descriptor>
      <parental_rating_descriptor>
        <country country_code="CZE" rating="0x00"/>
      </parental_rating_descriptor>
      <PDC_descriptor programme_identification_label="01-19 23:40"/>
      <component_descriptor stream_content="0x01" stream_content_ext="0x0F" component_type="0x03" component_tag="0x01" language_code="cze" text=""/>
      <component_descriptor stream_content="0x02" stream_content_ext="0x0F" component_type="0x03" component_tag="0x02" language_code="cze" text=""/>
      <component_descriptor stream_content="0x02" stream_content_ext="0x0F" component_type="0x40" component_tag="0x07" language_code="cze" text=""/>
      <component_descriptor stream_content="0x03" stream_content_ext="0x0F" component_type="0x01" component_tag="0x04" language_code="cze" text=""/>
      <component_descriptor stream_content="0x03" stream_content_ext="0x0F" component_type="0x02" component_tag="0x04" language_code="cze" text=""/>
    </event>
    <event event_id="0x4BD5" start_time="2019-01-19 23:00:00" duration="00:10:00" running_status="undefined" CA_mode="false">
      <short_event_descriptor language_code="cze">
        <event_name>Zprávy</event_name>
        <text></text>
      </short_event_descriptor>
      <extended_event_descriptor descriptor_number="0" last_descriptor_number="0" language_code="cze">
        <text>HDTV</text>
        <item>
          <description>Žánr</description>
          <name>zprávy, počasí</name>
        </item>
      </extended_event_descriptor>
      <content_descriptor>
        <content content_nibble_level_1="2" content_nibble_level_2="1" user_byte="0x00"/>
      </content_descriptor>
      <parental_rating_descriptor>
        <country country_code="CZE" rating="0x00"/>
      </parental_rating_descriptor>
      <PDC_descriptor programme_identification_label="01-20 00:00"/>
      <component_descriptor stream_content="0x01" stream_content_ext="0x0F" component_type="0x03" component_tag="0x01" language_code="cze" text=""/>
      <component_descriptor stream_content="0x02" stream_content_ext="0x0F" component_type="0x03" component_tag="0x02" language_code="cze" text=""/>
      <component_descriptor stream_content="0x03" stream_content_ext="0x0F" component_type="0x02" component_tag="0x04" language_code="cze" text=""/>
    </event>
    <event event_id="0x4BDE" start_time="2019-01-19 23:10:00" duration="00:56:09" running_status="undefined" CA_mode="false">
      <short_event_descriptor language_code="cze">
        <event_name>Hyde Park Civilizace</event_name>
        <text>Věda a současná civilizace. Interaktivní pořad - prostor pro vaše otázky a komentáře.</text>
      </short_event_descriptor>
      <extended_event_descriptor descriptor_number="0" last_descriptor_number="0" language_code="cze">
        <text>HDTV</text>
        <item>
          <description>Repríza</description>
          <name>ČT24 20.1. 11:05</name>
        </item>
        <item>
          <description>Žánr</description>
          <name>diskuze / rozhovor</name>
        </item>
      </extended_event_descriptor>
      <content_descriptor>
        <content content_nibble_level_1="2" content_nibble_level_2="4" user_byte="0x00"/>
      </content_descriptor>
      <parental_rating_descriptor>
        <country country_code="CZE" rating="0x00"/>
      </parental_rating_descriptor>
      <PDC_descriptor programme_identification_label="01-20 00:10"/>
      <component_descriptor stream_content="0x01" stream_content_ext="0x0F" component_type="0x03" component_tag="0x01" language_code="cze" text=""/>
      <component_descriptor stream_content="0x02" stream_content_ext="0x0F" component_type="0x03" component_tag="0x02" language_code="cze" text=""/>
      <component_descriptor stream_content="0x03" stream_content_ext="0x0F" component_type="0x02" component_tag="0x04" language_code="cze" text=""/>
    </event>
    <event event_id="0x4C03" start_time="2019-01-20 00:06:09" duration="00:42:52" running_status="undefined" CA_mode="false">
      <short_event_descriptor language_code="cze">
        <event_name>Reportéři ČT</event_name>
        <text>Vláda chystá kontrolu podniků a úřadů. Kam dokázal proniknout čínský Huawei. Chtěl vyburcovat lidi i politiky. Zlom přišel až v roce 1989.  Student Jan Palach. Česká nemocnice zahraňuje životy pod K2.</text>
      </short_event_descriptor>
      <extended_event_descriptor descriptor_number="0" last_descriptor_number="0" language_code="cze">
        <text>HDTV
Skryté titulky</text>
        <item>
          <description>Žánr</description>
          <name>magazíny, reportáže, dokumenty</name>
        </item>
      </extended_event_descriptor>
      <content_descriptor>
        <content content_nibble_level_1="8" content_nibble_level_2="1" user_byte="0x00"/>
      </content_descriptor>
      <parental_rating_descriptor>
        <country country_code="CZE" rating="0x00"/>
      </parental_rating_descriptor>
      <PDC_descriptor programme_identification_label="01-20 01:05"/>
      <component_descriptor stream_content="0x01" stream_content_ext="0x0F" component_type="0x03" component_tag="0x01" language_code="cze" text=""/>
      <component_descriptor stream_content="0x02" stream_content_ext="0x0F" component_type="0x03" component_tag="0x02" language_code="cze" text=""/>
      <component_descriptor stream_content="0x03" stream_content_ext="0x0F" component_type="0x01" component_tag="0x04" language_code="cze" text=""/>
      <component_descriptor stream_content="0x03" stream_content_ext="0x0F" component_type="0x02" component_tag="0x04" language_code="cze" text=""/>
    </event>
    <event event_id="0x4C1E" start_time="2019-01-20 00:49:01" duration="00:26:04" running_status="undefined" CA_mode="false">
      <short_event_descriptor language_code="cze">
        <event_name>Týden v regionech</event_name>
        <text>Je jedním z posledních lidí, kteří zažili meziválečné Brno. Odborník na náročná témata literární teorie a překladatelství - dnes šestadevadesátiletý Peter Demetz - profesor z americké univerzity Yale</text>
      </short_event_descriptor>
      <extended_event_descriptor descriptor_number="0" last_descriptor_number="0" language_code="cze">
        <text>strávil v Brně nádherné dětství.
HDTV
Skryté titulky</text>
        <item>
          <description>Repríza</description>
          <name>ČT24 20.1. 3:27, ČT24 20.1. 5:11, ČT24 20.1. 6:03, ČT1 22.1. 1:21</name>
        </item>
        <item>
          <description>Žánr</description>
          <name>zprávy, aktuální publicistika</name>
        </item>
      </extended_event_descriptor>
      <content_descriptor>
        <content content_nibble_level_1="2" content_nibble_level_2="0" user_byte="0x00"/>
      </content_descriptor>
      <parental_rating_descriptor>
        <country country_code="CZE" rating="0x00"/>
      </parental_rating_descriptor>
      <PDC_descriptor programme_identification_label="01-20 01:43"/>
      <component_descriptor stream_content="0x01" stream_content_ext="0x0F" component_type="0x03" component_tag="0x01" language_code="cze" text=""/>
      <component_descriptor stream_content="0x02" stream_content_ext="0x0F" component_type="0x03" component_tag="0x02" language_code="cze" text=""/>
      <component_descriptor stream_content="0x03" stream_content_ext="0x0F" component_type="0x01" component_tag="0x04" language_code="cze" text=""/>
      <component_descriptor stream_content="0x03" stream_content_ext="0x0F" component_type="0x02" component_tag="0x04" language_code="cze" text=""/>
    </event>
    <event event_id="0x4C30" start_time="2019-01-20 01:15:05" duration="00:25:59" running_status="undefined" CA_mode="false">
      <short_event_descriptor language_code="cze">
        <event_name>Týden v regionech</event_name>
        <text>Unikátní průzkum o vlivu znečištěného ovzduší na zdraví zahájil MS kraj. Vědci budou 5 let sledovat stovky lidí včetně novorozeňat.</text>
      </short_event_descriptor>
      <extended_event_descriptor descriptor_number="0" last_descriptor_number="0" language_code="cze">
        <text>HDTV
Skryté titulky</text>
        <item>
          <description>Repríza</description>
          <name>ČT24 20.1. 3:53, ČT24 20.1. 5:37, ČT1 22.1. 1:21</name>
        </item>
        <item>
          <description>Žánr</description>
          <name>zprávy, aktuální publicistika</name>
        </item>
      </extended_event_descriptor>
      <content_descriptor>
        <content content_nibble_level_1="2" content_nibble_level_2="0" user_byte="0x00"/>
      </content_descriptor>
      <parental_rating_descriptor>
        <country country_code="CZE" rating="0x00"/>
      </parental_rating_descriptor>
      <PDC_descriptor programme_identification_label="01-20 02:09"/>
      <component_descriptor stream_content="0x01" stream_content_ext="0x0F" component_type="0x03" component_tag="0x01" language_code="cze" text=""/>
      <component_descriptor stream_content="0x02" stream_content_ext="0x0F" component_type="0x03" component_tag="0x02" language_code="cze" text=""/>
      <component_descriptor stream_content="0x03" stream_content_ext="0x0F" component_type="0x01" component_tag="0x04" language_code="cze" text=""/>
      <component_descriptor stream_content="0x03" stream_content_ext="0x0F" component_type="0x02" component_tag="0x04" language_code="cze" text=""/>
    </event>
    <event event_id="0x4C42" start_time="2019-01-20 01:41:04" duration="00:52:55" running_status="undefined" CA_mode="false">
      <short_event_descriptor language_code="cze">
        <event_name>Regiony ČT24</event_name>
        <text>Pořad, zaměřený na důležité a zajímavé dění ve všech regionech ČR. Pořad se věnuje tématům společným pro více regionů, kde existují různé způsoby řešení určitého problému, více názorů a úhlů pohledu</text>
      </short_event_descriptor>
      <extended_event_descriptor descriptor_number="0" last_descriptor_number="0" language_code="cze">
        <text>na dané téma. Chybět nebudou vstupy, stejně tak práce iReportérů a regionální dění na sociálních sítích.
HDTV
Skryté titulky</text>
        <item>
          <description>Repríza</description>
          <name>ČT24 20.1. 4:19, ČT24 20.1. 7:05, ČT24 21.1. 4:11</name>
        </item>
        <item>
          <description>Žánr</description>
          <name>zprávy, aktuální publicistika</name>
        </item>
      </extended_event_descriptor>
      <content_descriptor>
        <content content_nibble_level_1="2" content_nibble_level_2="0" user_byte="0x00"/>
      </content_descriptor>
      <parental_rating_descriptor>
        <country country_code="CZE" rating="0x00"/>
      </parental_rating_descriptor>
      <PDC_descriptor programme_identification_label="01-20 02:35"/>
      <component_descriptor stream_content="0x01" stream_content_ext="0x0F" component_type="0x03" component_tag="0x01" language_code="cze" text=""/>
      <component_descriptor stream_content="0x02" stream_content_ext="0x0F" component_type="0x03" component_tag="0x02" language_code="cze" text=""/>
      <component_descriptor stream_content="0x03" stream_content_ext="0x0F" component_type="0x01" component_tag="0x04" language_code="cze" text=""/>
      <component_descriptor stream_content="0x03" stream_content_ext="0x0F" component_type="0x02" component_tag="0x04" language_code="cze" text=""/>
    </event>
    <event event_id="0x4C67" start_time="2019-01-20 02:33:59" duration="00:26:03" running_status="undefined" CA_mode="false">
      <short_event_descriptor language_code="cze">
        <event_name>Týden v regionech</event_name>
        <text>Je jedním z posledních lidí, kteří zažili meziválečné Brno. Odborník na náročná témata literární teorie a překladatelství - dnes šestadevadesátiletý Peter Demetz - profesor z americké univerzity Yale</text>
      </short_event_descriptor>
      <extended_event_descriptor descriptor_number="0" last_descriptor_number="0" language_code="cze">
        <text>strávil v Brně nádherné dětství.
HDTV
Skryté titulky</text>
        <item>
          <description>Repríza</description>
          <name>ČT24 20.1. 5:11, ČT24 20.1. 6:03, ČT1 22.1. 1:21</name>
        </item>
        <item>
          <description>Žánr</description>
          <name>zprávy, aktuální publicistika</name>
        </item>
      </extended_event_descriptor>
      <content_descriptor>
        <content content_nibble_level_1="2" content_nibble_level_2="0" user_byte="0x00"/>
      </content_descriptor>
      <parental_rating_descriptor>
        <country country_code="CZE" rating="0x00"/>
      </parental_rating_descriptor>
      <PDC_descriptor programme_identification_label="01-20 03:27"/>
      <component_descriptor stream_content="0x01" stream_content_ext="0x0F" component_type="0x03" component_tag="0x01" language_code="cze" text=""/>
      <component_descriptor stream_content="0x02" stream_content_ext="0x0F" component_type="0x03" component_tag="0x02" language_code="cze" text=""/>
      <component_descriptor stream_content="0x03" stream_content_ext="0x0F" component_type="0x01" component_tag="0x04" language_code="cze" text=""/>
      <component_descriptor stream_content="0x03" stream_content_ext="0x0F" component_type="0x02" component_tag="0x04" language_code="cze" text=""/>
    </event>
    <event event_id="0x4C7A" start_time="2019-01-20 03:00:02" duration="00:25:59" running_status="undefined" CA_mode="false">
      <short_event_descriptor language_code="cze">
        <event_name>Týden v regionech</event_name>
        <text>Unikátní průzkum o vlivu znečištěného ovzduší na zdraví zahájil MS kraj. Vědci budou 5 let sledovat stovky lidí včetně novorozeňat.</text>
      </short_event_descriptor>
      <extended_event_descriptor descriptor_number="0" last_descriptor_number="0" language_code="cze">
        <text>HDTV
Skryté titulky</text>
        <item>
          <description>Repríza</description>
          <name>ČT24 20.1. 5:37, ČT1 22.1. 1:21</name>
        </item>
        <item>
          <description>Žánr</description>
          <name>zprávy, aktuální publicistika</name>
        </item>
      </extended_event_descriptor>
      <content_descriptor>
        <content content_nibble_level_1="2" content_nibble_level_2="0" user_byte="0x00"/>
      </content_descriptor>
      <parental_rating_descriptor>
        <country country_code="CZE" rating="0x00"/>
      </parental_rating_descriptor>
      <PDC_descriptor programme_identification_label="01-20 03:53"/>
      <component_descriptor stream_content="0x01" stream_content_ext="0x0F" component_type="0x03" component_tag="0x01" language_code="cze" text=""/>
      <component_descriptor stream_content="0x02" stream_content_ext="0x0F" component_type="0x03" component_tag="0x02" language_code="cze" text=""/>
      <component_descriptor stream_content="0x03" stream_content_ext="0x0F" component_type="0x01" component_tag="0x04" language_code="cze" text=""/>
      <component_descriptor stream_content="0x03" stream_content_ext="0x0F" component_type="0x02" component_tag="0x04" language_code="cze" text=""/>
    </event>
    <event event_id="0x4C8C" start_time="2019-01-20 03:26:01" duration="00:52:54" running_status="undefined" CA_mode="false">
      <short_event_descriptor language_code="cze">
        <event_name>Regiony ČT24</event_name>
        <text>Pořad, zaměřený na důležité a zajímavé dění ve všech regionech ČR. Pořad se věnuje tématům společným pro více regionů, kde existují různé způsoby řešení určitého problému, více názorů a úhlů pohledu</text>
      </short_event_descriptor>
      <extended_event_descriptor descriptor_number="0" last_descriptor_number="0" language_code="cze">
        <text>na dané téma. Chybět nebudou vstupy, stejně tak práce iReportérů a regionální dění na sociálních sítích.
HDTV
Skryté titulky</text>
        <item>
          <description>Repríza</description>
          <name>ČT24 20.1. 7:05, ČT24 21.1. 4:11</name>
        </item>
        <item>
          <description>Žánr</description>
          <name>zprávy, aktuální publicistika</name>
        </item>
      </extended_event_descriptor>
      <content_descriptor>
        <content content_nibble_level_1="2" content_nibble_level_2="0" user_byte="0x00"/>
      </content_descriptor>
      <parental_rating_descriptor>
        <country country_code="CZE" rating="0x00"/>
      </parental_rating_descriptor>
      <PDC_descriptor programme_identification_label="01-20 04:19"/>
      <component_descriptor stream_content="0x01" stream_content_ext="0x0F" component_type="0x03" component_tag="0x01" language_code="cze" text=""/>
      <component_descriptor stream_content="0x02" stream_content_ext="0x0F" component_type="0x03" component_tag="0x02" language_code="cze" text=""/>
      <component_descriptor stream_content="0x03" stream_content_ext="0x0F" component_type="0x01" component_tag="0x04" language_code="cze" text=""/>
      <component_descriptor stream_content="0x03" stream_content_ext="0x0F" component_type="0x02" component_tag="0x04" language_code="cze" text=""/>
    </event>
    <event event_id="0x4CB2" start_time="2019-01-20 04:18:55" duration="00:26:03" running_status="undefined" CA_mode="false">
      <short_event_descriptor language_code="cze">
        <event_name>Týden v regionech</event_name>
        <text>Je jedním z posledních lidí, kteří zažili meziválečné Brno. Odborník na náročná témata literární teorie a překladatelství - dnes šestadevadesátiletý Peter Demetz - profesor z americké univerzity Yale</text>
      </short_event_descriptor>
      <extended_event_descriptor descriptor_number="0" last_descriptor_number="0" language_code="cze">
        <text>strávil v Brně nádherné dětství.
HDTV
Skryté titulky</text>
        <item>
          <description>Repríza</description>
          <name>ČT24 20.1. 6:03, ČT1 22.1. 1:21</name>
        </item>
        <item>
          <description>Žánr</description>
          <name>zprávy, aktuální publicistika</name>
        </item>
      </extended_event_descriptor>
      <content_descriptor>
        <content content_nibble_level_1="2" content_nibble_level_2="0" user_byte="0x00"/>
      </content_descriptor>
      <parental_rating_descriptor>
        <country country_code="CZE" rating="0x00"/>
      </parental_rating_descriptor>
      <PDC_descriptor programme_identification_label="01-20 05:11"/>
      <component_descriptor stream_content="0x01" stream_content_ext="0x0F" component_type="0x03" component_tag="0x01" language_code="cze" text=""/>
      <component_descriptor stream_content="0x02" stream_content_ext="0x0F" component_type="0x03" component_tag="0x02" language_code="cze" text=""/>
      <component_descriptor stream_content="0x03" stream_content_ext="0x0F" component_type="0x01" component_tag="0x04" language_code="cze" text=""/>
      <component_descriptor stream_content="0x03" stream_content_ext="0x0F" component_type="0x02" component_tag="0x04" language_code="cze" text=""/>
    </event>
    <event event_id="0x4CC4" start_time="2019-01-20 04:44:58" duration="00:25:59" running_status="undefined" CA_mode="false">
      <short_event_descriptor language_code="cze">
        <event_name>Týden v regionech</event_name>
        <text>Unikátní průzkum o vlivu znečištěného ovzduší na zdraví zahájil MS kraj. Vědci budou 5 let sledovat stovky lidí včetně novorozeňat.</text>
      </short_event_descriptor>
      <extended_event_descriptor descriptor_number="0" last_descriptor_number="0" language_code="cze">
        <text>HDTV
Skryté titulky</text>
        <item>
          <description>Repríza</description>
          <name>ČT1 22.1. 1:21</name>
        </item>
        <item>
          <description>Žánr</description>
          <name>zprávy, aktuální publicistika</name>
        </item>
      </extended_event_descriptor>
      <content_descriptor>
        <content content_nibble_level_1="2" content_nibble_level_2="0" user_byte="0x00"/>
      </content_descriptor>
      <parental_rating_descriptor>
        <country country_code="CZE" rating="0x00"/>
      </parental_rating_descriptor>
      <PDC_descriptor programme_identification_label="01-20 05:37"/>
      <component_descriptor stream_content="0x01" stream_content_ext="0x0F" component_type="0x03" component_tag="0x01" language_code="cze" text=""/>
      <component_descriptor stream_content="0x02" stream_content_ext="0x0F" component_type="0x03" component_tag="0x02" language_code="cze" text=""/>
      <component_descriptor stream_content="0x03" stream_content_ext="0x0F" component_type="0x01" component_tag="0x04" language_code="cze" text=""/>
      <component_descriptor stream_content="0x03" stream_content_ext="0x0F" component_type="0x02" component_tag="0x04" language_code="cze" text=""/>
    </event>
    <event event_id="0x4CD7" start_time="2019-01-20 05:10:57" duration="00:26:04" running_status="undefined" CA_mode="false">
      <short_event_descriptor language_code="cze">
        <event_name>Týden v regionech</event_name>
        <text>Je jedním z posledních lidí, kteří zažili meziválečné Brno. Odborník na náročná témata literární teorie a překladatelství - dnes šestadevadesátiletý Peter Demetz - profesor z americké univerzity Yale</text>
      </short_event_descriptor>
      <extended_event_descriptor descriptor_number="0" last_descriptor_number="0" language_code="cze">
        <text>strávil v Brně nádherné dětství.
HDTV
Skryté titulky</text>
        <item>
          <description>Repríza</description>
          <name>ČT1 22.1. 1:21</name>
        </item>
        <item>
          <description>Žánr</description>
          <name>zprávy, aktuální publicistika</name>
        </item>
      </extended_event_descriptor>
      <content_descriptor>
        <content content_nibble_level_1="2" content_nibble_level_2="0" user_byte="0x00"/>
      </content_descriptor>
      <parental_rating_descriptor>
        <country country_code="CZE" rating="0x00"/>
      </parental_rating_descriptor>
      <PDC_descriptor programme_identification_label="01-20 06:03"/>
      <component_descriptor stream_content="0x01" stream_content_ext="0x0F" component_type="0x03" component_tag="0x01" language_code="cze" text=""/>
      <component_descriptor stream_content="0x02" stream_content_ext="0x0F" component_type="0x03" component_tag="0x02" language_code="cze" text=""/>
      <component_descriptor stream_content="0x03" stream_content_ext="0x0F" component_type="0x01" component_tag="0x04" language_code="cze" text=""/>
      <component_descriptor stream_content="0x03" stream_content_ext="0x0F" component_type="0x02" component_tag="0x04" language_code="cze" text=""/>
    </event>
    <event event_id="0x4CE9" start_time="2019-01-20 05:37:01" duration="00:24:58" running_status="undefined" CA_mode="false">
      <short_event_descriptor language_code="cze">
        <event_name>Zajímavosti z regionů</event_name>
        <text>Události a informace z kraje, v němž žijete.</text>
      </short_event_descriptor>
      <extended_event_descriptor descriptor_number="0" last_descriptor_number="0" language_code="cze">
        <text>HDTV
Zvukový popis
Skryté titulky</text>
        <item>
          <description>Repríza</description>
          <name>ČT1 20.1. 6:00, ČT1 21.1. 5:30, ČT1 23.1. 1:20</name>
        </item>
        <item>
          <description>Žánr</description>
          <name>zpravodajský pořad</name>
        </item>
      </extended_event_descriptor>
      <content_descriptor>
        <content content_nibble_level_1="2" content_nibble_level_2="0" user_byte="0x00"/>
      </content_descriptor>
      <parental_rating_descriptor>
        <country country_code="CZE" rating="0x00"/>
      </parental_rating_descriptor>
      <PDC_descriptor programme_identification_label="01-20 06:29"/>
      <component_descriptor stream_content="0x01" stream_content_ext="0x0F" component_type="0x03" component_tag="0x01" language_code="cze" text=""/>
      <component_descriptor stream_content="0x02" stream_content_ext="0x0F" component_type="0x03" component_tag="0x02" language_code="cze" text=""/>
      <component_descriptor stream_content="0x02" stream_content_ext="0x0F" component_type="0x40" component_tag="0x07" language_code="cze" text=""/>
      <component_descriptor stream_content="0x03" stream_content_ext="0x0F" component_type="0x01" component_tag="0x04" language_code="cze" text=""/>
      <component_descriptor stream_content="0x03" stream_content_ext="0x0F" component_type="0x02" component_tag="0x04" language_code="cze" text=""/>
    </event>
    <event event_id="0x4D00" start_time="2019-01-20 06:00:00" duration="00:05:00" running_status="undefined" CA_mode="false">
      <short_event_descriptor language_code="cze">
        <event_name>Zprávy</event_name>
        <text></text>
      </short_event_descriptor>
      <extended_event_descriptor descriptor_number="0" last_descriptor_number="0" language_code="cze">
        <text>HDTV
Skryté titulky</text>
        <item>
          <description>Žánr</description>
          <name>zprávy, počasí</name>
        </item>
      </extended_event_descriptor>
      <content_descriptor>
        <content content_nibble_level_1="2" content_nibble_level_2="1" user_byte="0x00"/>
      </content_descriptor>
      <parental_rating_descriptor>
        <country country_code="CZE" rating="0x00"/>
      </parental_rating_descriptor>
      <PDC_descriptor programme_identification_label="01-20 07:00"/>
      <component_descriptor stream_content="0x01" stream_content_ext="0x0F" component_type="0x03" component_tag="0x01" language_code="cze" text=""/>
      <component_descriptor stream_content="0x02" stream_content_ext="0x0F" component_type="0x03" component_tag="0x02" language_code="cze" text=""/>
      <component_descriptor stream_content="0x03" stream_content_ext="0x0F" component_type="0x02" component_tag="0x04" language_code="cze" text=""/>
    </event>
    <event event_id="0x4D03" start_time="2019-01-20 06:05:00" duration="00:55:00" running_status="undefined" CA_mode="false">
      <short_event_descriptor language_code="cze">
        <event_name>Regiony ČT24</event_name>
        <text>Pořad, zaměřený na důležité a zajímavé dění ve všech regionech ČR. Pořad se věnuje tématům společným pro více regionů, kde existují různé způsoby řešení určitého problému, více názorů a úhlů pohledu</text>
      </short_event_descriptor>
      <extended_event_descriptor descriptor_number="0" last_descriptor_number="0" language_code="cze">
        <text>na dané téma. Chybět nebudou vstupy, stejně tak práce iReportérů a regionální dění na sociálních sítích.
HDTV
Skryté titulky</text>
        <item>
          <description>Repríza</description>
          <name>ČT24 21.1. 4:11</name>
        </item>
        <item>
          <description>Žánr</description>
          <name>zprávy, aktuální publicistika</name>
        </item>
      </extended_event_descriptor>
      <content_descriptor>
        <content content_nibble_level_1="2" content_nibble_level_2="0" user_byte="0x00"/>
      </content_descriptor>
      <parental_rating_descriptor>
        <country country_code="CZE" rating="0x00"/>
      </parental_rating_descriptor>
      <PDC_descriptor programme_identification_label="01-20 07:05"/>
      <component_descriptor stream_content="0x01" stream_content_ext="0x0F" component_type="0x03" component_tag="0x01" language_code="cze" text=""/>
      <component_descriptor stream_content="0x02" stream_content_ext="0x0F" component_type="0x03" component_tag="0x02" language_code="cze" text=""/>
      <component_descriptor stream_content="0x03" stream_content_ext="0x0F" component_type="0x01" component_tag="0x04" language_code="cze" text=""/>
      <component_descriptor stream_content="0x03" stream_content_ext="0x0F" component_type="0x02" component_tag="0x04" language_code="cze" text=""/>
    </event>
    <event event_id="0x4D2A" start_time="2019-01-20 07:00:00" duration="00:30:00" running_status="undefined" CA_mode="false">
      <short_event_descriptor language_code="cze">
        <event_name>Zprávy</event_name>
        <text></text>
      </short_event_descriptor>
      <extended_event_descriptor descriptor_number="0" last_descriptor_number="0" language_code="cze">
        <text>HDTV
Skryté titulky</text>
        <item>
          <description>Žánr</description>
          <name>zprávy, počasí</name>
        </item>
      </extended_event_descriptor>
      <content_descriptor>
        <content content_nibble_level_1="2" content_nibble_level_2="1" user_byte="0x00"/>
      </content_descriptor>
      <parental_rating_descriptor>
        <country country_code="CZE" rating="0x00"/>
      </parental_rating_descriptor>
      <PDC_descriptor programme_identification_label="01-20 08:00"/>
      <component_descriptor stream_content="0x01" stream_content_ext="0x0F" component_type="0x03" component_tag="0x01" language_code="cze" text=""/>
      <component_descriptor stream_content="0x02" stream_content_ext="0x0F" component_type="0x03" component_tag="0x02" language_code="cze" text=""/>
      <component_descriptor stream_content="0x03" stream_content_ext="0x0F" component_type="0x02" component_tag="0x04" language_code="cze" text=""/>
    </event>
    <event event_id="0x4D40" start_time="2019-01-20 07:30:00" duration="00:30:00" running_status="undefined" CA_mode="false">
      <short_event_descriptor language_code="cze">
        <event_name>Archiv ČT24</event_name>
        <text>Doba plastová          
Využívání umělých hmot v druhé polovině 20. století.</text>
      </short_event_descriptor>
      <extended_event_descriptor descriptor_number="0" last_descriptor_number="2" language_code="cze">
        <text>HDTV
Skryté titulky
Zatímco dnes sílí hlasy proti užívání plastů a výzvy k omezení jejich produkce, v druhé polovině 20. století se umělé hmoty jako novinka začaly hojně vyrábět a využíva</text>
        <item>
          <description>Žánr</description>
          <name>zprávy, aktuální publicistika</name>
        </item>
      </extended_event_descriptor>
      <extended_event_descriptor descriptor_number="1" last_descriptor_number="2" language_code="cze">
        <text>t v různých oblastech lidské činnosti. Uplatnění nalezly mimo jiné v potravinářství, v textilním průmyslu, ale i ve strojírenství nebo třeba při lyžování. Novinky z výroby a uplatnění plastů přinášely Československé filmo</text>
      </extended_event_descriptor>
      <extended_event_descriptor descriptor_number="2" last_descriptor_number="2" language_code="cze">
        <text>vé týdeníky.</text>
      </extended_event_descriptor>
      <content_descriptor>
        <content content_nibble_level_1="2" content_nibble_level_2="0" user_byte="0x00"/>
      </content_descriptor>
      <parental_rating_descriptor>
        <country country_code="CZE" rating="0x00"/>
      </parental_rating_descriptor>
      <PDC_descriptor programme_identification_label="01-20 08:30"/>
      <component_descriptor stream_content="0x01" stream_content_ext="0x0F" component_type="0x03" component_tag="0x01" language_code="cze" text=""/>
      <component_descriptor stream_content="0x02" stream_content_ext="0x0F" component_type="0x03" component_tag="0x02" language_code="cze" text=""/>
      <component_descriptor stream_content="0x03" stream_content_ext="0x0F" component_type="0x01" component_tag="0x04" language_code="cze" text=""/>
      <component_descriptor stream_content="0x03" stream_content_ext="0x0F" component_type="0x02" component_tag="0x04" language_code="cze" text=""/>
    </event>
    <event event_id="0x4D57" start_time="2019-01-20 08:00:00" duration="00:05:00" running_status="undefined" CA_mode="false">
      <short_event_descriptor language_code="cze">
        <event_name>Zprávy</event_name>
        <text></text>
      </short_event_descriptor>
      <extended_event_descriptor descriptor_number="0" last_descriptor_number="0" language_code="cze">
        <text>HDTV
Skryté titulky</text>
        <item>
          <description>Žánr</description>
          <name>zprávy, počasí</name>
        </item>
      </extended_event_descriptor>
      <content_descriptor>
        <content content_nibble_level_1="2" content_nibble_level_2="1" user_byte="0x00"/>
      </content_descriptor>
      <parental_rating_descriptor>
        <country country_code="CZE" rating="0x00"/>
      </parental_rating_descriptor>
      <PDC_descriptor programme_identification_label="01-20 09:00"/>
      <component_descriptor stream_content="0x01" stream_content_ext="0x0F" component_type="0x03" component_tag="0x01" language_code="cze" text=""/>
      <component_descriptor stream_content="0x02" stream_content_ext="0x0F" component_type="0x03" component_tag="0x02" language_code="cze" text=""/>
      <component_descriptor stream_content="0x03" stream_content_ext="0x0F" component_type="0x02" component_tag="0x04" language_code="cze" text=""/>
    </event>
    <event event_id="0x4D5A" start_time="2019-01-20 08:05:00" duration="00:55:00" running_status="undefined" CA_mode="false">
      <short_event_descriptor language_code="cze">
        <event_name>Historie.cs</event_name>
        <text>Za kopečky do Československa.
Západní poúnoroví emigranti a návštěvníci u nás. Praha jako Ženeva východu. A proč tu většinou nezůstali a co tu dělali?</text>
      </short_event_descriptor>
      <extended_event_descriptor descriptor_number="0" last_descriptor_number="3" language_code="cze">
        <text>HDTV
Skryté titulky
Po zrodu železné opony neutíkali lidé pouze z Československa na západ, ale občas někdo ze západního světa požádal o politický i azyl u nás. Šlo </text>
        <item>
          <description>Repríza</description>
          <name>ČT24 26.1. 13:05</name>
        </item>
        <item>
          <description>Žánr</description>
          <name>magazíny, reportáže, dokumenty</name>
        </item>
      </extended_event_descriptor>
      <extended_event_descriptor descriptor_number="1" last_descriptor_number="3" language_code="cze">
        <text>sice o jednotlivce, ale zpravidla velmi zajímavých osudů. Jejich žádosti měli různorodou motivaci a také zacházení ze strany našeho státu i běžných lidí nebylo vždy stejné. A navíc tu často odvedli kus práce a přispěli paradox</text>
      </extended_event_descriptor>
      <extended_event_descriptor descriptor_number="2" last_descriptor_number="3" language_code="cze">
        <text>ně na uvolňování západní kultury u nás. Kromě toho zejména v padesátých letech do našich lázní a do Prahy přijížděly celé výpravy západních dělníků a levicově zaměřených intelektuálů a komunistů. Jak jim se tu líbilo</text>
      </extended_event_descriptor>
      <extended_event_descriptor descriptor_number="3" last_descriptor_number="3" language_code="cze">
        <text> a nakolik prokoukli potěmkinovskou hru, která se s nimi hrála? A kdo to všechno financoval?</text>
      </extended_event_descriptor>
      <component_descriptor stream_content="0x05" stream_content_ext="0x0F" component_type="0x0B" component_tag="0x01" language_code="cze" text=""/>
      <component_descriptor stream_content="0x02" stream_content_ext="0x0F" component_type="0x03" component_tag="0x02" language_code="cze" text=""/>
      <component_descriptor stream_content="0x03" stream_content_ext="0x0F" component_type="0x01" component_tag="0x04" language_code="cze" text=""/>
      <content_descriptor>
        <content content_nibble_level_1="8" content_nibble_level_2="1" user_byte="0x00"/>
      </content_descriptor>
      <parental_rating_descriptor>
        <country country_code="CZE" rating="0x00"/>
      </parental_rating_descriptor>
      <PDC_descriptor programme_identification_label="01-20 09:05"/>
    </event>
    <event event_id="0x4D80" start_time="2019-01-20 09:00:00" duration="00:29:00" running_status="undefined" CA_mode="false">
      <short_event_descriptor language_code="cze">
        <event_name>Zprávy v 10</event_name>
        <text></text>
      </short_event_descriptor>
      <extended_event_descriptor descriptor_number="0" last_descriptor_number="0" language_code="cze">
        <text>HDTV
Skryté titulky</text>
        <item>
          <description>Žánr</description>
          <name>zprávy, počasí</name>
        </item>
      </extended_event_descriptor>
      <component_descriptor stream_content="0x05" stream_content_ext="0x0F" component_type="0x0B" component_tag="0x01" language_code="cze" text=""/>
      <component_descriptor stream_content="0x02" stream_content_ext="0x0F" component_type="0x03" component_tag="0x02" language_code="cze" text=""/>
      <component_descriptor stream_content="0x03" stream_content_ext="0x0F" component_type="0x01" component_tag="0x04" language_code="cze" text=""/>
      <content_descriptor>
        <content content_nibble_level_1="2" content_nibble_level_2="1" user_byte="0x00"/>
      </content_descriptor>
      <parental_rating_descriptor>
        <country country_code="CZE" rating="0x00"/>
      </parental_rating_descriptor>
      <PDC_descriptor programme_identification_label="01-20 10:00"/>
    </event>
    <event event_id="0x4D94" start_time="2019-01-20 09:29:00" duration="00:31:26" running_status="undefined" CA_mode="false">
      <short_event_descriptor language_code="cze">
        <event_name>Byznys ČT24</event_name>
        <text>Hlavní ekonomický pořad zpravodajského programu ČT24. Ekonomické aktuality.</text>
      </short_event_descriptor>
      <extended_event_descriptor descriptor_number="0" last_descriptor_number="0" language_code="cze">
        <text>HDTV</text>
        <item>
          <description>Žánr</description>
          <name>diskuze / rozhovor</name>
        </item>
      </extended_event_descriptor>
      <component_descriptor stream_content="0x05" stream_content_ext="0x0F" component_type="0x0B" component_tag="0x01" language_code="cze" text=""/>
      <component_descriptor stream_content="0x02" stream_content_ext="0x0F" component_type="0x03" component_tag="0x02" language_code="cze" text=""/>
      <content_descriptor>
        <content content_nibble_level_1="2" content_nibble_level_2="4" user_byte="0x00"/>
      </content_descriptor>
      <parental_rating_descriptor>
        <country country_code="CZE" rating="0x00"/>
      </parental_rating_descriptor>
      <PDC_descriptor programme_identification_label="01-20 10:29"/>
    </event>
    <event event_id="0x4DAA" start_time="2019-01-20 10:00:00" duration="00:05:00" running_status="undefined" CA_mode="false">
      <short_event_descriptor language_code="cze">
        <event_name>Zprávy</event_name>
        <text></text>
      </short_event_descriptor>
      <extended_event_descriptor descriptor_number="0" last_descriptor_number="0" language_code="cze">
        <text>HDTV
Skryté titulky</text>
        <item>
          <description>Žánr</description>
          <name>zprávy, počasí</name>
        </item>
      </extended_event_descriptor>
      <component_descriptor stream_content="0x05" stream_content_ext="0x0F" component_type="0x0B" component_tag="0x01" language_code="cze" text=""/>
      <component_descriptor stream_content="0x02" stream_content_ext="0x0F" component_type="0x03" component_tag="0x02" language_code="cze" text=""/>
      <component_descriptor stream_content="0x03" stream_content_ext="0x0F" component_type="0x01" component_tag="0x04" language_code="cze" text=""/>
      <content_descriptor>
        <content content_nibble_level_1="2" content_nibble_level_2="1" user_byte="0x00"/>
      </content_descriptor>
      <parental_rating_descriptor>
        <country country_code="CZE" rating="0x00"/>
      </parental_rating_descriptor>
      <PDC_descriptor programme_identification_label="01-20 11:00"/>
    </event>
    <event event_id="0x4DAD" start_time="2019-01-20 10:05:00" duration="00:56:09" running_status="undefined" CA_mode="false">
      <short_event_descriptor language_code="cze">
        <event_name>Hyde Park Civilizace</event_name>
        <text>Věda a současná civilizace. Interaktivní pořad - prostor pro vaše otázky a komentáře.</text>
      </short_event_descriptor>
      <extended_event_descriptor descriptor_number="0" last_descriptor_number="0" language_code="cze">
        <text>HDTV</text>
        <item>
          <description>Žánr</description>
          <name>diskuze / rozhovor</name>
        </item>
      </extended_event_descriptor>
      <component_descriptor stream_content="0x05" stream_content_ext="0x0F" component_type="0x0B" component_tag="0x01" language_code="cze" text=""/>
      <component_descriptor stream_content="0x02" stream_content_ext="0x0F" component_type="0x03" component_tag="0x02" language_code="cze" text=""/>
      <content_descriptor>
        <content content_nibble_level_1="2" content_nibble_level_2="4" user_byte="0x00"/>
      </content_descriptor>
      <parental_rating_descriptor>
        <country country_code="CZE" rating="0x00"/>
      </parental_rating_descriptor>
      <PDC_descriptor programme_identification_label="01-20 11:05"/>
    </event>
    <event event_id="0x4DD7" start_time="2019-01-20 11:00:00" duration="01:00:00" running_status="undefined" CA_mode="false">
      <short_event_descriptor language_code="cze">
        <event_name>Otázky Václava Moravce</event_name>
        <text>Dálnice v nedohlednu. Poslanci Martin Kolovratník z hnutí ANO, Jan Birke z ČSSD a Marian Jurečka z KDU-ČSL.</text>
      </short_event_descriptor>
      <extended_event_descriptor descriptor_number="0" last_descriptor_number="2" language_code="cze">
        <text>HDTV
Skryté titulky
ČT1 a ČT24   12:00 - 13:00

Martin Kolovratník /ANO/, člen hospodářského výboru PS PČR
Jan Birke /ČSSD/, člen hospodářského výboru PS PČR
Marian Jurečka /KDU-</text>
        <item>
          <description>Repríza</description>
          <name>ČT24 21.1. 0:10</name>
        </item>
        <item>
          <description>Žánr</description>
          <name>diskuze / rozhovor</name>
        </item>
      </extended_event_descriptor>
      <extended_event_descriptor descriptor_number="1" last_descriptor_number="2" language_code="cze">
        <text>ČSL/, místopředseda hospodářského výboru PS PČR
Miloslav Kala, prezident Nejvyššího kontrolního úřadu

-aktuální politická situace
-priority rozpočtu 2019
-budování dopravní infrastruktury 
-zákon o liniových stavbách
-délka</text>
      </extended_event_descriptor>
      <extended_event_descriptor descriptor_number="2" last_descriptor_number="2" language_code="cze">
        <text> stavebního řízení</text>
      </extended_event_descriptor>
      <component_descriptor stream_content="0x05" stream_content_ext="0x0F" component_type="0x0B" component_tag="0x01" language_code="cze" text=""/>
      <component_descriptor stream_content="0x02" stream_content_ext="0x0F" component_type="0x03" component_tag="0x02" language_code="cze" text=""/>
      <component_descriptor stream_content="0x03" stream_content_ext="0x0F" component_type="0x01" component_tag="0x04" language_code="cze" text=""/>
      <content_descriptor>
        <content content_nibble_level_1="2" content_nibble_level_2="4" user_byte="0x00"/>
      </content_descriptor>
      <parental_rating_descriptor>
        <country country_code="CZE" rating="0x00"/>
      </parental_rating_descriptor>
      <PDC_descriptor programme_identification_label="01-20 12:00"/>
    </event>
    <event event_id="0x4E02" start_time="2019-01-20 12:00:00" duration="00:05:00" running_status="undefined" CA_mode="false">
      <short_event_descriptor language_code="cze">
        <event_name>Zprávy</event_name>
        <text></text>
      </short_event_descriptor>
      <extended_event_descriptor descriptor_number="0" last_descriptor_number="0" language_code="cze">
        <text>HDTV
Skryté titulky</text>
        <item>
          <description>Žánr</description>
          <name>zprávy, počasí</name>
        </item>
      </extended_event_descriptor>
      <component_descriptor stream_content="0x05" stream_content_ext="0x0F" component_type="0x0B" component_tag="0x01" language_code="cze" text=""/>
      <component_descriptor stream_content="0x02" stream_content_ext="0x0F" component_type="0x03" component_tag="0x02" language_code="cze" text=""/>
      <component_descriptor stream_content="0x03" stream_content_ext="0x0F" component_type="0x01" component_tag="0x04" language_code="cze" text=""/>
      <content_descriptor>
        <content content_nibble_level_1="2" content_nibble_level_2="1" user_byte="0x00"/>
      </content_descriptor>
      <parental_rating_descriptor>
        <country country_code="CZE" rating="0x00"/>
      </parental_rating_descriptor>
      <PDC_descriptor programme_identification_label="01-20 13:00"/>
    </event>
    <event event_id="0x4E05" start_time="2019-01-20 12:05:00" duration="00:55:00" running_status="undefined" CA_mode="false">
      <short_event_descriptor language_code="cze">
        <event_name>Otázky Václava Moravce 2. část</event_name>
        <text>Brexit v dohledu. Ministr zahraničí Tomáš Petříček, předseda zahraničního výboru Senátu Pavel Fischer a člen zahraničního výboru Sněmovny Mikuláš Peksa.</text>
      </short_event_descriptor>
      <extended_event_descriptor descriptor_number="0" last_descriptor_number="1" language_code="cze">
        <text>HDTV
Skryté titulky
ČT24  13:05  - 14:00 

Tomáš Petříček /ČSSD/, ministr zahraničních věcí
Pavel Fischer /nestr./, senátor, předseda výboru pro zahraniční věci
Mikuláš Peksa /P</text>
        <item>
          <description>Repríza</description>
          <name>ČT24 21.1. 1:10</name>
        </item>
        <item>
          <description>Žánr</description>
          <name>diskuze / rozhovor</name>
        </item>
      </extended_event_descriptor>
      <extended_event_descriptor descriptor_number="1" last_descriptor_number="1" language_code="cze">
        <text>iráti/, místopředseda strany a garant programového bodu Zahraničí

-okolnosti brexitu a jeho důsledky
-priority a jednotnost zahraniční politiky ČR
-ekonomická diplomacie, otevírání nových ambasád</text>
      </extended_event_descriptor>
      <component_descriptor stream_content="0x05" stream_content_ext="0x0F" component_type="0x0B" component_tag="0x01" language_code="cze" text=""/>
      <component_descriptor stream_content="0x02" stream_content_ext="0x0F" component_type="0x03" component_tag="0x02" language_code="cze" text=""/>
      <component_descriptor stream_content="0x03" stream_content_ext="0x0F" component_type="0x01" component_tag="0x04" language_code="cze" text=""/>
      <content_descriptor>
        <content content_nibble_level_1="2" content_nibble_level_2="4" user_byte="0x00"/>
      </content_descriptor>
      <parental_rating_descriptor>
        <country country_code="CZE" rating="0x00"/>
      </parental_rating_descriptor>
      <PDC_descriptor programme_identification_label="01-20 13:05"/>
    </event>
    <event event_id="0x4E2B" start_time="2019-01-20 13:00:00" duration="03:55:00" running_status="undefined" CA_mode="false">
      <short_event_descriptor language_code="cze">
        <event_name>Studio ČT24</event_name>
        <text>V pondělí 21. ledna nastane úplné zatmění Měsíce. Bude trvat hodinu a dvě minuty a bude poslední v tomto desetiletí. Další bude možné spatřit v září 2025. Úplné zatmění bude možné pozorovat brzy ráno mezi 5:41 a</text>
      </short_event_descriptor>
      <extended_event_descriptor descriptor_number="0" last_descriptor_number="0" language_code="cze">
        <text>6:43. Další informace k tématu dodá redaktor ČT Martin Tyburec.
HDTV</text>
        <item>
          <description>Žánr</description>
          <name>diskuze / rozhovor</name>
        </item>
      </extended_event_descriptor>
      <component_descriptor stream_content="0x05" stream_content_ext="0x0F" component_type="0x0B" component_tag="0x01" language_code="cze" text=""/>
      <component_descriptor stream_content="0x02" stream_content_ext="0x0F" component_type="0x03" component_tag="0x02" language_code="cze" text=""/>
      <content_descriptor>
        <content content_nibble_level_1="2" content_nibble_level_2="4" user_byte="0x00"/>
      </content_descriptor>
      <parental_rating_descriptor>
        <country country_code="CZE" rating="0x00"/>
      </parental_rating_descriptor>
      <PDC_descriptor programme_identification_label="01-20 14:00"/>
    </event>
    <event event_id="0x4ED1" start_time="2019-01-20 16:55:00" duration="00:05:00" running_status="undefined" CA_mode="false">
      <short_event_descriptor language_code="cze">
        <event_name>Předpověď počasí</event_name>
        <text>Souhrn meteorologických informací uplynulých 24 hodin a prognóza vývoje počasí na příští dny.</text>
      </short_event_descriptor>
      <extended_event_descriptor descriptor_number="0" last_descriptor_number="0" language_code="cze">
        <text>HDTV
Zvukový popis
Skryté titulky</text>
        <item>
          <description>Žánr</description>
          <name>zprávy, počasí</name>
        </item>
      </extended_event_descriptor>
      <component_descriptor stream_content="0x05" stream_content_ext="0x0F" component_type="0x0B" component_tag="0x01" language_code="cze" text=""/>
      <component_descriptor stream_content="0x02" stream_content_ext="0x0F" component_type="0x03" component_tag="0x02" language_code="cze" text=""/>
      <component_descriptor stream_content="0x03" stream_content_ext="0x0F" component_type="0x01" component_tag="0x04" language_code="cze" text=""/>
      <component_descriptor stream_content="0x02" stream_content_ext="0x0F" component_type="0x40" component_tag="0x07" language_code="cze" text=""/>
      <content_descriptor>
        <content content_nibble_level_1="2" content_nibble_level_2="1" user_byte="0x00"/>
      </content_descriptor>
      <parental_rating_descriptor>
        <country country_code="CZE" rating="0x00"/>
      </parental_rating_descriptor>
      <PDC_descriptor programme_identification_label="01-20 17:55"/>
    </event>
    <event event_id="0x4ED4" start_time="2019-01-20 17:00:00" duration="00:30:00" running_status="undefined" CA_mode="false">
      <short_event_descriptor language_code="cze">
        <event_name>Zprávy</event_name>
        <text></text>
      </short_event_descriptor>
      <extended_event_descriptor descriptor_number="0" last_descriptor_number="0" language_code="cze">
        <text>HDTV
Zvukový popis
Skryté titulky</text>
        <item>
          <description>Žánr</description>
          <name>zprávy, počasí</name>
        </item>
      </extended_event_descriptor>
      <component_descriptor stream_content="0x05" stream_content_ext="0x0F" component_type="0x0B" component_tag="0x01" language_code="cze" text=""/>
      <component_descriptor stream_content="0x02" stream_content_ext="0x0F" component_type="0x03" component_tag="0x02" language_code="cze" text=""/>
      <component_descriptor stream_content="0x03" stream_content_ext="0x0F" component_type="0x01" component_tag="0x04" language_code="cze" text=""/>
      <component_descriptor stream_content="0x02" stream_content_ext="0x0F" component_type="0x40" component_tag="0x07" language_code="cze" text=""/>
      <content_descriptor>
        <content content_nibble_level_1="2" content_nibble_level_2="1" user_byte="0x00"/>
      </content_descriptor>
      <parental_rating_descriptor>
        <country country_code="CZE" rating="0x00"/>
      </parental_rating_descriptor>
      <PDC_descriptor programme_identification_label="01-20 18:00"/>
    </event>
    <event event_id="0x4EEA" start_time="2019-01-20 17:30:00" duration="00:25:00" running_status="undefined" CA_mode="false">
      <short_event_descriptor language_code="cze">
        <event_name>Věda 24</event_name>
        <text>Archeologové ve Vltavě zkoumali pozůstatky Juditina mostu, WHO vydala seznam 10 největších světových hrozeb, CERN představil plán na nový urychlovač; moderuje: Jaroslav Zoula.</text>
      </short_event_descriptor>
      <extended_event_descriptor descriptor_number="0" last_descriptor_number="0" language_code="cze">
        <text>HDTV
Skryté titulky</text>
        <item>
          <description>Žánr</description>
          <name>zpravodajský magazín</name>
        </item>
      </extended_event_descriptor>
      <component_descriptor stream_content="0x05" stream_content_ext="0x0F" component_type="0x0B" component_tag="0x01" language_code="cze" text=""/>
      <component_descriptor stream_content="0x02" stream_content_ext="0x0F" component_type="0x03" component_tag="0x02" language_code="cze" text=""/>
      <component_descriptor stream_content="0x03" stream_content_ext="0x0F" component_type="0x01" component_tag="0x04" language_code="cze" text=""/>
      <content_descriptor>
        <content content_nibble_level_1="2" content_nibble_level_2="2" user_byte="0x00"/>
      </content_descriptor>
      <parental_rating_descriptor>
        <country country_code="CZE" rating="0x00"/>
      </parental_rating_descriptor>
      <PDC_descriptor programme_identification_label="01-20 18:30"/>
    </event>
    <event event_id="0x4EFE" start_time="2019-01-20 17:55:00" duration="00:05:00" running_status="undefined" CA_mode="false">
      <short_event_descriptor language_code="cze">
        <event_name>Události za okamžik a počasí</event_name>
        <text>Hlavní události a předpověď počasí.</text>
      </short_event_descriptor>
      <extended_event_descriptor descriptor_number="0" last_descriptor_number="0" language_code="cze">
        <text>HDTV
Zvukový popis
Skryté titulky</text>
        <item>
          <description>Žánr</description>
          <name>zprávy, počasí</name>
        </item>
      </extended_event_descriptor>
      <component_descriptor stream_content="0x05" stream_content_ext="0x0F" component_type="0x0B" component_tag="0x01" language_code="cze" text=""/>
      <component_descriptor stream_content="0x02" stream_content_ext="0x0F" component_type="0x03" component_tag="0x02" language_code="cze" text=""/>
      <component_descriptor stream_content="0x03" stream_content_ext="0x0F" component_type="0x01" component_tag="0x04" language_code="cze" text=""/>
      <component_descriptor stream_content="0x02" stream_content_ext="0x0F" component_type="0x40" component_tag="0x07" language_code="cze" text=""/>
      <content_descriptor>
        <content content_nibble_level_1="2" content_nibble_level_2="1" user_byte="0x00"/>
      </content_descriptor>
      <parental_rating_descriptor>
        <country country_code="CZE" rating="0x00"/>
      </parental_rating_descriptor>
      <PDC_descriptor programme_identification_label="01-20 18:55"/>
    </event>
    <event event_id="0x4F02" start_time="2019-01-20 18:00:00" duration="00:44:00" running_status="undefined" CA_mode="false">
      <short_event_descriptor language_code="cze">
        <event_name>Události</event_name>
        <text>Hlavní zpravodajská relace České televize. Souhrn nejdůležitějších událostí dne v ČR i ve světě.</text>
      </short_event_descriptor>
      <extended_event_descriptor descriptor_number="0" last_descriptor_number="0" language_code="cze">
        <text>HDTV
Zvukový popis
Skryté titulky</text>
        <item>
          <description>Žánr</description>
          <name>zpravodajský pořad</name>
        </item>
      </extended_event_descriptor>
      <component_descriptor stream_content="0x05" stream_content_ext="0x0F" component_type="0x0B" component_tag="0x01" language_code="cze" text=""/>
      <component_descriptor stream_content="0x02" stream_content_ext="0x0F" component_type="0x03" component_tag="0x02" language_code="cze" text=""/>
      <component_descriptor stream_content="0x03" stream_content_ext="0x0F" component_type="0x01" component_tag="0x04" language_code="cze" text=""/>
      <component_descriptor stream_content="0x02" stream_content_ext="0x0F" component_type="0x40" component_tag="0x07" language_code="cze" text=""/>
      <content_descriptor>
        <content content_nibble_level_1="2" content_nibble_level_2="0" user_byte="0x00"/>
      </content_descriptor>
      <parental_rating_descriptor>
        <country country_code="CZE" rating="0x00"/>
      </parental_rating_descriptor>
      <PDC_descriptor programme_identification_label="01-20 19:00"/>
    </event>
    <event event_id="0x4F1F" start_time="2019-01-20 18:44:00" duration="00:02:00" running_status="undefined" CA_mode="false">
      <short_event_descriptor language_code="cze">
        <event_name>Sněhové zpravodajství</event_name>
        <text></text>
      </short_event_descriptor>
      <extended_event_descriptor descriptor_number="0" last_descriptor_number="0" language_code="cze">
        <text>HDTV</text>
        <item>
          <description>Žánr</description>
          <name>zprávy, počasí</name>
        </item>
      </extended_event_descriptor>
      <component_descriptor stream_content="0x05" stream_content_ext="0x0F" component_type="0x0B" component_tag="0x01" language_code="cze" text=""/>
      <component_descriptor stream_content="0x02" stream_content_ext="0x0F" component_type="0x03" component_tag="0x02" language_code="cze" text=""/>
      <content_descriptor>
        <content content_nibble_level_1="2" content_nibble_level_2="1" user_byte="0x00"/>
      </content_descriptor>
      <parental_rating_descriptor>
        <country country_code="CZE" rating="0x00"/>
      </parental_rating_descriptor>
      <PDC_descriptor programme_identification_label="01-20 19:44"/>
    </event>
    <event event_id="0x4F20" start_time="2019-01-20 18:46:00" duration="00:14:00" running_status="undefined" CA_mode="false">
      <short_event_descriptor language_code="cze">
        <event_name>Branky, body, vteřiny</event_name>
        <text></text>
      </short_event_descriptor>
      <extended_event_descriptor descriptor_number="0" last_descriptor_number="0" language_code="cze">
        <text>HDTV
Zvukový popis
Skryté titulky</text>
        <item>
          <description>Repríza</description>
          <name>ČT sport 21.1. 2:15, ČT sport 21.1. 4:35</name>
        </item>
        <item>
          <description>Žánr</description>
          <name>zprávy, aktuální publicistika</name>
        </item>
      </extended_event_descriptor>
      <component_descriptor stream_content="0x05" stream_content_ext="0x0F" component_type="0x0B" component_tag="0x01" language_code="cze" text=""/>
      <component_descriptor stream_content="0x02" stream_content_ext="0x0F" component_type="0x03" component_tag="0x02" language_code="cze" text=""/>
      <component_descriptor stream_content="0x03" stream_content_ext="0x0F" component_type="0x01" component_tag="0x04" language_code="cze" text=""/>
      <component_descriptor stream_content="0x02" stream_content_ext="0x0F" component_type="0x40" component_tag="0x07" language_code="cze" text=""/>
      <content_descriptor>
        <content content_nibble_level_1="2" content_nibble_level_2="0" user_byte="0x00"/>
      </content_descriptor>
      <parental_rating_descriptor>
        <country country_code="CZE" rating="0x00"/>
      </parental_rating_descriptor>
      <PDC_descriptor programme_identification_label="01-20 19:46"/>
    </event>
    <event event_id="0x4F2A" start_time="2019-01-20 19:00:00" duration="00:03:00" running_status="undefined" CA_mode="false">
      <short_event_descriptor language_code="cze">
        <event_name>Zprávy</event_name>
        <text></text>
      </short_event_descriptor>
      <extended_event_descriptor descriptor_number="0" last_descriptor_number="0" language_code="cze">
        <text>HDTV
Skryté titulky</text>
        <item>
          <description>Žánr</description>
          <name>zprávy, počasí</name>
        </item>
      </extended_event_descriptor>
      <component_descriptor stream_content="0x05" stream_content_ext="0x0F" component_type="0x0B" component_tag="0x01" language_code="cze" text=""/>
      <component_descriptor stream_content="0x02" stream_content_ext="0x0F" component_type="0x03" component_tag="0x02" language_code="cze" text=""/>
      <component_descriptor stream_content="0x03" stream_content_ext="0x0F" component_type="0x01" component_tag="0x04" language_code="cze" text=""/>
      <content_descriptor>
        <content content_nibble_level_1="2" content_nibble_level_2="1" user_byte="0x00"/>
      </content_descriptor>
      <parental_rating_descriptor>
        <country country_code="CZE" rating="0x00"/>
      </parental_rating_descriptor>
      <PDC_descriptor programme_identification_label="01-20 20:00"/>
    </event>
    <event event_id="0x4F2D" start_time="2019-01-20 19:03:00" duration="00:57:00" running_status="undefined" CA_mode="false">
      <short_event_descriptor language_code="cze">
        <event_name>Týden v politice</event_name>
        <text>Politika jiným úhlem pohledu - rozbory, analýzy, reportáže, rozhovory.</text>
      </short_event_descriptor>
      <extended_event_descriptor descriptor_number="0" last_descriptor_number="0" language_code="cze">
        <text>HDTV
Skryté titulky</text>
        <item>
          <description>Žánr</description>
          <name>zpravodajský pořad</name>
        </item>
      </extended_event_descriptor>
      <component_descriptor stream_content="0x05" stream_content_ext="0x0F" component_type="0x0B" component_tag="0x01" language_code="cze" text=""/>
      <component_descriptor stream_content="0x02" stream_content_ext="0x0F" component_type="0x03" component_tag="0x02" language_code="cze" text=""/>
      <component_descriptor stream_content="0x03" stream_content_ext="0x0F" component_type="0x01" component_tag="0x04" language_code="cze" text=""/>
      <content_descriptor>
        <content content_nibble_level_1="2" content_nibble_level_2="0" user_byte="0x00"/>
      </content_descriptor>
      <parental_rating_descriptor>
        <country country_code="CZE" rating="0x00"/>
      </parental_rating_descriptor>
      <PDC_descriptor programme_identification_label="01-20 20:03"/>
    </event>
    <event event_id="0x4F55" start_time="2019-01-20 20:00:00" duration="00:05:00" running_status="undefined" CA_mode="false">
      <short_event_descriptor language_code="cze">
        <event_name>Zprávy</event_name>
        <text></text>
      </short_event_descriptor>
      <extended_event_descriptor descriptor_number="0" last_descriptor_number="0" language_code="cze">
        <text>HDTV
Zvukový popis
Skryté titulky</text>
        <item>
          <description>Žánr</description>
          <name>zprávy, počasí</name>
        </item>
      </extended_event_descriptor>
      <component_descriptor stream_content="0x05" stream_content_ext="0x0F" component_type="0x0B" component_tag="0x01" language_code="cze" text=""/>
      <component_descriptor stream_content="0x02" stream_content_ext="0x0F" component_type="0x03" component_tag="0x02" language_code="cze" text=""/>
      <component_descriptor stream_content="0x03" stream_content_ext="0x0F" component_type="0x01" component_tag="0x04" language_code="cze" text=""/>
      <component_descriptor stream_content="0x02" stream_content_ext="0x0F" component_type="0x40" component_tag="0x07" language_code="cze" text=""/>
      <content_descriptor>
        <content content_nibble_level_1="2" content_nibble_level_2="1" user_byte="0x00"/>
      </content_descriptor>
      <parental_rating_descriptor>
        <country country_code="CZE" rating="0x00"/>
      </parental_rating_descriptor>
      <PDC_descriptor programme_identification_label="01-20 21:00"/>
    </event>
    <event event_id="0x4F58" start_time="2019-01-20 20:05:00" duration="00:55:00" running_status="undefined" CA_mode="false">
      <short_event_descriptor language_code="cze">
        <event_name>Horizont ČT24</event_name>
        <text>Pořad zahraniční redakce o dění ve světě. Klade důraz na původní tvorbu vlastních zpravodajů a bohaté agenturní zpravodajství, využívá nejmodernější postupy, televizní žánry i technologie.</text>
      </short_event_descriptor>
      <extended_event_descriptor descriptor_number="0" last_descriptor_number="0" language_code="cze">
        <text>HDTV</text>
        <item>
          <description>Žánr</description>
          <name>zpravodajský magazín</name>
        </item>
      </extended_event_descriptor>
      <component_descriptor stream_content="0x05" stream_content_ext="0x0F" component_type="0x0B" component_tag="0x01" language_code="cze" text=""/>
      <component_descriptor stream_content="0x02" stream_content_ext="0x0F" component_type="0x03" component_tag="0x02" language_code="cze" text=""/>
      <content_descriptor>
        <content content_nibble_level_1="2" content_nibble_level_2="2" user_byte="0x00"/>
      </content_descriptor>
      <parental_rating_descriptor>
        <country country_code="CZE" rating="0x00"/>
      </parental_rating_descriptor>
      <PDC_descriptor programme_identification_label="01-20 21:05"/>
    </event>
    <event event_id="0x4F80" start_time="2019-01-20 21:00:00" duration="00:03:00" running_status="undefined" CA_mode="false">
      <short_event_descriptor language_code="cze">
        <event_name>Zprávy</event_name>
        <text></text>
      </short_event_descriptor>
      <extended_event_descriptor descriptor_number="0" last_descriptor_number="0" language_code="cze">
        <text>HDTV
Skryté titulky</text>
        <item>
          <description>Žánr</description>
          <name>zprávy, počasí</name>
        </item>
      </extended_event_descriptor>
      <component_descriptor stream_content="0x05" stream_content_ext="0x0F" component_type="0x0B" component_tag="0x01" language_code="cze" text=""/>
      <component_descriptor stream_content="0x02" stream_content_ext="0x0F" component_type="0x03" component_tag="0x02" language_code="cze" text=""/>
      <component_descriptor stream_content="0x03" stream_content_ext="0x0F" component_type="0x01" component_tag="0x04" language_code="cze" text=""/>
      <content_descriptor>
        <content content_nibble_level_1="2" content_nibble_level_2="1" user_byte="0x00"/>
      </content_descriptor>
      <parental_rating_descriptor>
        <country country_code="CZE" rating="0x00"/>
      </parental_rating_descriptor>
      <PDC_descriptor programme_identification_label="01-20 22:00"/>
    </event>
    <event event_id="0x4F83" start_time="2019-01-20 21:02:00" duration="00:30:00" running_status="undefined" CA_mode="false">
      <short_event_descriptor language_code="cze">
        <event_name>Newsroom ČT24</event_name>
        <text>Novináři na xenofobních seznamech extremistů - a pak nadávky a útoky. Jedny tyto stránky s názvem White Media teď v Česku úředníci vypnuli - co ty další? Jak to vypadá, když veřejnoprávní televize nahrává</text>
      </short_event_descriptor>
      <extended_event_descriptor descriptor_number="0" last_descriptor_number="1" language_code="cze">
        <text>politické straně? Stačí se podívat do sousedního Polska. Reportáž TVP v hlavním vysílacím čase o politické nenávisti vzbudila vlnu kritiky. 840 tisíc korun jako odškodné za poškozující články. Tolik </text>
        <item>
          <description>Žánr</description>
          <name>zpravodajský pořad</name>
        </item>
      </extended_event_descriptor>
      <extended_event_descriptor descriptor_number="1" last_descriptor_number="1" language_code="cze">
        <text>má podle nepravomocného rozsudku dostat zdravotní sestra Věra Marešová od mediálního domu CNC, vydavatele bulvárních deníků Blesk a Aha.
HDTV
Skryté titulky</text>
      </extended_event_descriptor>
      <component_descriptor stream_content="0x05" stream_content_ext="0x0F" component_type="0x0B" component_tag="0x01" language_code="cze" text=""/>
      <component_descriptor stream_content="0x02" stream_content_ext="0x0F" component_type="0x03" component_tag="0x02" language_code="cze" text=""/>
      <component_descriptor stream_content="0x03" stream_content_ext="0x0F" component_type="0x01" component_tag="0x04" language_code="cze" text=""/>
      <content_descriptor>
        <content content_nibble_level_1="2" content_nibble_level_2="0" user_byte="0x00"/>
      </content_descriptor>
      <parental_rating_descriptor>
        <country country_code="CZE" rating="0x00"/>
      </parental_rating_descriptor>
      <PDC_descriptor programme_identification_label="01-20 22:02"/>
    </event>
    <event event_id="0x4F97" start_time="2019-01-20 21:32:00" duration="00:28:00" running_status="undefined" CA_mode="false">
      <short_event_descriptor language_code="cze">
        <event_name>Týden v justici</event_name>
        <text>Kauza možného ovlivňování soudců prezidentem. Mediální případ týdne: osvobození policisty. Šance občanů Česka uspět v žalobách proti státu kvůli špatnému životnímu prostředí.</text>
      </short_event_descriptor>
      <extended_event_descriptor descriptor_number="0" last_descriptor_number="0" language_code="cze">
        <text>HDTV
Skryté titulky</text>
        <item>
          <description>Repríza</description>
          <name>ČT24 21.1. 2:55</name>
        </item>
        <item>
          <description>Žánr</description>
          <name>zpravodajský magazín</name>
        </item>
      </extended_event_descriptor>
      <component_descriptor stream_content="0x05" stream_content_ext="0x0F" component_type="0x0B" component_tag="0x01" language_code="cze" text=""/>
      <component_descriptor stream_content="0x02" stream_content_ext="0x0F" component_type="0x03" component_tag="0x02" language_code="cze" text=""/>
      <component_descriptor stream_content="0x03" stream_content_ext="0x0F" component_type="0x01" component_tag="0x04" language_code="cze" text=""/>
      <content_descriptor>
        <content content_nibble_level_1="2" content_nibble_level_2="2" user_byte="0x00"/>
      </content_descriptor>
      <parental_rating_descriptor>
        <country country_code="CZE" rating="0x00"/>
      </parental_rating_descriptor>
      <PDC_descriptor programme_identification_label="01-20 22:32"/>
    </event>
    <event event_id="0x4FAA" start_time="2019-01-20 22:00:00" duration="00:26:00" running_status="undefined" CA_mode="false">
      <short_event_descriptor language_code="cze">
        <event_name>Zprávy ve 23</event_name>
        <text>Nejdůležitější události dne v ČR i ve světě.</text>
      </short_event_descriptor>
      <extended_event_descriptor descriptor_number="0" last_descriptor_number="0" language_code="cze">
        <text>HDTV</text>
        <item>
          <description>Žánr</description>
          <name>zprávy, počasí</name>
        </item>
      </extended_event_descriptor>
      <component_descriptor stream_content="0x05" stream_content_ext="0x0F" component_type="0x0B" component_tag="0x01" language_code="cze" text=""/>
      <component_descriptor stream_content="0x02" stream_content_ext="0x0F" component_type="0x03" component_tag="0x02" language_code="cze" text=""/>
      <content_descriptor>
        <content content_nibble_level_1="2" content_nibble_level_2="1" user_byte="0x00"/>
      </content_descriptor>
      <parental_rating_descriptor>
        <country country_code="CZE" rating="0x00"/>
      </parental_rating_descriptor>
      <PDC_descriptor programme_identification_label="01-20 23:00"/>
    </event>
    <event event_id="0x4FBD" start_time="2019-01-20 22:26:00" duration="00:14:00" running_status="undefined" CA_mode="false">
      <short_event_descriptor language_code="cze">
        <event_name>Objektiv ČT24</event_name>
        <text>Něco navíc z legendárního pořadu. O cestování s cestovateli: Jak se žilo české rodině s malými dětmi v indických horách? Odpoví spolupracovník Objektivu Martin Mykiska.</text>
      </short_event_descriptor>
      <extended_event_descriptor descriptor_number="0" last_descriptor_number="0" language_code="cze">
        <text>HDTV
Skryté titulky</text>
        <item>
          <description>Repríza</description>
          <name>ČT24 26.1. 23:26</name>
        </item>
        <item>
          <description>Žánr</description>
          <name>turistika, cestování</name>
        </item>
      </extended_event_descriptor>
      <component_descriptor stream_content="0x05" stream_content_ext="0x0F" component_type="0x0B" component_tag="0x01" language_code="cze" text=""/>
      <component_descriptor stream_content="0x02" stream_content_ext="0x0F" component_type="0x03" component_tag="0x02" language_code="cze" text=""/>
      <component_descriptor stream_content="0x03" stream_content_ext="0x0F" component_type="0x01" component_tag="0x04" language_code="cze" text=""/>
      <content_descriptor>
        <content content_nibble_level_1="10" content_nibble_level_2="1" user_byte="0x00"/>
      </content_descriptor>
      <parental_rating_descriptor>
        <country country_code="CZE" rating="0x00"/>
      </parental_rating_descriptor>
      <PDC_descriptor programme_identification_label="01-20 23:26"/>
    </event>
    <event event_id="0x4FC8" start_time="2019-01-20 22:40:00" duration="00:20:00" running_status="undefined" CA_mode="false">
      <short_event_descriptor language_code="cze">
        <event_name>Události v kultuře</event_name>
        <text>Každodenní souhrn nejdůležitějšího a nejzajímavějšího dění v naší i světové kultuře.</text>
      </short_event_descriptor>
      <extended_event_descriptor descriptor_number="0" last_descriptor_number="0" language_code="cze">
        <text>HDTV
Zvukový popis
Skryté titulky</text>
        <item>
          <description>Repríza</description>
          <name>ČT art 21.1. 5:00</name>
        </item>
        <item>
          <description>Žánr</description>
          <name>zpravodajský pořad</name>
        </item>
      </extended_event_descriptor>
      <component_descriptor stream_content="0x05" stream_content_ext="0x0F" component_type="0x0B" component_tag="0x01" language_code="cze" text=""/>
      <component_descriptor stream_content="0x02" stream_content_ext="0x0F" component_type="0x03" component_tag="0x02" language_code="cze" text=""/>
      <component_descriptor stream_content="0x03" stream_content_ext="0x0F" component_type="0x01" component_tag="0x04" language_code="cze" text=""/>
      <component_descriptor stream_content="0x02" stream_content_ext="0x0F" component_type="0x40" component_tag="0x07" language_code="cze" text=""/>
      <content_descriptor>
        <content content_nibble_level_1="2" content_nibble_level_2="0" user_byte="0x00"/>
      </content_descriptor>
      <parental_rating_descriptor>
        <country country_code="CZE" rating="0x00"/>
      </parental_rating_descriptor>
      <PDC_descriptor programme_identification_label="01-20 23:40"/>
    </event>
    <event event_id="0x4FD7" start_time="2019-01-20 23:00:00" duration="00:10:00" running_status="undefined" CA_mode="false">
      <short_event_descriptor language_code="cze">
        <event_name>Zprávy</event_name>
        <text></text>
      </short_event_descriptor>
      <extended_event_descriptor descriptor_number="0" last_descriptor_number="0" language_code="cze">
        <text>HDTV</text>
        <item>
          <description>Žánr</description>
          <name>zprávy, počasí</name>
        </item>
      </extended_event_descriptor>
      <component_descriptor stream_content="0x05" stream_content_ext="0x0F" component_type="0x0B" component_tag="0x01" language_code="cze" text=""/>
      <component_descriptor stream_content="0x02" stream_content_ext="0x0F" component_type="0x03" component_tag="0x02" language_code="cze" text=""/>
      <content_descriptor>
        <content content_nibble_level_1="2" content_nibble_level_2="1" user_byte="0x00"/>
      </content_descriptor>
      <parental_rating_descriptor>
        <country country_code="CZE" rating="0x00"/>
      </parental_rating_descriptor>
      <PDC_descriptor programme_identification_label="01-21 00:00"/>
    </event>
    <event event_id="0x4FDE" start_time="2019-01-20 23:10:00" duration="01:00:00" running_status="undefined" CA_mode="false">
      <short_event_descriptor language_code="cze">
        <event_name>Otázky Václava Moravce</event_name>
        <text>Dálnice v nedohlednu. Poslanci Martin Kolovratník z hnutí ANO, Jan Birke z ČSSD a Marian Jurečka z KDU-ČSL.</text>
      </short_event_descriptor>
      <extended_event_descriptor descriptor_number="0" last_descriptor_number="1" language_code="cze">
        <text>HDTV
Skryté titulky
ČT1 a ČT24   12:00 - 13:00

Martin Kolovratník /ANO/, člen hospodářského výboru PS PČR
Jan Birke /ČSSD/, člen hospodářského výboru PS PČR
Marian Jurečka /KDU-ČSL/, místopředseda hosp</text>
        <item>
          <description>Žánr</description>
          <name>diskuze / rozhovor</name>
        </item>
      </extended_event_descriptor>
      <extended_event_descriptor descriptor_number="1" last_descriptor_number="1" language_code="cze">
        <text>odářského výboru PS PČR
Miloslav Kala, prezident Nejvyššího kontrolního úřadu

-aktuální politická situace
-priority rozpočtu 2019
-budování dopravní infrastruktury 
-zákon o liniových stavbách
-délka stavebního řízení</text>
      </extended_event_descriptor>
      <component_descriptor stream_content="0x05" stream_content_ext="0x0F" component_type="0x0B" component_tag="0x01" language_code="cze" text=""/>
      <component_descriptor stream_content="0x02" stream_content_ext="0x0F" component_type="0x03" component_tag="0x02" language_code="cze" text=""/>
      <component_descriptor stream_content="0x03" stream_content_ext="0x0F" component_type="0x01" component_tag="0x04" language_code="cze" text=""/>
      <content_descriptor>
        <content content_nibble_level_1="2" content_nibble_level_2="4" user_byte="0x00"/>
      </content_descriptor>
      <parental_rating_descriptor>
        <country country_code="CZE" rating="0x00"/>
      </parental_rating_descriptor>
      <PDC_descriptor programme_identification_label="01-21 00:10"/>
    </event>
  </EIT>
  <EIT type="0" version="7" current="true" actual="true" service_id="0x0104" transport_stream_id="0x0111" original_network_id="0x20CB" last_table_id="0x50">
    <!-- PID 0x0012 (18) -->
    <event event_id="0x4A88" start_time="2019-01-19 15:10:00" duration="01:50:57" running_status="undefined" CA_mode="false">
      <short_event_descriptor language_code="cze">
        <event_name>Skoky na lyžích: SP Polsko</event_name>
        <text>Živě. Přímý přenos závodu družstev z polského Zakopané.</text>
      </short_event_descriptor>
      <extended_event_descriptor descriptor_number="0" last_descriptor_number="0" language_code="cze">
        <text>HDTV
Skryté titulky</text>
        <item>
          <description>Repríza</description>
          <name>ČT sport 19.1. 16:10, ČT sport 23.1. 3:25</name>
        </item>
        <item>
          <description>Žánr</description>
          <name>významná sportovní událost</name>
        </item>
      </extended_event_descriptor>
      <component_descriptor stream_content="0x05" stream_content_ext="0x0F" component_type="0x0B" component_tag="0x01" language_code="cze" text=""/>
      <component_descriptor stream_content="0x02" stream_content_ext="0x0F" component_type="0x03" component_tag="0x02" language_code="cze" text=""/>
      <component_descriptor stream_content="0x03" stream_content_ext="0x0F" component_type="0x01" component_tag="0x04" language_code="cze" text=""/>
      <content_descriptor>
        <content content_nibble_level_1="4" content_nibble_level_2="1" user_byte="0x00"/>
      </content_descriptor>
      <parental_rating_descriptor>
        <country country_code="CZE" rating="0x00"/>
      </parental_rating_descriptor>
      <PDC_descriptor programme_identification_label="01-19 16:10"/>
    </event>
    <event event_id="0x4AD5" start_time="2019-01-19 17:00:00" duration="01:34:56" running_status="undefined" CA_mode="false">
      <short_event_descriptor language_code="cze">
        <event_name>MS 2019 Německo, Dánsko, Házená: Francie - Španělsko</event_name>
        <text>Živě. Přímý přenos utkání ze světového šampionátu v házené.</text>
      </short_event_descriptor>
      <extended_event_descriptor descriptor_number="0" last_descriptor_number="0" language_code="cze">
        <text>HDTV
Skryté titulky</text>
        <item>
          <description>Repríza</description>
          <name>ČT sport 19.1. 18:01</name>
        </item>
        <item>
          <description>Žánr</description>
          <name>sport</name>
        </item>
      </extended_event_descriptor>
      <component_descriptor stream_content="0x05" stream_content_ext="0x0F" component_type="0x0B" component_tag="0x01" language_code="cze" text=""/>
      <component_descriptor stream_content="0x02" stream_content_ext="0x0F" component_type="0x03" component_tag="0x02" language_code="cze" text=""/>
      <component_descriptor stream_content="0x03" stream_content_ext="0x0F" component_type="0x01" component_tag="0x04" language_code="cze" text=""/>
      <content_descriptor>
        <content content_nibble_level_1="4" content_nibble_level_2="0" user_byte="0x00"/>
      </content_descriptor>
      <parental_rating_descriptor>
        <country country_code="CZE" rating="0x00"/>
      </parental_rating_descriptor>
      <PDC_descriptor programme_identification_label="01-19 18:00"/>
    </event>
    <event event_id="0x4B18" start_time="2019-01-19 18:34:56" duration="00:49:07" running_status="undefined" CA_mode="false">
      <short_event_descriptor language_code="cze">
        <event_name>Boby: SP Rakousko</event_name>
        <text>Záznam 1. jízdy dvojbobu mužů z rakouského Innsbrucku.</text>
      </short_event_descriptor>
      <extended_event_descriptor descriptor_number="0" last_descriptor_number="0" language_code="cze">
        <text>HDTV
Skryté titulky</text>
        <item>
          <description>Žánr</description>
          <name>významná sportovní událost</name>
        </item>
      </extended_event_descriptor>
      <component_descriptor stream_content="0x05" stream_content_ext="0x0F" component_type="0x0B" component_tag="0x01" language_code="cze" text=""/>
      <component_descriptor stream_content="0x02" stream_content_ext="0x0F" component_type="0x03" component_tag="0x02" language_code="cze" text=""/>
      <component_descriptor stream_content="0x03" stream_content_ext="0x0F" component_type="0x01" component_tag="0x04" language_code="cze" text=""/>
      <content_descriptor>
        <content content_nibble_level_1="4" content_nibble_level_2="1" user_byte="0x00"/>
      </content_descriptor>
      <parental_rating_descriptor>
        <country country_code="CZE" rating="0x00"/>
      </parental_rating_descriptor>
      <PDC_descriptor programme_identification_label="01-19 19:35"/>
    </event>
    <event event_id="0x4B3C" start_time="2019-01-19 19:25:00" duration="01:44:10" running_status="undefined" CA_mode="false">
      <short_event_descriptor language_code="cze">
        <event_name>MS 2019 Německo, Dánsko, Házená: Dánsko - Maďarsko</event_name>
        <text>Živě. Přímý přenos utkání ze světového šampionátu v házené.</text>
      </short_event_descriptor>
      <extended_event_descriptor descriptor_number="0" last_descriptor_number="0" language_code="cze">
        <text>HDTV
Skryté titulky</text>
        <item>
          <description>Žánr</description>
          <name>sport</name>
        </item>
      </extended_event_descriptor>
      <content_descriptor>
        <content content_nibble_level_1="4" content_nibble_level_2="0" user_byte="0x00"/>
      </content_descriptor>
      <parental_rating_descriptor>
        <country country_code="CZE" rating="0x00"/>
      </parental_rating_descriptor>
      <PDC_descriptor programme_identification_label="01-19 20:25"/>
      <component_descriptor stream_content="0x01" stream_content_ext="0x0F" component_type="0x03" component_tag="0x01" language_code="cze" text=""/>
      <component_descriptor stream_content="0x02" stream_content_ext="0x0F" component_type="0x03" component_tag="0x02" language_code="cze" text=""/>
      <component_descriptor stream_content="0x03" stream_content_ext="0x0F" component_type="0x02" component_tag="0x04" language_code="cze" text=""/>
    </event>
    <event event_id="0x4B82" start_time="2019-01-19 21:05:48" duration="00:18:47" running_status="undefined" CA_mode="false">
      <short_event_descriptor language_code="cze">
        <event_name>Sportovní zprávy</event_name>
        <text>Živě. Aktuální informace ze světa sportu.</text>
      </short_event_descriptor>
      <extended_event_descriptor descriptor_number="0" last_descriptor_number="0" language_code="cze">
        <text>HDTV
Skryté titulky</text>
        <item>
          <description>Žánr</description>
          <name>sportovní magazín</name>
        </item>
      </extended_event_descriptor>
      <content_descriptor>
        <content content_nibble_level_1="4" content_nibble_level_2="2" user_byte="0x00"/>
      </content_descriptor>
      <parental_rating_descriptor>
        <country country_code="CZE" rating="0x00"/>
      </parental_rating_descriptor>
      <PDC_descriptor programme_identification_label="01-19 22:05"/>
      <component_descriptor stream_content="0x01" stream_content_ext="0x0F" component_type="0x03" component_tag="0x01" language_code="cze" text=""/>
      <component_descriptor stream_content="0x02" stream_content_ext="0x0F" component_type="0x03" component_tag="0x02" language_code="cze" text=""/>
      <component_descriptor stream_content="0x03" stream_content_ext="0x0F" component_type="0x02" component_tag="0x04" language_code="cze" text=""/>
    </event>
    <event event_id="0x4B91" start_time="2019-01-19 21:23:47" duration="00:52:06" running_status="undefined" CA_mode="false">
      <short_event_descriptor language_code="cze">
        <event_name>Boby: SP Rakousko</event_name>
        <text>Záznam 2. jízdy dvojbobu mužů z rakouského Innsbrucku.</text>
      </short_event_descriptor>
      <extended_event_descriptor descriptor_number="0" last_descriptor_number="0" language_code="cze">
        <text>HDTV
Skryté titulky</text>
        <item>
          <description>Repríza</description>
          <name>ČT sport 20.1. 6:25, ČT sport 21.1. 6:00</name>
        </item>
        <item>
          <description>Žánr</description>
          <name>významná sportovní událost</name>
        </item>
      </extended_event_descriptor>
      <content_descriptor>
        <content content_nibble_level_1="4" content_nibble_level_2="1" user_byte="0x00"/>
      </content_descriptor>
      <parental_rating_descriptor>
        <country country_code="CZE" rating="0x00"/>
      </parental_rating_descriptor>
      <PDC_descriptor programme_identification_label="01-19 22:25"/>
      <component_descriptor stream_content="0x01" stream_content_ext="0x0F" component_type="0x03" component_tag="0x01" language_code="cze" text=""/>
      <component_descriptor stream_content="0x02" stream_content_ext="0x0F" component_type="0x03" component_tag="0x02" language_code="cze" text=""/>
      <component_descriptor stream_content="0x03" stream_content_ext="0x0F" component_type="0x02" component_tag="0x04" language_code="cze" text=""/>
    </event>
    <event event_id="0x4BB6" start_time="2019-01-19 22:15:53" duration="01:29:05" running_status="undefined" CA_mode="false">
      <short_event_descriptor language_code="cze">
        <event_name>Bojové sporty: MS WASO 2018</event_name>
        <text>Záznam ze světového šampionátu bojových sportů organizace WASO, který se konal v Praze.</text>
      </short_event_descriptor>
      <extended_event_descriptor descriptor_number="0" last_descriptor_number="0" language_code="cze">
        <text>HDTV
Skryté titulky</text>
        <item>
          <description>Repríza</description>
          <name>ČT sport 24.1. 3:25</name>
        </item>
        <item>
          <description>Žánr</description>
          <name>sportovní magazín</name>
        </item>
      </extended_event_descriptor>
      <content_descriptor>
        <content content_nibble_level_1="4" content_nibble_level_2="2" user_byte="0x00"/>
      </content_descriptor>
      <parental_rating_descriptor>
        <country country_code="CZE" rating="0x00"/>
      </parental_rating_descriptor>
      <PDC_descriptor programme_identification_label="01-19 23:15"/>
      <component_descriptor stream_content="0x01" stream_content_ext="0x0F" component_type="0x03" component_tag="0x01" language_code="cze" text=""/>
      <component_descriptor stream_content="0x02" stream_content_ext="0x0F" component_type="0x03" component_tag="0x02" language_code="cze" text=""/>
      <component_descriptor stream_content="0x03" stream_content_ext="0x0F" component_type="0x01" component_tag="0x04" language_code="cze" text=""/>
      <component_descriptor stream_content="0x03" stream_content_ext="0x0F" component_type="0x02" component_tag="0x04" language_code="cze" text=""/>
    </event>
    <event event_id="0x4BF6" start_time="2019-01-19 23:44:58" duration="00:13:10" running_status="undefined" CA_mode="false">
      <short_event_descriptor language_code="cze">
        <event_name>Branky, body, vteřiny</event_name>
        <text></text>
      </short_event_descriptor>
      <extended_event_descriptor descriptor_number="0" last_descriptor_number="0" language_code="cze">
        <text>HDTV
Zvukový popis
Skryté titulky</text>
        <item>
          <description>Žánr</description>
          <name>zprávy, aktuální publicistika</name>
        </item>
      </extended_event_descriptor>
      <content_descriptor>
        <content content_nibble_level_1="2" content_nibble_level_2="0" user_byte="0x00"/>
      </content_descriptor>
      <parental_rating_descriptor>
        <country country_code="CZE" rating="0x00"/>
      </parental_rating_descriptor>
      <PDC_descriptor programme_identification_label="01-20 00:45"/>
      <component_descriptor stream_content="0x01" stream_content_ext="0x0F" component_type="0x03" component_tag="0x01" language_code="cze" text=""/>
      <component_descriptor stream_content="0x02" stream_content_ext="0x0F" component_type="0x03" component_tag="0x02" language_code="cze" text=""/>
      <component_descriptor stream_content="0x03" stream_content_ext="0x0F" component_type="0x02" component_tag="0x04" language_code="cze" text=""/>
    </event>
    <event event_id="0x4C00" start_time="2019-01-19 23:58:08" duration="01:20:05" running_status="undefined" CA_mode="false">
      <short_event_descriptor language_code="cze">
        <event_name>Alpské lyžování: SP Itálie</event_name>
        <text>Záznam sjezdu žen z Cortiny d'Ampezzo.</text>
      </short_event_descriptor>
      <extended_event_descriptor descriptor_number="0" last_descriptor_number="0" language_code="cze">
        <text>HDTV
Skryté titulky</text>
        <item>
          <description>Repríza</description>
          <name>ČT sport 21.1. 10:10</name>
        </item>
        <item>
          <description>Žánr</description>
          <name>významná sportovní událost</name>
        </item>
      </extended_event_descriptor>
      <content_descriptor>
        <content content_nibble_level_1="4" content_nibble_level_2="1" user_byte="0x00"/>
      </content_descriptor>
      <parental_rating_descriptor>
        <country country_code="CZE" rating="0x00"/>
      </parental_rating_descriptor>
      <PDC_descriptor programme_identification_label="01-20 01:00"/>
      <component_descriptor stream_content="0x01" stream_content_ext="0x0F" component_type="0x03" component_tag="0x01" language_code="cze" text=""/>
      <component_descriptor stream_content="0x02" stream_content_ext="0x0F" component_type="0x03" component_tag="0x02" language_code="cze" text=""/>
      <component_descriptor stream_content="0x03" stream_content_ext="0x0F" component_type="0x01" component_tag="0x04" language_code="cze" text=""/>
      <component_descriptor stream_content="0x03" stream_content_ext="0x0F" component_type="0x02" component_tag="0x04" language_code="cze" text=""/>
    </event>
    <event event_id="0x4C46" start_time="2019-01-20 01:18:13" duration="00:14:46" running_status="undefined" CA_mode="false">
      <short_event_descriptor language_code="cze">
        <event_name>Čtyřka sport</event_name>
        <text>Pohled do zákulisí sportovního vysílání, rozhovory se zajímavými osobnostmi a pozvánka k obrazovce programu ČT sport.</text>
      </short_event_descriptor>
      <extended_event_descriptor descriptor_number="0" last_descriptor_number="0" language_code="cze">
        <text>HDTV
Znakový jazyk
Zvukový popis</text>
        <item>
          <description>Repríza</description>
          <name>ČT sport 20.1. 15:35, ČT sport 21.1. 4:20, ČT sport 22.1. 5:00</name>
        </item>
        <item>
          <description>Žánr</description>
          <name>sportovní magazín</name>
        </item>
      </extended_event_descriptor>
      <content_descriptor>
        <content content_nibble_level_1="4" content_nibble_level_2="2" user_byte="0x00"/>
      </content_descriptor>
      <parental_rating_descriptor>
        <country country_code="CZE" rating="0x00"/>
      </parental_rating_descriptor>
      <PDC_descriptor programme_identification_label="01-20 02:40"/>
      <component_descriptor stream_content="0x01" stream_content_ext="0x0F" component_type="0x03" component_tag="0x01" language_code="cze" text=""/>
      <component_descriptor stream_content="0x02" stream_content_ext="0x0F" component_type="0x03" component_tag="0x02" language_code="cze" text=""/>
      <component_descriptor stream_content="0x02" stream_content_ext="0x0F" component_type="0x40" component_tag="0x07" language_code="cze" text=""/>
      <component_descriptor stream_content="0x03" stream_content_ext="0x0F" component_type="0x02" component_tag="0x04" language_code="cze" text=""/>
    </event>
    <event event_id="0x4C54" start_time="2019-01-20 01:32:59" duration="03:42:01" running_status="undefined" CA_mode="false">
      <short_event_descriptor language_code="cze">
        <event_name>SP Nový Zéland, Dráhová cyklistika: SP Nový Zéland</event_name>
        <text>Živě. Přímý přenos ze závodu světové série v dráhové cyklistice z Cambridge na Novém Zélandu.</text>
      </short_event_descriptor>
      <extended_event_descriptor descriptor_number="0" last_descriptor_number="0" language_code="cze">
        <text>HDTV
Skryté titulky</text>
        <item>
          <description>Repríza</description>
          <name>ČT sport 21.1. 23:55</name>
        </item>
        <item>
          <description>Žánr</description>
          <name>sport</name>
        </item>
      </extended_event_descriptor>
      <content_descriptor>
        <content content_nibble_level_1="4" content_nibble_level_2="0" user_byte="0x00"/>
      </content_descriptor>
      <parental_rating_descriptor>
        <country country_code="CZE" rating="0x00"/>
      </parental_rating_descriptor>
      <PDC_descriptor programme_identification_label="01-20 03:00"/>
      <component_descriptor stream_content="0x01" stream_content_ext="0x0F" component_type="0x03" component_tag="0x01" language_code="cze" text=""/>
      <component_descriptor stream_content="0x02" stream_content_ext="0x0F" component_type="0x03" component_tag="0x02" language_code="cze" text=""/>
      <component_descriptor stream_content="0x03" stream_content_ext="0x0F" component_type="0x02" component_tag="0x04" language_code="cze" text=""/>
    </event>
    <event event_id="0x4CE0" start_time="2019-01-20 05:15:00" duration="00:10:18" running_status="undefined" CA_mode="false">
      <short_event_descriptor language_code="cze">
        <event_name>Běžkotoulky</event_name>
        <text>Vydejte se s námi za těmi nejkrásnějšími místy v České republice. Tentokrát navštívíme Loučnou nad Desnou a její krásné okolí. Tak neváhejte, nazujte běžky a pojeďte s námi.</text>
      </short_event_descriptor>
      <extended_event_descriptor descriptor_number="0" last_descriptor_number="0" language_code="cze">
        <text>HDTV
Zvukový popis
Skryté titulky</text>
        <item>
          <description>Repríza</description>
          <name>ČT sport 21.1. 11:50, ČT sport 23.1. 8:30</name>
        </item>
        <item>
          <description>Žánr</description>
          <name>sportovní magazín</name>
        </item>
      </extended_event_descriptor>
      <content_descriptor>
        <content content_nibble_level_1="4" content_nibble_level_2="2" user_byte="0x00"/>
      </content_descriptor>
      <parental_rating_descriptor>
        <country country_code="CZE" rating="0x00"/>
      </parental_rating_descriptor>
      <PDC_descriptor programme_identification_label="01-20 06:15"/>
      <component_descriptor stream_content="0x01" stream_content_ext="0x0F" component_type="0x03" component_tag="0x01" language_code="cze" text=""/>
      <component_descriptor stream_content="0x02" stream_content_ext="0x0F" component_type="0x03" component_tag="0x02" language_code="cze" text=""/>
      <component_descriptor stream_content="0x02" stream_content_ext="0x0F" component_type="0x40" component_tag="0x07" language_code="cze" text=""/>
      <component_descriptor stream_content="0x03" stream_content_ext="0x0F" component_type="0x01" component_tag="0x04" language_code="cze" text=""/>
      <component_descriptor stream_content="0x03" stream_content_ext="0x0F" component_type="0x02" component_tag="0x04" language_code="cze" text=""/>
    </event>
    <event event_id="0x4CE7" start_time="2019-01-20 05:25:18" duration="00:52:26" running_status="undefined" CA_mode="false">
      <short_event_descriptor language_code="cze">
        <event_name>Boby: SP Rakousko</event_name>
        <text>Záznam 2. jízdy dvojbobu mužů z rakouského Innsbrucku.</text>
      </short_event_descriptor>
      <extended_event_descriptor descriptor_number="0" last_descriptor_number="0" language_code="cze">
        <text>HDTV</text>
        <item>
          <description>Repríza</description>
          <name>ČT sport 21.1. 6:00</name>
        </item>
        <item>
          <description>Žánr</description>
          <name>významná sportovní událost</name>
        </item>
      </extended_event_descriptor>
      <content_descriptor>
        <content content_nibble_level_1="4" content_nibble_level_2="1" user_byte="0x00"/>
      </content_descriptor>
      <parental_rating_descriptor>
        <country country_code="CZE" rating="0x00"/>
      </parental_rating_descriptor>
      <PDC_descriptor programme_identification_label="01-20 06:25"/>
      <component_descriptor stream_content="0x01" stream_content_ext="0x0F" component_type="0x03" component_tag="0x01" language_code="cze" text=""/>
      <component_descriptor stream_content="0x02" stream_content_ext="0x0F" component_type="0x03" component_tag="0x02" language_code="cze" text=""/>
      <component_descriptor stream_content="0x03" stream_content_ext="0x0F" component_type="0x02" component_tag="0x04" language_code="cze" text=""/>
    </event>
    <event event_id="0x4D0A" start_time="2019-01-20 06:17:44" duration="00:24:59" running_status="undefined" CA_mode="false">
      <short_event_descriptor language_code="cze">
        <event_name>Akrobatické lyžování: FIS magazín SP</event_name>
        <text>Přehled všeho důležitého ze závodů uplynulého víkendu v akrobatickém lyžování.</text>
      </short_event_descriptor>
      <extended_event_descriptor descriptor_number="0" last_descriptor_number="0" language_code="cze">
        <text>HDTV
Skryté titulky</text>
        <item>
          <description>Repríza</description>
          <name>ČT sport 21.1. 14:25, ČT sport 23.1. 5:30</name>
        </item>
        <item>
          <description>Žánr</description>
          <name>sport</name>
        </item>
      </extended_event_descriptor>
      <content_descriptor>
        <content content_nibble_level_1="4" content_nibble_level_2="0" user_byte="0x00"/>
      </content_descriptor>
      <parental_rating_descriptor>
        <country country_code="CZE" rating="0x00"/>
      </parental_rating_descriptor>
      <PDC_descriptor programme_identification_label="01-20 07:14"/>
      <component_descriptor stream_content="0x01" stream_content_ext="0x0F" component_type="0x03" component_tag="0x01" language_code="cze" text=""/>
      <component_descriptor stream_content="0x02" stream_content_ext="0x0F" component_type="0x03" component_tag="0x02" language_code="cze" text=""/>
      <component_descriptor stream_content="0x03" stream_content_ext="0x0F" component_type="0x01" component_tag="0x04" language_code="cze" text=""/>
      <component_descriptor stream_content="0x03" stream_content_ext="0x0F" component_type="0x02" component_tag="0x04" language_code="cze" text=""/>
    </event>
    <event event_id="0x4D1C" start_time="2019-01-20 06:42:43" duration="00:15:39" running_status="undefined" CA_mode="false">
      <short_event_descriptor language_code="cze">
        <event_name>Svět motorů: Speciál</event_name>
        <text>Jiří Zíta se svými hosty ve studiu na aktuální téma.</text>
      </short_event_descriptor>
      <extended_event_descriptor descriptor_number="0" last_descriptor_number="0" language_code="cze">
        <text>HDTV
Skryté titulky</text>
        <item>
          <description>Žánr</description>
          <name>sportovní magazín</name>
        </item>
      </extended_event_descriptor>
      <content_descriptor>
        <content content_nibble_level_1="4" content_nibble_level_2="2" user_byte="0x00"/>
      </content_descriptor>
      <parental_rating_descriptor>
        <country country_code="CZE" rating="0x00"/>
      </parental_rating_descriptor>
      <PDC_descriptor programme_identification_label="01-20 09:15"/>
      <component_descriptor stream_content="0x01" stream_content_ext="0x0F" component_type="0x03" component_tag="0x01" language_code="cze" text=""/>
      <component_descriptor stream_content="0x02" stream_content_ext="0x0F" component_type="0x03" component_tag="0x02" language_code="cze" text=""/>
      <component_descriptor stream_content="0x03" stream_content_ext="0x0F" component_type="0x01" component_tag="0x04" language_code="cze" text=""/>
      <component_descriptor stream_content="0x03" stream_content_ext="0x0F" component_type="0x02" component_tag="0x04" language_code="cze" text=""/>
    </event>
    <event event_id="0x4D26" start_time="2019-01-20 06:58:22" duration="00:11:38" running_status="undefined" CA_mode="false">
      <short_event_descriptor language_code="cze">
        <event_name>Svět motorů: Aktuálně</event_name>
        <text>Aktuality z domácího a světového motorsportu.</text>
      </short_event_descriptor>
      <extended_event_descriptor descriptor_number="0" last_descriptor_number="0" language_code="cze">
        <text>HDTV
Skryté titulky</text>
        <item>
          <description>Žánr</description>
          <name>sportovní magazín</name>
        </item>
      </extended_event_descriptor>
      <content_descriptor>
        <content content_nibble_level_1="4" content_nibble_level_2="2" user_byte="0x00"/>
      </content_descriptor>
      <parental_rating_descriptor>
        <country country_code="CZE" rating="0x00"/>
      </parental_rating_descriptor>
      <PDC_descriptor programme_identification_label="01-20 10:00"/>
      <component_descriptor stream_content="0x01" stream_content_ext="0x0F" component_type="0x03" component_tag="0x01" language_code="cze" text=""/>
      <component_descriptor stream_content="0x02" stream_content_ext="0x0F" component_type="0x03" component_tag="0x02" language_code="cze" text=""/>
      <component_descriptor stream_content="0x03" stream_content_ext="0x0F" component_type="0x01" component_tag="0x04" language_code="cze" text=""/>
      <component_descriptor stream_content="0x03" stream_content_ext="0x0F" component_type="0x02" component_tag="0x04" language_code="cze" text=""/>
    </event>
    <event event_id="0x4D31" start_time="2019-01-20 07:10:00" duration="00:35:00" running_status="undefined" CA_mode="false">
      <short_event_descriptor language_code="cze">
        <event_name>Panorama</event_name>
        <text>Živě. Aktuální povětrnostní zpravodajství prostřednictvím panoramatických kamer.</text>
      </short_event_descriptor>
      <extended_event_descriptor descriptor_number="0" last_descriptor_number="0" language_code="cze">
        <text>16:9</text>
        <item>
          <description>Žánr</description>
          <name>zprávy, počasí</name>
        </item>
      </extended_event_descriptor>
      <content_descriptor>
        <content content_nibble_level_1="2" content_nibble_level_2="1" user_byte="0x00"/>
      </content_descriptor>
      <parental_rating_descriptor>
        <country country_code="CZE" rating="0x00"/>
      </parental_rating_descriptor>
      <PDC_descriptor programme_identification_label="01-20 08:40"/>
      <component_descriptor stream_content="0x01" stream_content_ext="0x0F" component_type="0x03" component_tag="0x01" language_code="cze" text=""/>
      <component_descriptor stream_content="0x02" stream_content_ext="0x0F" component_type="0x03" component_tag="0x02" language_code="cze" text=""/>
      <component_descriptor stream_content="0x03" stream_content_ext="0x0F" component_type="0x02" component_tag="0x04" language_code="cze" text=""/>
    </event>
    <event event_id="0x4D4A" start_time="2019-01-20 07:45:00" duration="01:30:00" running_status="undefined" CA_mode="false">
      <short_event_descriptor language_code="cze">
        <event_name>Biatlon: SP Německo</event_name>
        <text>Záznam štafety žen na 4 x 6 km z německého Ruhpoldingu.</text>
      </short_event_descriptor>
      <extended_event_descriptor descriptor_number="0" last_descriptor_number="0" language_code="cze">
        <text>HDTV
Skryté titulky</text>
        <item>
          <description>Repríza</description>
          <name>ČT sport 22.1. 23:25</name>
        </item>
        <item>
          <description>Žánr</description>
          <name>významná sportovní událost</name>
        </item>
      </extended_event_descriptor>
      <content_descriptor>
        <content content_nibble_level_1="4" content_nibble_level_2="1" user_byte="0x00"/>
      </content_descriptor>
      <parental_rating_descriptor>
        <country country_code="CZE" rating="0x00"/>
      </parental_rating_descriptor>
      <PDC_descriptor programme_identification_label="01-20 07:15"/>
      <component_descriptor stream_content="0x01" stream_content_ext="0x0F" component_type="0x03" component_tag="0x01" language_code="cze" text=""/>
      <component_descriptor stream_content="0x02" stream_content_ext="0x0F" component_type="0x03" component_tag="0x02" language_code="cze" text=""/>
      <component_descriptor stream_content="0x03" stream_content_ext="0x0F" component_type="0x01" component_tag="0x04" language_code="cze" text=""/>
      <component_descriptor stream_content="0x03" stream_content_ext="0x0F" component_type="0x02" component_tag="0x04" language_code="cze" text=""/>
    </event>
    <event event_id="0x4D8A" start_time="2019-01-20 09:15:00" duration="00:05:39" running_status="undefined" CA_mode="false">
      <short_event_descriptor language_code="cze">
        <event_name>Československé sportovní století</event_name>
        <text>Tenis
Připomenutí největších úspěchů československých sportovců na evropských a světových šampionátech a olympijských hrách.</text>
      </short_event_descriptor>
      <extended_event_descriptor descriptor_number="0" last_descriptor_number="0" language_code="cze">
        <text>HDTV</text>
        <item>
          <description>Žánr</description>
          <name>sportovní magazín</name>
        </item>
      </extended_event_descriptor>
      <component_descriptor stream_content="0x05" stream_content_ext="0x0F" component_type="0x0B" component_tag="0x01" language_code="cze" text=""/>
      <component_descriptor stream_content="0x02" stream_content_ext="0x0F" component_type="0x03" component_tag="0x02" language_code="cze" text=""/>
      <content_descriptor>
        <content content_nibble_level_1="4" content_nibble_level_2="2" user_byte="0x00"/>
      </content_descriptor>
      <parental_rating_descriptor>
        <country country_code="CZE" rating="0x00"/>
      </parental_rating_descriptor>
      <PDC_descriptor programme_identification_label="01-20 10:14"/>
    </event>
    <event event_id="0x4D8E" start_time="2019-01-20 09:20:39" duration="00:29:21" running_status="undefined" CA_mode="false">
      <short_event_descriptor language_code="cze">
        <event_name>Archiv D: Hana Mandlíková</event_name>
        <text>Medailon z roku 1982, kdy tehdy dvacetiletá tenistka měla už za sebou velké úspěchy v nejprestižnějších světových turnajích.</text>
      </short_event_descriptor>
      <extended_event_descriptor descriptor_number="0" last_descriptor_number="0" language_code="cze">
        <text>HDTV
Skryté titulky</text>
        <item>
          <description>Repríza</description>
          <name>ČT sport 23.1. 8:55</name>
        </item>
        <item>
          <description>Žánr</description>
          <name>sport</name>
        </item>
      </extended_event_descriptor>
      <component_descriptor stream_content="0x05" stream_content_ext="0x0F" component_type="0x0B" component_tag="0x01" language_code="cze" text=""/>
      <component_descriptor stream_content="0x02" stream_content_ext="0x0F" component_type="0x03" component_tag="0x02" language_code="cze" text=""/>
      <component_descriptor stream_content="0x03" stream_content_ext="0x0F" component_type="0x01" component_tag="0x04" language_code="cze" text=""/>
      <content_descriptor>
        <content content_nibble_level_1="4" content_nibble_level_2="0" user_byte="0x00"/>
      </content_descriptor>
      <parental_rating_descriptor>
        <country country_code="CZE" rating="0x00"/>
      </parental_rating_descriptor>
      <PDC_descriptor programme_identification_label="01-20 10:20"/>
    </event>
    <event event_id="0x4DA2" start_time="2019-01-20 09:50:00" duration="00:20:00" running_status="undefined" CA_mode="false">
      <short_event_descriptor language_code="cze">
        <event_name>Panorama</event_name>
        <text>Živě. Aktuální povětrnostní zpravodajství prostřednictvím panoramatických kamer.</text>
      </short_event_descriptor>
      <extended_event_descriptor descriptor_number="0" last_descriptor_number="0" language_code="cze">
        <text>16:9</text>
        <item>
          <description>Žánr</description>
          <name>zprávy, počasí</name>
        </item>
      </extended_event_descriptor>
      <component_descriptor stream_content="0x01" stream_content_ext="0x0F" component_type="0x03" component_tag="0x01" language_code="cze" text=""/>
      <component_descriptor stream_content="0x02" stream_content_ext="0x0F" component_type="0x03" component_tag="0x02" language_code="cze" text=""/>
      <content_descriptor>
        <content content_nibble_level_1="2" content_nibble_level_2="1" user_byte="0x00"/>
      </content_descriptor>
      <parental_rating_descriptor>
        <country country_code="CZE" rating="0x00"/>
      </parental_rating_descriptor>
      <PDC_descriptor programme_identification_label="01-20 10:50"/>
    </event>
    <event event_id="0x4DB2" start_time="2019-01-20 10:10:00" duration="01:08:00" running_status="undefined" CA_mode="false">
      <short_event_descriptor language_code="cze">
        <event_name>Alpské lyžování: SP Itálie</event_name>
        <text>Živě. Přímý přenos Super G žen z Cortiny d'Ampezzo.</text>
      </short_event_descriptor>
      <extended_event_descriptor descriptor_number="0" last_descriptor_number="0" language_code="cze">
        <text>HDTV
Skryté titulky</text>
        <item>
          <description>Repríza</description>
          <name>ČT sport 21.1. 4:50, ČT sport 22.1. 9:45</name>
        </item>
        <item>
          <description>Žánr</description>
          <name>významná sportovní událost</name>
        </item>
      </extended_event_descriptor>
      <component_descriptor stream_content="0x05" stream_content_ext="0x0F" component_type="0x0B" component_tag="0x01" language_code="cze" text=""/>
      <component_descriptor stream_content="0x02" stream_content_ext="0x0F" component_type="0x03" component_tag="0x02" language_code="cze" text=""/>
      <component_descriptor stream_content="0x03" stream_content_ext="0x0F" component_type="0x01" component_tag="0x04" language_code="cze" text=""/>
      <content_descriptor>
        <content content_nibble_level_1="4" content_nibble_level_2="1" user_byte="0x00"/>
      </content_descriptor>
      <parental_rating_descriptor>
        <country country_code="CZE" rating="0x00"/>
      </parental_rating_descriptor>
      <PDC_descriptor programme_identification_label="01-20 11:10"/>
    </event>
    <event event_id="0x4DE0" start_time="2019-01-20 11:15:00" duration="01:00:00" running_status="undefined" CA_mode="false">
      <short_event_descriptor language_code="cze">
        <event_name>Biatlon: SP Německo</event_name>
        <text>Živě. Přímý přenos závodu mužů s hromadným startem na 15 km z německého Ruhpoldingu.</text>
      </short_event_descriptor>
      <extended_event_descriptor descriptor_number="0" last_descriptor_number="0" language_code="cze">
        <text>HDTV
Skryté titulky</text>
        <item>
          <description>Repríza</description>
          <name>ČT sport 21.1. 0:35, ČT sport 21.1. 14:55</name>
        </item>
        <item>
          <description>Žánr</description>
          <name>významná sportovní událost</name>
        </item>
      </extended_event_descriptor>
      <component_descriptor stream_content="0x05" stream_content_ext="0x0F" component_type="0x0B" component_tag="0x01" language_code="cze" text=""/>
      <component_descriptor stream_content="0x02" stream_content_ext="0x0F" component_type="0x03" component_tag="0x02" language_code="cze" text=""/>
      <component_descriptor stream_content="0x03" stream_content_ext="0x0F" component_type="0x01" component_tag="0x04" language_code="cze" text=""/>
      <content_descriptor>
        <content content_nibble_level_1="4" content_nibble_level_2="1" user_byte="0x00"/>
      </content_descriptor>
      <parental_rating_descriptor>
        <country country_code="CZE" rating="0x00"/>
      </parental_rating_descriptor>
      <PDC_descriptor programme_identification_label="01-20 12:15"/>
    </event>
    <event event_id="0x4E0B" start_time="2019-01-20 12:15:00" duration="00:15:00" running_status="undefined" CA_mode="false">
      <short_event_descriptor language_code="cze">
        <event_name>S ČT sport na vrchol aneb nová energie českého lyžování</event_name>
        <text>Devátá řada unikátní reality show pro amatérské lyžaře.</text>
      </short_event_descriptor>
      <extended_event_descriptor descriptor_number="0" last_descriptor_number="0" language_code="cze">
        <text>HDTV
Skryté titulky</text>
        <item>
          <description>Repríza</description>
          <name>ČT sport 21.1. 16:40</name>
        </item>
        <item>
          <description>Žánr</description>
          <name>sportovní magazín</name>
        </item>
      </extended_event_descriptor>
      <component_descriptor stream_content="0x05" stream_content_ext="0x0F" component_type="0x0B" component_tag="0x01" language_code="cze" text=""/>
      <component_descriptor stream_content="0x02" stream_content_ext="0x0F" component_type="0x03" component_tag="0x02" language_code="cze" text=""/>
      <component_descriptor stream_content="0x03" stream_content_ext="0x0F" component_type="0x01" component_tag="0x04" language_code="cze" text=""/>
      <content_descriptor>
        <content content_nibble_level_1="4" content_nibble_level_2="2" user_byte="0x00"/>
      </content_descriptor>
      <parental_rating_descriptor>
        <country country_code="CZE" rating="0x00"/>
      </parental_rating_descriptor>
      <PDC_descriptor programme_identification_label="01-20 13:15"/>
    </event>
    <event event_id="0x4E15" start_time="2019-01-20 12:30:00" duration="00:55:20" running_status="undefined" CA_mode="false">
      <short_event_descriptor language_code="cze">
        <event_name>Cyklokros: SP Francie</event_name>
        <text>Živě. Přímý přenos závodu žen z francouzského Pont-Chateau.</text>
      </short_event_descriptor>
      <extended_event_descriptor descriptor_number="0" last_descriptor_number="0" language_code="cze">
        <text>HDTV
Skryté titulky</text>
        <item>
          <description>Repríza</description>
          <name>ČT sport 21.1. 12:55</name>
        </item>
        <item>
          <description>Žánr</description>
          <name>sport</name>
        </item>
      </extended_event_descriptor>
      <component_descriptor stream_content="0x05" stream_content_ext="0x0F" component_type="0x0B" component_tag="0x01" language_code="cze" text=""/>
      <component_descriptor stream_content="0x02" stream_content_ext="0x0F" component_type="0x03" component_tag="0x02" language_code="cze" text=""/>
      <component_descriptor stream_content="0x03" stream_content_ext="0x0F" component_type="0x01" component_tag="0x04" language_code="cze" text=""/>
      <content_descriptor>
        <content content_nibble_level_1="4" content_nibble_level_2="0" user_byte="0x00"/>
      </content_descriptor>
      <parental_rating_descriptor>
        <country country_code="CZE" rating="0x00"/>
      </parental_rating_descriptor>
      <PDC_descriptor programme_identification_label="01-20 13:30"/>
    </event>
    <event event_id="0x4E40" start_time="2019-01-20 13:30:00" duration="01:05:00" running_status="undefined" CA_mode="false">
      <short_event_descriptor language_code="cze">
        <event_name>Biatlon: SP Německo</event_name>
        <text>Živě. Přímý přenos závodu žen s hromadným startem na 12,5 km z německého Ruhpoldingu.</text>
      </short_event_descriptor>
      <extended_event_descriptor descriptor_number="0" last_descriptor_number="0" language_code="cze">
        <text>HDTV
Skryté titulky</text>
        <item>
          <description>Repríza</description>
          <name>ČT sport 21.1. 1:20, ČT sport 21.1. 15:40</name>
        </item>
        <item>
          <description>Žánr</description>
          <name>významná sportovní událost</name>
        </item>
      </extended_event_descriptor>
      <component_descriptor stream_content="0x05" stream_content_ext="0x0F" component_type="0x0B" component_tag="0x01" language_code="cze" text=""/>
      <component_descriptor stream_content="0x02" stream_content_ext="0x0F" component_type="0x03" component_tag="0x02" language_code="cze" text=""/>
      <component_descriptor stream_content="0x03" stream_content_ext="0x0F" component_type="0x01" component_tag="0x04" language_code="cze" text=""/>
      <content_descriptor>
        <content content_nibble_level_1="4" content_nibble_level_2="1" user_byte="0x00"/>
      </content_descriptor>
      <parental_rating_descriptor>
        <country country_code="CZE" rating="0x00"/>
      </parental_rating_descriptor>
      <PDC_descriptor programme_identification_label="01-20 14:30"/>
    </event>
    <event event_id="0x4E6D" start_time="2019-01-20 14:35:00" duration="00:20:00" running_status="undefined" CA_mode="false">
      <short_event_descriptor language_code="cze">
        <event_name>Čtyřka sport</event_name>
        <text>Pohled do zákulisí sportovního vysílání, rozhovory se zajímavými osobnostmi a pozvánka k obrazovce programu ČT sport.</text>
      </short_event_descriptor>
      <extended_event_descriptor descriptor_number="0" last_descriptor_number="0" language_code="cze">
        <text>HDTV
Znakový jazyk
Zvukový popis</text>
        <item>
          <description>Repríza</description>
          <name>ČT sport 21.1. 4:20, ČT sport 22.1. 5:00</name>
        </item>
        <item>
          <description>Žánr</description>
          <name>sportovní magazín</name>
        </item>
      </extended_event_descriptor>
      <component_descriptor stream_content="0x05" stream_content_ext="0x0F" component_type="0x0B" component_tag="0x01" language_code="cze" text=""/>
      <component_descriptor stream_content="0x02" stream_content_ext="0x0F" component_type="0x03" component_tag="0x02" language_code="cze" text=""/>
      <component_descriptor stream_content="0x03" stream_content_ext="0x0F" component_type="0x30" component_tag="0x01" language_code="cze" text=""/>
      <component_descriptor stream_content="0x02" stream_content_ext="0x0F" component_type="0x40" component_tag="0x07" language_code="cze" text=""/>
      <content_descriptor>
        <content content_nibble_level_1="4" content_nibble_level_2="2" user_byte="0x00"/>
      </content_descriptor>
      <parental_rating_descriptor>
        <country country_code="CZE" rating="0x00"/>
      </parental_rating_descriptor>
      <PDC_descriptor programme_identification_label="01-20 15:35"/>
    </event>
    <event event_id="0x4E7C" start_time="2019-01-20 14:55:00" duration="02:00:00" running_status="undefined" CA_mode="false">
      <short_event_descriptor language_code="cze">
        <event_name>Skoky na lyžích: SP Polsko</event_name>
        <text>Živě. Přímý přenos závodu jednotlivců z polského Zakopané.</text>
      </short_event_descriptor>
      <extended_event_descriptor descriptor_number="0" last_descriptor_number="0" language_code="cze">
        <text>HDTV
Skryté titulky</text>
        <item>
          <description>Repríza</description>
          <name>ČT sport 21.1. 2:25, ČT sport 22.1. 14:40</name>
        </item>
        <item>
          <description>Žánr</description>
          <name>významná sportovní událost</name>
        </item>
      </extended_event_descriptor>
      <component_descriptor stream_content="0x05" stream_content_ext="0x0F" component_type="0x0B" component_tag="0x01" language_code="cze" text=""/>
      <component_descriptor stream_content="0x02" stream_content_ext="0x0F" component_type="0x03" component_tag="0x02" language_code="cze" text=""/>
      <component_descriptor stream_content="0x03" stream_content_ext="0x0F" component_type="0x01" component_tag="0x04" language_code="cze" text=""/>
      <content_descriptor>
        <content content_nibble_level_1="4" content_nibble_level_2="1" user_byte="0x00"/>
      </content_descriptor>
      <parental_rating_descriptor>
        <country country_code="CZE" rating="0x00"/>
      </parental_rating_descriptor>
      <PDC_descriptor programme_identification_label="01-20 15:55"/>
    </event>
    <event event_id="0x4ED1" start_time="2019-01-20 16:55:00" duration="01:40:00" running_status="undefined" CA_mode="false">
      <short_event_descriptor language_code="cze">
        <event_name>MS 2019 Německo, Dánsko, Házená: Brazílie - Chorvatsko</event_name>
        <text>Živě. Přímý přenos utkání ze světového šampionátu v házené.</text>
      </short_event_descriptor>
      <extended_event_descriptor descriptor_number="0" last_descriptor_number="0" language_code="cze">
        <text>HDTV
Skryté titulky</text>
        <item>
          <description>Žánr</description>
          <name>sport</name>
        </item>
      </extended_event_descriptor>
      <component_descriptor stream_content="0x05" stream_content_ext="0x0F" component_type="0x0B" component_tag="0x01" language_code="cze" text=""/>
      <component_descriptor stream_content="0x02" stream_content_ext="0x0F" component_type="0x03" component_tag="0x02" language_code="cze" text=""/>
      <component_descriptor stream_content="0x03" stream_content_ext="0x0F" component_type="0x01" component_tag="0x04" language_code="cze" text=""/>
      <content_descriptor>
        <content content_nibble_level_1="4" content_nibble_level_2="0" user_byte="0x00"/>
      </content_descriptor>
      <parental_rating_descriptor>
        <country country_code="CZE" rating="0x00"/>
      </parental_rating_descriptor>
      <PDC_descriptor programme_identification_label="01-20 17:55"/>
    </event>
    <event event_id="0x4F18" start_time="2019-01-20 18:35:00" duration="00:50:00" running_status="undefined" CA_mode="false">
      <short_event_descriptor language_code="cze">
        <event_name>Boby: SP Rakousko</event_name>
        <text>Záznam 1. jízdy čtyřbobu mužů z rakouského Innsbrucku.</text>
      </short_event_descriptor>
      <extended_event_descriptor descriptor_number="0" last_descriptor_number="0" language_code="cze">
        <text>HDTV
Skryté titulky</text>
        <item>
          <description>Žánr</description>
          <name>významná sportovní událost</name>
        </item>
      </extended_event_descriptor>
      <component_descriptor stream_content="0x05" stream_content_ext="0x0F" component_type="0x0B" component_tag="0x01" language_code="cze" text=""/>
      <component_descriptor stream_content="0x02" stream_content_ext="0x0F" component_type="0x03" component_tag="0x02" language_code="cze" text=""/>
      <component_descriptor stream_content="0x03" stream_content_ext="0x0F" component_type="0x01" component_tag="0x04" language_code="cze" text=""/>
      <content_descriptor>
        <content content_nibble_level_1="4" content_nibble_level_2="1" user_byte="0x00"/>
      </content_descriptor>
      <parental_rating_descriptor>
        <country country_code="CZE" rating="0x00"/>
      </parental_rating_descriptor>
      <PDC_descriptor programme_identification_label="01-20 19:35"/>
    </event>
    <event event_id="0x4F3C" start_time="2019-01-20 19:25:00" duration="01:40:00" running_status="undefined" CA_mode="false">
      <short_event_descriptor language_code="cze">
        <event_name>MS 2019 Německo, Dánsko, Házená: Island - Francie</event_name>
        <text>Živě. Přímý přenos utkání ze světového šampionátu v házené.</text>
      </short_event_descriptor>
      <extended_event_descriptor descriptor_number="0" last_descriptor_number="0" language_code="cze">
        <text>HDTV
Skryté titulky</text>
        <item>
          <description>Žánr</description>
          <name>sport</name>
        </item>
      </extended_event_descriptor>
      <component_descriptor stream_content="0x05" stream_content_ext="0x0F" component_type="0x0B" component_tag="0x01" language_code="cze" text=""/>
      <component_descriptor stream_content="0x02" stream_content_ext="0x0F" component_type="0x03" component_tag="0x02" language_code="cze" text=""/>
      <component_descriptor stream_content="0x03" stream_content_ext="0x0F" component_type="0x01" component_tag="0x04" language_code="cze" text=""/>
      <content_descriptor>
        <content content_nibble_level_1="4" content_nibble_level_2="0" user_byte="0x00"/>
      </content_descriptor>
      <parental_rating_descriptor>
        <country country_code="CZE" rating="0x00"/>
      </parental_rating_descriptor>
      <PDC_descriptor programme_identification_label="01-20 20:25"/>
    </event>
    <event event_id="0x4F82" start_time="2019-01-20 21:05:00" duration="00:20:00" running_status="undefined" CA_mode="false">
      <short_event_descriptor language_code="cze">
        <event_name>Sportovní zprávy</event_name>
        <text>Živě. Aktuální informace ze světa sportu.</text>
      </short_event_descriptor>
      <extended_event_descriptor descriptor_number="0" last_descriptor_number="0" language_code="cze">
        <text>HDTV
Skryté titulky</text>
        <item>
          <description>Žánr</description>
          <name>sportovní magazín</name>
        </item>
      </extended_event_descriptor>
      <component_descriptor stream_content="0x05" stream_content_ext="0x0F" component_type="0x0B" component_tag="0x01" language_code="cze" text=""/>
      <component_descriptor stream_content="0x02" stream_content_ext="0x0F" component_type="0x03" component_tag="0x02" language_code="cze" text=""/>
      <component_descriptor stream_content="0x03" stream_content_ext="0x0F" component_type="0x01" component_tag="0x04" language_code="cze" text=""/>
      <content_descriptor>
        <content content_nibble_level_1="4" content_nibble_level_2="2" user_byte="0x00"/>
      </content_descriptor>
      <parental_rating_descriptor>
        <country country_code="CZE" rating="0x00"/>
      </parental_rating_descriptor>
      <PDC_descriptor programme_identification_label="01-20 22:05"/>
    </event>
    <event event_id="0x4F92" start_time="2019-01-20 21:25:00" duration="00:50:20" running_status="undefined" CA_mode="false">
      <short_event_descriptor language_code="cze">
        <event_name>Boby: SP Rakousko</event_name>
        <text>Záznam 2. jízdy čtyřbobu mužů z rakouského Innsbrucku.</text>
      </short_event_descriptor>
      <extended_event_descriptor descriptor_number="0" last_descriptor_number="0" language_code="cze">
        <text>HDTV
Skryté titulky</text>
        <item>
          <description>Repríza</description>
          <name>ČT sport 21.1. 6:50</name>
        </item>
        <item>
          <description>Žánr</description>
          <name>významná sportovní událost</name>
        </item>
      </extended_event_descriptor>
      <component_descriptor stream_content="0x05" stream_content_ext="0x0F" component_type="0x0B" component_tag="0x01" language_code="cze" text=""/>
      <component_descriptor stream_content="0x02" stream_content_ext="0x0F" component_type="0x03" component_tag="0x02" language_code="cze" text=""/>
      <component_descriptor stream_content="0x03" stream_content_ext="0x0F" component_type="0x01" component_tag="0x04" language_code="cze" text=""/>
      <content_descriptor>
        <content content_nibble_level_1="4" content_nibble_level_2="1" user_byte="0x00"/>
      </content_descriptor>
      <parental_rating_descriptor>
        <country country_code="CZE" rating="0x00"/>
      </parental_rating_descriptor>
      <PDC_descriptor programme_identification_label="01-20 22:25"/>
    </event>
    <event event_id="0x4FB5" start_time="2019-01-20 22:15:20" duration="01:21:34" running_status="undefined" CA_mode="false">
      <short_event_descriptor language_code="cze">
        <event_name>Cyklokros: SP Francie</event_name>
        <text>Záznam závodu mužů z francouzského Pont-Chateau.</text>
      </short_event_descriptor>
      <extended_event_descriptor descriptor_number="0" last_descriptor_number="0" language_code="cze">
        <text>HDTV
Skryté titulky</text>
        <item>
          <description>Repríza</description>
          <name>ČT sport 22.1. 13:20</name>
        </item>
        <item>
          <description>Žánr</description>
          <name>sport</name>
        </item>
      </extended_event_descriptor>
      <component_descriptor stream_content="0x05" stream_content_ext="0x0F" component_type="0x0B" component_tag="0x01" language_code="cze" text=""/>
      <component_descriptor stream_content="0x02" stream_content_ext="0x0F" component_type="0x03" component_tag="0x02" language_code="cze" text=""/>
      <component_descriptor stream_content="0x03" stream_content_ext="0x0F" component_type="0x01" component_tag="0x04" language_code="cze" text=""/>
      <content_descriptor>
        <content content_nibble_level_1="4" content_nibble_level_2="0" user_byte="0x00"/>
      </content_descriptor>
      <parental_rating_descriptor>
        <country country_code="CZE" rating="0x00"/>
      </parental_rating_descriptor>
      <PDC_descriptor programme_identification_label="01-20 23:15"/>
    </event>
    <event event_id="0x4FEE" start_time="2019-01-20 23:36:54" duration="00:49:04" running_status="undefined" CA_mode="false">
      <short_event_descriptor language_code="cze">
        <event_name>Biatlon: SP Německo</event_name>
        <text>Záznam závodu mužů s hromadným startem na 15 km z německého Ruhpoldingu.</text>
      </short_event_descriptor>
      <extended_event_descriptor descriptor_number="0" last_descriptor_number="0" language_code="cze">
        <text>HDTV
Skryté titulky</text>
        <item>
          <description>Repríza</description>
          <name>ČT sport 21.1. 14:55</name>
        </item>
        <item>
          <description>Žánr</description>
          <name>významná sportovní událost</name>
        </item>
      </extended_event_descriptor>
      <component_descriptor stream_content="0x05" stream_content_ext="0x0F" component_type="0x0B" component_tag="0x01" language_code="cze" text=""/>
      <component_descriptor stream_content="0x02" stream_content_ext="0x0F" component_type="0x03" component_tag="0x02" language_code="cze" text=""/>
      <component_descriptor stream_content="0x03" stream_content_ext="0x0F" component_type="0x01" component_tag="0x04" language_code="cze" text=""/>
      <content_descriptor>
        <content content_nibble_level_1="4" content_nibble_level_2="1" user_byte="0x00"/>
      </content_descriptor>
      <parental_rating_descriptor>
        <country country_code="CZE" rating="0x00"/>
      </parental_rating_descriptor>
      <PDC_descriptor programme_identification_label="01-21 00:35"/>
    </event>
  </EIT>
  <EIT type="0" version="4" current="true" actual="true" service_id="0x0108" transport_stream_id="0x0111" original_network_id="0x20CB" last_table_id="0x50">
    <!-- PID 0x0012 (18) -->
    <event event_id="0x4AC2" start_time="2019-01-19 16:30:40" duration="00:42:04" running_status="undefined" CA_mode="false">
      <short_event_descriptor language_code="cze">
        <event_name>MasterChef Junior</event_name>
        <text>3/7 Světově proslulá kuchařská soutěž, přísný Gordon Ramsay jako jeden z porotců, a fenomenální kulinářské talenty ve věku 8 až 13 let. Americký seriál.</text>
      </short_event_descriptor>
      <extended_event_descriptor descriptor_number="0" last_descriptor_number="2" language_code="cze">
        <text>HDTV
2 jazykové verze
Skryté titulky
Deset úžasných dětských kuchařů čeká další dobrodružství v kuchyni MasterChefa. Hned na začátku svedou vítězové minulého kola š</text>
        <item>
          <description>Repríza</description>
          <name>ČT :D 20.1. 15:35</name>
        </item>
        <item>
          <description>Žánr</description>
          <name>pořad pro Děti / mládež</name>
        </item>
      </extended_event_descriptor>
      <extended_event_descriptor descriptor_number="1" last_descriptor_number="2" language_code="cze">
        <text>lehačkovou bitvu, během které nezůstanou ušetření ani porotci! Vítěz dostane zajímavou taktickou výhodu do dalšího klání. Na soutěžící potom čeká jejich první týmová soutěž, pro kterou porotci vybrali nečekaně těžké za</text>
      </extended_event_descriptor>
      <extended_event_descriptor descriptor_number="2" last_descriptor_number="2" language_code="cze">
        <text>dání: připravit jídlo, které proslavil sám Gordon Ramsay - proslulou hovězí svíčkovou Wellington. Dvojice kulinářských adeptů si sáhnou na dno svých sil, ale ani to nezachrání před odchodem ze soutěže další dva z nich.</text>
      </extended_event_descriptor>
      <component_descriptor stream_content="0x05" stream_content_ext="0x0F" component_type="0x0B" component_tag="0x01" language_code="cze" text=""/>
      <component_descriptor stream_content="0x02" stream_content_ext="0x0F" component_type="0x02" component_tag="0x02" language_code="cze" text=""/>
      <component_descriptor stream_content="0x03" stream_content_ext="0x0F" component_type="0x01" component_tag="0x04" language_code="cze" text=""/>
      <content_descriptor>
        <content content_nibble_level_1="5" content_nibble_level_2="0" user_byte="0x00"/>
      </content_descriptor>
      <parental_rating_descriptor>
        <country country_code="CZE" rating="0x00"/>
      </parental_rating_descriptor>
      <PDC_descriptor programme_identification_label="01-19 17:30"/>
    </event>
    <event event_id="0x4AE1" start_time="2019-01-19 17:12:44" duration="00:27:16" running_status="undefined" CA_mode="false">
      <short_event_descriptor language_code="cze">
        <event_name>Šmoulové</event_name>
        <text>Animovaný seriál o modrých skřítcích, kteří prošli vítězně celým světem.</text>
      </short_event_descriptor>
      <extended_event_descriptor descriptor_number="0" last_descriptor_number="0" language_code="cze">
        <text>HDTV
Skryté titulky</text>
        <item>
          <description>Repríza</description>
          <name>ČT :D 26.1. 14:15</name>
        </item>
        <item>
          <description>Žánr</description>
          <name>animovaný / loutkový</name>
        </item>
      </extended_event_descriptor>
      <component_descriptor stream_content="0x05" stream_content_ext="0x0F" component_type="0x0B" component_tag="0x01" language_code="cze" text=""/>
      <component_descriptor stream_content="0x02" stream_content_ext="0x0F" component_type="0x03" component_tag="0x02" language_code="cze" text=""/>
      <component_descriptor stream_content="0x03" stream_content_ext="0x0F" component_type="0x01" component_tag="0x04" language_code="cze" text=""/>
      <content_descriptor>
        <content content_nibble_level_1="5" content_nibble_level_2="5" user_byte="0x00"/>
      </content_descriptor>
      <parental_rating_descriptor>
        <country country_code="CZE" rating="0x00"/>
      </parental_rating_descriptor>
      <PDC_descriptor programme_identification_label="01-19 18:10"/>
    </event>
    <event event_id="0x4AF2" start_time="2019-01-19 17:40:00" duration="00:05:00" running_status="undefined" CA_mode="false">
      <short_event_descriptor language_code="cze">
        <event_name>Zprávičky</event_name>
        <text></text>
      </short_event_descriptor>
      <extended_event_descriptor descriptor_number="0" last_descriptor_number="0" language_code="cze">
        <text>HDTV</text>
        <item>
          <description>Žánr</description>
          <name>vzdělávací pořad pro děti</name>
        </item>
      </extended_event_descriptor>
      <component_descriptor stream_content="0x05" stream_content_ext="0x0F" component_type="0x0B" component_tag="0x01" language_code="cze" text=""/>
      <component_descriptor stream_content="0x02" stream_content_ext="0x0F" component_type="0x03" component_tag="0x02" language_code="cze" text=""/>
      <content_descriptor>
        <content content_nibble_level_1="5" content_nibble_level_2="4" user_byte="0x00"/>
      </content_descriptor>
      <parental_rating_descriptor>
        <country country_code="CZE" rating="0x00"/>
      </parental_rating_descriptor>
      <PDC_descriptor programme_identification_label="01-19 18:40"/>
    </event>
    <event event_id="0x4AF5" start_time="2019-01-19 17:45:00" duration="00:06:49" running_status="undefined" CA_mode="false">
      <short_event_descriptor language_code="cze">
        <event_name>O krtkovi, Večerníček</event_name>
        <text></text>
      </short_event_descriptor>
      <extended_event_descriptor descriptor_number="0" last_descriptor_number="0" language_code="cze">
        <text>4:3</text>
        <item>
          <description>Žánr</description>
          <name>animovaný / loutkový</name>
        </item>
      </extended_event_descriptor>
      <component_descriptor stream_content="0x01" stream_content_ext="0x0F" component_type="0x01" component_tag="0x01" language_code="cze" text=""/>
      <component_descriptor stream_content="0x02" stream_content_ext="0x0F" component_type="0x03" component_tag="0x02" language_code="cze" text=""/>
      <content_descriptor>
        <content content_nibble_level_1="5" content_nibble_level_2="5" user_byte="0x00"/>
      </content_descriptor>
      <parental_rating_descriptor>
        <country country_code="CZE" rating="0x00"/>
      </parental_rating_descriptor>
      <PDC_descriptor programme_identification_label="01-19 18:45"/>
    </event>
    <event event_id="0x4AF9" start_time="2019-01-19 17:51:49" duration="00:23:17" running_status="undefined" CA_mode="false">
      <short_event_descriptor language_code="cze">
        <event_name>Sofie První</event_name>
        <text>8/25 Princeznou přes noc? Sofie to zvládne! Americký animovaný seriál.</text>
      </short_event_descriptor>
      <extended_event_descriptor descriptor_number="0" last_descriptor_number="0" language_code="cze">
        <text>HDTV
Skryté titulky</text>
        <item>
          <description>Žánr</description>
          <name>animovaný / loutkový</name>
        </item>
      </extended_event_descriptor>
      <component_descriptor stream_content="0x05" stream_content_ext="0x0F" component_type="0x0B" component_tag="0x01" language_code="cze" text=""/>
      <component_descriptor stream_content="0x02" stream_content_ext="0x0F" component_type="0x03" component_tag="0x02" language_code="cze" text=""/>
      <component_descriptor stream_content="0x03" stream_content_ext="0x0F" component_type="0x01" component_tag="0x04" language_code="cze" text=""/>
      <content_descriptor>
        <content content_nibble_level_1="5" content_nibble_level_2="5" user_byte="0x00"/>
      </content_descriptor>
      <parental_rating_descriptor>
        <country country_code="CZE" rating="0x00"/>
      </parental_rating_descriptor>
      <PDC_descriptor programme_identification_label="01-19 18:50"/>
    </event>
    <event event_id="0x4B0A" start_time="2019-01-19 18:15:06" duration="00:24:54" running_status="undefined" CA_mode="false">
      <short_event_descriptor language_code="cze">
        <event_name>Goofyho tlupa</event_name>
        <text>13/78 Starý dobrý Goofy se svými přáteli zažívá ta nejbláznivější dobrodružství. Seriál z dílny Walta Disneyho.</text>
      </short_event_descriptor>
      <extended_event_descriptor descriptor_number="0" last_descriptor_number="0" language_code="cze">
        <text>HDTV
Skryté titulky</text>
        <item>
          <description>Žánr</description>
          <name>animovaný / loutkový</name>
        </item>
      </extended_event_descriptor>
      <component_descriptor stream_content="0x05" stream_content_ext="0x0F" component_type="0x0B" component_tag="0x01" language_code="cze" text=""/>
      <component_descriptor stream_content="0x02" stream_content_ext="0x0F" component_type="0x03" component_tag="0x02" language_code="cze" text=""/>
      <component_descriptor stream_content="0x03" stream_content_ext="0x0F" component_type="0x01" component_tag="0x04" language_code="cze" text=""/>
      <content_descriptor>
        <content content_nibble_level_1="5" content_nibble_level_2="5" user_byte="0x00"/>
      </content_descriptor>
      <parental_rating_descriptor>
        <country country_code="CZE" rating="0x00"/>
      </parental_rating_descriptor>
      <PDC_descriptor programme_identification_label="01-19 19:15"/>
    </event>
    <event event_id="0x4B1C" start_time="2019-01-19 18:40:00" duration="00:08:32" running_status="undefined" CA_mode="false">
      <short_event_descriptor language_code="cze">
        <event_name>Máša a medvěd II</event_name>
        <text>Malinkatá holčička a její dobrácký huňatý společník v ruském animovaném seriálu.</text>
      </short_event_descriptor>
      <extended_event_descriptor descriptor_number="0" last_descriptor_number="0" language_code="cze">
        <text>HDTV
Skryté titulky</text>
        <item>
          <description>Repríza</description>
          <name>ČT :D 20.1. 10:45</name>
        </item>
        <item>
          <description>Žánr</description>
          <name>animovaný / loutkový</name>
        </item>
      </extended_event_descriptor>
      <component_descriptor stream_content="0x05" stream_content_ext="0x0F" component_type="0x0B" component_tag="0x01" language_code="cze" text=""/>
      <component_descriptor stream_content="0x02" stream_content_ext="0x0F" component_type="0x03" component_tag="0x02" language_code="cze" text=""/>
      <component_descriptor stream_content="0x03" stream_content_ext="0x0F" component_type="0x01" component_tag="0x04" language_code="cze" text=""/>
      <content_descriptor>
        <content content_nibble_level_1="5" content_nibble_level_2="5" user_byte="0x00"/>
      </content_descriptor>
      <parental_rating_descriptor>
        <country country_code="CZE" rating="0x00"/>
      </parental_rating_descriptor>
      <PDC_descriptor programme_identification_label="01-19 19:40"/>
    </event>
    <event event_id="0x4B22" start_time="2019-01-19 18:48:32" duration="00:12:16" running_status="undefined" CA_mode="false">
      <short_event_descriptor language_code="cze">
        <event_name>Pat a Mat na venkově</event_name>
        <text></text>
      </short_event_descriptor>
      <extended_event_descriptor descriptor_number="0" last_descriptor_number="0" language_code="cze">
        <text>HDTV</text>
        <item>
          <description>Žánr</description>
          <name>animovaný / loutkový</name>
        </item>
      </extended_event_descriptor>
      <component_descriptor stream_content="0x05" stream_content_ext="0x0F" component_type="0x0B" component_tag="0x01" language_code="cze" text=""/>
      <component_descriptor stream_content="0x02" stream_content_ext="0x0F" component_type="0x03" component_tag="0x02" language_code="cze" text=""/>
      <content_descriptor>
        <content content_nibble_level_1="5" content_nibble_level_2="5" user_byte="0x00"/>
      </content_descriptor>
      <parental_rating_descriptor>
        <country country_code="CZE" rating="0x00"/>
      </parental_rating_descriptor>
      <PDC_descriptor programme_identification_label="01-19 19:45"/>
    </event>
    <event event_id="0x4B2C" start_time="2019-01-19 19:00:00" duration="00:20:00" running_status="undefined" CA_mode="false">
      <short_event_descriptor language_code="cze">
        <event_name>Události v kultuře</event_name>
        <text>Živě. Každodenní souhrn nejdůležitějšího a nejzajímavějšího dění v naší i světové kultuře.</text>
      </short_event_descriptor>
      <extended_event_descriptor descriptor_number="0" last_descriptor_number="0" language_code="cze">
        <text>HDTV
Zvukový popis
Skryté titulky</text>
        <item>
          <description>Repríza</description>
          <name>ČT24 19.1. 23:40, ČT art 20.1. 5:00</name>
        </item>
        <item>
          <description>Žánr</description>
          <name>zpravodajský pořad</name>
        </item>
      </extended_event_descriptor>
      <component_descriptor stream_content="0x05" stream_content_ext="0x0F" component_type="0x0B" component_tag="0x01" language_code="cze" text=""/>
      <component_descriptor stream_content="0x02" stream_content_ext="0x0F" component_type="0x03" component_tag="0x02" language_code="cze" text=""/>
      <component_descriptor stream_content="0x03" stream_content_ext="0x0F" component_type="0x01" component_tag="0x04" language_code="cze" text=""/>
      <component_descriptor stream_content="0x02" stream_content_ext="0x0F" component_type="0x40" component_tag="0x07" language_code="cze" text=""/>
      <content_descriptor>
        <content content_nibble_level_1="2" content_nibble_level_2="0" user_byte="0x00"/>
      </content_descriptor>
      <parental_rating_descriptor>
        <country country_code="CZE" rating="0x00"/>
      </parental_rating_descriptor>
      <PDC_descriptor programme_identification_label="01-19 20:00"/>
    </event>
    <event event_id="0x4B3B" start_time="2019-01-19 19:20:00" duration="01:20:19" running_status="undefined" CA_mode="false">
      <short_event_descriptor language_code="cze">
        <event_name>Classic Prague Awards 2018</event_name>
        <text>Živě. Přímý přenos slavnostního udílení prestižních Cen klasické hudby za rok 2018 z Obecního domu v Praze. Účinkují: K. Gibišová, V. Jirsa, J. Vobořil, I. Klánský a J. Mráček. Hraje Filharmonie</text>
      </short_event_descriptor>
      <extended_event_descriptor descriptor_number="0" last_descriptor_number="5" language_code="cze">
        <text>Hradec Králové, dirigent P. Vronský. Uvádí J. Vejvoda. Režie A. Rezek.
HDTV
"O vítězích třetího ročníku cen klasické hudby Classic Prague Awards rozhodnou oborové poroty v čele s hlavní pětičlennou porotou o</text>
        <item>
          <description>Žánr</description>
          <name>klasická hudba</name>
        </item>
      </extended_event_descriptor>
      <extended_event_descriptor descriptor_number="1" last_descriptor_number="5" language_code="cze">
        <text>dborníků. Letos se sešlo přes sedmdesát přihlášek, přičemž dle pravidel platných je jich šedesát jedna napříč kategoriemi. Z těch porotci nominují ty nejimpozantnější umělce, nahrávky i hudební tělesa," uvedl ředitel sout</text>
      </extended_event_descriptor>
      <extended_event_descriptor descriptor_number="2" last_descriptor_number="5" language_code="cze">
        <text>ěže Jiří Besser.
Kromě tří nominačních kategorií, kam vedle celoživotního přínosu a talentu roku patří cena za propagaci české hudby v zahraničí, budou uděleny ceny v dalších soutěžních kategoriích, do kterých mohl kandid</text>
      </extended_event_descriptor>
      <extended_event_descriptor descriptor_number="3" last_descriptor_number="5" language_code="cze">
        <text>áta vedle poroty nominovat kdokoliv působící v oblasti kultury, kulturních institucí či médií.
Soutěžní i nesoutěžní kategorie zůstávají stejné jako v předchozích dvou ročnících. Shodné je i složení poroty, kterou tvoří </text>
      </extended_event_descriptor>
      <extended_event_descriptor descriptor_number="4" last_descriptor_number="5" language_code="cze">
        <text>sopranistka Gabriela Beňačková, houslový virtuos Václav Hudeček, klarinetista a pedagog Jiří Hlaváč, klavírista a pedagog Ivan Klánský a skladatel Ondřej Soukup.
Na předávání křišťálových trofejí s grafikou jedné z Janáčko</text>
      </extended_event_descriptor>
      <extended_event_descriptor descriptor_number="5" last_descriptor_number="5" language_code="cze">
        <text>vých partitur 19. ledna v Obecním domě vystoupí Filharmonie Hradec Králové pod taktovkou dirigenta Petra Vronského, houslista Jan Mráček a čtveřice talentovaných dětských hudebníků.</text>
      </extended_event_descriptor>
      <content_descriptor>
        <content content_nibble_level_1="6" content_nibble_level_2="2" user_byte="0x00"/>
      </content_descriptor>
      <parental_rating_descriptor>
        <country country_code="CZE" rating="0x00"/>
      </parental_rating_descriptor>
      <PDC_descriptor programme_identification_label="01-19 20:20"/>
      <component_descriptor stream_content="0x01" stream_content_ext="0x0F" component_type="0x03" component_tag="0x01" language_code="cze" text=""/>
      <component_descriptor stream_content="0x02" stream_content_ext="0x0F" component_type="0x03" component_tag="0x02" language_code="cze" text=""/>
      <component_descriptor stream_content="0x03" stream_content_ext="0x0F" component_type="0x02" component_tag="0x04" language_code="cze" text=""/>
    </event>
    <event event_id="0x4B71" start_time="2019-01-19 21:02:29" duration="02:00:42" running_status="undefined" CA_mode="false">
      <short_event_descriptor language_code="cze">
        <event_name>Povolání: reportér, Professione: reporter, Kino Art</event_name>
        <text>Válečný korespondent frustrovaný svou prací i osobním životem přijme identitu zemřelého pašeráka zbraní a snaží se pokračovat v obchodech. Koprodukční psychologické drama</text>
      </short_event_descriptor>
      <extended_event_descriptor descriptor_number="0" last_descriptor_number="6" language_code="cze">
        <text>(1975). Hrají: J. Nicholson, M. Schneiderová, J. Runacrová, I. Hendry, Ch. Mulvehill, S. Berkoff, A. Bia a další. Režie Michelangelo Antonioni (V původním znění s titulky).
HDTV
Válečný</text>
        <item>
          <description>Žánr</description>
          <name>klasické drama / historický film</name>
        </item>
        <item>
          <description>Věk</description>
          <name>15+</name>
        </item>
      </extended_event_descriptor>
      <extended_event_descriptor descriptor_number="1" last_descriptor_number="6" language_code="cze">
        <text> zpravodaj David Locke (Jack Nicholson) se v nejmenované africké zemi pokouší spojit s povstalci. Namísto nich najde v sousedním hotelovém pokoji mrtvého obchodníka, se kterým se dříve seznámil. David se díky podobnosti se zesnulým ro</text>
      </extended_event_descriptor>
      <extended_event_descriptor descriptor_number="2" last_descriptor_number="6" language_code="cze">
        <text>zhodne zfalšovat pasy a začít žít někoho jiného. Vydává se na schůzky podle jeho diáře do Londýna, Mnichova či Barcelony a zjišťuje, že jeho novou profesí je pašování zbraní povstalcům, které před pár dny hledal. Stíhá ho</text>
      </extended_event_descriptor>
      <extended_event_descriptor descriptor_number="3" last_descriptor_number="6" language_code="cze">
        <text> policie i dvojice zabijáků ve službách afrického diktátora, ale nejvíce ho pronásledují postavy z jeho minulosti: manželka a televizní producent. Davida při jeho zběsilém útěku od vyprázdněného života doprovází také mladá st</text>
      </extended_event_descriptor>
      <extended_event_descriptor descriptor_number="4" last_descriptor_number="6" language_code="cze">
        <text>udentka architektury (Maria Schneiderová), která ho motivuje dotáhnout věci až do hořkého konce.

Povolání: reportér patří k divácky nejvstřícnějším dílům z Antonioniho filmografie, přesto neztrácí nic z režisérova výrazné</text>
      </extended_event_descriptor>
      <extended_event_descriptor descriptor_number="5" last_descriptor_number="6" language_code="cze">
        <text>ho rukopisu. Podobně jako v jeho předešlých filmech hraje výraznou roli prostředí, které je v souladu s vnitřními stavy hrdinů - ať už jde o africkou poušť, botanickou zahradu nebo Gaudího ornamentální budovy. Snímek natáčel re</text>
      </extended_event_descriptor>
      <extended_event_descriptor descriptor_number="6" last_descriptor_number="6" language_code="cze">
        <text>žisér po anglické Zvětšenině (1966) a americkém Zabriskie Pointu (1970) taktéž mimo domovskou Itálii a znovu využil dobrodružnou zápletku pro vizuálně podmanivé přemítání nad křehkostí i bezvýchodností mezilidských vztahů.</text>
      </extended_event_descriptor>
      <content_descriptor>
        <content content_nibble_level_1="1" content_nibble_level_2="7" user_byte="0x00"/>
      </content_descriptor>
      <parental_rating_descriptor>
        <country country_code="CZE" rating="0x0C"/>
      </parental_rating_descriptor>
      <PDC_descriptor programme_identification_label="01-19 21:40"/>
      <component_descriptor stream_content="0x01" stream_content_ext="0x0F" component_type="0x03" component_tag="0x01" language_code="cze" text=""/>
      <component_descriptor stream_content="0x02" stream_content_ext="0x0F" component_type="0x03" component_tag="0x02" language_code="cze" text=""/>
      <component_descriptor stream_content="0x03" stream_content_ext="0x0F" component_type="0x02" component_tag="0x04" language_code="cze" text=""/>
    </event>
    <event event_id="0x4BCA" start_time="2019-01-19 23:03:11" duration="00:56:59" running_status="undefined" CA_mode="false">
      <short_event_descriptor language_code="cze">
        <event_name>The Killers - koncert z Royal Albert Hall</event_name>
        <text>Inspiraci čerpají od slavných britských kytarovek. Není divu, že američtí The Killers jsou oblíbenou koncertní kapelou především za Atlantikem.</text>
      </short_event_descriptor>
      <extended_event_descriptor descriptor_number="0" last_descriptor_number="2" language_code="cze">
        <text>HDTV
Záznam vystoupení The Killers v Royal Albert Hall vznikl během natáčení dvou vystoupení v červenci 2009. Zachycuje nejúspěšnější období kapely, po vydání tří alb Hot Fuss (2004), </text>
        <item>
          <description>Repríza</description>
          <name>ČT art 24.1. 1:35</name>
        </item>
        <item>
          <description>Žánr</description>
          <name>rock / pop</name>
        </item>
      </extended_event_descriptor>
      <extended_event_descriptor descriptor_number="1" last_descriptor_number="2" language_code="cze">
        <text>Sam's Town (2006) a Day &amp; Age (2008). Ačkoliv The Killers pocházejí z americké Nevady, největšího úspěchu dosáhli ve Velké Británii. Na ostrovech kdysi uskutečnili své první turné a právě tady byli vyhlášeni nejlepší zahraničn</text>
      </extended_event_descriptor>
      <extended_event_descriptor descriptor_number="2" last_descriptor_number="2" language_code="cze">
        <text>í kapelou (s albem Sam's Town).</text>
      </extended_event_descriptor>
      <content_descriptor>
        <content content_nibble_level_1="6" content_nibble_level_2="1" user_byte="0x00"/>
      </content_descriptor>
      <parental_rating_descriptor>
        <country country_code="CZE" rating="0x00"/>
      </parental_rating_descriptor>
      <PDC_descriptor programme_identification_label="01-19 23:45"/>
      <component_descriptor stream_content="0x01" stream_content_ext="0x0F" component_type="0x03" component_tag="0x01" language_code="cze" text=""/>
      <component_descriptor stream_content="0x02" stream_content_ext="0x0F" component_type="0x03" component_tag="0x02" language_code="cze" text=""/>
      <component_descriptor stream_content="0x03" stream_content_ext="0x0F" component_type="0x02" component_tag="0x04" language_code="cze" text=""/>
    </event>
    <event event_id="0x4BF1" start_time="2019-01-20 00:00:10" duration="00:25:35" running_status="undefined" CA_mode="false">
      <short_event_descriptor language_code="cze">
        <event_name>Peep Show, Pracovní pohovor</event_name>
        <text>2/6 Blízká setkání šmíráckého druhu. Kultovní britský sitcom (2003). Hrají: D. Mitchell, R. Webb, O. Colmanová, M. King, E. Marmurová a další (2003). Režie Jeremy Wooding (V anglickém znění s titulky).</text>
      </short_event_descriptor>
      <extended_event_descriptor descriptor_number="0" last_descriptor_number="2" language_code="cze">
        <text>16:9
Běžnou ranní rutinu, zahrnující Jezovy svérázné projevy osobní svobody a nevázanosti, naruší Markův nehorázný požadavek, aby si spolubydlící konečně našel práci a začal platit svůj díl nájemnéh</text>
        <item>
          <description>Žánr</description>
          <name>komedie / sitcom</name>
        </item>
      </extended_event_descriptor>
      <extended_event_descriptor descriptor_number="1" last_descriptor_number="2" language_code="cze">
        <text>o. Zašel dokonce tak daleko, že kamarádovi domluvil pohovor ve firmě, v níž sám pracuje. Tu práci nedostat a zároveň Marka příliš nepopudit, je úkol, který můžeme bez nadsázky nazvat kvadraturou kruhu. Mark mezitím píše další </text>
      </extended_event_descriptor>
      <extended_event_descriptor descriptor_number="2" last_descriptor_number="2" language_code="cze">
        <text>kapitolu v příběhu zvaném dobývání Sophie, přičemž zjišťuje, že se mu na obzoru vynořil nevítaný konkurent.</text>
      </extended_event_descriptor>
      <content_descriptor>
        <content content_nibble_level_1="1" content_nibble_level_2="4" user_byte="0x00"/>
      </content_descriptor>
      <parental_rating_descriptor>
        <country country_code="CZE" rating="0x00"/>
      </parental_rating_descriptor>
      <PDC_descriptor programme_identification_label="01-20 00:40"/>
      <component_descriptor stream_content="0x01" stream_content_ext="0x0F" component_type="0x03" component_tag="0x01" language_code="cze" text=""/>
      <component_descriptor stream_content="0x02" stream_content_ext="0x0F" component_type="0x03" component_tag="0x02" language_code="cze" text=""/>
      <component_descriptor stream_content="0x03" stream_content_ext="0x0F" component_type="0x02" component_tag="0x04" language_code="cze" text=""/>
    </event>
    <event event_id="0x4C06" start_time="2019-01-20 00:25:45" duration="00:50:57" running_status="undefined" CA_mode="false">
      <short_event_descriptor language_code="cze">
        <event_name>Brian Johnson: Rock na cestě</event_name>
        <text>2/6 Zpěvák australské kapely AC/DC osobitým způsobem zpovídá své kolegy z rockové branže. Historii legendárních The Who probere s jejich zpěvákem Rogerem Daltreym. Britský dokumentární cyklus.</text>
      </short_event_descriptor>
      <extended_event_descriptor descriptor_number="0" last_descriptor_number="3" language_code="cze">
        <text>HDTV
Skryté titulky
Frontman AC/DC Brian Johnson navštěvuje dům zpěváka The Who Rogera Daltreyho v Shepherd’s Bush a vydává se s ním do koncertní síně Bush Hall, kde sk</text>
        <item>
          <description>Repríza</description>
          <name>ČT art 22.1. 2:05</name>
        </item>
        <item>
          <description>Žánr</description>
          <name>magazíny, reportáže, dokumenty</name>
        </item>
      </extended_event_descriptor>
      <extended_event_descriptor descriptor_number="1" last_descriptor_number="3" language_code="cze">
        <text>upina kdysi pořádala zvukové zkoušky. Hovoří o americkém turné v letech 1967-69, díky němuž se The Who ve Spojených státech proslavili a stanuli na rockovém Olympu. V USA vystoupili The Who poprvé v roce 1967. Svým ryčným a agresiv</text>
      </extended_event_descriptor>
      <extended_event_descriptor descriptor_number="2" last_descriptor_number="3" language_code="cze">
        <text>ním projevem naprosto uhranuli publikum na festivalu v Monterey. Pořádali též nepsanou soutěž s Jimi Hendrixem o to, kdo zničí na pódiu více nástrojů a aparatury. Na prvním turné The Who využili takřka všech příležitostí ke sv</text>
      </extended_event_descriptor>
      <extended_event_descriptor descriptor_number="3" last_descriptor_number="3" language_code="cze">
        <text>ým nechvalně známým výstřelkům - často ničili vybavení hotelů, dostávali se do křížku s policií a holdovali bujarému pití, drogám a divokým orgiím.</text>
      </extended_event_descriptor>
      <content_descriptor>
        <content content_nibble_level_1="8" content_nibble_level_2="1" user_byte="0x00"/>
      </content_descriptor>
      <parental_rating_descriptor>
        <country country_code="CZE" rating="0x00"/>
      </parental_rating_descriptor>
      <PDC_descriptor programme_identification_label="01-20 01:10"/>
      <component_descriptor stream_content="0x01" stream_content_ext="0x0F" component_type="0x03" component_tag="0x01" language_code="cze" text=""/>
      <component_descriptor stream_content="0x02" stream_content_ext="0x0F" component_type="0x03" component_tag="0x02" language_code="cze" text=""/>
      <component_descriptor stream_content="0x03" stream_content_ext="0x0F" component_type="0x01" component_tag="0x04" language_code="cze" text=""/>
      <component_descriptor stream_content="0x03" stream_content_ext="0x0F" component_type="0x02" component_tag="0x04" language_code="cze" text=""/>
    </event>
    <event event_id="0x4C26" start_time="2019-01-20 01:16:42" duration="00:52:27" running_status="undefined" CA_mode="false">
      <short_event_descriptor language_code="cze">
        <event_name>Ruské umění: Cesty k revoluci</event_name>
        <text>2/3 Petrohrad, kaviár, lesk a bída s Kateřinou Velikou.</text>
      </short_event_descriptor>
      <extended_event_descriptor descriptor_number="0" last_descriptor_number="2" language_code="cze">
        <text>HDTV
2 jazykové verze
Skryté titulky
Autor triptychu "Ruské umění" Andrew Graham Dixon připomíná, že bývalá carská metropole Petrohrad vyrostla během několika desetiletí osmnáctého století v</text>
        <item>
          <description>Žánr</description>
          <name>magazíny, reportáže, dokumenty</name>
        </item>
      </extended_event_descriptor>
      <extended_event_descriptor descriptor_number="1" last_descriptor_number="2" language_code="cze">
        <text> neúrodné močálovité divočině, aby svou krásou konkurovala Benátkám a Paříži. Elegantní klasicistní fasády neměly v Rusku obdoby. Výstavba Petrohradu byla součásti velkého kulturního projektu Petra Velikého, který chtěl zemi</text>
      </extended_event_descriptor>
      <extended_event_descriptor descriptor_number="2" last_descriptor_number="2" language_code="cze">
        <text> vyvést z izolace. Jenže do carského Ruska kromě nových uměleckých a architektonických směrů pronikly i nebezpečné myšlenky, které v konečném důsledku skončily krveprolitím a revolucí.</text>
      </extended_event_descriptor>
      <content_descriptor>
        <content content_nibble_level_1="8" content_nibble_level_2="1" user_byte="0x00"/>
      </content_descriptor>
      <parental_rating_descriptor>
        <country country_code="CZE" rating="0x00"/>
      </parental_rating_descriptor>
      <PDC_descriptor programme_identification_label="01-20 01:55"/>
      <component_descriptor stream_content="0x01" stream_content_ext="0x0F" component_type="0x03" component_tag="0x01" language_code="cze" text=""/>
      <component_descriptor stream_content="0x02" stream_content_ext="0x0F" component_type="0x04" component_tag="0x02" language_code="cze" text=""/>
      <component_descriptor stream_content="0x03" stream_content_ext="0x0F" component_type="0x01" component_tag="0x04" language_code="cze" text=""/>
      <component_descriptor stream_content="0x03" stream_content_ext="0x0F" component_type="0x02" component_tag="0x04" language_code="cze" text=""/>
    </event>
    <event event_id="0x4C4B" start_time="2019-01-20 02:09:09" duration="00:14:21" running_status="undefined" CA_mode="false">
      <short_event_descriptor language_code="cze">
        <event_name>Charlie Chaplin</event_name>
        <text></text>
      </short_event_descriptor>
      <extended_event_descriptor descriptor_number="0" last_descriptor_number="0" language_code="cze">
        <text>4:3</text>
        <item>
          <description>Žánr</description>
          <name>zábavný/ soutěžní pořad</name>
        </item>
      </extended_event_descriptor>
      <content_descriptor>
        <content content_nibble_level_1="3" content_nibble_level_2="0" user_byte="0x00"/>
      </content_descriptor>
      <parental_rating_descriptor>
        <country country_code="CZE" rating="0x00"/>
      </parental_rating_descriptor>
      <PDC_descriptor programme_identification_label="01-20 02:45"/>
      <component_descriptor stream_content="0x01" stream_content_ext="0x0F" component_type="0x01" component_tag="0x01" language_code="cze" text=""/>
      <component_descriptor stream_content="0x02" stream_content_ext="0x0F" component_type="0x03" component_tag="0x02" language_code="cze" text=""/>
      <component_descriptor stream_content="0x03" stream_content_ext="0x0F" component_type="0x02" component_tag="0x04" language_code="cze" text=""/>
    </event>
    <event event_id="0x4C54" start_time="2019-01-20 02:23:30" duration="00:57:45" running_status="undefined" CA_mode="false">
      <short_event_descriptor language_code="cze">
        <event_name>Ladí neladí</event_name>
        <text>Pražský výběr 2 a Chór vážských muzikantov aneb Večírek zneuznaných kapel (2008). P. Fiala a M. Kaščák uvádějí další vydání pořadu o české a slovenské populární hudbě.</text>
      </short_event_descriptor>
      <extended_event_descriptor descriptor_number="0" last_descriptor_number="0" language_code="cze">
        <text>16:9
Skryté titulky</text>
        <item>
          <description>Žánr</description>
          <name>hudba, balet, tanec</name>
        </item>
      </extended_event_descriptor>
      <content_descriptor>
        <content content_nibble_level_1="6" content_nibble_level_2="0" user_byte="0x00"/>
      </content_descriptor>
      <parental_rating_descriptor>
        <country country_code="CZE" rating="0x00"/>
      </parental_rating_descriptor>
      <PDC_descriptor programme_identification_label="01-20 03:00"/>
      <component_descriptor stream_content="0x01" stream_content_ext="0x0F" component_type="0x03" component_tag="0x01" language_code="cze" text=""/>
      <component_descriptor stream_content="0x02" stream_content_ext="0x0F" component_type="0x03" component_tag="0x02" language_code="cze" text=""/>
      <component_descriptor stream_content="0x03" stream_content_ext="0x0F" component_type="0x01" component_tag="0x04" language_code="cze" text=""/>
      <component_descriptor stream_content="0x03" stream_content_ext="0x0F" component_type="0x02" component_tag="0x04" language_code="cze" text=""/>
    </event>
    <event event_id="0x4C7D" start_time="2019-01-20 03:21:15" duration="00:26:56" running_status="undefined" CA_mode="false">
      <short_event_descriptor language_code="cze">
        <event_name>Terra musica</event_name>
        <text>Jak je stará "NOVÁ HUDBA"? Soudobá vážná hudba z pohledu autora, interpreta i diváka. Unikátní rozhovory s P. Glassem, J. Gibsonem, P. Kotíkem a dalšími osobnostmi Festivalu nové a experimentální hudby Ostravské dny 2013.</text>
      </short_event_descriptor>
      <extended_event_descriptor descriptor_number="0" last_descriptor_number="0" language_code="cze">
        <text>Režie J. Nekvasil.
HDTV
Skryté titulky</text>
        <item>
          <description>Žánr</description>
          <name>klasická hudba</name>
        </item>
      </extended_event_descriptor>
      <content_descriptor>
        <content content_nibble_level_1="6" content_nibble_level_2="2" user_byte="0x00"/>
      </content_descriptor>
      <parental_rating_descriptor>
        <country country_code="CZE" rating="0x00"/>
      </parental_rating_descriptor>
      <PDC_descriptor programme_identification_label="01-20 03:55"/>
      <component_descriptor stream_content="0x01" stream_content_ext="0x0F" component_type="0x03" component_tag="0x01" language_code="cze" text=""/>
      <component_descriptor stream_content="0x02" stream_content_ext="0x0F" component_type="0x03" component_tag="0x02" language_code="cze" text=""/>
      <component_descriptor stream_content="0x03" stream_content_ext="0x0F" component_type="0x01" component_tag="0x04" language_code="cze" text=""/>
      <component_descriptor stream_content="0x03" stream_content_ext="0x0F" component_type="0x02" component_tag="0x04" language_code="cze" text=""/>
    </event>
    <event event_id="0x4C91" start_time="2019-01-20 03:48:11" duration="00:34:06" running_status="undefined" CA_mode="false">
      <short_event_descriptor language_code="cze">
        <event_name>...a tuhle znáte?</event_name>
        <text>Současná dechová hudba a její mladí interpreti - tentokrát představujeme mládežnický dechový orchestr z Ostravy-Hrabůvky (2005). Pořadem provází J. Siostrzonek.</text>
      </short_event_descriptor>
      <extended_event_descriptor descriptor_number="0" last_descriptor_number="0" language_code="cze">
        <text>4:3
Skryté titulky</text>
        <item>
          <description>Žánr</description>
          <name>folková / lidová / etno / country hudba</name>
        </item>
      </extended_event_descriptor>
      <content_descriptor>
        <content content_nibble_level_1="6" content_nibble_level_2="3" user_byte="0x00"/>
      </content_descriptor>
      <parental_rating_descriptor>
        <country country_code="CZE" rating="0x00"/>
      </parental_rating_descriptor>
      <PDC_descriptor programme_identification_label="01-20 04:25"/>
      <component_descriptor stream_content="0x01" stream_content_ext="0x0F" component_type="0x01" component_tag="0x01" language_code="cze" text=""/>
      <component_descriptor stream_content="0x02" stream_content_ext="0x0F" component_type="0x03" component_tag="0x02" language_code="cze" text=""/>
      <component_descriptor stream_content="0x03" stream_content_ext="0x0F" component_type="0x01" component_tag="0x04" language_code="cze" text=""/>
      <component_descriptor stream_content="0x03" stream_content_ext="0x0F" component_type="0x02" component_tag="0x04" language_code="cze" text=""/>
    </event>
    <event event_id="0x4CAA" start_time="2019-01-20 04:22:17" duration="00:19:05" running_status="undefined" CA_mode="false">
      <short_event_descriptor language_code="cze">
        <event_name>Události v kultuře</event_name>
        <text>Každodenní souhrn nejdůležitějšího a nejzajímavějšího dění v naší i světové kultuře.</text>
      </short_event_descriptor>
      <extended_event_descriptor descriptor_number="0" last_descriptor_number="0" language_code="cze">
        <text>HDTV
Zvukový popis
Skryté titulky</text>
        <item>
          <description>Žánr</description>
          <name>zpravodajský pořad</name>
        </item>
      </extended_event_descriptor>
      <content_descriptor>
        <content content_nibble_level_1="2" content_nibble_level_2="0" user_byte="0x00"/>
      </content_descriptor>
      <parental_rating_descriptor>
        <country country_code="CZE" rating="0x00"/>
      </parental_rating_descriptor>
      <PDC_descriptor programme_identification_label="01-20 05:00"/>
      <component_descriptor stream_content="0x01" stream_content_ext="0x0F" component_type="0x03" component_tag="0x01" language_code="cze" text=""/>
      <component_descriptor stream_content="0x02" stream_content_ext="0x0F" component_type="0x03" component_tag="0x02" language_code="cze" text=""/>
      <component_descriptor stream_content="0x03" stream_content_ext="0x0F" component_type="0x02" component_tag="0x04" language_code="cze" text=""/>
    </event>
    <event event_id="0x4CD7" start_time="2019-01-20 05:00:00" duration="00:07:25" running_status="undefined" CA_mode="false">
      <short_event_descriptor language_code="cze">
        <event_name>Dětský zvěřinec, Raníček</event_name>
        <text></text>
      </short_event_descriptor>
      <extended_event_descriptor descriptor_number="0" last_descriptor_number="0" language_code="cze">
        <text>4:3
Skryté titulky</text>
        <item>
          <description>Žánr</description>
          <name>animovaný / loutkový</name>
        </item>
      </extended_event_descriptor>
      <content_descriptor>
        <content content_nibble_level_1="5" content_nibble_level_2="5" user_byte="0x00"/>
      </content_descriptor>
      <parental_rating_descriptor>
        <country country_code="CZE" rating="0x00"/>
      </parental_rating_descriptor>
      <PDC_descriptor programme_identification_label="01-20 06:00"/>
      <component_descriptor stream_content="0x01" stream_content_ext="0x0F" component_type="0x01" component_tag="0x01" language_code="cze" text=""/>
      <component_descriptor stream_content="0x02" stream_content_ext="0x0F" component_type="0x03" component_tag="0x02" language_code="cze" text=""/>
      <component_descriptor stream_content="0x03" stream_content_ext="0x0F" component_type="0x01" component_tag="0x04" language_code="cze" text=""/>
      <component_descriptor stream_content="0x03" stream_content_ext="0x0F" component_type="0x02" component_tag="0x04" language_code="cze" text=""/>
    </event>
    <event event_id="0x4CDC" start_time="2019-01-20 05:07:25" duration="00:15:26" running_status="undefined" CA_mode="false">
      <short_event_descriptor language_code="cze">
        <event_name>Andy a dobrodružství s dinosaury</event_name>
        <text>Andy pracuje v úžasném přírodovědném muzeu a pomocí kouzelných hodin může cestovat časem! Britský cyklus.</text>
      </short_event_descriptor>
      <extended_event_descriptor descriptor_number="0" last_descriptor_number="4" language_code="cze">
        <text>HDTV
2 jazykové verze
Skryté titulky
Andy a Hatty mají plné ruce práce s novou výstavou v oddělení dinosaurů v Národním muzeu. Tentokrát se výstava týká doby triceratopse, býložravého dinosaura</text>
        <item>
          <description>Žánr</description>
          <name>vzdělávací pořad pro děti</name>
        </item>
      </extended_event_descriptor>
      <extended_event_descriptor descriptor_number="1" last_descriptor_number="4" language_code="cze">
        <text>, který žil na planinách Severní Ameriky asi před 65 miliony let. Hatty vystavuje lebku triceratopse, kterou našla při svých cestách po Arizoně, a Andy přináší krabici s modelem rohu, posledním exponátem, který chybí k dokončení </text>
      </extended_event_descriptor>
      <extended_event_descriptor descriptor_number="2" last_descriptor_number="4" language_code="cze">
        <text>výstavy. Triceratops používal své tři proslavené rohy k obraně. Odrazoval jimi dravé dinosaury, jako byl například tyrannosaurus rex. Rohy také používal při soubojích s druhými triceratopsy, v nichž se rozhodovalo, kdo bude vůdcem </text>
      </extended_event_descriptor>
      <extended_event_descriptor descriptor_number="3" last_descriptor_number="4" language_code="cze">
        <text>stáda. Lebce, kterou Hatty našla, chyběl jeden roh, a proto má jeho model ukázat, jak velkolepě tato zvířata vypadala. Andyho přemůže zvědavost, a když s vymodelovaným rohem napodobuje souboj, nechtěně ho rozbije. Uvědomí si, co na</text>
      </extended_event_descriptor>
      <extended_event_descriptor descriptor_number="4" last_descriptor_number="4" language_code="cze">
        <text>tropil, a rozhodne se svou chybu napravit. Začíná tak další dobrodružství s dinosaury, při němž bude pátrat po náhradě zničeného rohu.</text>
      </extended_event_descriptor>
      <content_descriptor>
        <content content_nibble_level_1="5" content_nibble_level_2="4" user_byte="0x00"/>
      </content_descriptor>
      <parental_rating_descriptor>
        <country country_code="CZE" rating="0x00"/>
      </parental_rating_descriptor>
      <PDC_descriptor programme_identification_label="01-20 06:05"/>
      <component_descriptor stream_content="0x01" stream_content_ext="0x0F" component_type="0x03" component_tag="0x01" language_code="cze" text=""/>
      <component_descriptor stream_content="0x02" stream_content_ext="0x0F" component_type="0x04" component_tag="0x02" language_code="cze" text=""/>
      <component_descriptor stream_content="0x03" stream_content_ext="0x0F" component_type="0x01" component_tag="0x04" language_code="cze" text=""/>
      <component_descriptor stream_content="0x03" stream_content_ext="0x0F" component_type="0x02" component_tag="0x04" language_code="cze" text=""/>
    </event>
    <event event_id="0x4CE4" start_time="2019-01-20 05:22:51" duration="00:09:44" running_status="undefined" CA_mode="false">
      <short_event_descriptor language_code="cze">
        <event_name>Malí psouni objevují svět</event_name>
        <text>Jsou jako vy - učí se, občas odmlouvají mamince, pošťuchují se mezi sebou a ze všeho nejraději si hrají! Britský cyklus.</text>
      </short_event_descriptor>
      <extended_event_descriptor descriptor_number="0" last_descriptor_number="2" language_code="cze">
        <text>16:9
Skryté titulky
Malá mláďata psounů prériových Aški a Snížek zažívají každý den spoustu dobrodružství i legrace. Každým krokem se učí víc a víc o světě kolem sebe, o tom, kdy jim hrozí</text>
        <item>
          <description>Žánr</description>
          <name>pořad pro Děti / mládež</name>
        </item>
      </extended_event_descriptor>
      <extended_event_descriptor descriptor_number="1" last_descriptor_number="2" language_code="cze">
        <text> nebezpečí, koho se mají bát a s kým se mohou přátelit, jak se orientovat v dlouhatánských chodbách mezi svými pokojíčky a také jak si udržovat pořádek. Občas s nimi maminka ztrácí trpělivost, protože jak rostou, mají čím d</text>
      </extended_event_descriptor>
      <extended_event_descriptor descriptor_number="2" last_descriptor_number="2" language_code="cze">
        <text>ál víc svou hlavu - stejně jako vy, lidská mláďata.</text>
      </extended_event_descriptor>
      <content_descriptor>
        <content content_nibble_level_1="5" content_nibble_level_2="0" user_byte="0x00"/>
      </content_descriptor>
      <parental_rating_descriptor>
        <country country_code="CZE" rating="0x00"/>
      </parental_rating_descriptor>
      <PDC_descriptor programme_identification_label="01-20 06:20"/>
      <component_descriptor stream_content="0x01" stream_content_ext="0x0F" component_type="0x03" component_tag="0x01" language_code="cze" text=""/>
      <component_descriptor stream_content="0x02" stream_content_ext="0x0F" component_type="0x03" component_tag="0x02" language_code="cze" text=""/>
      <component_descriptor stream_content="0x03" stream_content_ext="0x0F" component_type="0x01" component_tag="0x04" language_code="cze" text=""/>
      <component_descriptor stream_content="0x03" stream_content_ext="0x0F" component_type="0x02" component_tag="0x04" language_code="cze" text=""/>
    </event>
    <event event_id="0x4CEC" start_time="2019-01-20 05:32:35" duration="00:09:20" running_status="undefined" CA_mode="false">
      <short_event_descriptor language_code="cze">
        <event_name>Novinky z přírody</event_name>
        <text>Čerstvé zprávy o tom, co se děje v naší přírodě.</text>
      </short_event_descriptor>
      <extended_event_descriptor descriptor_number="0" last_descriptor_number="0" language_code="cze">
        <text>HDTV
Skryté titulky</text>
        <item>
          <description>Repríza</description>
          <name>ČT2 26.1. 6:30, ČT :D 26.1. 6:30</name>
        </item>
        <item>
          <description>Žánr</description>
          <name>vzdělávací pořad pro děti</name>
        </item>
      </extended_event_descriptor>
      <content_descriptor>
        <content content_nibble_level_1="5" content_nibble_level_2="4" user_byte="0x00"/>
      </content_descriptor>
      <parental_rating_descriptor>
        <country country_code="CZE" rating="0x00"/>
      </parental_rating_descriptor>
      <PDC_descriptor programme_identification_label="01-20 06:30"/>
      <component_descriptor stream_content="0x01" stream_content_ext="0x0F" component_type="0x03" component_tag="0x01" language_code="cze" text=""/>
      <component_descriptor stream_content="0x02" stream_content_ext="0x0F" component_type="0x03" component_tag="0x02" language_code="cze" text=""/>
      <component_descriptor stream_content="0x03" stream_content_ext="0x0F" component_type="0x01" component_tag="0x04" language_code="cze" text=""/>
      <component_descriptor stream_content="0x03" stream_content_ext="0x0F" component_type="0x02" component_tag="0x04" language_code="cze" text=""/>
    </event>
    <event event_id="0x4CF2" start_time="2019-01-20 05:41:55" duration="00:23:13" running_status="undefined" CA_mode="false">
      <short_event_descriptor language_code="cze">
        <event_name>Franklin a přátelé II</event_name>
        <text>Animovaný seriál o želví rodince a jejích kamarádech.</text>
      </short_event_descriptor>
      <extended_event_descriptor descriptor_number="0" last_descriptor_number="0" language_code="cze">
        <text>16:9
Skryté titulky</text>
        <item>
          <description>Žánr</description>
          <name>animovaný / loutkový</name>
        </item>
      </extended_event_descriptor>
      <content_descriptor>
        <content content_nibble_level_1="5" content_nibble_level_2="5" user_byte="0x00"/>
      </content_descriptor>
      <parental_rating_descriptor>
        <country country_code="CZE" rating="0x00"/>
      </parental_rating_descriptor>
      <PDC_descriptor programme_identification_label="01-20 06:40"/>
      <component_descriptor stream_content="0x01" stream_content_ext="0x0F" component_type="0x03" component_tag="0x01" language_code="cze" text=""/>
      <component_descriptor stream_content="0x02" stream_content_ext="0x0F" component_type="0x03" component_tag="0x02" language_code="cze" text=""/>
      <component_descriptor stream_content="0x03" stream_content_ext="0x0F" component_type="0x01" component_tag="0x04" language_code="cze" text=""/>
      <component_descriptor stream_content="0x03" stream_content_ext="0x0F" component_type="0x02" component_tag="0x04" language_code="cze" text=""/>
    </event>
    <event event_id="0x4D02" start_time="2019-01-20 06:05:08" duration="00:13:19" running_status="undefined" CA_mode="false">
      <short_event_descriptor language_code="cze">
        <event_name>Garfieldova show II</event_name>
        <text>Nejlínější kocour na světě je schopen všeho. Mějte se před ním na pozoru! Americko-francouzský animovaný seriál.</text>
      </short_event_descriptor>
      <extended_event_descriptor descriptor_number="0" last_descriptor_number="0" language_code="cze">
        <text>HDTV
2 jazykové verze
Zvukový popis
Skryté titulky</text>
        <item>
          <description>Žánr</description>
          <name>film / dramatický pořad</name>
        </item>
      </extended_event_descriptor>
      <content_descriptor>
        <content content_nibble_level_1="1" content_nibble_level_2="0" user_byte="0x00"/>
      </content_descriptor>
      <parental_rating_descriptor>
        <country country_code="CZE" rating="0x00"/>
      </parental_rating_descriptor>
      <PDC_descriptor programme_identification_label="01-20 07:05"/>
      <component_descriptor stream_content="0x01" stream_content_ext="0x0F" component_type="0x03" component_tag="0x01" language_code="cze" text=""/>
      <component_descriptor stream_content="0x02" stream_content_ext="0x0F" component_type="0x04" component_tag="0x02" language_code="cze" text=""/>
      <component_descriptor stream_content="0x02" stream_content_ext="0x0F" component_type="0x40" component_tag="0x07" language_code="cze" text=""/>
      <component_descriptor stream_content="0x03" stream_content_ext="0x0F" component_type="0x01" component_tag="0x04" language_code="cze" text=""/>
      <component_descriptor stream_content="0x03" stream_content_ext="0x0F" component_type="0x02" component_tag="0x04" language_code="cze" text=""/>
    </event>
    <event event_id="0x4D0B" start_time="2019-01-20 06:18:27" duration="00:11:33" running_status="undefined" CA_mode="false">
      <short_event_descriptor language_code="cze">
        <event_name>Méďa a lumíci</event_name>
        <text>"Hodného" medvěda trápí parta rozjívených hlodavců. Animovaný seriál.</text>
      </short_event_descriptor>
      <extended_event_descriptor descriptor_number="0" last_descriptor_number="0" language_code="cze">
        <text>HDTV
Zvukový popis</text>
        <item>
          <description>Žánr</description>
          <name>animovaný / loutkový</name>
        </item>
      </extended_event_descriptor>
      <content_descriptor>
        <content content_nibble_level_1="5" content_nibble_level_2="5" user_byte="0x00"/>
      </content_descriptor>
      <parental_rating_descriptor>
        <country country_code="CZE" rating="0x00"/>
      </parental_rating_descriptor>
      <PDC_descriptor programme_identification_label="01-20 07:15"/>
      <component_descriptor stream_content="0x01" stream_content_ext="0x0F" component_type="0x03" component_tag="0x01" language_code="cze" text=""/>
      <component_descriptor stream_content="0x02" stream_content_ext="0x0F" component_type="0x03" component_tag="0x02" language_code="cze" text=""/>
      <component_descriptor stream_content="0x02" stream_content_ext="0x0F" component_type="0x40" component_tag="0x07" language_code="cze" text=""/>
      <component_descriptor stream_content="0x03" stream_content_ext="0x0F" component_type="0x02" component_tag="0x04" language_code="cze" text=""/>
    </event>
    <event event_id="0x4D14" start_time="2019-01-20 06:30:00" duration="01:30:00" running_status="undefined" CA_mode="false">
      <short_event_descriptor language_code="cze">
        <event_name>Studio Kamarád</event_name>
        <text>Veselou skládanku pohádek a písniček uvádějí plyšáci z Kouzelného paloučku. Uvidíte seriály: Holčička z iglú, O Krtkovi, Kalli, Statečná autíčka, Dortový piknik, Bubáci a hastrmani, Pohádky z výše stromové</text>
      </short_event_descriptor>
      <extended_event_descriptor descriptor_number="0" last_descriptor_number="2" language_code="cze">
        <text>chýše a Ronja, dcera loupežníka. Kamarádi, máme vás rádi!
HDTV
Představte si, děťulata, že Fámula a Tryský objeví v rybníku pod ledem uvězněného vodní</text>
        <item>
          <description>Repríza</description>
          <name>ČT2 26.1. 7:30, ČT :D 26.1. 7:30</name>
        </item>
        <item>
          <description>Žánr</description>
          <name>pořad pro Děti / mládež</name>
        </item>
      </extended_event_descriptor>
      <extended_event_descriptor descriptor_number="1" last_descriptor_number="2" language_code="cze">
        <text>ka. Všichni se zapojí do záchranné akce. Jestlipak se pomoci vynasnaží i vášnivý lovec Polapil? A co na to Muf? Dívejte se a uvidíte i spoustu bezvadných seriálů. Těšte se na Holčičku z iglú, Krtka, kluka Kalliho a Statečná aut</text>
      </extended_event_descriptor>
      <extended_event_descriptor descriptor_number="2" last_descriptor_number="2" language_code="cze">
        <text>íčka. Určitě vás přiláká Dortový piknik. Bubáci a hastrmani si zažijí parádní letecký den a nebudou chybět ani Pohádky z výše stromové chýše a Ronja, dcera loupežníka. Kamarádi, máme vás rádi!</text>
      </extended_event_descriptor>
      <content_descriptor>
        <content content_nibble_level_1="5" content_nibble_level_2="0" user_byte="0x00"/>
      </content_descriptor>
      <parental_rating_descriptor>
        <country country_code="CZE" rating="0x00"/>
      </parental_rating_descriptor>
      <PDC_descriptor programme_identification_label="01-20 07:30"/>
      <component_descriptor stream_content="0x01" stream_content_ext="0x0F" component_type="0x03" component_tag="0x01" language_code="cze" text=""/>
      <component_descriptor stream_content="0x02" stream_content_ext="0x0F" component_type="0x03" component_tag="0x02" language_code="cze" text=""/>
      <component_descriptor stream_content="0x03" stream_content_ext="0x0F" component_type="0x02" component_tag="0x04" language_code="cze" text=""/>
    </event>
    <event event_id="0x4D57" start_time="2019-01-20 08:00:00" duration="00:21:20" running_status="undefined" CA_mode="false">
      <short_event_descriptor language_code="cze">
        <event_name>Draci v hrnci</event_name>
        <text>Popcorn i ta cola, v kině nás udolá. Oskar připraví sobě i dračím kamarádům zdravé dobroty do kina.</text>
      </short_event_descriptor>
      <extended_event_descriptor descriptor_number="0" last_descriptor_number="2" language_code="cze">
        <text>HDTV
Skryté titulky
Určitě si taky v kině dáváte popcorn a nějakou dobrou limonádu. Jenže dráčci Oskarovi prozradili, že popcorn je příliš slaný a limonáda zase příli</text>
        <item>
          <description>Repríza</description>
          <name>ČT :D 25.1. 11:15</name>
        </item>
        <item>
          <description>Žánr</description>
          <name>pořad pro Děti / mládež</name>
        </item>
      </extended_event_descriptor>
      <extended_event_descriptor descriptor_number="1" last_descriptor_number="2" language_code="cze">
        <text>š sladká. A tak se Oskar rozhodl, že si k filmu připraví domácí nachos z tortilly, sýrovou omáčku a pálivou salsu. Jestli si chcete i vy při sledování filmu pochutnat na něčem zdravějším, vyzkoušejte tyhle báječné recepty z dr</text>
      </extended_event_descriptor>
      <extended_event_descriptor descriptor_number="2" last_descriptor_number="2" language_code="cze">
        <text>ačí kuchyně. Uvidíte, že to není nic složitého a chutná to báječně!</text>
      </extended_event_descriptor>
      <component_descriptor stream_content="0x05" stream_content_ext="0x0F" component_type="0x0B" component_tag="0x01" language_code="cze" text=""/>
      <component_descriptor stream_content="0x02" stream_content_ext="0x0F" component_type="0x03" component_tag="0x02" language_code="cze" text=""/>
      <component_descriptor stream_content="0x03" stream_content_ext="0x0F" component_type="0x01" component_tag="0x04" language_code="cze" text=""/>
      <content_descriptor>
        <content content_nibble_level_1="5" content_nibble_level_2="0" user_byte="0x00"/>
      </content_descriptor>
      <parental_rating_descriptor>
        <country country_code="CZE" rating="0x00"/>
      </parental_rating_descriptor>
      <PDC_descriptor programme_identification_label="01-20 09:00"/>
    </event>
    <event event_id="0x4D63" start_time="2019-01-20 08:21:20" duration="00:06:29" running_status="undefined" CA_mode="false">
      <short_event_descriptor language_code="cze">
        <event_name>Africká abeceda</event_name>
        <text>Zábavný cyklus seznamuje děti s africkými reáliemi.</text>
      </short_event_descriptor>
      <extended_event_descriptor descriptor_number="0" last_descriptor_number="0" language_code="cze">
        <text>HDTV
Zvukový popis
Skryté titulky</text>
        <item>
          <description>Žánr</description>
          <name>pořad pro Děti / mládež</name>
        </item>
      </extended_event_descriptor>
      <component_descriptor stream_content="0x05" stream_content_ext="0x0F" component_type="0x0B" component_tag="0x01" language_code="cze" text=""/>
      <component_descriptor stream_content="0x02" stream_content_ext="0x0F" component_type="0x03" component_tag="0x02" language_code="cze" text=""/>
      <component_descriptor stream_content="0x03" stream_content_ext="0x0F" component_type="0x01" component_tag="0x04" language_code="cze" text=""/>
      <component_descriptor stream_content="0x02" stream_content_ext="0x0F" component_type="0x40" component_tag="0x07" language_code="cze" text=""/>
      <content_descriptor>
        <content content_nibble_level_1="5" content_nibble_level_2="0" user_byte="0x00"/>
      </content_descriptor>
      <parental_rating_descriptor>
        <country country_code="CZE" rating="0x00"/>
      </parental_rating_descriptor>
      <PDC_descriptor programme_identification_label="01-20 09:20"/>
    </event>
    <event event_id="0x4D68" start_time="2019-01-20 08:27:49" duration="01:19:48" running_status="undefined" CA_mode="false">
      <short_event_descriptor language_code="cze">
        <event_name>Dvanáct úkolů pro Asterixe</event_name>
        <text>Podaří se známým hrdinům stát se bohy? Francouzský animovaný film (1975). Scénář a režie René Goscinny a Albert Uderzo.</text>
      </short_event_descriptor>
      <extended_event_descriptor descriptor_number="0" last_descriptor_number="1" language_code="cze">
        <text>16:9
2 jazykové verze
Skryté titulky
Další kreslený příběh oblíbených galských hrdinů. Autoři Goscinny - Uderzo pokračují v líčení dobrodružství Asterixe, Obelixe a pej</text>
        <item>
          <description>Repríza</description>
          <name>ČT :D 26.1. 12:55</name>
        </item>
        <item>
          <description>Žánr</description>
          <name>film / dramatický pořad</name>
        </item>
      </extended_event_descriptor>
      <extended_event_descriptor descriptor_number="1" last_descriptor_number="1" language_code="cze">
        <text>ska Idefixe. Tentokrát, aby naši kamarádi dokázali, že jsou bohové, musí splnit dvanáct nelehkých úkolů.</text>
      </extended_event_descriptor>
      <component_descriptor stream_content="0x01" stream_content_ext="0x0F" component_type="0x03" component_tag="0x01" language_code="cze" text=""/>
      <component_descriptor stream_content="0x02" stream_content_ext="0x0F" component_type="0x02" component_tag="0x02" language_code="cze" text=""/>
      <component_descriptor stream_content="0x03" stream_content_ext="0x0F" component_type="0x01" component_tag="0x04" language_code="cze" text=""/>
      <content_descriptor>
        <content content_nibble_level_1="1" content_nibble_level_2="0" user_byte="0x00"/>
      </content_descriptor>
      <parental_rating_descriptor>
        <country country_code="CZE" rating="0x00"/>
      </parental_rating_descriptor>
      <PDC_descriptor programme_identification_label="01-20 09:25"/>
    </event>
    <event event_id="0x4DA1" start_time="2019-01-20 09:47:37" duration="00:08:30" running_status="undefined" CA_mode="false">
      <short_event_descriptor language_code="cze">
        <event_name>Máša a medvěd II</event_name>
        <text>Malinkatá holčička a její dobrácký huňatý společník v ruském animovaném seriálu.</text>
      </short_event_descriptor>
      <extended_event_descriptor descriptor_number="0" last_descriptor_number="0" language_code="cze">
        <text>HDTV
Skryté titulky</text>
        <item>
          <description>Žánr</description>
          <name>animovaný / loutkový</name>
        </item>
      </extended_event_descriptor>
      <component_descriptor stream_content="0x05" stream_content_ext="0x0F" component_type="0x0B" component_tag="0x01" language_code="cze" text=""/>
      <component_descriptor stream_content="0x02" stream_content_ext="0x0F" component_type="0x03" component_tag="0x02" language_code="cze" text=""/>
      <component_descriptor stream_content="0x03" stream_content_ext="0x0F" component_type="0x01" component_tag="0x04" language_code="cze" text=""/>
      <content_descriptor>
        <content content_nibble_level_1="5" content_nibble_level_2="5" user_byte="0x00"/>
      </content_descriptor>
      <parental_rating_descriptor>
        <country country_code="CZE" rating="0x00"/>
      </parental_rating_descriptor>
      <PDC_descriptor programme_identification_label="01-20 10:45"/>
    </event>
    <event event_id="0x4DA7" start_time="2019-01-20 09:56:07" duration="00:08:53" running_status="undefined" CA_mode="false">
      <short_event_descriptor language_code="cze">
        <event_name>Pat a Mat na venkově</event_name>
        <text></text>
      </short_event_descriptor>
      <extended_event_descriptor descriptor_number="0" last_descriptor_number="0" language_code="cze">
        <text>HDTV</text>
        <item>
          <description>Repríza</description>
          <name>ČT :D 20.1. 19:45, ČT :D 25.1. 11:35</name>
        </item>
        <item>
          <description>Žánr</description>
          <name>animovaný / loutkový</name>
        </item>
      </extended_event_descriptor>
      <component_descriptor stream_content="0x05" stream_content_ext="0x0F" component_type="0x0B" component_tag="0x01" language_code="cze" text=""/>
      <component_descriptor stream_content="0x02" stream_content_ext="0x0F" component_type="0x03" component_tag="0x02" language_code="cze" text=""/>
      <content_descriptor>
        <content content_nibble_level_1="5" content_nibble_level_2="5" user_byte="0x00"/>
      </content_descriptor>
      <parental_rating_descriptor>
        <country country_code="CZE" rating="0x00"/>
      </parental_rating_descriptor>
      <PDC_descriptor programme_identification_label="01-20 10:55"/>
    </event>
    <event event_id="0x4DAD" start_time="2019-01-20 10:05:00" duration="00:30:00" running_status="undefined" CA_mode="false">
      <short_event_descriptor language_code="cze">
        <event_name>Šikulové</event_name>
        <text>I malé ruce dokáží velké věci! A když máš nápad, je to hračka.</text>
      </short_event_descriptor>
      <extended_event_descriptor descriptor_number="0" last_descriptor_number="1" language_code="cze">
        <text>HDTV
Skryté titulky
Ahoj, Šikulové, dnes vás zdravíme ze základní školy J. A. Komenského v Brandýse nad Orlicí. Tentokrát budeme pracovat v dílně. Pořádně provětrám</text>
        <item>
          <description>Repríza</description>
          <name>ČT :D 24.1. 11:10</name>
        </item>
        <item>
          <description>Žánr</description>
          <name>vzdělávací pořad pro děti</name>
        </item>
      </extended_event_descriptor>
      <extended_event_descriptor descriptor_number="1" last_descriptor_number="1" language_code="cze">
        <text>e pilky, kladiva i pilníky. Ze dřeva vykouzlíme svícen, věšáček nebo přívěsek na klíče.</text>
      </extended_event_descriptor>
      <component_descriptor stream_content="0x05" stream_content_ext="0x0F" component_type="0x0B" component_tag="0x01" language_code="cze" text=""/>
      <component_descriptor stream_content="0x02" stream_content_ext="0x0F" component_type="0x03" component_tag="0x02" language_code="cze" text=""/>
      <component_descriptor stream_content="0x03" stream_content_ext="0x0F" component_type="0x01" component_tag="0x04" language_code="cze" text=""/>
      <content_descriptor>
        <content content_nibble_level_1="5" content_nibble_level_2="4" user_byte="0x00"/>
      </content_descriptor>
      <parental_rating_descriptor>
        <country country_code="CZE" rating="0x00"/>
      </parental_rating_descriptor>
      <PDC_descriptor programme_identification_label="01-20 11:05"/>
    </event>
    <event event_id="0x4DC3" start_time="2019-01-20 10:35:00" duration="00:27:47" running_status="undefined" CA_mode="false">
      <short_event_descriptor language_code="cze">
        <event_name>U6 - Úžasný svět vědy</event_name>
        <text>Aréna mozků, svalů a dovedností na cestách. Nová místa, nové úkoly v populární akční soutěži, ve které si přírodní zákony vyzkoušíte na vlastní kůži.</text>
      </short_event_descriptor>
      <extended_event_descriptor descriptor_number="0" last_descriptor_number="1" language_code="cze">
        <text>HDTV
Skryté titulky
Účastníci dnešního souboje o vstup do Ligy výjimečných mozků se společně s panem Továrníkem a jeho pomocníkem Ducháčkem vypraví do hlubin U6 i sa</text>
        <item>
          <description>Repríza</description>
          <name>ČT :D 25.1. 14:35</name>
        </item>
        <item>
          <description>Žánr</description>
          <name>vzdělávací pořad pro děti</name>
        </item>
      </extended_event_descriptor>
      <extended_event_descriptor descriptor_number="1" last_descriptor_number="1" language_code="cze">
        <text>motné matičky Země. Kdo natěží nejvíce surovin, nezabloudí v podzemí U6 a správně odpoví i na zvídavé dotazy pana Továrníka, bude mít šanci bojovat o poklad U6.</text>
      </extended_event_descriptor>
      <component_descriptor stream_content="0x05" stream_content_ext="0x0F" component_type="0x0B" component_tag="0x01" language_code="cze" text=""/>
      <component_descriptor stream_content="0x02" stream_content_ext="0x0F" component_type="0x03" component_tag="0x02" language_code="cze" text=""/>
      <component_descriptor stream_content="0x03" stream_content_ext="0x0F" component_type="0x01" component_tag="0x04" language_code="cze" text=""/>
      <content_descriptor>
        <content content_nibble_level_1="5" content_nibble_level_2="4" user_byte="0x00"/>
      </content_descriptor>
      <parental_rating_descriptor>
        <country country_code="CZE" rating="0x00"/>
      </parental_rating_descriptor>
      <PDC_descriptor programme_identification_label="01-20 11:35"/>
    </event>
    <event event_id="0x4DD7" start_time="2019-01-20 11:02:47" duration="00:30:06" running_status="undefined" CA_mode="false">
      <short_event_descriptor language_code="cze">
        <event_name>Operace JAUU!</event_name>
        <text>Trochu doktoři, trochu kašpaři - legrace i medicína se jim vždycky podaří! Britský cyklus.</text>
      </short_event_descriptor>
      <extended_event_descriptor descriptor_number="0" last_descriptor_number="5" language_code="cze">
        <text>HDTV
2 jazykové verze
Skryté titulky
Na začátku dnešního dílu se seznámíme s Benjaminem, který si přivřel prst do dvěří auta a budeme sledovat, jak se takový </text>
        <item>
          <description>Repríza</description>
          <name>ČT :D 24.1. 13:50</name>
        </item>
        <item>
          <description>Žánr</description>
          <name>vzdělávací pořad pro děti</name>
        </item>
        <item>
          <description>Věk</description>
          <name>8+</name>
        </item>
      </extended_event_descriptor>
      <extended_event_descriptor descriptor_number="1" last_descriptor_number="5" language_code="cze">
        <text>úraz dá léčit. Chris a Xand se neustále špičkují a hecují. A nebyli by to oni, kdyby si i tentokrát nezvolili svéráznou disciplínu na porovnávání: budou totiž soutěžit, kdo vydrží větší teplo. Chris vyjede se záchranářem B</text>
      </extended_event_descriptor>
      <extended_event_descriptor descriptor_number="2" last_descriptor_number="5" language_code="cze">
        <text>enem pomoci staré paní, která doma upadla a sanitku si přivolala nouzovým tlačítkem. Podíváme se, jak se polykají meče. Vypadá to snadně, ale mistr v tomto oboru nám prozradí, že sám se to učil dlouhá léta. Při výzkumu chůze </text>
      </extended_event_descriptor>
      <extended_event_descriptor descriptor_number="3" last_descriptor_number="5" language_code="cze">
        <text>čeká na Xanda trochu švihlý úkol: bude se muset procházet v dámských lodičkách. Chris se ale na oplátku proběhne po běžeckém pásu při teplotě vzduchu 50 stupňů Celsia.  Nebude chybět ani oblíbená rubrika smyslových triků: te</text>
      </extended_event_descriptor>
      <extended_event_descriptor descriptor_number="4" last_descriptor_number="5" language_code="cze">
        <text>ntokrát budeme potřebovat dvě nádoby a teplou i studenou vodu. Na závěr se na pohotovosti přiučíme pár španělských slovíček. Ne od nějakého doktora, ale od pacienta: Kyle měl při zkoušení okno a chtěl si to vyřídit se zdí. N</text>
      </extended_event_descriptor>
      <extended_event_descriptor descriptor_number="5" last_descriptor_number="5" language_code="cze">
        <text>erozumíte? No prostě: dostal takovou pětku, až si z toho zlomil ruku.</text>
      </extended_event_descriptor>
      <component_descriptor stream_content="0x05" stream_content_ext="0x0F" component_type="0x0B" component_tag="0x01" language_code="cze" text=""/>
      <component_descriptor stream_content="0x02" stream_content_ext="0x0F" component_type="0x02" component_tag="0x02" language_code="cze" text=""/>
      <component_descriptor stream_content="0x03" stream_content_ext="0x0F" component_type="0x01" component_tag="0x04" language_code="cze" text=""/>
      <content_descriptor>
        <content content_nibble_level_1="5" content_nibble_level_2="4" user_byte="0x00"/>
      </content_descriptor>
      <parental_rating_descriptor>
        <country country_code="CZE" rating="0x05"/>
      </parental_rating_descriptor>
      <PDC_descriptor programme_identification_label="01-20 12:00"/>
    </event>
    <event event_id="0x4DEE" start_time="2019-01-20 11:32:53" duration="00:24:39" running_status="undefined" CA_mode="false">
      <short_event_descriptor language_code="cze">
        <event_name>AZ kvíz junior</event_name>
        <text>Zábavná vědomostní soutěž pro zvídavé děti.</text>
      </short_event_descriptor>
      <extended_event_descriptor descriptor_number="0" last_descriptor_number="0" language_code="cze">
        <text>HDTV
Skryté titulky</text>
        <item>
          <description>Repríza</description>
          <name>ČT :D 24.1. 14:25</name>
        </item>
        <item>
          <description>Žánr</description>
          <name>pořad pro Děti / mládež</name>
        </item>
      </extended_event_descriptor>
      <component_descriptor stream_content="0x05" stream_content_ext="0x0F" component_type="0x0B" component_tag="0x01" language_code="cze" text=""/>
      <component_descriptor stream_content="0x02" stream_content_ext="0x0F" component_type="0x03" component_tag="0x02" language_code="cze" text=""/>
      <component_descriptor stream_content="0x03" stream_content_ext="0x0F" component_type="0x01" component_tag="0x04" language_code="cze" text=""/>
      <content_descriptor>
        <content content_nibble_level_1="5" content_nibble_level_2="0" user_byte="0x00"/>
      </content_descriptor>
      <parental_rating_descriptor>
        <country country_code="CZE" rating="0x00"/>
      </parental_rating_descriptor>
      <PDC_descriptor programme_identification_label="01-20 12:30"/>
    </event>
    <event event_id="0x4DFF" start_time="2019-01-20 11:57:32" duration="00:09:03" running_status="undefined" CA_mode="false">
      <short_event_descriptor language_code="cze">
        <event_name>Pohádky ovčí babičky, Krasohled</event_name>
        <text></text>
      </short_event_descriptor>
      <extended_event_descriptor descriptor_number="0" last_descriptor_number="0" language_code="cze">
        <text>4:3
Skryté titulky</text>
        <item>
          <description>Žánr</description>
          <name>animovaný / loutkový</name>
        </item>
      </extended_event_descriptor>
      <component_descriptor stream_content="0x01" stream_content_ext="0x0F" component_type="0x01" component_tag="0x01" language_code="cze" text=""/>
      <component_descriptor stream_content="0x02" stream_content_ext="0x0F" component_type="0x03" component_tag="0x02" language_code="cze" text=""/>
      <component_descriptor stream_content="0x03" stream_content_ext="0x0F" component_type="0x01" component_tag="0x04" language_code="cze" text=""/>
      <content_descriptor>
        <content content_nibble_level_1="5" content_nibble_level_2="5" user_byte="0x00"/>
      </content_descriptor>
      <parental_rating_descriptor>
        <country country_code="CZE" rating="0x00"/>
      </parental_rating_descriptor>
      <PDC_descriptor programme_identification_label="01-20 12:55"/>
    </event>
    <event event_id="0x4E03" start_time="2019-01-20 12:06:35" duration="01:05:30" running_status="undefined" CA_mode="false">
      <short_event_descriptor language_code="cze">
        <event_name>O Popelákovi</event_name>
        <text>Pohádka "naruby" podle Josefa Lady (1986). Hrají: K. Greif, M. Dvorská, J. Zahajský, K. Fialová, S. Vrbická, C. Mayerová, P. Kostka, S. Beneš a další. Kamera V. Štinglová. Scénář a režie V. Janečková.</text>
      </short_event_descriptor>
      <extended_event_descriptor descriptor_number="0" last_descriptor_number="3" language_code="cze">
        <text>HDTV
Zvukový popis
Skryté titulky
Pohádku o Popelce znají všechny děti. Její příběh si vypůjčil Josef Lada, a jak to uměl jen on, vtipně jej převyprávěl jako jednu ze svých originálních pohádek</text>
        <item>
          <description>Žánr</description>
          <name>pořad pro Děti / mládež</name>
        </item>
      </extended_event_descriptor>
      <extended_event_descriptor descriptor_number="1" last_descriptor_number="3" language_code="cze">
        <text> "naruby". Tento Ladův text se stal podkladem pro televizní zpracování, které se i ve výtvarné podobě inspirovalo mistrovými obrázky. S původními písničkami pohádku v roce 1986 natočila režisérka Vlasta Janečková s Karlem Greifem</text>
      </extended_event_descriptor>
      <extended_event_descriptor descriptor_number="2" last_descriptor_number="3" language_code="cze">
        <text> v titulní roli, Milenou Dvorskou coby macechou. Květa Fialová si zahrála tajemnou paní, Simona Vrbická princeznu a Carmen Mayerová s Petrem Kostkou královské rodiče. 
Otce si zahrál Jiří Zahajský, který by v těchto dnech oslavil osm</text>
      </extended_event_descriptor>
      <extended_event_descriptor descriptor_number="3" last_descriptor_number="3" language_code="cze">
        <text>desáté narozeniny.</text>
      </extended_event_descriptor>
      <component_descriptor stream_content="0x05" stream_content_ext="0x0F" component_type="0x0B" component_tag="0x01" language_code="cze" text=""/>
      <component_descriptor stream_content="0x02" stream_content_ext="0x0F" component_type="0x03" component_tag="0x02" language_code="cze" text=""/>
      <component_descriptor stream_content="0x03" stream_content_ext="0x0F" component_type="0x01" component_tag="0x04" language_code="cze" text=""/>
      <component_descriptor stream_content="0x02" stream_content_ext="0x0F" component_type="0x40" component_tag="0x07" language_code="cze" text=""/>
      <content_descriptor>
        <content content_nibble_level_1="5" content_nibble_level_2="0" user_byte="0x00"/>
      </content_descriptor>
      <parental_rating_descriptor>
        <country country_code="CZE" rating="0x00"/>
      </parental_rating_descriptor>
      <PDC_descriptor programme_identification_label="01-20 13:05"/>
    </event>
    <event event_id="0x4E32" start_time="2019-01-20 13:12:05" duration="01:01:06" running_status="undefined" CA_mode="false">
      <short_event_descriptor language_code="cze">
        <event_name>Kdo probudí Pindruše ...?</event_name>
        <text>Pohádka o svérázných strašidýlkách (1989). Hrají: J. Paulová, A. Pyško, Z. Hadrbolcová, V. Jeníková, D. Prachař, S. Stašová, S. Nálepková, G. Wilhelmová, J. Moučka, O. Vízner a další. Scénář</text>
      </short_event_descriptor>
      <extended_event_descriptor descriptor_number="0" last_descriptor_number="3" language_code="cze">
        <text>H. Sýkorová. Kamera A. Kovács. Režie L. Koutná.
HDTV
Skryté titulky
Setkat se se strašidlem, to se každému hned tak nepovede. Vy teď tuto možnost máte! To ale neznamená, že by</text>
        <item>
          <description>Repríza</description>
          <name>ČT1 26.1. 6:25</name>
        </item>
        <item>
          <description>Žánr</description>
          <name>pořad pro Děti / mládež</name>
        </item>
      </extended_event_descriptor>
      <extended_event_descriptor descriptor_number="1" last_descriptor_number="3" language_code="cze">
        <text>ste se měli bát a zalézat pod stůl nebo pod gauč. Jsou na světě strašidýlka legrační a střapatá jménem Pindruše, která svérázným způsobem trestají bezohledné chování lidí k přírodě. Ani namyšlená princezna Jiřinka (J. </text>
      </extended_event_descriptor>
      <extended_event_descriptor descriptor_number="2" last_descriptor_number="3" language_code="cze">
        <text>Paulová) na setkání s Pindrušemi určitě nikdy nezapomene. Chcete-li vědět, jak se jim podařilo dokázat, že si urozená princezna bude už navždy vážit všeho, co krášlí přírodu a je jí k užitku, podívejte se na tuto veselou poh</text>
      </extended_event_descriptor>
      <extended_event_descriptor descriptor_number="3" last_descriptor_number="3" language_code="cze">
        <text>ádku, ve které si zahráli A. Pyško, Z. Hadrbolcová, V. Jeníková, letošní jubilant D. Prachař, S. Stašová, S. Nálepková a O. Vízner.</text>
      </extended_event_descriptor>
      <component_descriptor stream_content="0x05" stream_content_ext="0x0F" component_type="0x0B" component_tag="0x01" language_code="cze" text=""/>
      <component_descriptor stream_content="0x02" stream_content_ext="0x0F" component_type="0x03" component_tag="0x02" language_code="cze" text=""/>
      <component_descriptor stream_content="0x03" stream_content_ext="0x0F" component_type="0x01" component_tag="0x04" language_code="cze" text=""/>
      <content_descriptor>
        <content content_nibble_level_1="5" content_nibble_level_2="0" user_byte="0x00"/>
      </content_descriptor>
      <parental_rating_descriptor>
        <country country_code="CZE" rating="0x00"/>
      </parental_rating_descriptor>
      <PDC_descriptor programme_identification_label="01-20 14:10"/>
    </event>
    <event event_id="0x4E5E" start_time="2019-01-20 14:13:11" duration="00:23:24" running_status="undefined" CA_mode="false">
      <short_event_descriptor language_code="cze">
        <event_name>Hrdinové v akci</event_name>
        <text>Vybraní odvážlivci na vlastní kůži zažijí, jak těžké je přežít v nouzové situaci. Inspirováno skutečnými příběhy. Novozélandská soutěž.</text>
      </short_event_descriptor>
      <extended_event_descriptor descriptor_number="0" last_descriptor_number="1" language_code="cze">
        <text>HDTV
2 jazykové verze
Skryté titulky
Naši hrdinové skákali z letadla, pátrali po ztraceném v moři, zachraňovali tonoucího i poraněné, absolvovali lezecký výcvik, potápěli se, létali helikoptéro</text>
        <item>
          <description>Žánr</description>
          <name>vzdělávací pořad pro děti</name>
        </item>
      </extended_event_descriptor>
      <extended_event_descriptor descriptor_number="1" last_descriptor_number="1" language_code="cze">
        <text>u, potápěli se se žraloky, plnili všemožné, extrémně náročné disciplíny. Nyní je na čase se dozvdět, kdo z nich si vedl nejlépe. Závěrečný díl první série Hrdinů v akci. Soutěže inspirované skutečnými hrdinskými činy.</text>
      </extended_event_descriptor>
      <component_descriptor stream_content="0x05" stream_content_ext="0x0F" component_type="0x0B" component_tag="0x01" language_code="cze" text=""/>
      <component_descriptor stream_content="0x02" stream_content_ext="0x0F" component_type="0x02" component_tag="0x02" language_code="cze" text=""/>
      <component_descriptor stream_content="0x03" stream_content_ext="0x0F" component_type="0x01" component_tag="0x04" language_code="cze" text=""/>
      <content_descriptor>
        <content content_nibble_level_1="5" content_nibble_level_2="4" user_byte="0x00"/>
      </content_descriptor>
      <parental_rating_descriptor>
        <country country_code="CZE" rating="0x00"/>
      </parental_rating_descriptor>
      <PDC_descriptor programme_identification_label="01-20 15:10"/>
    </event>
    <event event_id="0x4E6F" start_time="2019-01-20 14:36:35" duration="00:43:25" running_status="undefined" CA_mode="false">
      <short_event_descriptor language_code="cze">
        <event_name>MasterChef Junior</event_name>
        <text>3/7 Světově proslulá kuchařská soutěž, přísný Gordon Ramsay jako jeden z porotců, a fenomenální kulinářské talenty ve věku 8 až 13 let. Americký seriál.</text>
      </short_event_descriptor>
      <extended_event_descriptor descriptor_number="0" last_descriptor_number="2" language_code="cze">
        <text>HDTV
2 jazykové verze
Skryté titulky
Deset úžasných dětských kuchařů čeká další dobrodružství v kuchyni MasterChefa. Hned na začátku svedou vítězové minulého kola šlehačkovou bitvu, během kt</text>
        <item>
          <description>Žánr</description>
          <name>pořad pro Děti / mládež</name>
        </item>
      </extended_event_descriptor>
      <extended_event_descriptor descriptor_number="1" last_descriptor_number="2" language_code="cze">
        <text>eré nezůstanou ušetření ani porotci! Vítěz dostane zajímavou taktickou výhodu do dalšího klání. Na soutěžící potom čeká jejich první týmová soutěž, pro kterou porotci vybrali nečekaně těžké zadání: připravit jídlo, k</text>
      </extended_event_descriptor>
      <extended_event_descriptor descriptor_number="2" last_descriptor_number="2" language_code="cze">
        <text>teré proslavil sám Gordon Ramsay - proslulou hovězí svíčkovou Wellington. Dvojice kulinářských adeptů si sáhnou na dno svých sil, ale ani to nezachrání před odchodem ze soutěže další dva z nich.</text>
      </extended_event_descriptor>
      <component_descriptor stream_content="0x05" stream_content_ext="0x0F" component_type="0x0B" component_tag="0x01" language_code="cze" text=""/>
      <component_descriptor stream_content="0x02" stream_content_ext="0x0F" component_type="0x02" component_tag="0x02" language_code="cze" text=""/>
      <component_descriptor stream_content="0x03" stream_content_ext="0x0F" component_type="0x01" component_tag="0x04" language_code="cze" text=""/>
      <content_descriptor>
        <content content_nibble_level_1="5" content_nibble_level_2="0" user_byte="0x00"/>
      </content_descriptor>
      <parental_rating_descriptor>
        <country country_code="CZE" rating="0x00"/>
      </parental_rating_descriptor>
      <PDC_descriptor programme_identification_label="01-20 15:35"/>
    </event>
    <event event_id="0x4E8D" start_time="2019-01-20 15:20:00" duration="00:22:33" running_status="undefined" CA_mode="false">
      <short_event_descriptor language_code="cze">
        <event_name>Jak vycvičit draky</event_name>
        <text>V mýtickém světě Vikingů se snaží vikinský mladík Škyťák se svým dračím kamarádem Bezzubkou nastolit rovnováhu a porozumění v soužití lidí a draků. Americký animovaný seriál.</text>
      </short_event_descriptor>
      <extended_event_descriptor descriptor_number="0" last_descriptor_number="0" language_code="cze">
        <text>HDTV
2 jazykové verze
Skryté titulky</text>
        <item>
          <description>Žánr</description>
          <name>animovaný / loutkový</name>
        </item>
        <item>
          <description>Věk</description>
          <name>8+</name>
        </item>
      </extended_event_descriptor>
      <component_descriptor stream_content="0x05" stream_content_ext="0x0F" component_type="0x0B" component_tag="0x01" language_code="cze" text=""/>
      <component_descriptor stream_content="0x02" stream_content_ext="0x0F" component_type="0x02" component_tag="0x02" language_code="cze" text=""/>
      <component_descriptor stream_content="0x03" stream_content_ext="0x0F" component_type="0x01" component_tag="0x04" language_code="cze" text=""/>
      <content_descriptor>
        <content content_nibble_level_1="5" content_nibble_level_2="5" user_byte="0x00"/>
      </content_descriptor>
      <parental_rating_descriptor>
        <country country_code="CZE" rating="0x05"/>
      </parental_rating_descriptor>
      <PDC_descriptor programme_identification_label="01-20 16:20"/>
    </event>
    <event event_id="0x4E9E" start_time="2019-01-20 15:42:33" duration="00:22:27" running_status="undefined" CA_mode="false">
      <short_event_descriptor language_code="cze">
        <event_name>Jak vycvičit draky</event_name>
        <text>V mýtickém světě Vikingů se snaží vikinský mladík Škyťák se svým dračím kamarádem Bezzubkou nastolit rovnováhu a porozumění v soužití lidí a draků. Americký animovaný seriál.</text>
      </short_event_descriptor>
      <extended_event_descriptor descriptor_number="0" last_descriptor_number="0" language_code="cze">
        <text>HDTV
2 jazykové verze
Skryté titulky</text>
        <item>
          <description>Žánr</description>
          <name>animovaný / loutkový</name>
        </item>
        <item>
          <description>Věk</description>
          <name>8+</name>
        </item>
      </extended_event_descriptor>
      <component_descriptor stream_content="0x05" stream_content_ext="0x0F" component_type="0x0B" component_tag="0x01" language_code="cze" text=""/>
      <component_descriptor stream_content="0x02" stream_content_ext="0x0F" component_type="0x02" component_tag="0x02" language_code="cze" text=""/>
      <component_descriptor stream_content="0x03" stream_content_ext="0x0F" component_type="0x01" component_tag="0x04" language_code="cze" text=""/>
      <content_descriptor>
        <content content_nibble_level_1="5" content_nibble_level_2="5" user_byte="0x00"/>
      </content_descriptor>
      <parental_rating_descriptor>
        <country country_code="CZE" rating="0x05"/>
      </parental_rating_descriptor>
      <PDC_descriptor programme_identification_label="01-20 16:40"/>
    </event>
    <event event_id="0x4EAD" start_time="2019-01-20 16:05:00" duration="00:07:16" running_status="undefined" CA_mode="false">
      <short_event_descriptor language_code="cze">
        <event_name>Ovečka Shaun IV</event_name>
        <text>Shaun z britského animovaného seriálu rozhodně nejde se stádem, naopak často navede ostatní ovečky k páchání pěkných alotrií.</text>
      </short_event_descriptor>
      <extended_event_descriptor descriptor_number="0" last_descriptor_number="0" language_code="cze">
        <text>16:9</text>
        <item>
          <description>Žánr</description>
          <name>animovaný / loutkový</name>
        </item>
      </extended_event_descriptor>
      <component_descriptor stream_content="0x01" stream_content_ext="0x0F" component_type="0x03" component_tag="0x01" language_code="cze" text=""/>
      <component_descriptor stream_content="0x02" stream_content_ext="0x0F" component_type="0x03" component_tag="0x02" language_code="cze" text=""/>
      <content_descriptor>
        <content content_nibble_level_1="5" content_nibble_level_2="5" user_byte="0x00"/>
      </content_descriptor>
      <parental_rating_descriptor>
        <country country_code="CZE" rating="0x00"/>
      </parental_rating_descriptor>
      <PDC_descriptor programme_identification_label="01-20 17:05"/>
    </event>
    <event event_id="0x4EB2" start_time="2019-01-20 16:12:16" duration="00:06:35" running_status="undefined" CA_mode="false">
      <short_event_descriptor language_code="cze">
        <event_name>Máša vypráví pohádky</event_name>
        <text>Tak takovou pohádku jste ještě neviděli... Ruský animovaný seriál.</text>
      </short_event_descriptor>
      <extended_event_descriptor descriptor_number="0" last_descriptor_number="0" language_code="cze">
        <text>HDTV
Skryté titulky</text>
        <item>
          <description>Žánr</description>
          <name>animovaný / loutkový</name>
        </item>
      </extended_event_descriptor>
      <component_descriptor stream_content="0x05" stream_content_ext="0x0F" component_type="0x0B" component_tag="0x01" language_code="cze" text=""/>
      <component_descriptor stream_content="0x02" stream_content_ext="0x0F" component_type="0x03" component_tag="0x02" language_code="cze" text=""/>
      <component_descriptor stream_content="0x03" stream_content_ext="0x0F" component_type="0x01" component_tag="0x04" language_code="cze" text=""/>
      <content_descriptor>
        <content content_nibble_level_1="5" content_nibble_level_2="5" user_byte="0x00"/>
      </content_descriptor>
      <parental_rating_descriptor>
        <country country_code="CZE" rating="0x00"/>
      </parental_rating_descriptor>
      <PDC_descriptor programme_identification_label="01-20 17:10"/>
    </event>
    <event event_id="0x4EB7" start_time="2019-01-20 16:18:51" duration="00:06:09" running_status="undefined" CA_mode="false">
      <short_event_descriptor language_code="cze">
        <event_name>Máša vypráví pohádky</event_name>
        <text>Tak takovou pohádku jste ještě neviděli... Ruský animovaný seriál.</text>
      </short_event_descriptor>
      <extended_event_descriptor descriptor_number="0" last_descriptor_number="0" language_code="cze">
        <text>HDTV
Skryté titulky</text>
        <item>
          <description>Žánr</description>
          <name>animovaný / loutkový</name>
        </item>
      </extended_event_descriptor>
      <component_descriptor stream_content="0x05" stream_content_ext="0x0F" component_type="0x0B" component_tag="0x01" language_code="cze" text=""/>
      <component_descriptor stream_content="0x02" stream_content_ext="0x0F" component_type="0x03" component_tag="0x02" language_code="cze" text=""/>
      <component_descriptor stream_content="0x03" stream_content_ext="0x0F" component_type="0x01" component_tag="0x04" language_code="cze" text=""/>
      <content_descriptor>
        <content content_nibble_level_1="5" content_nibble_level_2="5" user_byte="0x00"/>
      </content_descriptor>
      <parental_rating_descriptor>
        <country country_code="CZE" rating="0x00"/>
      </parental_rating_descriptor>
      <PDC_descriptor programme_identification_label="01-20 17:15"/>
    </event>
    <event event_id="0x4EBD" start_time="2019-01-20 16:25:00" duration="00:22:05" running_status="undefined" CA_mode="false">
      <short_event_descriptor language_code="cze">
        <event_name>Friends: Síla přátelství</event_name>
        <text>Dokud si navzájem pomáhají, překonají jakýkoli problém. Americký animovaný seriál.</text>
      </short_event_descriptor>
      <extended_event_descriptor descriptor_number="0" last_descriptor_number="0" language_code="cze">
        <text>HDTV
2 jazykové verze
Skryté titulky</text>
        <item>
          <description>Žánr</description>
          <name>animovaný / loutkový</name>
        </item>
      </extended_event_descriptor>
      <component_descriptor stream_content="0x05" stream_content_ext="0x0F" component_type="0x0B" component_tag="0x01" language_code="cze" text=""/>
      <component_descriptor stream_content="0x02" stream_content_ext="0x0F" component_type="0x02" component_tag="0x02" language_code="cze" text=""/>
      <component_descriptor stream_content="0x03" stream_content_ext="0x0F" component_type="0x01" component_tag="0x04" language_code="cze" text=""/>
      <content_descriptor>
        <content content_nibble_level_1="5" content_nibble_level_2="5" user_byte="0x00"/>
      </content_descriptor>
      <parental_rating_descriptor>
        <country country_code="CZE" rating="0x00"/>
      </parental_rating_descriptor>
      <PDC_descriptor programme_identification_label="01-20 17:25"/>
    </event>
    <event event_id="0x4ECB" start_time="2019-01-20 16:47:05" duration="00:27:55" running_status="undefined" CA_mode="false">
      <short_event_descriptor language_code="cze">
        <event_name>Mazalové, Pravda vítězí</event_name>
        <text>3/14 Komediální seriál o nelehkém soužití hradních strašidel s příšernou rodinou Mazalů (2012). Hrají: J. Hrušínský, M. Bočanová, P. Kříž, J. Bernášková, M. Ruml, L. Sobota, M. Táborský a další.</text>
      </short_event_descriptor>
      <extended_event_descriptor descriptor_number="0" last_descriptor_number="3" language_code="cze">
        <text>Scénář R. Merkner. Kamera M. Vojkuvka. Režie B. Hořínek.
HDTV
Zvukový popis
Skryté titulky
Hugo Mazal objeví bohatého podnikatele jménem Hilbert von Koblischek a přiměje ho k </text>
        <item>
          <description>Repríza</description>
          <name>ČT :D 25.1. 14:00</name>
        </item>
        <item>
          <description>Žánr</description>
          <name>film / dramatický pořad</name>
        </item>
      </extended_event_descriptor>
      <extended_event_descriptor descriptor_number="1" last_descriptor_number="3" language_code="cze">
        <text>návštěvě hradu. Když nelze opuštěnou zříceninu vrátit, tak se ji pokusí aspoň prodat. Konečně středověká pevnost by se mohla změnit třeba v nákupní centrum. Tenhle plán by mohl mít šanci na úspěch. Aby Mazalův záměr nezk</text>
      </extended_event_descriptor>
      <extended_event_descriptor descriptor_number="2" last_descriptor_number="3" language_code="cze">
        <text>azila strašidla, namluví jim, že pokud se budou držet zpátky, "vypečená“ rodinka hrad okamžitě opustí. Jenže vývoj událostí není zdaleka takový, jaký by si Hugo přál. Albína si Hilberta von Koblischka omylem splete se členem poh</text>
      </extended_event_descriptor>
      <extended_event_descriptor descriptor_number="3" last_descriptor_number="3" language_code="cze">
        <text>ádkové kontrolní komise, on sám má zájem spíše o ženy než o gotické hrady a situaci rozhodně nezachrání, když Hugo omylem vypije sérum pravdy a Hilbertovi prozradí, jak to s hradem a jeho strašidly opravdu je...</text>
      </extended_event_descriptor>
      <component_descriptor stream_content="0x05" stream_content_ext="0x0F" component_type="0x0B" component_tag="0x01" language_code="cze" text=""/>
      <component_descriptor stream_content="0x02" stream_content_ext="0x0F" component_type="0x03" component_tag="0x02" language_code="cze" text=""/>
      <component_descriptor stream_content="0x03" stream_content_ext="0x0F" component_type="0x01" component_tag="0x04" language_code="cze" text=""/>
      <component_descriptor stream_content="0x02" stream_content_ext="0x0F" component_type="0x40" component_tag="0x07" language_code="cze" text=""/>
      <content_descriptor>
        <content content_nibble_level_1="1" content_nibble_level_2="0" user_byte="0x00"/>
      </content_descriptor>
      <parental_rating_descriptor>
        <country country_code="CZE" rating="0x00"/>
      </parental_rating_descriptor>
      <PDC_descriptor programme_identification_label="01-20 17:45"/>
    </event>
    <event event_id="0x4EE1" start_time="2019-01-20 17:15:00" duration="00:25:00" running_status="undefined" CA_mode="false">
      <short_event_descriptor language_code="cze">
        <event_name>Šmoulové</event_name>
        <text>Animovaný seriál o modrých skřítcích, kteří prošli vítězně celým světem.</text>
      </short_event_descriptor>
      <extended_event_descriptor descriptor_number="0" last_descriptor_number="0" language_code="cze">
        <text>HDTV
Skryté titulky</text>
        <item>
          <description>Žánr</description>
          <name>animovaný / loutkový</name>
        </item>
      </extended_event_descriptor>
      <component_descriptor stream_content="0x05" stream_content_ext="0x0F" component_type="0x0B" component_tag="0x01" language_code="cze" text=""/>
      <component_descriptor stream_content="0x02" stream_content_ext="0x0F" component_type="0x03" component_tag="0x02" language_code="cze" text=""/>
      <component_descriptor stream_content="0x03" stream_content_ext="0x0F" component_type="0x01" component_tag="0x04" language_code="cze" text=""/>
      <content_descriptor>
        <content content_nibble_level_1="5" content_nibble_level_2="5" user_byte="0x00"/>
      </content_descriptor>
      <parental_rating_descriptor>
        <country country_code="CZE" rating="0x00"/>
      </parental_rating_descriptor>
      <PDC_descriptor programme_identification_label="01-20 18:15"/>
    </event>
    <event event_id="0x4EF2" start_time="2019-01-20 17:40:00" duration="00:05:00" running_status="undefined" CA_mode="false">
      <short_event_descriptor language_code="cze">
        <event_name>Zprávičky</event_name>
        <text></text>
      </short_event_descriptor>
      <extended_event_descriptor descriptor_number="0" last_descriptor_number="0" language_code="cze">
        <text>HDTV</text>
        <item>
          <description>Žánr</description>
          <name>vzdělávací pořad pro děti</name>
        </item>
      </extended_event_descriptor>
      <component_descriptor stream_content="0x05" stream_content_ext="0x0F" component_type="0x0B" component_tag="0x01" language_code="cze" text=""/>
      <component_descriptor stream_content="0x02" stream_content_ext="0x0F" component_type="0x03" component_tag="0x02" language_code="cze" text=""/>
      <content_descriptor>
        <content content_nibble_level_1="5" content_nibble_level_2="4" user_byte="0x00"/>
      </content_descriptor>
      <parental_rating_descriptor>
        <country country_code="CZE" rating="0x00"/>
      </parental_rating_descriptor>
      <PDC_descriptor programme_identification_label="01-20 18:40"/>
    </event>
    <event event_id="0x4EF6" start_time="2019-01-20 17:45:00" duration="00:06:49" running_status="undefined" CA_mode="false">
      <short_event_descriptor language_code="cze">
        <event_name>O krtkovi, Večerníček</event_name>
        <text></text>
      </short_event_descriptor>
      <extended_event_descriptor descriptor_number="0" last_descriptor_number="0" language_code="cze">
        <text>4:3</text>
        <item>
          <description>Repríza</description>
          <name>ČT :D 21.1. 12:35</name>
        </item>
        <item>
          <description>Žánr</description>
          <name>animovaný / loutkový</name>
        </item>
      </extended_event_descriptor>
      <component_descriptor stream_content="0x01" stream_content_ext="0x0F" component_type="0x01" component_tag="0x01" language_code="cze" text=""/>
      <component_descriptor stream_content="0x02" stream_content_ext="0x0F" component_type="0x03" component_tag="0x02" language_code="cze" text=""/>
      <content_descriptor>
        <content content_nibble_level_1="5" content_nibble_level_2="5" user_byte="0x00"/>
      </content_descriptor>
      <parental_rating_descriptor>
        <country country_code="CZE" rating="0x00"/>
      </parental_rating_descriptor>
      <PDC_descriptor programme_identification_label="01-20 18:45"/>
    </event>
    <event event_id="0x4EFA" start_time="2019-01-20 17:51:49" duration="00:23:17" running_status="undefined" CA_mode="false">
      <short_event_descriptor language_code="cze">
        <event_name>Sofie První</event_name>
        <text>9/25 Princeznou přes noc? Sofie to zvládne! Americký animovaný seriál.</text>
      </short_event_descriptor>
      <extended_event_descriptor descriptor_number="0" last_descriptor_number="0" language_code="cze">
        <text>HDTV
Skryté titulky</text>
        <item>
          <description>Žánr</description>
          <name>animovaný / loutkový</name>
        </item>
      </extended_event_descriptor>
      <component_descriptor stream_content="0x05" stream_content_ext="0x0F" component_type="0x0B" component_tag="0x01" language_code="cze" text=""/>
      <component_descriptor stream_content="0x02" stream_content_ext="0x0F" component_type="0x03" component_tag="0x02" language_code="cze" text=""/>
      <component_descriptor stream_content="0x03" stream_content_ext="0x0F" component_type="0x01" component_tag="0x04" language_code="cze" text=""/>
      <content_descriptor>
        <content content_nibble_level_1="5" content_nibble_level_2="5" user_byte="0x00"/>
      </content_descriptor>
      <parental_rating_descriptor>
        <country country_code="CZE" rating="0x00"/>
      </parental_rating_descriptor>
      <PDC_descriptor programme_identification_label="01-20 18:50"/>
    </event>
    <event event_id="0x4F0A" start_time="2019-01-20 18:15:06" duration="00:24:54" running_status="undefined" CA_mode="false">
      <short_event_descriptor language_code="cze">
        <event_name>Goofyho tlupa</event_name>
        <text>14/78 Starý dobrý Goofy se svými přáteli zažívá ta nejbláznivější dobrodružství. Seriál z dílny Walta Disneyho.</text>
      </short_event_descriptor>
      <extended_event_descriptor descriptor_number="0" last_descriptor_number="0" language_code="cze">
        <text>HDTV
Skryté titulky</text>
        <item>
          <description>Žánr</description>
          <name>animovaný / loutkový</name>
        </item>
      </extended_event_descriptor>
      <component_descriptor stream_content="0x05" stream_content_ext="0x0F" component_type="0x0B" component_tag="0x01" language_code="cze" text=""/>
      <component_descriptor stream_content="0x02" stream_content_ext="0x0F" component_type="0x03" component_tag="0x02" language_code="cze" text=""/>
      <component_descriptor stream_content="0x03" stream_content_ext="0x0F" component_type="0x01" component_tag="0x04" language_code="cze" text=""/>
      <content_descriptor>
        <content content_nibble_level_1="5" content_nibble_level_2="5" user_byte="0x00"/>
      </content_descriptor>
      <parental_rating_descriptor>
        <country country_code="CZE" rating="0x00"/>
      </parental_rating_descriptor>
      <PDC_descriptor programme_identification_label="01-20 19:15"/>
    </event>
    <event event_id="0x4F1C" start_time="2019-01-20 18:40:00" duration="00:07:54" running_status="undefined" CA_mode="false">
      <short_event_descriptor language_code="cze">
        <event_name>Máša a medvěd II</event_name>
        <text>Malinkatá holčička a její dobrácký huňatý společník v ruském animovaném seriálu.</text>
      </short_event_descriptor>
      <extended_event_descriptor descriptor_number="0" last_descriptor_number="0" language_code="cze">
        <text>HDTV
Skryté titulky</text>
        <item>
          <description>Repríza</description>
          <name>ČT :D 26.1. 15:40</name>
        </item>
        <item>
          <description>Žánr</description>
          <name>animovaný / loutkový</name>
        </item>
      </extended_event_descriptor>
      <component_descriptor stream_content="0x05" stream_content_ext="0x0F" component_type="0x0B" component_tag="0x01" language_code="cze" text=""/>
      <component_descriptor stream_content="0x02" stream_content_ext="0x0F" component_type="0x03" component_tag="0x02" language_code="cze" text=""/>
      <component_descriptor stream_content="0x03" stream_content_ext="0x0F" component_type="0x01" component_tag="0x04" language_code="cze" text=""/>
      <content_descriptor>
        <content content_nibble_level_1="5" content_nibble_level_2="5" user_byte="0x00"/>
      </content_descriptor>
      <parental_rating_descriptor>
        <country country_code="CZE" rating="0x00"/>
      </parental_rating_descriptor>
      <PDC_descriptor programme_identification_label="01-20 19:40"/>
    </event>
    <event event_id="0x4F22" start_time="2019-01-20 18:47:54" duration="00:09:27" running_status="undefined" CA_mode="false">
      <short_event_descriptor language_code="cze">
        <event_name>Pat a Mat na venkově</event_name>
        <text></text>
      </short_event_descriptor>
      <extended_event_descriptor descriptor_number="0" last_descriptor_number="0" language_code="cze">
        <text>HDTV</text>
        <item>
          <description>Repríza</description>
          <name>ČT :D 25.1. 11:35</name>
        </item>
        <item>
          <description>Žánr</description>
          <name>animovaný / loutkový</name>
        </item>
      </extended_event_descriptor>
      <component_descriptor stream_content="0x05" stream_content_ext="0x0F" component_type="0x0B" component_tag="0x01" language_code="cze" text=""/>
      <component_descriptor stream_content="0x02" stream_content_ext="0x0F" component_type="0x03" component_tag="0x02" language_code="cze" text=""/>
      <content_descriptor>
        <content content_nibble_level_1="5" content_nibble_level_2="5" user_byte="0x00"/>
      </content_descriptor>
      <parental_rating_descriptor>
        <country country_code="CZE" rating="0x00"/>
      </parental_rating_descriptor>
      <PDC_descriptor programme_identification_label="01-20 19:45"/>
    </event>
    <event event_id="0x4F2B" start_time="2019-01-20 19:00:00" duration="00:20:00" running_status="undefined" CA_mode="false">
      <short_event_descriptor language_code="cze">
        <event_name>Události v kultuře</event_name>
        <text>Živě. Každodenní souhrn nejdůležitějšího a nejzajímavějšího dění v naší i světové kultuře.</text>
      </short_event_descriptor>
      <extended_event_descriptor descriptor_number="0" last_descriptor_number="0" language_code="cze">
        <text>HDTV
Zvukový popis
Skryté titulky</text>
        <item>
          <description>Repríza</description>
          <name>ČT24 20.1. 23:40, ČT art 21.1. 5:00</name>
        </item>
        <item>
          <description>Žánr</description>
          <name>zpravodajský pořad</name>
        </item>
      </extended_event_descriptor>
      <component_descriptor stream_content="0x05" stream_content_ext="0x0F" component_type="0x0B" component_tag="0x01" language_code="cze" text=""/>
      <component_descriptor stream_content="0x02" stream_content_ext="0x0F" component_type="0x03" component_tag="0x02" language_code="cze" text=""/>
      <component_descriptor stream_content="0x03" stream_content_ext="0x0F" component_type="0x01" component_tag="0x04" language_code="cze" text=""/>
      <component_descriptor stream_content="0x02" stream_content_ext="0x0F" component_type="0x40" component_tag="0x07" language_code="cze" text=""/>
      <content_descriptor>
        <content content_nibble_level_1="2" content_nibble_level_2="0" user_byte="0x00"/>
      </content_descriptor>
      <parental_rating_descriptor>
        <country country_code="CZE" rating="0x00"/>
      </parental_rating_descriptor>
      <PDC_descriptor programme_identification_label="01-20 20:00"/>
    </event>
    <event event_id="0x4F3A" start_time="2019-01-20 19:20:00" duration="01:30:40" running_status="undefined" CA_mode="false">
      <short_event_descriptor language_code="cze">
        <event_name>Trilobit 2019</event_name>
        <text>Živě. Předání prestižních cen, které dnes uděluje Český filmový a televizní svaz FITES. Večerem provází Martin Myšička.</text>
      </short_event_descriptor>
      <extended_event_descriptor descriptor_number="0" last_descriptor_number="2" language_code="cze">
        <text>HDTV
Skryté titulky
Český filmový a televizní svaz FITES již po dvaatřicáté uděluje v Berouně ceny Trilobit za nejlepší umělecké počiny ve filmu a televizi. Odborná porota vybírá své favority z mnoha </text>
        <item>
          <description>Žánr</description>
          <name>film / kinematografie</name>
        </item>
      </extended_event_descriptor>
      <extended_event_descriptor descriptor_number="1" last_descriptor_number="2" language_code="cze">
        <text>audiovizuálních děl, dětská porota udílí cenu jedinou. Prostor dostane také cena Vladislava Vančury, která se uděluje výrazné osobnosti za její celoživotní dílo. Je možné, že bude udělena i Zcela zvláštní cena poroty Zlatý c</text>
      </extended_event_descriptor>
      <extended_event_descriptor descriptor_number="2" last_descriptor_number="2" language_code="cze">
        <text>itron, která v posledních ročnících získává na popularitě. O hudební doprovod se postará Vladimír Merta a Jitka Šuranská. Slavnostním večerem nás provede Martin Myšička.</text>
      </extended_event_descriptor>
      <component_descriptor stream_content="0x05" stream_content_ext="0x0F" component_type="0x0B" component_tag="0x01" language_code="cze" text=""/>
      <component_descriptor stream_content="0x02" stream_content_ext="0x0F" component_type="0x03" component_tag="0x02" language_code="cze" text=""/>
      <component_descriptor stream_content="0x03" stream_content_ext="0x0F" component_type="0x01" component_tag="0x04" language_code="cze" text=""/>
      <content_descriptor>
        <content content_nibble_level_1="7" content_nibble_level_2="6" user_byte="0x00"/>
      </content_descriptor>
      <parental_rating_descriptor>
        <country country_code="CZE" rating="0x00"/>
      </parental_rating_descriptor>
      <PDC_descriptor programme_identification_label="01-20 20:20"/>
    </event>
    <event event_id="0x4F79" start_time="2019-01-20 20:50:40" duration="01:29:20" running_status="undefined" CA_mode="false">
      <short_event_descriptor language_code="cze">
        <event_name>Zlatá reneta</event_name>
        <text>Karel Höger ve filmovém přepisu novely Františka Hrubína o šanci stárnoucího muže začít znovu (1965). Dále hrají: E. Límanová, S. Budínová, I. Prachař, V. Tichánková, B. Holišová, O. Sklenčka a další. Scénář</text>
      </short_event_descriptor>
      <extended_event_descriptor descriptor_number="0" last_descriptor_number="4" language_code="cze">
        <text>F. Hrubín a O. Vávra. Kamera A. Barla. Režie O. Vávra.
4:3
Skryté titulky
Námětem filmu Zlatá reneta je stejnojmenná vzpomínková novela Františka Hrubína, kterou autor spolu s</text>
        <item>
          <description>Repríza</description>
          <name>ČT art 24.1. 0:05</name>
        </item>
        <item>
          <description>Žánr</description>
          <name>film / dramatický pořad</name>
        </item>
      </extended_event_descriptor>
      <extended_event_descriptor descriptor_number="1" last_descriptor_number="4" language_code="cze">
        <text> režisérem Otakarem Vávrou v polovině šedesátých let volně přepracovali do filmového scénáře. Vyprávějí v ní o krátkém návratu stárnoucího muže do vesnice, v níž prožil mládí, o pokušení navázat tam, kde kdysi před le</text>
      </extended_event_descriptor>
      <extended_event_descriptor descriptor_number="2" last_descriptor_number="4" language_code="cze">
        <text>ty skončil, o iluzích a rozčarování. Znovu si oživuje historii velké lásky k dívce, s níž se vlastní vinou rozešel. Dá se začít znovu, napravit omyl, kterého se dopustil?
Pro hlavní roli si Otakar Vávra vybral výborného Karla H</text>
      </extended_event_descriptor>
      <extended_event_descriptor descriptor_number="3" last_descriptor_number="4" language_code="cze">
        <text>ögera, který v tomto filmu podal jeden ze svých největších výkonů před kamerou. Dále se setkáte se Slávkou Budínovou, Evou Límanovou, Iljou Prachařem a Věrou Tichánkovou. Film Zlatá reneta reprezentoval naši kinematografii na mnoh</text>
      </extended_event_descriptor>
      <extended_event_descriptor descriptor_number="4" last_descriptor_number="4" language_code="cze">
        <text>a mezinárodních filmových festivalech. Nejvyššího uznání se mu dostalo v San Sebastiánu, kde získal v roce 1965 kromě Velké ceny Zlaté mušle ještě dvě další ocenění - Cenu FIPRESCI a Cenu CIDALC.</text>
      </extended_event_descriptor>
      <component_descriptor stream_content="0x01" stream_content_ext="0x0F" component_type="0x01" component_tag="0x01" language_code="cze" text=""/>
      <component_descriptor stream_content="0x02" stream_content_ext="0x0F" component_type="0x03" component_tag="0x02" language_code="cze" text=""/>
      <component_descriptor stream_content="0x03" stream_content_ext="0x0F" component_type="0x01" component_tag="0x04" language_code="cze" text=""/>
      <content_descriptor>
        <content content_nibble_level_1="1" content_nibble_level_2="0" user_byte="0x00"/>
      </content_descriptor>
      <parental_rating_descriptor>
        <country country_code="CZE" rating="0x00"/>
      </parental_rating_descriptor>
      <PDC_descriptor programme_identification_label="01-20 21:50"/>
    </event>
    <event event_id="0x4FB9" start_time="2019-01-20 22:20:00" duration="00:55:00" running_status="undefined" CA_mode="false">
      <short_event_descriptor language_code="cze">
        <event_name>CNSO Studio Live - Gordon Goodwin's Big Phat Band</event_name>
        <text>Setkání s vynikajícím americkým jazzovým orchestrem v rámci koncertu na Prague Proms 2017 v Obecním domě v Praze. Režie J. Mudra a R. Vodrážka.</text>
      </short_event_descriptor>
      <extended_event_descriptor descriptor_number="0" last_descriptor_number="2" language_code="cze">
        <text>HDTV
Svátek pro milovníky špičkových bigbandů připravil festival Prague Proms 2017. Do Prahy přijel výběr nejlepších jazzových hráčů z Los Angeles. Výběr, který garantuje mimořádně originální zvuk. Představ</text>
        <item>
          <description>Žánr</description>
          <name>rock / pop</name>
        </item>
      </extended_event_descriptor>
      <extended_event_descriptor descriptor_number="1" last_descriptor_number="2" language_code="cze">
        <text>il swingující Goodwinovy skladby v hávu latinskoamerickém, bluesovém i klasickém, swingovém a rockovém. 
Čísla, kterými se co do počtu ocenění může chlubit Gordon Goodwin, jsou úchvatná: z dvaceti nominací vytěžil celkem čtyři</text>
      </extended_event_descriptor>
      <extended_event_descriptor descriptor_number="2" last_descriptor_number="2" language_code="cze">
        <text> Grammy, včetně té za hudební aranže písně The Incredits z filmu Úžasňákovi. Je také držitelem tří cen Emmy.</text>
      </extended_event_descriptor>
      <component_descriptor stream_content="0x05" stream_content_ext="0x0F" component_type="0x0B" component_tag="0x01" language_code="cze" text=""/>
      <component_descriptor stream_content="0x02" stream_content_ext="0x0F" component_type="0x03" component_tag="0x02" language_code="cze" text=""/>
      <content_descriptor>
        <content content_nibble_level_1="6" content_nibble_level_2="1" user_byte="0x00"/>
      </content_descriptor>
      <parental_rating_descriptor>
        <country country_code="CZE" rating="0x00"/>
      </parental_rating_descriptor>
      <PDC_descriptor programme_identification_label="01-20 23:20"/>
    </event>
    <event event_id="0x4FE1" start_time="2019-01-20 23:15:00" duration="00:55:27" running_status="undefined" CA_mode="false">
      <short_event_descriptor language_code="cze">
        <event_name>Perla baroka</event_name>
        <text>Příběh zámeckého divadla v Českém Krumlově s přípravou inscenace komického operního intermezza G. Scarlattiho (2016). Hovoří P. Slavko, V. Spurný, K. Schwarzenberg a další. Scénář a režie O. Havelka.</text>
      </short_event_descriptor>
      <extended_event_descriptor descriptor_number="0" last_descriptor_number="7" language_code="cze">
        <text>HDTV
Skryté titulky
Zámecké barokní divadlo v Českém Krumlově je součástí zámku Český Krumlov, s jehož hlavními budovami je propojeno Plášťovým mostem. Rozsahem vybavení a stavem zachování původního b</text>
        <item>
          <description>Žánr</description>
          <name>umění / kultura</name>
        </item>
      </extended_event_descriptor>
      <extended_event_descriptor descriptor_number="1" last_descriptor_number="7" language_code="cze">
        <text>arokního divadla se jedná o přední památku svého druhu ve světovém měřítku. 
Divadlo bylo původně vybudováno v roce 1682 za Jana Kristiána z Eggenbergu, kdy na zámku působila stálá profesionální hudební a herecká skupina. K re</text>
      </extended_event_descriptor>
      <extended_event_descriptor descriptor_number="2" last_descriptor_number="7" language_code="cze">
        <text>pertoáru divadla patřila díla Lope de Vegy, Williama Shakespeara, Moliera, Jeana Racina, Pedro Calderóna de la Barca nebo Pierra Corneille.
Dnešní podoba divadla pochází z přestavby v letech 1765-1766, kterou nechal provést Josef I. Adam z</text>
      </extended_event_descriptor>
      <extended_event_descriptor descriptor_number="3" last_descriptor_number="7" language_code="cze">
        <text>e Schwarzenbergu podle plánů Andrease Altomonte. Z té doby pochází i malířská výzdoba hlediště i jeviště a soubor divadelních dekorací. Vzorem pro úpravy bylo dílo divadelního architekta Giuseppe Galli-Bibieny.
O historii a rekonst</text>
      </extended_event_descriptor>
      <extended_event_descriptor descriptor_number="4" last_descriptor_number="7" language_code="cze">
        <text>rukci tohoto unikátního barokního divadla hovoří kastelán Pavel Slavko, dirigent a cembalista Vojtěch Spurný, který se chystá uvést na historické scéně operu Giuseppa Scarlattiho "Kde je láska, je i žárlivost“ (Dove e amore e gelosi</text>
      </extended_event_descriptor>
      <extended_event_descriptor descriptor_number="5" last_descriptor_number="7" language_code="cze">
        <text>a). Tuto operu zaznamenala ve spolupráci s BVA International Česká televize v roce 2011. 
Divadelní fond českokrumlovské zámecké scény zahrnuje kromě vlastní budovy stovky dekorací, přes 300 původních kostýmů, rekvizit, osvětlovac</text>
      </extended_event_descriptor>
      <extended_event_descriptor descriptor_number="6" last_descriptor_number="7" language_code="cze">
        <text>í a další techniku, orchestřiště, lavice v hledišti a také původní divadelní repertoár (libreta, scénáře, notový materiál). Tento soubor tvoří unikátně dochovanou památku srovnatelnou v Evropě pouze s divadlem ve švédském k</text>
      </extended_event_descriptor>
      <extended_event_descriptor descriptor_number="7" last_descriptor_number="7" language_code="cze">
        <text>rálovském paláci v Drottningholmu.</text>
      </extended_event_descriptor>
      <component_descriptor stream_content="0x05" stream_content_ext="0x0F" component_type="0x0B" component_tag="0x01" language_code="cze" text=""/>
      <component_descriptor stream_content="0x02" stream_content_ext="0x0F" component_type="0x03" component_tag="0x02" language_code="cze" text=""/>
      <component_descriptor stream_content="0x03" stream_content_ext="0x0F" component_type="0x01" component_tag="0x04" language_code="cze" text=""/>
      <content_descriptor>
        <content content_nibble_level_1="7" content_nibble_level_2="0" user_byte="0x00"/>
      </content_descriptor>
      <parental_rating_descriptor>
        <country country_code="CZE" rating="0x00"/>
      </parental_rating_descriptor>
      <PDC_descriptor programme_identification_label="01-21 00:15"/>
    </event>
  </EIT>
  <EIT type="0" version="1" current="true" actual="true" service_id="0x4101" transport_stream_id="0x0111" original_network_id="0x20CB" last_table_id="0x50">
    <!-- PID 0x0012 (18) -->
    <event event_id="0xC704" start_time="2019-01-19 18:06:00" duration="00:54:00" running_status="undefined" CA_mode="false">
      <short_event_descriptor language_code="cze">
        <event_name>Sportžurnál</event_name>
        <text></text>
      </short_event_descriptor>
      <content_descriptor>
        <content content_nibble_level_1="0" content_nibble_level_2="0" user_byte="0x00"/>
      </content_descriptor>
    </event>
    <event event_id="0xC72A" start_time="2019-01-19 19:00:00" duration="00:05:00" running_status="undefined" CA_mode="false">
      <short_event_descriptor language_code="cze">
        <event_name>Zprávy</event_name>
        <text></text>
      </short_event_descriptor>
      <extended_event_descriptor descriptor_number="0" last_descriptor_number="0" language_code="cze">
        <text>Z domova i ze světa. Sport, Zelená vlna a počasí. O dopravní situaci informujte na bezplatné lince 800 553 553.</text>
      </extended_event_descriptor>
      <content_descriptor>
        <content content_nibble_level_1="0" content_nibble_level_2="0" user_byte="0x00"/>
      </content_descriptor>
    </event>
    <event event_id="0xC72D" start_time="2019-01-19 19:05:00" duration="00:55:00" running_status="undefined" CA_mode="false">
      <short_event_descriptor language_code="cze">
        <event_name>O Roma vakeren</event_name>
        <text></text>
      </short_event_descriptor>
      <extended_event_descriptor descriptor_number="0" last_descriptor_number="1" language_code="cze">
        <text>V Berlíně se příští týden uskuteční významná událost - bude zahájen provoz digitálního archivu Romů a Sintů, který představí celou škálu romského umění, ale také hnutí za občanská práva Romů a hlasy romských obětí h</text>
      </extended_event_descriptor>
      <extended_event_descriptor descriptor_number="1" last_descriptor_number="1" language_code="cze">
        <text>olocaustu. Moderuje Iveta Demeterová.</text>
      </extended_event_descriptor>
      <content_descriptor>
        <content content_nibble_level_1="0" content_nibble_level_2="0" user_byte="0x00"/>
      </content_descriptor>
    </event>
    <event event_id="0xC755" start_time="2019-01-19 20:00:00" duration="00:06:00" running_status="undefined" CA_mode="false">
      <short_event_descriptor language_code="cze">
        <event_name>Zprávy</event_name>
        <text></text>
      </short_event_descriptor>
      <extended_event_descriptor descriptor_number="0" last_descriptor_number="0" language_code="cze">
        <text>Z domova i ze světa. Sport, Zelená vlna a počasí. O dopravní situaci informujte na bezplatné lince 800 553 553.</text>
      </extended_event_descriptor>
      <content_descriptor>
        <content content_nibble_level_1="0" content_nibble_level_2="0" user_byte="0x00"/>
      </content_descriptor>
    </event>
    <event event_id="0xC759" start_time="2019-01-19 20:06:00" duration="00:54:00" running_status="undefined" CA_mode="false">
      <short_event_descriptor language_code="cze">
        <event_name>Příběhy 20. století</event_name>
        <text></text>
      </short_event_descriptor>
      <content_descriptor>
        <content content_nibble_level_1="0" content_nibble_level_2="0" user_byte="0x00"/>
      </content_descriptor>
    </event>
    <event event_id="0xC780" start_time="2019-01-19 21:00:00" duration="00:05:00" running_status="undefined" CA_mode="false">
      <short_event_descriptor language_code="cze">
        <event_name>Zprávy</event_name>
        <text></text>
      </short_event_descriptor>
      <extended_event_descriptor descriptor_number="0" last_descriptor_number="0" language_code="cze">
        <text>Zpravodajství z Česka i ze světa. Sport, Zelená vlna a předpověď počasí. O dopravní situaci informujte na bezplatné lince 800 553 553.</text>
      </extended_event_descriptor>
      <content_descriptor>
        <content content_nibble_level_1="0" content_nibble_level_2="0" user_byte="0x00"/>
      </content_descriptor>
    </event>
    <event event_id="0xC783" start_time="2019-01-19 21:05:00" duration="00:55:00" running_status="undefined" CA_mode="false">
      <short_event_descriptor language_code="cze">
        <event_name>Host Radiožurnálu</event_name>
        <text>Víkendový výběr z hostů Radiožurnálu.</text>
      </short_event_descriptor>
      <content_descriptor>
        <content content_nibble_level_1="0" content_nibble_level_2="0" user_byte="0x00"/>
      </content_descriptor>
    </event>
    <event event_id="0xC7AA" start_time="2019-01-19 22:00:00" duration="00:05:00" running_status="undefined" CA_mode="false">
      <short_event_descriptor language_code="cze">
        <event_name>Zprávy</event_name>
        <text></text>
      </short_event_descriptor>
      <extended_event_descriptor descriptor_number="0" last_descriptor_number="0" language_code="cze">
        <text>Zpravodajství z Česka i ze světa. Sport, Zelená vlna a předpověď počasí. O dopravní situaci informujte na bezplatné lince 800 553 553.</text>
      </extended_event_descriptor>
      <content_descriptor>
        <content content_nibble_level_1="0" content_nibble_level_2="0" user_byte="0x00"/>
      </content_descriptor>
    </event>
    <event event_id="0xC7AD" start_time="2019-01-19 22:05:00" duration="00:55:00" running_status="undefined" CA_mode="false">
      <short_event_descriptor language_code="cze">
        <event_name>Večerní Host Radiožurnálu</event_name>
        <text></text>
      </short_event_descriptor>
      <extended_event_descriptor descriptor_number="0" last_descriptor_number="1" language_code="cze">
        <text>Hostem je Darja Kawasumi, japanoložka, znalkyně tamní kuchyně i tamních obyčejů a odbornice na čajový obřad. K čemu obřad slouží? Jaká pravidla se při něm nesmějí porušit? Co je pro japonskou kuchyni absolutně nepostradatelné? </text>
      </extended_event_descriptor>
      <extended_event_descriptor descriptor_number="1" last_descriptor_number="1" language_code="cze">
        <text>A jak se dá přeložit příjmení paní Kawasumi do češtiny? Zeptá se Michaela van Erne a ptát se můžete i vy v dotazníku na webu.</text>
      </extended_event_descriptor>
      <content_descriptor>
        <content content_nibble_level_1="0" content_nibble_level_2="0" user_byte="0x00"/>
      </content_descriptor>
    </event>
    <event event_id="0xC7D5" start_time="2019-01-19 23:00:00" duration="00:10:00" running_status="undefined" CA_mode="false">
      <short_event_descriptor language_code="cze">
        <event_name>Zprávy</event_name>
        <text></text>
      </short_event_descriptor>
      <extended_event_descriptor descriptor_number="0" last_descriptor_number="0" language_code="cze">
        <text>Zpravodajství z Česka i ze světa. Sport, Zelená vlna a předpověď počasí. O dopravní situaci informujte na bezplatné lince 800 553 553.</text>
      </extended_event_descriptor>
      <content_descriptor>
        <content content_nibble_level_1="0" content_nibble_level_2="0" user_byte="0x00"/>
      </content_descriptor>
    </event>
    <event event_id="0xC7DC" start_time="2019-01-19 23:10:00" duration="00:50:00" running_status="undefined" CA_mode="false">
      <short_event_descriptor language_code="cze">
        <event_name>Noční Radiožurnál</event_name>
        <text>Aktuální reportáže a nejrychlejší zpravodajství. Moderuje Martin Košík a Jiří Štefl.</text>
      </short_event_descriptor>
      <content_descriptor>
        <content content_nibble_level_1="0" content_nibble_level_2="0" user_byte="0x00"/>
      </content_descriptor>
    </event>
    <event event_id="0xC800" start_time="2019-01-20 00:00:00" duration="00:05:00" running_status="undefined" CA_mode="false">
      <short_event_descriptor language_code="cze">
        <event_name>Zprávy</event_name>
        <text></text>
      </short_event_descriptor>
      <extended_event_descriptor descriptor_number="0" last_descriptor_number="0" language_code="cze">
        <text>Zpravodajství z Česka i ze světa. Sport, Zelená vlna a předpověď počasí. O dopravní situaci informujte na bezplatné lince 800 553 553.</text>
      </extended_event_descriptor>
      <content_descriptor>
        <content content_nibble_level_1="0" content_nibble_level_2="0" user_byte="0x00"/>
      </content_descriptor>
    </event>
    <event event_id="0xC803" start_time="2019-01-20 00:05:00" duration="00:55:00" running_status="undefined" CA_mode="false">
      <short_event_descriptor language_code="cze">
        <event_name>Noční Radiožurnál</event_name>
        <text>Aktuální reportáže a nejrychlejší zpravodajství. Moderuje Martin Košík a Jiří Štefl.</text>
      </short_event_descriptor>
      <content_descriptor>
        <content content_nibble_level_1="0" content_nibble_level_2="0" user_byte="0x00"/>
      </content_descriptor>
    </event>
    <event event_id="0xC82A" start_time="2019-01-20 01:00:00" duration="00:05:00" running_status="undefined" CA_mode="false">
      <short_event_descriptor language_code="cze">
        <event_name>Zprávy</event_name>
        <text></text>
      </short_event_descriptor>
      <extended_event_descriptor descriptor_number="0" last_descriptor_number="0" language_code="cze">
        <text>Zpravodajství z Česka i ze světa. Sport, Zelená vlna a předpověď počasí. O dopravní situaci informujte na bezplatné lince 800 553 553.</text>
      </extended_event_descriptor>
      <content_descriptor>
        <content content_nibble_level_1="0" content_nibble_level_2="0" user_byte="0x00"/>
      </content_descriptor>
    </event>
    <event event_id="0xC82D" start_time="2019-01-20 01:05:00" duration="00:55:00" running_status="undefined" CA_mode="false">
      <short_event_descriptor language_code="cze">
        <event_name>Noční Radiožurnál</event_name>
        <text>Aktuální reportáže a nejrychlejší zpravodajství. Moderuje Martin Košík a Jiří Štefl.</text>
      </short_event_descriptor>
      <content_descriptor>
        <content content_nibble_level_1="0" content_nibble_level_2="0" user_byte="0x00"/>
      </content_descriptor>
    </event>
    <event event_id="0xC855" start_time="2019-01-20 02:00:00" duration="00:05:00" running_status="undefined" CA_mode="false">
      <short_event_descriptor language_code="cze">
        <event_name>Zprávy</event_name>
        <text></text>
      </short_event_descriptor>
      <extended_event_descriptor descriptor_number="0" last_descriptor_number="0" language_code="cze">
        <text>Zpravodajství z Česka i ze světa. Sport, Zelená vlna a předpověď počasí. O dopravní situaci informujte na bezplatné lince 800 553 553.</text>
      </extended_event_descriptor>
      <content_descriptor>
        <content content_nibble_level_1="0" content_nibble_level_2="0" user_byte="0x00"/>
      </content_descriptor>
    </event>
    <event event_id="0xC858" start_time="2019-01-20 02:05:00" duration="00:55:00" running_status="undefined" CA_mode="false">
      <short_event_descriptor language_code="cze">
        <event_name>Noční Radiožurnál</event_name>
        <text>Aktuální reportáže a nejrychlejší zpravodajství. Moderuje Martin Košík a Jiří Štefl.</text>
      </short_event_descriptor>
      <content_descriptor>
        <content content_nibble_level_1="0" content_nibble_level_2="0" user_byte="0x00"/>
      </content_descriptor>
    </event>
    <event event_id="0xC880" start_time="2019-01-20 03:00:00" duration="00:05:00" running_status="undefined" CA_mode="false">
      <short_event_descriptor language_code="cze">
        <event_name>Zprávy</event_name>
        <text></text>
      </short_event_descriptor>
      <extended_event_descriptor descriptor_number="0" last_descriptor_number="0" language_code="cze">
        <text>Zpravodajství z Česka i ze světa. Sport, Zelená vlna a předpověď počasí. O dopravní situaci informujte na bezplatné lince 800 553 553.</text>
      </extended_event_descriptor>
      <content_descriptor>
        <content content_nibble_level_1="0" content_nibble_level_2="0" user_byte="0x00"/>
      </content_descriptor>
    </event>
    <event event_id="0xC883" start_time="2019-01-20 03:05:00" duration="00:55:00" running_status="undefined" CA_mode="false">
      <short_event_descriptor language_code="cze">
        <event_name>Noční Radiožurnál</event_name>
        <text>Aktuální reportáže a nejrychlejší zpravodajství. Moderuje Martin Košík a Jiří Štefl.</text>
      </short_event_descriptor>
      <content_descriptor>
        <content content_nibble_level_1="0" content_nibble_level_2="0" user_byte="0x00"/>
      </content_descriptor>
    </event>
    <event event_id="0xC8AA" start_time="2019-01-20 04:00:00" duration="00:05:00" running_status="undefined" CA_mode="false">
      <short_event_descriptor language_code="cze">
        <event_name>Zprávy</event_name>
        <text></text>
      </short_event_descriptor>
      <extended_event_descriptor descriptor_number="0" last_descriptor_number="0" language_code="cze">
        <text>Z domova i ze světa. Sport, Zelená vlna a počasí. O dopravní situaci informujte na bezplatné lince 800 553 553.</text>
      </extended_event_descriptor>
      <content_descriptor>
        <content content_nibble_level_1="0" content_nibble_level_2="0" user_byte="0x00"/>
      </content_descriptor>
    </event>
    <event event_id="0xC8AD" start_time="2019-01-20 04:05:00" duration="00:55:00" running_status="undefined" CA_mode="false">
      <short_event_descriptor language_code="cze">
        <event_name>Víkendový Ranní Radiožurnál</event_name>
        <text></text>
      </short_event_descriptor>
      <extended_event_descriptor descriptor_number="0" last_descriptor_number="0" language_code="cze">
        <text>Aktuální reportáže a nejrychlejší zpravodajství, informace z denního tisku. Moderuje Vladimír Kroc.</text>
      </extended_event_descriptor>
      <content_descriptor>
        <content content_nibble_level_1="0" content_nibble_level_2="0" user_byte="0x00"/>
      </content_descriptor>
    </event>
    <event event_id="0xC8D5" start_time="2019-01-20 05:00:00" duration="00:05:30" running_status="undefined" CA_mode="false">
      <short_event_descriptor language_code="cze">
        <event_name>Zprávy</event_name>
        <text></text>
      </short_event_descriptor>
      <extended_event_descriptor descriptor_number="0" last_descriptor_number="0" language_code="cze">
        <text>Z domova i ze světa. Sport, Zelená vlna a počasí. O dopravní situaci informujte na bezplatné lince 800 553 553.</text>
      </extended_event_descriptor>
      <content_descriptor>
        <content content_nibble_level_1="0" content_nibble_level_2="0" user_byte="0x00"/>
      </content_descriptor>
    </event>
    <event event_id="0xC8D9" start_time="2019-01-20 05:05:30" duration="00:54:30" running_status="undefined" CA_mode="false">
      <short_event_descriptor language_code="cze">
        <event_name>Víkendový Ranní Radiožurnál</event_name>
        <text></text>
      </short_event_descriptor>
      <extended_event_descriptor descriptor_number="0" last_descriptor_number="0" language_code="cze">
        <text>Aktuální reportáže a nejrychlejší zpravodajství, informace z denního tisku. Moderuje Vladimír Kroc.</text>
      </extended_event_descriptor>
      <content_descriptor>
        <content content_nibble_level_1="0" content_nibble_level_2="0" user_byte="0x00"/>
      </content_descriptor>
    </event>
    <event event_id="0xC900" start_time="2019-01-20 06:00:00" duration="00:05:30" running_status="undefined" CA_mode="false">
      <short_event_descriptor language_code="cze">
        <event_name>Zprávy</event_name>
        <text></text>
      </short_event_descriptor>
      <extended_event_descriptor descriptor_number="0" last_descriptor_number="0" language_code="cze">
        <text>Z domova i ze světa. Sport, Zelená vlna a počasí. O dopravní situaci informujte na bezplatné lince 800 553 553.</text>
      </extended_event_descriptor>
      <content_descriptor>
        <content content_nibble_level_1="0" content_nibble_level_2="0" user_byte="0x00"/>
      </content_descriptor>
    </event>
    <event event_id="0xC903" start_time="2019-01-20 06:05:30" duration="00:54:30" running_status="undefined" CA_mode="false">
      <short_event_descriptor language_code="cze">
        <event_name>Víkendový Ranní Radiožurnál</event_name>
        <text></text>
      </short_event_descriptor>
      <extended_event_descriptor descriptor_number="0" last_descriptor_number="0" language_code="cze">
        <text>Aktuální reportáže a nejrychlejší zpravodajství, informace z denního tisku. Moderuje Vladimír Kroc.</text>
      </extended_event_descriptor>
      <content_descriptor>
        <content content_nibble_level_1="0" content_nibble_level_2="0" user_byte="0x00"/>
      </content_descriptor>
    </event>
    <event event_id="0xC92A" start_time="2019-01-20 07:00:00" duration="00:05:30" running_status="undefined" CA_mode="false">
      <short_event_descriptor language_code="cze">
        <event_name>Zprávy</event_name>
        <text></text>
      </short_event_descriptor>
      <extended_event_descriptor descriptor_number="0" last_descriptor_number="0" language_code="cze">
        <text>Z domova i ze světa. Sport, Zelená vlna a počasí. O dopravní situaci informujte na bezplatné lince 800 553 553.</text>
      </extended_event_descriptor>
      <content_descriptor>
        <content content_nibble_level_1="0" content_nibble_level_2="0" user_byte="0x00"/>
      </content_descriptor>
    </event>
    <event event_id="0xC92E" start_time="2019-01-20 07:05:30" duration="00:44:30" running_status="undefined" CA_mode="false">
      <short_event_descriptor language_code="cze">
        <event_name>Víkendový Ranní Radiožurnál</event_name>
        <text></text>
      </short_event_descriptor>
      <extended_event_descriptor descriptor_number="0" last_descriptor_number="0" language_code="cze">
        <text>Aktuální reportáže a nejrychlejší zpravodajství, informace z denního tisku. Moderuje Vladimír Kroc.</text>
      </extended_event_descriptor>
      <content_descriptor>
        <content content_nibble_level_1="0" content_nibble_level_2="0" user_byte="0x00"/>
      </content_descriptor>
    </event>
    <event event_id="0xC94D" start_time="2019-01-20 07:50:00" duration="00:04:00" running_status="undefined" CA_mode="false">
      <short_event_descriptor language_code="cze">
        <event_name>Ranní interview</event_name>
        <text></text>
      </short_event_descriptor>
      <content_descriptor>
        <content content_nibble_level_1="0" content_nibble_level_2="0" user_byte="0x00"/>
      </content_descriptor>
    </event>
    <event event_id="0xC950" start_time="2019-01-20 07:54:00" duration="00:06:00" running_status="undefined" CA_mode="false">
      <short_event_descriptor language_code="cze">
        <event_name>Víkendový Ranní Radiožurnál</event_name>
        <text></text>
      </short_event_descriptor>
      <extended_event_descriptor descriptor_number="0" last_descriptor_number="0" language_code="cze">
        <text>Aktuální reportáže a nejrychlejší zpravodajství, informace z denního tisku. Moderuje Vladimír Kroc.</text>
      </extended_event_descriptor>
      <content_descriptor>
        <content content_nibble_level_1="0" content_nibble_level_2="0" user_byte="0x00"/>
      </content_descriptor>
    </event>
    <event event_id="0xC954" start_time="2019-01-20 08:00:00" duration="00:06:30" running_status="undefined" CA_mode="false">
      <short_event_descriptor language_code="cze">
        <event_name>Zprávy</event_name>
        <text></text>
      </short_event_descriptor>
      <extended_event_descriptor descriptor_number="0" last_descriptor_number="0" language_code="cze">
        <text>Z domova i ze světa. Sport, Zelená vlna a počasí. O dopravní situaci informujte na bezplatné lince 800 553 553.</text>
      </extended_event_descriptor>
      <content_descriptor>
        <content content_nibble_level_1="0" content_nibble_level_2="0" user_byte="0x00"/>
      </content_descriptor>
    </event>
    <event event_id="0xC959" start_time="2019-01-20 08:06:30" duration="00:53:30" running_status="undefined" CA_mode="false">
      <short_event_descriptor language_code="cze">
        <event_name>Zápisník zahraničních zpravodajů</event_name>
        <text>Nejlepší reportáže zahraničních zpravodajů a reportérů Radiožurnálu.</text>
      </short_event_descriptor>
      <content_descriptor>
        <content content_nibble_level_1="0" content_nibble_level_2="0" user_byte="0x00"/>
      </content_descriptor>
    </event>
    <event event_id="0xC980" start_time="2019-01-20 09:00:00" duration="00:06:00" running_status="undefined" CA_mode="false">
      <short_event_descriptor language_code="cze">
        <event_name>Zprávy</event_name>
        <text></text>
      </short_event_descriptor>
      <extended_event_descriptor descriptor_number="0" last_descriptor_number="0" language_code="cze">
        <text>Z domova i ze světa. Sport, Zelená vlna a počasí. O dopravní situaci informujte na bezplatné lince 800 553 553.</text>
      </extended_event_descriptor>
      <content_descriptor>
        <content content_nibble_level_1="0" content_nibble_level_2="0" user_byte="0x00"/>
      </content_descriptor>
    </event>
    <event event_id="0xC984" start_time="2019-01-20 09:06:00" duration="00:54:00" running_status="undefined" CA_mode="false">
      <short_event_descriptor language_code="cze">
        <event_name>Host Radiožurnálu</event_name>
        <text></text>
      </short_event_descriptor>
      <extended_event_descriptor descriptor_number="0" last_descriptor_number="1" language_code="cze">
        <text>Jak snášíte olomoucké tvarůžky? Blanka Poštulková na jejich vůni a chuti postavila myšlenku rodinné cukrárny. Jak se z ostře slaného sýra stane dezert? Kolik variací se dá vymyslet? A nemusí se syrečkové mlsání provozovat jen p</text>
      </extended_event_descriptor>
      <extended_event_descriptor descriptor_number="1" last_descriptor_number="1" language_code="cze">
        <text>od širým nebem? Zeptá se Patricie Strouhalová a ptát se můžete i vy v dotazníku na webu.</text>
      </extended_event_descriptor>
      <content_descriptor>
        <content content_nibble_level_1="0" content_nibble_level_2="0" user_byte="0x00"/>
      </content_descriptor>
    </event>
    <event event_id="0xC9AA" start_time="2019-01-20 10:00:00" duration="00:06:00" running_status="undefined" CA_mode="false">
      <short_event_descriptor language_code="cze">
        <event_name>Zprávy</event_name>
        <text></text>
      </short_event_descriptor>
      <extended_event_descriptor descriptor_number="0" last_descriptor_number="0" language_code="cze">
        <text>Z domova i ze světa. Sport, Zelená vlna a počasí. O dopravní situaci informujte na bezplatné lince 800 553 553.</text>
      </extended_event_descriptor>
      <content_descriptor>
        <content content_nibble_level_1="0" content_nibble_level_2="0" user_byte="0x00"/>
      </content_descriptor>
    </event>
    <event event_id="0xC9AE" start_time="2019-01-20 10:06:00" duration="00:54:00" running_status="undefined" CA_mode="false">
      <short_event_descriptor language_code="cze">
        <event_name>Víkendový Polední Radiožurnál</event_name>
        <text></text>
      </short_event_descriptor>
      <extended_event_descriptor descriptor_number="0" last_descriptor_number="0" language_code="cze">
        <text>Aktuální reportáže, nejrychlejší zpravodajství, informace pro spotřebitele a gastronomické glosy Pavla Maurera. Moderuje Patricie Strouhalová.</text>
      </extended_event_descriptor>
      <content_descriptor>
        <content content_nibble_level_1="0" content_nibble_level_2="0" user_byte="0x00"/>
      </content_descriptor>
    </event>
    <event event_id="0xC9D5" start_time="2019-01-20 11:00:00" duration="00:10:00" running_status="undefined" CA_mode="false">
      <short_event_descriptor language_code="cze">
        <event_name>Zprávy</event_name>
        <text></text>
      </short_event_descriptor>
      <extended_event_descriptor descriptor_number="0" last_descriptor_number="0" language_code="cze">
        <text>Z domova i ze světa. Sport, Zelená vlna a počasí. O dopravní situaci informujte na bezplatné lince 800 553 553.</text>
      </extended_event_descriptor>
      <content_descriptor>
        <content content_nibble_level_1="0" content_nibble_level_2="0" user_byte="0x00"/>
      </content_descriptor>
    </event>
    <event event_id="0xC9DC" start_time="2019-01-20 11:10:00" duration="00:50:00" running_status="undefined" CA_mode="false">
      <short_event_descriptor language_code="cze">
        <event_name>Víkendový Polední Radiožurnál</event_name>
        <text></text>
      </short_event_descriptor>
      <extended_event_descriptor descriptor_number="0" last_descriptor_number="0" language_code="cze">
        <text>Aktuální reportáže, nejrychlejší zpravodajství, informace pro spotřebitele a gastronomické glosy Pavla Maurera. Moderuje Patricie Strouhalová.</text>
      </extended_event_descriptor>
      <content_descriptor>
        <content content_nibble_level_1="0" content_nibble_level_2="0" user_byte="0x00"/>
      </content_descriptor>
    </event>
    <event event_id="0xCA00" start_time="2019-01-20 12:00:00" duration="00:06:00" running_status="undefined" CA_mode="false">
      <short_event_descriptor language_code="cze">
        <event_name>Zprávy</event_name>
        <text></text>
      </short_event_descriptor>
      <extended_event_descriptor descriptor_number="0" last_descriptor_number="0" language_code="cze">
        <text>Z domova i ze světa. Sport, Zelená vlna a počasí. O dopravní situaci informujte na bezplatné lince 800 553 553.</text>
      </extended_event_descriptor>
      <content_descriptor>
        <content content_nibble_level_1="0" content_nibble_level_2="0" user_byte="0x00"/>
      </content_descriptor>
    </event>
    <event event_id="0xCA04" start_time="2019-01-20 12:06:00" duration="00:54:00" running_status="undefined" CA_mode="false">
      <short_event_descriptor language_code="cze">
        <event_name>Víkendový Polední Radiožurnál</event_name>
        <text></text>
      </short_event_descriptor>
      <extended_event_descriptor descriptor_number="0" last_descriptor_number="0" language_code="cze">
        <text>Aktuální reportáže, nejrychlejší zpravodajství, informace pro spotřebitele a gastronomické glosy Pavla Maurera. Moderuje Patricie Strouhalová.</text>
      </extended_event_descriptor>
      <content_descriptor>
        <content content_nibble_level_1="0" content_nibble_level_2="0" user_byte="0x00"/>
      </content_descriptor>
    </event>
    <event event_id="0xCA2A" start_time="2019-01-20 13:00:00" duration="00:06:00" running_status="undefined" CA_mode="false">
      <short_event_descriptor language_code="cze">
        <event_name>Zprávy</event_name>
        <text></text>
      </short_event_descriptor>
      <extended_event_descriptor descriptor_number="0" last_descriptor_number="0" language_code="cze">
        <text>Z domova i ze světa. Sport, Zelená vlna a počasí. O dopravní situaci informujte na bezplatné lince 800 553 553.</text>
      </extended_event_descriptor>
      <content_descriptor>
        <content content_nibble_level_1="0" content_nibble_level_2="0" user_byte="0x00"/>
      </content_descriptor>
    </event>
    <event event_id="0xCA2E" start_time="2019-01-20 13:06:00" duration="00:54:00" running_status="undefined" CA_mode="false">
      <short_event_descriptor language_code="cze">
        <event_name>Víkendový Odpolední Radiožurnál</event_name>
        <text>Aktuální reportáže a nejrychlejší zpravodajství. Moderuje Michaela van Erne.</text>
      </short_event_descriptor>
      <content_descriptor>
        <content content_nibble_level_1="0" content_nibble_level_2="0" user_byte="0x00"/>
      </content_descriptor>
    </event>
    <event event_id="0xCA55" start_time="2019-01-20 14:00:00" duration="00:06:00" running_status="undefined" CA_mode="false">
      <short_event_descriptor language_code="cze">
        <event_name>Zprávy</event_name>
        <text></text>
      </short_event_descriptor>
      <extended_event_descriptor descriptor_number="0" last_descriptor_number="0" language_code="cze">
        <text>Z domova i ze světa. Sport, Zelená vlna a počasí. O dopravní situaci informujte na bezplatné lince 800 553 553.</text>
      </extended_event_descriptor>
      <content_descriptor>
        <content content_nibble_level_1="0" content_nibble_level_2="0" user_byte="0x00"/>
      </content_descriptor>
    </event>
    <event event_id="0xCA59" start_time="2019-01-20 14:06:00" duration="00:54:00" running_status="undefined" CA_mode="false">
      <short_event_descriptor language_code="cze">
        <event_name>Víkendový Odpolední Radiožurnál</event_name>
        <text>Aktuální reportáže a nejrychlejší zpravodajství. Moderuje Michaela van Erne.</text>
      </short_event_descriptor>
      <content_descriptor>
        <content content_nibble_level_1="0" content_nibble_level_2="0" user_byte="0x00"/>
      </content_descriptor>
    </event>
    <event event_id="0xCA80" start_time="2019-01-20 15:00:00" duration="00:06:00" running_status="undefined" CA_mode="false">
      <short_event_descriptor language_code="cze">
        <event_name>Zprávy</event_name>
        <text></text>
      </short_event_descriptor>
      <extended_event_descriptor descriptor_number="0" last_descriptor_number="0" language_code="cze">
        <text>Z domova i ze světa. Sport, Zelená vlna a počasí. O dopravní situaci informujte na bezplatné lince 800 553 553.</text>
      </extended_event_descriptor>
      <content_descriptor>
        <content content_nibble_level_1="0" content_nibble_level_2="0" user_byte="0x00"/>
      </content_descriptor>
    </event>
    <event event_id="0xCA84" start_time="2019-01-20 15:06:00" duration="00:54:00" running_status="undefined" CA_mode="false">
      <short_event_descriptor language_code="cze">
        <event_name>Víkendový Odpolední Radiožurnál</event_name>
        <text>Aktuální reportáže a nejrychlejší zpravodajství. Moderuje Michaela van Erne.</text>
      </short_event_descriptor>
      <content_descriptor>
        <content content_nibble_level_1="0" content_nibble_level_2="0" user_byte="0x00"/>
      </content_descriptor>
    </event>
    <event event_id="0xCAAA" start_time="2019-01-20 16:00:00" duration="00:06:00" running_status="undefined" CA_mode="false">
      <short_event_descriptor language_code="cze">
        <event_name>Zprávy</event_name>
        <text></text>
      </short_event_descriptor>
      <extended_event_descriptor descriptor_number="0" last_descriptor_number="0" language_code="cze">
        <text>Z domova i ze světa. Sport, Zelená vlna a počasí. O dopravní situaci informujte na bezplatné lince 800 553 553.</text>
      </extended_event_descriptor>
      <content_descriptor>
        <content content_nibble_level_1="0" content_nibble_level_2="0" user_byte="0x00"/>
      </content_descriptor>
    </event>
    <event event_id="0xCAAE" start_time="2019-01-20 16:06:00" duration="00:54:00" running_status="undefined" CA_mode="false">
      <short_event_descriptor language_code="cze">
        <event_name>Víkendový Odpolední Radiožurnál</event_name>
        <text>Aktuální reportáže a nejrychlejší zpravodajství. Moderuje Michaela van Erne.</text>
      </short_event_descriptor>
      <content_descriptor>
        <content content_nibble_level_1="0" content_nibble_level_2="0" user_byte="0x00"/>
      </content_descriptor>
    </event>
    <event event_id="0xCAD5" start_time="2019-01-20 17:00:00" duration="00:10:59" running_status="undefined" CA_mode="false">
      <short_event_descriptor language_code="cze">
        <event_name>Hlavní zprávy</event_name>
        <text></text>
      </short_event_descriptor>
      <extended_event_descriptor descriptor_number="0" last_descriptor_number="0" language_code="cze">
        <text>Zpravodajský souhrn nejdůležitějších událostí dne. Z domova i ze světa. Sport, Zelená vlna a počasí. O dopravní situaci informujte na bezplatné lince 800 553 553.</text>
      </extended_event_descriptor>
      <content_descriptor>
        <content content_nibble_level_1="0" content_nibble_level_2="0" user_byte="0x00"/>
      </content_descriptor>
    </event>
    <event event_id="0xCADD" start_time="2019-01-20 17:10:59" duration="00:49:01" running_status="undefined" CA_mode="false">
      <short_event_descriptor language_code="cze">
        <event_name>Sportžurnál</event_name>
        <text></text>
      </short_event_descriptor>
      <content_descriptor>
        <content content_nibble_level_1="0" content_nibble_level_2="0" user_byte="0x00"/>
      </content_descriptor>
    </event>
    <event event_id="0xCB00" start_time="2019-01-20 18:00:00" duration="00:06:00" running_status="undefined" CA_mode="false">
      <short_event_descriptor language_code="cze">
        <event_name>Zprávy</event_name>
        <text></text>
      </short_event_descriptor>
      <extended_event_descriptor descriptor_number="0" last_descriptor_number="0" language_code="cze">
        <text>Z domova i ze světa. Sport, Zelená vlna a počasí. O dopravní situaci informujte na bezplatné lince 800 553 553.</text>
      </extended_event_descriptor>
      <content_descriptor>
        <content content_nibble_level_1="0" content_nibble_level_2="0" user_byte="0x00"/>
      </content_descriptor>
    </event>
    <event event_id="0xCB04" start_time="2019-01-20 18:06:00" duration="00:54:00" running_status="undefined" CA_mode="false">
      <short_event_descriptor language_code="cze">
        <event_name>Sportžurnál</event_name>
        <text></text>
      </short_event_descriptor>
      <content_descriptor>
        <content content_nibble_level_1="0" content_nibble_level_2="0" user_byte="0x00"/>
      </content_descriptor>
    </event>
    <event event_id="0xCB2A" start_time="2019-01-20 19:00:00" duration="00:05:00" running_status="undefined" CA_mode="false">
      <short_event_descriptor language_code="cze">
        <event_name>Zprávy</event_name>
        <text></text>
      </short_event_descriptor>
      <extended_event_descriptor descriptor_number="0" last_descriptor_number="0" language_code="cze">
        <text>Z domova i ze světa. Sport, Zelená vlna a počasí. O dopravní situaci informujte na bezplatné lince 800 553 553.</text>
      </extended_event_descriptor>
      <content_descriptor>
        <content content_nibble_level_1="0" content_nibble_level_2="0" user_byte="0x00"/>
      </content_descriptor>
    </event>
    <event event_id="0xCB2D" start_time="2019-01-20 19:05:00" duration="00:55:00" running_status="undefined" CA_mode="false">
      <short_event_descriptor language_code="cze">
        <event_name>Stretnutie</event_name>
        <text></text>
      </short_event_descriptor>
      <content_descriptor>
        <content content_nibble_level_1="0" content_nibble_level_2="0" user_byte="0x00"/>
      </content_descriptor>
    </event>
    <event event_id="0xCB55" start_time="2019-01-20 20:00:00" duration="00:06:00" running_status="undefined" CA_mode="false">
      <short_event_descriptor language_code="cze">
        <event_name>Zprávy</event_name>
        <text></text>
      </short_event_descriptor>
      <extended_event_descriptor descriptor_number="0" last_descriptor_number="0" language_code="cze">
        <text>Z domova i ze světa. Sport, Zelená vlna a počasí. O dopravní situaci informujte na bezplatné lince 800 553 553.</text>
      </extended_event_descriptor>
      <content_descriptor>
        <content content_nibble_level_1="0" content_nibble_level_2="0" user_byte="0x00"/>
      </content_descriptor>
    </event>
    <event event_id="0xCB59" start_time="2019-01-20 20:06:00" duration="00:54:00" running_status="undefined" CA_mode="false">
      <short_event_descriptor language_code="cze">
        <event_name>Večerní Radiožurnál</event_name>
        <text>Aktuální reportáže a nejrychlejší zpravodajství. Moderuje Michaela van Erne.</text>
      </short_event_descriptor>
      <content_descriptor>
        <content content_nibble_level_1="0" content_nibble_level_2="0" user_byte="0x00"/>
      </content_descriptor>
    </event>
    <event event_id="0xCB80" start_time="2019-01-20 21:00:00" duration="00:05:00" running_status="undefined" CA_mode="false">
      <short_event_descriptor language_code="cze">
        <event_name>Zprávy</event_name>
        <text></text>
      </short_event_descriptor>
      <extended_event_descriptor descriptor_number="0" last_descriptor_number="0" language_code="cze">
        <text>Zpravodajství z Česka i ze světa. Sport, Zelená vlna a předpověď počasí. O dopravní situaci informujte na bezplatné lince 800 553 553.</text>
      </extended_event_descriptor>
      <content_descriptor>
        <content content_nibble_level_1="0" content_nibble_level_2="0" user_byte="0x00"/>
      </content_descriptor>
    </event>
    <event event_id="0xCB83" start_time="2019-01-20 21:05:00" duration="00:55:00" running_status="undefined" CA_mode="false">
      <short_event_descriptor language_code="cze">
        <event_name>Večerní Radiožurnál</event_name>
        <text>Aktuální reportáže a nejrychlejší zpravodajství. Moderuje Michaela van Erne.</text>
      </short_event_descriptor>
      <content_descriptor>
        <content content_nibble_level_1="0" content_nibble_level_2="0" user_byte="0x00"/>
      </content_descriptor>
    </event>
    <event event_id="0xCBAA" start_time="2019-01-20 22:00:00" duration="00:05:00" running_status="undefined" CA_mode="false">
      <short_event_descriptor language_code="cze">
        <event_name>Zprávy</event_name>
        <text></text>
      </short_event_descriptor>
      <extended_event_descriptor descriptor_number="0" last_descriptor_number="0" language_code="cze">
        <text>Zpravodajství z Česka i ze světa. Sport, Zelená vlna a předpověď počasí. O dopravní situaci informujte na bezplatné lince 800 553 553.</text>
      </extended_event_descriptor>
      <content_descriptor>
        <content content_nibble_level_1="0" content_nibble_level_2="0" user_byte="0x00"/>
      </content_descriptor>
    </event>
    <event event_id="0xCBAD" start_time="2019-01-20 22:05:00" duration="00:55:00" running_status="undefined" CA_mode="false">
      <short_event_descriptor language_code="cze">
        <event_name>Večerní Radiožurnál</event_name>
        <text>Aktuální reportáže a nejrychlejší zpravodajství. Moderuje Michaela van Erne.</text>
      </short_event_descriptor>
      <content_descriptor>
        <content content_nibble_level_1="0" content_nibble_level_2="0" user_byte="0x00"/>
      </content_descriptor>
    </event>
    <event event_id="0x4FD5" start_time="2019-01-20 23:00:00" duration="00:10:00" running_status="undefined" CA_mode="false">
      <short_event_descriptor language_code="cze">
        <event_name>Zprávy</event_name>
        <text></text>
      </short_event_descriptor>
      <extended_event_descriptor descriptor_number="0" last_descriptor_number="0" language_code="cze">
        <text>Zpravodajství z Česka i ze světa. Sport, Zelená vlna a předpověď počasí. O dopravní situaci informujte na bezplatné lince 800 553 553.</text>
      </extended_event_descriptor>
      <content_descriptor>
        <content content_nibble_level_1="0" content_nibble_level_2="0" user_byte="0x00"/>
      </content_descriptor>
    </event>
    <event event_id="0x4FDC" start_time="2019-01-20 23:10:00" duration="00:50:00" running_status="undefined" CA_mode="false">
      <short_event_descriptor language_code="cze">
        <event_name>Noční Radiožurnál</event_name>
        <text>Aktuální reportáže a nejrychlejší zpravodajství. Moderuje Martin Košík a Jiří Štefl.</text>
      </short_event_descriptor>
      <content_descriptor>
        <content content_nibble_level_1="0" content_nibble_level_2="0" user_byte="0x00"/>
      </content_descriptor>
    </event>
  </EIT>
  <EIT type="0" version="22" current="true" actual="true" service_id="0x4102" transport_stream_id="0x0111" original_network_id="0x20CB" last_table_id="0x50">
    <!-- PID 0x0012 (18) -->
    <event event_id="0xC701" start_time="2019-01-19 18:00:00" duration="00:45:00" running_status="undefined" CA_mode="false">
      <short_event_descriptor language_code="cze">
        <event_name>Klub Rádia Junior</event_name>
        <text></text>
      </short_event_descriptor>
      <extended_event_descriptor descriptor_number="0" last_descriptor_number="0" language_code="cze">
        <text>Hodina plná zajímavého povídání, písniček a soutěží. Pište na adresu: radiojunior@rozhlas.cz. Těší se na vás Denisa Kimlová.</text>
      </extended_event_descriptor>
      <content_descriptor>
        <content content_nibble_level_1="0" content_nibble_level_2="0" user_byte="0x00"/>
      </content_descriptor>
    </event>
    <event event_id="0xC721" start_time="2019-01-19 18:45:00" duration="00:10:00" running_status="undefined" CA_mode="false">
      <short_event_descriptor language_code="cze">
        <event_name>Hajaja</event_name>
        <text></text>
      </short_event_descriptor>
      <extended_event_descriptor descriptor_number="0" last_descriptor_number="0" language_code="cze">
        <text>Islandské pohádky (6/7). O Haraldovi, který neměl srdce. Původní pohádkový seriál napsala Marie Štěrbová. Vypráví Růžena Merunková. Dramaturgie Lenka Veverková. Režie Apolena Novotná. Natočeno v roce 2018 (10 min).</text>
      </extended_event_descriptor>
      <content_descriptor>
        <content content_nibble_level_1="0" content_nibble_level_2="0" user_byte="0x00"/>
      </content_descriptor>
    </event>
    <event event_id="0xC728" start_time="2019-01-19 18:55:00" duration="00:05:00" running_status="undefined" CA_mode="false">
      <short_event_descriptor language_code="cze">
        <event_name>Klub Rádia Junior</event_name>
        <text></text>
      </short_event_descriptor>
      <extended_event_descriptor descriptor_number="0" last_descriptor_number="0" language_code="cze">
        <text>Hodina plná zajímavého povídání, písniček a soutěží. Pište na adresu: radiojunior@rozhlas.cz. Těší se na vás Denisa Kimlová.</text>
      </extended_event_descriptor>
      <content_descriptor>
        <content content_nibble_level_1="0" content_nibble_level_2="0" user_byte="0x00"/>
      </content_descriptor>
    </event>
    <event event_id="0xC72B" start_time="2019-01-19 19:00:00" duration="01:30:00" running_status="undefined" CA_mode="false">
      <short_event_descriptor language_code="cze">
        <event_name>Vypravěči</event_name>
        <text>Životní příběhy a epizody, vzpomínky, zážitky i úvahy pro poslech v křesle nebo na cestách.</text>
      </short_event_descriptor>
      <content_descriptor>
        <content content_nibble_level_1="0" content_nibble_level_2="0" user_byte="0x00"/>
      </content_descriptor>
    </event>
    <event event_id="0xC76A" start_time="2019-01-19 20:30:00" duration="00:30:00" running_status="undefined" CA_mode="false">
      <short_event_descriptor language_code="cze">
        <event_name>Je mi ctí</event_name>
        <text>Hudební pořad připravil a uvádí Jan Spálený.</text>
      </short_event_descriptor>
      <content_descriptor>
        <content content_nibble_level_1="0" content_nibble_level_2="0" user_byte="0x00"/>
      </content_descriptor>
    </event>
    <event event_id="0xC781" start_time="2019-01-19 21:00:00" duration="00:30:00" running_status="undefined" CA_mode="false">
      <short_event_descriptor language_code="cze">
        <event_name>Povídka</event_name>
        <text></text>
      </short_event_descriptor>
      <extended_event_descriptor descriptor_number="0" last_descriptor_number="0" language_code="cze">
        <text>Zamilovaná dvojka - Zamilovaní netvoři. Milostné dialogy ze světové i české literatury vybral a sestavil Ludvík Němec. Dramaturgie Ludvík Němec. V režii Radima Nejedlého účinkují Jana Štvrtecká, Michal Bumbálek. Repríza. (Brno)</text>
      </extended_event_descriptor>
      <content_descriptor>
        <content content_nibble_level_1="0" content_nibble_level_2="0" user_byte="0x00"/>
      </content_descriptor>
    </event>
    <event event_id="0xC796" start_time="2019-01-19 21:30:00" duration="01:00:00" running_status="undefined" CA_mode="false">
      <short_event_descriptor language_code="cze">
        <event_name>Noční Mikrofórum</event_name>
        <text></text>
      </short_event_descriptor>
      <extended_event_descriptor descriptor_number="0" last_descriptor_number="1" language_code="cze">
        <text>Host kontrabasista Tomáš Liška přijde pohovořit o svém hudebním světě, naplněném rozmanitými rytmy, žánry, cestováním a spoluprací se zahraničními hudebníky. Jakou hudbu tvoří během výprav do zahraničí? V kterém žánru se</text>
      </extended_event_descriptor>
      <extended_event_descriptor descriptor_number="1" last_descriptor_number="1" language_code="cze">
        <text> cítí být "skutečně doma"? Co všechno mu přináší jeho velké hobby, včelaření? Moderuje Radka Fišarová.</text>
      </extended_event_descriptor>
      <content_descriptor>
        <content content_nibble_level_1="0" content_nibble_level_2="0" user_byte="0x00"/>
      </content_descriptor>
    </event>
    <event event_id="0xC7C1" start_time="2019-01-19 22:30:00" duration="00:28:52" running_status="undefined" CA_mode="false">
      <short_event_descriptor language_code="cze">
        <event_name>Noční proud</event_name>
        <text>Legendární rozhlasová diskotéka ke snění i bdění. Moderuje Zdeněk Vrba.</text>
      </short_event_descriptor>
      <content_descriptor>
        <content content_nibble_level_1="0" content_nibble_level_2="0" user_byte="0x00"/>
      </content_descriptor>
    </event>
    <event event_id="0xC7D6" start_time="2019-01-19 23:00:00" duration="00:10:00" running_status="undefined" CA_mode="false">
      <short_event_descriptor language_code="cze">
        <event_name>Česko na Dvojce</event_name>
        <text>Moderuje Robin Šalamon a Roman Víšek.</text>
      </short_event_descriptor>
      <content_descriptor>
        <content content_nibble_level_1="0" content_nibble_level_2="0" user_byte="0x00"/>
      </content_descriptor>
    </event>
    <event event_id="0xC7DD" start_time="2019-01-19 23:10:00" duration="01:50:00" running_status="undefined" CA_mode="false">
      <short_event_descriptor language_code="cze">
        <event_name>Noční proud</event_name>
        <text>Legendární rozhlasová diskotéka ke snění i bdění. Moderuje Zdeněk Vrba.</text>
      </short_event_descriptor>
      <content_descriptor>
        <content content_nibble_level_1="0" content_nibble_level_2="0" user_byte="0x00"/>
      </content_descriptor>
    </event>
    <event event_id="0xC82B" start_time="2019-01-20 01:00:00" duration="00:55:00" running_status="undefined" CA_mode="false">
      <short_event_descriptor language_code="cze">
        <event_name>Meteor</event_name>
        <text></text>
      </short_event_descriptor>
      <extended_event_descriptor descriptor_number="0" last_descriptor_number="0" language_code="cze">
        <text>Populárně - vědecký magazín Českého rozhlasu s reportážemi, rozhovory a dokumenty o všem, co stojí za to vědět. Připravil Petr Sobotka. Repríza.</text>
      </extended_event_descriptor>
      <content_descriptor>
        <content content_nibble_level_1="0" content_nibble_level_2="0" user_byte="0x00"/>
      </content_descriptor>
    </event>
    <event event_id="0xC852" start_time="2019-01-20 01:55:00" duration="00:05:00" running_status="undefined" CA_mode="false">
      <short_event_descriptor language_code="cze">
        <event_name>Česko na Dvojce</event_name>
        <text>Moderuje Robin Šalamon a Roman Víšek.</text>
      </short_event_descriptor>
      <content_descriptor>
        <content content_nibble_level_1="0" content_nibble_level_2="0" user_byte="0x00"/>
      </content_descriptor>
    </event>
    <event event_id="0xC855" start_time="2019-01-20 02:00:00" duration="00:55:24" running_status="undefined" CA_mode="false">
      <short_event_descriptor language_code="cze">
        <event_name>Regionální scéna</event_name>
        <text></text>
      </short_event_descriptor>
      <content_descriptor>
        <content content_nibble_level_1="0" content_nibble_level_2="0" user_byte="0x00"/>
      </content_descriptor>
    </event>
    <event event_id="0xC87C" start_time="2019-01-20 02:55:24" duration="00:04:36" running_status="undefined" CA_mode="false">
      <short_event_descriptor language_code="cze">
        <event_name>Česko na Dvojce</event_name>
        <text>Moderuje Robin Šalamon a Roman Víšek.</text>
      </short_event_descriptor>
      <content_descriptor>
        <content content_nibble_level_1="0" content_nibble_level_2="0" user_byte="0x00"/>
      </content_descriptor>
    </event>
    <event event_id="0xC881" start_time="2019-01-20 03:00:00" duration="00:30:00" running_status="undefined" CA_mode="false">
      <short_event_descriptor language_code="cze">
        <event_name>Pochoutkový rok</event_name>
        <text>Vaříme podle vašich receptů. (ČRo Region, Středočeský kraj)</text>
      </short_event_descriptor>
      <content_descriptor>
        <content content_nibble_level_1="0" content_nibble_level_2="0" user_byte="0x00"/>
      </content_descriptor>
    </event>
    <event event_id="0xC895" start_time="2019-01-20 03:30:00" duration="00:29:00" running_status="undefined" CA_mode="false">
      <short_event_descriptor language_code="cze">
        <event_name>Pochoutky</event_name>
        <text></text>
      </short_event_descriptor>
      <extended_event_descriptor descriptor_number="0" last_descriptor_number="0" language_code="cze">
        <text>Průvodce světem české i mezinárodní gastronomie - rady a tipy od profesionálních kuchařů, výlety do tajů regionální kuchyně. Moderuje Patrik Rozehnal. (ČRo Region, Středočeský kraj)</text>
      </extended_event_descriptor>
      <content_descriptor>
        <content content_nibble_level_1="0" content_nibble_level_2="0" user_byte="0x00"/>
      </content_descriptor>
    </event>
    <event event_id="0xC8AA" start_time="2019-01-20 03:59:00" duration="00:01:00" running_status="undefined" CA_mode="false">
      <short_event_descriptor language_code="cze">
        <event_name>Česko na Dvojce</event_name>
        <text>Moderuje Robin Šalamon a Roman Víšek.</text>
      </short_event_descriptor>
      <content_descriptor>
        <content content_nibble_level_1="0" content_nibble_level_2="0" user_byte="0x00"/>
      </content_descriptor>
    </event>
    <event event_id="0xC8AB" start_time="2019-01-20 04:00:00" duration="03:00:00" running_status="undefined" CA_mode="false">
      <short_event_descriptor language_code="cze">
        <event_name>Dobré ráno s Dvojkou</event_name>
        <text></text>
      </short_event_descriptor>
      <extended_event_descriptor descriptor_number="0" last_descriptor_number="0" language_code="cze">
        <text>Moderuje František Novotný. Informace, host a příběhy, které nám posíláte prostřednictvím elektronické pošty rano@rozhlas.cz. Zprávy 5:00, 6:00, 7:00</text>
      </extended_event_descriptor>
      <content_descriptor>
        <content content_nibble_level_1="0" content_nibble_level_2="0" user_byte="0x00"/>
      </content_descriptor>
    </event>
    <event event_id="0xC92A" start_time="2019-01-20 07:00:00" duration="00:04:00" running_status="undefined" CA_mode="false">
      <short_event_descriptor language_code="cze">
        <event_name>Zprávy</event_name>
        <text></text>
      </short_event_descriptor>
      <content_descriptor>
        <content content_nibble_level_1="0" content_nibble_level_2="0" user_byte="0x00"/>
      </content_descriptor>
    </event>
    <event event_id="0xC92C" start_time="2019-01-20 07:04:00" duration="00:26:00" running_status="undefined" CA_mode="false">
      <short_event_descriptor language_code="cze">
        <event_name>Toulky českou minulostí</event_name>
        <text></text>
      </short_event_descriptor>
      <extended_event_descriptor descriptor_number="0" last_descriptor_number="0" language_code="cze">
        <text>Dobrá kočka, která nemlsá. 473. schůzku nad knihou Petra Hory - Hořejše připravil Josef Veselý. Repríza. (Opakování ve čtvrtek ve 18.30 hodin) (ČRo Brno)</text>
      </extended_event_descriptor>
      <content_descriptor>
        <content content_nibble_level_1="0" content_nibble_level_2="0" user_byte="0x00"/>
      </content_descriptor>
    </event>
    <event event_id="0xC940" start_time="2019-01-20 07:30:00" duration="00:30:00" running_status="undefined" CA_mode="false">
      <short_event_descriptor language_code="cze">
        <event_name>Jak to vidí...</event_name>
        <text>Sváteční setkání se zajímavými lidmi nad neotřelými tématy. Moderuje sestra Angelika.</text>
      </short_event_descriptor>
      <content_descriptor>
        <content content_nibble_level_1="0" content_nibble_level_2="0" user_byte="0x00"/>
      </content_descriptor>
    </event>
    <event event_id="0xC955" start_time="2019-01-20 08:00:00" duration="00:04:00" running_status="undefined" CA_mode="false">
      <short_event_descriptor language_code="cze">
        <event_name>Zprávy</event_name>
        <text></text>
      </short_event_descriptor>
      <content_descriptor>
        <content content_nibble_level_1="0" content_nibble_level_2="0" user_byte="0x00"/>
      </content_descriptor>
    </event>
    <event event_id="0xC957" start_time="2019-01-20 08:04:00" duration="00:26:00" running_status="undefined" CA_mode="false">
      <short_event_descriptor language_code="cze">
        <event_name>Folklorní notování</event_name>
        <text></text>
      </short_event_descriptor>
      <extended_event_descriptor descriptor_number="0" last_descriptor_number="0" language_code="cze">
        <text>aneb Lidové hraní a zpívání z Moravy a Slezska s Kateřinou Kovaříkovou. Po stopách valašského muzikanta Jana Pelára. Pořad připravila Kateřina Kovaříková. Premiéra.</text>
      </extended_event_descriptor>
      <content_descriptor>
        <content content_nibble_level_1="0" content_nibble_level_2="0" user_byte="0x00"/>
      </content_descriptor>
    </event>
    <event event_id="0xC96A" start_time="2019-01-20 08:30:00" duration="00:30:00" running_status="undefined" CA_mode="false">
      <short_event_descriptor language_code="cze">
        <event_name>Folklor žije!</event_name>
        <text></text>
      </short_event_descriptor>
      <extended_event_descriptor descriptor_number="0" last_descriptor_number="0" language_code="cze">
        <text>Když jsem šel z Hradišťa I. Jak se rodí regiony - Uherské hradiště. Připravil Karel Špalek. Repríza.</text>
      </extended_event_descriptor>
      <content_descriptor>
        <content content_nibble_level_1="0" content_nibble_level_2="0" user_byte="0x00"/>
      </content_descriptor>
    </event>
    <event event_id="0xC980" start_time="2019-01-20 09:00:00" duration="00:03:00" running_status="undefined" CA_mode="false">
      <short_event_descriptor language_code="cze">
        <event_name>Zprávy</event_name>
        <text></text>
      </short_event_descriptor>
      <content_descriptor>
        <content content_nibble_level_1="0" content_nibble_level_2="0" user_byte="0x00"/>
      </content_descriptor>
    </event>
    <event event_id="0xC982" start_time="2019-01-20 09:03:00" duration="00:27:00" running_status="undefined" CA_mode="false">
      <short_event_descriptor language_code="cze">
        <event_name>Okouzlení slovem</event_name>
        <text></text>
      </short_event_descriptor>
      <extended_event_descriptor descriptor_number="0" last_descriptor_number="0" language_code="cze">
        <text>Slova nadějná. Nalaďte si dnes Luďka Munzara a Františka Novotného s nadějí, že se nebudete nudit.</text>
      </extended_event_descriptor>
      <content_descriptor>
        <content content_nibble_level_1="0" content_nibble_level_2="0" user_byte="0x00"/>
      </content_descriptor>
    </event>
    <event event_id="0xC995" start_time="2019-01-20 09:30:00" duration="00:30:00" running_status="undefined" CA_mode="false">
      <short_event_descriptor language_code="cze">
        <event_name>Kdo by se divadla bál</event_name>
        <text></text>
      </short_event_descriptor>
      <extended_event_descriptor descriptor_number="0" last_descriptor_number="1" language_code="cze">
        <text>Jak jsem potkal kabaret (3/6). Díl 3. - Pražské literární kabarety - Paravan a Luxor. Lehce dokumentární zábavný seriál o historii kabaretů a divadel malých forem u nás i ve světě - z dobových textů, archivních záznamů a vzpomín</text>
      </extended_event_descriptor>
      <extended_event_descriptor descriptor_number="1" last_descriptor_number="1" language_code="cze">
        <text>ek pamětníků, jakož i svých vlastních, sestavil Ondřej Suchý, který má také průvodní slovo. Interpret slova: Jiří Lábus. Dále hovoří: Vít Fiala. Dramaturgie a režie Markéta Košťáková.</text>
      </extended_event_descriptor>
      <content_descriptor>
        <content content_nibble_level_1="0" content_nibble_level_2="0" user_byte="0x00"/>
      </content_descriptor>
    </event>
    <event event_id="0xC9AB" start_time="2019-01-20 10:00:00" duration="00:04:00" running_status="undefined" CA_mode="false">
      <short_event_descriptor language_code="cze">
        <event_name>Zprávy</event_name>
        <text></text>
      </short_event_descriptor>
      <content_descriptor>
        <content content_nibble_level_1="0" content_nibble_level_2="0" user_byte="0x00"/>
      </content_descriptor>
    </event>
    <event event_id="0xC9AE" start_time="2019-01-20 10:04:00" duration="00:56:00" running_status="undefined" CA_mode="false">
      <short_event_descriptor language_code="cze">
        <event_name>Lenoška Ivo Šmoldase</event_name>
        <text>Klidné spočinutí rušené řečmi o knihách a životě. Hosté Petr Nováček a skupina Jananas.</text>
      </short_event_descriptor>
      <content_descriptor>
        <content content_nibble_level_1="0" content_nibble_level_2="0" user_byte="0x00"/>
      </content_descriptor>
    </event>
    <event event_id="0xC9D6" start_time="2019-01-20 11:00:00" duration="00:01:00" running_status="undefined" CA_mode="false">
      <short_event_descriptor language_code="cze">
        <event_name>Zvony z chrámu sv. Víta v Praze</event_name>
        <text></text>
      </short_event_descriptor>
      <content_descriptor>
        <content content_nibble_level_1="0" content_nibble_level_2="0" user_byte="0x00"/>
      </content_descriptor>
    </event>
    <event event_id="0xC9D7" start_time="2019-01-20 11:01:00" duration="00:05:00" running_status="undefined" CA_mode="false">
      <short_event_descriptor language_code="cze">
        <event_name>Hlavní zprávy</event_name>
        <text></text>
      </short_event_descriptor>
      <content_descriptor>
        <content content_nibble_level_1="0" content_nibble_level_2="0" user_byte="0x00"/>
      </content_descriptor>
    </event>
    <event event_id="0xC9DA" start_time="2019-01-20 11:06:00" duration="00:54:00" running_status="undefined" CA_mode="false">
      <short_event_descriptor language_code="cze">
        <event_name>Muzikál expres</event_name>
        <text></text>
      </short_event_descriptor>
      <extended_event_descriptor descriptor_number="0" last_descriptor_number="3" language_code="cze">
        <text>Výlety do světa populární hudby a filmu. Uvádějí Michal Prostějovský a Pavel Bár. Premiéra. Nedělní Muzikál expres vás pozve na filmový muzikál Mary Poppins se vrací. Dále přinese informaci i generální rekonstrukci nestaršího</text>
      </extended_event_descriptor>
      <extended_event_descriptor descriptor_number="1" last_descriptor_number="3" language_code="cze">
        <text> a největšího londýnského Královského divadla Drury Lane. Rovněž připomene 20. výročí premiéry muzikálu Fosse, který obsahuje nejvýznamnější scény z inscenací režiséra a choreografa Boba Fosseho. Druhá část bude věnována</text>
      </extended_event_descriptor>
      <extended_event_descriptor descriptor_number="2" last_descriptor_number="3" language_code="cze">
        <text> jedné z největších muzikálových hvězd Broadwaye Ethel Mermanové. Více tedy v neděli 20. ledna ve 12 hodin nebo v repríze v pátek 25. ledna od 21 hodin na vlnách Českého rozhlasu Dvojka. Další informace i starší pořady je možno </text>
      </extended_event_descriptor>
      <extended_event_descriptor descriptor_number="3" last_descriptor_number="3" language_code="cze">
        <text>najít na webových stránkách muzikalexpres.cz.</text>
      </extended_event_descriptor>
      <content_descriptor>
        <content content_nibble_level_1="0" content_nibble_level_2="0" user_byte="0x00"/>
      </content_descriptor>
    </event>
    <event event_id="0xCA00" start_time="2019-01-20 12:00:00" duration="00:04:00" running_status="undefined" CA_mode="false">
      <short_event_descriptor language_code="cze">
        <event_name>Zprávy</event_name>
        <text></text>
      </short_event_descriptor>
      <content_descriptor>
        <content content_nibble_level_1="0" content_nibble_level_2="0" user_byte="0x00"/>
      </content_descriptor>
    </event>
    <event event_id="0xCA02" start_time="2019-01-20 12:04:00" duration="00:43:00" running_status="undefined" CA_mode="false">
      <short_event_descriptor language_code="cze">
        <event_name>Pohádka</event_name>
        <text></text>
      </short_event_descriptor>
      <extended_event_descriptor descriptor_number="0" last_descriptor_number="2" language_code="cze">
        <text>Eliáš Říha zachraňuje svět. Pohádku o desetiletém prezidentovi, viru způsobujícím hloupost a boji na život a na smrt v botanické zahradě napsala Hana Lehečková. Hudba Jakub Rataj. Dramaturgie Lenka Veverková. Režie Izabela Schenkov</text>
      </extended_event_descriptor>
      <extended_event_descriptor descriptor_number="1" last_descriptor_number="2" language_code="cze">
        <text>á. Scénář Hana Lehečková. Účinkují: Matěj Převrátil, Pavel Tesař, Ivana Chýlková, Prokop Košař, Natália Drabiščáková, Barbara Kodetová, Petr Čtvrtníček, Petr Stach, Miloslav Tichý, Matyáš Hlaváček, Anna Maria Jarkovsk</text>
      </extended_event_descriptor>
      <extended_event_descriptor descriptor_number="2" last_descriptor_number="2" language_code="cze">
        <text>á, Renata Kubišová, Naděžda Mečířová, Tomáš Vacek, Lubor Šplíchal, Václav Šanda a František Čachotský. Natočeno v roce 2017. (44 min.)</text>
      </extended_event_descriptor>
      <content_descriptor>
        <content content_nibble_level_1="0" content_nibble_level_2="0" user_byte="0x00"/>
      </content_descriptor>
    </event>
    <event event_id="0xCA20" start_time="2019-01-20 12:47:00" duration="00:13:00" running_status="undefined" CA_mode="false">
      <short_event_descriptor language_code="cze">
        <event_name>Hudební menu</event_name>
        <text></text>
      </short_event_descriptor>
      <content_descriptor>
        <content content_nibble_level_1="0" content_nibble_level_2="0" user_byte="0x00"/>
      </content_descriptor>
    </event>
    <event event_id="0xCA29" start_time="2019-01-20 13:00:00" duration="00:04:00" running_status="undefined" CA_mode="false">
      <short_event_descriptor language_code="cze">
        <event_name>Zprávy</event_name>
        <text></text>
      </short_event_descriptor>
      <content_descriptor>
        <content content_nibble_level_1="0" content_nibble_level_2="0" user_byte="0x00"/>
      </content_descriptor>
    </event>
    <event event_id="0xCA2C" start_time="2019-01-20 13:04:00" duration="02:56:00" running_status="undefined" CA_mode="false">
      <short_event_descriptor language_code="cze">
        <event_name>3 x 60, a to v pohodě</event_name>
        <text></text>
      </short_event_descriptor>
      <extended_event_descriptor descriptor_number="0" last_descriptor_number="1" language_code="cze">
        <text>Magazín, ve kterém najdete programový týdeník, reportáž, poklady rozhlasového archivu a hudbu pro nedělní odpoledne. Připravil a uvádí Tomáš Černý. 14.04 programový týdeník, 14.57 Ještě to mám schovaný - Miroslav Švandrlík </text>
      </extended_event_descriptor>
      <extended_event_descriptor descriptor_number="1" last_descriptor_number="1" language_code="cze">
        <text>a jeho sbírka zvonků, 15.12 vybíráme z nahrávek pořadů Oty Nutze, který by se dnes dožil 80 let, 16.12 Dům v Londýnské, dokument z cyklu Dveře dokořán (1980)</text>
      </extended_event_descriptor>
      <content_descriptor>
        <content content_nibble_level_1="0" content_nibble_level_2="0" user_byte="0x00"/>
      </content_descriptor>
    </event>
    <event event_id="0xCAAA" start_time="2019-01-20 16:00:00" duration="00:05:00" running_status="undefined" CA_mode="false">
      <short_event_descriptor language_code="cze">
        <event_name>Hlavní zprávy</event_name>
        <text></text>
      </short_event_descriptor>
      <content_descriptor>
        <content content_nibble_level_1="0" content_nibble_level_2="0" user_byte="0x00"/>
      </content_descriptor>
    </event>
    <event event_id="0xCAAD" start_time="2019-01-20 16:05:00" duration="00:55:00" running_status="undefined" CA_mode="false">
      <short_event_descriptor language_code="cze">
        <event_name>Česká dvanáctka</event_name>
        <text>Hitparáda Dvojky. Uvádí Martin Hrdinka.</text>
      </short_event_descriptor>
      <content_descriptor>
        <content content_nibble_level_1="0" content_nibble_level_2="0" user_byte="0x00"/>
      </content_descriptor>
    </event>
    <event event_id="0xCAD5" start_time="2019-01-20 17:00:00" duration="00:04:00" running_status="undefined" CA_mode="false">
      <short_event_descriptor language_code="cze">
        <event_name>Zprávy</event_name>
        <text></text>
      </short_event_descriptor>
      <content_descriptor>
        <content content_nibble_level_1="0" content_nibble_level_2="0" user_byte="0x00"/>
      </content_descriptor>
    </event>
    <event event_id="0xCAD7" start_time="2019-01-20 17:04:00" duration="00:56:00" running_status="undefined" CA_mode="false">
      <short_event_descriptor language_code="cze">
        <event_name>Láska za lásku</event_name>
        <text></text>
      </short_event_descriptor>
      <extended_event_descriptor descriptor_number="0" last_descriptor_number="0" language_code="cze">
        <text>Pořad hudby, příběhů a rozjímání, který pro vás ve svém malířském ateliéru připravil Jiří Anderle s papouškem Žandou. Rozhlasová realizace Vladimír Príkazský. Repríza.</text>
      </extended_event_descriptor>
      <content_descriptor>
        <content content_nibble_level_1="0" content_nibble_level_2="0" user_byte="0x00"/>
      </content_descriptor>
    </event>
    <event event_id="0xCB01" start_time="2019-01-20 18:00:00" duration="00:45:00" running_status="undefined" CA_mode="false">
      <short_event_descriptor language_code="cze">
        <event_name>Klub Rádia Junior</event_name>
        <text></text>
      </short_event_descriptor>
      <extended_event_descriptor descriptor_number="0" last_descriptor_number="0" language_code="cze">
        <text>Hodina plná zajímavého povídání, písniček a soutěží. Pište na adresu: radiojunior@rozhlas.cz. Těší se na vás Romana Lehmannová (ČRo České Budějovice.</text>
      </extended_event_descriptor>
      <content_descriptor>
        <content content_nibble_level_1="0" content_nibble_level_2="0" user_byte="0x00"/>
      </content_descriptor>
    </event>
    <event event_id="0xCB20" start_time="2019-01-20 18:45:00" duration="00:10:00" running_status="undefined" CA_mode="false">
      <short_event_descriptor language_code="cze">
        <event_name>Hajaja</event_name>
        <text></text>
      </short_event_descriptor>
      <extended_event_descriptor descriptor_number="0" last_descriptor_number="0" language_code="cze">
        <text>Islandské pohádky (7/7). Jón a dar z moře. Původní pohádkový seriál napsala Marie Štěrbová. Vypráví Růžena Merunková. Dramaturgie Lenka Veverková. Režie Apolena Novotná. Natočeno v roce 2018 (10 min).</text>
      </extended_event_descriptor>
      <content_descriptor>
        <content content_nibble_level_1="0" content_nibble_level_2="0" user_byte="0x00"/>
      </content_descriptor>
    </event>
    <event event_id="0xCB28" start_time="2019-01-20 18:55:00" duration="00:05:00" running_status="undefined" CA_mode="false">
      <short_event_descriptor language_code="cze">
        <event_name>Klub Rádia Junior</event_name>
        <text></text>
      </short_event_descriptor>
      <extended_event_descriptor descriptor_number="0" last_descriptor_number="0" language_code="cze">
        <text>Hodina plná zajímavého povídání, písniček a soutěží. Pište na adresu: radiojunior@rozhlas.cz. Těší se na vás Romana Lehmannová (ČRo České Budějovice.</text>
      </extended_event_descriptor>
      <content_descriptor>
        <content content_nibble_level_1="0" content_nibble_level_2="0" user_byte="0x00"/>
      </content_descriptor>
    </event>
    <event event_id="0xCB2C" start_time="2019-01-20 19:00:00" duration="01:03:00" running_status="undefined" CA_mode="false">
      <short_event_descriptor language_code="cze">
        <event_name>Rozhlasová hra</event_name>
        <text></text>
      </short_event_descriptor>
      <extended_event_descriptor descriptor_number="0" last_descriptor_number="2" language_code="cze">
        <text>Heinrich von Kleist: Kačenka z Heilbronnu. Romantické rytířské drama o oddané lásce. Překlad a rozhlasová úprava Valeria Sochorovská. Hudba Vladimír Werner. Dramaturgie Zuzana Kočová. Režie Jan Tůma. Účinkují: Dagmar Pistorová, M</text>
      </extended_event_descriptor>
      <extended_event_descriptor descriptor_number="1" last_descriptor_number="2" language_code="cze">
        <text>arek Vašut, Lubor Tokoš, Pavel Majkus, Leopold Franc, Jitka Faltysová, Ivana Valešová, Libuše Vaněčková, Eva Hradilová, Pavel Leicman, Jan Zvoník, Jan Vlasák, Petr Hanus, Jan Kučera, Steva Maršálek, Josef Husník a Přemysl Matula. Na</text>
      </extended_event_descriptor>
      <extended_event_descriptor descriptor_number="2" last_descriptor_number="2" language_code="cze">
        <text>točeno v roce 1984. (63 min.)</text>
      </extended_event_descriptor>
      <content_descriptor>
        <content content_nibble_level_1="0" content_nibble_level_2="0" user_byte="0x00"/>
      </content_descriptor>
    </event>
    <event event_id="0xCB57" start_time="2019-01-20 20:03:00" duration="00:57:00" running_status="undefined" CA_mode="false">
      <short_event_descriptor language_code="cze">
        <event_name>Hudební pódium</event_name>
        <text>Záznamy z koncertů, festivalů i hudebních divadel.</text>
      </short_event_descriptor>
      <content_descriptor>
        <content content_nibble_level_1="0" content_nibble_level_2="0" user_byte="0x00"/>
      </content_descriptor>
    </event>
    <event event_id="0x4F80" start_time="2019-01-20 21:00:00" duration="00:41:00" running_status="undefined" CA_mode="false">
      <short_event_descriptor language_code="cze">
        <event_name>Dokument</event_name>
        <text></text>
      </short_event_descriptor>
      <extended_event_descriptor descriptor_number="0" last_descriptor_number="1" language_code="cze">
        <text>Dan Moravec: Matyáš a maminka. Barbora Kosíková bydlí se synem Matyášem ve starém domě v centru Prahy. Matyáš trpí nevyléčitelnou a pomalu se zhoršující nemocí. Většinu svého života. A už je unavený. Oba hledají řešení dl</text>
      </extended_event_descriptor>
      <extended_event_descriptor descriptor_number="1" last_descriptor_number="1" language_code="cze">
        <text>ouhodobé a vyčerpávající situace. Ale je nějaké řešení? Dokument se umístil na 2. místě přehlídky rozhlasové tvorby AudioREPORT 2018. (repríza)</text>
      </extended_event_descriptor>
      <content_descriptor>
        <content content_nibble_level_1="0" content_nibble_level_2="0" user_byte="0x00"/>
      </content_descriptor>
    </event>
    <event event_id="0x4F9D" start_time="2019-01-20 21:41:00" duration="00:49:00" running_status="undefined" CA_mode="false">
      <short_event_descriptor language_code="cze">
        <event_name>Noční Mikrofórum</event_name>
        <text></text>
      </short_event_descriptor>
      <extended_event_descriptor descriptor_number="0" last_descriptor_number="1" language_code="cze">
        <text>Host plastický chirurg MUDr. Alexander Vatl'ak. Vyhledávají jeho pomoc pouze ženy nebo i muži? Přispívá plastická chirurgie výhradně ke zkrášlování nebo může také zachránit život? Jak defekty těla ovlivňují lidskou psychiku?Mo</text>
      </extended_event_descriptor>
      <extended_event_descriptor descriptor_number="1" last_descriptor_number="1" language_code="cze">
        <text>deruje Magdalena Šorelová.</text>
      </extended_event_descriptor>
      <content_descriptor>
        <content content_nibble_level_1="0" content_nibble_level_2="0" user_byte="0x00"/>
      </content_descriptor>
    </event>
    <event event_id="0xCBC1" start_time="2019-01-20 22:30:00" duration="00:28:52" running_status="undefined" CA_mode="false">
      <short_event_descriptor language_code="cze">
        <event_name>Noční proud</event_name>
        <text>Legendární rozhlasová diskotéka ke snění i bdění. Moderuje Zdeněk Vrba.</text>
      </short_event_descriptor>
      <content_descriptor>
        <content content_nibble_level_1="0" content_nibble_level_2="0" user_byte="0x00"/>
      </content_descriptor>
    </event>
    <event event_id="0xCBD6" start_time="2019-01-20 23:00:00" duration="00:10:00" running_status="undefined" CA_mode="false">
      <short_event_descriptor language_code="cze">
        <event_name>Česko na Dvojce</event_name>
        <text>Moderuje Jan Bláha a Roman Víšek.</text>
      </short_event_descriptor>
      <content_descriptor>
        <content content_nibble_level_1="0" content_nibble_level_2="0" user_byte="0x00"/>
      </content_descriptor>
    </event>
    <event event_id="0xCBDD" start_time="2019-01-20 23:10:00" duration="01:50:00" running_status="undefined" CA_mode="false">
      <short_event_descriptor language_code="cze">
        <event_name>Noční proud</event_name>
        <text>Legendární rozhlasová diskotéka ke snění i bdění. Moderuje Zdeněk Vrba.</text>
      </short_event_descriptor>
      <content_descriptor>
        <content content_nibble_level_1="0" content_nibble_level_2="0" user_byte="0x00"/>
      </content_descriptor>
    </event>
  </EIT>
  <EIT type="0" version="27" current="true" actual="true" service_id="0x4103" transport_stream_id="0x0111" original_network_id="0x20CB" last_table_id="0x50">
    <!-- PID 0x0012 (18) -->
    <event event_id="0xC6EB" start_time="2019-01-19 17:30:00" duration="00:30:00" running_status="undefined" CA_mode="false">
      <short_event_descriptor language_code="cze">
        <event_name>Četba na pokračování</event_name>
        <text></text>
      </short_event_descriptor>
      <extended_event_descriptor descriptor_number="0" last_descriptor_number="1" language_code="cze">
        <text>Jiří Kratochvil: Bakšiš (4/9). Část DVĚ. Rozmarný příběh ve třech částech o milostném zasvěcení, osudové lásce v proudu času a zapomnění vypráví šprýmující skřet. Ze stejnojmenné novely pro rozhlas připravil Tomáš Se</text>
      </extended_event_descriptor>
      <extended_event_descriptor descriptor_number="1" last_descriptor_number="1" language_code="cze">
        <text>dláček, dramaturgie Alena Blažejovská. V režii Lukáše Kopeckého čte Zdeněk Junák. (Brno)</text>
      </extended_event_descriptor>
      <content_descriptor>
        <content content_nibble_level_1="0" content_nibble_level_2="0" user_byte="0x00"/>
      </content_descriptor>
    </event>
    <event event_id="0xC700" start_time="2019-01-19 18:00:00" duration="03:45:00" running_status="undefined" CA_mode="false">
      <short_event_descriptor language_code="cze">
        <event_name>Dvojprogram k 50. výročí úmrtí Jana Palacha</event_name>
        <text></text>
      </short_event_descriptor>
      <extended_event_descriptor descriptor_number="0" last_descriptor_number="3" language_code="cze">
        <text>Dopisy, vzpomínky, sebeobětování. Speciální program k 50. výročí úmrtí Jana Palacha. Zdeněk Lukáš: Nezabiješ! Ch. W. Gluck: Alceste. Pořad připravil Boris Klepal. Zdeněk Lukáš: Nezabiješ! Oratorium věnované ztrátě nadějí p</text>
      </extended_event_descriptor>
      <extended_event_descriptor descriptor_number="1" last_descriptor_number="3" language_code="cze">
        <text>o okupaci Československa v srpnu 1968. Libreto Zdeněk Barborka. Radovan Lukavský (recitace), Pěvecký sbor Česká píseň, provedení řídí Zdeněk Lukáš. Christoph Willibald Gluck: Alceste. Opera o třech dějstvích, libreto Ranieri de' C</text>
      </extended_event_descriptor>
      <extended_event_descriptor descriptor_number="2" last_descriptor_number="3" language_code="cze">
        <text>alzabigi. Vídeňská verze z roku 1767. Osoby a obsazení: Alceste (Teresa Ringholz), Admeto (Justin Lavender), Evandro (Jonas Degerfeldt), Ismene (Miriam Treichl), Gran sacerdotte / Apollo (Lars Martinsson), Eumelo (Adam Giertz), Aspasia (Emelie C</text>
      </extended_event_descriptor>
      <extended_event_descriptor descriptor_number="3" last_descriptor_number="3" language_code="cze">
        <text>lausen), Banditore (Mattias Nilsson), Věštec (Johan Lilja). Sbor a orchestr divadla v Drottingholmu. Provedení řídí Arnold Östman.</text>
      </extended_event_descriptor>
      <content_descriptor>
        <content content_nibble_level_1="0" content_nibble_level_2="0" user_byte="0x00"/>
      </content_descriptor>
    </event>
    <event event_id="0xC7A0" start_time="2019-01-19 21:45:00" duration="00:15:00" running_status="undefined" CA_mode="false">
      <short_event_descriptor language_code="cze">
        <event_name>Svět poezie</event_name>
        <text></text>
      </short_event_descriptor>
      <extended_event_descriptor descriptor_number="0" last_descriptor_number="0" language_code="cze">
        <text>Hořící Pták Fénix Výběr z tvorby polských básníků, kteří byli ve své tvorbě inspirováni obětí Jana Palacha. Z překladů Libora Martinka připravil Miloš Doležal.</text>
      </extended_event_descriptor>
      <content_descriptor>
        <content content_nibble_level_1="0" content_nibble_level_2="0" user_byte="0x00"/>
      </content_descriptor>
    </event>
    <event event_id="0xC7AA" start_time="2019-01-19 22:00:00" duration="01:00:00" running_status="undefined" CA_mode="false">
      <short_event_descriptor language_code="cze">
        <event_name>Svět jiné hudby</event_name>
        <text></text>
      </short_event_descriptor>
      <extended_event_descriptor descriptor_number="0" last_descriptor_number="0" language_code="cze">
        <text>s Ivanou Radechovskou. Písničky k zimnímu lenošení s Justinem Lavashem, Johnem Smithem, HlaskontraBasem, Katarínou Málikovou, Dagmar Voňkovou a dalšími.</text>
      </extended_event_descriptor>
      <content_descriptor>
        <content content_nibble_level_1="0" content_nibble_level_2="0" user_byte="0x00"/>
      </content_descriptor>
    </event>
    <event event_id="0xC7D6" start_time="2019-01-19 23:00:00" duration="00:06:00" running_status="undefined" CA_mode="false">
      <short_event_descriptor language_code="cze">
        <event_name>Sny</event_name>
        <text></text>
      </short_event_descriptor>
      <extended_event_descriptor descriptor_number="0" last_descriptor_number="0" language_code="cze">
        <text>Slova ze sna a do snů. Texty malíře Paula Kleea Z překladu Ivana Wernische připravil Rudolf Matys. Účinkuje David Novotný. Režie Petr Mančal.</text>
      </extended_event_descriptor>
      <content_descriptor>
        <content content_nibble_level_1="0" content_nibble_level_2="0" user_byte="0x00"/>
      </content_descriptor>
    </event>
    <event event_id="0xC7DA" start_time="2019-01-19 23:06:00" duration="00:30:00" running_status="undefined" CA_mode="false">
      <short_event_descriptor language_code="cze">
        <event_name>MusiCafé</event_name>
        <text>s Jiřím Plockem. Repríza z 13. 1. v 18.00 hodin.</text>
      </short_event_descriptor>
      <content_descriptor>
        <content content_nibble_level_1="0" content_nibble_level_2="0" user_byte="0x00"/>
      </content_descriptor>
    </event>
    <event event_id="0xC7EE" start_time="2019-01-19 23:36:00" duration="01:00:00" running_status="undefined" CA_mode="false">
      <short_event_descriptor language_code="cze">
        <event_name>Rádio Dada</event_name>
        <text>Vyvážená revue Ondřeje Cihláře. Repríza z 18.1. 22.00 hod.</text>
      </short_event_descriptor>
      <content_descriptor>
        <content content_nibble_level_1="0" content_nibble_level_2="0" user_byte="0x00"/>
      </content_descriptor>
    </event>
    <event event_id="0xC819" start_time="2019-01-20 00:36:00" duration="02:54:00" running_status="undefined" CA_mode="false">
      <short_event_descriptor language_code="cze">
        <event_name>ČRo Jazz vysílá na vlnách ČRo Vltavy</event_name>
        <text>Simultánní vysílání. Modern Mainstream.</text>
      </short_event_descriptor>
      <content_descriptor>
        <content content_nibble_level_1="0" content_nibble_level_2="0" user_byte="0x00"/>
      </content_descriptor>
    </event>
    <event event_id="0xC896" start_time="2019-01-20 03:30:00" duration="01:30:00" running_status="undefined" CA_mode="false">
      <short_event_descriptor language_code="cze">
        <event_name>Partitury</event_name>
        <text></text>
      </short_event_descriptor>
      <extended_event_descriptor descriptor_number="0" last_descriptor_number="1" language_code="cze">
        <text>J. K. Mertz: Bardenklänge. Hraje Pavel Steidl (kytara). - Josef Rejcha: Koncert pro dva lesní rohy a orchestr Es dur op. 5. Hrají Zdeněk Tylšar, Bedřich Tylšar a Dvořákův komorní orchestr, řídí Petr Altrichter. - Leopold Měchura: Kvar</text>
      </extended_event_descriptor>
      <extended_event_descriptor descriptor_number="1" last_descriptor_number="1" language_code="cze">
        <text>tet pro lesní rohy Es dur. Hraje skupina lesních rohů České filharmonie. - W. A. Mozart: Koncert pro lesní roh a orchestr D dur K412. Hrají Hermann Baumann a St. Paul Chamber Orchestra, řídí Pinchas Zukerman. (České Budějovice)</text>
      </extended_event_descriptor>
      <content_descriptor>
        <content content_nibble_level_1="0" content_nibble_level_2="0" user_byte="0x00"/>
      </content_descriptor>
    </event>
    <event event_id="0xC8D5" start_time="2019-01-20 05:00:00" duration="01:00:00" running_status="undefined" CA_mode="false">
      <short_event_descriptor language_code="cze">
        <event_name>Reflexe: Filozofie!</event_name>
        <text>Repríza z 19. 1. 17.00 hodin.</text>
      </short_event_descriptor>
      <content_descriptor>
        <content content_nibble_level_1="0" content_nibble_level_2="0" user_byte="0x00"/>
      </content_descriptor>
    </event>
    <event event_id="0xC900" start_time="2019-01-20 06:00:00" duration="01:00:00" running_status="undefined" CA_mode="false">
      <short_event_descriptor language_code="cze">
        <event_name>Duchovní hudba</event_name>
        <text></text>
      </short_event_descriptor>
      <extended_event_descriptor descriptor_number="0" last_descriptor_number="1" language_code="cze">
        <text>Naděje v díle Jana Hanuše. O duchovní tvorbě skladatele hovoří dirigenti Jaroslav Kyzlink a Marek Valášek. Zazní Píseň bratra slunce op. 100, Mše ke cti českých patronů op. 106 a vybrané části z oratoria Ecce Homo op. 97. (ČH) (i</text>
      </extended_event_descriptor>
      <extended_event_descriptor descriptor_number="1" last_descriptor_number="1" language_code="cze">
        <text>R)</text>
      </extended_event_descriptor>
      <content_descriptor>
        <content content_nibble_level_1="0" content_nibble_level_2="0" user_byte="0x00"/>
      </content_descriptor>
    </event>
    <event event_id="0xC92A" start_time="2019-01-20 07:00:00" duration="00:30:00" running_status="undefined" CA_mode="false">
      <short_event_descriptor language_code="cze">
        <event_name>Spirituála</event_name>
        <text></text>
      </short_event_descriptor>
      <extended_event_descriptor descriptor_number="0" last_descriptor_number="0" language_code="cze">
        <text>Duchovní Evropa. S Martinem C. Putnou procházíme spletitými duchovními dějinami Evropy napříč národy i náboženskými konfesemi. Šebestián a jiní divní svatí. Repríza ve 23.00 hodin.</text>
      </extended_event_descriptor>
      <content_descriptor>
        <content content_nibble_level_1="0" content_nibble_level_2="0" user_byte="0x00"/>
      </content_descriptor>
    </event>
    <event event_id="0xC940" start_time="2019-01-20 07:30:00" duration="00:30:00" running_status="undefined" CA_mode="false">
      <short_event_descriptor language_code="cze">
        <event_name>Spirituála</event_name>
        <text></text>
      </short_event_descriptor>
      <extended_event_descriptor descriptor_number="0" last_descriptor_number="0" language_code="cze">
        <text>Ke kořenům. S Petrem Vaďurou a jeho hosty hledáme v Bibli a křesťanské tradici odpovědi na smysl našeho jednání v soukromém i veřejném životě. Naděje. Repríza ve 23.30 hodin.</text>
      </extended_event_descriptor>
      <content_descriptor>
        <content content_nibble_level_1="0" content_nibble_level_2="0" user_byte="0x00"/>
      </content_descriptor>
    </event>
    <event event_id="0xC955" start_time="2019-01-20 08:00:00" duration="01:00:00" running_status="undefined" CA_mode="false">
      <short_event_descriptor language_code="cze">
        <event_name>Bohoslužba</event_name>
        <text>Bohoslužba Jednoty bratrské z modlitebny v Ostravě.</text>
      </short_event_descriptor>
      <content_descriptor>
        <content content_nibble_level_1="0" content_nibble_level_2="0" user_byte="0x00"/>
      </content_descriptor>
    </event>
    <event event_id="0xC980" start_time="2019-01-20 09:00:00" duration="00:30:00" running_status="undefined" CA_mode="false">
      <short_event_descriptor language_code="cze">
        <event_name>Knižní pól</event_name>
        <text></text>
      </short_event_descriptor>
      <extended_event_descriptor descriptor_number="0" last_descriptor_number="0" language_code="cze">
        <text>Ze své knihovny vybírá překladatelka a básnířka Vlasta Dufková Setkání s knihami napříč prostorem a časem. Připravila Blanka Stárková. Repríza 21. 1. ve 22.30.</text>
      </extended_event_descriptor>
      <content_descriptor>
        <content content_nibble_level_1="0" content_nibble_level_2="0" user_byte="0x00"/>
      </content_descriptor>
    </event>
    <event event_id="0xC995" start_time="2019-01-20 09:30:00" duration="00:30:00" running_status="undefined" CA_mode="false">
      <short_event_descriptor language_code="cze">
        <event_name>Concertino</event_name>
        <text></text>
      </short_event_descriptor>
      <extended_event_descriptor descriptor_number="0" last_descriptor_number="0" language_code="cze">
        <text>W. A. Mozart: Koncert pro klarinet a orchestr A dur K 622 (27 min). Hrají Ludmila Peterková a Jihočeská komorní filharmonie, řídí Zsolt Hamar.</text>
      </extended_event_descriptor>
      <content_descriptor>
        <content content_nibble_level_1="0" content_nibble_level_2="0" user_byte="0x00"/>
      </content_descriptor>
    </event>
    <event event_id="0xC9AB" start_time="2019-01-20 10:00:00" duration="00:33:00" running_status="undefined" CA_mode="false">
      <short_event_descriptor language_code="cze">
        <event_name>Rozhlasový seriál</event_name>
        <text></text>
      </short_event_descriptor>
      <extended_event_descriptor descriptor_number="0" last_descriptor_number="2" language_code="cze">
        <text>Henry Fielding: Tom Jones (3/12) Rozhlasový seriál podle slavného románového eposu Henryho Fieldinga, přelomového díla moderní anglické literatury. Přeložila Eva Kondrysová. Dramatizace František Pavlíček. Dramaturg Josef Hlavnička.</text>
      </extended_event_descriptor>
      <extended_event_descriptor descriptor_number="1" last_descriptor_number="2" language_code="cze">
        <text> Režie Hana Kofránková. Osoby a obsazení: pan Allworthy (Otakar Brousek st.), Blifil, jeho synovec (Ivan Trojan), Tom Jones (Lukáš Hlavica), Western, statkář (Petr Haničinec), Žofie, jeho dcera (Ljuba Krbová), Honoria, Žofiina komorná (</text>
      </extended_event_descriptor>
      <extended_event_descriptor descriptor_number="2" last_descriptor_number="2" language_code="cze">
        <text>Simona Stašová), Viktorie, Westernova sestra (Jana Andresíková) a vypravěč (Luděk Munzar). Natočeno v roce 1995 (32 min).</text>
      </extended_event_descriptor>
      <content_descriptor>
        <content content_nibble_level_1="0" content_nibble_level_2="0" user_byte="0x00"/>
      </content_descriptor>
    </event>
    <event event_id="0xC9C1" start_time="2019-01-20 10:33:00" duration="00:27:00" running_status="undefined" CA_mode="false">
      <short_event_descriptor language_code="cze">
        <event_name>G. F. Händel: Vodní hudba F dur. Suita pro orchestr č. 1</event_name>
        <text>HWV 348. Hrají Freiburští barokní sólisté, umělecký vedoucí Günter Theis.</text>
      </short_event_descriptor>
      <content_descriptor>
        <content content_nibble_level_1="0" content_nibble_level_2="0" user_byte="0x00"/>
      </content_descriptor>
    </event>
    <event event_id="0xC9D4" start_time="2019-01-20 11:00:00" duration="00:05:00" running_status="undefined" CA_mode="false">
      <short_event_descriptor language_code="cze">
        <event_name>Polední zvony</event_name>
        <text></text>
      </short_event_descriptor>
      <extended_event_descriptor descriptor_number="0" last_descriptor_number="0" language_code="cze">
        <text>Z věže farního kostela Narození Panny Marie v Lidmani u Pelhřimova, zvon Václav odlitý v r. 1931 Rudolfem Manouškem v Brně - Husovicích Připravil Radek Rejšek. (repr. 21.1. v 0.02)</text>
      </extended_event_descriptor>
      <content_descriptor>
        <content content_nibble_level_1="0" content_nibble_level_2="0" user_byte="0x00"/>
      </content_descriptor>
    </event>
    <event event_id="0xC9D8" start_time="2019-01-20 11:05:00" duration="00:05:00" running_status="undefined" CA_mode="false">
      <short_event_descriptor language_code="cze">
        <event_name>Nedělní verše</event_name>
        <text>Kazimierz Wierzyński: Na smrt Jana Palacha. Přeložil Jaroslav Šubrt. Účinkuje Jan Vlasák.</text>
      </short_event_descriptor>
      <content_descriptor>
        <content content_nibble_level_1="0" content_nibble_level_2="0" user_byte="0x00"/>
      </content_descriptor>
    </event>
    <event event_id="0xC9DD" start_time="2019-01-20 11:10:00" duration="00:50:00" running_status="undefined" CA_mode="false">
      <short_event_descriptor language_code="cze">
        <event_name>Polední koncert</event_name>
        <text></text>
      </short_event_descriptor>
      <extended_event_descriptor descriptor_number="0" last_descriptor_number="0" language_code="cze">
        <text>Johannes Brahms: Serenáda pro orchestr č. 1 D dur op. 11 (46 min). Hraje Capella Augustina, řídí Andreas Spering.</text>
      </extended_event_descriptor>
      <content_descriptor>
        <content content_nibble_level_1="0" content_nibble_level_2="0" user_byte="0x00"/>
      </content_descriptor>
    </event>
    <event event_id="0x4E00" start_time="2019-01-20 12:00:00" duration="02:00:00" running_status="undefined" CA_mode="false">
      <short_event_descriptor language_code="cze">
        <event_name>Víkendová Mozaika</event_name>
        <text>Výběr kulturních aktualit týdne.</text>
      </short_event_descriptor>
      <content_descriptor>
        <content content_nibble_level_1="0" content_nibble_level_2="0" user_byte="0x00"/>
      </content_descriptor>
    </event>
    <event event_id="0xCA55" start_time="2019-01-20 14:00:00" duration="01:00:00" running_status="undefined" CA_mode="false">
      <short_event_descriptor language_code="cze">
        <event_name>Musica antiqua</event_name>
        <text></text>
      </short_event_descriptor>
      <extended_event_descriptor descriptor_number="0" last_descriptor_number="0" language_code="cze">
        <text>Rané symfonie Josepha Haydna (3/4). O symfoniích č. 30 a 31 hovoří autor pořadu Libor Dřevikovský. Hraje The Academy of Ancient Music, řídí Christopher Hogwood.</text>
      </extended_event_descriptor>
      <content_descriptor>
        <content content_nibble_level_1="0" content_nibble_level_2="0" user_byte="0x00"/>
      </content_descriptor>
    </event>
    <event event_id="0x4E80" start_time="2019-01-20 15:00:00" duration="00:04:00" running_status="undefined" CA_mode="false">
      <short_event_descriptor language_code="cze">
        <event_name>Úvod k pořadu Konec vše napraví</event_name>
        <text></text>
      </short_event_descriptor>
      <content_descriptor>
        <content content_nibble_level_1="0" content_nibble_level_2="0" user_byte="0x00"/>
      </content_descriptor>
    </event>
    <event event_id="0x4E81" start_time="2019-01-20 15:04:00" duration="00:56:00" running_status="undefined" CA_mode="false">
      <short_event_descriptor language_code="cze">
        <event_name>Repete</event_name>
        <text></text>
      </short_event_descriptor>
      <extended_event_descriptor descriptor_number="0" last_descriptor_number="0" language_code="cze">
        <text>Režii má Josef Melč (1/2). Vladislav Vančura: Konec vše napraví. Z archivu vybrala a uvádí Jarmila Konrádová. Vybíráme pro vás aktuální i archivní snímky pro opětovný poslech. Literatura, hudba, publicistika.</text>
      </extended_event_descriptor>
      <content_descriptor>
        <content content_nibble_level_1="0" content_nibble_level_2="0" user_byte="0x00"/>
      </content_descriptor>
    </event>
    <event event_id="0xCAAA" start_time="2019-01-20 16:00:00" duration="01:00:00" running_status="undefined" CA_mode="false">
      <short_event_descriptor language_code="cze">
        <event_name>Souzvuk</event_name>
        <text></text>
      </short_event_descriptor>
      <extended_event_descriptor descriptor_number="0" last_descriptor_number="1" language_code="cze">
        <text>Ivan Wernisch: Pernambuco a další básně. Autor je držitelem Ceny Franze Kafky i Státní ceny za literaturu, jeho texty zhudebňovala skupina The Plastic People of the Universe. Z nové sbírky Pernambuco a dalších knih vybral a interpretuje </text>
      </extended_event_descriptor>
      <extended_event_descriptor descriptor_number="1" last_descriptor_number="1" language_code="cze">
        <text>Arnošt Goldflam, dramaturgie Alena Blažejovská. Režie Lukáš Kopecký. (Brno)</text>
      </extended_event_descriptor>
      <content_descriptor>
        <content content_nibble_level_1="0" content_nibble_level_2="0" user_byte="0x00"/>
      </content_descriptor>
    </event>
    <event event_id="0xCAD6" start_time="2019-01-20 17:00:00" duration="00:30:00" running_status="undefined" CA_mode="false">
      <short_event_descriptor language_code="cze">
        <event_name>MusiCafé</event_name>
        <text>s Michaelem Kyselkou. Zima. Repríza 27. 1. v 0.05 hodin.</text>
      </short_event_descriptor>
      <content_descriptor>
        <content content_nibble_level_1="0" content_nibble_level_2="0" user_byte="0x00"/>
      </content_descriptor>
    </event>
    <event event_id="0xCAEB" start_time="2019-01-20 17:30:00" duration="00:30:00" running_status="undefined" CA_mode="false">
      <short_event_descriptor language_code="cze">
        <event_name>Četba na pokračování</event_name>
        <text></text>
      </short_event_descriptor>
      <extended_event_descriptor descriptor_number="0" last_descriptor_number="1" language_code="cze">
        <text>Jiří Kratochvil: Bakšiš (5/9). Část DVĚ. Rozmarný příběh ve třech částech o milostném zasvěcení, osudové lásce v proudu času a zapomnění vypráví šprýmující skřet. Ze stejnojmenné novely pro rozhlas připravil Tomáš Se</text>
      </extended_event_descriptor>
      <extended_event_descriptor descriptor_number="1" last_descriptor_number="1" language_code="cze">
        <text>dláček, dramaturgie Alena Blažejovská. V režii Lukáše Kopeckého čte Zdeněk Junák. (Brno)</text>
      </extended_event_descriptor>
      <content_descriptor>
        <content content_nibble_level_1="0" content_nibble_level_2="0" user_byte="0x00"/>
      </content_descriptor>
    </event>
    <event event_id="0xCB01" start_time="2019-01-20 18:00:00" duration="01:00:00" running_status="undefined" CA_mode="false">
      <short_event_descriptor language_code="cze">
        <event_name>Sedmé nebe</event_name>
        <text>s Načevou. Připravili a uvádějí Zdeněk Přidal &amp; Monika Načeva Repríza 26. 1. v 0.00 hodin.</text>
      </short_event_descriptor>
      <content_descriptor>
        <content content_nibble_level_1="0" content_nibble_level_2="0" user_byte="0x00"/>
      </content_descriptor>
    </event>
    <event event_id="0xCB2A" start_time="2019-01-20 19:00:00" duration="01:00:00" running_status="undefined" CA_mode="false">
      <short_event_descriptor language_code="cze">
        <event_name>Schůzky s literaturou</event_name>
        <text></text>
      </short_event_descriptor>
      <extended_event_descriptor descriptor_number="0" last_descriptor_number="1" language_code="cze">
        <text>Nepříliš bezpečný průvodce temnotou Kompozice pro tři hlasy a švédského spisovatele Johna Ajvida Lindqvista, autora románů Ať vejde ten pravý a Jak zacházet s nemrtvými. Pořad připravil, uvádí a režijně nastudoval Jan Tůma. Ú</text>
      </extended_event_descriptor>
      <extended_event_descriptor descriptor_number="1" last_descriptor_number="1" language_code="cze">
        <text>činkují Lukáš Hlavica a Ivan Řezáč (59 min). (repr. 26.1. v 6.00)</text>
      </extended_event_descriptor>
      <content_descriptor>
        <content content_nibble_level_1="0" content_nibble_level_2="0" user_byte="0x00"/>
      </content_descriptor>
    </event>
    <event event_id="0xCB55" start_time="2019-01-20 20:00:00" duration="02:00:00" running_status="undefined" CA_mode="false">
      <short_event_descriptor language_code="cze">
        <event_name>Futurissimo</event_name>
        <text></text>
      </short_event_descriptor>
      <extended_event_descriptor descriptor_number="0" last_descriptor_number="2" language_code="cze">
        <text>Mikrointervalová hudba. Připravila Iva Oplištilová. Julián Carrillo: Balbuceos - For Sixteenth-tone Piano And Ensemble (12 min). - Charles Ives: Three Quarter-Tone Pieces: Largo, Allegro (8 min). - Ivan Wyschnegradsky : 24 Préludes (Nos.16,9,3</text>
      </extended_event_descriptor>
      <extended_event_descriptor descriptor_number="1" last_descriptor_number="2" language_code="cze">
        <text>) (10 min). - Harry Partch: 17 Li Po Lyrics (The Intruder, I Am A Peach Tree, A Midnight Farewell, Before The Cask Of Wine (7 min). - Ganesh Anandan, John Gzowski: We Listen And Act. In A New Land, No Man's Land. (12 min). - Kevin Volans: Mbira (7 m</text>
      </extended_event_descriptor>
      <extended_event_descriptor descriptor_number="2" last_descriptor_number="2" language_code="cze">
        <text>in). - Ben Johnston: Smyčcový kvartet č. 4 Amazing Grace (9 min). - Györge Ligeti: Hambug Concerto (10 min). - La Monte Young: The Well-Tuned Piano (11 min).</text>
      </extended_event_descriptor>
      <content_descriptor>
        <content content_nibble_level_1="0" content_nibble_level_2="0" user_byte="0x00"/>
      </content_descriptor>
    </event>
    <event event_id="0xCBAA" start_time="2019-01-20 22:00:00" duration="00:30:00" running_status="undefined" CA_mode="false">
      <short_event_descriptor language_code="cze">
        <event_name>Spirituála</event_name>
        <text>Repríza z 8.00 hodin.</text>
      </short_event_descriptor>
      <content_descriptor>
        <content content_nibble_level_1="0" content_nibble_level_2="0" user_byte="0x00"/>
      </content_descriptor>
    </event>
    <event event_id="0xCBC0" start_time="2019-01-20 22:30:00" duration="00:30:00" running_status="undefined" CA_mode="false">
      <short_event_descriptor language_code="cze">
        <event_name>Spirituála</event_name>
        <text>Repríza z 8.30 hodin.</text>
      </short_event_descriptor>
      <content_descriptor>
        <content content_nibble_level_1="0" content_nibble_level_2="0" user_byte="0x00"/>
      </content_descriptor>
    </event>
    <event event_id="0xCBD6" start_time="2019-01-20 23:00:00" duration="00:02:00" running_status="undefined" CA_mode="false">
      <short_event_descriptor language_code="cze">
        <event_name>Hymna</event_name>
        <text></text>
      </short_event_descriptor>
      <content_descriptor>
        <content content_nibble_level_1="0" content_nibble_level_2="0" user_byte="0x00"/>
      </content_descriptor>
    </event>
    <event event_id="0xCBD7" start_time="2019-01-20 23:02:00" duration="00:03:00" running_status="undefined" CA_mode="false">
      <short_event_descriptor language_code="cze">
        <event_name>Půlnoční zvony</event_name>
        <text>Repríza z 20.1. 12.00 hodin.</text>
      </short_event_descriptor>
      <content_descriptor>
        <content content_nibble_level_1="0" content_nibble_level_2="0" user_byte="0x00"/>
      </content_descriptor>
    </event>
    <event event_id="0xCBD9" start_time="2019-01-20 23:05:00" duration="00:30:00" running_status="undefined" CA_mode="false">
      <short_event_descriptor language_code="cze">
        <event_name>Osudy</event_name>
        <text>Sergej Machonin: Příběh se závorkami (Alternativy) (10/10) Repríza z 18.1. 11.30 hodin.</text>
      </short_event_descriptor>
      <content_descriptor>
        <content content_nibble_level_1="0" content_nibble_level_2="0" user_byte="0x00"/>
      </content_descriptor>
    </event>
    <event event_id="0xCBED" start_time="2019-01-20 23:35:00" duration="01:00:00" running_status="undefined" CA_mode="false">
      <short_event_descriptor language_code="cze">
        <event_name>Soudobá hudba</event_name>
        <text></text>
      </short_event_descriptor>
      <extended_event_descriptor descriptor_number="0" last_descriptor_number="1" language_code="cze">
        <text>Ondřej Štochl: Sonety pro klarinet, vibrafon a komorní orchestr (18 min). Hrají Karel Dohnal, Cécile Boiffin a Pražský komorní orchestr, řídí Facundo Agudin. - Karlheinz Stockhausen: Tierkreis. Cyklus skladeb pro trubku a varhany (27 min)</text>
      </extended_event_descriptor>
      <extended_event_descriptor descriptor_number="1" last_descriptor_number="1" language_code="cze">
        <text>. Hrají Markus Stockhausen a Margareta Hürholz. - Sofia Gubajdulina: Misterioso. Skladba pro sedm bicích nástrojů (15 min). Hrají členové Orchestr Velkého divadla v Moskvě, řídí Viktor Grišin.</text>
      </extended_event_descriptor>
      <content_descriptor>
        <content content_nibble_level_1="0" content_nibble_level_2="0" user_byte="0x00"/>
      </content_descriptor>
    </event>
  </EIT>
  <EIT type="0" version="27" current="true" actual="true" service_id="0x4104" transport_stream_id="0x0111" original_network_id="0x20CB" last_table_id="0x50">
    <!-- PID 0x0012 (18) -->
    <event event_id="0x4B00" start_time="2019-01-19 18:00:00" duration="01:00:00" running_status="undefined" CA_mode="false">
      <short_event_descriptor language_code="cze">
        <event_name>Buchty</event_name>
        <text></text>
      </short_event_descriptor>
      <extended_event_descriptor descriptor_number="0" last_descriptor_number="1" language_code="cze">
        <text>Povrchní girl talk Ivany Veselkové a Zuzany Fuksové tentokrát na téma sousedi, sousedské vztahy a bizarní historky s nimi spjaté. Do studia by měla dorazit taky Iveta, která v Buchtách příležitostně hostuje, protože ta má prý v ruk</text>
      </extended_event_descriptor>
      <extended_event_descriptor descriptor_number="1" last_descriptor_number="1" language_code="cze">
        <text>ávu obzvlášť šílené příběhy o sousedech. Moderují Zuzana Fuchsová a Ivana Veselková. (repríza)</text>
      </extended_event_descriptor>
      <content_descriptor>
        <content content_nibble_level_1="0" content_nibble_level_2="0" user_byte="0x00"/>
      </content_descriptor>
    </event>
    <event event_id="0x4B2D" start_time="2019-01-19 19:00:00" duration="01:00:00" running_status="undefined" CA_mode="false">
      <short_event_descriptor language_code="cze">
        <event_name>DokuVlna</event_name>
        <text></text>
      </short_event_descriptor>
      <extended_event_descriptor descriptor_number="0" last_descriptor_number="1" language_code="cze">
        <text>Audiodokumentarista Vladimír Mareček chtěl v posledním díle cyklu DokuVlna pátrat po tom, proč mileniálové často střídají a ukončují vysoké školy. Nakonec z toho vznikl dokument "Budoucnost nejistá", který zachycuje nejrůznějš</text>
      </extended_event_descriptor>
      <extended_event_descriptor descriptor_number="1" last_descriptor_number="1" language_code="cze">
        <text>í touhy a možnosti života současných českých mileniálů. Poslechněte si o jejich jejich tápání po smyslu práce i životního směřování, v sobotu od 20 hodin ve vysílání RW a pak i na webu. (repríza)</text>
      </extended_event_descriptor>
      <content_descriptor>
        <content content_nibble_level_1="0" content_nibble_level_2="0" user_byte="0x00"/>
      </content_descriptor>
    </event>
    <event event_id="0x4B55" start_time="2019-01-19 20:00:00" duration="01:00:00" running_status="undefined" CA_mode="false">
      <short_event_descriptor language_code="cze">
        <event_name>Music Check</event_name>
        <text>Music Check je hodina plná hudby vybírané z playlistu Radia Wave.</text>
      </short_event_descriptor>
      <content_descriptor>
        <content content_nibble_level_1="0" content_nibble_level_2="0" user_byte="0x00"/>
      </content_descriptor>
    </event>
    <event event_id="0x4B82" start_time="2019-01-19 21:00:00" duration="01:00:00" running_status="undefined" CA_mode="false">
      <short_event_descriptor language_code="cze">
        <event_name>Kvér</event_name>
        <text></text>
      </short_event_descriptor>
      <extended_event_descriptor descriptor_number="0" last_descriptor_number="1" language_code="cze">
        <text>V dalším vydání Kvéru zabrousíme do oblasti vztahů a sexu mileniálů. Studie ukazují, že s první sexuální zkušeností otálejí mnohem déle než generace jejich rodičů. Proč tomu tak je? A jakou roli v rom hraje rozvolňování pra</text>
      </extended_event_descriptor>
      <extended_event_descriptor descriptor_number="1" last_descriptor_number="1" language_code="cze">
        <text>videl při navazování vztahů? Na to odpovídá novinářka Silvie Lauder z týdeníku Respekt a sociolog Martin Fafejta z Univerzity Palackého v Olomouci. Moderuje Bára Šichanová a Filip Titlbach. (repríza)</text>
      </extended_event_descriptor>
      <content_descriptor>
        <content content_nibble_level_1="0" content_nibble_level_2="0" user_byte="0x00"/>
      </content_descriptor>
    </event>
    <event event_id="0x4BAA" start_time="2019-01-19 22:00:00" duration="01:00:00" running_status="undefined" CA_mode="false">
      <short_event_descriptor language_code="cze">
        <event_name>Stage</event_name>
        <text></text>
      </short_event_descriptor>
      <extended_event_descriptor descriptor_number="0" last_descriptor_number="1" language_code="cze">
        <text>Držitel ceny Vinyla i Apollo za desku These Semi Feelings, They Are Everywhere, pražský producent dné a downtempové duo VR/NOBODY vystoupili v dubnu 2017 v Olomouci v rámci Radio Wave Live Sessions. Záznam jejich setů vám nyní nabízíme n</text>
      </extended_event_descriptor>
      <extended_event_descriptor descriptor_number="1" last_descriptor_number="1" language_code="cze">
        <text>a Stagi.</text>
      </extended_event_descriptor>
      <content_descriptor>
        <content content_nibble_level_1="0" content_nibble_level_2="0" user_byte="0x00"/>
      </content_descriptor>
    </event>
    <event event_id="0x4BD7" start_time="2019-01-19 23:00:00" duration="03:00:00" running_status="undefined" CA_mode="false">
      <short_event_descriptor language_code="cze">
        <event_name>Silent Night</event_name>
        <text></text>
      </short_event_descriptor>
      <extended_event_descriptor descriptor_number="0" last_descriptor_number="1" language_code="cze">
        <text>Profil labelu Shimmering Moods Records. Během čtyř let existence se amsterdamská značka zařadila mezi ambientní vydavatelství, která se vyplatí sledovat. Svými nahrávkami do jejího katalogu přispěli mimo jiné Olan Mill, Gallery Six, </text>
      </extended_event_descriptor>
      <extended_event_descriptor descriptor_number="1" last_descriptor_number="1" language_code="cze">
        <text>Bengalfuel, Shaahin Saba Dipole, Kirill Mazhai nebo &amp;#248;jeRum. Moderuje Jarda Petřík.</text>
      </extended_event_descriptor>
      <content_descriptor>
        <content content_nibble_level_1="0" content_nibble_level_2="0" user_byte="0x00"/>
      </content_descriptor>
    </event>
    <event event_id="0x4C55" start_time="2019-01-20 02:00:00" duration="02:00:00" running_status="undefined" CA_mode="false">
      <short_event_descriptor language_code="cze">
        <event_name>Night Air</event_name>
        <text></text>
      </short_event_descriptor>
      <extended_event_descriptor descriptor_number="0" last_descriptor_number="0" language_code="cze">
        <text>S půlnocí neupadáme do limbu, naopak: každá noc patří nepřerušené selekci našich hitů. Čekejte nejchytlavější skladby interpretů spojených s playlistem Radia Wave.</text>
      </extended_event_descriptor>
      <content_descriptor>
        <content content_nibble_level_1="0" content_nibble_level_2="0" user_byte="0x00"/>
      </content_descriptor>
    </event>
    <event event_id="0x4CAC" start_time="2019-01-20 04:00:00" duration="03:00:00" running_status="undefined" CA_mode="false">
      <short_event_descriptor language_code="cze">
        <event_name>Music Check</event_name>
        <text>Music Check je hodina plná hudby vybírané z playlistu Radia Wave.</text>
      </short_event_descriptor>
      <content_descriptor>
        <content content_nibble_level_1="0" content_nibble_level_2="0" user_byte="0x00"/>
      </content_descriptor>
    </event>
    <event event_id="0x4D2C" start_time="2019-01-20 07:00:00" duration="04:00:00" running_status="undefined" CA_mode="false">
      <short_event_descriptor language_code="cze">
        <event_name>On Air s Jardou Petříkem</event_name>
        <text></text>
      </short_event_descriptor>
      <extended_event_descriptor descriptor_number="0" last_descriptor_number="0" language_code="cze">
        <text>Proud vysílání nabitý muzikou, kulturními tipy a redakčními příspěvky na nejrůznější témata. Moderuje Jarda Petřík.</text>
      </extended_event_descriptor>
      <content_descriptor>
        <content content_nibble_level_1="0" content_nibble_level_2="0" user_byte="0x00"/>
      </content_descriptor>
    </event>
    <event event_id="0x4DD5" start_time="2019-01-20 11:00:00" duration="01:00:00" running_status="undefined" CA_mode="false">
      <short_event_descriptor language_code="cze">
        <event_name>Casablanca</event_name>
        <text></text>
      </short_event_descriptor>
      <extended_event_descriptor descriptor_number="0" last_descriptor_number="0" language_code="cze">
        <text>Martin Mařík zdolal trek Te Araroa, který vede z jihu na sever celým Novým Zélandem, jižním i severním ostrovem. 3000 kilometrů zélandskou přírodou shrneme v nadupaném hodinovém vysílání! Moderuje Pavel Sladký. (repríza)</text>
      </extended_event_descriptor>
      <content_descriptor>
        <content content_nibble_level_1="0" content_nibble_level_2="0" user_byte="0x00"/>
      </content_descriptor>
    </event>
    <event event_id="0x4E00" start_time="2019-01-20 12:00:00" duration="01:00:00" running_status="undefined" CA_mode="false">
      <short_event_descriptor language_code="cze">
        <event_name>World Music Box</event_name>
        <text></text>
      </short_event_descriptor>
      <extended_event_descriptor descriptor_number="0" last_descriptor_number="1" language_code="cze">
        <text>Best of 2018 - Amerika. V druhé části přehlídky toho nejlepšího z roku 2018 se budeme věnovat Americe. Čeká nás hudba z USA, Kuby, Haiti, Gadaloupe, Jamaiky, Peru, Argentiny, Brazílie a Kanady. Petr Koláček vás provede hudebními kult</text>
      </extended_event_descriptor>
      <extended_event_descriptor descriptor_number="1" last_descriptor_number="1" language_code="cze">
        <text>urami celého světa.</text>
      </extended_event_descriptor>
      <content_descriptor>
        <content content_nibble_level_1="0" content_nibble_level_2="0" user_byte="0x00"/>
      </content_descriptor>
    </event>
    <event event_id="0x4E2A" start_time="2019-01-20 13:00:00" duration="04:00:00" running_status="undefined" CA_mode="false">
      <short_event_descriptor language_code="cze">
        <event_name>On Air s Lukášem Grygarem</event_name>
        <text></text>
      </short_event_descriptor>
      <extended_event_descriptor descriptor_number="0" last_descriptor_number="0" language_code="cze">
        <text>Proud vysílání nabitý muzikou, kulturními tipy a redakčními příspěvky na nejrůznější témata. Moderuje Lukáš Grygar.</text>
      </extended_event_descriptor>
      <content_descriptor>
        <content content_nibble_level_1="0" content_nibble_level_2="0" user_byte="0x00"/>
      </content_descriptor>
    </event>
    <event event_id="0x4ED5" start_time="2019-01-20 17:00:00" duration="01:00:00" running_status="undefined" CA_mode="false">
      <short_event_descriptor language_code="cze">
        <event_name>Hergot!</event_name>
        <text></text>
      </short_event_descriptor>
      <extended_event_descriptor descriptor_number="0" last_descriptor_number="1" language_code="cze">
        <text>V nedělním vysílání uslyšíte rozhovor s Janem Ortem, studentem antropologie na FHS UK a doktorandem romistiky na FF UK. Budeme se bavit o spiritualitě Romů, především těch, se kterými se Jan seznámil během svého terénního výzkumu</text>
      </extended_event_descriptor>
      <extended_event_descriptor descriptor_number="1" last_descriptor_number="1" language_code="cze">
        <text> na Slovensku. Moderují: Fatima Rahimi, Petr Wagner a Dominik Čejka.</text>
      </extended_event_descriptor>
      <content_descriptor>
        <content content_nibble_level_1="0" content_nibble_level_2="0" user_byte="0x00"/>
      </content_descriptor>
    </event>
    <event event_id="0x4F00" start_time="2019-01-20 18:00:00" duration="01:00:00" running_status="undefined" CA_mode="false">
      <short_event_descriptor language_code="cze">
        <event_name>Čelisti</event_name>
        <text></text>
      </short_event_descriptor>
      <extended_event_descriptor descriptor_number="0" last_descriptor_number="1" language_code="cze">
        <text>Sci-fi Bird Box z produkce Netflixu + drama Thomase Vinterberga Kursk + francouzský religiózní thriller Zjevení + nový a zcela Skleněný M. Night Shyamalan. Moderují Aleš Stuchlý a Vít Schmarc se zavázanýma vočima a hostem Kamilem Filou</text>
      </extended_event_descriptor>
      <extended_event_descriptor descriptor_number="1" last_descriptor_number="1" language_code="cze">
        <text>. (repríza)</text>
      </extended_event_descriptor>
      <content_descriptor>
        <content content_nibble_level_1="0" content_nibble_level_2="0" user_byte="0x00"/>
      </content_descriptor>
    </event>
    <event event_id="0x4F2C" start_time="2019-01-20 19:00:00" duration="02:00:00" running_status="undefined" CA_mode="false">
      <short_event_descriptor language_code="cze">
        <event_name>Werk</event_name>
        <text></text>
      </short_event_descriptor>
      <extended_event_descriptor descriptor_number="0" last_descriptor_number="1" language_code="cze">
        <text>Fokus na Workshop Records. Kassem Mosse, Lowtec, Even Tuell, Willow, Move D a další. Německé vydavatelství Workshop podemílá břehy generické klubové hudby a na začátku druhé dekády svého fungování je možná v nejlepší formě. Mod</text>
      </extended_event_descriptor>
      <extended_event_descriptor descriptor_number="1" last_descriptor_number="1" language_code="cze">
        <text>erují Jakub Benda a Max Dvořák.</text>
      </extended_event_descriptor>
      <content_descriptor>
        <content content_nibble_level_1="0" content_nibble_level_2="0" user_byte="0x00"/>
      </content_descriptor>
    </event>
    <event event_id="0x4F80" start_time="2019-01-20 21:00:00" duration="02:00:00" running_status="undefined" CA_mode="false">
      <short_event_descriptor language_code="cze">
        <event_name>Grundfunk</event_name>
        <text></text>
      </short_event_descriptor>
      <extended_event_descriptor descriptor_number="0" last_descriptor_number="1" language_code="cze">
        <text>Unikátní mix funku, soulu, jazzu, latina a hudby, ve které nechybí nezbytný groove. Grundfunk je okořeněný o DJské mixy a rozhovory s muzikanty z celého světa, pořad kormidlují na české scéně dvě desetiletí působící DJ Maceo a </text>
      </extended_event_descriptor>
      <extended_event_descriptor descriptor_number="1" last_descriptor_number="1" language_code="cze">
        <text>a neúnavný vyhledávač nových kapel a projektů Viktor Mašát.</text>
      </extended_event_descriptor>
      <content_descriptor>
        <content content_nibble_level_1="0" content_nibble_level_2="0" user_byte="0x00"/>
      </content_descriptor>
    </event>
    <event event_id="0x4FD5" start_time="2019-01-20 23:00:00" duration="05:00:00" running_status="undefined" CA_mode="false">
      <short_event_descriptor language_code="cze">
        <event_name>Night Air</event_name>
        <text></text>
      </short_event_descriptor>
      <extended_event_descriptor descriptor_number="0" last_descriptor_number="0" language_code="cze">
        <text>S půlnocí neupadáme do limbu, naopak: každá noc patří nepřerušené selekci našich hitů. Čekejte nejchytlavější skladby interpretů spojených s playlistem Radia Wave.</text>
      </extended_event_descriptor>
      <content_descriptor>
        <content content_nibble_level_1="0" content_nibble_level_2="0" user_byte="0x00"/>
      </content_descriptor>
    </event>
  </EIT>
  <EIT type="0" version="0" current="true" actual="true" service_id="0x4105" transport_stream_id="0x0111" original_network_id="0x20CB" last_table_id="0x50">
    <!-- PID 0x0012 (18) -->
    <event event_id="0xC71F" start_time="2019-01-19 18:43:32" duration="00:16:28" running_status="undefined" CA_mode="false">
      <short_event_descriptor language_code="cze">
        <event_name>Jan Dismas Zelenka: Sonáta pro dva hoboje, fagot a basso continuo č. 6 z cyklu 6 Sonate a due Hautbois et Basson con due bassi obligati</event_name>
        <text>Andante; Allegro; Adagio; Allegro; Hraje Ensemble Zefiro.</text>
      </short_event_descriptor>
      <content_descriptor>
        <content content_nibble_level_1="0" content_nibble_level_2="0" user_byte="0x00"/>
      </content_descriptor>
    </event>
    <event event_id="0xC72B" start_time="2019-01-19 19:00:00" duration="03:12:35" running_status="undefined" CA_mode="false">
      <short_event_descriptor language_code="cze">
        <event_name>Sobotní večer s Jiřím Hlaváčem.</event_name>
        <text></text>
      </short_event_descriptor>
      <extended_event_descriptor descriptor_number="0" last_descriptor_number="1" language_code="cze">
        <text>M. Giuliani: Serenata. - Z. Kodály: Tance z Galanty. - V. Novák: Pan. - W. A. Mozart: Koncert A dur pro klarinet a orchestr. - I. Stravinskij: Pulcinella. Suita pro orchestr. - D. Milhaud: Scaramouche. - B. Martinů: Rapsodie. Koncert pro violu a </text>
      </extended_event_descriptor>
      <extended_event_descriptor descriptor_number="1" last_descriptor_number="1" language_code="cze">
        <text>orchestr. - A. Dvořák: Stabat Mater.</text>
      </extended_event_descriptor>
      <content_descriptor>
        <content content_nibble_level_1="0" content_nibble_level_2="0" user_byte="0x00"/>
      </content_descriptor>
    </event>
    <event event_id="0xC7B3" start_time="2019-01-19 22:12:35" duration="00:37:12" running_status="undefined" CA_mode="false">
      <short_event_descriptor language_code="cze">
        <event_name>Igor Stravinskij: Svěcení jara. Obrazy z pohanské rusi o dvou dílech - balet Tableaux de la Russie paienne en deux parties</event_name>
        <text>Hraje Izraelský filharmonický orchestr, řídí Leonard Bernstein.</text>
      </short_event_descriptor>
      <content_descriptor>
        <content content_nibble_level_1="0" content_nibble_level_2="0" user_byte="0x00"/>
      </content_descriptor>
    </event>
    <event event_id="0xC7D6" start_time="2019-01-19 23:00:00" duration="04:00:00" running_status="undefined" CA_mode="false">
      <short_event_descriptor language_code="cze">
        <event_name>Na návštěvě v Essenu</event_name>
        <text></text>
      </short_event_descriptor>
      <extended_event_descriptor descriptor_number="0" last_descriptor_number="1" language_code="cze">
        <text>S dirigentem Tomášem Netopilem a intendantem Heinem Muldersem o hudebním životě v Essenu. Zazní tři nahrávky české hudby, které Netopil s Essenskými filharmoniky realizoval: Asrael Josefa Suka, opera Ariadna a Dvojkoncert pro smyčce, kl</text>
      </extended_event_descriptor>
      <extended_event_descriptor descriptor_number="1" last_descriptor_number="1" language_code="cze">
        <text>avír a tympány Bohuslava Martinů. A vrcholem bude Mahlerova Šestá, kterou dosud nenatočil, ale v Essenu měla světovou premiéru. Chybět nemohou záznamy Netopilových vystoupení na Festivalu Pražské jaro. Připravil Jindřich Bálek.</text>
      </extended_event_descriptor>
      <content_descriptor>
        <content content_nibble_level_1="0" content_nibble_level_2="0" user_byte="0x00"/>
      </content_descriptor>
    </event>
    <event event_id="0xC883" start_time="2019-01-20 03:00:00" duration="00:01:29" running_status="undefined" CA_mode="false">
      <short_event_descriptor language_code="cze">
        <event_name>Repríza sobotního pořadu Od Claudia k Ludwigovi.</event_name>
        <text>Stará hudba stylově.</text>
      </short_event_descriptor>
      <content_descriptor>
        <content content_nibble_level_1="0" content_nibble_level_2="0" user_byte="0x00"/>
      </content_descriptor>
    </event>
    <event event_id="0xC882" start_time="2019-01-20 03:01:29" duration="00:11:20" running_status="undefined" CA_mode="false">
      <short_event_descriptor language_code="cze">
        <event_name>Francesco Maria Veracini: Sonáta pro zobcovou flétnu a basso continuo /violoncello, cembalo/ G dur. Z cyklu Sonate a Violine, o Flauto solo e Basso</event_name>
        <text></text>
      </short_event_descriptor>
      <extended_event_descriptor descriptor_number="0" last_descriptor_number="0" language_code="cze">
        <text>Largo; Allegro; Largo; Allegro; Hrají Frans Brüggen (flétna zobcová), Anner Bylsma (violoncello) a Gustav Leonhardt (cembalo).</text>
      </extended_event_descriptor>
      <content_descriptor>
        <content content_nibble_level_1="0" content_nibble_level_2="0" user_byte="0x00"/>
      </content_descriptor>
    </event>
    <event event_id="0xC88A" start_time="2019-01-20 03:12:49" duration="00:54:27" running_status="undefined" CA_mode="false">
      <short_event_descriptor language_code="cze">
        <event_name>Marc-Antoine Charpentier: Sestup Orfeův do podsvětí H 488. Opera o dvou dějstvích</event_name>
        <text></text>
      </short_event_descriptor>
      <extended_event_descriptor descriptor_number="0" last_descriptor_number="1" language_code="cze">
        <text>Ouverture; 1. dějství; 2. dějství; Zpívají Aaron Sheehan (tenor), Amanda Forsythe (soprán), Douglas Williams (basbaryton), Dorothee Mields (soprán), Jesse Blumberg (baryton), Teresa Wakim (soprán), Jason McStoots (tenor) a Zachary Wilder (t</text>
      </extended_event_descriptor>
      <extended_event_descriptor descriptor_number="1" last_descriptor_number="1" language_code="cze">
        <text>enor), hraje Boston Early Music Festival Orchestra/Chamber Ensemble, řídí Stephen Stubbs.</text>
      </extended_event_descriptor>
      <content_descriptor>
        <content content_nibble_level_1="0" content_nibble_level_2="0" user_byte="0x00"/>
      </content_descriptor>
    </event>
    <event event_id="0xC8B0" start_time="2019-01-20 04:07:16" duration="00:07:01" running_status="undefined" CA_mode="false">
      <short_event_descriptor language_code="cze">
        <event_name>Franz Ignaz Beck: La mort d'Orphée. Předehra pro orchestr</event_name>
        <text>Largo - Allegro molto; Hraje La Stagione Frankfurt, řídí Michael Schneider.</text>
      </short_event_descriptor>
      <content_descriptor>
        <content content_nibble_level_1="0" content_nibble_level_2="0" user_byte="0x00"/>
      </content_descriptor>
    </event>
    <event event_id="0xC8B5" start_time="2019-01-20 04:14:17" duration="00:14:24" running_status="undefined" CA_mode="false">
      <short_event_descriptor language_code="cze">
        <event_name>Johann Joachim Quantz: Sonáta triová pro zobcovou flétnu, housle a basso continuo /violone, cembalo/ C dur</event_name>
        <text></text>
      </short_event_descriptor>
      <extended_event_descriptor descriptor_number="0" last_descriptor_number="0" language_code="cze">
        <text>Allegro (con brio); Adagio; Allegro; Hrají Clas Pehrsson (flétna zobcová), Predrag Novovič (housle), Alf Petersén (violone) a Arnold Östman (cembalo).</text>
      </extended_event_descriptor>
      <content_descriptor>
        <content content_nibble_level_1="0" content_nibble_level_2="0" user_byte="0x00"/>
      </content_descriptor>
    </event>
    <event event_id="0xC8BF" start_time="2019-01-20 04:28:41" duration="00:24:12" running_status="undefined" CA_mode="false">
      <short_event_descriptor language_code="cze">
        <event_name>Karel Stamic: Koncert pro klarinet, fagot a orchestr B dur</event_name>
        <text></text>
      </short_event_descriptor>
      <extended_event_descriptor descriptor_number="0" last_descriptor_number="0" language_code="cze">
        <text>Allegro moderato; Andante moderato; Rondo; Hrají Sabine Meyer (klarinet), Sergio Azzolini (fagot) a Academy of St Martin in the Fields /Akademie sv. Martina v polích/, řídí Iona Brown.; Vyrobeno v Holandsku.</text>
      </extended_event_descriptor>
      <content_descriptor>
        <content content_nibble_level_1="0" content_nibble_level_2="0" user_byte="0x00"/>
      </content_descriptor>
    </event>
    <event event_id="0xC8D0" start_time="2019-01-20 04:52:53" duration="00:54:33" running_status="undefined" CA_mode="false">
      <short_event_descriptor language_code="cze">
        <event_name>Claudio Monteverdi: Madrigali amorosi. Milostné madrigaly pro smíšené sólové komorní hlasy a instrumentální doprovod VIII. kniha madrigalů</event_name>
        <text></text>
      </short_event_descriptor>
      <extended_event_descriptor descriptor_number="0" last_descriptor_number="0" language_code="cze">
        <text>Zpívá Concerto Vocale/soubor vokálně-instrumentální, hraje Concerto Vocale/soubor vokálně-instrumentální, řídí René Jacobs.</text>
      </extended_event_descriptor>
      <content_descriptor>
        <content content_nibble_level_1="0" content_nibble_level_2="0" user_byte="0x00"/>
      </content_descriptor>
    </event>
    <event event_id="0xC8F7" start_time="2019-01-20 05:47:26" duration="00:14:05" running_status="undefined" CA_mode="false">
      <short_event_descriptor language_code="cze">
        <event_name>Georg Friedrich Händel: Suita pro cembalo č. 7 g moll HWV 432</event_name>
        <text>Ouverture; Andante; Allegro; Sarabande; Gigue; Passacaille; Hraje Kenneth Gilbert (cembalo).</text>
      </short_event_descriptor>
      <content_descriptor>
        <content content_nibble_level_1="0" content_nibble_level_2="0" user_byte="0x00"/>
      </content_descriptor>
    </event>
    <event event_id="0xC902" start_time="2019-01-20 06:01:31" duration="00:42:01" running_status="undefined" CA_mode="false">
      <short_event_descriptor language_code="cze">
        <event_name>Ludwig van Beethoven: Symfonie č. 6 F dur op. 68 Pastorální</event_name>
        <text>Hraje Orchestr revoluční a romantický, dirigent Sir John Eliot Gardiner</text>
      </short_event_descriptor>
      <content_descriptor>
        <content content_nibble_level_1="0" content_nibble_level_2="0" user_byte="0x00"/>
      </content_descriptor>
    </event>
    <event event_id="0xC920" start_time="2019-01-20 06:43:32" duration="00:16:28" running_status="undefined" CA_mode="false">
      <short_event_descriptor language_code="cze">
        <event_name>Jan Dismas Zelenka: Sonáta pro dva hoboje, fagot a basso continuo č. 6 z cyklu 6 Sonate a due Hautbois et Basson con due bassi obligati</event_name>
        <text>Andante; Allegro; Adagio; Allegro; Hraje Ensemble Zefiro.</text>
      </short_event_descriptor>
      <content_descriptor>
        <content content_nibble_level_1="0" content_nibble_level_2="0" user_byte="0x00"/>
      </content_descriptor>
    </event>
    <event event_id="0x4D2A" start_time="2019-01-20 07:00:00" duration="04:00:41" running_status="undefined" CA_mode="false">
      <short_event_descriptor language_code="cze">
        <event_name>Na návštěvě v Hamburku</event_name>
        <text></text>
      </short_event_descriptor>
      <extended_event_descriptor descriptor_number="0" last_descriptor_number="3" language_code="cze">
        <text>S ředitelkou orchestru NDR Elbphilharmonie Sonjou Epping či s kulturním manažerem Pawlem Sprawkou-Estherr o hudebním životě v Hamburku, zejména o nové budově Elbphilharmonie. Nejen o akustice této nové budovy ve srovnání se starou a os</text>
      </extended_event_descriptor>
      <extended_event_descriptor descriptor_number="1" last_descriptor_number="3" language_code="cze">
        <text>vědčenou hamburskou Laeiszhalle. Navštívíme také Komponistenquartier, museum všech skladatelských osobností bytostně spojených s Hamburkem. Vedle nejvýznamnějšího rodáka Johannesa Brahmse to jsou Georg Philipp Telemann, Fanny a Felix</text>
      </extended_event_descriptor>
      <extended_event_descriptor descriptor_number="2" last_descriptor_number="3" language_code="cze">
        <text> Mendelssohnovi a Gustav Mahler. Zazní jedna z prvních nahrávek pořízených v Elbphilharmonie, rané Chopinovy skladby pro klavír a orchestr s mladým pianistou Janem Lisieckim. Ukázky z 2. a 3. Mahlerovy symfonie, které složil během svéh</text>
      </extended_event_descriptor>
      <extended_event_descriptor descriptor_number="3" last_descriptor_number="3" language_code="cze">
        <text>o "hamburského oddobí" i unikátní snímek klavírní verze 1. věty Páté symfonie, kterou zaznamenal v roce 1905 na pianolu. A chybět nebude mladý ani vrcholný Johannes Brahms. Připravil Jindřich Bálek.</text>
      </extended_event_descriptor>
      <content_descriptor>
        <content content_nibble_level_1="0" content_nibble_level_2="0" user_byte="0x00"/>
      </content_descriptor>
    </event>
    <event event_id="0x4DD5" start_time="2019-01-20 11:00:41" duration="00:32:24" running_status="undefined" CA_mode="false">
      <short_event_descriptor language_code="cze">
        <event_name>Petr Eben: Nedělní hudba</event_name>
        <text>Fantasia I; Fantasia II; Moto ostinato; Finale; Hraje Kamila Klugarová (varhany).</text>
      </short_event_descriptor>
      <content_descriptor>
        <content content_nibble_level_1="0" content_nibble_level_2="0" user_byte="0x00"/>
      </content_descriptor>
    </event>
    <event event_id="0x4DEC" start_time="2019-01-20 11:33:05" duration="02:13:15" running_status="undefined" CA_mode="false">
      <short_event_descriptor language_code="cze">
        <event_name>Joseph Haydn: Čtvero ročních období Hob. XXI:3. Oratorium pro sóla, smíšený sbor a orchestr.</event_name>
        <text></text>
      </short_event_descriptor>
      <extended_event_descriptor descriptor_number="0" last_descriptor_number="0" language_code="cze">
        <text>Jaro - Léto - Podzim - Zima ; Zpívají Gundula Janowitz (soprán), Peter Schreier (tenor), Martti Talvela (bas) a Vídeňský pěvecký spolek, sbormistr Helmuth Froschauer, hrají Vídeňští symfonikové, řídí Karl Böhm.</text>
      </extended_event_descriptor>
      <content_descriptor>
        <content content_nibble_level_1="0" content_nibble_level_2="0" user_byte="0x00"/>
      </content_descriptor>
    </event>
    <event event_id="0x4E4A" start_time="2019-01-20 13:46:20" duration="00:22:52" running_status="undefined" CA_mode="false">
      <short_event_descriptor language_code="cze">
        <event_name>Bohuslav Martinů: Bergerettes pro housle, violoncello a klavír H 275.</event_name>
        <text></text>
      </short_event_descriptor>
      <extended_event_descriptor descriptor_number="0" last_descriptor_number="0" language_code="cze">
        <text>Poco allegro; Allegro con brio; Andantino; Allegro; Moderato; Hraje České trio: Jiří Tomášek (housle), Saša Večtomov (violoncello) a Josef Páleníček (klavír).</text>
      </extended_event_descriptor>
      <content_descriptor>
        <content content_nibble_level_1="0" content_nibble_level_2="0" user_byte="0x00"/>
      </content_descriptor>
    </event>
    <event event_id="0x4E5B" start_time="2019-01-20 14:09:12" duration="00:31:49" running_status="undefined" CA_mode="false">
      <short_event_descriptor language_code="cze">
        <event_name>Wolfgang Amadeus Mozart: Koncertantní symfonie pro housle, violu a orchestr Es dur K 364</event_name>
        <text></text>
      </short_event_descriptor>
      <extended_event_descriptor descriptor_number="0" last_descriptor_number="0" language_code="cze">
        <text>Allegro maestoso; Andante; Presto; Hrají Anne Sophie Mutter (housle), Bruno Giuranna (viola) a Academy of St. Martin in the Fields, řídí sir Neville Marriner.</text>
      </extended_event_descriptor>
      <content_descriptor>
        <content content_nibble_level_1="0" content_nibble_level_2="0" user_byte="0x00"/>
      </content_descriptor>
    </event>
    <event event_id="0x4E72" start_time="2019-01-20 14:41:01" duration="00:18:59" running_status="undefined" CA_mode="false">
      <short_event_descriptor language_code="cze">
        <event_name>Antonio Salieri: Varhanní koncert</event_name>
        <text></text>
      </short_event_descriptor>
      <extended_event_descriptor descriptor_number="0" last_descriptor_number="0" language_code="cze">
        <text>Allegro ma non molto; Allegro assai; Hrají Anton Gansberger (varhany) a Leondinger Symphonieorchester, řídí Uwe Christian Harrer.</text>
      </extended_event_descriptor>
      <content_descriptor>
        <content content_nibble_level_1="0" content_nibble_level_2="0" user_byte="0x00"/>
      </content_descriptor>
    </event>
    <event event_id="0xCA80" start_time="2019-01-20 15:00:00" duration="02:02:00" running_status="undefined" CA_mode="false">
      <short_event_descriptor language_code="cze">
        <event_name>Opera</event_name>
        <text></text>
      </short_event_descriptor>
      <extended_event_descriptor descriptor_number="0" last_descriptor_number="1" language_code="cze">
        <text>Antonín Dvořák: Čert a Káča.; Hraje WDR Sinfonieorchester Köln. Spoluúčinkuje Pražský komorní sbor a WDR Rundfunkchor. Řídí Gerd Albrecht. Sólisté Michelle Breedt (Káča) a Peter Mikuláš (Marbuel). ; Připravila Svatava Barančic</text>
      </extended_event_descriptor>
      <extended_event_descriptor descriptor_number="1" last_descriptor_number="1" language_code="cze">
        <text>ová.</text>
      </extended_event_descriptor>
      <content_descriptor>
        <content content_nibble_level_1="0" content_nibble_level_2="0" user_byte="0x00"/>
      </content_descriptor>
    </event>
    <event event_id="0x4ED6" start_time="2019-01-20 17:02:00" duration="01:58:46" running_status="undefined" CA_mode="false">
      <short_event_descriptor language_code="cze">
        <event_name>A. Dvořák: Rondo pro violoncello a klavír. - Klid lesa. - V. Novák: Slovácká suita. - O. Kukal: Clarinettino. - J. Brahms: Symfonie č. 4.</event_name>
        <text></text>
      </short_event_descriptor>
      <content_descriptor>
        <content content_nibble_level_1="0" content_nibble_level_2="0" user_byte="0x00"/>
      </content_descriptor>
    </event>
    <event event_id="0x4F2A" start_time="2019-01-20 19:00:46" duration="00:19:19" running_status="undefined" CA_mode="false">
      <short_event_descriptor language_code="cze">
        <event_name>Antonio Salieri: Palmira, Regina di Persia. Harmonie pro devět nástrojů z opery</event_name>
        <text></text>
      </short_event_descriptor>
      <extended_event_descriptor descriptor_number="0" last_descriptor_number="0" language_code="cze">
        <text>Sinfonia; Andante con moto; Terzetto; Marcia; Un poco andante; Marcia; Andante un poco sostenuto; Larghetto; Andante; Finale; Hraje Consortium Classicum.</text>
      </extended_event_descriptor>
      <content_descriptor>
        <content content_nibble_level_1="0" content_nibble_level_2="0" user_byte="0x00"/>
      </content_descriptor>
    </event>
    <event event_id="0x4F38" start_time="2019-01-20 19:20:05" duration="01:41:23" running_status="undefined" CA_mode="false">
      <short_event_descriptor language_code="cze">
        <event_name>Olivier Messiaen: La Transfiguration de Notre Seigneur Jésus-Christ. Vokální skladba pro smíšený sbor, sedm sólových nástrojů a orchestr</event_name>
        <text></text>
      </short_event_descriptor>
      <extended_event_descriptor descriptor_number="0" last_descriptor_number="1" language_code="cze">
        <text>Assumpsit Jesus Petrum,et Jacobum; Configuratum corpori claritatis suae; Christus Jesus, splendor Patris; Et ecce apparuerunt; Quam ditecta tabernacula tua; Candor est lucis aetrnae; In monte sancto ejus; Hic est Fillius meus; Perfecto conscius illi</text>
      </extended_event_descriptor>
      <extended_event_descriptor descriptor_number="1" last_descriptor_number="1" language_code="cze">
        <text>us perfectae generations; Adoptionem filiorum perfectam; Et audientes discipuli; Terribilis est locus iste; Tota</text>
      </extended_event_descriptor>
      <content_descriptor>
        <content content_nibble_level_1="0" content_nibble_level_2="0" user_byte="0x00"/>
      </content_descriptor>
    </event>
    <event event_id="0x4F80" start_time="2019-01-20 21:01:28" duration="01:06:38" running_status="undefined" CA_mode="false">
      <short_event_descriptor language_code="cze">
        <event_name>Johann Sebastian Bach: Varhanní skladby</event_name>
        <text></text>
      </short_event_descriptor>
      <extended_event_descriptor descriptor_number="0" last_descriptor_number="0" language_code="cze">
        <text>Toccata a fuga; Preludium a fuga; Herzlich tut mich verlangen; Preludium a fuga; Wir glauben all' an einen Gott; Preludium a fuga; Vater unser; Kanonické variace; Hraje Jiří Reinberger (varhany).; Nahrávka z r. 1962.; Vyrobeno v ČSSR.</text>
      </extended_event_descriptor>
      <content_descriptor>
        <content content_nibble_level_1="0" content_nibble_level_2="0" user_byte="0x00"/>
      </content_descriptor>
    </event>
    <event event_id="0x4FAF" start_time="2019-01-20 22:08:06" duration="00:34:21" running_status="undefined" CA_mode="false">
      <short_event_descriptor language_code="cze">
        <event_name>Alban Berg: Lyrická suita. Suita pro smyčcové kvarteto</event_name>
        <text></text>
      </short_event_descriptor>
      <extended_event_descriptor descriptor_number="0" last_descriptor_number="1" language_code="cze">
        <text>Allegretto gioviale; Andante amoroso; Allegro misterioso - Trio estatico; Adagio appassionato; Presto delirando - Tenebroso; Largo desolato; Largo desolato, 6. část (alternativní verze se sopránovým sólem); Hraje Emerson String Quartet.; Vyrob</text>
      </extended_event_descriptor>
      <extended_event_descriptor descriptor_number="1" last_descriptor_number="1" language_code="cze">
        <text>eno v EU.</text>
      </extended_event_descriptor>
      <content_descriptor>
        <content content_nibble_level_1="0" content_nibble_level_2="0" user_byte="0x00"/>
      </content_descriptor>
    </event>
    <event event_id="0x4FC8" start_time="2019-01-20 22:42:27" duration="00:14:18" running_status="undefined" CA_mode="false">
      <short_event_descriptor language_code="cze">
        <event_name>Richard Wagner: Tannhäuser WWV 70. Předehra k opeře Und der Sängerkrieg auf Wartburg - Zápas pěvců na Wartburgu</event_name>
        <text>Hrají Vídeňští filharmonikové, řídí sir Georg Solti.</text>
      </short_event_descriptor>
      <content_descriptor>
        <content content_nibble_level_1="0" content_nibble_level_2="0" user_byte="0x00"/>
      </content_descriptor>
    </event>
    <event event_id="0x4FD5" start_time="2019-01-20 23:00:00" duration="04:00:00" running_status="undefined" CA_mode="false">
      <short_event_descriptor language_code="cze">
        <event_name>Na návštěvě v Hamburku</event_name>
        <text></text>
      </short_event_descriptor>
      <extended_event_descriptor descriptor_number="0" last_descriptor_number="3" language_code="cze">
        <text>S ředitelkou orchestru NDR Elbphilharmonie Sonjou Epping či s kulturním manažerem Pawlem Sprawkou-Estherr o hudebním životě v Hamburku, zejména o nové budově Elbphilharmonie. Nejen o akustice této nové budovy ve srovnání se starou a os</text>
      </extended_event_descriptor>
      <extended_event_descriptor descriptor_number="1" last_descriptor_number="3" language_code="cze">
        <text>vědčenou hamburskou Laeiszhalle. Navštívíme také Komponistenquartier, museum všech skladatelských osobností bytostně spojených s Hamburkem. Vedle nejvýznamnějšího rodáka Johannesa Brahmse to jsou Georg Philipp Telemann, Fanny a Felix</text>
      </extended_event_descriptor>
      <extended_event_descriptor descriptor_number="2" last_descriptor_number="3" language_code="cze">
        <text> Mendelssohnovi a Gustav Mahler. Zazní jedna z prvních nahrávek pořízených v Elbphilharmonie, rané Chopinovy skladby pro klavír a orchestr s mladým pianistou Janem Lisieckim. Ukázky z 2. a 3. Mahlerovy symfonie, které složil během svéh</text>
      </extended_event_descriptor>
      <extended_event_descriptor descriptor_number="3" last_descriptor_number="3" language_code="cze">
        <text>o "hamburského oddobí" i unikátní snímek klavírní verze 1. věty Páté symfonie, kterou zaznamenal v roce 1905 na pianolu. A chybět nebude mladý ani vrcholný Johannes Brahms. Připravil Jindřich Bálek.</text>
      </extended_event_descriptor>
      <content_descriptor>
        <content content_nibble_level_1="0" content_nibble_level_2="0" user_byte="0x00"/>
      </content_descriptor>
    </event>
  </EIT>
  <EIT type="0" version="22" current="true" actual="true" service_id="0x4106" transport_stream_id="0x0111" original_network_id="0x20CB" last_table_id="0x50">
    <!-- PID 0x0012 (18) -->
    <event event_id="0xC701" start_time="2019-01-19 18:00:00" duration="01:00:00" running_status="undefined" CA_mode="false">
      <short_event_descriptor language_code="cze">
        <event_name>Klub Rádia Junior</event_name>
        <text></text>
      </short_event_descriptor>
      <extended_event_descriptor descriptor_number="0" last_descriptor_number="2" language_code="cze">
        <text>Z pohádky do pohádky. Herec a dabér Kryštof Nohýnek už byl na prknech, která znamenají svět lecčím. Kocourem, žabákem nebo třeba Kašpárkem. V čí kůži mu bylo nejlíp a komu jako dabér nejraději propůjčuje hlas? To se rozhodla</text>
      </extended_event_descriptor>
      <extended_event_descriptor descriptor_number="1" last_descriptor_number="2" language_code="cze">
        <text> zjistit moderátorka Denisa Kimlová. Nejen, že Kryštofa pozvala do sobotního Klubu Rádia Junior, kde si spolu popovídají, ale navštívila ho i v divadle, abyste okusili trošku té pravé atmosféry zákulisí! Pište na adresu: radiojunior</text>
      </extended_event_descriptor>
      <extended_event_descriptor descriptor_number="2" last_descriptor_number="2" language_code="cze">
        <text>@rozhlas.cz. Moderuje Denisa Kimlová. 19:45 Hajaja: O Haraldurovi, který neměl srdce.</text>
      </extended_event_descriptor>
      <content_descriptor>
        <content content_nibble_level_1="0" content_nibble_level_2="0" user_byte="0x00"/>
      </content_descriptor>
    </event>
    <event event_id="0xC72C" start_time="2019-01-19 19:00:00" duration="00:00:30" running_status="undefined" CA_mode="false">
      <short_event_descriptor language_code="cze">
        <event_name>Večerní Junior</event_name>
        <text>Pohoda před usnutím.</text>
      </short_event_descriptor>
      <content_descriptor>
        <content content_nibble_level_1="0" content_nibble_level_2="0" user_byte="0x00"/>
      </content_descriptor>
    </event>
    <event event_id="0xC72D" start_time="2019-01-19 19:00:30" duration="00:54:30" running_status="undefined" CA_mode="false">
      <short_event_descriptor language_code="cze">
        <event_name>Velká pohádka</event_name>
        <text></text>
      </short_event_descriptor>
      <extended_event_descriptor descriptor_number="0" last_descriptor_number="1" language_code="cze">
        <text>O dívce Hanako a nejkrásnějším draku. Japonský příběh z malé rybářské osady na břehu moře pod horou zvanou Jamašima odkrývá velké drama o přežití. Na moři zuří bouře a nikdo z mužů si netroufá vyplout, aby ulovil ryby a </text>
      </extended_event_descriptor>
      <extended_event_descriptor descriptor_number="1" last_descriptor_number="1" language_code="cze">
        <text>zajistil obživu pro vesnici. Na nátlak sousedů se k tomu odhodlá jen Oneda, rybář a otec statečné Hanako. Napsal František Zborník, režie: Jaroslav Kodeš, účinkují: Ladislav Mrkvička, David Prachař, Ingrid Tillmann a další.</text>
      </extended_event_descriptor>
      <content_descriptor>
        <content content_nibble_level_1="0" content_nibble_level_2="0" user_byte="0x00"/>
      </content_descriptor>
    </event>
    <event event_id="0xC751" start_time="2019-01-19 19:55:00" duration="00:05:00" running_status="undefined" CA_mode="false">
      <short_event_descriptor language_code="cze">
        <event_name>Večerní Junior</event_name>
        <text>Pohoda před usnutím.</text>
      </short_event_descriptor>
      <content_descriptor>
        <content content_nibble_level_1="0" content_nibble_level_2="0" user_byte="0x00"/>
      </content_descriptor>
    </event>
    <event event_id="0xC754" start_time="2019-01-19 20:00:00" duration="00:20:00" running_status="undefined" CA_mode="false">
      <short_event_descriptor language_code="cze">
        <event_name>Četba na pokračování</event_name>
        <text></text>
      </short_event_descriptor>
      <extended_event_descriptor descriptor_number="0" last_descriptor_number="1" language_code="cze">
        <text>Stínadla se bouří - Hon na Široka. Slavný román Jaroslav a Foglara nás v četbě na pokračování zavede za partou kluků, kteří si říkají Rychlé šípy. Vydáme se do čtvrti zvané Stínadla za velkým dobrodružstvím. Uslyšíme ne</text>
      </extended_event_descriptor>
      <extended_event_descriptor descriptor_number="1" last_descriptor_number="1" language_code="cze">
        <text>jen o záhadném hlavolamu, ale i o skupině Vontů. V režii Petra Obdržálka účinkují Vladimír Mrkvička, Matěj Beneš, Martin Holzknecht a další.</text>
      </extended_event_descriptor>
      <content_descriptor>
        <content content_nibble_level_1="0" content_nibble_level_2="0" user_byte="0x00"/>
      </content_descriptor>
    </event>
    <event event_id="0xC763" start_time="2019-01-19 20:20:00" duration="02:40:00" running_status="undefined" CA_mode="false">
      <short_event_descriptor language_code="cze">
        <event_name>Večerní Junior</event_name>
        <text>Pohoda před usnutím.</text>
      </short_event_descriptor>
      <content_descriptor>
        <content content_nibble_level_1="0" content_nibble_level_2="0" user_byte="0x00"/>
      </content_descriptor>
    </event>
    <event event_id="0xC7D6" start_time="2019-01-19 23:00:00" duration="06:00:00" running_status="undefined" CA_mode="false">
      <short_event_descriptor language_code="cze">
        <event_name>Noční Junior</event_name>
        <text>Rádio pro nespavé živočichy.</text>
      </short_event_descriptor>
      <content_descriptor>
        <content content_nibble_level_1="0" content_nibble_level_2="0" user_byte="0x00"/>
      </content_descriptor>
    </event>
    <event event_id="0xC8D7" start_time="2019-01-20 05:00:00" duration="02:00:00" running_status="undefined" CA_mode="false">
      <short_event_descriptor language_code="cze">
        <event_name>Ranní Junior</event_name>
        <text>Nový den se roztáčí.</text>
      </short_event_descriptor>
      <content_descriptor>
        <content content_nibble_level_1="0" content_nibble_level_2="0" user_byte="0x00"/>
      </content_descriptor>
    </event>
    <event event_id="0xC92B" start_time="2019-01-20 07:00:00" duration="02:00:00" running_status="undefined" CA_mode="false">
      <short_event_descriptor language_code="cze">
        <event_name>Mix</event_name>
        <text>Písničky, pohádky a zábava.</text>
      </short_event_descriptor>
      <content_descriptor>
        <content content_nibble_level_1="0" content_nibble_level_2="0" user_byte="0x00"/>
      </content_descriptor>
    </event>
    <event event_id="0xC982" start_time="2019-01-20 09:00:00" duration="00:50:00" running_status="undefined" CA_mode="false">
      <short_event_descriptor language_code="cze">
        <event_name>Rozhlasová hra</event_name>
        <text></text>
      </short_event_descriptor>
      <extended_event_descriptor descriptor_number="0" last_descriptor_number="1" language_code="cze">
        <text>Útěk z lodi Hurikán. Dobrodružný příběh Davida Balfoura, který je na pokyn svého strýce unesen kapitánem lodi Hurikán. Volně na motivy Roberta Louise Stevensona pro rozhlas napsal: Radoslav Lošťák, režie: Jan Berger, účinkují: L</text>
      </extended_event_descriptor>
      <extended_event_descriptor descriptor_number="1" last_descriptor_number="1" language_code="cze">
        <text>ibor Hruška, Ota Sklenčka, Jan Šťastný, Ilja Racek, Miloš Hlavica a další.</text>
      </extended_event_descriptor>
      <content_descriptor>
        <content content_nibble_level_1="0" content_nibble_level_2="0" user_byte="0x00"/>
      </content_descriptor>
    </event>
    <event event_id="0xC9A2" start_time="2019-01-20 09:50:00" duration="01:10:30" running_status="undefined" CA_mode="false">
      <short_event_descriptor language_code="cze">
        <event_name>Mix</event_name>
        <text>Písničky, pohádky a zábava.</text>
      </short_event_descriptor>
      <content_descriptor>
        <content content_nibble_level_1="0" content_nibble_level_2="0" user_byte="0x00"/>
      </content_descriptor>
    </event>
    <event event_id="0xC9D6" start_time="2019-01-20 11:00:30" duration="00:59:30" running_status="undefined" CA_mode="false">
      <short_event_descriptor language_code="cze">
        <event_name>Velká pohádka</event_name>
        <text></text>
      </short_event_descriptor>
      <extended_event_descriptor descriptor_number="0" last_descriptor_number="0" language_code="cze">
        <text>O bojácném Floriánkovi. Pohádka o hrnčíři, který přemohl svůj strach kvůli lásce. Napsal a reříroval Zdeněk Kozák, účinkují: Drahomíra Hofmanová, Michla Bumbálek, Jaroslav Kuneš a další.</text>
      </extended_event_descriptor>
      <content_descriptor>
        <content content_nibble_level_1="0" content_nibble_level_2="0" user_byte="0x00"/>
      </content_descriptor>
    </event>
    <event event_id="0xCA01" start_time="2019-01-20 12:00:00" duration="00:05:30" running_status="undefined" CA_mode="false">
      <short_event_descriptor language_code="cze">
        <event_name>Mix</event_name>
        <text>Písničky, pohádky a zábava.</text>
      </short_event_descriptor>
      <content_descriptor>
        <content content_nibble_level_1="0" content_nibble_level_2="0" user_byte="0x00"/>
      </content_descriptor>
    </event>
    <event event_id="0xCA04" start_time="2019-01-20 12:05:30" duration="00:55:00" running_status="undefined" CA_mode="false">
      <short_event_descriptor language_code="cze">
        <event_name>Velká pohádka</event_name>
        <text></text>
      </short_event_descriptor>
      <extended_event_descriptor descriptor_number="0" last_descriptor_number="1" language_code="cze">
        <text>Eliáš Říha zachraňuje svět. Pohádku o desetiletém prezidentovi, viru způsobujícím hloupost a boji na život a na smrt v botanické zahradě napsala Hana Lehečková. Režie Bela Schenková. Účinkují: Matěj Převrátil, Pavel Tesař,Iv</text>
      </extended_event_descriptor>
      <extended_event_descriptor descriptor_number="1" last_descriptor_number="1" language_code="cze">
        <text>ana Chýlková a další. Natočeno v roce 2017.</text>
      </extended_event_descriptor>
      <content_descriptor>
        <content content_nibble_level_1="0" content_nibble_level_2="0" user_byte="0x00"/>
      </content_descriptor>
    </event>
    <event event_id="0xCA2B" start_time="2019-01-20 13:00:30" duration="00:59:30" running_status="undefined" CA_mode="false">
      <short_event_descriptor language_code="cze">
        <event_name>Rozhlasová hra</event_name>
        <text></text>
      </short_event_descriptor>
      <extended_event_descriptor descriptor_number="0" last_descriptor_number="1" language_code="cze">
        <text>Královský osud. Dobrodružný příběh, který je inspirovaný starými skotskými a keltskými mýty. Při hledání ztracené nevěsty se bude hrát nejen o lásku, ale také o rytířskou odvahu, čest a pravdu. Hru napsal Vladimír Zajíc, re</text>
      </extended_event_descriptor>
      <extended_event_descriptor descriptor_number="1" last_descriptor_number="1" language_code="cze">
        <text>žie: Jaroslav Kodeš, účinkují: Ilona Svobodová, Petr Šplíchal, Andrea Elsnerová a další.</text>
      </extended_event_descriptor>
      <content_descriptor>
        <content content_nibble_level_1="0" content_nibble_level_2="0" user_byte="0x00"/>
      </content_descriptor>
    </event>
    <event event_id="0xCA55" start_time="2019-01-20 14:00:00" duration="00:30:00" running_status="undefined" CA_mode="false">
      <short_event_descriptor language_code="cze">
        <event_name>Ušounova pohádková školka</event_name>
        <text></text>
      </short_event_descriptor>
      <extended_event_descriptor descriptor_number="0" last_descriptor_number="0" language_code="cze">
        <text>Pohádky, povídání, písničky a cvičení pro nejmenší. Moderuje Ušoun Rušoun s o něco méně ušatou Janou Rychterovou. Oba se na všechny malé posluchače těší i na adrese usoun@rozhlas.cz.</text>
      </extended_event_descriptor>
      <content_descriptor>
        <content content_nibble_level_1="0" content_nibble_level_2="0" user_byte="0x00"/>
      </content_descriptor>
    </event>
    <event event_id="0xCA6B" start_time="2019-01-20 14:30:00" duration="01:30:00" running_status="undefined" CA_mode="false">
      <short_event_descriptor language_code="cze">
        <event_name>Odpolední Junior</event_name>
        <text>Víkendový relax.</text>
      </short_event_descriptor>
      <content_descriptor>
        <content content_nibble_level_1="0" content_nibble_level_2="0" user_byte="0x00"/>
      </content_descriptor>
    </event>
    <event event_id="0xCAAC" start_time="2019-01-20 16:00:00" duration="00:59:00" running_status="undefined" CA_mode="false">
      <short_event_descriptor language_code="cze">
        <event_name>Hitparáda Rádia Junior</event_name>
        <text></text>
      </short_event_descriptor>
      <extended_event_descriptor descriptor_number="0" last_descriptor_number="0" language_code="cze">
        <text>A už je to tady! Každý víkend - deset hitů, dvě novinky a soutěž. Přesně taková bude Hitparáda Rádia Junior s Klárou Novákovou. Těš se na české i zahraniční písničky. Vyber si svého favorita a hlasuj na www.radiojunior.cz.</text>
      </extended_event_descriptor>
      <content_descriptor>
        <content content_nibble_level_1="0" content_nibble_level_2="0" user_byte="0x00"/>
      </content_descriptor>
    </event>
    <event event_id="0xCAD5" start_time="2019-01-20 16:59:00" duration="00:01:00" running_status="undefined" CA_mode="false">
      <short_event_descriptor language_code="cze">
        <event_name>Odpolední Junior</event_name>
        <text>Víkendový relax.</text>
      </short_event_descriptor>
      <content_descriptor>
        <content content_nibble_level_1="0" content_nibble_level_2="0" user_byte="0x00"/>
      </content_descriptor>
    </event>
    <event event_id="0xCAD7" start_time="2019-01-20 17:00:00" duration="00:30:00" running_status="undefined" CA_mode="false">
      <short_event_descriptor language_code="cze">
        <event_name>Správná desítka</event_name>
        <text>Pozor! Pozor! Pirátské vysílání.</text>
      </short_event_descriptor>
      <content_descriptor>
        <content content_nibble_level_1="0" content_nibble_level_2="0" user_byte="0x00"/>
      </content_descriptor>
    </event>
    <event event_id="0xCAEA" start_time="2019-01-20 17:30:00" duration="00:25:00" running_status="undefined" CA_mode="false">
      <short_event_descriptor language_code="cze">
        <event_name>Četba na pokračování</event_name>
        <text></text>
      </short_event_descriptor>
      <extended_event_descriptor descriptor_number="0" last_descriptor_number="2" language_code="cze">
        <text>Tajemství Velkého Vonta - Návštěva ze Stínadel. Dobrodružný příběh chlapců z party Rychlé šípy. Mirek Dušín, Jarka Metelka, Jindra Hojer, Červenáček a Rychlonožka se tentokrát vydávají do starých temných uliček Stínadel, </text>
      </extended_event_descriptor>
      <extended_event_descriptor descriptor_number="1" last_descriptor_number="2" language_code="cze">
        <text>aby pomohli Velkému Vontovi Vláďovi Dratušovi, o němž se šíří zvěsti, že za záhadných okolností přišel o ježka v kleci, nejcennější symbol Vontů. Hrají: Ladislav Mrkvička, Ondřej Česák, Vojtěch Ondráček a další. Reži</text>
      </extended_event_descriptor>
      <extended_event_descriptor descriptor_number="2" last_descriptor_number="2" language_code="cze">
        <text>e: Petr Obdržálek.</text>
      </extended_event_descriptor>
      <content_descriptor>
        <content content_nibble_level_1="0" content_nibble_level_2="0" user_byte="0x00"/>
      </content_descriptor>
    </event>
    <event event_id="0xCAFD" start_time="2019-01-20 17:55:00" duration="00:05:00" running_status="undefined" CA_mode="false">
      <short_event_descriptor language_code="cze">
        <event_name>Odpolední Junior</event_name>
        <text>Víkendový relax.</text>
      </short_event_descriptor>
      <content_descriptor>
        <content content_nibble_level_1="0" content_nibble_level_2="0" user_byte="0x00"/>
      </content_descriptor>
    </event>
    <event event_id="0xCB01" start_time="2019-01-20 18:00:00" duration="01:00:00" running_status="undefined" CA_mode="false">
      <short_event_descriptor language_code="cze">
        <event_name>Klub Rádia Junior</event_name>
        <text></text>
      </short_event_descriptor>
      <extended_event_descriptor descriptor_number="0" last_descriptor_number="2" language_code="cze">
        <text>Host: Pavel Chlouba, zahradník a cestovatel. Proč jsou brambory jednou z nejdůležitějších plodin na Zemi? Jak je možné, že se dají pěstovat u moře, ale i vysoko v horách? Na světě je několik tisíc druhů brambor, jak chutnají modr</text>
      </extended_event_descriptor>
      <extended_event_descriptor descriptor_number="1" last_descriptor_number="2" language_code="cze">
        <text>é, růžové nebo třeba fialové? Věděli jste, že kdyby nebylo velkého mrazu, tak bychom dnes neznali ani bramborovou kaši, ani hranolky? Proč lidé dlouhá léta brambory nejedli, ale pěstovali jen pro jejich krásné květy? Pište na adr</text>
      </extended_event_descriptor>
      <extended_event_descriptor descriptor_number="2" last_descriptor_number="2" language_code="cze">
        <text>esu: radiojunior@rozhlas.cz. Moderuje Romana Lehmannová (ČRo České Budějovice). 19:45 Hajaja: Jón a dar z moře.</text>
      </extended_event_descriptor>
      <content_descriptor>
        <content content_nibble_level_1="0" content_nibble_level_2="0" user_byte="0x00"/>
      </content_descriptor>
    </event>
    <event event_id="0xCB2C" start_time="2019-01-20 19:00:00" duration="00:00:30" running_status="undefined" CA_mode="false">
      <short_event_descriptor language_code="cze">
        <event_name>Večerní Junior</event_name>
        <text>Pohoda před usnutím.</text>
      </short_event_descriptor>
      <content_descriptor>
        <content content_nibble_level_1="0" content_nibble_level_2="0" user_byte="0x00"/>
      </content_descriptor>
    </event>
    <event event_id="0xCB2D" start_time="2019-01-20 19:00:30" duration="00:54:30" running_status="undefined" CA_mode="false">
      <short_event_descriptor language_code="cze">
        <event_name>Velká pohádka</event_name>
        <text></text>
      </short_event_descriptor>
      <extended_event_descriptor descriptor_number="0" last_descriptor_number="1" language_code="cze">
        <text>Eliáš Říha zachraňuje svět. Pohádku o desetiletém prezidentovi, viru způsobujícím hloupost a boji na život a na smrt v botanické zahradě napsala Hana Lehečková. Režie Bela Schenková. Účinkují: Matěj Převrátil, Pavel Tesař,Iv</text>
      </extended_event_descriptor>
      <extended_event_descriptor descriptor_number="1" last_descriptor_number="1" language_code="cze">
        <text>ana Chýlková a další. Natočeno v roce 2017.</text>
      </extended_event_descriptor>
      <content_descriptor>
        <content content_nibble_level_1="0" content_nibble_level_2="0" user_byte="0x00"/>
      </content_descriptor>
    </event>
    <event event_id="0xCB51" start_time="2019-01-20 19:55:00" duration="00:05:00" running_status="undefined" CA_mode="false">
      <short_event_descriptor language_code="cze">
        <event_name>Večerní Junior</event_name>
        <text>Pohoda před usnutím.</text>
      </short_event_descriptor>
      <content_descriptor>
        <content content_nibble_level_1="0" content_nibble_level_2="0" user_byte="0x00"/>
      </content_descriptor>
    </event>
    <event event_id="0xCB54" start_time="2019-01-20 20:00:00" duration="00:20:00" running_status="undefined" CA_mode="false">
      <short_event_descriptor language_code="cze">
        <event_name>Četba na pokračování</event_name>
        <text></text>
      </short_event_descriptor>
      <extended_event_descriptor descriptor_number="0" last_descriptor_number="2" language_code="cze">
        <text>Tajemství Velkého Vonta - Návštěva ze Stínadel. Dobrodružný příběh chlapců z party Rychlé šípy. Mirek Dušín, Jarka Metelka, Jindra Hojer, Červenáček a Rychlonožka se tentokrát vydávají do starých temných uliček Stínadel, </text>
      </extended_event_descriptor>
      <extended_event_descriptor descriptor_number="1" last_descriptor_number="2" language_code="cze">
        <text>aby pomohli Velkému Vontovi Vláďovi Dratušovi, o němž se šíří zvěsti, že za záhadných okolností přišel o ježka v kleci, nejcennější symbol Vontů. Hrají: Ladislav Mrkvička, Ondřej Česák, Vojtěch Ondráček a další. Reži</text>
      </extended_event_descriptor>
      <extended_event_descriptor descriptor_number="2" last_descriptor_number="2" language_code="cze">
        <text>e: Petr Obdržálek.</text>
      </extended_event_descriptor>
      <content_descriptor>
        <content content_nibble_level_1="0" content_nibble_level_2="0" user_byte="0x00"/>
      </content_descriptor>
    </event>
    <event event_id="0xCB63" start_time="2019-01-20 20:20:00" duration="02:40:00" running_status="undefined" CA_mode="false">
      <short_event_descriptor language_code="cze">
        <event_name>Večerní Junior</event_name>
        <text>Pohoda před usnutím.</text>
      </short_event_descriptor>
      <content_descriptor>
        <content content_nibble_level_1="0" content_nibble_level_2="0" user_byte="0x00"/>
      </content_descriptor>
    </event>
    <event event_id="0xCBD6" start_time="2019-01-20 23:00:00" duration="06:00:00" running_status="undefined" CA_mode="false">
      <short_event_descriptor language_code="cze">
        <event_name>Noční Junior</event_name>
        <text>Rádio pro nespavé živočichy.</text>
      </short_event_descriptor>
      <content_descriptor>
        <content content_nibble_level_1="0" content_nibble_level_2="0" user_byte="0x00"/>
      </content_descriptor>
    </event>
  </EIT>
  <EIT type="0" version="16" current="true" actual="true" service_id="0x4107" transport_stream_id="0x0111" original_network_id="0x20CB" last_table_id="0x50">
    <!-- PID 0x0012 (18) -->
    <event event_id="0xC717" start_time="2019-01-19 18:33:00" duration="00:27:00" running_status="undefined" CA_mode="false">
      <short_event_descriptor language_code="cze">
        <event_name>Kultura Plus</event_name>
        <text></text>
      </short_event_descriptor>
      <extended_event_descriptor descriptor_number="0" last_descriptor_number="1" language_code="cze">
        <text>Týdeník Kultura Plus vás zavede na několik zajímavých výstav. Popíše obrazy jednoho z autorů legendárního animovaného seriálu "Jen počkej zajíci", vizuální expozici, které představuje ikony a historické milníky černošské kul</text>
      </extended_event_descriptor>
      <extended_event_descriptor descriptor_number="1" last_descriptor_number="1" language_code="cze">
        <text>tury a připomene letošní pětadvacáté výročí fotografické soutěže Czech Press Photo. A věnovat se bude také odkazu Jana Palacha v umění. Moderuje Michaela Vetešková.</text>
      </extended_event_descriptor>
      <content_descriptor>
        <content content_nibble_level_1="0" content_nibble_level_2="0" user_byte="0x00"/>
      </content_descriptor>
    </event>
    <event event_id="0xC72A" start_time="2019-01-19 19:00:00" duration="00:05:00" running_status="undefined" CA_mode="false">
      <short_event_descriptor language_code="cze">
        <event_name>Zprávy</event_name>
        <text></text>
      </short_event_descriptor>
      <content_descriptor>
        <content content_nibble_level_1="0" content_nibble_level_2="0" user_byte="0x00"/>
      </content_descriptor>
    </event>
    <event event_id="0xC72D" start_time="2019-01-19 19:05:00" duration="00:28:00" running_status="undefined" CA_mode="false">
      <short_event_descriptor language_code="cze">
        <event_name>Online Plus</event_name>
        <text></text>
      </short_event_descriptor>
      <extended_event_descriptor descriptor_number="0" last_descriptor_number="1" language_code="cze">
        <text>Magazín Online Plus dnes hledá odpověď na to, jestli svět v budoucnu ovládnou roboti. Rozebere stav automatizace výroby, zamyslí se nad tím, s jakými překážkami se robotizace potýká, ale také okomentuje, jestli jsou lidé připraven</text>
      </extended_event_descriptor>
      <extended_event_descriptor descriptor_number="1" last_descriptor_number="1" language_code="cze">
        <text>í na to, že jejich práci v mnoha oblastech převezmou stroje. Připravil a moderuje David Slížek.</text>
      </extended_event_descriptor>
      <content_descriptor>
        <content content_nibble_level_1="0" content_nibble_level_2="0" user_byte="0x00"/>
      </content_descriptor>
    </event>
    <event event_id="0xC742" start_time="2019-01-19 19:33:00" duration="00:27:00" running_status="undefined" CA_mode="false">
      <short_event_descriptor language_code="cze">
        <event_name>Historie Plus</event_name>
        <text></text>
      </short_event_descriptor>
      <extended_event_descriptor descriptor_number="0" last_descriptor_number="2" language_code="cze">
        <text>Historie zažila celou řadu soubojů mocných. Jedním z nejznámějších byl střet dvou sovětských soudruhů - Josifa Vissarionoviče Stalina a Lva Davidoviče Trockého. Zastupovali totiž dva naprosto rozdílné světy. První byl synem gruz</text>
      </extended_event_descriptor>
      <extended_event_descriptor descriptor_number="1" last_descriptor_number="2" language_code="cze">
        <text>ínského ševce, druhý židovského intelektuála. Rozcházely se také jejich vize o nastolení komunismu na celém světě. A diktátorem mohl být jen jeden. O vražedné rivalitě Stalina a Trockého je dnešní Historie Plus. Připravil ji Pa</text>
      </extended_event_descriptor>
      <extended_event_descriptor descriptor_number="2" last_descriptor_number="2" language_code="cze">
        <text>vel Hlavatý.</text>
      </extended_event_descriptor>
      <content_descriptor>
        <content content_nibble_level_1="0" content_nibble_level_2="0" user_byte="0x00"/>
      </content_descriptor>
    </event>
    <event event_id="0xC755" start_time="2019-01-19 20:00:00" duration="00:05:00" running_status="undefined" CA_mode="false">
      <short_event_descriptor language_code="cze">
        <event_name>Zprávy</event_name>
        <text></text>
      </short_event_descriptor>
      <content_descriptor>
        <content content_nibble_level_1="0" content_nibble_level_2="0" user_byte="0x00"/>
      </content_descriptor>
    </event>
    <event event_id="0xC758" start_time="2019-01-19 20:05:00" duration="00:55:00" running_status="undefined" CA_mode="false">
      <short_event_descriptor language_code="cze">
        <event_name>Dobrá vůle Plus</event_name>
        <text></text>
      </short_event_descriptor>
      <extended_event_descriptor descriptor_number="0" last_descriptor_number="2" language_code="cze">
        <text>Dnešní dokument z cyklu Dobrá vůle Plus je o husitské farářce Michaele Procházkové, která je zároveň pravnučkou Boženy Němcové. Michaela Procházková a její manžel na své říčanské faře poskytli přístřeší několika dosp</text>
      </extended_event_descriptor>
      <extended_event_descriptor descriptor_number="1" last_descriptor_number="2" language_code="cze">
        <text>ívajícím lidem bez zázemí, kteří odešli uz dětských domovů. Šest z nich přijali do pěstounské péče. Dokument Ve stopách předků natočil Jan Zítka. Dramaturgii měla Lenka Svobodová, režii Yvona Žertová a mistrem zvuku byl Do</text>
      </extended_event_descriptor>
      <extended_event_descriptor descriptor_number="2" last_descriptor_number="2" language_code="cze">
        <text>minik Budil. Na dokument naváže debata o tom, jak nás mohou inspirovat osudy našich předků.</text>
      </extended_event_descriptor>
      <content_descriptor>
        <content content_nibble_level_1="0" content_nibble_level_2="0" user_byte="0x00"/>
      </content_descriptor>
    </event>
    <event event_id="0xC780" start_time="2019-01-19 21:00:00" duration="00:05:00" running_status="undefined" CA_mode="false">
      <short_event_descriptor language_code="cze">
        <event_name>Zprávy</event_name>
        <text></text>
      </short_event_descriptor>
      <content_descriptor>
        <content content_nibble_level_1="0" content_nibble_level_2="0" user_byte="0x00"/>
      </content_descriptor>
    </event>
    <event event_id="0xC783" start_time="2019-01-19 21:05:00" duration="00:28:00" running_status="undefined" CA_mode="false">
      <short_event_descriptor language_code="cze">
        <event_name>Hovory</event_name>
        <text></text>
      </short_event_descriptor>
      <extended_event_descriptor descriptor_number="0" last_descriptor_number="1" language_code="cze">
        <text>Do Hovorů dnes přišla česká výtvarnice Míla Fürstová, která už 20 let žijě ve Velké Británii. Ve světě je známá díky spolupráci s anglickou kapelou Coldplay, pro kterou v roce 2014 vytvořila obal alba Ghost Stories a vizuální</text>
      </extended_event_descriptor>
      <extended_event_descriptor descriptor_number="1" last_descriptor_number="1" language_code="cze">
        <text> podobu jejich koncertů. V březnu bude mít premiéru celovečerní dokument Křídla pro Coldplay, který mapuje její uměleckou cestu. Moderuje Tatiana Čabáková.</text>
      </extended_event_descriptor>
      <content_descriptor>
        <content content_nibble_level_1="0" content_nibble_level_2="0" user_byte="0x00"/>
      </content_descriptor>
    </event>
    <event event_id="0xC797" start_time="2019-01-19 21:33:00" duration="00:27:00" running_status="undefined" CA_mode="false">
      <short_event_descriptor language_code="cze">
        <event_name>Laboratoř</event_name>
        <text></text>
      </short_event_descriptor>
      <extended_event_descriptor descriptor_number="0" last_descriptor_number="1" language_code="cze">
        <text>O zásluhách termitů v tropickém deštném lese budou dnes mluvit vědci a herci a rozhlasové Laboratoře. Rozeberou ale také chytrou obranu obilnin proti škůdcům a pomalejší evoluci všežravců. Debatují entomologové a znalci tropů Vo</text>
      </extended_event_descriptor>
      <extended_event_descriptor descriptor_number="1" last_descriptor_number="1" language_code="cze">
        <text>jtěch Novotný a Jan Šobotník a herečka Martina Hudečková. Moderuje Martina Mašková.</text>
      </extended_event_descriptor>
      <content_descriptor>
        <content content_nibble_level_1="0" content_nibble_level_2="0" user_byte="0x00"/>
      </content_descriptor>
    </event>
    <event event_id="0xC7AA" start_time="2019-01-19 22:00:00" duration="00:04:00" running_status="undefined" CA_mode="false">
      <short_event_descriptor language_code="cze">
        <event_name>Zprávy</event_name>
        <text></text>
      </short_event_descriptor>
      <content_descriptor>
        <content content_nibble_level_1="0" content_nibble_level_2="0" user_byte="0x00"/>
      </content_descriptor>
    </event>
    <event event_id="0xC7AC" start_time="2019-01-19 22:04:00" duration="00:29:00" running_status="undefined" CA_mode="false">
      <short_event_descriptor language_code="cze">
        <event_name>Knížky Plus</event_name>
        <text>Magazín novinek pro čtenáře</text>
      </short_event_descriptor>
      <content_descriptor>
        <content content_nibble_level_1="0" content_nibble_level_2="0" user_byte="0x00"/>
      </content_descriptor>
    </event>
    <event event_id="0xC7C2" start_time="2019-01-19 22:33:00" duration="00:27:00" running_status="undefined" CA_mode="false">
      <short_event_descriptor language_code="cze">
        <event_name>Radiokniha</event_name>
        <text></text>
      </short_event_descriptor>
      <extended_event_descriptor descriptor_number="0" last_descriptor_number="1" language_code="cze">
        <text>Na dotace pro Agrofert se zaměřuje předposlední část Radioknihy, ve které čteme z knihy investigativního novináře týdeníku respekt Jaroslava Spurného "Jací jsme dnes". Pokusí se v ní doložit důkazy o střetu zájmů na jednom z ne</text>
      </extended_event_descriptor>
      <extended_event_descriptor descriptor_number="1" last_descriptor_number="1" language_code="cze">
        <text>jvyšších politických postů v zemi. Pro rozhlas připravil Viktor Bezdíček. Dramaturgie Alena Blažejovská. Čte Vladimír Krátký.</text>
      </extended_event_descriptor>
      <content_descriptor>
        <content content_nibble_level_1="0" content_nibble_level_2="0" user_byte="0x00"/>
      </content_descriptor>
    </event>
    <event event_id="0xC7D5" start_time="2019-01-19 23:00:00" duration="00:10:00" running_status="undefined" CA_mode="false">
      <short_event_descriptor language_code="cze">
        <event_name>Zprávy</event_name>
        <text></text>
      </short_event_descriptor>
      <content_descriptor>
        <content content_nibble_level_1="0" content_nibble_level_2="0" user_byte="0x00"/>
      </content_descriptor>
    </event>
    <event event_id="0xC7DD" start_time="2019-01-19 23:10:00" duration="00:50:00" running_status="undefined" CA_mode="false">
      <short_event_descriptor language_code="cze">
        <event_name>Den podle Heleny Šulcové</event_name>
        <text></text>
      </short_event_descriptor>
      <extended_event_descriptor descriptor_number="0" last_descriptor_number="1" language_code="cze">
        <text>Tisíce lidí se zúčastnily pohřbu zavražděného starosty Gdaňsku. Jaká politická atmosféra panuje po této události v Polsku? Piráti vybrali lídra kandidátky pro volby do Evropského parlamentu a chtějí získat 20 procent hlasů. Jak</text>
      </extended_event_descriptor>
      <extended_event_descriptor descriptor_number="1" last_descriptor_number="1" language_code="cze">
        <text>é mají šance? V Maďarsku se opět protestuje proti politice Viktora Orbána. Jak na to maďarský premiér reaguje? I tato témata si pro vás připravila Helena Šulcová (repríza).</text>
      </extended_event_descriptor>
      <content_descriptor>
        <content content_nibble_level_1="0" content_nibble_level_2="0" user_byte="0x00"/>
      </content_descriptor>
    </event>
    <event event_id="0xC800" start_time="2019-01-20 00:00:00" duration="00:05:00" running_status="undefined" CA_mode="false">
      <short_event_descriptor language_code="cze">
        <event_name>Zprávy</event_name>
        <text></text>
      </short_event_descriptor>
      <content_descriptor>
        <content content_nibble_level_1="0" content_nibble_level_2="0" user_byte="0x00"/>
      </content_descriptor>
    </event>
    <event event_id="0xC803" start_time="2019-01-20 00:05:00" duration="00:28:00" running_status="undefined" CA_mode="false">
      <short_event_descriptor language_code="cze">
        <event_name>Mezi námi</event_name>
        <text></text>
      </short_event_descriptor>
      <extended_event_descriptor descriptor_number="0" last_descriptor_number="1" language_code="cze">
        <text>V magazínu o životě národnostních menšin Mezi námi uslyšíte vyprávění mladé Vietnamky a její veselé příhody z dospívání v České republice. Nabídneme rozhovor s Řekem, který je generálním manažerem University of New York v</text>
      </extended_event_descriptor>
      <extended_event_descriptor descriptor_number="1" last_descriptor_number="1" language_code="cze">
        <text> Praze a také příběh Chorvatky, které se před dvaceti lety přestěhovala do Prahy. Moderuje Lidija Stevanović.</text>
      </extended_event_descriptor>
      <content_descriptor>
        <content content_nibble_level_1="0" content_nibble_level_2="0" user_byte="0x00"/>
      </content_descriptor>
    </event>
    <event event_id="0xC817" start_time="2019-01-20 00:33:00" duration="00:27:00" running_status="undefined" CA_mode="false">
      <short_event_descriptor language_code="cze">
        <event_name>Evropa Plus</event_name>
        <text></text>
      </short_event_descriptor>
      <extended_event_descriptor descriptor_number="0" last_descriptor_number="0" language_code="cze">
        <text>Týdeník Evropa Plus analyzuje na konci týdne jediné téma. Brexit a všechno co souvisí s chystaným vystoupením Velké Británie z Evropské unie. Připravil a moderuje Pavel Novák.</text>
      </extended_event_descriptor>
      <content_descriptor>
        <content content_nibble_level_1="0" content_nibble_level_2="0" user_byte="0x00"/>
      </content_descriptor>
    </event>
    <event event_id="0xC82A" start_time="2019-01-20 01:00:00" duration="00:05:00" running_status="undefined" CA_mode="false">
      <short_event_descriptor language_code="cze">
        <event_name>Zprávy</event_name>
        <text></text>
      </short_event_descriptor>
      <content_descriptor>
        <content content_nibble_level_1="0" content_nibble_level_2="0" user_byte="0x00"/>
      </content_descriptor>
    </event>
    <event event_id="0xC82D" start_time="2019-01-20 01:05:00" duration="00:28:00" running_status="undefined" CA_mode="false">
      <short_event_descriptor language_code="cze">
        <event_name>Hovory</event_name>
        <text></text>
      </short_event_descriptor>
      <extended_event_descriptor descriptor_number="0" last_descriptor_number="1" language_code="cze">
        <text>Do Hovorů dnes přišla česká výtvarnice Míla Fürstová, která už 20 let žijě ve Velké Británii. Ve světě je známá díky spolupráci s anglickou kapelou Coldplay, pro kterou v roce 2014 vytvořila obal alba Ghost Stories a vizuální</text>
      </extended_event_descriptor>
      <extended_event_descriptor descriptor_number="1" last_descriptor_number="1" language_code="cze">
        <text> podobu jejich koncertů. V březnu bude mít premiéru celovečerní dokument Křídla pro Coldplay, který mapuje její uměleckou cestu. Moderuje Tatiana Čabáková.</text>
      </extended_event_descriptor>
      <content_descriptor>
        <content content_nibble_level_1="0" content_nibble_level_2="0" user_byte="0x00"/>
      </content_descriptor>
    </event>
    <event event_id="0xC841" start_time="2019-01-20 01:33:00" duration="00:27:00" running_status="undefined" CA_mode="false">
      <short_event_descriptor language_code="cze">
        <event_name>Historie Plus</event_name>
        <text></text>
      </short_event_descriptor>
      <extended_event_descriptor descriptor_number="0" last_descriptor_number="2" language_code="cze">
        <text>Historie zažila celou řadu soubojů mocných. Jedním z nejznámějších byl střet dvou sovětských soudruhů - Josifa Vissarionoviče Stalina a Lva Davidoviče Trockého. Zastupovali totiž dva naprosto rozdílné světy. První byl synem gruz</text>
      </extended_event_descriptor>
      <extended_event_descriptor descriptor_number="1" last_descriptor_number="2" language_code="cze">
        <text>ínského ševce, druhý židovského intelektuála. Rozcházely se také jejich vize o nastolení komunismu na celém světě. A diktátorem mohl být jen jeden. O vražedné rivalitě Stalina a Trockého je dnešní Historie Plus. Připravil ji Pa</text>
      </extended_event_descriptor>
      <extended_event_descriptor descriptor_number="2" last_descriptor_number="2" language_code="cze">
        <text>vel Hlavatý.</text>
      </extended_event_descriptor>
      <content_descriptor>
        <content content_nibble_level_1="0" content_nibble_level_2="0" user_byte="0x00"/>
      </content_descriptor>
    </event>
    <event event_id="0xC854" start_time="2019-01-20 02:00:00" duration="00:05:00" running_status="undefined" CA_mode="false">
      <short_event_descriptor language_code="cze">
        <event_name>Zprávy</event_name>
        <text></text>
      </short_event_descriptor>
      <content_descriptor>
        <content content_nibble_level_1="0" content_nibble_level_2="0" user_byte="0x00"/>
      </content_descriptor>
    </event>
    <event event_id="0xC858" start_time="2019-01-20 02:05:00" duration="00:28:00" running_status="undefined" CA_mode="false">
      <short_event_descriptor language_code="cze">
        <event_name>Online Plus</event_name>
        <text></text>
      </short_event_descriptor>
      <extended_event_descriptor descriptor_number="0" last_descriptor_number="1" language_code="cze">
        <text>Magazín Online Plus dnes hledá odpověď na to, jestli svět v budoucnu ovládnou roboti. Rozebere stav automatizace výroby, zamyslí se nad tím, s jakými překážkami se robotizace potýká, ale také okomentuje, jestli jsou lidé připraven</text>
      </extended_event_descriptor>
      <extended_event_descriptor descriptor_number="1" last_descriptor_number="1" language_code="cze">
        <text>í na to, že jejich práci v mnoha oblastech převezmou stroje. Připravil a moderuje David Slížek.</text>
      </extended_event_descriptor>
      <content_descriptor>
        <content content_nibble_level_1="0" content_nibble_level_2="0" user_byte="0x00"/>
      </content_descriptor>
    </event>
    <event event_id="0xC86D" start_time="2019-01-20 02:33:00" duration="00:27:00" running_status="undefined" CA_mode="false">
      <short_event_descriptor language_code="cze">
        <event_name>Řečí peněz</event_name>
        <text></text>
      </short_event_descriptor>
      <extended_event_descriptor descriptor_number="0" last_descriptor_number="1" language_code="cze">
        <text>Kolo favorit patřilo už za komunistické éry k nedostatkovému zboží, protože díky své kvalitě bylo cenným exportním artiklem. Dnes se tuto značku značku snaží vzkřísit Richard Galovič, který bude prvním hostem série magazínu </text>
      </extended_event_descriptor>
      <extended_event_descriptor descriptor_number="1" last_descriptor_number="1" language_code="cze">
        <text>Řečí peněz s podtitulem Československé legendy. Do studia jej pozval Václav Pešička.</text>
      </extended_event_descriptor>
      <content_descriptor>
        <content content_nibble_level_1="0" content_nibble_level_2="0" user_byte="0x00"/>
      </content_descriptor>
    </event>
    <event event_id="0xC880" start_time="2019-01-20 03:00:00" duration="00:05:00" running_status="undefined" CA_mode="false">
      <short_event_descriptor language_code="cze">
        <event_name>Zprávy</event_name>
        <text></text>
      </short_event_descriptor>
      <content_descriptor>
        <content content_nibble_level_1="0" content_nibble_level_2="0" user_byte="0x00"/>
      </content_descriptor>
    </event>
    <event event_id="0xC883" start_time="2019-01-20 03:05:00" duration="00:55:00" running_status="undefined" CA_mode="false">
      <short_event_descriptor language_code="cze">
        <event_name>Osobnost Plus</event_name>
        <text></text>
      </short_event_descriptor>
      <extended_event_descriptor descriptor_number="0" last_descriptor_number="1" language_code="cze">
        <text>Autistické děti, Rusko s Putinem, Čína s rozmachem a záchranná služba - to jsou témata, která stojí v centru pozornosti u našich hostů Osobnosti Plus tohoto týdne. Spojují se s novinářem Petrem Třešňákem, politickým geografem Mi</text>
      </extended_event_descriptor>
      <extended_event_descriptor descriptor_number="1" last_descriptor_number="1" language_code="cze">
        <text>chaelem Romancovem, spisovatelkou Radkou Denemarkovou a lékařem Zdeňkěm Schwarzem. Vybrali jsme z nich to nejzajímavější. Moderuje Barbora Tachecí.</text>
      </extended_event_descriptor>
      <content_descriptor>
        <content content_nibble_level_1="0" content_nibble_level_2="0" user_byte="0x00"/>
      </content_descriptor>
    </event>
    <event event_id="0xC8AA" start_time="2019-01-20 04:00:00" duration="00:05:00" running_status="undefined" CA_mode="false">
      <short_event_descriptor language_code="cze">
        <event_name>Zprávy</event_name>
        <text></text>
      </short_event_descriptor>
      <content_descriptor>
        <content content_nibble_level_1="0" content_nibble_level_2="0" user_byte="0x00"/>
      </content_descriptor>
    </event>
    <event event_id="0xC8AD" start_time="2019-01-20 04:05:00" duration="00:55:00" running_status="undefined" CA_mode="false">
      <short_event_descriptor language_code="cze">
        <event_name>Den podle Heleny Šulcové</event_name>
        <text>Výběr aktuálních událostí s nezaměnitelným rukopisem</text>
      </short_event_descriptor>
      <content_descriptor>
        <content content_nibble_level_1="0" content_nibble_level_2="0" user_byte="0x00"/>
      </content_descriptor>
    </event>
    <event event_id="0xC8D5" start_time="2019-01-20 05:00:00" duration="00:07:00" running_status="undefined" CA_mode="false">
      <short_event_descriptor language_code="cze">
        <event_name>Zprávy</event_name>
        <text>Aktuální události doma i ve světě</text>
      </short_event_descriptor>
      <content_descriptor>
        <content content_nibble_level_1="0" content_nibble_level_2="0" user_byte="0x00"/>
      </content_descriptor>
    </event>
    <event event_id="0xC8DA" start_time="2019-01-20 05:07:00" duration="00:23:00" running_status="undefined" CA_mode="false">
      <short_event_descriptor language_code="cze">
        <event_name>Evropa Plus</event_name>
        <text></text>
      </short_event_descriptor>
      <extended_event_descriptor descriptor_number="0" last_descriptor_number="0" language_code="cze">
        <text>Týdeník Evropa Plus analyzuje na konci týdne jediné téma. Brexit a všechno co souvisí s chystaným vystoupením Velké Británie z Evropské unie. Připravil a moderuje Pavel Novák.</text>
      </extended_event_descriptor>
      <content_descriptor>
        <content content_nibble_level_1="0" content_nibble_level_2="0" user_byte="0x00"/>
      </content_descriptor>
    </event>
    <event event_id="0xC8EA" start_time="2019-01-20 05:30:00" duration="00:04:00" running_status="undefined" CA_mode="false">
      <short_event_descriptor language_code="cze">
        <event_name>Zprávy</event_name>
        <text>Aktuální události doma i ve světě</text>
      </short_event_descriptor>
      <content_descriptor>
        <content content_nibble_level_1="0" content_nibble_level_2="0" user_byte="0x00"/>
      </content_descriptor>
    </event>
    <event event_id="0xC8EC" start_time="2019-01-20 05:34:00" duration="00:26:00" running_status="undefined" CA_mode="false">
      <short_event_descriptor language_code="cze">
        <event_name>Historie Plus</event_name>
        <text></text>
      </short_event_descriptor>
      <extended_event_descriptor descriptor_number="0" last_descriptor_number="2" language_code="cze">
        <text>Historie zažila celou řadu soubojů mocných. Jedním z nejznámějších byl střet dvou sovětských soudruhů - Josifa Vissarionoviče Stalina a Lva Davidoviče Trockého. Zastupovali totiž dva naprosto rozdílné světy. První byl synem gruz</text>
      </extended_event_descriptor>
      <extended_event_descriptor descriptor_number="1" last_descriptor_number="2" language_code="cze">
        <text>ínského ševce, druhý židovského intelektuála. Rozcházely se také jejich vize o nastolení komunismu na celém světě. A diktátorem mohl být jen jeden. O vražedné rivalitě Stalina a Trockého je dnešní Historie Plus. Připravil ji Pa</text>
      </extended_event_descriptor>
      <extended_event_descriptor descriptor_number="2" last_descriptor_number="2" language_code="cze">
        <text>vel Hlavatý.</text>
      </extended_event_descriptor>
      <content_descriptor>
        <content content_nibble_level_1="0" content_nibble_level_2="0" user_byte="0x00"/>
      </content_descriptor>
    </event>
    <event event_id="0xC900" start_time="2019-01-20 06:00:00" duration="00:07:00" running_status="undefined" CA_mode="false">
      <short_event_descriptor language_code="cze">
        <event_name>Zprávy</event_name>
        <text>Aktuální události doma i ve světě</text>
      </short_event_descriptor>
      <content_descriptor>
        <content content_nibble_level_1="0" content_nibble_level_2="0" user_byte="0x00"/>
      </content_descriptor>
    </event>
    <event event_id="0xC904" start_time="2019-01-20 06:07:00" duration="00:26:00" running_status="undefined" CA_mode="false">
      <short_event_descriptor language_code="cze">
        <event_name>Online Plus</event_name>
        <text></text>
      </short_event_descriptor>
      <extended_event_descriptor descriptor_number="0" last_descriptor_number="1" language_code="cze">
        <text>Magazín Online Plus dnes hledá odpověď na to, jestli svět v budoucnu ovládnou roboti. Rozebere stav automatizace výroby, zamyslí se nad tím, s jakými překážkami se robotizace potýká, ale také okomentuje, jestli jsou lidé připraven</text>
      </extended_event_descriptor>
      <extended_event_descriptor descriptor_number="1" last_descriptor_number="1" language_code="cze">
        <text>í na to, že jejich práci v mnoha oblastech převezmou stroje. Připravil a moderuje David Slížek.</text>
      </extended_event_descriptor>
      <content_descriptor>
        <content content_nibble_level_1="0" content_nibble_level_2="0" user_byte="0x00"/>
      </content_descriptor>
    </event>
    <event event_id="0xC917" start_time="2019-01-20 06:33:00" duration="00:27:00" running_status="undefined" CA_mode="false">
      <short_event_descriptor language_code="cze">
        <event_name>Osudové ženy 76. - Johana z Rožmitálu</event_name>
        <text></text>
      </short_event_descriptor>
      <extended_event_descriptor descriptor_number="0" last_descriptor_number="1" language_code="cze">
        <text>Příběh Johany z Rožmitálu uslyšíte v dnešním díle cyklu Osudové ženy. V 15. století byly české země rozvrácené husitskými válkami a jejich obraz za hranicemi tomu odpovídal. Královna Johana a její manžel Jiří z Poděbrad p</text>
      </extended_event_descriptor>
      <extended_event_descriptor descriptor_number="1" last_descriptor_number="1" language_code="cze">
        <text>řispěli k tomu, že se pohled Evropy na Čechy změnil. Pro Český rozhlas Dvojka připravila a slovem provází Ivana Chmel Denčevová. Autorem dokumentárních rekonstrukcí je Hynek Pekárek. Režii má Michal Bureš.</text>
      </extended_event_descriptor>
      <content_descriptor>
        <content content_nibble_level_1="0" content_nibble_level_2="0" user_byte="0x00"/>
      </content_descriptor>
    </event>
    <event event_id="0xC92A" start_time="2019-01-20 07:00:00" duration="00:07:00" running_status="undefined" CA_mode="false">
      <short_event_descriptor language_code="cze">
        <event_name>Zprávy</event_name>
        <text>Aktuální události doma i ve světě</text>
      </short_event_descriptor>
      <content_descriptor>
        <content content_nibble_level_1="0" content_nibble_level_2="0" user_byte="0x00"/>
      </content_descriptor>
    </event>
    <event event_id="0xC92F" start_time="2019-01-20 07:07:00" duration="00:53:00" running_status="undefined" CA_mode="false">
      <short_event_descriptor language_code="cze">
        <event_name>Vertikála</event_name>
        <text></text>
      </short_event_descriptor>
      <extended_event_descriptor descriptor_number="0" last_descriptor_number="1" language_code="cze">
        <text>Dnešní Vertikála se zeptá, jaké šance má sportovní tým Vatikánu získat olympijskou medaili. O Janu Palachovi budeme mluvit s etikem Evangelické teologické fakulty Jindřichem Halamou. A nezapomemame ani na to, že už ve středu se pape</text>
      </extended_event_descriptor>
      <extended_event_descriptor descriptor_number="1" last_descriptor_number="1" language_code="cze">
        <text>ž v Panamě zapojí do Světového dne mládeže. Spojíme se s českým účastníkem. Debata Vertikály se zeptá, jestli potřebujeme manažery štěstí. Moderují Naděžda Hávová a Veronika Sedláčková.</text>
      </extended_event_descriptor>
      <content_descriptor>
        <content content_nibble_level_1="0" content_nibble_level_2="0" user_byte="0x00"/>
      </content_descriptor>
    </event>
    <event event_id="0xC956" start_time="2019-01-20 08:00:00" duration="00:07:00" running_status="undefined" CA_mode="false">
      <short_event_descriptor language_code="cze">
        <event_name>Zprávy</event_name>
        <text>Aktuální události doma i ve světě</text>
      </short_event_descriptor>
      <content_descriptor>
        <content content_nibble_level_1="0" content_nibble_level_2="0" user_byte="0x00"/>
      </content_descriptor>
    </event>
    <event event_id="0xC95A" start_time="2019-01-20 08:07:00" duration="00:53:00" running_status="undefined" CA_mode="false">
      <short_event_descriptor language_code="cze">
        <event_name>Týden Plus</event_name>
        <text>Výběr událostí posledních sedmi dnů</text>
      </short_event_descriptor>
      <content_descriptor>
        <content content_nibble_level_1="0" content_nibble_level_2="0" user_byte="0x00"/>
      </content_descriptor>
    </event>
    <event event_id="0xC980" start_time="2019-01-20 09:00:00" duration="00:07:00" running_status="undefined" CA_mode="false">
      <short_event_descriptor language_code="cze">
        <event_name>Zprávy</event_name>
        <text>Aktuální události doma i ve světě</text>
      </short_event_descriptor>
      <content_descriptor>
        <content content_nibble_level_1="0" content_nibble_level_2="0" user_byte="0x00"/>
      </content_descriptor>
    </event>
    <event event_id="0xC984" start_time="2019-01-20 09:07:00" duration="00:53:00" running_status="undefined" CA_mode="false">
      <short_event_descriptor language_code="cze">
        <event_name>Leonardo Plus</event_name>
        <text></text>
      </short_event_descriptor>
      <extended_event_descriptor descriptor_number="0" last_descriptor_number="1" language_code="cze">
        <text>Leonardo Plus se dnes věnuje české a československé kardiologii, která letos slaví 90. výročí. Za tu dobu prošla obrovským vývojem a její metody dnes zasahují i do dalších medicínských oborů. S profesorem Petrem Neužilem, primá</text>
      </extended_event_descriptor>
      <extended_event_descriptor descriptor_number="1" last_descriptor_number="1" language_code="cze">
        <text>řem Kardiologického oddělení Nemocnice na Homolce, o tom bude mluvit Veronika Paroulková.</text>
      </extended_event_descriptor>
      <content_descriptor>
        <content content_nibble_level_1="0" content_nibble_level_2="0" user_byte="0x00"/>
      </content_descriptor>
    </event>
    <event event_id="0xC9AA" start_time="2019-01-20 10:00:00" duration="00:07:00" running_status="undefined" CA_mode="false">
      <short_event_descriptor language_code="cze">
        <event_name>Zprávy</event_name>
        <text>Aktuální události doma i ve světě</text>
      </short_event_descriptor>
      <content_descriptor>
        <content content_nibble_level_1="0" content_nibble_level_2="0" user_byte="0x00"/>
      </content_descriptor>
    </event>
    <event event_id="0xC9AF" start_time="2019-01-20 10:07:00" duration="00:26:00" running_status="undefined" CA_mode="false">
      <short_event_descriptor language_code="cze">
        <event_name>Hovory</event_name>
        <text></text>
      </short_event_descriptor>
      <extended_event_descriptor descriptor_number="0" last_descriptor_number="1" language_code="cze">
        <text>Hostem Hovorů tento týden byl jeden z nejpopulárnějších českých herců, Miroslav Donutil. Zavzpomínal na dětství v Brně, na své začátky v Divadle na provázku, ale také na legendární divadelní představení Sluha dvou pánů. A na</text>
      </extended_event_descriptor>
      <extended_event_descriptor descriptor_number="1" last_descriptor_number="1" language_code="cze">
        <text> řadu samozřejmě přišly také typické historky ze života. Ptal se Vlastimil Ježek.</text>
      </extended_event_descriptor>
      <content_descriptor>
        <content content_nibble_level_1="0" content_nibble_level_2="0" user_byte="0x00"/>
      </content_descriptor>
    </event>
    <event event_id="0xC9C1" start_time="2019-01-20 10:33:00" duration="00:27:00" running_status="undefined" CA_mode="false">
      <short_event_descriptor language_code="cze">
        <event_name>Hovory</event_name>
        <text></text>
      </short_event_descriptor>
      <extended_event_descriptor descriptor_number="0" last_descriptor_number="1" language_code="cze">
        <text>Do Hovorů tento týden přišla také spisovatelka Milena Holcová, která napsala knihu s názvem "Já nic, já Mohamed". Je to troufalý portrét zakladatele islámu, kterého miliarda a půl lidí vyznává, stejně tolik se ho bojí, ale jen hr</text>
      </extended_event_descriptor>
      <extended_event_descriptor descriptor_number="1" last_descriptor_number="1" language_code="cze">
        <text>stka o něm něco ví. Řeč byla o bitvách nebo manželkách jedné z klíčových postav světového kulturního dědictví. Moderoval Vladimír Kroc.</text>
      </extended_event_descriptor>
      <content_descriptor>
        <content content_nibble_level_1="0" content_nibble_level_2="0" user_byte="0x00"/>
      </content_descriptor>
    </event>
    <event event_id="0xC9D4" start_time="2019-01-20 11:00:00" duration="00:10:00" running_status="undefined" CA_mode="false">
      <short_event_descriptor language_code="cze">
        <event_name>Hlavní zprávy</event_name>
        <text></text>
      </short_event_descriptor>
      <content_descriptor>
        <content content_nibble_level_1="0" content_nibble_level_2="0" user_byte="0x00"/>
      </content_descriptor>
    </event>
    <event event_id="0xC9DD" start_time="2019-01-20 11:10:00" duration="00:23:00" running_status="undefined" CA_mode="false">
      <short_event_descriptor language_code="cze">
        <event_name>Hlavní zprávy - rozhovory, komentáře</event_name>
        <text>Události dne v rozhovorech s aktéry a komentátory</text>
      </short_event_descriptor>
      <content_descriptor>
        <content content_nibble_level_1="0" content_nibble_level_2="0" user_byte="0x00"/>
      </content_descriptor>
    </event>
    <event event_id="0xC9EC" start_time="2019-01-20 11:33:00" duration="00:27:00" running_status="undefined" CA_mode="false">
      <short_event_descriptor language_code="cze">
        <event_name>Magazín Leonardo</event_name>
        <text></text>
      </short_event_descriptor>
      <extended_event_descriptor descriptor_number="0" last_descriptor_number="1" language_code="cze">
        <text>Magazín Leonardo shrne, co znamená nejistota kolem brexitu pro vědce, včetně těch českých. Připomene, že dnes v noci zažije Česká republika poslední úplné zatmění Měsíce tohoto desetiletí. Popíše práci potápěčů při zkoum</text>
      </extended_event_descriptor>
      <extended_event_descriptor descriptor_number="1" last_descriptor_number="1" language_code="cze">
        <text>ání pozůstatků Juditina mostu v Praze. A zhodnotí 10 let fungování Technologické agentury. Moderuje Josef Kluge.</text>
      </extended_event_descriptor>
      <content_descriptor>
        <content content_nibble_level_1="0" content_nibble_level_2="0" user_byte="0x00"/>
      </content_descriptor>
    </event>
    <event event_id="0xCA00" start_time="2019-01-20 12:00:00" duration="00:07:00" running_status="undefined" CA_mode="false">
      <short_event_descriptor language_code="cze">
        <event_name>Zprávy</event_name>
        <text>Aktuální události doma i ve světě</text>
      </short_event_descriptor>
      <content_descriptor>
        <content content_nibble_level_1="0" content_nibble_level_2="0" user_byte="0x00"/>
      </content_descriptor>
    </event>
    <event event_id="0xCA04" start_time="2019-01-20 12:07:00" duration="00:27:00" running_status="undefined" CA_mode="false">
      <short_event_descriptor language_code="cze">
        <event_name>Reportáže zahraničních zpravodajů</event_name>
        <text></text>
      </short_event_descriptor>
      <extended_event_descriptor descriptor_number="0" last_descriptor_number="1" language_code="cze">
        <text>Projížďka na sobím spřežení, návštěva slovenské základní školy, kde se žáci povinně učí sokolnictví i kravské kopýtko s polentou na talíři. Nejen to vás čeká v Reportážích zahraničních zpravodajů. Dnes vás jimi prov</text>
      </extended_event_descriptor>
      <extended_event_descriptor descriptor_number="1" last_descriptor_number="1" language_code="cze">
        <text>ede Lubica Bergmanová.</text>
      </extended_event_descriptor>
      <content_descriptor>
        <content content_nibble_level_1="0" content_nibble_level_2="0" user_byte="0x00"/>
      </content_descriptor>
    </event>
    <event event_id="0xCA17" start_time="2019-01-20 12:34:00" duration="00:26:00" running_status="undefined" CA_mode="false">
      <short_event_descriptor language_code="cze">
        <event_name>Portréty</event_name>
        <text></text>
      </short_event_descriptor>
      <extended_event_descriptor descriptor_number="0" last_descriptor_number="1" language_code="cze">
        <text>V úterý uplynulo sto let od vraždy Rosy Luxemburgové, respektované teoretičky marxistické politické ekonomie a významné levicové aktivistky. Osudným se jí stalo levicové povstání, které německá vláda během několika hodin tvrdě</text>
      </extended_event_descriptor>
      <extended_event_descriptor descriptor_number="1" last_descriptor_number="1" language_code="cze">
        <text> potlačila za pomoci pravicových bojůvek. Jaká byla žena, která kritizovala Lenina za pomýlení a sektářské chování, na to v pořadu Portréty odpoví historik Jan Adamec. Připravil a moderuje David Hertl.</text>
      </extended_event_descriptor>
      <content_descriptor>
        <content content_nibble_level_1="0" content_nibble_level_2="0" user_byte="0x00"/>
      </content_descriptor>
    </event>
    <event event_id="0xCA2A" start_time="2019-01-20 13:00:00" duration="00:07:00" running_status="undefined" CA_mode="false">
      <short_event_descriptor language_code="cze">
        <event_name>Zprávy</event_name>
        <text>Aktuální události doma i ve světě</text>
      </short_event_descriptor>
      <content_descriptor>
        <content content_nibble_level_1="0" content_nibble_level_2="0" user_byte="0x00"/>
      </content_descriptor>
    </event>
    <event event_id="0xCA2F" start_time="2019-01-20 13:07:00" duration="00:26:00" running_status="undefined" CA_mode="false">
      <short_event_descriptor language_code="cze">
        <event_name>Svět ve 20 minutách</event_name>
        <text></text>
      </short_event_descriptor>
      <extended_event_descriptor descriptor_number="0" last_descriptor_number="2" language_code="cze">
        <text>Zavraždění starosty Gdaňsku odhalilo míru nenávisti v rozdělené polské společnosti. Politická nestabilita ve Venezuele může ohrozit miliardové ruské investice. Jedinou cestou z krize je pro Británii vyhlášení nového referenda. Ma</text>
      </extended_event_descriptor>
      <extended_event_descriptor descriptor_number="1" last_descriptor_number="2" language_code="cze">
        <text>cronova "velká národní debata" vzbuzuje ve Francii pochybnosti. A emigrace mladých lidí Kremlu nevadí: ventiluje napětí v zemi. Takovým tématům budou patřit následující minuty. Dnešní výběr z komentářů, analýz a reportáží z</text>
      </extended_event_descriptor>
      <extended_event_descriptor descriptor_number="2" last_descriptor_number="2" language_code="cze">
        <text>ahraničních médií pro vás připravil Jan Machonin.</text>
      </extended_event_descriptor>
      <content_descriptor>
        <content content_nibble_level_1="0" content_nibble_level_2="0" user_byte="0x00"/>
      </content_descriptor>
    </event>
    <event event_id="0xCA41" start_time="2019-01-20 13:33:00" duration="00:27:00" running_status="undefined" CA_mode="false">
      <short_event_descriptor language_code="cze">
        <event_name>Studio Leonardo</event_name>
        <text></text>
      </short_event_descriptor>
      <extended_event_descriptor descriptor_number="0" last_descriptor_number="0" language_code="cze">
        <text>Studio Leonardo dnes zakončí seriál vědeckých dobrodružství, která ve Spojených státech zažil Petr Kološ. V různých amerických městech našel české vědce, kterým se podařilo prosadit v tamní obrovské konkurenci.</text>
      </extended_event_descriptor>
      <content_descriptor>
        <content content_nibble_level_1="0" content_nibble_level_2="0" user_byte="0x00"/>
      </content_descriptor>
    </event>
    <event event_id="0xCA54" start_time="2019-01-20 14:00:00" duration="00:07:00" running_status="undefined" CA_mode="false">
      <short_event_descriptor language_code="cze">
        <event_name>Zprávy</event_name>
        <text>Aktuální události doma i ve světě</text>
      </short_event_descriptor>
      <content_descriptor>
        <content content_nibble_level_1="0" content_nibble_level_2="0" user_byte="0x00"/>
      </content_descriptor>
    </event>
    <event event_id="0xCA59" start_time="2019-01-20 14:07:00" duration="00:26:00" running_status="undefined" CA_mode="false">
      <short_event_descriptor language_code="cze">
        <event_name>Jak to vidí...</event_name>
        <text></text>
      </short_event_descriptor>
      <extended_event_descriptor descriptor_number="0" last_descriptor_number="1" language_code="cze">
        <text>O významu upálení Jana Palacha mluvil tento týden soudce Nejvyššího správního soudu Josef Baxa v pořadu "Jak to vidí..." Okomentoval ale také nenávistné komentáře, které se šíří na sociálních sítích a rozebral, jak se jim br</text>
      </extended_event_descriptor>
      <extended_event_descriptor descriptor_number="1" last_descriptor_number="1" language_code="cze">
        <text>ánit. A zamyslel se na tím, v čem se poučit z nekonečných tahanic kolem brexitu. Ve vysílání Českého rozhlasu Dvojka se na to všechno ptala Zita Senková.</text>
      </extended_event_descriptor>
      <content_descriptor>
        <content content_nibble_level_1="0" content_nibble_level_2="0" user_byte="0x00"/>
      </content_descriptor>
    </event>
    <event event_id="0xCA6C" start_time="2019-01-20 14:33:00" duration="00:27:00" running_status="undefined" CA_mode="false">
      <short_event_descriptor language_code="cze">
        <event_name>Na okraji beznaděje</event_name>
        <text></text>
      </short_event_descriptor>
      <extended_event_descriptor descriptor_number="0" last_descriptor_number="1" language_code="cze">
        <text>Tento týden jsme si připomněli padesáté výročí tragické smrti Jana Palacha. Vrací se k ní také dokument "Na okraji beznaděje". Jeho autor Daniel Moravec se pokusil zachytit názory současných lidí i pamětníků na čin mladého stud</text>
      </extended_event_descriptor>
      <extended_event_descriptor descriptor_number="1" last_descriptor_number="1" language_code="cze">
        <text>enta z ledna 1969, kterým chtěl vyburcovat společnost z letargie. A připomíná také to, že sebeupálení jako protest rozhodně není pouze české specifikum. Dramaturgie Bronislava Janečková, režii měl Petr Mančal.</text>
      </extended_event_descriptor>
      <content_descriptor>
        <content content_nibble_level_1="0" content_nibble_level_2="0" user_byte="0x00"/>
      </content_descriptor>
    </event>
    <event event_id="0xCA80" start_time="2019-01-20 15:00:00" duration="00:07:00" running_status="undefined" CA_mode="false">
      <short_event_descriptor language_code="cze">
        <event_name>Zprávy</event_name>
        <text>Aktuální události doma i ve světě</text>
      </short_event_descriptor>
      <content_descriptor>
        <content content_nibble_level_1="0" content_nibble_level_2="0" user_byte="0x00"/>
      </content_descriptor>
    </event>
    <event event_id="0xCA84" start_time="2019-01-20 15:07:00" duration="00:27:00" running_status="undefined" CA_mode="false">
      <short_event_descriptor language_code="cze">
        <event_name>Knížky Plus</event_name>
        <text>Magazín novinek pro čtenáře</text>
      </short_event_descriptor>
      <content_descriptor>
        <content content_nibble_level_1="0" content_nibble_level_2="0" user_byte="0x00"/>
      </content_descriptor>
    </event>
    <event event_id="0xCA97" start_time="2019-01-20 15:34:00" duration="00:26:00" running_status="undefined" CA_mode="false">
      <short_event_descriptor language_code="cze">
        <event_name>Archiv Plus</event_name>
        <text></text>
      </short_event_descriptor>
      <extended_event_descriptor descriptor_number="0" last_descriptor_number="1" language_code="cze">
        <text>V pořadu Archiv Plus připomeneme demonstrace takzvaného Palachova týdne v lednu 1989. Ukázky ze zpravodajství Československého rozhlasu - včetně nezbytných hlasů rozhořčených pracujících - doplní dobové vzpomínky účastníků. v</text>
      </extended_event_descriptor>
      <extended_event_descriptor descriptor_number="1" last_descriptor_number="1" language_code="cze">
        <text>ybíral je Pavel Hlavatý.</text>
      </extended_event_descriptor>
      <content_descriptor>
        <content content_nibble_level_1="0" content_nibble_level_2="0" user_byte="0x00"/>
      </content_descriptor>
    </event>
    <event event_id="0xCAAA" start_time="2019-01-20 16:00:00" duration="00:10:00" running_status="undefined" CA_mode="false">
      <short_event_descriptor language_code="cze">
        <event_name>Zprávy</event_name>
        <text>Aktuální události doma i ve světě</text>
      </short_event_descriptor>
      <content_descriptor>
        <content content_nibble_level_1="0" content_nibble_level_2="0" user_byte="0x00"/>
      </content_descriptor>
    </event>
    <event event_id="0xCAB1" start_time="2019-01-20 16:10:00" duration="00:50:00" running_status="undefined" CA_mode="false">
      <short_event_descriptor language_code="cze">
        <event_name>Den podle Martiny Maškové</event_name>
        <text>Výběr aktuálních událostí s nezaměnitelným rukopisem</text>
      </short_event_descriptor>
      <content_descriptor>
        <content content_nibble_level_1="0" content_nibble_level_2="0" user_byte="0x00"/>
      </content_descriptor>
    </event>
    <event event_id="0xCAD6" start_time="2019-01-20 17:00:00" duration="00:10:00" running_status="undefined" CA_mode="false">
      <short_event_descriptor language_code="cze">
        <event_name>Hlavní zprávy</event_name>
        <text></text>
      </short_event_descriptor>
      <content_descriptor>
        <content content_nibble_level_1="0" content_nibble_level_2="0" user_byte="0x00"/>
      </content_descriptor>
    </event>
    <event event_id="0xCADD" start_time="2019-01-20 17:10:00" duration="00:50:00" running_status="undefined" CA_mode="false">
      <short_event_descriptor language_code="cze">
        <event_name>Názory a argumenty</event_name>
        <text></text>
      </short_event_descriptor>
      <extended_event_descriptor descriptor_number="0" last_descriptor_number="2" language_code="cze">
        <text>V tradiční nedělní debatě u Kulatého stolu Českého rozhlasu Plus nejdříve rozebereme způsob, jakým britská politická reprezentace řeší vystoupení Británie z Evropské unie, a pak se zamyslíme nad odkazem Jana Palacha, od jeho seb</text>
      </extended_event_descriptor>
      <extended_event_descriptor descriptor_number="1" last_descriptor_number="2" language_code="cze">
        <text>eupálení uplynulo 50 let. Debatovat budou politolog a překladatel Alexandr Tomský, Jan Macháček z Institutu pro politiku a společnost, Radko Hokovský ze think tanku Evropské hodnoty a redaktor Hospodářských novin Ondřej Houska.Moderuje </text>
      </extended_event_descriptor>
      <extended_event_descriptor descriptor_number="2" last_descriptor_number="2" language_code="cze">
        <text>Jan Vávra.</text>
      </extended_event_descriptor>
      <content_descriptor>
        <content content_nibble_level_1="0" content_nibble_level_2="0" user_byte="0x00"/>
      </content_descriptor>
    </event>
    <event event_id="0xCB00" start_time="2019-01-20 18:00:00" duration="00:07:00" running_status="undefined" CA_mode="false">
      <short_event_descriptor language_code="cze">
        <event_name>Zprávy</event_name>
        <text></text>
      </short_event_descriptor>
      <content_descriptor>
        <content content_nibble_level_1="0" content_nibble_level_2="0" user_byte="0x00"/>
      </content_descriptor>
    </event>
    <event event_id="0xCB05" start_time="2019-01-20 18:07:00" duration="00:26:00" running_status="undefined" CA_mode="false">
      <short_event_descriptor language_code="cze">
        <event_name>Svět ve 20 minutách</event_name>
        <text></text>
      </short_event_descriptor>
      <extended_event_descriptor descriptor_number="0" last_descriptor_number="2" language_code="cze">
        <text>Zavraždění starosty Gdaňsku odhalilo míru nenávisti v rozdělené polské společnosti. Politická nestabilita ve Venezuele může ohrozit miliardové ruské investice. Jedinou cestou z krize je pro Británii vyhlášení nového referenda. Ma</text>
      </extended_event_descriptor>
      <extended_event_descriptor descriptor_number="1" last_descriptor_number="2" language_code="cze">
        <text>cronova "velká národní debata" vzbuzuje ve Francii pochybnosti. A emigrace mladých lidí Kremlu nevadí: ventiluje napětí v zemi. Takovým tématům budou patřit následující minuty. Dnešní výběr z komentářů, analýz a reportáží z</text>
      </extended_event_descriptor>
      <extended_event_descriptor descriptor_number="2" last_descriptor_number="2" language_code="cze">
        <text>ahraničních médií pro vás připravil Jan Machonin.</text>
      </extended_event_descriptor>
      <content_descriptor>
        <content content_nibble_level_1="0" content_nibble_level_2="0" user_byte="0x00"/>
      </content_descriptor>
    </event>
    <event event_id="0xCB17" start_time="2019-01-20 18:33:00" duration="00:27:00" running_status="undefined" CA_mode="false">
      <short_event_descriptor language_code="cze">
        <event_name>Řečí peněz</event_name>
        <text></text>
      </short_event_descriptor>
      <extended_event_descriptor descriptor_number="0" last_descriptor_number="1" language_code="cze">
        <text>Kolo favorit patřilo už za komunistické éry k nedostatkovému zboží, protože díky své kvalitě bylo cenným exportním artiklem. Dnes se tuto značku značku snaží vzkřísit Richard Galovič, který bude prvním hostem série magazínu </text>
      </extended_event_descriptor>
      <extended_event_descriptor descriptor_number="1" last_descriptor_number="1" language_code="cze">
        <text>Řečí peněz s podtitulem Československé legendy. Do studia jej pozval Václav Pešička.</text>
      </extended_event_descriptor>
      <content_descriptor>
        <content content_nibble_level_1="0" content_nibble_level_2="0" user_byte="0x00"/>
      </content_descriptor>
    </event>
    <event event_id="0xCB2A" start_time="2019-01-20 19:00:00" duration="00:05:00" running_status="undefined" CA_mode="false">
      <short_event_descriptor language_code="cze">
        <event_name>Zprávy</event_name>
        <text></text>
      </short_event_descriptor>
      <content_descriptor>
        <content content_nibble_level_1="0" content_nibble_level_2="0" user_byte="0x00"/>
      </content_descriptor>
    </event>
    <event event_id="0xCB2D" start_time="2019-01-20 19:05:00" duration="00:55:00" running_status="undefined" CA_mode="false">
      <short_event_descriptor language_code="cze">
        <event_name>Příběhy 20. století</event_name>
        <text></text>
      </short_event_descriptor>
      <extended_event_descriptor descriptor_number="0" last_descriptor_number="0" language_code="cze">
        <text>Autentické vzpomínky pamětníků, kteří se přímo účastnili událostí moderních dějin českého národa.</text>
      </extended_event_descriptor>
      <content_descriptor>
        <content content_nibble_level_1="0" content_nibble_level_2="0" user_byte="0x00"/>
      </content_descriptor>
    </event>
    <event event_id="0xCB55" start_time="2019-01-20 20:00:00" duration="00:05:00" running_status="undefined" CA_mode="false">
      <short_event_descriptor language_code="cze">
        <event_name>Zprávy</event_name>
        <text></text>
      </short_event_descriptor>
      <content_descriptor>
        <content content_nibble_level_1="0" content_nibble_level_2="0" user_byte="0x00"/>
      </content_descriptor>
    </event>
    <event event_id="0xCB58" start_time="2019-01-20 20:05:00" duration="00:55:00" running_status="undefined" CA_mode="false">
      <short_event_descriptor language_code="cze">
        <event_name>Leonardo Plus</event_name>
        <text></text>
      </short_event_descriptor>
      <extended_event_descriptor descriptor_number="0" last_descriptor_number="1" language_code="cze">
        <text>Leonardo Plus se dnes věnuje české a československé kardiologii, která letos slaví 90. výročí. Za tu dobu prošla obrovským vývojem a její metody dnes zasahují i do dalších medicínských oborů. S profesorem Petrem Neužilem, primá</text>
      </extended_event_descriptor>
      <extended_event_descriptor descriptor_number="1" last_descriptor_number="1" language_code="cze">
        <text>řem Kardiologického oddělení Nemocnice na Homolce, o tom bude mluvit Veronika Paroulková.</text>
      </extended_event_descriptor>
      <content_descriptor>
        <content content_nibble_level_1="0" content_nibble_level_2="0" user_byte="0x00"/>
      </content_descriptor>
    </event>
    <event event_id="0xCB80" start_time="2019-01-20 21:00:00" duration="00:05:00" running_status="undefined" CA_mode="false">
      <short_event_descriptor language_code="cze">
        <event_name>Zprávy</event_name>
        <text></text>
      </short_event_descriptor>
      <content_descriptor>
        <content content_nibble_level_1="0" content_nibble_level_2="0" user_byte="0x00"/>
      </content_descriptor>
    </event>
    <event event_id="0xCB83" start_time="2019-01-20 21:05:00" duration="00:28:00" running_status="undefined" CA_mode="false">
      <short_event_descriptor language_code="cze">
        <event_name>Hovory</event_name>
        <text></text>
      </short_event_descriptor>
      <extended_event_descriptor descriptor_number="0" last_descriptor_number="2" language_code="cze">
        <text>Hostem Hovorů je muž, který už bezmála třicet let vede významnou počítačovou firmu a přitom zvládá psát knihy. Na svém kontě jich má už téměř tři desítky. Jmenuje se Michal Vaněček a v nadaci, kterou založil, i ve svých kn</text>
      </extended_event_descriptor>
      <extended_event_descriptor descriptor_number="1" last_descriptor_number="2" language_code="cze">
        <text>ihách, se hodně věnuje zdravotnické problematice a komunikaci mezi lékaři a pacienty, hlavně s onkologickým onemocněním. Zárověň napsal řadu knih pro děti a pouští se i do závažných celospolečenských témat, která odrážejí </text>
      </extended_event_descriptor>
      <extended_event_descriptor descriptor_number="2" last_descriptor_number="2" language_code="cze">
        <text>novodobou historii naší země. Moderuje Eva Hůlková.</text>
      </extended_event_descriptor>
      <content_descriptor>
        <content content_nibble_level_1="0" content_nibble_level_2="0" user_byte="0x00"/>
      </content_descriptor>
    </event>
    <event event_id="0xCB97" start_time="2019-01-20 21:33:00" duration="00:27:00" running_status="undefined" CA_mode="false">
      <short_event_descriptor language_code="cze">
        <event_name>Reportáže zahraničních zpravodajů</event_name>
        <text></text>
      </short_event_descriptor>
      <extended_event_descriptor descriptor_number="0" last_descriptor_number="1" language_code="cze">
        <text>Projížďka na sobím spřežení, návštěva slovenské základní školy, kde se žáci povinně učí sokolnictví i kravské kopýtko s polentou na talíři. Nejen to vás čeká v Reportážích zahraničních zpravodajů. Dnes vás jimi prov</text>
      </extended_event_descriptor>
      <extended_event_descriptor descriptor_number="1" last_descriptor_number="1" language_code="cze">
        <text>ede Lubica Bergmanová.</text>
      </extended_event_descriptor>
      <content_descriptor>
        <content content_nibble_level_1="0" content_nibble_level_2="0" user_byte="0x00"/>
      </content_descriptor>
    </event>
    <event event_id="0xCBAA" start_time="2019-01-20 22:00:00" duration="00:04:00" running_status="undefined" CA_mode="false">
      <short_event_descriptor language_code="cze">
        <event_name>Zprávy</event_name>
        <text></text>
      </short_event_descriptor>
      <content_descriptor>
        <content content_nibble_level_1="0" content_nibble_level_2="0" user_byte="0x00"/>
      </content_descriptor>
    </event>
    <event event_id="0xCBAC" start_time="2019-01-20 22:04:00" duration="00:29:00" running_status="undefined" CA_mode="false">
      <short_event_descriptor language_code="cze">
        <event_name>Studio Leonardo</event_name>
        <text></text>
      </short_event_descriptor>
      <extended_event_descriptor descriptor_number="0" last_descriptor_number="0" language_code="cze">
        <text>Studio Leonardo dnes zakončí seriál vědeckých dobrodružství, která ve Spojených státech zažil Petr Kološ. V různých amerických městech našel české vědce, kterým se podařilo prosadit v tamní obrovské konkurenci.</text>
      </extended_event_descriptor>
      <content_descriptor>
        <content content_nibble_level_1="0" content_nibble_level_2="0" user_byte="0x00"/>
      </content_descriptor>
    </event>
    <event event_id="0xCBC2" start_time="2019-01-20 22:33:00" duration="00:27:00" running_status="undefined" CA_mode="false">
      <short_event_descriptor language_code="cze">
        <event_name>Radiokniha</event_name>
        <text></text>
      </short_event_descriptor>
      <extended_event_descriptor descriptor_number="0" last_descriptor_number="1" language_code="cze">
        <text>Naposledy dnes uslyšíte četbu z knihy "Jací jsme dnes" s podtitulem "Česko od roku 1989 očima investigativního novináře". Autorem je Jaroslav Spurný z týdeníku Respekt. Přináší osobní pohled na několik klíčových politických a h</text>
      </extended_event_descriptor>
      <extended_event_descriptor descriptor_number="1" last_descriptor_number="1" language_code="cze">
        <text>ospodářských kauz, které ovlivnily a ovlivňují život v České republice a její směřování po roce 1989. Dnešní část se zaměřuje na jednoho z důležitých tuzemských hráčů v obchodu se zbrojním materiálem Jaroslava Strnada.</text>
      </extended_event_descriptor>
      <content_descriptor>
        <content content_nibble_level_1="0" content_nibble_level_2="0" user_byte="0x00"/>
      </content_descriptor>
    </event>
    <event event_id="0xCBD5" start_time="2019-01-20 23:00:00" duration="00:10:00" running_status="undefined" CA_mode="false">
      <short_event_descriptor language_code="cze">
        <event_name>Zprávy</event_name>
        <text></text>
      </short_event_descriptor>
      <content_descriptor>
        <content content_nibble_level_1="0" content_nibble_level_2="0" user_byte="0x00"/>
      </content_descriptor>
    </event>
    <event event_id="0xCBDD" start_time="2019-01-20 23:10:00" duration="00:50:00" running_status="undefined" CA_mode="false">
      <short_event_descriptor language_code="cze">
        <event_name>Den podle Martiny Maškové</event_name>
        <text>Výběr aktuálních událostí s nezaměnitelným rukopisem</text>
      </short_event_descriptor>
      <content_descriptor>
        <content content_nibble_level_1="0" content_nibble_level_2="0" user_byte="0x00"/>
      </content_descriptor>
    </event>
  </EIT>
  <EIT type="0" version="13" current="true" actual="true" service_id="0x4108" transport_stream_id="0x0111" original_network_id="0x20CB" last_table_id="0x50">
    <!-- PID 0x0012 (18) -->
    <event event_id="0xC70A" start_time="2019-01-19 18:15:00" duration="00:45:00" running_status="undefined" CA_mode="false">
      <short_event_descriptor language_code="cze">
        <event_name>Modern Mainstream</event_name>
        <text></text>
      </short_event_descriptor>
      <extended_event_descriptor descriptor_number="0" last_descriptor_number="0" language_code="cze">
        <text>Napříč jazzovou současností i minulostí. Občasné výlety k jazzrocku, world music i aktuálním fúzím.</text>
      </extended_event_descriptor>
      <content_descriptor>
        <content content_nibble_level_1="0" content_nibble_level_2="0" user_byte="0x00"/>
      </content_descriptor>
    </event>
    <event event_id="0xC72A" start_time="2019-01-19 19:00:00" duration="01:00:00" running_status="undefined" CA_mode="false">
      <short_event_descriptor language_code="cze">
        <event_name>Jazz Club</event_name>
        <text></text>
      </short_event_descriptor>
      <extended_event_descriptor descriptor_number="0" last_descriptor_number="0" language_code="cze">
        <text>Jazzové koncerty z klubů i prestižních festivalů. Tingvall Trio - sestřih z evropského turné, 2012.</text>
      </extended_event_descriptor>
      <content_descriptor>
        <content content_nibble_level_1="0" content_nibble_level_2="0" user_byte="0x00"/>
      </content_descriptor>
    </event>
    <event event_id="0xC755" start_time="2019-01-19 20:00:00" duration="02:00:00" running_status="undefined" CA_mode="false">
      <short_event_descriptor language_code="cze">
        <event_name>Modern Mainstream</event_name>
        <text></text>
      </short_event_descriptor>
      <extended_event_descriptor descriptor_number="0" last_descriptor_number="0" language_code="cze">
        <text>Napříč jazzovou současností i minulostí. Občasné výlety k jazzrocku, world music i aktuálním fúzím.</text>
      </extended_event_descriptor>
      <content_descriptor>
        <content content_nibble_level_1="0" content_nibble_level_2="0" user_byte="0x00"/>
      </content_descriptor>
    </event>
    <event event_id="0xC7AA" start_time="2019-01-19 22:00:00" duration="01:00:00" running_status="undefined" CA_mode="false">
      <short_event_descriptor language_code="cze">
        <event_name>Mostly Bop</event_name>
        <text></text>
      </short_event_descriptor>
      <extended_event_descriptor descriptor_number="0" last_descriptor_number="0" language_code="cze">
        <text>Nejen bopovou klasikou je člověk živ. V tomto bloku ji doplňuje pop jazz, cool jazz, latina či straight ahead.</text>
      </extended_event_descriptor>
      <content_descriptor>
        <content content_nibble_level_1="0" content_nibble_level_2="0" user_byte="0x00"/>
      </content_descriptor>
    </event>
    <event event_id="0xC7D6" start_time="2019-01-19 23:00:00" duration="01:00:00" running_status="undefined" CA_mode="false">
      <short_event_descriptor language_code="cze">
        <event_name>Modern Mainstream</event_name>
        <text></text>
      </short_event_descriptor>
      <extended_event_descriptor descriptor_number="0" last_descriptor_number="0" language_code="cze">
        <text>Napříč jazzovou současností i minulostí. Občasné výlety k jazzrocku, world music i aktuálním fúzím.</text>
      </extended_event_descriptor>
      <content_descriptor>
        <content content_nibble_level_1="0" content_nibble_level_2="0" user_byte="0x00"/>
      </content_descriptor>
    </event>
    <event event_id="0xC801" start_time="2019-01-20 00:00:00" duration="02:00:00" running_status="undefined" CA_mode="false">
      <short_event_descriptor language_code="cze">
        <event_name>Modern and Experimental</event_name>
        <text>Většinou současný jazz okořeněný špetkou free jazzu a experimentální hudby.</text>
      </short_event_descriptor>
      <content_descriptor>
        <content content_nibble_level_1="0" content_nibble_level_2="0" user_byte="0x00"/>
      </content_descriptor>
    </event>
    <event event_id="0xC856" start_time="2019-01-20 02:00:00" duration="03:00:00" running_status="undefined" CA_mode="false">
      <short_event_descriptor language_code="cze">
        <event_name>Modern Mainstream</event_name>
        <text></text>
      </short_event_descriptor>
      <extended_event_descriptor descriptor_number="0" last_descriptor_number="0" language_code="cze">
        <text>Napříč jazzovou současností i minulostí. Občasné výlety k jazzrocku, world music i aktuálním fúzím.</text>
      </extended_event_descriptor>
      <content_descriptor>
        <content content_nibble_level_1="0" content_nibble_level_2="0" user_byte="0x00"/>
      </content_descriptor>
    </event>
    <event event_id="0xC8D6" start_time="2019-01-20 05:00:00" duration="01:00:00" running_status="undefined" CA_mode="false">
      <short_event_descriptor language_code="cze">
        <event_name>Fokus: Pop Jazz Hour</event_name>
        <text>Nedělní podvečer (nejen) s jazzovými vokalisty.</text>
      </short_event_descriptor>
      <content_descriptor>
        <content content_nibble_level_1="0" content_nibble_level_2="0" user_byte="0x00"/>
      </content_descriptor>
    </event>
    <event event_id="0xC901" start_time="2019-01-20 06:00:00" duration="01:00:00" running_status="undefined" CA_mode="false">
      <short_event_descriptor language_code="cze">
        <event_name>Modern Mainstream</event_name>
        <text></text>
      </short_event_descriptor>
      <extended_event_descriptor descriptor_number="0" last_descriptor_number="0" language_code="cze">
        <text>Napříč jazzovou současností i minulostí. Občasné výlety k jazzrocku, world music i aktuálním fúzím.</text>
      </extended_event_descriptor>
      <content_descriptor>
        <content content_nibble_level_1="0" content_nibble_level_2="0" user_byte="0x00"/>
      </content_descriptor>
    </event>
    <event event_id="0xC92B" start_time="2019-01-20 07:00:00" duration="01:00:00" running_status="undefined" CA_mode="false">
      <short_event_descriptor language_code="cze">
        <event_name>Mostly Bop</event_name>
        <text></text>
      </short_event_descriptor>
      <extended_event_descriptor descriptor_number="0" last_descriptor_number="0" language_code="cze">
        <text>Nejen bopovou klasikou je člověk živ. V tomto bloku ji doplňuje pop jazz, cool jazz, latina či straight ahead.</text>
      </extended_event_descriptor>
      <content_descriptor>
        <content content_nibble_level_1="0" content_nibble_level_2="0" user_byte="0x00"/>
      </content_descriptor>
    </event>
    <event event_id="0xC956" start_time="2019-01-20 08:00:00" duration="02:00:00" running_status="undefined" CA_mode="false">
      <short_event_descriptor language_code="cze">
        <event_name>Modern Mainstream</event_name>
        <text></text>
      </short_event_descriptor>
      <extended_event_descriptor descriptor_number="0" last_descriptor_number="0" language_code="cze">
        <text>Napříč jazzovou současností i minulostí. Občasné výlety k jazzrocku, world music i aktuálním fúzím.</text>
      </extended_event_descriptor>
      <content_descriptor>
        <content content_nibble_level_1="0" content_nibble_level_2="0" user_byte="0x00"/>
      </content_descriptor>
    </event>
    <event event_id="0xC9AB" start_time="2019-01-20 10:00:00" duration="00:15:00" running_status="undefined" CA_mode="false">
      <short_event_descriptor language_code="cze">
        <event_name>Album týdne</event_name>
        <text>Redaktoři Českého rozhlasu Jazz vybírají nejpodstatnější nahrávku pro tento týden.</text>
      </short_event_descriptor>
      <content_descriptor>
        <content content_nibble_level_1="0" content_nibble_level_2="0" user_byte="0x00"/>
      </content_descriptor>
    </event>
    <event event_id="0xC9B6" start_time="2019-01-20 10:15:00" duration="00:45:00" running_status="undefined" CA_mode="false">
      <short_event_descriptor language_code="cze">
        <event_name>Nová alba</event_name>
        <text>Nová alba sledujeme za vás. Poslouchejte výběr z nejnovějších jazzových nahrávek.</text>
      </short_event_descriptor>
      <content_descriptor>
        <content content_nibble_level_1="0" content_nibble_level_2="0" user_byte="0x00"/>
      </content_descriptor>
    </event>
    <event event_id="0xC9D6" start_time="2019-01-20 11:00:00" duration="00:30:00" running_status="undefined" CA_mode="false">
      <short_event_descriptor language_code="cze">
        <event_name>Evropská vlna: Slovensko</event_name>
        <text>Žasněte nad rozmanitostí evropského jazzu. Každý den z jiné země v pravé poledne.</text>
      </short_event_descriptor>
      <content_descriptor>
        <content content_nibble_level_1="0" content_nibble_level_2="0" user_byte="0x00"/>
      </content_descriptor>
    </event>
    <event event_id="0xC9EB" start_time="2019-01-20 11:30:00" duration="00:30:00" running_status="undefined" CA_mode="false">
      <short_event_descriptor language_code="cze">
        <event_name>Modern Mainstream</event_name>
        <text></text>
      </short_event_descriptor>
      <extended_event_descriptor descriptor_number="0" last_descriptor_number="0" language_code="cze">
        <text>Napříč jazzovou současností i minulostí. Občasné výlety k jazzrocku, world music i aktuálním fúzím.</text>
      </extended_event_descriptor>
      <content_descriptor>
        <content content_nibble_level_1="0" content_nibble_level_2="0" user_byte="0x00"/>
      </content_descriptor>
    </event>
    <event event_id="0xCA01" start_time="2019-01-20 12:00:00" duration="01:00:00" running_status="undefined" CA_mode="false">
      <short_event_descriptor language_code="cze">
        <event_name>Mostly Bop</event_name>
        <text></text>
      </short_event_descriptor>
      <extended_event_descriptor descriptor_number="0" last_descriptor_number="0" language_code="cze">
        <text>Nejen bopovou klasikou je člověk živ. V tomto bloku ji doplňuje pop jazz, cool jazz, latina či straight ahead.</text>
      </extended_event_descriptor>
      <content_descriptor>
        <content content_nibble_level_1="0" content_nibble_level_2="0" user_byte="0x00"/>
      </content_descriptor>
    </event>
    <event event_id="0xCA2B" start_time="2019-01-20 13:00:00" duration="04:00:00" running_status="undefined" CA_mode="false">
      <short_event_descriptor language_code="cze">
        <event_name>Modern Mainstream</event_name>
        <text></text>
      </short_event_descriptor>
      <extended_event_descriptor descriptor_number="0" last_descriptor_number="0" language_code="cze">
        <text>Napříč jazzovou současností i minulostí. Občasné výlety k jazzrocku, world music i aktuálním fúzím.</text>
      </extended_event_descriptor>
      <content_descriptor>
        <content content_nibble_level_1="0" content_nibble_level_2="0" user_byte="0x00"/>
      </content_descriptor>
    </event>
    <event event_id="0xCAD6" start_time="2019-01-20 17:00:00" duration="01:00:00" running_status="undefined" CA_mode="false">
      <short_event_descriptor language_code="cze">
        <event_name>Fokus: Pop Jazz Hour</event_name>
        <text>Nedělní podvečer (nejen) s jazzovými vokalisty.</text>
      </short_event_descriptor>
      <content_descriptor>
        <content content_nibble_level_1="0" content_nibble_level_2="0" user_byte="0x00"/>
      </content_descriptor>
    </event>
    <event event_id="0xCB01" start_time="2019-01-20 18:00:00" duration="00:15:00" running_status="undefined" CA_mode="false">
      <short_event_descriptor language_code="cze">
        <event_name>Album týdne</event_name>
        <text>Redaktoři Českého rozhlasu Jazz vybírají nejpodstatnější nahrávku pro tento týden.</text>
      </short_event_descriptor>
      <content_descriptor>
        <content content_nibble_level_1="0" content_nibble_level_2="0" user_byte="0x00"/>
      </content_descriptor>
    </event>
    <event event_id="0xCB0B" start_time="2019-01-20 18:15:00" duration="03:45:00" running_status="undefined" CA_mode="false">
      <short_event_descriptor language_code="cze">
        <event_name>Modern Mainstream</event_name>
        <text></text>
      </short_event_descriptor>
      <extended_event_descriptor descriptor_number="0" last_descriptor_number="0" language_code="cze">
        <text>Napříč jazzovou současností i minulostí. Občasné výlety k jazzrocku, world music i aktuálním fúzím.</text>
      </extended_event_descriptor>
      <content_descriptor>
        <content content_nibble_level_1="0" content_nibble_level_2="0" user_byte="0x00"/>
      </content_descriptor>
    </event>
    <event event_id="0xCBAB" start_time="2019-01-20 22:00:00" duration="01:00:00" running_status="undefined" CA_mode="false">
      <short_event_descriptor language_code="cze">
        <event_name>Mostly Bop</event_name>
        <text></text>
      </short_event_descriptor>
      <extended_event_descriptor descriptor_number="0" last_descriptor_number="0" language_code="cze">
        <text>Nejen bopovou klasikou je člověk živ. V tomto bloku ji doplňuje pop jazz, cool jazz, latina či straight ahead.</text>
      </extended_event_descriptor>
      <content_descriptor>
        <content content_nibble_level_1="0" content_nibble_level_2="0" user_byte="0x00"/>
      </content_descriptor>
    </event>
    <event event_id="0xCBD5" start_time="2019-01-20 23:00:00" duration="01:00:00" running_status="undefined" CA_mode="false">
      <short_event_descriptor language_code="cze">
        <event_name>Modern Mainstream</event_name>
        <text></text>
      </short_event_descriptor>
      <extended_event_descriptor descriptor_number="0" last_descriptor_number="0" language_code="cze">
        <text>Napříč jazzovou současností i minulostí. Občasné výlety k jazzrocku, world music i aktuálním fúzím.</text>
      </extended_event_descriptor>
      <content_descriptor>
        <content content_nibble_level_1="0" content_nibble_level_2="0" user_byte="0x00"/>
      </content_descriptor>
    </event>
  </EIT>
</tsduck>
