<?xml version="1.0" encoding="UTF-8"?>
<tsduck>
  <NIT version="0" current="true" network_id="0x0000" actual="true">
    <!-- PID 0x00C8 (200) -->
    <private_data_specifier_descriptor private_data_specifier="OFCOM"/>
    <dtg_logical_channel_descriptor/>
    <dtg_HD_simulcast_logical_channel_descriptor/>
    <dtg_preferred_name_list_descriptor/>
    <dtg_service_attribute_descriptor/>
    <dtg_logical_channel_descriptor>
      <service service_id="0x1234" logical_channel_number="1,021" visible_service="true"/>
      <service service_id="0x5678" logical_channel_number="10" visible_service="false"/>
      <service service_id="0x9ABC" logical_channel_number="85" visible_service="true"/>
    </dtg_logical_channel_descriptor>
    <dtg_HD_simulcast_logical_channel_descriptor>
      <service service_id="0x1234" logical_channel_number="987" visible_service="false"/>
    </dtg_HD_simulcast_logical_channel_descriptor>
    <dtg_preferred_name_identifier_descriptor name_id="0x8B"/>
    <dtg_preferred_name_list_descriptor>
      <language code="eng">
        <name name_id="0x23" name="Name 23"/>
        <name name_id="0xAE" name="Name AE"/>
      </language>
      <language code="fre"/>
    </dtg_preferred_name_list_descriptor>
    <dtg_short_service_name_descriptor name="Foo Bar"/>
    <dtg_service_attribute_descriptor>
      <service service_id="0x1234" numeric_selection="true" visible_service="false"/>
      <service service_id="0x5678" numeric_selection="false" visible_service="true"/>
    </dtg_service_attribute_descriptor>
    <dtg_guidance_descriptor guidance_type="0" ISO_639_language_code="foo" text="Some foo text"/>
    <dtg_guidance_descriptor guidance_type="1" guidance_mode="false" ISO_639_language_code="bar" text="Some bar text"/>
    <dtg_guidance_descriptor guidance_type="2"/>
    <dtg_guidance_descriptor guidance_type="3">
      <reserved_future_use>
        12 34 56 78
      </reserved_future_use>
    </dtg_guidance_descriptor>
  </NIT>
</tsduck>
