<?xml version="1.0" encoding="UTF-8"?>
<tsduck>
  <PAT version="1" current="true" transport_stream_id="0x7ED0" network_PID="0x0010">
    <!-- PID 0x0000 (0), first TS packet: 383, last: 383 -->
    <service service_id="0x4800" program_map_PID="0x01F0"/>
    <service service_id="0x4801" program_map_PID="0x03F0"/>
    <service service_id="0x4980" program_map_PID="0x1FC8"/>
    <service service_id="0xFFF0" program_map_PID="0x1CF0"/>
  </PAT>
  <PMT version="26" current="true" service_id="0x4800" PCR_PID="0x01FF">
    <!-- PID 0x01F0 (496), first TS packet: 390, last: 393 -->
    <CA_descriptor CA_system_id="0x0005" CA_PID="0x0901"/>
    <ISDB_access_control_descriptor CA_system_id="0x000E" transmission_type="7" PID="0x0902"/>
    <generic_descriptor tag="0xC1">
      84
    </generic_descriptor>
    <component elementary_PID="0x0100" stream_type="0x02">
      <stream_identifier_descriptor component_tag="0x00"/>
      <generic_descriptor tag="0xC8">
        47
      </generic_descriptor>
    </component>
    <component elementary_PID="0x0110" stream_type="0x0F">
      <stream_identifier_descriptor component_tag="0x10"/>
    </component>
    <component elementary_PID="0x0130" stream_type="0x06">
      <CA_descriptor CA_system_id="0x0005" CA_PID="0x1FFF"/>
      <ISDB_access_control_descriptor CA_system_id="0x000E" transmission_type="7" PID="0x1FFF"/>
      <stream_identifier_descriptor component_tag="0x30"/>
      <generic_descriptor tag="0xFD">
        00 08 3D
      </generic_descriptor>
    </component>
    <component elementary_PID="0x0138" stream_type="0x06">
      <CA_descriptor CA_system_id="0x0005" CA_PID="0x1FFF"/>
      <ISDB_access_control_descriptor CA_system_id="0x000E" transmission_type="7" PID="0x1FFF"/>
      <stream_identifier_descriptor component_tag="0x38"/>
      <generic_descriptor tag="0xFD">
        00 08 3C
      </generic_descriptor>
    </component>
    <component elementary_PID="0x0140" stream_type="0x0D">
      <stream_identifier_descriptor component_tag="0x40"/>
      <generic_descriptor tag="0xFD">
        00 0C 33 3F 00 03 00 00 FF BF
      </generic_descriptor>
    </component>
    <component elementary_PID="0x0160" stream_type="0x0D">
      <stream_identifier_descriptor component_tag="0x60"/>
      <generic_descriptor tag="0xFD">
        00 0C 1F FF BF
      </generic_descriptor>
    </component>
    <component elementary_PID="0x0161" stream_type="0x0D">
      <stream_identifier_descriptor component_tag="0x61"/>
      <generic_descriptor tag="0xFD">
        00 0C 1F FF BF
      </generic_descriptor>
    </component>
    <component elementary_PID="0x0162" stream_type="0x0D">
      <stream_identifier_descriptor component_tag="0x62"/>
      <generic_descriptor tag="0xFD">
        00 0C 1F FF BF
      </generic_descriptor>
    </component>
    <component elementary_PID="0x0170" stream_type="0x0D">
      <stream_identifier_descriptor component_tag="0x70"/>
      <generic_descriptor tag="0xFD">
        00 0C 1F FF BF
      </generic_descriptor>
    </component>
    <component elementary_PID="0x0171" stream_type="0x0D">
      <stream_identifier_descriptor component_tag="0x71"/>
      <generic_descriptor tag="0xFD">
        00 0C 1F FF BF
      </generic_descriptor>
    </component>
    <component elementary_PID="0x0172" stream_type="0x0D">
      <stream_identifier_descriptor component_tag="0x72"/>
      <generic_descriptor tag="0xFD">
        00 0C 1F FF BF
      </generic_descriptor>
    </component>
  </PMT>
  <PMT version="29" current="true" service_id="0x4801" PCR_PID="0x01FF">
    <!-- PID 0x03F0 (1008), first TS packet: 391, last: 394 -->
    <CA_descriptor CA_system_id="0x0005" CA_PID="0x0901"/>
    <ISDB_access_control_descriptor CA_system_id="0x000E" transmission_type="7" PID="0x0902"/>
    <generic_descriptor tag="0xC1">
      84
    </generic_descriptor>
    <component elementary_PID="0x0100" stream_type="0x02">
      <stream_identifier_descriptor component_tag="0x00"/>
      <generic_descriptor tag="0xC8">
        47
      </generic_descriptor>
    </component>
    <component elementary_PID="0x0110" stream_type="0x0F">
      <stream_identifier_descriptor component_tag="0x10"/>
    </component>
    <component elementary_PID="0x0130" stream_type="0x06">
      <CA_descriptor CA_system_id="0x0005" CA_PID="0x1FFF"/>
      <ISDB_access_control_descriptor CA_system_id="0x000E" transmission_type="7" PID="0x1FFF"/>
      <stream_identifier_descriptor component_tag="0x30"/>
      <generic_descriptor tag="0xFD">
        00 08 3D
      </generic_descriptor>
    </component>
    <component elementary_PID="0x0138" stream_type="0x06">
      <CA_descriptor CA_system_id="0x0005" CA_PID="0x1FFF"/>
      <ISDB_access_control_descriptor CA_system_id="0x000E" transmission_type="7" PID="0x1FFF"/>
      <stream_identifier_descriptor component_tag="0x38"/>
      <generic_descriptor tag="0xFD">
        00 08 3C
      </generic_descriptor>
    </component>
    <component elementary_PID="0x0140" stream_type="0x0D">
      <stream_identifier_descriptor component_tag="0x40"/>
      <generic_descriptor tag="0xFD">
        00 0C 33 3F 00 03 00 00 FF BF
      </generic_descriptor>
    </component>
    <component elementary_PID="0x0160" stream_type="0x0D">
      <stream_identifier_descriptor component_tag="0x60"/>
      <generic_descriptor tag="0xFD">
        00 0C 1F FF BF
      </generic_descriptor>
    </component>
    <component elementary_PID="0x0161" stream_type="0x0D">
      <stream_identifier_descriptor component_tag="0x61"/>
      <generic_descriptor tag="0xFD">
        00 0C 1F FF BF
      </generic_descriptor>
    </component>
    <component elementary_PID="0x0162" stream_type="0x0D">
      <stream_identifier_descriptor component_tag="0x62"/>
      <generic_descriptor tag="0xFD">
        00 0C 1F FF BF
      </generic_descriptor>
    </component>
    <component elementary_PID="0x0170" stream_type="0x0D">
      <stream_identifier_descriptor component_tag="0x70"/>
      <generic_descriptor tag="0xFD">
        00 0C 1F FF BF
      </generic_descriptor>
    </component>
    <component elementary_PID="0x0171" stream_type="0x0D">
      <stream_identifier_descriptor component_tag="0x71"/>
      <generic_descriptor tag="0xFD">
        00 0C 1F FF BF
      </generic_descriptor>
    </component>
    <component elementary_PID="0x0172" stream_type="0x0D">
      <stream_identifier_descriptor component_tag="0x72"/>
      <generic_descriptor tag="0xFD">
        00 0C 1F FF BF
      </generic_descriptor>
    </component>
  </PMT>
  <PMT version="29" current="true" service_id="0x4980" PCR_PID="0x05FF">
    <!-- PID 0x1FC8 (8136), first TS packet: 881, last: 881 -->
    <generic_descriptor tag="0xC1">
      88
    </generic_descriptor>
    <component elementary_PID="0x0580" stream_type="0x0D">
      <stream_identifier_descriptor component_tag="0x80"/>
      <generic_descriptor tag="0xFD">
        00 0D 3F 2F 00 0C 00 00 FF BF
      </generic_descriptor>
    </component>
    <component elementary_PID="0x0581" stream_type="0x1B">
      <stream_identifier_descriptor component_tag="0x81"/>
    </component>
    <component elementary_PID="0x0583" stream_type="0x0F">
      <stream_identifier_descriptor component_tag="0x83"/>
    </component>
    <component elementary_PID="0x0587" stream_type="0x06">
      <stream_identifier_descriptor component_tag="0x87"/>
      <generic_descriptor tag="0xFD">
        00 12 AD
      </generic_descriptor>
    </component>
    <component elementary_PID="0x0589" stream_type="0x0D">
      <stream_identifier_descriptor component_tag="0x89"/>
    </component>
    <component elementary_PID="0x058A" stream_type="0x0D">
      <stream_identifier_descriptor component_tag="0x8A"/>
    </component>
    <component elementary_PID="0x058B" stream_type="0x0D">
      <stream_identifier_descriptor component_tag="0x8B"/>
      <generic_descriptor tag="0xFD">
        00 0D 1F FF BF
      </generic_descriptor>
    </component>
  </PMT>
  <EIT type="pf" version="4" current="true" actual="true" service_id="0x4800" transport_stream_id="0x7ED0" original_network_id="0x7ED0" last_table_id="0x4E">
    <!-- PID 0x0012 (18), first TS packet: 2,570, last: 2,636 -->
    <event event_id="0x0EDD" start_time="2020-04-05 19:00:00" duration="00:30:00" running_status="undefined" CA_mode="false">
      <short_event_descriptor language_code="jpn">
        <event_name>NHK.K.e..97..$;zZzV</event_name>
        <text>Lk7;~ŧß0lJb@hŧ0lJb?&lt;↓þ!!:#ŧ³̨Keø9đFO±¿€!!!Z|↑ª’¿ø![@D0f&lt;B!$!Zµ¬↑ª’¿ø![CSED?-;R!$0KF#3$I'!$!Z5$&gt;]↑ª’¿ø![CfB&lt;H~8x</text>
      </short_event_descriptor>
      <extended_event_descriptor descriptor_number="0" last_descriptor_number="0" language_code="jpn">
        <text></text>
        <item>
          <description>=P1i&lt;T</description>
          <name>!Z|↑ª’¿ø![@D0f&lt;B!$!Zµ¬↑ª’¿ø![CSED?-;R!$0KF#3$I'!$!Z5$&gt;]↑ª’¿ø![CfB&lt;H~8x</name>
        </item>
      </extended_event_descriptor>
      <component_descriptor stream_content="0x01" stream_content_ext="0x0F" component_type="0xB3" component_tag="0x00" language_code="jpn" text=""/>
      <content_descriptor>
        <content content_nibble_level_1="0" content_nibble_level_2="0" user_byte="0xFF"/>
        <content content_nibble_level_1="0" content_nibble_level_2="1" user_byte="0xFF"/>
        <content content_nibble_level_1="1" content_nibble_level_2="0" user_byte="0xFF"/>
      </content_descriptor>
      <generic_descriptor tag="0xC1">
        84
      </generic_descriptor>
      <generic_descriptor tag="0xC4">
        F2 02 10 0F FF EF 6A 70 6E 65 6E 67 46 7C 4B 5C
        38 6C 0D 31 51 38 6C
      </generic_descriptor>
      <generic_descriptor tag="0xC7">
        00 08 30 05 01 13 6A 70 6E 00 6A 70 6E 00
      </generic_descriptor>
      <generic_descriptor tag="0xD6">
        12 48 00 0E DD 48 01 0E DD
      </generic_descriptor>
    </event>
    <event event_id="0x0EDE" start_time="2020-04-05 19:30:00" duration="00:30:00" running_status="undefined" CA_mode="false">
      <short_event_descriptor language_code="jpn">
        <event_name>@..o&amp;#s..Mh.!*.GHMp..|....3X1`.K@xF~!*I4=C.N2&amp;.rM\@.!*!*..$;z\zV</event_name>
        <text>@.D9⅝¿̂Cf̨oi$*s̨;RĐ¿←̀ŧ72ÞC̨f@̇h@8LrB̨g?M«Ø&lt;mŒ5̨;Ħ;R0i=̆Qđ3X¬œIT??LLL\@̊8ELB̌`3X=hJ,!̧*!)3X1`|Ø⅝4iIi1NGHMpNF|!9KL)Ce!*</text>
      </short_event_descriptor>
      <extended_event_descriptor descriptor_number="0" last_descriptor_number="2" language_code="jpn">
        <text></text>
        <item>
          <description>HVAHFbMF</description>
          <name>?7G/EY1K\L\ŧ̌oi$*sß̨3X9;þđ×&gt;R2pœ@.D9??:̂GCf̨oi$*s̨;RĐ¿←̀ŧ72ÞC̨f@̇h@8LrB̨g?M«Ø&lt;mŒĦ;R0iŧ̆|Ø€―º7bB`K!^Gŧ@8n-k?aN"ifk’r3XVœGbØ€―ºŋ€̌¤̊KA4/;u,N)}¿«̊¿̂Œŧ&lt;mŒ̌;̇Q←4]8+¤3̇MJ*¢̧µ̂ŒF(²ØÞ¿Œŧ&lt;BA)7A&lt;0&lt;̨x6H⅞̧ð̊|¿÷¿</name>
        </item>
      </extended_event_descriptor>
      <extended_event_descriptor descriptor_number="1" last_descriptor_number="2" language_code="jpn">
        <text></text>
        <item>
          <description></description>
          <name>÷œ}µØI̧T??LLL\@̊8EL⅝̌µ«B̨`3X=hJ,!̧*!)3X1`|Ø⅝4iIi1NGHMpN&lt;x6HK@xF~!*2N!'MISIA</name>
        </item>
      </extended_event_descriptor>
      <extended_event_descriptor descriptor_number="2" last_descriptor_number="2" language_code="jpn">
        <text></text>
        <item>
          <description>=P1i&lt;T</description>
          <name>!Z8lŒ![OB5WEDKcM3;R!$N6EDD&gt;&lt;y!$K-Eh??@i;R!$;3ED9'G7!$?e@%€Œ̨</name>
        </item>
      </extended_event_descriptor>
      <component_descriptor stream_content="0x01" stream_content_ext="0x0F" component_type="0xB3" component_tag="0x00" language_code="jpn" text=""/>
      <content_descriptor>
        <content content_nibble_level_1="8" content_nibble_level_2="2" user_byte="0xFF"/>
        <content content_nibble_level_1="10" content_nibble_level_2="0" user_byte="0xFF"/>
      </content_descriptor>
      <generic_descriptor tag="0xC1">
        84
      </generic_descriptor>
      <generic_descriptor tag="0xC4">
        F2 03 10 0F FF 6F 6A 70 6E 46 7C 4B 5C 38 6C
      </generic_descriptor>
      <generic_descriptor tag="0xC4">
        F2 03 11 0F FF 2F 6A 70 6E 46 7C 4B 5C 38 6C 21
        4A 32 72 40 62 21 4B
      </generic_descriptor>
      <generic_descriptor tag="0xC7">
        00 08 30 05 01 13 6A 70 6E 00 6A 70 6E 00
      </generic_descriptor>
      <generic_descriptor tag="0xD6">
        12 48 00 0E DE 48 01 0E DE
      </generic_descriptor>
    </event>
  </EIT>
  <NIT version="13" current="true" network_id="0x7ED0" actual="true">
    <!-- PID 0x0010 (16), first TS packet: 4,240, last: 4,240 -->
    <network_name_descriptor network_name="=)ED#0"/>
    <generic_descriptor tag="0xFE">
      03 01
    </generic_descriptor>
    <transport_stream transport_stream_id="0x7ED0" original_network_id="0x7ED0" preferred_section="0">
      <service_list_descriptor>
        <service service_id="0x4800" service_type="0x01"/>
        <service service_id="0x4801" service_type="0x01"/>
        <service service_id="0x4980" service_type="0xC0"/>
        <service service_id="0xFFF0" service_type="0xA4"/>
      </service_list_descriptor>
      <generic_descriptor tag="0xFA">
        AC 6A 0D 1A 0D 44 0D 6E 0E 40 0E 94 0E BE 0E E8
        0F 12 0F 3C 0F 66 0F BA 10 B6 10 E0 11 0A 11 34
        11 5E 11 B2 11 DC 12 06 12 30 12 5A 12 84 12 AE
        13 2C 13 56
      </generic_descriptor>
      <generic_descriptor tag="0xFB">
        49 80
      </generic_descriptor>
      <generic_descriptor tag="0xCD">
        01 42 23 4E 23 48 23 4B 41 6D 39 67 21 26 3D 29
        45 44 0F 03 48 00 48 01 FF F0 AF 01 49 80
      </generic_descriptor>
    </transport_stream>
  </NIT>
  <EIT type="pf" version="19" current="true" actual="true" service_id="0x4801" transport_stream_id="0x7ED0" original_network_id="0x7ED0" last_table_id="0x4E">
    <!-- PID 0x0012 (18), first TS packet: 7,160, last: 7,198 -->
    <event event_id="0x0EDD" start_time="2020-04-05 19:00:00" duration="00:30:00" running_status="undefined" CA_mode="false">
      <short_event_descriptor language_code="jpn">
        <event_name>NHK.K.e..97..$;zZzV</event_name>
        <text>Lk7;~ŧß0lJb@hŧ0lJb?&lt;↓þ!!:#ŧ³̨Keø9đFO±¿€!!!Z|↑ª’¿ø![@D0f&lt;B!$!Zµ¬↑ª’¿ø![CSED?-;R!$0KF#3$I'!$!Z5$&gt;]↑ª’¿ø![CfB&lt;H~8x</text>
      </short_event_descriptor>
      <component_descriptor stream_content="0x01" stream_content_ext="0x0F" component_type="0xB3" component_tag="0x00" language_code="jpn" text=""/>
      <content_descriptor>
        <content content_nibble_level_1="0" content_nibble_level_2="0" user_byte="0xFF"/>
        <content content_nibble_level_1="0" content_nibble_level_2="1" user_byte="0xFF"/>
        <content content_nibble_level_1="1" content_nibble_level_2="0" user_byte="0xFF"/>
      </content_descriptor>
      <generic_descriptor tag="0xC1">
        84
      </generic_descriptor>
      <generic_descriptor tag="0xC4">
        F2 02 10 0F FF EF 6A 70 6E 65 6E 67 46 7C 4B 5C
        38 6C 0D 31 51 38 6C
      </generic_descriptor>
      <generic_descriptor tag="0xC7">
        00 08 30 05 01 13 6A 70 6E 00 6A 70 6E 00
      </generic_descriptor>
      <generic_descriptor tag="0xD6">
        11 48 00 0E DD
      </generic_descriptor>
    </event>
    <event event_id="0x0EDE" start_time="2020-04-05 19:30:00" duration="00:30:00" running_status="undefined" CA_mode="false">
      <short_event_descriptor language_code="jpn">
        <event_name>@..o&amp;#s..Mh.!*.GHMp..|....3X1`.K@xF~!*I4=C.N2&amp;.rM\@.!*!*..$;z\zV</event_name>
        <text>@.D9⅝¿̂Cf̨oi$*s̨;RĐ¿←̀ŧ72ÞC̨f@̇h@8LrB̨g?M«Ø&lt;mŒ5̨;Ħ;R0i=̆Qđ3X¬œIT??LLL\@̊8ELB̌`3X=hJ,!̧*!)3X1`|Ø⅝4iIi1NGHMpNF|!9KL)Ce!*</text>
      </short_event_descriptor>
      <component_descriptor stream_content="0x01" stream_content_ext="0x0F" component_type="0xB3" component_tag="0x00" language_code="jpn" text=""/>
      <content_descriptor>
        <content content_nibble_level_1="8" content_nibble_level_2="2" user_byte="0xFF"/>
        <content content_nibble_level_1="10" content_nibble_level_2="0" user_byte="0xFF"/>
      </content_descriptor>
      <generic_descriptor tag="0xC1">
        84
      </generic_descriptor>
      <generic_descriptor tag="0xC4">
        F2 03 10 0F FF 6F 6A 70 6E 46 7C 4B 5C 38 6C
      </generic_descriptor>
      <generic_descriptor tag="0xC4">
        F2 03 11 0F FF 2F 6A 70 6E 46 7C 4B 5C 38 6C 21
        4A 32 72 40 62 21 4B
      </generic_descriptor>
      <generic_descriptor tag="0xC7">
        00 08 30 05 01 13 6A 70 6E 00 6A 70 6E 00
      </generic_descriptor>
      <generic_descriptor tag="0xD6">
        11 48 00 0E DE
      </generic_descriptor>
    </event>
  </EIT>
  <PMT version="0" current="true" service_id="0xFFF0">
    <!-- PID 0x1CF0 (7408), first TS packet: 8,489, last: 8,489 -->
    <component elementary_PID="0x1C60" stream_type="0x0D">
      <stream_identifier_descriptor component_tag="0x60"/>
      <generic_descriptor tag="0xFD">
        00 09
      </generic_descriptor>
    </component>
    <component elementary_PID="0x1C61" stream_type="0x0D">
      <stream_identifier_descriptor component_tag="0x61"/>
      <generic_descriptor tag="0xFD">
        00 09
      </generic_descriptor>
    </component>
    <component elementary_PID="0x1C62" stream_type="0x0D">
      <stream_identifier_descriptor component_tag="0x62"/>
      <generic_descriptor tag="0xFD">
        00 09
      </generic_descriptor>
    </component>
    <component elementary_PID="0x1C63" stream_type="0x0D">
      <stream_identifier_descriptor component_tag="0x63"/>
      <generic_descriptor tag="0xFD">
        00 09
      </generic_descriptor>
    </component>
    <component elementary_PID="0x1C71" stream_type="0x0D">
      <stream_identifier_descriptor component_tag="0x71"/>
      <generic_descriptor tag="0xFD">
        00 09
      </generic_descriptor>
    </component>
    <component elementary_PID="0x1C72" stream_type="0x0D">
      <stream_identifier_descriptor component_tag="0x72"/>
      <generic_descriptor tag="0xFD">
        00 09
      </generic_descriptor>
    </component>
    <component elementary_PID="0x1C73" stream_type="0x0D">
      <stream_identifier_descriptor component_tag="0x73"/>
      <generic_descriptor tag="0xFD">
        00 09
      </generic_descriptor>
    </component>
    <component elementary_PID="0x1C74" stream_type="0x0D">
      <stream_identifier_descriptor component_tag="0x74"/>
      <generic_descriptor tag="0xFD">
        00 09
      </generic_descriptor>
    </component>
    <component elementary_PID="0x1C75" stream_type="0x0D">
      <stream_identifier_descriptor component_tag="0x75"/>
      <generic_descriptor tag="0xFD">
        00 09
      </generic_descriptor>
    </component>
    <component elementary_PID="0x1C76" stream_type="0x0D">
      <stream_identifier_descriptor component_tag="0x76"/>
      <generic_descriptor tag="0xFD">
        00 09
      </generic_descriptor>
    </component>
    <component elementary_PID="0x1C77" stream_type="0x0D">
      <stream_identifier_descriptor component_tag="0x77"/>
      <generic_descriptor tag="0xFD">
        00 09
      </generic_descriptor>
    </component>
    <component elementary_PID="0x1C78" stream_type="0x0D">
      <stream_identifier_descriptor component_tag="0x78"/>
      <generic_descriptor tag="0xFD">
        00 09
      </generic_descriptor>
    </component>
  </PMT>
  <SDT version="3" current="true" transport_stream_id="0x7ED0" original_network_id="0x7ED0" actual="true">
    <!-- PID 0x0011 (17), first TS packet: 18,978, last: 18,978 -->
    <service service_id="0x4800" EIT_schedule="true" EIT_present_following="true" CA_mode="false" running_status="undefined">
      <service_descriptor service_type="0x01" service_provider_name="" service_name="NHK.Am9g.1..=)ED"/>
      <generic_descriptor tag="0xC1">
        84
      </generic_descriptor>
      <generic_descriptor tag="0xCF">
        01 FE 00 F0 01 48 00
      </generic_descriptor>
    </service>
    <service service_id="0x4801" EIT_schedule="true" EIT_present_following="true" CA_mode="false" running_status="undefined">
      <service_descriptor service_type="0x01" service_provider_name="" service_name="NHK.Am9g.2..=)ED"/>
      <generic_descriptor tag="0xC1">
        84
      </generic_descriptor>
      <generic_descriptor tag="0xCF">
        02 FE 00
      </generic_descriptor>
    </service>
    <service service_id="0x4980" EIT_schedule="false" EIT_present_following="true" CA_mode="false" running_status="undefined">
      <service_descriptor service_type="0xC0" service_provider_name="" service_name="NHK.7HBS.G..=)ED"/>
      <generic_descriptor tag="0xC1">
        88
      </generic_descriptor>
      <generic_descriptor tag="0xCF">
        03 0E 4E 48 4B 0F 21 5D 0E 47
      </generic_descriptor>
    </service>
  </SDT>
  <CAT version="0" current="true">
    <!-- PID 0x0001 (1), first TS packet: 96,249, last: 96,249 -->
    <ISDB_access_control_descriptor CA_system_id="0x000E" transmission_type="7" PID="0x0900">
      <private_data>
        01
      </private_data>
    </ISDB_access_control_descriptor>
  </CAT>
</tsduck>
