<?xml version="1.0" encoding="UTF-8"?>
<tsduck>
  <PMT version="0" current="true" service_id="0x0000">
    <component_descriptor stream_content="0x01" stream_content_ext="0x0F" component_type="0x02" component_tag="0x00" language_code="fre" text=""/>
    <component_descriptor stream_content="0x09" stream_content_ext="0x01" component_type="0x02" component_tag="0x0F" language_code="eng" text="A string description"/>
    <AAC_descriptor profile_and_level="0x45" SAOC_DE="false"/>
    <AAC_descriptor profile_and_level="0x21" SAOC_DE="true" AAC_type="0x40">
      <additional_info>
        01 23 45 67 89
      </additional_info>
    </AAC_descriptor>
    <DTS_descriptor sample_rate_code="0x0D" bit_rate_code="0x08" nblks="0x10" fsize="0x1234" surround_mode="0x09" lfe="false" extended_surround="0x00"/>
    <DTS_descriptor sample_rate_code="0x0D" bit_rate_code="0x08" nblks="0x10" fsize="0x1234" surround_mode="0x09" lfe="true" extended_surround="0x02">
      <additional_info>
        78 96 54 12
      </additional_info>
    </DTS_descriptor>
    <cable_delivery_system_descriptor frequency="312,000,000" FEC_outer="RS" modulation="16-QAM" symbol_rate="27,450,000" FEC_inner="3/5"/>
    <cable_delivery_system_descriptor frequency="220,123,700" FEC_outer="none" modulation="64-QAM" symbol_rate="18,000,000" FEC_inner="3/4"/>
    <application_signalling_descriptor/>
    <application_signalling_descriptor>
      <application application_type="0x1234" AIT_version_number="0x0C"/>
      <application application_type="0x5678" AIT_version_number="0x1F"/>
    </application_signalling_descriptor>
    <teletext_descriptor>
      <teletext language_code="fra" teletext_type="0x05" page_number="888"/>
      <teletext language_code="fra" teletext_type="0x02" page_number="889"/>
    </teletext_descriptor>
    <teletext_descriptor/>
    <VBI_teletext_descriptor>
      <teletext language_code="fra" teletext_type="0x05" page_number="888"/>
      <teletext language_code="fra" teletext_type="0x02" page_number="889"/>
    </VBI_teletext_descriptor>
    <VBI_teletext_descriptor/>
  </PMT>
</tsduck>
