<?xml version="1.0" encoding="UTF-8"?>
<tsduck>
  <AIT version="0" current="true" test_application_flag="false" application_type="0x0001">
    <!-- PID 0x1EC5 (7877) -->
    <application control_code="0x02">
      <application_identifier organisation_id="0x0000000B" application_id="0x1AB5"/>
      <generic_descriptor tag="0x00">
        05 00 01 01 01 01 3F 3C 01
      </generic_descriptor>
      <application_name_descriptor>
        <language code="ita" application_name="Programmi TV BB SAT"/>
      </application_name_descriptor>
      <generic_descriptor tag="0x04">
        01 2F 00 69 74 2E 6D 65 64 69 61 73 65 74 2E 73
        63 68 65 64 75 6C 65 73 74 76 2E 50 6F 72 74 61
        6C 65 4C 69 67 68 74 58 6C 65 74
      </generic_descriptor>
      <generic_descriptor tag="0x03">
      </generic_descriptor>
      <generic_descriptor tag="0x02">
        00 03 01 30 68 74 74 70 3A 2F 2F 6D 68 70 2E 64
        67 74 76 2E 6D 65 64 69 61 73 65 74 2E 69 74 2F
        61 70 70 6C 2F 50 72 6F 67 72 61 6D 6D 69 54 76
        53 61 74 2F 01 12 50 72 6F 67 72 61 6D 6D 69 54
        76 53 61 74 2E 7A 69 70
      </generic_descriptor>
    </application>
  </AIT>
</tsduck>
