<?xml version="1.0" encoding="UTF-8"?>
<tsduck>
  <DSMCC_stream_descriptors_table version="0" current="true" table_id_extension="0x0001">
    <!-- PID 0x0194 (404) -->
    <stream_event_descriptor event_id="0x0001" event_NPT="0x0000000000000000">
      <private_text>Test Message 1</private_text>
    </stream_event_descriptor>
  </DSMCC_stream_descriptors_table>
  <DSMCC_stream_descriptors_table version="0" current="true" table_id_extension="0x0001">
    <!-- PID 0x0194 (404) -->
    <stream_event_descriptor event_id="0x0001" event_NPT="0x0000000000000000">
      <private_text>Test Message 1a</private_text>
    </stream_event_descriptor>
  </DSMCC_stream_descriptors_table>
  <DSMCC_stream_descriptors_table version="1" current="true" table_id_extension="0x0001">
    <!-- PID 0x0194 (404) -->
    <stream_event_descriptor event_id="0x0001" event_NPT="0x0000000000000000">
      <private_text>Test Message 2</private_text>
    </stream_event_descriptor>
  </DSMCC_stream_descriptors_table>
  <DSMCC_stream_descriptors_table version="2" current="true" table_id_extension="0x0001">
    <!-- PID 0x0194 (404) -->
    <stream_event_descriptor event_id="0x0001" event_NPT="0x0000000000000000">
      <private_text>Test Message 3</private_text>
    </stream_event_descriptor>
  </DSMCC_stream_descriptors_table>
</tsduck>
