<?xml version="1.0" encoding="UTF-8"?>
<tsduck>
  <EIT type="pf" version="6" current="true" actual="true" service_id="0x226A" transport_stream_id="0x0438" original_network_id="0x0001" segment_last_section_number="0x01" last_table_id="0x4E">
    <!-- PID 0x00C8 (200) -->
    <event event_id="0x7531" start_time="2017-08-23 11:00:00" duration="02:00:00" running_status="undefined" CA_mode="false" preferred_section="2">
      <short_event_descriptor language_code="fre">
        <event_name>LA NEWSROOM</event_name>
        <text>EN DIRECT.  TXT0.</text>
      </short_event_descriptor>
      <content_descriptor>
        <content content_nibble_level_1="9" content_nibble_level_2="1" user_byte="0x00"/>
        <content content_nibble_level_1="11" content_nibble_level_2="15" user_byte="0x00"/>
      </content_descriptor>
      <parental_rating_descriptor>
        <country country_code="FRA" rating="0x10"/>
      </parental_rating_descriptor>
    </event>
    <event event_id="0x7532" start_time="2017-08-23 13:00:00" duration="02:00:00" running_status="undefined" CA_mode="false" preferred_section="3">
      <short_event_descriptor language_code="fre">
        <event_name>LA NEWSROOM</event_name>
        <text>EN DIRECT.  TXT0.</text>
      </short_event_descriptor>
      <content_descriptor>
        <content content_nibble_level_1="9" content_nibble_level_2="1" user_byte="0x00"/>
        <content content_nibble_level_1="11" content_nibble_level_2="15" user_byte="0x00"/>
      </content_descriptor>
      <parental_rating_descriptor>
        <country country_code="FRA" rating="0x10"/>
      </parental_rating_descriptor>
    </event>
    <event event_id="0xB659" start_time="2017-08-23 12:39:00" duration="01:43:00" running_status="undefined" CA_mode="true" preferred_section="3">
      <short_event_descriptor language_code="fre">
        <event_name>LORIENT (L2) / LENS (L2)</event_name>
        <text>DIFFUSE EN HD.  Lorient (L2) / Lens (L2) Coupe de la Ligue. 2e tour.</text>
      </short_event_descriptor>
      <extended_event_descriptor descriptor_number="0" last_descriptor_number="0" language_code="fre">
        <text>DIFFUSE EN HD.  Lorient (L2) / Lens (L2) Coupe de la Ligue. 2e tour.</text>
      </extended_event_descriptor>
      <content_descriptor>
        <content content_nibble_level_1="2" content_nibble_level_2="1" user_byte="0x00"/>
        <content content_nibble_level_1="11" content_nibble_level_2="15" user_byte="0x00"/>
        <content content_nibble_level_1="11" content_nibble_level_2="15" user_byte="0x30"/>
      </content_descriptor>
      <parental_rating_descriptor>
        <country country_code="FRA" rating="0x10"/>
      </parental_rating_descriptor>
    </event>
    <event event_id="0xB6E5" start_time="2017-08-23 11:22:00" duration="01:17:00" running_status="undefined" CA_mode="true" preferred_section="1">
      <short_event_descriptor language_code="fre">
        <event_name>GANT D'OR 2017</event_name>
        <text>DIFFUSE EN HD.  Gant d'Or 2017. Finale. A Biarritz (Pyrénées-Atlantiques).</text>
      </short_event_descriptor>
      <parental_rating_descriptor>
        <country country_code="FRA" rating="0x10"/>
      </parental_rating_descriptor>
    </event>
  </EIT>
</tsduck>
