<?xml version="1.0" encoding="UTF-8"?>
<tsduck>
  <ATSC_EIT version="10" source_id="0x0003" protocol_version="0">
    <!-- PID 0x1D00 (7424) -->
    <event event_id="0x0027" start_time="2019-03-17 08:30:18" ETM_location="0x01" length_in_seconds="7,200">
      <title_text>
        <string language="eng" text="The Patty Duke Show: Still Rockin&apos; in Brooklyn Heights"/>
      </title_text>
      <ATSC_AC3_audio_stream_descriptor sample_rate_code="0x00" bsid="0x08" bit_rate_code="0x0A" surround_mode="0x00" bsmod="0x00" num_channels="0x02" full_svc="true" mainid="0x00" priority="0x03" language="eng"/>
    </event>
    <event event_id="0x0028" start_time="2019-03-17 10:30:18" ETM_location="0x01" length_in_seconds="1,800">
      <title_text>
        <string language="eng" text="Flipper"/>
      </title_text>
      <content_advisory_descriptor>
        <region rating_region="0x01">
          <dimension rating_dimension_j="0x00" rating_value="0x02"/>
          <rating_description>
            <string language="eng" text="TV-G"/>
          </rating_description>
        </region>
      </content_advisory_descriptor>
      <ATSC_AC3_audio_stream_descriptor sample_rate_code="0x00" bsid="0x08" bit_rate_code="0x0A" surround_mode="0x00" bsmod="0x00" num_channels="0x02" full_svc="true" mainid="0x00" priority="0x03" language="eng"/>
    </event>
    <event event_id="0x0029" start_time="2019-03-17 11:00:18" ETM_location="0x01" length_in_seconds="1,800">
      <title_text>
        <string language="eng" text="Paid Programming"/>
      </title_text>
      <content_advisory_descriptor>
        <region rating_region="0x01">
          <dimension rating_dimension_j="0x00" rating_value="0x04"/>
          <rating_description>
            <string language="eng" text="TV-14"/>
          </rating_description>
        </region>
        <region rating_region="0x02">
          <dimension rating_dimension_j="0x00" rating_value="0x04"/>
          <rating_description>
            <string language="eng" text="PG (Surv. parentale)"/>
          </rating_description>
        </region>
      </content_advisory_descriptor>
      <ATSC_AC3_audio_stream_descriptor sample_rate_code="0x00" bsid="0x08" bit_rate_code="0x0A" surround_mode="0x00" bsmod="0x00" num_channels="0x02" full_svc="true" mainid="0x00" priority="0x03" language="eng"/>
    </event>
    <event event_id="0x002A" start_time="2019-03-17 11:30:18" ETM_location="0x01" length_in_seconds="1,800">
      <title_text>
        <string language="eng" text="Dr Josh Axe &amp; Jordan Rubin Health Secrets Revealed -Multi Collagen Protein to support healthy skin, hair, nails, gut and joints"/>
      </title_text>
      <ATSC_AC3_audio_stream_descriptor sample_rate_code="0x00" bsid="0x08" bit_rate_code="0x0A" surround_mode="0x00" bsmod="0x00" num_channels="0x02" full_svc="true" mainid="0x00" priority="0x03" language="eng"/>
    </event>
  </ATSC_EIT>
  <ATSC_EIT version="10" source_id="0x0004" protocol_version="0">
    <!-- PID 0x1D00 (7424) -->
    <event event_id="0x003B" start_time="2019-03-17 09:00:18" ETM_location="0x00" length_in_seconds="3,600">
      <title_text>
        <string language="eng" text="Mega Builders"/>
      </title_text>
      <ATSC_AC3_audio_stream_descriptor sample_rate_code="0x00" bsid="0x08" bit_rate_code="0x0A" surround_mode="0x00" bsmod="0x00" num_channels="0x02" full_svc="true" mainid="0x00" priority="0x01" language="eng"/>
    </event>
    <event event_id="0x003C" start_time="2019-03-17 10:00:18" ETM_location="0x01" length_in_seconds="3,600">
      <title_text>
        <string language="eng" text="1000 Days For The Planet"/>
      </title_text>
      <content_advisory_descriptor>
        <region rating_region="0x02">
          <dimension rating_dimension_j="0x00" rating_value="0x04"/>
          <rating_description>
            <string language="eng" text="PG (Surv. parentale)"/>
          </rating_description>
        </region>
      </content_advisory_descriptor>
      <ATSC_AC3_audio_stream_descriptor sample_rate_code="0x00" bsid="0x08" bit_rate_code="0x0A" surround_mode="0x00" bsmod="0x00" num_channels="0x02" full_svc="true" mainid="0x00" priority="0x01" language="eng"/>
    </event>
    <event event_id="0x003D" start_time="2019-03-17 11:00:18" ETM_location="0x01" length_in_seconds="3,600">
      <title_text>
        <string language="eng" text="1000 Days for the Planet: Human Adventure"/>
      </title_text>
      <content_advisory_descriptor>
        <region rating_region="0x01">
          <dimension rating_dimension_j="0x00" rating_value="0x02"/>
          <rating_description>
            <string language="eng" text="TV-G"/>
          </rating_description>
        </region>
        <region rating_region="0x02">
          <dimension rating_dimension_j="0x00" rating_value="0x04"/>
          <rating_description>
            <string language="eng" text="PG (Surv. parentale)"/>
          </rating_description>
        </region>
      </content_advisory_descriptor>
      <ATSC_AC3_audio_stream_descriptor sample_rate_code="0x00" bsid="0x08" bit_rate_code="0x0A" surround_mode="0x00" bsmod="0x00" num_channels="0x02" full_svc="true" mainid="0x00" priority="0x01" language="eng"/>
    </event>
  </ATSC_EIT>
  <ATSC_EIT version="10" source_id="0x0001" protocol_version="0">
    <!-- PID 0x1D00 (7424) -->
    <event event_id="0x0001" start_time="2019-03-17 08:30:18" ETM_location="0x01" length_in_seconds="5,400">
      <title_text>
        <string language="spa" text="Mujeres de Medianoche"/>
      </title_text>
      <caption_service_descriptor>
        <service language="eng" digital_cc="false" line21_field="false" easy_reader="false" wide_aspect_ratio="false"/>
        <service language="eng" digital_cc="true" caption_service_number="0x01" easy_reader="false" wide_aspect_ratio="false"/>
      </caption_service_descriptor>
      <ATSC_AC3_audio_stream_descriptor sample_rate_code="0x00" bsid="0x08" bit_rate_code="0x0E" surround_mode="0x00" bsmod="0x00" num_channels="0x02" full_svc="true" mainid="0x00" priority="0x01" language="eng"/>
      <ATSC_AC3_audio_stream_descriptor sample_rate_code="0x00" bsid="0x08" bit_rate_code="0x0E" surround_mode="0x00" bsmod="0x00" num_channels="0x02" full_svc="true" mainid="0x01" priority="0x03" language="eng"/>
    </event>
    <event event_id="0x0002" start_time="2019-03-17 10:00:18" ETM_location="0x01" length_in_seconds="1,800">
      <title_text>
        <string language="spa" text="Programaci贸n pagada"/>
      </title_text>
      <caption_service_descriptor>
        <service language="eng" digital_cc="false" line21_field="false" easy_reader="false" wide_aspect_ratio="false"/>
        <service language="eng" digital_cc="true" caption_service_number="0x01" easy_reader="false" wide_aspect_ratio="false"/>
      </caption_service_descriptor>
      <ATSC_AC3_audio_stream_descriptor sample_rate_code="0x00" bsid="0x08" bit_rate_code="0x0E" surround_mode="0x00" bsmod="0x00" num_channels="0x02" full_svc="true" mainid="0x00" priority="0x01" language="eng"/>
      <ATSC_AC3_audio_stream_descriptor sample_rate_code="0x00" bsid="0x08" bit_rate_code="0x0E" surround_mode="0x00" bsmod="0x00" num_channels="0x02" full_svc="true" mainid="0x01" priority="0x03" language="eng"/>
    </event>
    <event event_id="0x0003" start_time="2019-03-17 10:30:18" ETM_location="0x01" length_in_seconds="1,800">
      <title_text>
        <string language="spa" text="Programaci贸n pagada"/>
      </title_text>
      <caption_service_descriptor>
        <service language="eng" digital_cc="false" line21_field="false" easy_reader="false" wide_aspect_ratio="false"/>
        <service language="eng" digital_cc="true" caption_service_number="0x01" easy_reader="false" wide_aspect_ratio="false"/>
      </caption_service_descriptor>
      <ATSC_AC3_audio_stream_descriptor sample_rate_code="0x00" bsid="0x08" bit_rate_code="0x0E" surround_mode="0x00" bsmod="0x00" num_channels="0x02" full_svc="true" mainid="0x00" priority="0x01" language="eng"/>
      <ATSC_AC3_audio_stream_descriptor sample_rate_code="0x00" bsid="0x08" bit_rate_code="0x0E" surround_mode="0x00" bsmod="0x00" num_channels="0x02" full_svc="true" mainid="0x01" priority="0x03" language="eng"/>
    </event>
    <event event_id="0x0004" start_time="2019-03-17 11:00:18" ETM_location="0x01" length_in_seconds="1,800">
      <title_text>
        <string language="spa" text="Programaci贸n pagada"/>
      </title_text>
      <caption_service_descriptor>
        <service language="eng" digital_cc="false" line21_field="false" easy_reader="false" wide_aspect_ratio="false"/>
        <service language="eng" digital_cc="true" caption_service_number="0x01" easy_reader="false" wide_aspect_ratio="false"/>
      </caption_service_descriptor>
      <ATSC_AC3_audio_stream_descriptor sample_rate_code="0x00" bsid="0x08" bit_rate_code="0x0E" surround_mode="0x00" bsmod="0x00" num_channels="0x02" full_svc="true" mainid="0x00" priority="0x01" language="eng"/>
      <ATSC_AC3_audio_stream_descriptor sample_rate_code="0x00" bsid="0x08" bit_rate_code="0x0E" surround_mode="0x00" bsmod="0x00" num_channels="0x02" full_svc="true" mainid="0x01" priority="0x03" language="eng"/>
    </event>
    <event event_id="0x0005" start_time="2019-03-17 11:30:18" ETM_location="0x01" length_in_seconds="1,800">
      <title_text>
        <string language="spa" text="Programaci贸n pagada"/>
      </title_text>
      <caption_service_descriptor>
        <service language="eng" digital_cc="false" line21_field="false" easy_reader="false" wide_aspect_ratio="false"/>
        <service language="eng" digital_cc="true" caption_service_number="0x01" easy_reader="false" wide_aspect_ratio="false"/>
      </caption_service_descriptor>
      <ATSC_AC3_audio_stream_descriptor sample_rate_code="0x00" bsid="0x08" bit_rate_code="0x0E" surround_mode="0x00" bsmod="0x00" num_channels="0x02" full_svc="true" mainid="0x00" priority="0x01" language="eng"/>
      <ATSC_AC3_audio_stream_descriptor sample_rate_code="0x00" bsid="0x08" bit_rate_code="0x0E" surround_mode="0x00" bsmod="0x00" num_channels="0x02" full_svc="true" mainid="0x01" priority="0x03" language="eng"/>
    </event>
  </ATSC_EIT>
  <ATSC_EIT version="10" source_id="0x0002" protocol_version="0">
    <!-- PID 0x1D00 (7424) -->
    <event event_id="0x0013" start_time="2019-03-17 09:00:18" ETM_location="0x01" length_in_seconds="1,800">
      <title_text>
        <string language="spa" text="Programaci贸n pagada"/>
      </title_text>
      <ATSC_AC3_audio_stream_descriptor sample_rate_code="0x00" bsid="0x08" bit_rate_code="0x0A" surround_mode="0x00" bsmod="0x00" num_channels="0x02" full_svc="true" mainid="0x00" priority="0x01" language="eng"/>
    </event>
    <event event_id="0x0014" start_time="2019-03-17 09:30:18" ETM_location="0x01" length_in_seconds="1,800">
      <title_text>
        <string language="spa" text="Programaci贸n pagada"/>
      </title_text>
      <ATSC_AC3_audio_stream_descriptor sample_rate_code="0x00" bsid="0x08" bit_rate_code="0x0A" surround_mode="0x00" bsmod="0x00" num_channels="0x02" full_svc="true" mainid="0x00" priority="0x01" language="eng"/>
    </event>
    <event event_id="0x0015" start_time="2019-03-17 10:00:18" ETM_location="0x01" length_in_seconds="1,800">
      <title_text>
        <string language="spa" text="Programaci贸n pagada"/>
      </title_text>
      <ATSC_AC3_audio_stream_descriptor sample_rate_code="0x00" bsid="0x08" bit_rate_code="0x0A" surround_mode="0x00" bsmod="0x00" num_channels="0x02" full_svc="true" mainid="0x00" priority="0x01" language="eng"/>
    </event>
    <event event_id="0x0016" start_time="2019-03-17 10:30:18" ETM_location="0x01" length_in_seconds="1,800">
      <title_text>
        <string language="spa" text="Programaci贸n pagada"/>
      </title_text>
      <ATSC_AC3_audio_stream_descriptor sample_rate_code="0x00" bsid="0x08" bit_rate_code="0x0A" surround_mode="0x00" bsmod="0x00" num_channels="0x02" full_svc="true" mainid="0x00" priority="0x01" language="eng"/>
    </event>
    <event event_id="0x0017" start_time="2019-03-17 11:00:18" ETM_location="0x01" length_in_seconds="1,800">
      <title_text>
        <string language="spa" text="Programaci贸n pagada"/>
      </title_text>
      <ATSC_AC3_audio_stream_descriptor sample_rate_code="0x00" bsid="0x08" bit_rate_code="0x0A" surround_mode="0x00" bsmod="0x00" num_channels="0x02" full_svc="true" mainid="0x00" priority="0x01" language="eng"/>
    </event>
    <event event_id="0x0018" start_time="2019-03-17 11:30:18" ETM_location="0x01" length_in_seconds="1,800">
      <title_text>
        <string language="spa" text="Programaci贸n pagada"/>
      </title_text>
      <ATSC_AC3_audio_stream_descriptor sample_rate_code="0x00" bsid="0x08" bit_rate_code="0x0A" surround_mode="0x00" bsmod="0x00" num_channels="0x02" full_svc="true" mainid="0x00" priority="0x01" language="eng"/>
    </event>
  </ATSC_EIT>
  <ATSC_EIT version="10" source_id="0x0001" protocol_version="0">
    <!-- PID 0x1D01 (7425) -->
    <event event_id="0x0006" start_time="2019-03-17 12:00:18" ETM_location="0x01" length_in_seconds="3,600">
      <title_text>
        <string language="spa" text="Programaci贸n pagada"/>
      </title_text>
      <caption_service_descriptor>
        <service language="eng" digital_cc="false" line21_field="false" easy_reader="false" wide_aspect_ratio="false"/>
        <service language="eng" digital_cc="true" caption_service_number="0x01" easy_reader="false" wide_aspect_ratio="false"/>
      </caption_service_descriptor>
      <ATSC_AC3_audio_stream_descriptor sample_rate_code="0x00" bsid="0x08" bit_rate_code="0x0E" surround_mode="0x00" bsmod="0x00" num_channels="0x02" full_svc="true" mainid="0x00" priority="0x01" language="eng"/>
      <ATSC_AC3_audio_stream_descriptor sample_rate_code="0x00" bsid="0x08" bit_rate_code="0x0E" surround_mode="0x00" bsmod="0x00" num_channels="0x02" full_svc="true" mainid="0x01" priority="0x03" language="eng"/>
    </event>
    <event event_id="0x0007" start_time="2019-03-17 13:00:18" ETM_location="0x01" length_in_seconds="1,800">
      <title_text>
        <string language="spa" text="Programaci贸n pagada"/>
      </title_text>
      <caption_service_descriptor>
        <service language="eng" digital_cc="false" line21_field="false" easy_reader="false" wide_aspect_ratio="false"/>
        <service language="eng" digital_cc="true" caption_service_number="0x01" easy_reader="false" wide_aspect_ratio="false"/>
      </caption_service_descriptor>
      <ATSC_AC3_audio_stream_descriptor sample_rate_code="0x00" bsid="0x08" bit_rate_code="0x0E" surround_mode="0x00" bsmod="0x00" num_channels="0x02" full_svc="true" mainid="0x00" priority="0x01" language="eng"/>
      <ATSC_AC3_audio_stream_descriptor sample_rate_code="0x00" bsid="0x08" bit_rate_code="0x0E" surround_mode="0x00" bsmod="0x00" num_channels="0x02" full_svc="true" mainid="0x01" priority="0x03" language="eng"/>
    </event>
    <event event_id="0x0008" start_time="2019-03-17 13:30:18" ETM_location="0x01" length_in_seconds="1,800">
      <title_text>
        <string language="spa" text="Programaci贸n pagada"/>
      </title_text>
      <caption_service_descriptor>
        <service language="eng" digital_cc="false" line21_field="false" easy_reader="false" wide_aspect_ratio="false"/>
        <service language="eng" digital_cc="true" caption_service_number="0x01" easy_reader="false" wide_aspect_ratio="false"/>
      </caption_service_descriptor>
      <ATSC_AC3_audio_stream_descriptor sample_rate_code="0x00" bsid="0x08" bit_rate_code="0x0E" surround_mode="0x00" bsmod="0x00" num_channels="0x02" full_svc="true" mainid="0x00" priority="0x01" language="eng"/>
      <ATSC_AC3_audio_stream_descriptor sample_rate_code="0x00" bsid="0x08" bit_rate_code="0x0E" surround_mode="0x00" bsmod="0x00" num_channels="0x02" full_svc="true" mainid="0x01" priority="0x03" language="eng"/>
    </event>
    <event event_id="0x0009" start_time="2019-03-17 14:00:18" ETM_location="0x01" length_in_seconds="1,800">
      <title_text>
        <string language="spa" text="Programaci贸n pagada"/>
      </title_text>
      <caption_service_descriptor>
        <service language="eng" digital_cc="false" line21_field="false" easy_reader="false" wide_aspect_ratio="false"/>
        <service language="eng" digital_cc="true" caption_service_number="0x01" easy_reader="false" wide_aspect_ratio="false"/>
      </caption_service_descriptor>
      <ATSC_AC3_audio_stream_descriptor sample_rate_code="0x00" bsid="0x08" bit_rate_code="0x0E" surround_mode="0x00" bsmod="0x00" num_channels="0x02" full_svc="true" mainid="0x00" priority="0x01" language="eng"/>
      <ATSC_AC3_audio_stream_descriptor sample_rate_code="0x00" bsid="0x08" bit_rate_code="0x0E" surround_mode="0x00" bsmod="0x00" num_channels="0x02" full_svc="true" mainid="0x01" priority="0x03" language="eng"/>
    </event>
    <event event_id="0x000A" start_time="2019-03-17 14:30:18" ETM_location="0x01" length_in_seconds="1,800">
      <title_text>
        <string language="spa" text="Programaci贸n pagada"/>
      </title_text>
      <caption_service_descriptor>
        <service language="eng" digital_cc="false" line21_field="false" easy_reader="false" wide_aspect_ratio="false"/>
        <service language="eng" digital_cc="true" caption_service_number="0x01" easy_reader="false" wide_aspect_ratio="false"/>
      </caption_service_descriptor>
      <ATSC_AC3_audio_stream_descriptor sample_rate_code="0x00" bsid="0x08" bit_rate_code="0x0E" surround_mode="0x00" bsmod="0x00" num_channels="0x02" full_svc="true" mainid="0x00" priority="0x01" language="eng"/>
      <ATSC_AC3_audio_stream_descriptor sample_rate_code="0x00" bsid="0x08" bit_rate_code="0x0E" surround_mode="0x00" bsmod="0x00" num_channels="0x02" full_svc="true" mainid="0x01" priority="0x03" language="eng"/>
    </event>
  </ATSC_EIT>
  <ATSC_EIT version="10" source_id="0x0003" protocol_version="0">
    <!-- PID 0x1D01 (7425) -->
    <event event_id="0x002B" start_time="2019-03-17 12:00:18" ETM_location="0x01" length_in_seconds="1,800">
      <title_text>
        <string language="eng" text="Paid Programming"/>
      </title_text>
      <content_advisory_descriptor>
        <region rating_region="0x01">
          <dimension rating_dimension_j="0x00" rating_value="0x04"/>
          <rating_description>
            <string language="eng" text="TV-14"/>
          </rating_description>
        </region>
        <region rating_region="0x02">
          <dimension rating_dimension_j="0x00" rating_value="0x04"/>
          <rating_description>
            <string language="eng" text="PG (Surv. parentale)"/>
          </rating_description>
        </region>
      </content_advisory_descriptor>
      <ATSC_AC3_audio_stream_descriptor sample_rate_code="0x00" bsid="0x08" bit_rate_code="0x0A" surround_mode="0x00" bsmod="0x00" num_channels="0x02" full_svc="true" mainid="0x00" priority="0x03" language="eng"/>
    </event>
    <event event_id="0x002C" start_time="2019-03-17 12:30:18" ETM_location="0x01" length_in_seconds="1,800">
      <title_text>
        <string language="eng" text="Paid Programming"/>
      </title_text>
      <content_advisory_descriptor>
        <region rating_region="0x01">
          <dimension rating_dimension_j="0x00" rating_value="0x04"/>
          <rating_description>
            <string language="eng" text="TV-14"/>
          </rating_description>
        </region>
        <region rating_region="0x02">
          <dimension rating_dimension_j="0x00" rating_value="0x04"/>
          <rating_description>
            <string language="eng" text="PG (Surv. parentale)"/>
          </rating_description>
        </region>
      </content_advisory_descriptor>
      <ATSC_AC3_audio_stream_descriptor sample_rate_code="0x00" bsid="0x08" bit_rate_code="0x0A" surround_mode="0x00" bsmod="0x00" num_channels="0x02" full_svc="true" mainid="0x00" priority="0x03" language="eng"/>
    </event>
    <event event_id="0x002D" start_time="2019-03-17 13:00:18" ETM_location="0x01" length_in_seconds="1,800">
      <title_text>
        <string language="eng" text="Paid Programming"/>
      </title_text>
      <content_advisory_descriptor>
        <region rating_region="0x01">
          <dimension rating_dimension_j="0x00" rating_value="0x04"/>
          <rating_description>
            <string language="eng" text="TV-14"/>
          </rating_description>
        </region>
        <region rating_region="0x02">
          <dimension rating_dimension_j="0x00" rating_value="0x04"/>
          <rating_description>
            <string language="eng" text="PG (Surv. parentale)"/>
          </rating_description>
        </region>
      </content_advisory_descriptor>
      <ATSC_AC3_audio_stream_descriptor sample_rate_code="0x00" bsid="0x08" bit_rate_code="0x0A" surround_mode="0x00" bsmod="0x00" num_channels="0x02" full_svc="true" mainid="0x00" priority="0x03" language="eng"/>
    </event>
    <event event_id="0x002E" start_time="2019-03-17 13:30:18" ETM_location="0x01" length_in_seconds="1,800">
      <title_text>
        <string language="eng" text="Paid Programming"/>
      </title_text>
      <content_advisory_descriptor>
        <region rating_region="0x01">
          <dimension rating_dimension_j="0x00" rating_value="0x04"/>
          <rating_description>
            <string language="eng" text="TV-14"/>
          </rating_description>
        </region>
        <region rating_region="0x02">
          <dimension rating_dimension_j="0x00" rating_value="0x04"/>
          <rating_description>
            <string language="eng" text="PG (Surv. parentale)"/>
          </rating_description>
        </region>
      </content_advisory_descriptor>
      <ATSC_AC3_audio_stream_descriptor sample_rate_code="0x00" bsid="0x08" bit_rate_code="0x0A" surround_mode="0x00" bsmod="0x00" num_channels="0x02" full_svc="true" mainid="0x00" priority="0x03" language="eng"/>
    </event>
    <event event_id="0x002F" start_time="2019-03-17 14:00:18" ETM_location="0x01" length_in_seconds="1,800">
      <title_text>
        <string language="eng" text="Wimzie&apos;s House"/>
      </title_text>
      <content_advisory_descriptor>
        <region rating_region="0x01">
          <dimension rating_dimension_j="0x05" rating_value="0x01"/>
          <rating_description>
            <string language="eng" text="TV-Y"/>
          </rating_description>
        </region>
      </content_advisory_descriptor>
      <ATSC_AC3_audio_stream_descriptor sample_rate_code="0x00" bsid="0x08" bit_rate_code="0x0A" surround_mode="0x00" bsmod="0x00" num_channels="0x02" full_svc="true" mainid="0x00" priority="0x03" language="eng"/>
    </event>
    <event event_id="0x0030" start_time="2019-03-17 14:30:18" ETM_location="0x01" length_in_seconds="1,800">
      <title_text>
        <string language="eng" text="The Country Mouse and the City Mouse Adventures"/>
      </title_text>
      <content_advisory_descriptor>
        <region rating_region="0x01">
          <dimension rating_dimension_j="0x05" rating_value="0x01"/>
          <rating_description>
            <string language="eng" text="TV-Y"/>
          </rating_description>
        </region>
      </content_advisory_descriptor>
      <ATSC_AC3_audio_stream_descriptor sample_rate_code="0x00" bsid="0x08" bit_rate_code="0x0A" surround_mode="0x00" bsmod="0x00" num_channels="0x02" full_svc="true" mainid="0x00" priority="0x03" language="eng"/>
    </event>
  </ATSC_EIT>
  <ATSC_EIT version="10" source_id="0x0002" protocol_version="0">
    <!-- PID 0x1D01 (7425) -->
    <event event_id="0x0019" start_time="2019-03-17 12:00:18" ETM_location="0x01" length_in_seconds="1,800">
      <title_text>
        <string language="spa" text="Programaci贸n pagada"/>
      </title_text>
      <ATSC_AC3_audio_stream_descriptor sample_rate_code="0x00" bsid="0x08" bit_rate_code="0x0A" surround_mode="0x00" bsmod="0x00" num_channels="0x02" full_svc="true" mainid="0x00" priority="0x01" language="eng"/>
    </event>
    <event event_id="0x001A" start_time="2019-03-17 12:30:18" ETM_location="0x01" length_in_seconds="1,800">
      <title_text>
        <string language="spa" text="Programaci贸n pagada"/>
      </title_text>
      <ATSC_AC3_audio_stream_descriptor sample_rate_code="0x00" bsid="0x08" bit_rate_code="0x0A" surround_mode="0x00" bsmod="0x00" num_channels="0x02" full_svc="true" mainid="0x00" priority="0x01" language="eng"/>
    </event>
    <event event_id="0x001B" start_time="2019-03-17 13:00:18" ETM_location="0x01" length_in_seconds="1,800">
      <title_text>
        <string language="eng" text="Dra. Ana Mar铆a Polo - Secretos De Salud"/>
      </title_text>
      <ATSC_AC3_audio_stream_descriptor sample_rate_code="0x00" bsid="0x08" bit_rate_code="0x0A" surround_mode="0x00" bsmod="0x00" num_channels="0x02" full_svc="true" mainid="0x00" priority="0x01" language="eng"/>
    </event>
    <event event_id="0x001C" start_time="2019-03-17 13:30:18" ETM_location="0x01" length_in_seconds="1,800">
      <title_text>
        <string language="spa" text="Programaci贸n pagada"/>
      </title_text>
      <ATSC_AC3_audio_stream_descriptor sample_rate_code="0x00" bsid="0x08" bit_rate_code="0x0A" surround_mode="0x00" bsmod="0x00" num_channels="0x02" full_svc="true" mainid="0x00" priority="0x01" language="eng"/>
    </event>
    <event event_id="0x001D" start_time="2019-03-17 14:00:18" ETM_location="0x01" length_in_seconds="1,800">
      <title_text>
        <string language="spa" text="Programaci贸n pagada"/>
      </title_text>
      <ATSC_AC3_audio_stream_descriptor sample_rate_code="0x00" bsid="0x08" bit_rate_code="0x0A" surround_mode="0x00" bsmod="0x00" num_channels="0x02" full_svc="true" mainid="0x00" priority="0x01" language="eng"/>
    </event>
    <event event_id="0x001E" start_time="2019-03-17 14:30:18" ETM_location="0x01" length_in_seconds="1,800">
      <title_text>
        <string language="eng" text="Convierte tu mesa de interior en una aut茅ntica estaci贸n de parrillas! Prueba el incre铆ble Power Smokeless Grill hoy!"/>
      </title_text>
      <ATSC_AC3_audio_stream_descriptor sample_rate_code="0x00" bsid="0x08" bit_rate_code="0x0A" surround_mode="0x00" bsmod="0x00" num_channels="0x02" full_svc="true" mainid="0x00" priority="0x01" language="eng"/>
    </event>
  </ATSC_EIT>
  <ATSC_EIT version="10" source_id="0x0004" protocol_version="0">
    <!-- PID 0x1D01 (7425) -->
    <event event_id="0x003E" start_time="2019-03-17 12:00:18" ETM_location="0x01" length_in_seconds="3,600">
      <title_text>
        <string language="eng" text="1000 Days for the Planet: Human Adventure"/>
      </title_text>
      <content_advisory_descriptor>
        <region rating_region="0x01">
          <dimension rating_dimension_j="0x00" rating_value="0x02"/>
          <rating_description>
            <string language="eng" text="TV-G"/>
          </rating_description>
        </region>
        <region rating_region="0x02">
          <dimension rating_dimension_j="0x00" rating_value="0x04"/>
          <rating_description>
            <string language="eng" text="PG (Surv. parentale)"/>
          </rating_description>
        </region>
      </content_advisory_descriptor>
      <ATSC_AC3_audio_stream_descriptor sample_rate_code="0x00" bsid="0x08" bit_rate_code="0x0A" surround_mode="0x00" bsmod="0x00" num_channels="0x02" full_svc="true" mainid="0x00" priority="0x01" language="eng"/>
    </event>
    <event event_id="0x003F" start_time="2019-03-17 13:00:18" ETM_location="0x01" length_in_seconds="3,600">
      <title_text>
        <string language="eng" text="Swamp Loggers"/>
      </title_text>
      <content_advisory_descriptor>
        <region rating_region="0x01">
          <dimension rating_dimension_j="0x00" rating_value="0x03"/>
          <dimension rating_dimension_j="0x02" rating_value="0x01"/>
          <rating_description>
            <string language="eng" text="TV-PG-L"/>
          </rating_description>
        </region>
      </content_advisory_descriptor>
      <ATSC_AC3_audio_stream_descriptor sample_rate_code="0x00" bsid="0x08" bit_rate_code="0x0A" surround_mode="0x00" bsmod="0x00" num_channels="0x02" full_svc="true" mainid="0x00" priority="0x01" language="eng"/>
    </event>
    <event event_id="0x0040" start_time="2019-03-17 14:00:18" ETM_location="0x01" length_in_seconds="3,600">
      <title_text>
        <string language="eng" text="Swamp Loggers"/>
      </title_text>
      <content_advisory_descriptor>
        <region rating_region="0x01">
          <dimension rating_dimension_j="0x00" rating_value="0x03"/>
          <dimension rating_dimension_j="0x02" rating_value="0x01"/>
          <rating_description>
            <string language="eng" text="TV-PG-L"/>
          </rating_description>
        </region>
      </content_advisory_descriptor>
      <ATSC_AC3_audio_stream_descriptor sample_rate_code="0x00" bsid="0x08" bit_rate_code="0x0A" surround_mode="0x00" bsmod="0x00" num_channels="0x02" full_svc="true" mainid="0x00" priority="0x01" language="eng"/>
    </event>
  </ATSC_EIT>
  <ATSC_EIT version="10" source_id="0x0001" protocol_version="0">
    <!-- PID 0x1D03 (7427) -->
    <event event_id="0x000E" start_time="2019-03-17 16:25:18" ETM_location="0x01" length_in_seconds="7,500">
      <title_text>
        <string language="spa" text="F煤tbol: Premier League"/>
      </title_text>
      <caption_service_descriptor>
        <service language="eng" digital_cc="false" line21_field="false" easy_reader="false" wide_aspect_ratio="false"/>
        <service language="eng" digital_cc="true" caption_service_number="0x01" easy_reader="false" wide_aspect_ratio="false"/>
      </caption_service_descriptor>
      <ATSC_AC3_audio_stream_descriptor sample_rate_code="0x00" bsid="0x08" bit_rate_code="0x0E" surround_mode="0x00" bsmod="0x00" num_channels="0x02" full_svc="true" mainid="0x00" priority="0x01" language="eng"/>
      <ATSC_AC3_audio_stream_descriptor sample_rate_code="0x00" bsid="0x08" bit_rate_code="0x0E" surround_mode="0x00" bsmod="0x00" num_channels="0x02" full_svc="true" mainid="0x01" priority="0x03" language="eng"/>
    </event>
    <event event_id="0x000F" start_time="2019-03-17 18:30:18" ETM_location="0x01" length_in_seconds="3,600">
      <title_text>
        <string language="spa" text="La liga premier tercer tiempo"/>
      </title_text>
      <caption_service_descriptor>
        <service language="eng" digital_cc="false" line21_field="false" easy_reader="false" wide_aspect_ratio="false"/>
        <service language="eng" digital_cc="true" caption_service_number="0x01" easy_reader="false" wide_aspect_ratio="false"/>
      </caption_service_descriptor>
      <ATSC_AC3_audio_stream_descriptor sample_rate_code="0x00" bsid="0x08" bit_rate_code="0x0E" surround_mode="0x00" bsmod="0x00" num_channels="0x02" full_svc="true" mainid="0x00" priority="0x01" language="eng"/>
      <ATSC_AC3_audio_stream_descriptor sample_rate_code="0x00" bsid="0x08" bit_rate_code="0x0E" surround_mode="0x00" bsmod="0x00" num_channels="0x02" full_svc="true" mainid="0x01" priority="0x03" language="eng"/>
    </event>
    <event event_id="0x0010" start_time="2019-03-17 19:30:18" ETM_location="0x01" length_in_seconds="1,800">
      <title_text>
        <string language="spa" text="Programaci贸n pagada"/>
      </title_text>
      <caption_service_descriptor>
        <service language="eng" digital_cc="false" line21_field="false" easy_reader="false" wide_aspect_ratio="false"/>
        <service language="eng" digital_cc="true" caption_service_number="0x01" easy_reader="false" wide_aspect_ratio="false"/>
      </caption_service_descriptor>
      <ATSC_AC3_audio_stream_descriptor sample_rate_code="0x00" bsid="0x08" bit_rate_code="0x0E" surround_mode="0x00" bsmod="0x00" num_channels="0x02" full_svc="true" mainid="0x00" priority="0x01" language="eng"/>
      <ATSC_AC3_audio_stream_descriptor sample_rate_code="0x00" bsid="0x08" bit_rate_code="0x0E" surround_mode="0x00" bsmod="0x00" num_channels="0x02" full_svc="true" mainid="0x01" priority="0x03" language="eng"/>
    </event>
    <event event_id="0x0011" start_time="2019-03-17 20:00:18" ETM_location="0x01" length_in_seconds="1,800">
      <title_text>
        <string language="spa" text="Megadesastres"/>
      </title_text>
      <caption_service_descriptor>
        <service language="eng" digital_cc="false" line21_field="false" easy_reader="false" wide_aspect_ratio="false"/>
        <service language="eng" digital_cc="true" caption_service_number="0x01" easy_reader="false" wide_aspect_ratio="false"/>
      </caption_service_descriptor>
      <ATSC_AC3_audio_stream_descriptor sample_rate_code="0x00" bsid="0x08" bit_rate_code="0x0E" surround_mode="0x00" bsmod="0x00" num_channels="0x02" full_svc="true" mainid="0x00" priority="0x01" language="eng"/>
      <ATSC_AC3_audio_stream_descriptor sample_rate_code="0x00" bsid="0x08" bit_rate_code="0x0E" surround_mode="0x00" bsmod="0x00" num_channels="0x02" full_svc="true" mainid="0x01" priority="0x03" language="eng"/>
    </event>
    <event event_id="0x0012" start_time="2019-03-17 20:30:18" ETM_location="0x01" length_in_seconds="9,000">
      <title_text>
        <string language="spa" text="Babel"/>
      </title_text>
      <caption_service_descriptor>
        <service language="eng" digital_cc="false" line21_field="false" easy_reader="false" wide_aspect_ratio="false"/>
        <service language="eng" digital_cc="true" caption_service_number="0x01" easy_reader="false" wide_aspect_ratio="false"/>
      </caption_service_descriptor>
      <content_advisory_descriptor>
        <region rating_region="0x01">
          <dimension rating_dimension_j="0x07" rating_value="0x05"/>
          <rating_description>
            <string language="eng" text="MPAA-R"/>
          </rating_description>
        </region>
      </content_advisory_descriptor>
      <ATSC_AC3_audio_stream_descriptor sample_rate_code="0x00" bsid="0x08" bit_rate_code="0x0E" surround_mode="0x00" bsmod="0x00" num_channels="0x02" full_svc="true" mainid="0x00" priority="0x01" language="eng"/>
      <ATSC_AC3_audio_stream_descriptor sample_rate_code="0x00" bsid="0x08" bit_rate_code="0x0E" surround_mode="0x00" bsmod="0x00" num_channels="0x02" full_svc="true" mainid="0x01" priority="0x03" language="eng"/>
    </event>
  </ATSC_EIT>
  <ATSC_EIT version="10" source_id="0x0003" protocol_version="0">
    <!-- PID 0x1D03 (7427) -->
    <event event_id="0x0037" start_time="2019-03-17 18:00:18" ETM_location="0x01" length_in_seconds="1,800">
      <title_text>
        <string language="eng" text="All Dogs Go to Heaven"/>
      </title_text>
      <content_advisory_descriptor>
        <region rating_region="0x01">
          <dimension rating_dimension_j="0x05" rating_value="0x01"/>
          <rating_description>
            <string language="eng" text="TV-Y"/>
          </rating_description>
        </region>
      </content_advisory_descriptor>
      <ATSC_AC3_audio_stream_descriptor sample_rate_code="0x00" bsid="0x08" bit_rate_code="0x0A" surround_mode="0x00" bsmod="0x00" num_channels="0x02" full_svc="true" mainid="0x00" priority="0x03" language="eng"/>
    </event>
    <event event_id="0x0038" start_time="2019-03-17 18:30:18" ETM_location="0x01" length_in_seconds="1,800">
      <title_text>
        <string language="eng" text="All Dogs Go to Heaven"/>
      </title_text>
      <content_advisory_descriptor>
        <region rating_region="0x01">
          <dimension rating_dimension_j="0x05" rating_value="0x01"/>
          <rating_description>
            <string language="eng" text="TV-Y"/>
          </rating_description>
        </region>
      </content_advisory_descriptor>
      <ATSC_AC3_audio_stream_descriptor sample_rate_code="0x00" bsid="0x08" bit_rate_code="0x0A" surround_mode="0x00" bsmod="0x00" num_channels="0x02" full_svc="true" mainid="0x00" priority="0x03" language="eng"/>
    </event>
    <event event_id="0x0039" start_time="2019-03-17 19:00:18" ETM_location="0x01" length_in_seconds="3,600">
      <title_text>
        <string language="eng" text="Flipper"/>
      </title_text>
      <ATSC_AC3_audio_stream_descriptor sample_rate_code="0x00" bsid="0x08" bit_rate_code="0x0A" surround_mode="0x00" bsmod="0x00" num_channels="0x02" full_svc="true" mainid="0x00" priority="0x03" language="eng"/>
    </event>
    <event event_id="0x003A" start_time="2019-03-17 20:00:18" ETM_location="0x00" length_in_seconds="3,600">
      <title_text>
        <string language="eng" text="Flipper"/>
      </title_text>
      <ATSC_AC3_audio_stream_descriptor sample_rate_code="0x00" bsid="0x08" bit_rate_code="0x0A" surround_mode="0x00" bsmod="0x00" num_channels="0x02" full_svc="true" mainid="0x00" priority="0x03" language="eng"/>
    </event>
  </ATSC_EIT>
  <ATSC_EIT version="10" source_id="0x0002" protocol_version="0">
    <!-- PID 0x1D03 (7427) -->
    <event event_id="0x0025" start_time="2019-03-17 18:00:18" ETM_location="0x01" length_in_seconds="9,000">
      <title_text>
        <string language="spa" text="Double Team"/>
      </title_text>
      <content_advisory_descriptor>
        <region rating_region="0x01">
          <dimension rating_dimension_j="0x07" rating_value="0x05"/>
          <rating_description>
            <string language="eng" text="MPAA-R"/>
          </rating_description>
        </region>
      </content_advisory_descriptor>
      <ATSC_AC3_audio_stream_descriptor sample_rate_code="0x00" bsid="0x08" bit_rate_code="0x0A" surround_mode="0x00" bsmod="0x00" num_channels="0x02" full_svc="true" mainid="0x00" priority="0x01" language="eng"/>
    </event>
    <event event_id="0x0026" start_time="2019-03-17 20:30:18" ETM_location="0x01" length_in_seconds="9,000">
      <title_text>
        <string language="spa" text="The Contractor"/>
      </title_text>
      <content_advisory_descriptor>
        <region rating_region="0x01">
          <dimension rating_dimension_j="0x07" rating_value="0x05"/>
          <rating_description>
            <string language="eng" text="MPAA-R"/>
          </rating_description>
        </region>
      </content_advisory_descriptor>
      <ATSC_AC3_audio_stream_descriptor sample_rate_code="0x00" bsid="0x08" bit_rate_code="0x0A" surround_mode="0x00" bsmod="0x00" num_channels="0x02" full_svc="true" mainid="0x00" priority="0x01" language="eng"/>
    </event>
  </ATSC_EIT>
  <ATSC_EIT version="10" source_id="0x0002" protocol_version="0">
    <!-- PID 0x1D02 (7426) -->
    <event event_id="0x001F" start_time="2019-03-17 15:00:18" ETM_location="0x01" length_in_seconds="1,800">
      <title_text>
        <string language="spa" text="Programaci贸n pagada"/>
      </title_text>
      <ATSC_AC3_audio_stream_descriptor sample_rate_code="0x00" bsid="0x08" bit_rate_code="0x0A" surround_mode="0x00" bsmod="0x00" num_channels="0x02" full_svc="true" mainid="0x00" priority="0x01" language="eng"/>
    </event>
    <event event_id="0x0020" start_time="2019-03-17 15:30:18" ETM_location="0x01" length_in_seconds="1,800">
      <title_text>
        <string language="spa" text="Programaci贸n pagada"/>
      </title_text>
      <ATSC_AC3_audio_stream_descriptor sample_rate_code="0x00" bsid="0x08" bit_rate_code="0x0A" surround_mode="0x00" bsmod="0x00" num_channels="0x02" full_svc="true" mainid="0x00" priority="0x01" language="eng"/>
    </event>
    <event event_id="0x0021" start_time="2019-03-17 16:00:18" ETM_location="0x01" length_in_seconds="1,800">
      <title_text>
        <string language="spa" text="She-Ra"/>
      </title_text>
      <content_advisory_descriptor>
        <region rating_region="0x01">
          <dimension rating_dimension_j="0x05" rating_value="0x02"/>
          <rating_description>
            <string language="eng" text="TV-Y7"/>
          </rating_description>
        </region>
      </content_advisory_descriptor>
      <ATSC_AC3_audio_stream_descriptor sample_rate_code="0x00" bsid="0x08" bit_rate_code="0x0A" surround_mode="0x00" bsmod="0x00" num_channels="0x02" full_svc="true" mainid="0x00" priority="0x01" language="eng"/>
    </event>
    <event event_id="0x0022" start_time="2019-03-17 16:30:18" ETM_location="0x01" length_in_seconds="1,800">
      <title_text>
        <string language="spa" text="She-Ra"/>
      </title_text>
      <content_advisory_descriptor>
        <region rating_region="0x01">
          <dimension rating_dimension_j="0x05" rating_value="0x02"/>
          <rating_description>
            <string language="eng" text="TV-Y7"/>
          </rating_description>
        </region>
      </content_advisory_descriptor>
      <ATSC_AC3_audio_stream_descriptor sample_rate_code="0x00" bsid="0x08" bit_rate_code="0x0A" surround_mode="0x00" bsmod="0x00" num_channels="0x02" full_svc="true" mainid="0x00" priority="0x01" language="eng"/>
    </event>
    <event event_id="0x0023" start_time="2019-03-17 17:00:18" ETM_location="0x01" length_in_seconds="1,800">
      <title_text>
        <string language="spa" text="He-Man"/>
      </title_text>
      <ATSC_AC3_audio_stream_descriptor sample_rate_code="0x00" bsid="0x08" bit_rate_code="0x0A" surround_mode="0x00" bsmod="0x00" num_channels="0x02" full_svc="true" mainid="0x00" priority="0x01" language="eng"/>
    </event>
    <event event_id="0x0024" start_time="2019-03-17 17:30:18" ETM_location="0x01" length_in_seconds="1,800">
      <title_text>
        <string language="spa" text="He-Man"/>
      </title_text>
      <ATSC_AC3_audio_stream_descriptor sample_rate_code="0x00" bsid="0x08" bit_rate_code="0x0A" surround_mode="0x00" bsmod="0x00" num_channels="0x02" full_svc="true" mainid="0x00" priority="0x01" language="eng"/>
    </event>
  </ATSC_EIT>
  <ATSC_EIT version="10" source_id="0x0004" protocol_version="0">
    <!-- PID 0x1D03 (7427) -->
    <event event_id="0x0044" start_time="2019-03-17 18:00:18" ETM_location="0x01" length_in_seconds="3,600">
      <title_text>
        <string language="eng" text="Mission Demolition"/>
      </title_text>
      <content_advisory_descriptor>
        <region rating_region="0x01">
          <dimension rating_dimension_j="0x00" rating_value="0x03"/>
          <rating_description>
            <string language="eng" text="TV-PG"/>
          </rating_description>
        </region>
      </content_advisory_descriptor>
      <ATSC_AC3_audio_stream_descriptor sample_rate_code="0x00" bsid="0x08" bit_rate_code="0x0A" surround_mode="0x00" bsmod="0x00" num_channels="0x02" full_svc="true" mainid="0x00" priority="0x01" language="eng"/>
    </event>
    <event event_id="0x0045" start_time="2019-03-17 19:00:18" ETM_location="0x01" length_in_seconds="3,600">
      <title_text>
        <string language="eng" text="Myth Hunters"/>
      </title_text>
      <content_advisory_descriptor>
        <region rating_region="0x01">
          <dimension rating_dimension_j="0x00" rating_value="0x03"/>
          <rating_description>
            <string language="eng" text="TV-PG"/>
          </rating_description>
        </region>
        <region rating_region="0x02">
          <dimension rating_dimension_j="0x01" rating_value="0x01"/>
          <rating_description>
            <string language="fre" text="Pour tous (For all)"/>
          </rating_description>
        </region>
      </content_advisory_descriptor>
      <ATSC_AC3_audio_stream_descriptor sample_rate_code="0x00" bsid="0x08" bit_rate_code="0x0A" surround_mode="0x00" bsmod="0x00" num_channels="0x02" full_svc="true" mainid="0x00" priority="0x01" language="eng"/>
    </event>
    <event event_id="0x0046" start_time="2019-03-17 20:00:18" ETM_location="0x01" length_in_seconds="3,600">
      <title_text>
        <string language="eng" text="Myth Hunters"/>
      </title_text>
      <content_advisory_descriptor>
        <region rating_region="0x01">
          <dimension rating_dimension_j="0x00" rating_value="0x03"/>
          <dimension rating_dimension_j="0x04" rating_value="0x01"/>
          <rating_description>
            <string language="eng" text="TV-PG-V"/>
          </rating_description>
        </region>
        <region rating_region="0x02">
          <dimension rating_dimension_j="0x01" rating_value="0x01"/>
          <rating_description>
            <string language="fre" text="Pour tous (For all)"/>
          </rating_description>
        </region>
      </content_advisory_descriptor>
      <ATSC_AC3_audio_stream_descriptor sample_rate_code="0x00" bsid="0x08" bit_rate_code="0x0A" surround_mode="0x00" bsmod="0x00" num_channels="0x02" full_svc="true" mainid="0x00" priority="0x01" language="eng"/>
    </event>
  </ATSC_EIT>
  <ATSC_EIT version="10" source_id="0x0001" protocol_version="0">
    <!-- PID 0x1D02 (7426) -->
    <event event_id="0x000B" start_time="2019-03-17 15:00:18" ETM_location="0x01" length_in_seconds="1,800">
      <title_text>
        <string language="spa" text="Programaci贸n pagada"/>
      </title_text>
      <caption_service_descriptor>
        <service language="eng" digital_cc="false" line21_field="false" easy_reader="false" wide_aspect_ratio="false"/>
        <service language="eng" digital_cc="true" caption_service_number="0x01" easy_reader="false" wide_aspect_ratio="false"/>
      </caption_service_descriptor>
      <ATSC_AC3_audio_stream_descriptor sample_rate_code="0x00" bsid="0x08" bit_rate_code="0x0E" surround_mode="0x00" bsmod="0x00" num_channels="0x02" full_svc="true" mainid="0x00" priority="0x01" language="eng"/>
      <ATSC_AC3_audio_stream_descriptor sample_rate_code="0x00" bsid="0x08" bit_rate_code="0x0E" surround_mode="0x00" bsmod="0x00" num_channels="0x02" full_svc="true" mainid="0x01" priority="0x03" language="eng"/>
    </event>
    <event event_id="0x000C" start_time="2019-03-17 15:30:18" ETM_location="0x01" length_in_seconds="1,800">
      <title_text>
        <string language="spa" text="Programaci贸n pagada"/>
      </title_text>
      <caption_service_descriptor>
        <service language="eng" digital_cc="false" line21_field="false" easy_reader="false" wide_aspect_ratio="false"/>
        <service language="eng" digital_cc="true" caption_service_number="0x01" easy_reader="false" wide_aspect_ratio="false"/>
      </caption_service_descriptor>
      <ATSC_AC3_audio_stream_descriptor sample_rate_code="0x00" bsid="0x08" bit_rate_code="0x0E" surround_mode="0x00" bsmod="0x00" num_channels="0x02" full_svc="true" mainid="0x00" priority="0x01" language="eng"/>
      <ATSC_AC3_audio_stream_descriptor sample_rate_code="0x00" bsid="0x08" bit_rate_code="0x0E" surround_mode="0x00" bsmod="0x00" num_channels="0x02" full_svc="true" mainid="0x01" priority="0x03" language="eng"/>
    </event>
    <event event_id="0x000D" start_time="2019-03-17 16:00:18" ETM_location="0x01" length_in_seconds="1,500">
      <title_text>
        <string language="spa" text="La Liga Premier Extra"/>
      </title_text>
      <caption_service_descriptor>
        <service language="eng" digital_cc="false" line21_field="false" easy_reader="false" wide_aspect_ratio="false"/>
        <service language="eng" digital_cc="true" caption_service_number="0x01" easy_reader="false" wide_aspect_ratio="false"/>
      </caption_service_descriptor>
      <ATSC_AC3_audio_stream_descriptor sample_rate_code="0x00" bsid="0x08" bit_rate_code="0x0E" surround_mode="0x00" bsmod="0x00" num_channels="0x02" full_svc="true" mainid="0x00" priority="0x01" language="eng"/>
      <ATSC_AC3_audio_stream_descriptor sample_rate_code="0x00" bsid="0x08" bit_rate_code="0x0E" surround_mode="0x00" bsmod="0x00" num_channels="0x02" full_svc="true" mainid="0x01" priority="0x03" language="eng"/>
    </event>
    <event event_id="0x000E" start_time="2019-03-17 16:25:18" ETM_location="0x01" length_in_seconds="7,500">
      <title_text>
        <string language="spa" text="F煤tbol: Premier League"/>
      </title_text>
      <caption_service_descriptor>
        <service language="eng" digital_cc="false" line21_field="false" easy_reader="false" wide_aspect_ratio="false"/>
        <service language="eng" digital_cc="true" caption_service_number="0x01" easy_reader="false" wide_aspect_ratio="false"/>
      </caption_service_descriptor>
      <ATSC_AC3_audio_stream_descriptor sample_rate_code="0x00" bsid="0x08" bit_rate_code="0x0E" surround_mode="0x00" bsmod="0x00" num_channels="0x02" full_svc="true" mainid="0x00" priority="0x01" language="eng"/>
      <ATSC_AC3_audio_stream_descriptor sample_rate_code="0x00" bsid="0x08" bit_rate_code="0x0E" surround_mode="0x00" bsmod="0x00" num_channels="0x02" full_svc="true" mainid="0x01" priority="0x03" language="eng"/>
    </event>
  </ATSC_EIT>
  <ATSC_EIT version="10" source_id="0x0004" protocol_version="0">
    <!-- PID 0x1D02 (7426) -->
    <event event_id="0x0041" start_time="2019-03-17 15:00:18" ETM_location="0x01" length_in_seconds="3,600">
      <title_text>
        <string language="eng" text="Swamp Loggers"/>
      </title_text>
      <content_advisory_descriptor>
        <region rating_region="0x01">
          <dimension rating_dimension_j="0x00" rating_value="0x03"/>
          <dimension rating_dimension_j="0x02" rating_value="0x01"/>
          <rating_description>
            <string language="eng" text="TV-PG-L"/>
          </rating_description>
        </region>
      </content_advisory_descriptor>
      <ATSC_AC3_audio_stream_descriptor sample_rate_code="0x00" bsid="0x08" bit_rate_code="0x0A" surround_mode="0x00" bsmod="0x00" num_channels="0x02" full_svc="true" mainid="0x00" priority="0x01" language="eng"/>
    </event>
    <event event_id="0x0042" start_time="2019-03-17 16:00:18" ETM_location="0x01" length_in_seconds="3,600">
      <title_text>
        <string language="eng" text="Swamp Loggers"/>
      </title_text>
      <content_advisory_descriptor>
        <region rating_region="0x01">
          <dimension rating_dimension_j="0x00" rating_value="0x03"/>
          <dimension rating_dimension_j="0x02" rating_value="0x01"/>
          <rating_description>
            <string language="eng" text="TV-PG-L"/>
          </rating_description>
        </region>
      </content_advisory_descriptor>
      <ATSC_AC3_audio_stream_descriptor sample_rate_code="0x00" bsid="0x08" bit_rate_code="0x0A" surround_mode="0x00" bsmod="0x00" num_channels="0x02" full_svc="true" mainid="0x00" priority="0x01" language="eng"/>
    </event>
    <event event_id="0x0043" start_time="2019-03-17 17:00:18" ETM_location="0x01" length_in_seconds="3,600">
      <title_text>
        <string language="eng" text="Mission Demolition"/>
      </title_text>
      <content_advisory_descriptor>
        <region rating_region="0x01">
          <dimension rating_dimension_j="0x00" rating_value="0x03"/>
          <rating_description>
            <string language="eng" text="TV-PG"/>
          </rating_description>
        </region>
      </content_advisory_descriptor>
      <ATSC_AC3_audio_stream_descriptor sample_rate_code="0x00" bsid="0x08" bit_rate_code="0x0A" surround_mode="0x00" bsmod="0x00" num_channels="0x02" full_svc="true" mainid="0x00" priority="0x01" language="eng"/>
    </event>
  </ATSC_EIT>
  <ATSC_EIT version="10" source_id="0x0003" protocol_version="0">
    <!-- PID 0x1D02 (7426) -->
    <event event_id="0x0031" start_time="2019-03-17 15:00:18" ETM_location="0x01" length_in_seconds="1,800">
      <title_text>
        <string language="eng" text="The Adventures of Paddington Bear"/>
      </title_text>
      <content_advisory_descriptor>
        <region rating_region="0x01">
          <dimension rating_dimension_j="0x05" rating_value="0x02"/>
          <rating_description>
            <string language="eng" text="TV-Y7"/>
          </rating_description>
        </region>
        <region rating_region="0x02">
          <dimension rating_dimension_j="0x00" rating_value="0x01"/>
          <rating_description>
            <string language="eng" text="Children (Enfants)"/>
          </rating_description>
        </region>
      </content_advisory_descriptor>
      <ATSC_AC3_audio_stream_descriptor sample_rate_code="0x00" bsid="0x08" bit_rate_code="0x0A" surround_mode="0x00" bsmod="0x00" num_channels="0x02" full_svc="true" mainid="0x00" priority="0x03" language="eng"/>
    </event>
    <event event_id="0x0032" start_time="2019-03-17 15:30:18" ETM_location="0x01" length_in_seconds="1,800">
      <title_text>
        <string language="eng" text="The Busy World of Richard Scarry"/>
      </title_text>
      <content_advisory_descriptor>
        <region rating_region="0x01">
          <dimension rating_dimension_j="0x05" rating_value="0x01"/>
          <rating_description>
            <string language="eng" text="TV-Y"/>
          </rating_description>
        </region>
        <region rating_region="0x02">
          <dimension rating_dimension_j="0x00" rating_value="0x01"/>
          <rating_description>
            <string language="eng" text="Children (Enfants)"/>
          </rating_description>
        </region>
      </content_advisory_descriptor>
      <ATSC_AC3_audio_stream_descriptor sample_rate_code="0x00" bsid="0x08" bit_rate_code="0x0A" surround_mode="0x00" bsmod="0x00" num_channels="0x02" full_svc="true" mainid="0x00" priority="0x03" language="eng"/>
    </event>
    <event event_id="0x0033" start_time="2019-03-17 16:00:18" ETM_location="0x01" length_in_seconds="1,800">
      <title_text>
        <string language="eng" text="The New Adventures of Madeline"/>
      </title_text>
      <content_advisory_descriptor>
        <region rating_region="0x01">
          <dimension rating_dimension_j="0x05" rating_value="0x02"/>
          <rating_description>
            <string language="eng" text="TV-Y7"/>
          </rating_description>
        </region>
      </content_advisory_descriptor>
      <ATSC_AC3_audio_stream_descriptor sample_rate_code="0x00" bsid="0x08" bit_rate_code="0x0A" surround_mode="0x00" bsmod="0x00" num_channels="0x02" full_svc="true" mainid="0x00" priority="0x03" language="eng"/>
    </event>
    <event event_id="0x0034" start_time="2019-03-17 16:30:18" ETM_location="0x01" length_in_seconds="1,800">
      <title_text>
        <string language="eng" text="Heathcliff &amp; the Catillac Cats"/>
      </title_text>
      <content_advisory_descriptor>
        <region rating_region="0x01">
          <dimension rating_dimension_j="0x05" rating_value="0x01"/>
          <rating_description>
            <string language="eng" text="TV-Y"/>
          </rating_description>
        </region>
      </content_advisory_descriptor>
      <ATSC_AC3_audio_stream_descriptor sample_rate_code="0x00" bsid="0x08" bit_rate_code="0x0A" surround_mode="0x00" bsmod="0x00" num_channels="0x02" full_svc="true" mainid="0x00" priority="0x03" language="eng"/>
    </event>
    <event event_id="0x0035" start_time="2019-03-17 17:00:18" ETM_location="0x01" length_in_seconds="1,800">
      <title_text>
        <string language="eng" text="The Pink Panther Show"/>
      </title_text>
      <content_advisory_descriptor>
        <region rating_region="0x01">
          <dimension rating_dimension_j="0x00" rating_value="0x02"/>
          <rating_description>
            <string language="eng" text="TV-G"/>
          </rating_description>
        </region>
        <region rating_region="0x02">
          <dimension rating_dimension_j="0x01" rating_value="0x01"/>
          <rating_description>
            <string language="fre" text="Pour tous (For all)"/>
          </rating_description>
        </region>
      </content_advisory_descriptor>
      <ATSC_AC3_audio_stream_descriptor sample_rate_code="0x00" bsid="0x08" bit_rate_code="0x0A" surround_mode="0x00" bsmod="0x00" num_channels="0x02" full_svc="true" mainid="0x00" priority="0x03" language="eng"/>
    </event>
    <event event_id="0x0036" start_time="2019-03-17 17:30:18" ETM_location="0x01" length_in_seconds="1,800">
      <title_text>
        <string language="eng" text="The Pink Panther Show"/>
      </title_text>
      <content_advisory_descriptor>
        <region rating_region="0x01">
          <dimension rating_dimension_j="0x00" rating_value="0x02"/>
          <rating_description>
            <string language="eng" text="TV-G"/>
          </rating_description>
        </region>
        <region rating_region="0x02">
          <dimension rating_dimension_j="0x01" rating_value="0x01"/>
          <rating_description>
            <string language="fre" text="Pour tous (For all)"/>
          </rating_description>
        </region>
      </content_advisory_descriptor>
      <ATSC_AC3_audio_stream_descriptor sample_rate_code="0x00" bsid="0x08" bit_rate_code="0x0A" surround_mode="0x00" bsmod="0x00" num_channels="0x02" full_svc="true" mainid="0x00" priority="0x03" language="eng"/>
    </event>
  </ATSC_EIT>
</tsduck>
