<?xml version="1.0" encoding="UTF-8"?>
<tsduck>
  <cable_emergency_alert_table sequence_number="6" protocol_version="0" EAS_event_ID="0x0A75" EAS_originator_code="EAS" EAS_event_code="RWT" alert_message_time_remaining="34" event_duration="15" alert_priority="15" details_OOB_source_ID="0x2613">
    <metadata PID="8,188"/>
    <nature_of_activation_text>
      <string language="eng" text="REQUIRED WEEKLY TEST"/>
    </nature_of_activation_text>
    <location state_code="42" county_subdivision="0" county_code="91"/>
    <location state_code="42" county_subdivision="0" county_code="101"/>
    <exception OOB_source_ID="0x125D"/>
    <exception OOB_source_ID="0x3B73"/>
    <exception OOB_source_ID="0x2A51"/>
    <exception OOB_source_ID="0x6017"/>
    <exception OOB_source_ID="0x1262"/>
    <exception OOB_source_ID="0x2A50"/>
    <exception OOB_source_ID="0x321D"/>
    <exception OOB_source_ID="0x36A6"/>
    <exception OOB_source_ID="0x5EE0"/>
    <exception OOB_source_ID="0x1268"/>
    <exception OOB_source_ID="0x2EC1"/>
    <exception OOB_source_ID="0x46EB"/>
    <exception OOB_source_ID="0x4D9E"/>
    <exception OOB_source_ID="0x4D87"/>
    <exception OOB_source_ID="0x1269"/>
    <exception OOB_source_ID="0x2EB1"/>
    <exception OOB_source_ID="0x126A"/>
    <exception OOB_source_ID="0x2A4F"/>
    <exception OOB_source_ID="0x2FE3"/>
    <exception OOB_source_ID="0x126C"/>
    <exception OOB_source_ID="0x3B72"/>
    <exception OOB_source_ID="0x6100"/>
    <exception OOB_source_ID="0x2CD6"/>
    <exception OOB_source_ID="0x661C"/>
    <exception OOB_source_ID="0x1F62"/>
    <exception OOB_source_ID="0x49DC"/>
    <exception OOB_source_ID="0x64C7"/>
    <exception OOB_source_ID="0x31FA"/>
    <exception OOB_source_ID="0x4B28"/>
    <exception OOB_source_ID="0x629B"/>
  </cable_emergency_alert_table>
</tsduck>
