<?xml version="1.0" encoding="UTF-8"?>
<tsduck>
  <PAT version="2" current="true" transport_stream_id="0x0FA6">
    <!-- PID 0x0000 (0), first TS packet: 2, last: 2 -->
    <service service_id="0x0FA6" program_map_PID="0x00A0"/>
  </PAT>
  <PMT version="2" current="true" service_id="0x0FA6" PCR_PID="0x0424">
    <!-- PID 0x00A0 (160), first TS packet: 16, last: 16 -->
    <component elementary_PID="0x0424" stream_type="0x1B"/>
    <component elementary_PID="0x0425" stream_type="0x04">
      <ISO_639_language_descriptor>
        <language code="fra" audio_type="0x00"/>
      </ISO_639_language_descriptor>
    </component>
    <component elementary_PID="0x0426" stream_type="0x04">
      <ISO_639_language_descriptor>
        <language code="eng" audio_type="0x00"/>
      </ISO_639_language_descriptor>
    </component>
    <component elementary_PID="0x0427" stream_type="0x04">
      <ISO_639_language_descriptor>
        <language code="deu" audio_type="0x00"/>
      </ISO_639_language_descriptor>
    </component>
    <component elementary_PID="0x042B" stream_type="0x04">
      <ISO_639_language_descriptor>
        <language code="qad" audio_type="0x03"/>
      </ISO_639_language_descriptor>
    </component>
    <component elementary_PID="0x042C" stream_type="0x06">
      <teletext_descriptor>
        <teletext language_code="fra" teletext_type="0x05" page_number="888"/>
        <teletext language_code="fra" teletext_type="0x02" page_number="889"/>
      </teletext_descriptor>
      <VBI_data_descriptor>
        <service data_service_id="1">
          <field field_parity="true" line_offset="7"/>
          <field field_parity="false" line_offset="7"/>
          <field field_parity="true" line_offset="8"/>
          <field field_parity="false" line_offset="8"/>
          <field field_parity="true" line_offset="9"/>
          <field field_parity="false" line_offset="9"/>
          <field field_parity="true" line_offset="10"/>
          <field field_parity="false" line_offset="10"/>
        </service>
      </VBI_data_descriptor>
    </component>
  </PMT>
</tsduck>
