<?xml version="1.0" encoding="UTF-8"?>
<tsduck>
  <CAT version="0" current="true">
    <ISDB_access_control_descriptor CA_system_id="0x0004" transmission_type="7" PID="0x0064"/>
    <ISDB_access_control_descriptor CA_system_id="0x000A" transmission_type="2" PID="0x00C8">
      <private_data>
        01 23 45 67 89
      </private_data>
    </ISDB_access_control_descriptor>
    <data_component_descriptor data_component_id="0x000A"/>
    <data_component_descriptor data_component_id="0x000C">
      <additional_data_component_info>
        23 45 67
      </additional_data_component_info>
    </data_component_descriptor>
    <digital_copy_control_descriptor digital_recording_control_data="3" user_defined="0"/>
    <digital_copy_control_descriptor digital_recording_control_data="1" user_defined="2" maximum_bitrate="5">
      <component_control component_tag="100" digital_recording_control_data="0" user_defined="10"/>
      <component_control component_tag="101" digital_recording_control_data="1" user_defined="12" maximum_bitrate="40"/>
    </digital_copy_control_descriptor>
    <ISDB_terrestrial_delivery_system_descriptor area_code="0x0123" guard_interval="1/32" transmission_mode="8k"/>
    <ISDB_terrestrial_delivery_system_descriptor area_code="0x0FED" guard_interval="1/16" transmission_mode="2k">
      <frequency value="600,000,000"/>
      <frequency value="650,000,000"/>
      <frequency value="700,000,000"/>
      <frequency value="750,000,000"/>
    </ISDB_terrestrial_delivery_system_descriptor>
    <partial_reception_descriptor/>
    <partial_reception_descriptor>
      <service id="0x1234"/>
      <service id="0x5678"/>
      <service id="0x9ABC"/>
    </partial_reception_descriptor>
    <TS_information_descriptor remote_control_key_id="0xAB" ts_name="foo"/>
    <TS_information_descriptor remote_control_key_id="0x12" ts_name="bar">
      <transmission_type transmission_type_info="0xEF">
        <service id="0x1234"/>
        <service id="0x5678"/>
        <service id="0x9ABC"/>
      </transmission_type>
      <transmission_type transmission_type_info="0x23"/>
      <reserved_future_use>
        CD EF 12 56
      </reserved_future_use>
    </TS_information_descriptor>
    <logo_transmission_descriptor logo_transmission_type="0x01" logo_id="0x0002" logo_version="0x0ABC" download_data_id="0x1234"/>
    <logo_transmission_descriptor logo_transmission_type="0x02" logo_id="0x0123"/>
    <logo_transmission_descriptor logo_transmission_type="0x03" logo_char="log text"/>
    <logo_transmission_descriptor logo_transmission_type="0xDE">
      <reserved_future_use>
        12 34 56 78
      </reserved_future_use>
    </logo_transmission_descriptor>
    <video_decode_control_descriptor still_picture="true" sequence_end_code="false" video_encode_format="2"/>
    <video_decode_control_descriptor still_picture="false" sequence_end_code="true" video_encode_format="3" reserved_future_use="2"/>
    <system_management_descriptor broadcasting_flag="0" broadcasting_identifier="0x01" additional_broadcasting_identification="0x23"/>
    <system_management_descriptor broadcasting_flag="1" broadcasting_identifier="0x02" additional_broadcasting_identification="0xAB">
      <additional_identification_info>
        98 76 54
      </additional_identification_info>
    </system_management_descriptor>
    <broadcaster_name_descriptor name="test name"/>
    <content_availability_descriptor copy_restriction_mode="true" image_constraint_token="false" retention_mode="true" retention_state="1" encryption_mode="false"/>
    <content_availability_descriptor copy_restriction_mode="false" image_constraint_token="true" retention_mode="false" retention_state="2" encryption_mode="true">
      <reserved_future_use>
        01 23 56 78
      </reserved_future_use>
    </content_availability_descriptor>
  </CAT>
  <BIT version="0" current="true" original_network_id="0x0123" broadcast_view_propriety="false"/>
  <BIT version="23" current="true" original_network_id="0x8765" broadcast_view_propriety="true">
    <data_component_descriptor data_component_id="0x1234"/>
    <data_component_descriptor data_component_id="0x5678"/>
    <broadcaster broadcaster_id="0xAB"/>
    <broadcaster broadcaster_id="0xCD">
      <data_component_descriptor data_component_id="0x9ABC"/>
      <data_component_descriptor data_component_id="0xDEF1"/>
      <data_component_descriptor data_component_id="0x2345"/>
    </broadcaster>
  </BIT>
  <CAT version="2" current="true">
    <audio_component_descriptor stream_content="0x02" component_type="0x08" component_tag="0x12" stream_type="0x04" main_component="true" quality_indicator="1" sampling_rate="2" ISO_639_language_code="jpn"/>
    <audio_component_descriptor stream_content="0x0E" component_type="0x40" component_tag="0x34" stream_type="0x11" simulcast_group_tag="0x45" main_component="false" quality_indicator="3" sampling_rate="6" ISO_639_language_code="foo" ISO_639_language_code_2="bar" text="sample text"/>
    <SI_parameter_descriptor parameter_version="0x23" update_time="2020-05-01"/>
    <SI_parameter_descriptor parameter_version="0xFA" update_time="2023-12-07">
      <table id="0x00"/>
      <table id="0x02">
        01
      </table>
      <table id="0x42">
        23 45
      </table>
      <table id="0xC4">
        67 89 AB CD
      </table>
    </SI_parameter_descriptor>
    <extended_broadcaster_descriptor broadcaster_type="0x09"/>
    <extended_broadcaster_descriptor broadcaster_type="0x0C">
      <private_data>
        01 47
      </private_data>
    </extended_broadcaster_descriptor>
    <extended_broadcaster_descriptor broadcaster_type="0x01" terrestrial_broadcaster_id="0x5678">
      <affiliation id="0x12"/>
      <affiliation id="0x34"/>
      <affiliation id="0x56"/>
      <broadcaster original_network_id="0x789A" broadcaster_id="0xBC"/>
      <broadcaster original_network_id="0xDEF1" broadcaster_id="0x23"/>
      <private_data>
        78 96 54 12
      </private_data>
    </extended_broadcaster_descriptor>
    <extended_broadcaster_descriptor broadcaster_type="0x02" terrestrial_broadcaster_id="0x3456">
      <affiliation id="0x78"/>
      <affiliation id="0x9A"/>
      <broadcaster original_network_id="0xBCDE" broadcaster_id="0xF0"/>
    </extended_broadcaster_descriptor>
  </CAT>
</tsduck>
