<?xml version="1.0" encoding="UTF-8"?>
<tsduck>
  <CAT version="0" current="true">
    <ISDB_access_control_descriptor CA_system_id="0x0004" transmission_type="7" PID="0x0064"/>
    <ISDB_access_control_descriptor CA_system_id="0x000A" transmission_type="2" PID="0x00C8">
      <private_data>
        01 23 45 67 89
      </private_data>
    </ISDB_access_control_descriptor>
  </CAT>
</tsduck>
