<?xml version="1.0" encoding="UTF-8"?>
<tsduck>
  <TDT UTC_time="2017-08-23 14:03:10">
    <!-- PID 0x0014 (20) -->
  </TDT>
</tsduck>
