<?xml version="1.0" encoding="UTF-8"?>
<tsduck>
  <PMT version="0" current="true" service_id="0x0000">
    <!-- PID 0x00C8 (200) -->
    <private_data_specifier_descriptor private_data_specifier="EACEM"/>
    <eacem_stream_identifier_descriptor version_byte="0x04"/>
    <eacem_preferred_name_identifier_descriptor name_id="0x27"/>
    <eacem_preferred_name_list_descriptor/>
    <eacem_preferred_name_list_descriptor>
      <language code="deu">
        <name name_id="0x01" name="für uns"/>
        <name name_id="0x02" name="Große Kanal"/>
      </language>
      <language code="esp">
        <name name_id="0xBD" name="Mañana"/>
      </language>
      <language code="fre"/>
    </eacem_preferred_name_list_descriptor>
    <eacem_logical_channel_number_descriptor/>
    <eacem_logical_channel_number_descriptor>
      <service service_id="0x1234" logical_channel_number="11" visible_service="true"/>
      <service service_id="0x5678" logical_channel_number="22" visible_service="false"/>
      <service service_id="0x9ABC" logical_channel_number="33" visible_service="true"/>
    </eacem_logical_channel_number_descriptor>
    <eacem_HD_simulcast_logical_channel_descriptor/>
    <eacem_HD_simulcast_logical_channel_descriptor>
      <service service_id="0x1234" logical_channel_number="101" visible_service="true"/>
      <service service_id="0x5678" logical_channel_number="202" visible_service="false"/>
      <service service_id="0x9ABC" logical_channel_number="303" visible_service="true"/>
    </eacem_HD_simulcast_logical_channel_descriptor>
  </PMT>
</tsduck>
