<?xml version="1.0" encoding="UTF-8"?>
<tsduck>
  <CAT version="0" current="true">
    <!-- PID 0x00C8 (200) -->
    <ISDB_access_control_descriptor CA_system_id="0x0004" transmission_type="7" PID="0x0064"/>
    <ISDB_access_control_descriptor CA_system_id="0x000A" transmission_type="2" PID="0x00C8">
      <private_data>
        01 23 45 67 89
      </private_data>
    </ISDB_access_control_descriptor>
    <data_component_descriptor data_component_id="0x000A"/>
    <data_component_descriptor data_component_id="0x000C">
      <additional_data_component_info>
        23 45 67
      </additional_data_component_info>
    </data_component_descriptor>
    <digital_copy_control_descriptor digital_recording_control_data="3" user_defined="0"/>
    <digital_copy_control_descriptor digital_recording_control_data="1" user_defined="2" maximum_bitrate="5">
      <component_control component_tag="100" digital_recording_control_data="0" user_defined="10"/>
      <component_control component_tag="101" digital_recording_control_data="1" user_defined="12" maximum_bitrate="40"/>
    </digital_copy_control_descriptor>
  </CAT>
</tsduck>
