<?xml version="1.0" encoding="UTF-8"?>
<tsduck>
  <SDT version="1" current="true" transport_stream_id="0x0001" original_network_id="0x0001" actual="true">
    <metadata PID="17" first_ts_packet="57" last_ts_packet="57"/>
    <service service_id="0x0810" EIT_schedule="false" EIT_present_following="false" CA_mode="false" running_status="running">
      <service_descriptor service_type="0x01" service_provider_name="DVB" service_name="P1.1"/>
    </service>
  </SDT>
  <PAT version="1" current="true" transport_stream_id="0x0001">
    <metadata PID="0" first_ts_packet="226" last_ts_packet="226"/>
    <service service_id="0x0810" program_map_PID="0x0810"/>
  </PAT>
  <PMT version="1" current="true" service_id="0x0810" PCR_PID="0x0100">
    <metadata PID="2,064" first_ts_packet="259" last_ts_packet="259"/>
    <component elementary_PID="0x1000" stream_type="0x02"/>
    <component elementary_PID="0x1001" stream_type="0x03"/>
  </PMT>
</tsduck>
