<?xml version="1.0" encoding="UTF-8"?>
<tsduck>
  <CAT version="0" current="true">
    <ISDB_access_control_descriptor CA_system_id="0x0004" transmission_type="7" PID="0x0064"/>
    <ISDB_access_control_descriptor CA_system_id="0x000A" transmission_type="2" PID="0x00C8">
      <private_data>
        01 23 45 67 89
      </private_data>
    </ISDB_access_control_descriptor>
    <data_component_descriptor data_component_id="0x000A"/>
    <data_component_descriptor data_component_id="0x000C">
      <additional_data_component_info>
        23 45 67
      </additional_data_component_info>
    </data_component_descriptor>
    <digital_copy_control_descriptor digital_recording_control_data="3" user_defined="0"/>
    <digital_copy_control_descriptor digital_recording_control_data="1" user_defined="2" maximum_bitrate="5">
      <component_control component_tag="100" digital_recording_control_data="0" user_defined="10"/>
      <component_control component_tag="101" digital_recording_control_data="1" user_defined="12" maximum_bitrate="40"/>
    </digital_copy_control_descriptor>
    <ISDB_terrestrial_delivery_system_descriptor area_code="0x0123" guard_interval="1/32" transmission_mode="8k"/>
    <ISDB_terrestrial_delivery_system_descriptor area_code="0x0FED" guard_interval="1/16" transmission_mode="2k">
      <frequency value="600,000,000"/>
      <frequency value="650,000,000"/>
      <frequency value="700,000,000"/>
      <frequency value="750,000,000"/>
    </ISDB_terrestrial_delivery_system_descriptor>
    <partial_reception_descriptor/>
    <partial_reception_descriptor>
      <service id="0x1234"/>
      <service id="0x5678"/>
      <service id="0x9ABC"/>
    </partial_reception_descriptor>
    <TS_information_descriptor remote_control_key_id="0xAB" ts_name="foo"/>
    <TS_information_descriptor remote_control_key_id="0x12" ts_name="bar">
      <transmission_type transmission_type_info="0xEF">
        <service id="0x1234"/>
        <service id="0x5678"/>
        <service id="0x9ABC"/>
      </transmission_type>
      <transmission_type transmission_type_info="0x23"/>
      <reserved_future_use>
        CD EF 12 56
      </reserved_future_use>
    </TS_information_descriptor>
    <logo_transmission_descriptor logo_transmission_type="0x01" logo_id="0x0002" logo_version="0x0ABC" download_data_id="0x1234"/>
    <logo_transmission_descriptor logo_transmission_type="0x02" logo_id="0x0123"/>
    <logo_transmission_descriptor logo_transmission_type="0x03" logo_char="log text"/>
    <logo_transmission_descriptor logo_transmission_type="0xDE">
      <reserved_future_use>
        12 34 56 78
      </reserved_future_use>
    </logo_transmission_descriptor>
    <video_decode_control_descriptor still_picture="true" sequence_end_code="false" video_encode_format="2"/>
    <video_decode_control_descriptor still_picture="false" sequence_end_code="true" video_encode_format="3" reserved_future_use="2"/>
    <system_management_descriptor broadcasting_flag="0" broadcasting_identifier="0x01" additional_broadcasting_identification="0x23"/>
    <system_management_descriptor broadcasting_flag="1" broadcasting_identifier="0x02" additional_broadcasting_identification="0xAB">
      <additional_identification_info>
        98 76 54
      </additional_identification_info>
    </system_management_descriptor>
  </CAT>
</tsduck>
