<?xml version="1.0" encoding="UTF-8"?>
<tsduck>
  <RRT version="0" protocol_version="0" rating_region="0x01">
    <!-- PID 0x1FFB (8187) -->
    <rating_region_name>
      <string language="eng" text="U.S. (50 states + possessions)"/>
    </rating_region_name>
    <dimension graduated_scale="true">
      <dimension_name>
        <string language="eng" text="Entire Audience"/>
      </dimension_name>
      <value>
        <abbrev_rating_value>
          <string language="eng" text=""/>
        </abbrev_rating_value>
        <rating_value>
          <string language="eng" text=""/>
        </rating_value>
      </value>
      <value>
        <abbrev_rating_value>
          <string language="eng" text="None"/>
        </abbrev_rating_value>
        <rating_value>
          <string language="eng" text="None"/>
        </rating_value>
      </value>
      <value>
        <abbrev_rating_value>
          <string language="eng" text="TV-G"/>
        </abbrev_rating_value>
        <rating_value>
          <string language="eng" text="TV-G"/>
        </rating_value>
      </value>
      <value>
        <abbrev_rating_value>
          <string language="eng" text="TV-PG"/>
        </abbrev_rating_value>
        <rating_value>
          <string language="eng" text="TV-PG"/>
        </rating_value>
      </value>
      <value>
        <abbrev_rating_value>
          <string language="eng" text="TV-14"/>
        </abbrev_rating_value>
        <rating_value>
          <string language="eng" text="TV-14"/>
        </rating_value>
      </value>
      <value>
        <abbrev_rating_value>
          <string language="eng" text="TV-MA"/>
        </abbrev_rating_value>
        <rating_value>
          <string language="eng" text="TV-MA"/>
        </rating_value>
      </value>
    </dimension>
    <dimension graduated_scale="false">
      <dimension_name>
        <string language="eng" text="Dialogue"/>
      </dimension_name>
      <value>
        <abbrev_rating_value>
          <string language="eng" text=""/>
        </abbrev_rating_value>
        <rating_value>
          <string language="eng" text=""/>
        </rating_value>
      </value>
      <value>
        <abbrev_rating_value>
          <string language="eng" text="D"/>
        </abbrev_rating_value>
        <rating_value>
          <string language="eng" text="D"/>
        </rating_value>
      </value>
    </dimension>
    <dimension graduated_scale="false">
      <dimension_name>
        <string language="eng" text="Language"/>
      </dimension_name>
      <value>
        <abbrev_rating_value>
          <string language="eng" text=""/>
        </abbrev_rating_value>
        <rating_value>
          <string language="eng" text=""/>
        </rating_value>
      </value>
      <value>
        <abbrev_rating_value>
          <string language="eng" text="L"/>
        </abbrev_rating_value>
        <rating_value>
          <string language="eng" text="L"/>
        </rating_value>
      </value>
    </dimension>
    <dimension graduated_scale="false">
      <dimension_name>
        <string language="eng" text="Sex"/>
      </dimension_name>
      <value>
        <abbrev_rating_value>
          <string language="eng" text=""/>
        </abbrev_rating_value>
        <rating_value>
          <string language="eng" text=""/>
        </rating_value>
      </value>
      <value>
        <abbrev_rating_value>
          <string language="eng" text="S"/>
        </abbrev_rating_value>
        <rating_value>
          <string language="eng" text="S"/>
        </rating_value>
      </value>
    </dimension>
    <dimension graduated_scale="false">
      <dimension_name>
        <string language="eng" text="Violence"/>
      </dimension_name>
      <value>
        <abbrev_rating_value>
          <string language="eng" text=""/>
        </abbrev_rating_value>
        <rating_value>
          <string language="eng" text=""/>
        </rating_value>
      </value>
      <value>
        <abbrev_rating_value>
          <string language="eng" text="V"/>
        </abbrev_rating_value>
        <rating_value>
          <string language="eng" text="V"/>
        </rating_value>
      </value>
    </dimension>
    <dimension graduated_scale="true">
      <dimension_name>
        <string language="eng" text="Children"/>
      </dimension_name>
      <value>
        <abbrev_rating_value>
          <string language="eng" text=""/>
        </abbrev_rating_value>
        <rating_value>
          <string language="eng" text=""/>
        </rating_value>
      </value>
      <value>
        <abbrev_rating_value>
          <string language="eng" text="TV-Y"/>
        </abbrev_rating_value>
        <rating_value>
          <string language="eng" text="TV-Y"/>
        </rating_value>
      </value>
      <value>
        <abbrev_rating_value>
          <string language="eng" text="TV-Y7"/>
        </abbrev_rating_value>
        <rating_value>
          <string language="eng" text="TV-Y7"/>
        </rating_value>
      </value>
    </dimension>
    <dimension graduated_scale="false">
      <dimension_name>
        <string language="eng" text="Fantasy Violence"/>
      </dimension_name>
      <value>
        <abbrev_rating_value>
          <string language="eng" text=""/>
        </abbrev_rating_value>
        <rating_value>
          <string language="eng" text=""/>
        </rating_value>
      </value>
      <value>
        <abbrev_rating_value>
          <string language="eng" text="FV"/>
        </abbrev_rating_value>
        <rating_value>
          <string language="eng" text="FV"/>
        </rating_value>
      </value>
    </dimension>
    <dimension graduated_scale="false">
      <dimension_name>
        <string language="eng" text="MPAA"/>
      </dimension_name>
      <value>
        <abbrev_rating_value>
          <string language="eng" text=""/>
        </abbrev_rating_value>
        <rating_value>
          <string language="eng" text=""/>
        </rating_value>
      </value>
      <value>
        <abbrev_rating_value>
          <string language="eng" text="N/A"/>
        </abbrev_rating_value>
        <rating_value>
          <string language="eng" text="MPAA Rating Not Applicable"/>
        </rating_value>
      </value>
      <value>
        <abbrev_rating_value>
          <string language="eng" text="G"/>
        </abbrev_rating_value>
        <rating_value>
          <string language="eng" text="Suitable for All Ages"/>
        </rating_value>
      </value>
      <value>
        <abbrev_rating_value>
          <string language="eng" text="PG"/>
        </abbrev_rating_value>
        <rating_value>
          <string language="eng" text="Parental Guidance Suggested"/>
        </rating_value>
      </value>
      <value>
        <abbrev_rating_value>
          <string language="eng" text="PG-13"/>
        </abbrev_rating_value>
        <rating_value>
          <string language="eng" text="Parents Strongly Cautioned"/>
        </rating_value>
      </value>
      <value>
        <abbrev_rating_value>
          <string language="eng" text="R"/>
        </abbrev_rating_value>
        <rating_value>
          <string language="eng" text="Restricted, under 17 must be accompanied by adult"/>
        </rating_value>
      </value>
      <value>
        <abbrev_rating_value>
          <string language="eng" text="NC-17"/>
        </abbrev_rating_value>
        <rating_value>
          <string language="eng" text="No One 17 and Under Admitted"/>
        </rating_value>
      </value>
      <value>
        <abbrev_rating_value>
          <string language="eng" text="X"/>
        </abbrev_rating_value>
        <rating_value>
          <string language="eng" text="No One 17 and Under Admitted"/>
        </rating_value>
      </value>
      <value>
        <abbrev_rating_value>
          <string language="eng" text="NR"/>
        </abbrev_rating_value>
        <rating_value>
          <string language="eng" text="Not Rated by MPAA"/>
        </rating_value>
      </value>
    </dimension>
  </RRT>
</tsduck>
