<?xml version="1.0" encoding="UTF-8"?>
<tsduck>
  <AIT version="0" current="true" test_application_flag="false" application_type="0x0001">
    <metadata PID="7,878"/>
    <application control_code="0x01">
      <application_identifier organization_id="0x0000000B" application_id="0x1AB6"/>
      <transport_protocol_descriptor transport_protocol_label="0x01">
        <object_carousel component_tag="0x0A"/>
      </transport_protocol_descriptor>
      <application_descriptor service_bound="true" visibility="3" application_priority="60">
        <profile application_profile="0x0001" version="1.0.2"/>
        <transport_protocol label="0x01"/>
      </application_descriptor>
      <application_name_descriptor>
        <language code="eng" application_name="Launcher SAT"/>
      </application_name_descriptor>
      <dvb_j_application_descriptor/>
      <dvb_j_application_location_descriptor base_directory="/" classpath_extension="" initial_class="bd.BDXlet"/>
    </application>
  </AIT>
</tsduck>
