<?xml version="1.0" encoding="UTF-8"?>
<tsduck>
  <PMT version="15" current="true" service_id="0x11FB" PCR_PID="0x01C9">
    <!-- PID 0x01C8 (456), first TS packet: 7,002, last: 7,002 -->
    <component elementary_PID="0x01C9" stream_type="0x24">
      <HEVC_video_descriptor profile_space="0x00" tier_flag="false" profile_idc="0x02" profile_compatibility_indication="0x20000000" progressive_source_flag="true" interlaced_source_flag="false" non_packed_constraint_flag="true" frame_only_constraint_flag="true" reserved_zero_44bits="0x0000000000000000" level_idc="0x99" HEVC_still_present_flag="false" HEVC_24hr_picture_present_flag="false" temporal_id_min="0x07" temporal_id_max="0x07"/>
    </component>
    <component elementary_PID="0x01CA" stream_type="0x0F">
      <generic_descriptor tag="0x7C">
        51 00
      </generic_descriptor>
      <ISO_639_language_descriptor>
        <language code="eng" audio_type="0x00"/>
      </ISO_639_language_descriptor>
    </component>
  </PMT>
  <PMT version="16" current="true" service_id="0x11FA" PCR_PID="0x0165">
    <!-- PID 0x0164 (356), first TS packet: 7,968, last: 7,968 -->
    <component elementary_PID="0x0165" stream_type="0x24">
      <HEVC_video_descriptor profile_space="0x00" tier_flag="false" profile_idc="0x02" profile_compatibility_indication="0x20000000" progressive_source_flag="true" interlaced_source_flag="false" non_packed_constraint_flag="true" frame_only_constraint_flag="true" reserved_zero_44bits="0x0000000000000000" level_idc="0x99" HEVC_still_present_flag="false" HEVC_24hr_picture_present_flag="false" temporal_id_min="0x07" temporal_id_max="0x07"/>
    </component>
    <component elementary_PID="0x0166" stream_type="0x0F">
      <generic_descriptor tag="0x7C">
        51 00
      </generic_descriptor>
      <ISO_639_language_descriptor>
        <language code="und" audio_type="0x00"/>
      </ISO_639_language_descriptor>
    </component>
  </PMT>
  <PMT version="27" current="true" service_id="0x11F9" PCR_PID="0x0101">
    <!-- PID 0x0100 (256), first TS packet: 10,847, last: 10,847 -->
    <CA_descriptor CA_system_id="0x0500" CA_PID="0x0104">
      <private_data>
        10 01 00 13 01 20 14 03 05 1A 30
      </private_data>
    </CA_descriptor>
    <component elementary_PID="0x0101" stream_type="0x24">
      <HEVC_video_descriptor profile_space="0x00" tier_flag="false" profile_idc="0x02" profile_compatibility_indication="0x20000000" progressive_source_flag="true" interlaced_source_flag="false" non_packed_constraint_flag="false" frame_only_constraint_flag="true" reserved_zero_44bits="0x0000000000000000" level_idc="0x99" HEVC_still_present_flag="false" HEVC_24hr_picture_present_flag="false" temporal_id_min="0x07" temporal_id_max="0x07"/>
    </component>
    <component elementary_PID="0x0102" stream_type="0x11">
      <generic_descriptor tag="0x7C">
        29 00
      </generic_descriptor>
      <ISO_639_language_descriptor>
        <language code="qaa" audio_type="0x00"/>
      </ISO_639_language_descriptor>
    </component>
    <component elementary_PID="0x0103" stream_type="0x11">
      <generic_descriptor tag="0x7C">
        29 00
      </generic_descriptor>
      <ISO_639_language_descriptor>
        <language code="ger" audio_type="0x00"/>
      </ISO_639_language_descriptor>
    </component>
  </PMT>
  <PAT version="13" current="true" transport_stream_id="0x2B5C" network_PID="0x0010">
    <!-- PID 0x0000 (0), first TS packet: 13,727, last: 13,727 -->
    <service service_id="0x11F9" program_map_PID="0x0100"/>
    <service service_id="0x11FA" program_map_PID="0x0164"/>
    <service service_id="0x11FB" program_map_PID="0x01C8"/>
  </PAT>
  <CAT version="16" current="true">
    <!-- PID 0x0001 (1), first TS packet: 13,806, last: 13,806 -->
    <CA_descriptor CA_system_id="0x0500" CA_PID="0x0400">
      <private_data>
        10 01 00 13 01 20 14 03 05 1A 30
      </private_data>
    </CA_descriptor>
    <CA_descriptor CA_system_id="0x0500" CA_PID="0x0401">
      <private_data>
        10 01 00 13 01 20 14 03 05 1A 10
      </private_data>
    </CA_descriptor>
    <CA_descriptor CA_system_id="0x0500" CA_PID="0x0402">
      <private_data>
        10 01 00 13 01 20 14 03 05 1A 20
      </private_data>
    </CA_descriptor>
  </CAT>
  <SDT version="24" current="true" transport_stream_id="0x2B5C" original_network_id="0x013E" actual="true">
    <!-- PID 0x0011 (17), first TS packet: 45,355, last: 45,355 -->
    <service service_id="0x11F9" EIT_schedule="false" EIT_present_following="false" CA_mode="true" running_status="running">
      <service_descriptor service_type="0x19" service_provider_name="SPI" service_name="Funbox UHD"/>
    </service>
    <service service_id="0x11FA" EIT_schedule="false" EIT_present_following="false" CA_mode="false" running_status="running">
      <service_descriptor service_type="0x01" service_provider_name="" service_name="C4K360"/>
    </service>
    <service service_id="0x11FB" EIT_schedule="false" EIT_present_following="false" CA_mode="false" running_status="running">
      <service_descriptor service_type="0x01" service_provider_name="" service_name="TRAVELXP 4K"/>
    </service>
  </SDT>
</tsduck>
