<?xml version="1.0" encoding="UTF-8"?>
<tsduck>
  <PAT version="1" current="true" transport_stream_id="0x7ED0" network_PID="0x0010">
    <!-- PID 0x0000 (0), first TS packet: 383, last: 383 -->
    <service service_id="0x4800" program_map_PID="0x01F0"/>
    <service service_id="0x4801" program_map_PID="0x03F0"/>
    <service service_id="0x4980" program_map_PID="0x1FC8"/>
    <service service_id="0xFFF0" program_map_PID="0x1CF0"/>
  </PAT>
  <PMT version="26" current="true" service_id="0x4800" PCR_PID="0x01FF">
    <!-- PID 0x01F0 (496), first TS packet: 390, last: 393 -->
    <CA_descriptor CA_system_id="0x0005" CA_PID="0x0901"/>
    <ISDB_access_control_descriptor CA_system_id="0x000E" transmission_type="7" PID="0x0902"/>
    <digital_copy_control_descriptor digital_recording_control_data="2" user_defined="4"/>
    <component elementary_PID="0x0100" stream_type="0x02">
      <stream_identifier_descriptor component_tag="0x00"/>
      <video_decode_control_descriptor still_picture="false" sequence_end_code="true" video_encode_format="1"/>
    </component>
    <component elementary_PID="0x0110" stream_type="0x0F">
      <stream_identifier_descriptor component_tag="0x10"/>
    </component>
    <component elementary_PID="0x0130" stream_type="0x06">
      <CA_descriptor CA_system_id="0x0005" CA_PID="0x1FFF"/>
      <ISDB_access_control_descriptor CA_system_id="0x000E" transmission_type="7" PID="0x1FFF"/>
      <stream_identifier_descriptor component_tag="0x30"/>
      <data_component_descriptor data_component_id="0x0008">
        <additional_data_component_info>
          3D
        </additional_data_component_info>
      </data_component_descriptor>
    </component>
    <component elementary_PID="0x0138" stream_type="0x06">
      <CA_descriptor CA_system_id="0x0005" CA_PID="0x1FFF"/>
      <ISDB_access_control_descriptor CA_system_id="0x000E" transmission_type="7" PID="0x1FFF"/>
      <stream_identifier_descriptor component_tag="0x38"/>
      <data_component_descriptor data_component_id="0x0008">
        <additional_data_component_info>
          3C
        </additional_data_component_info>
      </data_component_descriptor>
    </component>
    <component elementary_PID="0x0140" stream_type="0x0D">
      <stream_identifier_descriptor component_tag="0x40"/>
      <data_component_descriptor data_component_id="0x000C">
        <additional_data_component_info>
          33 3F 00 03 00 00 FF BF
        </additional_data_component_info>
      </data_component_descriptor>
    </component>
    <component elementary_PID="0x0160" stream_type="0x0D">
      <stream_identifier_descriptor component_tag="0x60"/>
      <data_component_descriptor data_component_id="0x000C">
        <additional_data_component_info>
          1F FF BF
        </additional_data_component_info>
      </data_component_descriptor>
    </component>
    <component elementary_PID="0x0161" stream_type="0x0D">
      <stream_identifier_descriptor component_tag="0x61"/>
      <data_component_descriptor data_component_id="0x000C">
        <additional_data_component_info>
          1F FF BF
        </additional_data_component_info>
      </data_component_descriptor>
    </component>
    <component elementary_PID="0x0162" stream_type="0x0D">
      <stream_identifier_descriptor component_tag="0x62"/>
      <data_component_descriptor data_component_id="0x000C">
        <additional_data_component_info>
          1F FF BF
        </additional_data_component_info>
      </data_component_descriptor>
    </component>
    <component elementary_PID="0x0170" stream_type="0x0D">
      <stream_identifier_descriptor component_tag="0x70"/>
      <data_component_descriptor data_component_id="0x000C">
        <additional_data_component_info>
          1F FF BF
        </additional_data_component_info>
      </data_component_descriptor>
    </component>
    <component elementary_PID="0x0171" stream_type="0x0D">
      <stream_identifier_descriptor component_tag="0x71"/>
      <data_component_descriptor data_component_id="0x000C">
        <additional_data_component_info>
          1F FF BF
        </additional_data_component_info>
      </data_component_descriptor>
    </component>
    <component elementary_PID="0x0172" stream_type="0x0D">
      <stream_identifier_descriptor component_tag="0x72"/>
      <data_component_descriptor data_component_id="0x000C">
        <additional_data_component_info>
          1F FF BF
        </additional_data_component_info>
      </data_component_descriptor>
    </component>
  </PMT>
  <PMT version="29" current="true" service_id="0x4801" PCR_PID="0x01FF">
    <!-- PID 0x03F0 (1008), first TS packet: 391, last: 394 -->
    <CA_descriptor CA_system_id="0x0005" CA_PID="0x0901"/>
    <ISDB_access_control_descriptor CA_system_id="0x000E" transmission_type="7" PID="0x0902"/>
    <digital_copy_control_descriptor digital_recording_control_data="2" user_defined="4"/>
    <component elementary_PID="0x0100" stream_type="0x02">
      <stream_identifier_descriptor component_tag="0x00"/>
      <video_decode_control_descriptor still_picture="false" sequence_end_code="true" video_encode_format="1"/>
    </component>
    <component elementary_PID="0x0110" stream_type="0x0F">
      <stream_identifier_descriptor component_tag="0x10"/>
    </component>
    <component elementary_PID="0x0130" stream_type="0x06">
      <CA_descriptor CA_system_id="0x0005" CA_PID="0x1FFF"/>
      <ISDB_access_control_descriptor CA_system_id="0x000E" transmission_type="7" PID="0x1FFF"/>
      <stream_identifier_descriptor component_tag="0x30"/>
      <data_component_descriptor data_component_id="0x0008">
        <additional_data_component_info>
          3D
        </additional_data_component_info>
      </data_component_descriptor>
    </component>
    <component elementary_PID="0x0138" stream_type="0x06">
      <CA_descriptor CA_system_id="0x0005" CA_PID="0x1FFF"/>
      <ISDB_access_control_descriptor CA_system_id="0x000E" transmission_type="7" PID="0x1FFF"/>
      <stream_identifier_descriptor component_tag="0x38"/>
      <data_component_descriptor data_component_id="0x0008">
        <additional_data_component_info>
          3C
        </additional_data_component_info>
      </data_component_descriptor>
    </component>
    <component elementary_PID="0x0140" stream_type="0x0D">
      <stream_identifier_descriptor component_tag="0x40"/>
      <data_component_descriptor data_component_id="0x000C">
        <additional_data_component_info>
          33 3F 00 03 00 00 FF BF
        </additional_data_component_info>
      </data_component_descriptor>
    </component>
    <component elementary_PID="0x0160" stream_type="0x0D">
      <stream_identifier_descriptor component_tag="0x60"/>
      <data_component_descriptor data_component_id="0x000C">
        <additional_data_component_info>
          1F FF BF
        </additional_data_component_info>
      </data_component_descriptor>
    </component>
    <component elementary_PID="0x0161" stream_type="0x0D">
      <stream_identifier_descriptor component_tag="0x61"/>
      <data_component_descriptor data_component_id="0x000C">
        <additional_data_component_info>
          1F FF BF
        </additional_data_component_info>
      </data_component_descriptor>
    </component>
    <component elementary_PID="0x0162" stream_type="0x0D">
      <stream_identifier_descriptor component_tag="0x62"/>
      <data_component_descriptor data_component_id="0x000C">
        <additional_data_component_info>
          1F FF BF
        </additional_data_component_info>
      </data_component_descriptor>
    </component>
    <component elementary_PID="0x0170" stream_type="0x0D">
      <stream_identifier_descriptor component_tag="0x70"/>
      <data_component_descriptor data_component_id="0x000C">
        <additional_data_component_info>
          1F FF BF
        </additional_data_component_info>
      </data_component_descriptor>
    </component>
    <component elementary_PID="0x0171" stream_type="0x0D">
      <stream_identifier_descriptor component_tag="0x71"/>
      <data_component_descriptor data_component_id="0x000C">
        <additional_data_component_info>
          1F FF BF
        </additional_data_component_info>
      </data_component_descriptor>
    </component>
    <component elementary_PID="0x0172" stream_type="0x0D">
      <stream_identifier_descriptor component_tag="0x72"/>
      <data_component_descriptor data_component_id="0x000C">
        <additional_data_component_info>
          1F FF BF
        </additional_data_component_info>
      </data_component_descriptor>
    </component>
  </PMT>
  <PMT version="29" current="true" service_id="0x4980" PCR_PID="0x05FF">
    <!-- PID 0x1FC8 (8136), first TS packet: 881, last: 881 -->
    <digital_copy_control_descriptor digital_recording_control_data="2" user_defined="8"/>
    <component elementary_PID="0x0580" stream_type="0x0D">
      <stream_identifier_descriptor component_tag="0x80"/>
      <data_component_descriptor data_component_id="0x000D">
        <additional_data_component_info>
          3F 2F 00 0C 00 00 FF BF
        </additional_data_component_info>
      </data_component_descriptor>
    </component>
    <component elementary_PID="0x0581" stream_type="0x1B">
      <stream_identifier_descriptor component_tag="0x81"/>
    </component>
    <component elementary_PID="0x0583" stream_type="0x0F">
      <stream_identifier_descriptor component_tag="0x83"/>
    </component>
    <component elementary_PID="0x0587" stream_type="0x06">
      <stream_identifier_descriptor component_tag="0x87"/>
      <data_component_descriptor data_component_id="0x0012">
        <additional_data_component_info>
          AD
        </additional_data_component_info>
      </data_component_descriptor>
    </component>
    <component elementary_PID="0x0589" stream_type="0x0D">
      <stream_identifier_descriptor component_tag="0x89"/>
    </component>
    <component elementary_PID="0x058A" stream_type="0x0D">
      <stream_identifier_descriptor component_tag="0x8A"/>
    </component>
    <component elementary_PID="0x058B" stream_type="0x0D">
      <stream_identifier_descriptor component_tag="0x8B"/>
      <data_component_descriptor data_component_id="0x000D">
        <additional_data_component_info>
          1F FF BF
        </additional_data_component_info>
      </data_component_descriptor>
    </component>
  </PMT>
  <EIT type="pf" version="4" current="true" actual="true" service_id="0x4800" transport_stream_id="0x7ED0" original_network_id="0x7ED0" last_table_id="0x4E">
    <!-- PID 0x0012 (18), first TS packet: 2,570, last: 2,636 -->
    <event event_id="0x0EDD" start_time="2020-04-05 19:00:00" duration="00:30:00" running_status="undefined" CA_mode="false">
      <short_event_descriptor language_code="jpn">
        <event_name>NHKニュース7🈔🈑</event_name>
        <text>夜7時、「一歩先へ、一歩深く」　今、このニュースを届けたい　【キャスター】青井実，【サブキャスター】池田伸子，伊藤海彦，【気象キャスター】中村美公</text>
      </short_event_descriptor>
      <extended_event_descriptor descriptor_number="0" last_descriptor_number="0" language_code="jpn">
        <text></text>
        <item>
          <description>出演者</description>
          <name>【キャスター】青井実，【サブキャスター】池田伸子，伊藤海彦，【気象キャスター】中村美公</name>
        </item>
      </extended_event_descriptor>
      <component_descriptor stream_content="0x01" stream_content_ext="0x0F" component_type="0xB3" component_tag="0x00" language_code="jpn" text=""/>
      <content_descriptor>
        <content content_nibble_level_1="0" content_nibble_level_2="0" user_byte="0xFF"/>
        <content content_nibble_level_1="0" content_nibble_level_2="1" user_byte="0xFF"/>
        <content content_nibble_level_1="1" content_nibble_level_2="0" user_byte="0xFF"/>
      </content_descriptor>
      <digital_copy_control_descriptor digital_recording_control_data="2" user_defined="4"/>
      <audio_component_descriptor stream_content="0x02" component_type="0x02" component_tag="0x10" stream_type="0x0F" main_component="true" quality_indicator="2" sampling_rate="7" ISO_639_language_code="jpn" ISO_639_language_code_2="eng" text="日本語英語"/>
      <data_content_descriptor data_component_id="0x0008" entry_component="0x30" ISO_639_language_code="jpn" text="">
        <selector_bytes>
          01 13 6A 70 6E
        </selector_bytes>
      </data_content_descriptor>
      <event_group_descriptor group_type="1">
        <actual service_id="0x4800" event_id="0x0EDD"/>
        <actual service_id="0x4801" event_id="0x0EDD"/>
      </event_group_descriptor>
    </event>
    <event event_id="0x0EDE" start_time="2020-04-05 19:30:00" duration="00:30:00" running_status="undefined" CA_mode="false">
      <short_event_descriptor language_code="jpn">
        <event_name>ダーウィンが来た！「波乱のライオン学園に潜入！百獣の王を養成！！」🈖🈑</event_name>
        <text>成長まっただ中のライオンの子どもたちが、群れの中で先生役の大人から狩りの技や子育て術を学ぶ。不真面目な生徒は退学処分に！？学園ドラマ顔負けの波乱の日々に密着！</text>
      </short_event_descriptor>
      <extended_event_descriptor descriptor_number="0" last_descriptor_number="2" language_code="jpn">
        <text></text>
        <item>
          <description>番組内容</description>
          <name>新年度1本目は、ライオンの「学校」をご紹介。成長真っ最中のライオンの子どもたちが、群れの中で先生役の大人から狩りや子育て、ライバル撃退法まで、生きるためのあらゆるスベを学ぶ。でもライバル・ハイエナに全く歯が立たなかったり、狩りでは姿が丸見えで獲物にあっさり逃げられたり、実践形式の授業にみんなタジタ</name>
        </item>
      </extended_event_descriptor>
      <extended_event_descriptor descriptor_number="1" last_descriptor_number="2" language_code="jpn">
        <text></text>
        <item>
          <description></description>
          <name>じ。さらに不真面目な生徒はまさかの退学処分に！？学園ドラマ顔負けの波乱の授業に潜入！歌：MISIA</name>
        </item>
      </extended_event_descriptor>
      <extended_event_descriptor descriptor_number="2" last_descriptor_number="2" language_code="jpn">
        <text></text>
        <item>
          <description>出演者</description>
          <name>【語り】和久田麻由子，龍田直樹，豊嶋真千子，山田孝之，水瀬いのり</name>
        </item>
      </extended_event_descriptor>
      <component_descriptor stream_content="0x01" stream_content_ext="0x0F" component_type="0xB3" component_tag="0x00" language_code="jpn" text=""/>
      <content_descriptor>
        <content content_nibble_level_1="8" content_nibble_level_2="2" user_byte="0xFF"/>
        <content content_nibble_level_1="10" content_nibble_level_2="0" user_byte="0xFF"/>
      </content_descriptor>
      <digital_copy_control_descriptor digital_recording_control_data="2" user_defined="4"/>
      <audio_component_descriptor stream_content="0x02" component_type="0x03" component_tag="0x10" stream_type="0x0F" main_component="true" quality_indicator="2" sampling_rate="7" ISO_639_language_code="jpn" text="日本語"/>
      <audio_component_descriptor stream_content="0x02" component_type="0x03" component_tag="0x11" stream_type="0x0F" main_component="false" quality_indicator="2" sampling_rate="7" ISO_639_language_code="jpn" text="日本語（解説）"/>
      <data_content_descriptor data_component_id="0x0008" entry_component="0x30" ISO_639_language_code="jpn" text="">
        <selector_bytes>
          01 13 6A 70 6E
        </selector_bytes>
      </data_content_descriptor>
      <event_group_descriptor group_type="1">
        <actual service_id="0x4800" event_id="0x0EDE"/>
        <actual service_id="0x4801" event_id="0x0EDE"/>
      </event_group_descriptor>
    </event>
  </EIT>
  <NIT version="13" current="true" network_id="0x7ED0" actual="true">
    <!-- PID 0x0010 (16), first TS packet: 4,240, last: 4,240 -->
    <network_name_descriptor network_name="秋田０"/>
    <system_management_descriptor broadcasting_flag="0" broadcasting_identifier="0x03" additional_broadcasting_identification="0x01"/>
    <transport_stream transport_stream_id="0x7ED0" original_network_id="0x7ED0" preferred_section="0">
      <service_list_descriptor>
        <service service_id="0x4800" service_type="0x01"/>
        <service service_id="0x4801" service_type="0x01"/>
        <service service_id="0x4980" service_type="0xC0"/>
        <service service_id="0xFFF0" service_type="0xA4"/>
      </service_list_descriptor>
      <ISDB_terrestrial_delivery_system_descriptor area_code="0x0AC6" guard_interval="1/8" transmission_mode="8k">
        <frequency value="479,142,857"/>
        <frequency value="485,142,857"/>
        <frequency value="491,142,857"/>
        <frequency value="521,142,857"/>
        <frequency value="533,142,857"/>
        <frequency value="539,142,857"/>
        <frequency value="545,142,857"/>
        <frequency value="551,142,857"/>
        <frequency value="557,142,857"/>
        <frequency value="563,142,857"/>
        <frequency value="575,142,857"/>
        <frequency value="611,142,857"/>
        <frequency value="617,142,857"/>
        <frequency value="623,142,857"/>
        <frequency value="629,142,857"/>
        <frequency value="635,142,857"/>
        <frequency value="647,142,857"/>
        <frequency value="653,142,857"/>
        <frequency value="659,142,857"/>
        <frequency value="665,142,857"/>
        <frequency value="671,142,857"/>
        <frequency value="677,142,857"/>
        <frequency value="683,142,857"/>
        <frequency value="701,142,857"/>
        <frequency value="707,142,857"/>
      </ISDB_terrestrial_delivery_system_descriptor>
      <partial_reception_descriptor>
        <service id="0x4980"/>
      </partial_reception_descriptor>
      <TS_information_descriptor remote_control_key_id="0x01" ts_name="ＮＨＫ総合・秋田">
        <transmission_type transmission_type_info="0x0F">
          <service id="0x4800"/>
          <service id="0x4801"/>
          <service id="0xFFF0"/>
        </transmission_type>
        <transmission_type transmission_type_info="0xAF">
          <service id="0x4980"/>
        </transmission_type>
      </TS_information_descriptor>
    </transport_stream>
  </NIT>
  <EIT type="pf" version="19" current="true" actual="true" service_id="0x4801" transport_stream_id="0x7ED0" original_network_id="0x7ED0" last_table_id="0x4E">
    <!-- PID 0x0012 (18), first TS packet: 7,160, last: 7,198 -->
    <event event_id="0x0EDD" start_time="2020-04-05 19:00:00" duration="00:30:00" running_status="undefined" CA_mode="false">
      <short_event_descriptor language_code="jpn">
        <event_name>NHKニュース7🈔🈑</event_name>
        <text>夜7時、「一歩先へ、一歩深く」　今、このニュースを届けたい　【キャスター】青井実，【サブキャスター】池田伸子，伊藤海彦，【気象キャスター】中村美公</text>
      </short_event_descriptor>
      <component_descriptor stream_content="0x01" stream_content_ext="0x0F" component_type="0xB3" component_tag="0x00" language_code="jpn" text=""/>
      <content_descriptor>
        <content content_nibble_level_1="0" content_nibble_level_2="0" user_byte="0xFF"/>
        <content content_nibble_level_1="0" content_nibble_level_2="1" user_byte="0xFF"/>
        <content content_nibble_level_1="1" content_nibble_level_2="0" user_byte="0xFF"/>
      </content_descriptor>
      <digital_copy_control_descriptor digital_recording_control_data="2" user_defined="4"/>
      <audio_component_descriptor stream_content="0x02" component_type="0x02" component_tag="0x10" stream_type="0x0F" main_component="true" quality_indicator="2" sampling_rate="7" ISO_639_language_code="jpn" ISO_639_language_code_2="eng" text="日本語英語"/>
      <data_content_descriptor data_component_id="0x0008" entry_component="0x30" ISO_639_language_code="jpn" text="">
        <selector_bytes>
          01 13 6A 70 6E
        </selector_bytes>
      </data_content_descriptor>
      <event_group_descriptor group_type="1">
        <actual service_id="0x4800" event_id="0x0EDD"/>
      </event_group_descriptor>
    </event>
    <event event_id="0x0EDE" start_time="2020-04-05 19:30:00" duration="00:30:00" running_status="undefined" CA_mode="false">
      <short_event_descriptor language_code="jpn">
        <event_name>ダーウィンが来た！「波乱のライオン学園に潜入！百獣の王を養成！！」🈖🈑</event_name>
        <text>成長まっただ中のライオンの子どもたちが、群れの中で先生役の大人から狩りの技や子育て術を学ぶ。不真面目な生徒は退学処分に！？学園ドラマ顔負けの波乱の日々に密着！</text>
      </short_event_descriptor>
      <component_descriptor stream_content="0x01" stream_content_ext="0x0F" component_type="0xB3" component_tag="0x00" language_code="jpn" text=""/>
      <content_descriptor>
        <content content_nibble_level_1="8" content_nibble_level_2="2" user_byte="0xFF"/>
        <content content_nibble_level_1="10" content_nibble_level_2="0" user_byte="0xFF"/>
      </content_descriptor>
      <digital_copy_control_descriptor digital_recording_control_data="2" user_defined="4"/>
      <audio_component_descriptor stream_content="0x02" component_type="0x03" component_tag="0x10" stream_type="0x0F" main_component="true" quality_indicator="2" sampling_rate="7" ISO_639_language_code="jpn" text="日本語"/>
      <audio_component_descriptor stream_content="0x02" component_type="0x03" component_tag="0x11" stream_type="0x0F" main_component="false" quality_indicator="2" sampling_rate="7" ISO_639_language_code="jpn" text="日本語（解説）"/>
      <data_content_descriptor data_component_id="0x0008" entry_component="0x30" ISO_639_language_code="jpn" text="">
        <selector_bytes>
          01 13 6A 70 6E
        </selector_bytes>
      </data_content_descriptor>
      <event_group_descriptor group_type="1">
        <actual service_id="0x4800" event_id="0x0EDE"/>
      </event_group_descriptor>
    </event>
  </EIT>
  <PMT version="0" current="true" service_id="0xFFF0">
    <!-- PID 0x1CF0 (7408), first TS packet: 8,489, last: 8,489 -->
    <component elementary_PID="0x1C60" stream_type="0x0D">
      <stream_identifier_descriptor component_tag="0x60"/>
      <data_component_descriptor data_component_id="0x0009"/>
    </component>
    <component elementary_PID="0x1C61" stream_type="0x0D">
      <stream_identifier_descriptor component_tag="0x61"/>
      <data_component_descriptor data_component_id="0x0009"/>
    </component>
    <component elementary_PID="0x1C62" stream_type="0x0D">
      <stream_identifier_descriptor component_tag="0x62"/>
      <data_component_descriptor data_component_id="0x0009"/>
    </component>
    <component elementary_PID="0x1C63" stream_type="0x0D">
      <stream_identifier_descriptor component_tag="0x63"/>
      <data_component_descriptor data_component_id="0x0009"/>
    </component>
    <component elementary_PID="0x1C71" stream_type="0x0D">
      <stream_identifier_descriptor component_tag="0x71"/>
      <data_component_descriptor data_component_id="0x0009"/>
    </component>
    <component elementary_PID="0x1C72" stream_type="0x0D">
      <stream_identifier_descriptor component_tag="0x72"/>
      <data_component_descriptor data_component_id="0x0009"/>
    </component>
    <component elementary_PID="0x1C73" stream_type="0x0D">
      <stream_identifier_descriptor component_tag="0x73"/>
      <data_component_descriptor data_component_id="0x0009"/>
    </component>
    <component elementary_PID="0x1C74" stream_type="0x0D">
      <stream_identifier_descriptor component_tag="0x74"/>
      <data_component_descriptor data_component_id="0x0009"/>
    </component>
    <component elementary_PID="0x1C75" stream_type="0x0D">
      <stream_identifier_descriptor component_tag="0x75"/>
      <data_component_descriptor data_component_id="0x0009"/>
    </component>
    <component elementary_PID="0x1C76" stream_type="0x0D">
      <stream_identifier_descriptor component_tag="0x76"/>
      <data_component_descriptor data_component_id="0x0009"/>
    </component>
    <component elementary_PID="0x1C77" stream_type="0x0D">
      <stream_identifier_descriptor component_tag="0x77"/>
      <data_component_descriptor data_component_id="0x0009"/>
    </component>
    <component elementary_PID="0x1C78" stream_type="0x0D">
      <stream_identifier_descriptor component_tag="0x78"/>
      <data_component_descriptor data_component_id="0x0009"/>
    </component>
  </PMT>
  <SDT version="3" current="true" transport_stream_id="0x7ED0" original_network_id="0x7ED0" actual="true">
    <!-- PID 0x0011 (17), first TS packet: 18,978, last: 18,978 -->
    <service service_id="0x4800" EIT_schedule="true" EIT_present_following="true" CA_mode="false" running_status="undefined">
      <service_descriptor service_type="0x01" service_provider_name="" service_name="NHK総合1・秋田"/>
      <digital_copy_control_descriptor digital_recording_control_data="2" user_defined="4"/>
      <logo_transmission_descriptor logo_transmission_type="0x01" logo_id="0x0000" logo_version="0x0001" download_data_id="0x4800"/>
    </service>
    <service service_id="0x4801" EIT_schedule="true" EIT_present_following="true" CA_mode="false" running_status="undefined">
      <service_descriptor service_type="0x01" service_provider_name="" service_name="NHK総合2・秋田"/>
      <digital_copy_control_descriptor digital_recording_control_data="2" user_defined="4"/>
      <logo_transmission_descriptor logo_transmission_type="0x02" logo_id="0x0000"/>
    </service>
    <service service_id="0x4980" EIT_schedule="false" EIT_present_following="true" CA_mode="false" running_status="undefined">
      <service_descriptor service_type="0xC0" service_provider_name="" service_name="NHK携帯G・秋田"/>
      <digital_copy_control_descriptor digital_recording_control_data="2" user_defined="8"/>
      <logo_transmission_descriptor logo_transmission_type="0x03" logo_char="NHK－G"/>
    </service>
  </SDT>
  <CAT version="0" current="true">
    <!-- PID 0x0001 (1), first TS packet: 96,249, last: 96,249 -->
    <ISDB_access_control_descriptor CA_system_id="0x000E" transmission_type="7" PID="0x0900">
      <private_data>
        01
      </private_data>
    </ISDB_access_control_descriptor>
  </CAT>
</tsduck>
