<?xml version="1.0" encoding="UTF-8"?>
<tsduck>
  <DSMCC_stream_descriptors_table version="0" current="true" table_id_extension="0x0001">
    <metadata PID="4,002"/>
    <stream_event_descriptor event_id="0x0001" event_NPT="0x0000000000000000">
      <private_text>{'id': 1, 'version' : 0, 'count' : 1}</private_text>
    </stream_event_descriptor>
  </DSMCC_stream_descriptors_table>
  <DSMCC_stream_descriptors_table version="0" current="true" table_id_extension="0x0001">
    <metadata PID="4,002"/>
    <stream_event_descriptor event_id="0x0001" event_NPT="0x0000000000000000">
      <private_text>{'id': 1, 'version' : 0, 'count' : 2}</private_text>
    </stream_event_descriptor>
  </DSMCC_stream_descriptors_table>
  <DSMCC_stream_descriptors_table version="1" current="true" table_id_extension="0x0001">
    <metadata PID="4,002"/>
    <stream_event_descriptor event_id="0x0001" event_NPT="0x0000000000000000">
      <private_text>{'id': 1, 'version' : 1, 'count' : 1}</private_text>
    </stream_event_descriptor>
  </DSMCC_stream_descriptors_table>
  <DSMCC_stream_descriptors_table version="1" current="true" table_id_extension="0x0002">
    <metadata PID="4,002"/>
    <stream_event_descriptor event_id="0x0002" event_NPT="0x0000000000000000">
      <private_text>{'id': 2 , 'version' : 1, 'count' : 1}</private_text>
    </stream_event_descriptor>
  </DSMCC_stream_descriptors_table>
  <DSMCC_stream_descriptors_table version="2" current="true" table_id_extension="0x0002">
    <metadata PID="4,002"/>
    <stream_event_descriptor event_id="0x0002" event_NPT="0x0000000000000000">
      <private_text>{'id': 2 , 'version' : 2, 'count' : 1}</private_text>
    </stream_event_descriptor>
  </DSMCC_stream_descriptors_table>
  <DSMCC_stream_descriptors_table version="3" current="true" table_id_extension="0x0001">
    <metadata PID="4,002"/>
    <stream_event_descriptor event_id="0x0001" event_NPT="0x0000000000000000">
      <private_text>{'id': 1, 'version' : 3, 'count' : 1}</private_text>
    </stream_event_descriptor>
  </DSMCC_stream_descriptors_table>
  <DSMCC_stream_descriptors_table version="4" current="true" table_id_extension="0x0002">
    <metadata PID="4,002"/>
    <stream_event_descriptor event_id="0x0002" event_NPT="0x0000000000000000">
      <private_text>{'id': 2 , 'version' : 4, 'count' : 1}</private_text>
    </stream_event_descriptor>
  </DSMCC_stream_descriptors_table>
  <DSMCC_stream_descriptors_table version="5" current="true" table_id_extension="0x0001">
    <metadata PID="4,002"/>
    <stream_event_descriptor event_id="0x0001" event_NPT="0x0000000000000000">
      <private_text>{'id': 1, 'version' : 5, 'count' : 1}</private_text>
    </stream_event_descriptor>
  </DSMCC_stream_descriptors_table>
  <DSMCC_stream_descriptors_table version="6" current="true" table_id_extension="0x0002">
    <metadata PID="4,002"/>
    <stream_event_descriptor event_id="0x0002" event_NPT="0x0000000000000000">
      <private_text>{'id': 2 , 'version' : 6, 'count' : 1}</private_text>
    </stream_event_descriptor>
  </DSMCC_stream_descriptors_table>
</tsduck>
