<?xml version="1.0" encoding="UTF-8"?>
<tsduck>
  <PAT version="2" current="true" transport_stream_id="0x1FE1">
    <!-- PID 0x0000 (0), first TS packet: 1,182, last: 1,182 -->
    <service service_id="0x0003" program_map_PID="0x0030"/>
    <service service_id="0x0004" program_map_PID="0x0040"/>
    <service service_id="0x0005" program_map_PID="0x0050"/>
    <service service_id="0x0006" program_map_PID="0x0060"/>
  </PAT>
  <PMT version="7" current="true" service_id="0x0004" PCR_PID="0x0041">
    <!-- PID 0x0040 (64), first TS packet: 1,973, last: 1,973 -->
    <generic_descriptor tag="0xA3">
      01 65 6E 67 01 00 00 03 65 6E 63
    </generic_descriptor>
    <component elementary_PID="0x0041" stream_type="0x02">
      <video_stream_descriptor multiple_frame_rate="false" frame_rate_code="4" MPEG_1_only="false" constrained_parameter="true" still_picture="false" profile_and_level_indication="0x48" chroma_format="1" frame_rate_extension="false"/>
      <data_stream_alignment_descriptor alignment_type="0x02"/>
    </component>
    <component elementary_PID="0x0044" stream_type="0x81">
      <registration_descriptor format_identifier="0x41432D33"/>
      <generic_descriptor tag="0xA3">
        01 65 6E 67 01 00 00 07 61 75 64 69 6F 2D 31
      </generic_descriptor>
      <generic_descriptor tag="0x81">
        08 28 05 FF 0F 01 BF 65 6E 67
      </generic_descriptor>
      <ISO_639_language_descriptor>
        <language code="eng" audio_type="0x00"/>
      </ISO_639_language_descriptor>
    </component>
  </PMT>
  <PMT version="2" current="true" service_id="0x0003" PCR_PID="0x0031">
    <!-- PID 0x0030 (48), first TS packet: 4,088, last: 4,088 -->
    <generic_descriptor tag="0xA3">
      01 65 6E 67 01 00 00 03 65 6E 63
    </generic_descriptor>
    <component elementary_PID="0x0031" stream_type="0x02">
      <video_stream_descriptor multiple_frame_rate="false" frame_rate_code="7" MPEG_1_only="false" constrained_parameter="true" still_picture="false" profile_and_level_indication="0x44" chroma_format="1" frame_rate_extension="false"/>
      <data_stream_alignment_descriptor alignment_type="0x02"/>
    </component>
    <component elementary_PID="0x0034" stream_type="0x81">
      <registration_descriptor format_identifier="0x41432D33"/>
      <generic_descriptor tag="0xA3">
        01 65 6E 67 01 00 00 07 61 75 64 69 6F 2D 31
      </generic_descriptor>
      <generic_descriptor tag="0x81">
        08 38 05 FF 0F 01 BF 65 6E 67
      </generic_descriptor>
      <ISO_639_language_descriptor>
        <language code="eng" audio_type="0x00"/>
      </ISO_639_language_descriptor>
    </component>
  </PMT>
  <PMT version="1" current="true" service_id="0x0006" PCR_PID="0x0061">
    <!-- PID 0x0060 (96), first TS packet: 4,089, last: 4,089 -->
    <registration_descriptor format_identifier="0x47413934"/>
    <smoothing_buffer_descriptor sb_leak_rate="0x0000BD5B" sb_size="0x00000800"/>
    <generic_descriptor tag="0xA3">
      01 65 6E 67 01 00 00 03 65 6E 63
    </generic_descriptor>
    <generic_descriptor tag="0xAA">
      FF
    </generic_descriptor>
    <component elementary_PID="0x0061" stream_type="0x02">
      <video_stream_descriptor multiple_frame_rate="false" frame_rate_code="4" MPEG_1_only="false" constrained_parameter="true" still_picture="false" profile_and_level_indication="0x48" chroma_format="1" frame_rate_extension="false"/>
      <data_stream_alignment_descriptor alignment_type="0x02"/>
      <generic_descriptor tag="0x86">
        E3 65 6E 67 7E 3F FF 65 6E 67 7F 3F FF 65 6E 67
        C1 3F FF
      </generic_descriptor>
    </component>
    <component elementary_PID="0x0064" stream_type="0x81">
      <registration_descriptor format_identifier="0x41432D33"/>
      <generic_descriptor tag="0xA3">
        01 65 6E 67 01 00 00 07 61 75 64 69 6F 2D 31
      </generic_descriptor>
      <generic_descriptor tag="0x81">
        08 28 05 FF 0F 01 BF 65 6E 67
      </generic_descriptor>
      <ISO_639_language_descriptor>
        <language code="eng" audio_type="0x00"/>
      </ISO_639_language_descriptor>
    </component>
  </PMT>
  <PMT version="6" current="true" service_id="0x0005" PCR_PID="0x0051">
    <!-- PID 0x0050 (80), first TS packet: 4,395, last: 4,395 -->
    <generic_descriptor tag="0xA3">
      01 65 6E 67 01 00 00 03 65 6E 63
    </generic_descriptor>
    <component elementary_PID="0x0051" stream_type="0x02">
      <video_stream_descriptor multiple_frame_rate="false" frame_rate_code="4" MPEG_1_only="false" constrained_parameter="true" still_picture="false" profile_and_level_indication="0x48" chroma_format="1" frame_rate_extension="false"/>
      <data_stream_alignment_descriptor alignment_type="0x02"/>
    </component>
    <component elementary_PID="0x0054" stream_type="0x81">
      <registration_descriptor format_identifier="0x41432D33"/>
      <generic_descriptor tag="0xA3">
        01 65 6E 67 01 00 00 07 61 75 64 69 6F 2D 31
      </generic_descriptor>
      <generic_descriptor tag="0x81">
        08 28 05 FF 0F 01 BF 65 6E 67
      </generic_descriptor>
      <ISO_639_language_descriptor>
        <language code="eng" audio_type="0x00"/>
      </ISO_639_language_descriptor>
    </component>
  </PMT>
</tsduck>
