<?xml version="1.0" encoding="UTF-8"?>
<tsduck>
  <_any in="_tables"/>
  <_metadata>
    <metadata PID="uint13, optional" time="YYYY-MM-DD hh:mm:ss, optional" first_ts_packet="uint64, optional" last_ts_packet="uint64, optional"/>
  </_metadata>
  <_tables>
    <CAT version="uint5, default=0" current="bool, default=true">
      <_any in="_metadata"/>
      <_any in="_descriptors"/>
    </CAT>
    <EIT type="pf|uint4, default=pf" version="uint5, default=0" current="bool, default=true" actual="bool, default=true" service_id="uint16, required" transport_stream_id="uint16, required" original_network_id="uint16, required" segment_last_section_number="uint8, ignored (legacy)" last_table_id="uint8, default=same as table id">
      <_any in="_metadata"/>
      <event event_id="uint16, required" start_time="YYYY-MM-DD hh:mm:ss, required" duration="hh:mm:ss, required" running_status="undefined|not-running|starting|pausing|running|off-air, default=undefined" CA_mode="bool, default=false" preferred_section="uint8, ignored (legacy)">
        <_any in="_descriptors"/>
      </event>
    </EIT>
    <PAT version="uint5, default=0" current="bool, default=true" transport_stream_id="uint16, required" network_PID="uint13, optional">
      <_any in="_metadata"/>
      <service service_id="uint16, required" program_map_PID="uint13, required"/>
    </PAT>
    <RST>
      <_any in="_metadata"/>
      <event transport_stream_id="uint16, required" original_network_id="uint16, required" service_id="uint16, required" event_id="uint16, required" running_status="undefined|not-running|starting|pausing|running|off-air, required"/>
    </RST>
    <generic_long_table table_id="uint8, required" table_id_ext="uint16, default=0xFFFF" version="uint5, default=0" current="bool, default=true" private="bool, default=true">
      <_any in="_metadata"/>
      <section>

        Hexadecimal content.

        Generic table with binary payload of long sections,
        to be used when a specific table is not yet implemented.
        The body of the section elements shall contain an even number of
        hexadecimal digits, the payload of the long section. The CRC32
        field is not part of this payload, it will be recomputed.

        The private indicator shall be false on MPEG-defined sections
        and preferably true on DVB-defined and user-defined sections.

      </section>
    </generic_long_table>
    <generic_short_table table_id="uint8, required" private="bool, default=true">

      Hexadecimal content.

      Generic table with binary payload of one short section,
      to be used when a specific table is not yet implemented.
      The body of this element shall contain an even number of
      hexadecimal digits, the payload of the short section.

      The private indicator shall be false on MPEG-defined sections
      and preferably true on DVB-defined and user-defined sections.

      <_any in="_metadata"/>
    </generic_short_table>
  </_tables>
  <_descriptors>
    <AAC_descriptor profile_and_level="uint8, required" SAOC_DE="bool, default=false" AAC_type="uint8, optional">
      <additional_info>
        Hexadecimal content
      </additional_info>
    </AAC_descriptor>
    <CA_identifier_descriptor>
      <CA_system_id value="uint16, required"/>
    </CA_identifier_descriptor>
    <CA_service_descriptor CA_system_id="uint16, required" ca_broadcaster_group_id="uint8, required" message_control="uint8, required">
      <service id="uint16, required"/>
    </CA_service_descriptor>
    <DVB_AC4_descriptor ac4_dialog_enhancement_enabled="bool, optional" ac4_channel_mode="uint2, optional">
      <ac4_dsi_toc>
        Hexadecimal content
      </ac4_dsi_toc>
      <additional_info>
        Hexadecimal content
      </additional_info>
    </DVB_AC4_descriptor>
    <generic_descriptor tag="uint8, required">

      Hexadecimal content.

      Generic descriptor with binary payload, to be used when a specific
      descriptor is not yet implemented. The body of this element shall
      contain an even number of hexadecimal digits.

    </generic_descriptor>
    <virtual_segmentation_descriptor ticks_per_second="uint21, optional">
      <partition partition_id="uint3, required" SAP_type_max="uint3, required" boundary_PID="uint13, optional" maximum_duration="uint29, optional"/>
    </virtual_segmentation_descriptor>
  </_descriptors>
</tsduck>
