<?xml version="1.0" encoding="UTF-8"?>
<tsduck>
  <PMT version="0" current="true" service_id="0x0000">
    <HEVC_operation_point_descriptor>
      <operation_point target_ols="156" constant_frame_rate_info_idc="0" applicable_temporal_id="6"/>
    </HEVC_operation_point_descriptor>
    <HEVC_operation_point_descriptor>
      <profile_tier_level_info>
        DE AD BE EF DE AD BE EF DE AD BE EF
      </profile_tier_level_info>
      <operation_point target_ols="156" constant_frame_rate_info_idc="1" applicable_temporal_id="6" frame_rate_indicator="2,048"/>
    </HEVC_operation_point_descriptor>
    <HEVC_operation_point_descriptor>
      <operation_point target_ols="16" constant_frame_rate_info_idc="0" applicable_temporal_id="5">
        <ES prepend_dependencies="false" ES_reference="62"/>
        <ES prepend_dependencies="true" ES_reference="0"/>
        <ESinOP necessary_layer="true" output_layer="false" ptl_ref_idx="56"/>
      </operation_point>
    </HEVC_operation_point_descriptor>
    <HEVC_operation_point_descriptor>
      <operation_point target_ols="1" constant_frame_rate_info_idc="2" applicable_temporal_id="2" frame_rate_indicator="4,095" avg_bit_rate="12,233,445" max_bit_rate="4,332,211"/>
    </HEVC_operation_point_descriptor>
  </PMT>
</tsduck>
