<?xml version="1.0" encoding="UTF-8"?>
<tsduck>
  <MGT version="12" protocol_version="0">
    <!-- PID 0x00C8 (200) -->
    <table type="TVCT-current" PID="0x1FFB" version_number="11" number_bytes="218"/>
    <table type="ETT" PID="0x1E80" version_number="10" number_bytes="68"/>
    <table type="EIT-0" PID="0x1D00" version_number="10" number_bytes="1,423"/>
    <table type="EIT-1" PID="0x1D01" version_number="10" number_bytes="1,708"/>
    <table type="EIT-2" PID="0x1D02" version_number="10" number_bytes="1,487"/>
    <table type="EIT-3" PID="0x1D03" version_number="10" number_bytes="1,087"/>
    <table type="ETT-0" PID="0x1E00" version_number="10" number_bytes="1,848"/>
    <table type="ETT-1" PID="0x1E01" version_number="10" number_bytes="1,845"/>
    <table type="ETT-2" PID="0x1E02" version_number="10" number_bytes="2,524"/>
    <table type="ETT-3" PID="0x1E03" version_number="10" number_bytes="1,898"/>
    <table type="RRT-1" PID="0x1FFB" version_number="0" number_bytes="979"/>
  </MGT>
  <STT protocol_version="0" system_time="1,236,854,921" GPS_UTC_offset="12" DS_status="false" DS_day_of_month="3" DS_hour="15">
    <!-- PID 0x00C8 (200) -->
  </STT>
  <TVCT version="11" current="true" transport_stream_id="0x1FE1" protocol_version="0">
    <!-- PID 0x00C8 (200) -->
    <channel short_name="KULX   " major_channel_number="62" minor_channel_number="1" modulation_mode="8-VSB" carrier_frequency="0" channel_TSID="0x1FE1" program_number="0x0003" ETM_location="1" access_controlled="false" hidden="false" hide_guide="false" service_type="dtv" source_id="0x0001">
      <service_location_descriptor PCR_PID="0x0031">
        <component stream_type="0x02" elementary_PID="0x0031"/>
        <component stream_type="0x81" elementary_PID="0x0034" ISO_639_language_code="eng"/>
        <component stream_type="0x81" elementary_PID="0x0035" ISO_639_language_code="eng"/>
      </service_location_descriptor>
    </channel>
    <channel short_name="TelXito" major_channel_number="62" minor_channel_number="2" modulation_mode="8-VSB" carrier_frequency="0" channel_TSID="0x1FE1" program_number="0x0004" ETM_location="1" access_controlled="false" hidden="false" hide_guide="false" service_type="dtv" source_id="0x0002">
      <service_location_descriptor PCR_PID="0x0041">
        <component stream_type="0x02" elementary_PID="0x0041"/>
        <component stream_type="0x81" elementary_PID="0x0044" ISO_639_language_code="eng"/>
      </service_location_descriptor>
    </channel>
    <channel short_name="LightTV" major_channel_number="62" minor_channel_number="3" modulation_mode="8-VSB" carrier_frequency="0" channel_TSID="0x1FE1" program_number="0x0005" ETM_location="0" access_controlled="false" hidden="false" hide_guide="false" service_type="dtv" source_id="0x0003">
      <service_location_descriptor PCR_PID="0x0051">
        <component stream_type="0x02" elementary_PID="0x0051"/>
        <component stream_type="0x81" elementary_PID="0x0054" ISO_639_language_code="eng"/>
      </service_location_descriptor>
    </channel>
    <channel short_name="Quest  " major_channel_number="62" minor_channel_number="4" modulation_mode="8-VSB" carrier_frequency="0" channel_TSID="0x1FE1" program_number="0x0006" ETM_location="0" access_controlled="false" hidden="false" hide_guide="false" service_type="dtv" source_id="0x0004">
      <service_location_descriptor PCR_PID="0x0061">
        <component stream_type="0x02" elementary_PID="0x0061"/>
        <component stream_type="0x81" elementary_PID="0x0064" ISO_639_language_code="eng"/>
      </service_location_descriptor>
    </channel>
  </TVCT>
  <MGT version="0" protocol_version="0">
    <!-- PID 0x00C8 (200) -->
    <component_name_descriptor/>
    <component_name_descriptor>
      <component_name_string>
        <string language="eng" text="Component name"/>
        <string language="foo" text="Bar name"/>
      </component_name_string>
    </component_name_descriptor>
    <extended_channel_name_descriptor/>
    <extended_channel_name_descriptor>
      <long_channel_name_text>
        <string language="eng" text="Long channel name"/>
      </long_channel_name_text>
    </extended_channel_name_descriptor>
    <service_location_descriptor/>
    <service_location_descriptor PCR_PID="0x1234">
      <component stream_type="0x02" elementary_PID="0x0567" ISO_639_language_code="eng"/>
      <component stream_type="0x03" elementary_PID="0x09AB"/>
      <component stream_type="0x04" elementary_PID="0x1DEF" ISO_639_language_code="foo"/>
    </service_location_descriptor>
    <ATSC_AC3_audio_stream_descriptor sample_rate_code="0x02" bsid="0x01" bit_rate_code="0x03" surround_mode="0x01" bsmod="0x02" num_channels="0x05" full_svc="true" asvcflags="0xEF"/>
    <ATSC_AC3_audio_stream_descriptor sample_rate_code="0x01" bsid="0x06" bit_rate_code="0x10" surround_mode="0x00" bsmod="0x01" num_channels="0x08" full_svc="false" mainid="0x06" priority="0x00" text="Text string" language="eng" language_2="foo">
      <additional_info>
        01 23 45 67 89
      </additional_info>
    </ATSC_AC3_audio_stream_descriptor>
    <ATSC_EAC3_audio_descriptor mixinfoexists="false" full_service="true" audio_service_type="0x00" number_of_channels="0x06"/>
    <ATSC_EAC3_audio_descriptor mixinfoexists="true" full_service="false" audio_service_type="0x05" number_of_channels="0x03" bsid="0x0F" priority="0x02" mainid="0x04" asvc="0xEF" substream1="0x12" substream2="0x34" substream3="0x56" language="eng" language_2="foo" substream1_lang="s01" substream2_lang="s02" substream3_lang="s03">
      <additional_info>
        98 76 54 32 10
      </additional_info>
    </ATSC_EAC3_audio_descriptor>
    <genre_descriptor/>
    <genre_descriptor>
      <attribute value="0x20"/>
      <attribute value="0x7F"/>
      <attribute value="0xA3"/>
    </genre_descriptor>
    <ATSC_stuffing_descriptor/>
    <ATSC_stuffing_descriptor>
      01 23 45 67 89
    </ATSC_stuffing_descriptor>
    <redistribution_control_descriptor/>
    <redistribution_control_descriptor/>
    <redistribution_control_descriptor>
      <rc_information>
        98 76 54 32 10
      </rc_information>
    </redistribution_control_descriptor>
    <ATSC_time_shifted_service_descriptor/>
    <ATSC_time_shifted_service_descriptor>
      <service time_shift="5" major_channel_number="1" minor_channel_number="2"/>
      <service time_shift="30" major_channel_number="100" minor_channel_number="200"/>
    </ATSC_time_shifted_service_descriptor>
    <caption_service_descriptor/>
    <caption_service_descriptor>
      <service language="foo" digital_cc="false" line21_field="true" easy_reader="true" wide_aspect_ratio="false"/>
      <service language="bar" digital_cc="true" caption_service_number="0x23" easy_reader="false" wide_aspect_ratio="true"/>
    </caption_service_descriptor>
    <content_advisory_descriptor/>
    <content_advisory_descriptor>
      <region rating_region="0x01"/>
      <region rating_region="0x02">
        <dimension rating_dimension_j="0x0A" rating_value="0x01"/>
        <dimension rating_dimension_j="0x14" rating_value="0x02"/>
        <dimension rating_dimension_j="0x1E" rating_value="0x03"/>
      </region>
      <region rating_region="0x03">
        <rating_description>
          <string language="eng" text="English text"/>
          <string language="foo" text="Foo text"/>
        </rating_description>
      </region>
      <region rating_region="0x04">
        <dimension rating_dimension_j="0x0C" rating_value="0x0A"/>
        <dimension rating_dimension_j="0x16" rating_value="0x0B"/>
        <dimension rating_dimension_j="0x20" rating_value="0x0C"/>
        <rating_description>
          <string language="Bar" text="Bar text"/>
        </rating_description>
      </region>
    </content_advisory_descriptor>
    <dcc_arriving_request_descriptor dcc_arriving_request_type="0xF1"/>
    <dcc_arriving_request_descriptor dcc_arriving_request_type="0x12">
      <dcc_arriving_request_text>
        <string language="eng" text="English text"/>
        <string language="foo" text="Foo text"/>
      </dcc_arriving_request_text>
    </dcc_arriving_request_descriptor>
    <dcc_departing_request_descriptor dcc_departing_request_type="0x78"/>
    <dcc_departing_request_descriptor dcc_departing_request_type="0xB3">
      <dcc_departing_request_text>
        <string language="foo" text="Bar text"/>
      </dcc_departing_request_text>
    </dcc_departing_request_descriptor>
  </MGT>
  <ETT version="0" protocol_version="0" ETT_table_id_extension="0x1234" ETM_id="0x56789ABC">
    <!-- PID 0x00C8 (200) -->
  </ETT>
  <ETT version="2" protocol_version="1" ETT_table_id_extension="0xCDEF" ETM_id="0x01234567">
    <!-- PID 0x00C8 (200) -->
    <extended_text_message>
      <string language="eng" text="Extended English Text"/>
      <string language="foo" text="Foo Bar Extension"/>
    </extended_text_message>
  </ETT>
  <ATSC_EIT version="0" source_id="0x1234" protocol_version="0">
    <!-- PID 0x00C8 (200) -->
  </ATSC_EIT>
  <ATSC_EIT version="3" source_id="0x5678" protocol_version="2">
    <!-- PID 0x00C8 (200) -->
    <event event_id="0x3BCD" start_time="2019-09-28 00:41:12" ETM_location="0x01" length_in_seconds="3,600"/>
    <event event_id="0x1698" start_time="2042-09-28 12:42:54" ETM_location="0x02" length_in_seconds="1,800">
      <title_text>
        <string language="eng" text="English title"/>
        <string language="foo" text="Foo title"/>
      </title_text>
      <ATSC_time_shifted_service_descriptor/>
      <caption_service_descriptor/>
      <content_advisory_descriptor/>
    </event>
  </ATSC_EIT>
  <RRT version="0" protocol_version="0" rating_region="0x07">
    <!-- PID 0x00C8 (200) -->
  </RRT>
  <RRT version="21" protocol_version="12" rating_region="0xAC">
    <!-- PID 0x00C8 (200) -->
    <rating_region_name>
      <string language="eng" text="english region"/>
      <string language="foo" text="bar region"/>
    </rating_region_name>
    <dimension graduated_scale="false">
      <dimension_name>
        <string language="eng" text="english dimension"/>
        <string language="bar" text="bar dimension"/>
      </dimension_name>
      <value>
        <abbrev_rating_value>
          <string language="eng" text="1"/>
        </abbrev_rating_value>
        <rating_value>
          <string language="eng" text="value 1"/>
        </rating_value>
      </value>
      <value>
        <abbrev_rating_value>
          <string language="eng" text="2"/>
        </abbrev_rating_value>
        <rating_value>
          <string language="eng" text="value 2"/>
        </rating_value>
      </value>
    </dimension>
    <dimension graduated_scale="true">
      <dimension_name>
        <string language="bar" text="Qwerty"/>
      </dimension_name>
      <value>
        <rating_value>
          <string language="foo" text="foo 2"/>
        </rating_value>
      </value>
    </dimension>
    <ATSC_time_shifted_service_descriptor/>
    <ATSC_time_shifted_service_descriptor>
      <service time_shift="5" major_channel_number="1" minor_channel_number="2"/>
      <service time_shift="30" major_channel_number="100" minor_channel_number="200"/>
    </ATSC_time_shifted_service_descriptor>
    <caption_service_descriptor/>
  </RRT>
  <DCCSCT version="0" protocol_version="0" dccsct_type="0x0000">
    <!-- PID 0x00C8 (200) -->
  </DCCSCT>
  <DCCSCT version="23" protocol_version="2" dccsct_type="0x1234">
    <!-- PID 0x00C8 (200) -->
    <ATSC_time_shifted_service_descriptor/>
    <caption_service_descriptor/>
    <content_advisory_descriptor/>
    <update update_type="new_genre_category" genre_category_code="0x12">
      <content_advisory_descriptor/>
      <genre_category_name_text>
        <string language="eng" text="Genre category"/>
      </genre_category_name_text>
    </update>
    <update update_type="new_state" dcc_state_location_code="0x34">
      <caption_service_descriptor/>
      <dcc_state_location_code_text>
        <string language="foo" text="New state"/>
      </dcc_state_location_code_text>
    </update>
    <update update_type="new_county" state_code="0x56" dcc_county_location_code="0x0234">
      <ATSC_time_shifted_service_descriptor/>
      <dcc_county_location_code_text>
        <string language="foo" text="County location"/>
      </dcc_county_location_code_text>
    </update>
  </DCCSCT>
</tsduck>
