<?xml version="1.0" encoding="UTF-8"?>
<tsduck>
  <PAT version="18" current="true" transport_stream_id="0x0001">
    <metadata PID="0" first_ts_packet="0" last_ts_packet="0"/>
    <service service_id="0x0424" program_map_PID="0x0424"/>
  </PAT>
  <PMT version="31" current="true" service_id="0x0424" PCR_PID="0x0425">
    <metadata PID="1,060" first_ts_packet="1" last_ts_packet="1"/>
    <component elementary_PID="0x0425" stream_type="0x1B"/>
    <component elementary_PID="0x0426" stream_type="0x03"/>
    <component elementary_PID="0x0428" stream_type="0x06">
      <teletext_descriptor>
        <teletext language_code="rus" teletext_type="0x05" page_number="100"/>
      </teletext_descriptor>
    </component>
  </PMT>
  <SDT version="13" current="true" transport_stream_id="0x0001" original_network_id="0x2283" actual="true">
    <metadata PID="17" first_ts_packet="16" last_ts_packet="16"/>
    <service service_id="0x0424" EIT_schedule="true" EIT_present_following="true" CA_mode="false" running_status="running">
      <service_descriptor service_type="0x16" service_provider_name="РТРС" service_name="06 РОССИЯ-К"/>
    </service>
  </SDT>
</tsduck>
