<?xml version="1.0" encoding="UTF-8"?>
<tsduck>
  <PAT transport_stream_id="1">
    <service service_id="101" program_map_PID="1111"/>
    <service service_id="102" program_map_pid="2121"/>
    <service service_id="103" program_map_PID="1333"/>
    <service service_id="123" program_map_PID="7777"/>
  </PAT>
  <PAT transport_stream_id="2">
    <service service_id="201" program_map_PID="2111"/>
    <service service_id="203" program_map_PID="2333"/>
    <service service_id="204" program_map_PID="2444"/>
    <service service_id="205" program_map_PID="2555"/>
    <service service_id="123" program_map_PID="7777"/>
    <service service_id="456" program_map_PID="8888"/>
  </PAT>
</tsduck>
